# Time-averaged data for fix state_variables
# TimeStep c_thermo_temp v_vol v_rho v_etotal v_a v_b v_c
23001000 293.94 100432 0.87381 2143.85 46.4827 46.4827 46.4827
23002000 292.662 100433 0.873804 2112.57 46.4828 46.4828 46.4828
23003000 293.105 100434 0.873798 2109.29 46.4829 46.4829 46.4829
23004000 292.54 100434 0.873791 2091.51 46.483 46.483 46.483
23005000 293.591 100435 0.873785 2126.87 46.4831 46.4831 46.4831
23006000 292.374 100436 0.873778 2101.02 46.4832 46.4832 46.4832
23007000 292.523 100437 0.873772 2109.34 46.4833 46.4833 46.4833
23008000 292.521 100437 0.873766 2125.67 46.4834 46.4834 46.4834
23009000 292.873 100438 0.873759 2113.74 46.4836 46.4836 46.4836
23010000 291.714 100439 0.873753 2088.41 46.4837 46.4837 46.4837
23011000 293.065 100439 0.873747 2108.7 46.4838 46.4838 46.4838
23012000 292.587 100440 0.87374 2090.99 46.4839 46.4839 46.4839
23013000 294.509 100441 0.873734 2137.52 46.484 46.484 46.484
23014000 293.82 100442 0.873727 2140.83 46.4841 46.4841 46.4841
23015000 293.198 100442 0.873721 2143.82 46.4842 46.4842 46.4842
23016000 292.75 100443 0.873715 2109.35 46.4844 46.4844 46.4844
23017000 290.419 100444 0.873708 2070.93 46.4845 46.4845 46.4845
23018000 292.595 100445 0.873702 2127.16 46.4846 46.4846 46.4846
23019000 294.332 100445 0.873696 2162.15 46.4847 46.4847 46.4847
23020000 293.581 100446 0.873689 2130.66 46.4848 46.4848 46.4848
23021000 293.624 100447 0.873683 2123.34 46.4849 46.4849 46.4849
23022000 293.529 100448 0.873676 2118.14 46.485 46.485 46.485
23023000 293.412 100448 0.87367 2129.63 46.4851 46.4851 46.4851
23024000 292.983 100449 0.873664 2122.94 46.4853 46.4853 46.4853
23025000 291.162 100450 0.873657 2092.08 46.4854 46.4854 46.4854
23026000 293.297 100450 0.873651 2127.43 46.4855 46.4855 46.4855
23027000 293.42 100451 0.873644 2142.57 46.4856 46.4856 46.4856
23028000 295.012 100452 0.873638 2187.82 46.4857 46.4857 46.4857
23029000 290.603 100453 0.873632 2087.34 46.4858 46.4858 46.4858
23030000 290.335 100453 0.873625 2080.09 46.4859 46.4859 46.4859
23031000 293.204 100454 0.873619 2164.93 46.486 46.486 46.486
23032000 293.602 100455 0.873613 2145.18 46.4862 46.4862 46.4862
23033000 293.236 100456 0.873606 2131.68 46.4863 46.4863 46.4863
23034000 294.698 100456 0.8736 2186.37 46.4864 46.4864 46.4864
23035000 292.662 100457 0.873593 2127.31 46.4865 46.4865 46.4865
23036000 294.842 100458 0.873587 2179.4 46.4866 46.4866 46.4866
23037000 291.02 100459 0.873581 2090.77 46.4867 46.4867 46.4867
23038000 293 100459 0.873574 2136.28 46.4868 46.4868 46.4868
23039000 294.952 100460 0.873568 2187.75 46.487 46.487 46.487
23040000 292.586 100461 0.873562 2120.8 46.4871 46.4871 46.4871
23041000 291.928 100461 0.873555 2118.25 46.4872 46.4872 46.4872
23042000 291.82 100462 0.873549 2117.42 46.4873 46.4873 46.4873
23043000 291.943 100463 0.873542 2118.87 46.4874 46.4874 46.4874
23044000 292.735 100464 0.873536 2140.33 46.4875 46.4875 46.4875
23045000 294.797 100464 0.87353 2177.47 46.4876 46.4876 46.4876
23046000 292.557 100465 0.873523 2147.24 46.4877 46.4877 46.4877
23047000 293.587 100466 0.873517 2145.03 46.4879 46.4879 46.4879
23048000 291.815 100467 0.873511 2103.73 46.488 46.488 46.488
23049000 293.099 100467 0.873504 2149.49 46.4881 46.4881 46.4881
23050000 294.983 100468 0.873498 2162.4 46.4882 46.4882 46.4882
23051000 293.127 100469 0.873491 2137.43 46.4883 46.4883 46.4883
23052000 293.535 100470 0.873485 2167.84 46.4884 46.4884 46.4884
23053000 293.552 100470 0.873479 2154.32 46.4885 46.4885 46.4885
23054000 293.018 100471 0.873472 2159.52 46.4886 46.4886 46.4886
23055000 293.159 100472 0.873466 2138.12 46.4888 46.4888 46.4888
23056000 291.58 100472 0.873459 2087.74 46.4889 46.4889 46.4889
23057000 294.213 100473 0.873453 2131.26 46.489 46.489 46.489
23058000 291.976 100474 0.873447 2061.19 46.4891 46.4891 46.4891
23059000 291.445 100475 0.87344 2052.23 46.4892 46.4892 46.4892
23060000 294.562 100475 0.873434 2135.29 46.4893 46.4893 46.4893
23061000 292.142 100476 0.873428 2104.94 46.4894 46.4894 46.4894
23062000 292.822 100477 0.873421 2090.02 46.4896 46.4896 46.4896
23063000 292.196 100478 0.873415 2085.52 46.4897 46.4897 46.4897
23064000 293.842 100478 0.873408 2140.56 46.4898 46.4898 46.4898
23065000 292.249 100479 0.873402 2103.15 46.4899 46.4899 46.4899
23066000 293.034 100480 0.873396 2111.71 46.49 46.49 46.49
23067000 293.001 100481 0.873389 2130.69 46.4901 46.4901 46.4901
23068000 292.737 100481 0.873383 2123.62 46.4902 46.4902 46.4902
23069000 292.146 100482 0.873377 2112.29 46.4903 46.4903 46.4903
23070000 293.359 100483 0.87337 2129.91 46.4905 46.4905 46.4905
23071000 295.018 100483 0.873364 2155.94 46.4906 46.4906 46.4906
23072000 292.809 100484 0.873357 2111.41 46.4907 46.4907 46.4907
23073000 292.938 100485 0.873351 2109.67 46.4908 46.4908 46.4908
23074000 292.818 100486 0.873345 2105.41 46.4909 46.4909 46.4909
23075000 293.869 100486 0.873338 2120.41 46.491 46.491 46.491
23076000 295.048 100487 0.873332 2161.03 46.4911 46.4911 46.4911
23077000 293.507 100488 0.873326 2147.44 46.4913 46.4913 46.4913
23078000 292.26 100489 0.873319 2117.32 46.4914 46.4914 46.4914
23079000 293.617 100489 0.873313 2146.12 46.4915 46.4915 46.4915
23080000 293.652 100490 0.873306 2163.27 46.4916 46.4916 46.4916
23081000 292.958 100491 0.8733 2138.1 46.4917 46.4917 46.4917
23082000 293.139 100492 0.873294 2147.79 46.4918 46.4918 46.4918
23083000 291.697 100492 0.873287 2121.2 46.4919 46.4919 46.4919
23084000 292.089 100493 0.873281 2127.06 46.492 46.492 46.492
23085000 293.582 100494 0.873275 2167.44 46.4922 46.4922 46.4922
23086000 293.836 100494 0.873268 2157.69 46.4923 46.4923 46.4923
23087000 290.542 100495 0.873262 2091.26 46.4924 46.4924 46.4924
23088000 291.621 100496 0.873255 2109.83 46.4925 46.4925 46.4925
23089000 291.332 100497 0.873249 2098.38 46.4926 46.4926 46.4926
23090000 292.52 100497 0.873243 2106.86 46.4927 46.4927 46.4927
23091000 293.499 100498 0.873236 2153.95 46.4928 46.4928 46.4928
23092000 290.473 100499 0.87323 2100.05 46.4929 46.4929 46.4929
23093000 293.198 100500 0.873224 2138.57 46.4931 46.4931 46.4931
23094000 292.166 100500 0.873217 2086.96 46.4932 46.4932 46.4932
23095000 293.91 100501 0.873211 2130.35 46.4933 46.4933 46.4933
23096000 293.382 100502 0.873204 2144.84 46.4934 46.4934 46.4934
23097000 295.539 100503 0.873198 2165.45 46.4935 46.4935 46.4935
23098000 292.139 100503 0.873192 2105.89 46.4936 46.4936 46.4936
23099000 292.237 100504 0.873185 2117.17 46.4937 46.4937 46.4937
23100000 293.488 100505 0.873179 2145.25 46.4939 46.4939 46.4939
23101000 291.513 100506 0.873173 2087.51 46.494 46.494 46.494
23102000 293.646 100506 0.873166 2135.2 46.4941 46.4941 46.4941
23103000 294.089 100507 0.87316 2157.31 46.4942 46.4942 46.4942
23104000 293.466 100508 0.873153 2130.6 46.4943 46.4943 46.4943
23105000 293.139 100508 0.873147 2148.1 46.4944 46.4944 46.4944
23106000 292.165 100509 0.873141 2105.37 46.4945 46.4945 46.4945
23107000 292.749 100510 0.873134 2106.2 46.4946 46.4946 46.4946
23108000 291.915 100511 0.873128 2093.51 46.4948 46.4948 46.4948
23109000 291.533 100511 0.873122 2094.9 46.4949 46.4949 46.4949
23110000 292.753 100512 0.873115 2138.96 46.495 46.495 46.495
23111000 292.112 100513 0.873109 2108.79 46.4951 46.4951 46.4951
23112000 291.545 100514 0.873102 2115.8 46.4952 46.4952 46.4952
23113000 292.26 100514 0.873096 2122.24 46.4953 46.4953 46.4953
23114000 293.648 100515 0.87309 2180.04 46.4954 46.4954 46.4954
23115000 292.273 100516 0.873083 2128.04 46.4956 46.4956 46.4956
23116000 293.736 100517 0.873077 2156.52 46.4957 46.4957 46.4957
23117000 294.035 100517 0.873071 2171.49 46.4958 46.4958 46.4958
23118000 294.371 100518 0.873064 2180.2 46.4959 46.4959 46.4959
23119000 292.284 100519 0.873058 2106.21 46.496 46.496 46.496
23120000 293.756 100519 0.873051 2142.79 46.4961 46.4961 46.4961
23121000 293.823 100520 0.873045 2152.26 46.4962 46.4962 46.4962
23122000 291.698 100521 0.873039 2119.53 46.4963 46.4963 46.4963
23123000 293.102 100522 0.873032 2144.24 46.4965 46.4965 46.4965
23124000 293.635 100522 0.873026 2150.72 46.4966 46.4966 46.4966
23125000 292.74 100523 0.87302 2134.11 46.4967 46.4967 46.4967
23126000 295.041 100524 0.873013 2190.65 46.4968 46.4968 46.4968
23127000 291.875 100525 0.873007 2110.81 46.4969 46.4969 46.4969
23128000 293.289 100525 0.873 2134.72 46.497 46.497 46.497
23129000 293.342 100526 0.872994 2161.77 46.4971 46.4971 46.4971
23130000 294.531 100527 0.872988 2191.57 46.4972 46.4972 46.4972
23131000 293.559 100528 0.872981 2151.18 46.4974 46.4974 46.4974
23132000 293.224 100528 0.872975 2157.05 46.4975 46.4975 46.4975
23133000 292.058 100529 0.872969 2128.6 46.4976 46.4976 46.4976
23134000 290.736 100530 0.872962 2090.25 46.4977 46.4977 46.4977
23135000 293.499 100530 0.872956 2141.67 46.4978 46.4978 46.4978
23136000 290.566 100531 0.872949 2096.1 46.4979 46.4979 46.4979
23137000 291.56 100532 0.872943 2111.39 46.498 46.498 46.498
23138000 290.95 100533 0.872937 2091.25 46.4982 46.4982 46.4982
23139000 289.729 100533 0.87293 2066.25 46.4983 46.4983 46.4983
23140000 291.128 100534 0.872924 2073.84 46.4984 46.4984 46.4984
23141000 292.964 100535 0.872918 2150.96 46.4985 46.4985 46.4985
23142000 295.033 100536 0.872911 2154.96 46.4986 46.4986 46.4986
23143000 291.538 100536 0.872905 2099.09 46.4987 46.4987 46.4987
23144000 292.739 100537 0.872898 2107.3 46.4988 46.4988 46.4988
23145000 293.992 100538 0.872892 2144.2 46.4989 46.4989 46.4989
23146000 292.205 100539 0.872886 2092 46.4991 46.4991 46.4991
23147000 291.518 100539 0.872879 2108.73 46.4992 46.4992 46.4992
23148000 294.95 100540 0.872873 2160.01 46.4993 46.4993 46.4993
23149000 292.599 100541 0.872867 2104.35 46.4994 46.4994 46.4994
23150000 291.536 100541 0.87286 2083.92 46.4995 46.4995 46.4995
23151000 294.887 100542 0.872854 2158.73 46.4996 46.4996 46.4996
23152000 293.312 100543 0.872847 2127.2 46.4997 46.4997 46.4997
23153000 291.238 100544 0.872841 2073.88 46.4999 46.4999 46.4999
23154000 293.786 100544 0.872835 2122.74 46.5 46.5 46.5
23155000 293.633 100545 0.872828 2112.43 46.5001 46.5001 46.5001
23156000 293.231 100546 0.872822 2141.77 46.5002 46.5002 46.5002
23157000 292.167 100547 0.872816 2109.45 46.5003 46.5003 46.5003
23158000 294.407 100547 0.872809 2152.3 46.5004 46.5004 46.5004
23159000 293.046 100548 0.872803 2133.57 46.5005 46.5005 46.5005
23160000 291.848 100549 0.872796 2107.63 46.5006 46.5006 46.5006
23161000 292.264 100550 0.87279 2109.74 46.5008 46.5008 46.5008
23162000 293.246 100550 0.872784 2130.75 46.5009 46.5009 46.5009
23163000 293.651 100551 0.872777 2135.37 46.501 46.501 46.501
23164000 291.851 100552 0.872771 2101.31 46.5011 46.5011 46.5011
23165000 292.165 100552 0.872765 2112.67 46.5012 46.5012 46.5012
23166000 293.241 100553 0.872758 2140.57 46.5013 46.5013 46.5013
23167000 292.46 100554 0.872752 2115.08 46.5014 46.5014 46.5014
23168000 291.888 100555 0.872746 2115.37 46.5015 46.5015 46.5015
23169000 293.601 100555 0.872739 2149.37 46.5017 46.5017 46.5017
23170000 292.975 100556 0.872733 2140.24 46.5018 46.5018 46.5018
23171000 293.229 100557 0.872726 2135.17 46.5019 46.5019 46.5019
23172000 293.075 100558 0.87272 2136.96 46.502 46.502 46.502
23173000 295.099 100558 0.872714 2163.28 46.5021 46.5021 46.5021
23174000 292.924 100559 0.872707 2095.6 46.5022 46.5022 46.5022
23175000 291.066 100560 0.872701 2044.87 46.5023 46.5023 46.5023
23176000 291.251 100561 0.872695 2056.91 46.5025 46.5025 46.5025
23177000 292.459 100561 0.872688 2090.7 46.5026 46.5026 46.5026
23178000 293.391 100562 0.872682 2114.79 46.5027 46.5027 46.5027
23179000 294.213 100563 0.872675 2143.73 46.5028 46.5028 46.5028
23180000 293.728 100563 0.872669 2158.14 46.5029 46.5029 46.5029
23181000 291.866 100564 0.872663 2131.42 46.503 46.503 46.503
23182000 293.688 100565 0.872656 2139.44 46.5031 46.5031 46.5031
23183000 292.675 100566 0.87265 2114.06 46.5032 46.5032 46.5032
23184000 293.333 100566 0.872644 2133.59 46.5034 46.5034 46.5034
23185000 293.326 100567 0.872637 2132.8 46.5035 46.5035 46.5035
23186000 291.158 100568 0.872631 2091.78 46.5036 46.5036 46.5036
23187000 291.118 100569 0.872624 2061.66 46.5037 46.5037 46.5037
23188000 292.759 100569 0.872618 2119.78 46.5038 46.5038 46.5038
23189000 291.997 100570 0.872612 2094.11 46.5039 46.5039 46.5039
23190000 291.431 100571 0.872605 2100.39 46.504 46.504 46.504
23191000 292.597 100572 0.872599 2119.93 46.5042 46.5042 46.5042
23192000 292.906 100572 0.872593 2136.63 46.5043 46.5043 46.5043
23193000 293.355 100573 0.872586 2109.19 46.5044 46.5044 46.5044
23194000 295.072 100574 0.87258 2142.65 46.5045 46.5045 46.5045
23195000 292.838 100574 0.872574 2134.92 46.5046 46.5046 46.5046
23196000 292.726 100575 0.872567 2129 46.5047 46.5047 46.5047
23197000 292.549 100576 0.872561 2114.22 46.5048 46.5048 46.5048
23198000 291.59 100577 0.872554 2065.17 46.5049 46.5049 46.5049
23199000 291.879 100577 0.872548 2103.16 46.5051 46.5051 46.5051
23200000 295.063 100578 0.872542 2176.33 46.5052 46.5052 46.5052
23201000 294.898 100579 0.872535 2166.23 46.5053 46.5053 46.5053
23202000 295.612 100580 0.872529 2190.61 46.5054 46.5054 46.5054
23203000 292.989 100580 0.872523 2132.69 46.5055 46.5055 46.5055
23204000 292.913 100581 0.872516 2137.36 46.5056 46.5056 46.5056
23205000 291.553 100582 0.87251 2106.45 46.5057 46.5057 46.5057
23206000 293.814 100583 0.872503 2155.58 46.5058 46.5058 46.5058
23207000 295.528 100583 0.872497 2187.39 46.506 46.506 46.506
23208000 292.483 100584 0.872491 2120.24 46.5061 46.5061 46.5061
23209000 292.793 100585 0.872484 2126.84 46.5062 46.5062 46.5062
23210000 294.209 100586 0.872478 2168.78 46.5063 46.5063 46.5063
23211000 292.586 100586 0.872472 2139.88 46.5064 46.5064 46.5064
23212000 294.288 100587 0.872465 2161.54 46.5065 46.5065 46.5065
23213000 294.468 100588 0.872459 2164.34 46.5066 46.5066 46.5066
23214000 293.529 100588 0.872453 2149.6 46.5068 46.5068 46.5068
23215000 293.362 100589 0.872446 2140.05 46.5069 46.5069 46.5069
23216000 293.069 100590 0.87244 2121.38 46.507 46.507 46.507
23217000 291.969 100591 0.872433 2109.24 46.5071 46.5071 46.5071
23218000 291.131 100591 0.872427 2097.68 46.5072 46.5072 46.5072
23219000 293.451 100592 0.872421 2154.1 46.5073 46.5073 46.5073
23220000 292.625 100593 0.872414 2124.12 46.5074 46.5074 46.5074
23221000 292.946 100594 0.872408 2127.47 46.5075 46.5075 46.5075
23222000 291.51 100594 0.872402 2114.64 46.5077 46.5077 46.5077
23223000 293.523 100595 0.872395 2130.13 46.5078 46.5078 46.5078
23224000 292.731 100596 0.872389 2128.32 46.5079 46.5079 46.5079
23225000 291.809 100597 0.872382 2116.95 46.508 46.508 46.508
23226000 293.203 100597 0.872376 2156.15 46.5081 46.5081 46.5081
23227000 291.978 100598 0.87237 2142.12 46.5082 46.5082 46.5082
23228000 292.263 100599 0.872363 2151.62 46.5083 46.5083 46.5083
23229000 293.337 100599 0.872357 2161.79 46.5085 46.5085 46.5085
23230000 293.675 100600 0.872351 2165.61 46.5086 46.5086 46.5086
23231000 292.69 100601 0.872344 2121.91 46.5087 46.5087 46.5087
23232000 292.418 100602 0.872338 2125.97 46.5088 46.5088 46.5088
23233000 291.833 100602 0.872332 2097.32 46.5089 46.5089 46.5089
23234000 292.877 100603 0.872325 2126.77 46.509 46.509 46.509
23235000 293.089 100604 0.872319 2135.43 46.5091 46.5091 46.5091
23236000 293.714 100605 0.872312 2142.03 46.5092 46.5092 46.5092
23237000 293.295 100605 0.872306 2138.9 46.5094 46.5094 46.5094
23238000 292.429 100606 0.8723 2117.13 46.5095 46.5095 46.5095
23239000 293.12 100607 0.872293 2152.42 46.5096 46.5096 46.5096
23240000 295.517 100608 0.872287 2176.39 46.5097 46.5097 46.5097
23241000 293.204 100608 0.872281 2131.39 46.5098 46.5098 46.5098
23242000 294.07 100609 0.872274 2149.97 46.5099 46.5099 46.5099
23243000 293.251 100610 0.872268 2118.09 46.51 46.51 46.51
23244000 291.149 100610 0.872261 2102.79 46.5101 46.5101 46.5101
23245000 293.696 100611 0.872255 2154.64 46.5103 46.5103 46.5103
23246000 292.845 100612 0.872249 2125.6 46.5104 46.5104 46.5104
23247000 291.525 100613 0.872242 2104.18 46.5105 46.5105 46.5105
23248000 293.009 100613 0.872236 2150.71 46.5106 46.5106 46.5106
23249000 292.348 100614 0.87223 2117.41 46.5107 46.5107 46.5107
23250000 292.969 100615 0.872223 2131.23 46.5108 46.5108 46.5108
23251000 293.562 100616 0.872217 2156.05 46.5109 46.5109 46.5109
23252000 293.886 100616 0.872211 2170.31 46.5111 46.5111 46.5111
23253000 293.544 100617 0.872204 2161.72 46.5112 46.5112 46.5112
23254000 294.845 100618 0.872198 2172.73 46.5113 46.5113 46.5113
23255000 292.48 100619 0.872191 2139.34 46.5114 46.5114 46.5114
23256000 294.723 100619 0.872185 2159.7 46.5115 46.5115 46.5115
23257000 290.518 100620 0.872179 2082.89 46.5116 46.5116 46.5116
23258000 293.169 100621 0.872172 2149.03 46.5117 46.5117 46.5117
23259000 292.115 100621 0.872166 2116.88 46.5118 46.5118 46.5118
23260000 294.077 100622 0.87216 2182.57 46.512 46.512 46.512
23261000 292.934 100623 0.872153 2134.7 46.5121 46.5121 46.5121
23262000 292.036 100624 0.872147 2111.88 46.5122 46.5122 46.5122
23263000 294.982 100624 0.872141 2182.42 46.5123 46.5123 46.5123
23264000 293.129 100625 0.872134 2131.93 46.5124 46.5124 46.5124
23265000 291.299 100626 0.872128 2104.53 46.5125 46.5125 46.5125
23266000 292.372 100627 0.872121 2122.83 46.5126 46.5126 46.5126
23267000 294.007 100627 0.872115 2150.37 46.5128 46.5128 46.5128
23268000 293.554 100628 0.872109 2124.76 46.5129 46.5129 46.5129
23269000 293.51 100629 0.872102 2131.56 46.513 46.513 46.513
23270000 293.2 100630 0.872096 2109.77 46.5131 46.5131 46.5131
23271000 293.198 100630 0.87209 2123.87 46.5132 46.5132 46.5132
23272000 292.598 100631 0.872083 2114.28 46.5133 46.5133 46.5133
23273000 291.67 100632 0.872077 2096.15 46.5134 46.5134 46.5134
23274000 293.043 100633 0.872071 2111.08 46.5135 46.5135 46.5135
23275000 293.462 100633 0.872064 2123.55 46.5137 46.5137 46.5137
23276000 292.87 100634 0.872058 2115.98 46.5138 46.5138 46.5138
23277000 291.389 100635 0.872051 2082.26 46.5139 46.5139 46.5139
23278000 292.596 100635 0.872045 2119.23 46.514 46.514 46.514
23279000 292.788 100636 0.872039 2141.65 46.5141 46.5141 46.5141
23280000 291.601 100637 0.872032 2089.11 46.5142 46.5142 46.5142
23281000 294.59 100638 0.872026 2151.64 46.5143 46.5143 46.5143
23282000 289.78 100638 0.87202 2050.7 46.5144 46.5144 46.5144
23283000 294.613 100639 0.872013 2157.34 46.5146 46.5146 46.5146
23284000 292.845 100640 0.872007 2127.79 46.5147 46.5147 46.5147
23285000 293.907 100641 0.872001 2150.07 46.5148 46.5148 46.5148
23286000 293.752 100641 0.871994 2145.89 46.5149 46.5149 46.5149
23287000 291.866 100642 0.871988 2113.6 46.515 46.515 46.515
23288000 291.825 100643 0.871981 2130.31 46.5151 46.5151 46.5151
23289000 293.305 100644 0.871975 2136.09 46.5152 46.5152 46.5152
23290000 293.765 100644 0.871969 2153.07 46.5154 46.5154 46.5154
23291000 291.669 100645 0.871962 2083.37 46.5155 46.5155 46.5155
23292000 292.174 100646 0.871956 2118.84 46.5156 46.5156 46.5156
23293000 292.931 100646 0.87195 2134.41 46.5157 46.5157 46.5157
23294000 296.42 100647 0.871943 2213.25 46.5158 46.5158 46.5158
23295000 293.574 100648 0.871937 2116.02 46.5159 46.5159 46.5159
23296000 295.913 100649 0.871931 2186.43 46.516 46.516 46.516
23297000 292.303 100649 0.871924 2138.36 46.5161 46.5161 46.5161
23298000 291.854 100650 0.871918 2120.06 46.5163 46.5163 46.5163
23299000 292.255 100651 0.871911 2136.29 46.5164 46.5164 46.5164
23300000 293.994 100652 0.871905 2167.32 46.5165 46.5165 46.5165
23301000 294.102 100652 0.871899 2166.23 46.5166 46.5166 46.5166
23302000 292.801 100653 0.871892 2146.21 46.5167 46.5167 46.5167
23303000 294.674 100654 0.871886 2171.05 46.5168 46.5168 46.5168
23304000 291.952 100655 0.87188 2131.47 46.5169 46.5169 46.5169
23305000 291.069 100655 0.871873 2104.25 46.5171 46.5171 46.5171
23306000 291.789 100656 0.871867 2102.13 46.5172 46.5172 46.5172
23307000 295.389 100657 0.871861 2195.46 46.5173 46.5173 46.5173
23308000 293.627 100657 0.871854 2158.14 46.5174 46.5174 46.5174
23309000 292.501 100658 0.871848 2140.7 46.5175 46.5175 46.5175
23310000 295.037 100659 0.871841 2189.34 46.5176 46.5176 46.5176
23311000 291.996 100660 0.871835 2123.09 46.5177 46.5177 46.5177
23312000 294.576 100660 0.871829 2180.84 46.5178 46.5178 46.5178
23313000 292.965 100661 0.871822 2134.3 46.518 46.518 46.518
23314000 292.485 100662 0.871816 2142.16 46.5181 46.5181 46.5181
23315000 294.423 100663 0.87181 2192.96 46.5182 46.5182 46.5182
23316000 292.973 100663 0.871803 2156.54 46.5183 46.5183 46.5183
23317000 290.714 100664 0.871797 2092.78 46.5184 46.5184 46.5184
23318000 293.856 100665 0.871791 2162.83 46.5185 46.5185 46.5185
23319000 293.517 100666 0.871784 2150.32 46.5186 46.5186 46.5186
23320000 291.727 100666 0.871778 2097.24 46.5187 46.5187 46.5187
23321000 292.403 100667 0.871771 2106.26 46.5189 46.5189 46.5189
23322000 293.871 100668 0.871765 2163.91 46.519 46.519 46.519
23323000 295.209 100668 0.871759 2185.5 46.5191 46.5191 46.5191
23324000 292.126 100669 0.871752 2098.29 46.5192 46.5192 46.5192
23325000 293.16 100670 0.871746 2117.9 46.5193 46.5193 46.5193
23326000 291.082 100671 0.87174 2078.66 46.5194 46.5194 46.5194
23327000 290.345 100671 0.871733 2086.09 46.5195 46.5195 46.5195
23328000 293.53 100672 0.871727 2158 46.5197 46.5197 46.5197
23329000 294.188 100673 0.871721 2146.49 46.5198 46.5198 46.5198
23330000 293.587 100674 0.871714 2166.51 46.5199 46.5199 46.5199
23331000 291.248 100674 0.871708 2082.17 46.52 46.52 46.52
23332000 293.091 100675 0.871701 2133.57 46.5201 46.5201 46.5201
23333000 292.251 100676 0.871695 2100.58 46.5202 46.5202 46.5202
23334000 293.604 100677 0.871689 2116.96 46.5203 46.5203 46.5203
23335000 291.704 100677 0.871682 2103.6 46.5204 46.5204 46.5204
23336000 294.877 100678 0.871676 2163.15 46.5206 46.5206 46.5206
23337000 292.349 100679 0.87167 2094.66 46.5207 46.5207 46.5207
23338000 294.436 100680 0.871663 2143.58 46.5208 46.5208 46.5208
23339000 293.838 100680 0.871657 2135.79 46.5209 46.5209 46.5209
23340000 294.174 100681 0.871651 2141.98 46.521 46.521 46.521
23341000 293.892 100682 0.871644 2127.12 46.5211 46.5211 46.5211
23342000 292.226 100682 0.871638 2104.29 46.5212 46.5212 46.5212
23343000 293.405 100683 0.871632 2137.17 46.5214 46.5214 46.5214
23344000 294.441 100684 0.871625 2138.38 46.5215 46.5215 46.5215
23345000 292.556 100685 0.871619 2069.81 46.5216 46.5216 46.5216
23346000 293.828 100685 0.871612 2107.15 46.5217 46.5217 46.5217
23347000 292.594 100686 0.871606 2089.02 46.5218 46.5218 46.5218
23348000 293.987 100687 0.8716 2134.08 46.5219 46.5219 46.5219
23349000 292.393 100688 0.871593 2097.73 46.522 46.522 46.522
23350000 292.361 100688 0.871587 2098.27 46.5221 46.5221 46.5221
23351000 291.555 100689 0.871581 2039.8 46.5223 46.5223 46.5223
23352000 295.445 100690 0.871574 2136.06 46.5224 46.5224 46.5224
23353000 293.744 100691 0.871568 2124.23 46.5225 46.5225 46.5225
23354000 293.501 100691 0.871562 2102.49 46.5226 46.5226 46.5226
23355000 292.413 100692 0.871555 2091.45 46.5227 46.5227 46.5227
23356000 292.96 100693 0.871549 2103.52 46.5228 46.5228 46.5228
23357000 292.479 100693 0.871542 2096.91 46.5229 46.5229 46.5229
23358000 291.334 100694 0.871536 2094.33 46.523 46.523 46.523
23359000 294.084 100695 0.87153 2145.78 46.5232 46.5232 46.5232
23360000 294.648 100696 0.871523 2140.75 46.5233 46.5233 46.5233
23361000 292.714 100696 0.871517 2102.96 46.5234 46.5234 46.5234
23362000 293.383 100697 0.871511 2139.93 46.5235 46.5235 46.5235
23363000 292.316 100698 0.871504 2102.39 46.5236 46.5236 46.5236
23364000 294.024 100699 0.871498 2100.24 46.5237 46.5237 46.5237
23365000 292.635 100699 0.871492 2087.73 46.5238 46.5238 46.5238
23366000 292.781 100700 0.871485 2080.47 46.524 46.524 46.524
23367000 292.119 100701 0.871479 2077.7 46.5241 46.5241 46.5241
23368000 291.604 100702 0.871473 2049 46.5242 46.5242 46.5242
23369000 294.967 100702 0.871466 2116.22 46.5243 46.5243 46.5243
23370000 290.707 100703 0.87146 2051.04 46.5244 46.5244 46.5244
23371000 291.765 100704 0.871453 2048.76 46.5245 46.5245 46.5245
23372000 291.583 100705 0.871447 2035.96 46.5246 46.5246 46.5246
23373000 290.933 100705 0.871441 2036.48 46.5247 46.5247 46.5247
23374000 291.727 100706 0.871434 2074.79 46.5249 46.5249 46.5249
23375000 293.103 100707 0.871428 2096.04 46.525 46.525 46.525
23376000 293.602 100707 0.871422 2106.17 46.5251 46.5251 46.5251
23377000 293.105 100708 0.871415 2095.46 46.5252 46.5252 46.5252
23378000 291.886 100709 0.871409 2080.17 46.5253 46.5253 46.5253
23379000 292.735 100710 0.871403 2110.22 46.5254 46.5254 46.5254
23380000 290.781 100710 0.871396 2056.24 46.5255 46.5255 46.5255
23381000 294.201 100711 0.87139 2105.15 46.5257 46.5257 46.5257
23382000 292.583 100712 0.871384 2074.81 46.5258 46.5258 46.5258
23383000 293.514 100713 0.871377 2082.4 46.5259 46.5259 46.5259
23384000 294.805 100713 0.871371 2114.25 46.526 46.526 46.526
23385000 293.609 100714 0.871364 2085.77 46.5261 46.5261 46.5261
23386000 294.56 100715 0.871358 2111.87 46.5262 46.5262 46.5262
23387000 294.319 100716 0.871352 2088.81 46.5263 46.5263 46.5263
23388000 293.528 100716 0.871345 2082.46 46.5264 46.5264 46.5264
23389000 293.175 100717 0.871339 2080.52 46.5266 46.5266 46.5266
23390000 292.199 100718 0.871333 2060.28 46.5267 46.5267 46.5267
23391000 294.187 100718 0.871326 2087.05 46.5268 46.5268 46.5268
23392000 293.169 100719 0.87132 2088.34 46.5269 46.5269 46.5269
23393000 291.208 100720 0.871314 2063.88 46.527 46.527 46.527
23394000 293.081 100721 0.871307 2074.97 46.5271 46.5271 46.5271
23395000 293.196 100721 0.871301 2080.26 46.5272 46.5272 46.5272
23396000 290.734 100722 0.871295 2045.48 46.5273 46.5273 46.5273
23397000 293.568 100723 0.871288 2111.2 46.5275 46.5275 46.5275
23398000 294.688 100724 0.871282 2131.76 46.5276 46.5276 46.5276
23399000 291.967 100724 0.871275 2078.63 46.5277 46.5277 46.5277
23400000 291.704 100725 0.871269 2084.57 46.5278 46.5278 46.5278
23401000 293.308 100726 0.871263 2118.68 46.5279 46.5279 46.5279
23402000 294.265 100727 0.871256 2141.16 46.528 46.528 46.528
23403000 292.49 100727 0.87125 2115.82 46.5281 46.5281 46.5281
23404000 294.273 100728 0.871244 2128.28 46.5283 46.5283 46.5283
23405000 292.798 100729 0.871237 2084.76 46.5284 46.5284 46.5284
23406000 295.003 100729 0.871231 2150.3 46.5285 46.5285 46.5285
23407000 293.979 100730 0.871225 2139.6 46.5286 46.5286 46.5286
23408000 293.384 100731 0.871218 2107.48 46.5287 46.5287 46.5287
23409000 291.55 100732 0.871212 2078.01 46.5288 46.5288 46.5288
23410000 293.214 100732 0.871206 2102.82 46.5289 46.5289 46.5289
23411000 291.44 100733 0.871199 2078.89 46.529 46.529 46.529
23412000 296.763 100734 0.871193 2178.35 46.5292 46.5292 46.5292
23413000 292.223 100735 0.871186 2089.7 46.5293 46.5293 46.5293
23414000 292.893 100735 0.87118 2079.76 46.5294 46.5294 46.5294
23415000 294.421 100736 0.871174 2110.78 46.5295 46.5295 46.5295
23416000 293.166 100737 0.871167 2093.06 46.5296 46.5296 46.5296
23417000 293.28 100738 0.871161 2101.64 46.5297 46.5297 46.5297
23418000 291.1 100738 0.871155 2052.11 46.5298 46.5298 46.5298
23419000 292.221 100739 0.871148 2080.65 46.53 46.53 46.53
23420000 291.946 100740 0.871142 2088.7 46.5301 46.5301 46.5301
23421000 293.566 100741 0.871136 2105.95 46.5302 46.5302 46.5302
23422000 292.459 100741 0.871129 2094.21 46.5303 46.5303 46.5303
23423000 293.253 100742 0.871123 2105.45 46.5304 46.5304 46.5304
23424000 295.306 100743 0.871117 2153.43 46.5305 46.5305 46.5305
23425000 293.241 100743 0.87111 2110.75 46.5306 46.5306 46.5306
23426000 295.223 100744 0.871104 2162.95 46.5307 46.5307 46.5307
23427000 294.482 100745 0.871097 2142.54 46.5309 46.5309 46.5309
23428000 293.106 100746 0.871091 2131.42 46.531 46.531 46.531
23429000 292.475 100746 0.871085 2079.62 46.5311 46.5311 46.5311
23430000 293.183 100747 0.871078 2082.66 46.5312 46.5312 46.5312
23431000 294.804 100748 0.871072 2121.83 46.5313 46.5313 46.5313
23432000 294.549 100749 0.871066 2135.86 46.5314 46.5314 46.5314
23433000 294.459 100749 0.871059 2145.74 46.5315 46.5315 46.5315
23434000 292.329 100750 0.871053 2094.02 46.5316 46.5316 46.5316
23435000 291.938 100751 0.871047 2079.16 46.5318 46.5318 46.5318
23436000 293.366 100752 0.87104 2099.58 46.5319 46.5319 46.5319
23437000 292.929 100752 0.871034 2094.09 46.532 46.532 46.532
23438000 295.594 100753 0.871028 2155.23 46.5321 46.5321 46.5321
23439000 293.242 100754 0.871021 2114.92 46.5322 46.5322 46.5322
23440000 294.869 100754 0.871015 2152.94 46.5323 46.5323 46.5323
23441000 293.647 100755 0.871009 2126.54 46.5324 46.5324 46.5324
23442000 294.235 100756 0.871002 2144.49 46.5326 46.5326 46.5326
23443000 291.576 100757 0.870996 2073.25 46.5327 46.5327 46.5327
23444000 291.833 100757 0.870989 2087.97 46.5328 46.5328 46.5328
23445000 290.151 100758 0.870983 2027.42 46.5329 46.5329 46.5329
23446000 293.088 100759 0.870977 2087.21 46.533 46.533 46.533
23447000 293.108 100760 0.87097 2087.66 46.5331 46.5331 46.5331
23448000 293.719 100760 0.870964 2108.14 46.5332 46.5332 46.5332
23449000 292.707 100761 0.870958 2089.42 46.5333 46.5333 46.5333
23450000 291.716 100762 0.870951 2082.97 46.5335 46.5335 46.5335
23451000 292.843 100763 0.870945 2097.41 46.5336 46.5336 46.5336
23452000 292.706 100763 0.870939 2087.32 46.5337 46.5337 46.5337
23453000 293.193 100764 0.870932 2103.83 46.5338 46.5338 46.5338
23454000 292.563 100765 0.870926 2087.61 46.5339 46.5339 46.5339
23455000 292.474 100766 0.87092 2089.94 46.534 46.534 46.534
23456000 291.114 100766 0.870913 2055.82 46.5341 46.5341 46.5341
23457000 291.907 100767 0.870907 2085.78 46.5343 46.5343 46.5343
23458000 292.779 100768 0.8709 2112.55 46.5344 46.5344 46.5344
23459000 292.721 100768 0.870894 2082.4 46.5345 46.5345 46.5345
23460000 293.024 100769 0.870888 2117.39 46.5346 46.5346 46.5346
23461000 292.584 100770 0.870881 2111.92 46.5347 46.5347 46.5347
23462000 292.022 100771 0.870875 2089.81 46.5348 46.5348 46.5348
23463000 293.863 100771 0.870869 2125.67 46.5349 46.5349 46.5349
23464000 295.166 100772 0.870862 2141.69 46.535 46.535 46.535
23465000 290.938 100773 0.870856 2062.36 46.5352 46.5352 46.5352
23466000 293.331 100774 0.87085 2109.95 46.5353 46.5353 46.5353
23467000 293.712 100774 0.870843 2144.73 46.5354 46.5354 46.5354
23468000 294.801 100775 0.870837 2150.07 46.5355 46.5355 46.5355
23469000 292.924 100776 0.870831 2105.76 46.5356 46.5356 46.5356
23470000 294.095 100777 0.870824 2118.46 46.5357 46.5357 46.5357
23471000 292.941 100777 0.870818 2128.14 46.5358 46.5358 46.5358
23472000 294.32 100778 0.870812 2150.35 46.5359 46.5359 46.5359
23473000 292.567 100779 0.870805 2108.18 46.5361 46.5361 46.5361
23474000 292.914 100779 0.870799 2128.41 46.5362 46.5362 46.5362
23475000 295.093 100780 0.870792 2154.92 46.5363 46.5363 46.5363
23476000 292.188 100781 0.870786 2078.16 46.5364 46.5364 46.5364
23477000 293.017 100782 0.87078 2093.43 46.5365 46.5365 46.5365
23478000 294.185 100782 0.870773 2120.6 46.5366 46.5366 46.5366
23479000 294.47 100783 0.870767 2119.54 46.5367 46.5367 46.5367
23480000 293.841 100784 0.870761 2106.79 46.5369 46.5369 46.5369
23481000 292.661 100785 0.870754 2087.56 46.537 46.537 46.537
23482000 290.911 100785 0.870748 2061.51 46.5371 46.5371 46.5371
23483000 293.23 100786 0.870742 2097.2 46.5372 46.5372 46.5372
23484000 293.361 100787 0.870735 2109.62 46.5373 46.5373 46.5373
23485000 291.695 100788 0.870729 2077.27 46.5374 46.5374 46.5374
23486000 291.574 100788 0.870723 2080.86 46.5375 46.5375 46.5375
23487000 291.642 100789 0.870716 2090.32 46.5376 46.5376 46.5376
23488000 293.736 100790 0.87071 2115.17 46.5378 46.5378 46.5378
23489000 292.957 100790 0.870704 2115.69 46.5379 46.5379 46.5379
23490000 291.659 100791 0.870697 2088.89 46.538 46.538 46.538
23491000 293.852 100792 0.870691 2128.8 46.5381 46.5381 46.5381
23492000 293.266 100793 0.870685 2116.31 46.5382 46.5382 46.5382
23493000 290.64 100793 0.870678 2059.29 46.5383 46.5383 46.5383
23494000 292.288 100794 0.870672 2104.86 46.5384 46.5384 46.5384
23495000 295.066 100795 0.870665 2143.22 46.5386 46.5386 46.5386
23496000 294.521 100796 0.870659 2138.15 46.5387 46.5387 46.5387
23497000 293.074 100796 0.870653 2096.55 46.5388 46.5388 46.5388
23498000 292.833 100797 0.870646 2092.55 46.5389 46.5389 46.5389
23499000 290.535 100798 0.87064 2045.44 46.539 46.539 46.539
23500000 293.159 100799 0.870634 2099.26 46.5391 46.5391 46.5391
23501000 292.877 100799 0.870627 2116.61 46.5392 46.5392 46.5392
23502000 293.658 100800 0.870621 2124.19 46.5393 46.5393 46.5393
23503000 291.785 100801 0.870615 2107.29 46.5395 46.5395 46.5395
23504000 293.149 100802 0.870608 2137.73 46.5396 46.5396 46.5396
23505000 293.752 100802 0.870602 2147.71 46.5397 46.5397 46.5397
23506000 292.763 100803 0.870596 2123.52 46.5398 46.5398 46.5398
23507000 294.539 100804 0.870589 2145.04 46.5399 46.5399 46.5399
23508000 293.467 100804 0.870583 2137.97 46.54 46.54 46.54
23509000 292.89 100805 0.870577 2126.96 46.5401 46.5401 46.5401
23510000 293.642 100806 0.87057 2144.5 46.5402 46.5402 46.5402
23511000 293.891 100807 0.870564 2143.21 46.5404 46.5404 46.5404
23512000 292.668 100807 0.870558 2153.15 46.5405 46.5405 46.5405
23513000 292.988 100808 0.870551 2146.95 46.5406 46.5406 46.5406
23514000 294.878 100809 0.870545 2184.44 46.5407 46.5407 46.5407
23515000 291.321 100810 0.870538 2106.25 46.5408 46.5408 46.5408
23516000 292.647 100810 0.870532 2127.16 46.5409 46.5409 46.5409
23517000 293.011 100811 0.870526 2128.37 46.541 46.541 46.541
23518000 293.478 100812 0.870519 2124.53 46.5412 46.5412 46.5412
23519000 293.891 100813 0.870513 2152.21 46.5413 46.5413 46.5413
23520000 292.151 100813 0.870507 2111.01 46.5414 46.5414 46.5414
23521000 293.062 100814 0.8705 2130.64 46.5415 46.5415 46.5415
23522000 292.957 100815 0.870494 2128.09 46.5416 46.5416 46.5416
23523000 292.995 100815 0.870488 2113.77 46.5417 46.5417 46.5417
23524000 293.247 100816 0.870481 2125.97 46.5418 46.5418 46.5418
23525000 292.17 100817 0.870475 2096.1 46.5419 46.5419 46.5419
23526000 292.165 100818 0.870469 2074.98 46.5421 46.5421 46.5421
23527000 291.014 100818 0.870462 2069.33 46.5422 46.5422 46.5422
23528000 294.377 100819 0.870456 2143.48 46.5423 46.5423 46.5423
23529000 293.309 100820 0.87045 2116.65 46.5424 46.5424 46.5424
23530000 293.785 100821 0.870443 2126.39 46.5425 46.5425 46.5425
23531000 294.069 100821 0.870437 2118.36 46.5426 46.5426 46.5426
23532000 292.473 100822 0.870431 2095.21 46.5427 46.5427 46.5427
23533000 293.745 100823 0.870424 2128.14 46.5429 46.5429 46.5429
23534000 291.331 100824 0.870418 2077.98 46.543 46.543 46.543
23535000 294.171 100824 0.870411 2142.6 46.5431 46.5431 46.5431
23536000 293.788 100825 0.870405 2129.67 46.5432 46.5432 46.5432
23537000 292.05 100826 0.870399 2107.34 46.5433 46.5433 46.5433
23538000 293.706 100827 0.870392 2133.81 46.5434 46.5434 46.5434
23539000 292.638 100827 0.870386 2141.72 46.5435 46.5435 46.5435
23540000 293.268 100828 0.87038 2130.99 46.5436 46.5436 46.5436
23541000 292.731 100829 0.870373 2137.95 46.5438 46.5438 46.5438
23542000 294.42 100829 0.870367 2154.26 46.5439 46.5439 46.5439
23543000 293.781 100830 0.870361 2129.53 46.544 46.544 46.544
23544000 295.394 100831 0.870354 2176.22 46.5441 46.5441 46.5441
23545000 293.417 100832 0.870348 2138.41 46.5442 46.5442 46.5442
23546000 293.303 100832 0.870342 2153.23 46.5443 46.5443 46.5443
23547000 292.34 100833 0.870335 2120.85 46.5444 46.5444 46.5444
23548000 293.205 100834 0.870329 2110.14 46.5445 46.5445 46.5445
23549000 293.985 100835 0.870323 2144.45 46.5447 46.5447 46.5447
23550000 292.604 100835 0.870316 2116.03 46.5448 46.5448 46.5448
23551000 292.124 100836 0.87031 2075.99 46.5449 46.5449 46.5449
23552000 292.725 100837 0.870304 2098.32 46.545 46.545 46.545
23553000 293.64 100838 0.870297 2136.73 46.5451 46.5451 46.5451
23554000 292.883 100838 0.870291 2107.94 46.5452 46.5452 46.5452
23555000 292.852 100839 0.870285 2089.6 46.5453 46.5453 46.5453
23556000 293.79 100840 0.870278 2139.62 46.5455 46.5455 46.5455
23557000 291.571 100840 0.870272 2068.29 46.5456 46.5456 46.5456
23558000 293.639 100841 0.870265 2125.18 46.5457 46.5457 46.5457
23559000 291.671 100842 0.870259 2086.62 46.5458 46.5458 46.5458
23560000 293.85 100843 0.870253 2134.14 46.5459 46.5459 46.5459
23561000 292.286 100843 0.870246 2097.33 46.546 46.546 46.546
23562000 291.068 100844 0.87024 2053.17 46.5461 46.5461 46.5461
23563000 294.847 100845 0.870234 2159.56 46.5462 46.5462 46.5462
23564000 293.765 100846 0.870227 2136.53 46.5464 46.5464 46.5464
23565000 293.306 100846 0.870221 2110.27 46.5465 46.5465 46.5465
23566000 291.727 100847 0.870215 2080.75 46.5466 46.5466 46.5466
23567000 293.749 100848 0.870208 2137.87 46.5467 46.5467 46.5467
23568000 294.364 100849 0.870202 2154.32 46.5468 46.5468 46.5468
23569000 290.67 100849 0.870196 2069.39 46.5469 46.5469 46.5469
23570000 293.364 100850 0.870189 2110.96 46.547 46.547 46.547
23571000 292.08 100851 0.870183 2086 46.5472 46.5472 46.5472
23572000 293.742 100852 0.870177 2142.81 46.5473 46.5473 46.5473
23573000 292.088 100852 0.87017 2092.77 46.5474 46.5474 46.5474
23574000 293.148 100853 0.870164 2118.57 46.5475 46.5475 46.5475
23575000 291.503 100854 0.870158 2074.47 46.5476 46.5476 46.5476
23576000 292.131 100854 0.870151 2085.16 46.5477 46.5477 46.5477
23577000 293.582 100855 0.870145 2133.03 46.5478 46.5478 46.5478
23578000 291.715 100856 0.870139 2076.59 46.5479 46.5479 46.5479
23579000 295.116 100857 0.870132 2161.16 46.5481 46.5481 46.5481
23580000 294.074 100857 0.870126 2148.65 46.5482 46.5482 46.5482
23581000 293.947 100858 0.87012 2124.67 46.5483 46.5483 46.5483
23582000 292.884 100859 0.870113 2112.09 46.5484 46.5484 46.5484
23583000 293.125 100860 0.870107 2117.71 46.5485 46.5485 46.5485
23584000 291.793 100860 0.8701 2073.46 46.5486 46.5486 46.5486
23585000 293.795 100861 0.870094 2104.31 46.5487 46.5487 46.5487
23586000 291.84 100862 0.870088 2090.95 46.5488 46.5488 46.5488
23587000 294.285 100863 0.870081 2135.29 46.549 46.549 46.549
23588000 295.018 100863 0.870075 2163.54 46.5491 46.5491 46.5491
23589000 293.262 100864 0.870069 2118.52 46.5492 46.5492 46.5492
23590000 292.974 100865 0.870062 2100.79 46.5493 46.5493 46.5493
23591000 293.033 100866 0.870056 2088.61 46.5494 46.5494 46.5494
23592000 291.988 100866 0.87005 2085.59 46.5495 46.5495 46.5495
23593000 291.75 100867 0.870043 2066.92 46.5496 46.5496 46.5496
23594000 292.3 100868 0.870037 2085.1 46.5498 46.5498 46.5498
23595000 293.467 100868 0.870031 2101.98 46.5499 46.5499 46.5499
23596000 291.48 100869 0.870024 2057.07 46.55 46.55 46.55
23597000 294.083 100870 0.870018 2135.01 46.5501 46.5501 46.5501
23598000 293.41 100871 0.870012 2101.11 46.5502 46.5502 46.5502
23599000 292.916 100871 0.870005 2083.4 46.5503 46.5503 46.5503
23600000 294.183 100872 0.869999 2118.98 46.5504 46.5504 46.5504
23601000 294.618 100873 0.869993 2133.47 46.5505 46.5505 46.5505
23602000 293.766 100874 0.869986 2110.18 46.5507 46.5507 46.5507
23603000 291.368 100874 0.86998 2051.72 46.5508 46.5508 46.5508
23604000 292.075 100875 0.869974 2051.33 46.5509 46.5509 46.5509
23605000 292.9 100876 0.869967 2093.31 46.551 46.551 46.551
23606000 291.016 100877 0.869961 2064.23 46.5511 46.5511 46.5511
23607000 293.471 100877 0.869955 2102.71 46.5512 46.5512 46.5512
23608000 292.682 100878 0.869948 2087.44 46.5513 46.5513 46.5513
23609000 295.839 100879 0.869942 2160.96 46.5515 46.5515 46.5515
23610000 294.012 100879 0.869936 2117.86 46.5516 46.5516 46.5516
23611000 292.331 100880 0.869929 2093.72 46.5517 46.5517 46.5517
23612000 293.19 100881 0.869923 2106.17 46.5518 46.5518 46.5518
23613000 292.361 100882 0.869916 2106.33 46.5519 46.5519 46.5519
23614000 292.13 100882 0.86991 2086.23 46.552 46.552 46.552
23615000 292.224 100883 0.869904 2085.55 46.5521 46.5521 46.5521
23616000 292.578 100884 0.869897 2114.1 46.5522 46.5522 46.5522
23617000 293.747 100885 0.869891 2133.28 46.5524 46.5524 46.5524
23618000 293.289 100885 0.869885 2100.78 46.5525 46.5525 46.5525
23619000 293.349 100886 0.869878 2130.49 46.5526 46.5526 46.5526
23620000 292.181 100887 0.869872 2104.9 46.5527 46.5527 46.5527
23621000 293.113 100888 0.869866 2120.75 46.5528 46.5528 46.5528
23622000 294.198 100888 0.869859 2155.98 46.5529 46.5529 46.5529
23623000 293.599 100889 0.869853 2139.35 46.553 46.553 46.553
23624000 294.376 100890 0.869847 2158.28 46.5531 46.5531 46.5531
23625000 293.749 100891 0.86984 2148.94 46.5533 46.5533 46.5533
23626000 292.907 100891 0.869834 2121.96 46.5534 46.5534 46.5534
23627000 295.338 100892 0.869828 2186.4 46.5535 46.5535 46.5535
23628000 291.518 100893 0.869821 2067.8 46.5536 46.5536 46.5536
23629000 293.576 100893 0.869815 2126.04 46.5537 46.5537 46.5537
23630000 291.598 100894 0.869809 2083.41 46.5538 46.5538 46.5538
23631000 293.061 100895 0.869802 2114.08 46.5539 46.5539 46.5539
23632000 292.242 100896 0.869796 2078.92 46.5541 46.5541 46.5541
23633000 292.731 100896 0.86979 2083.78 46.5542 46.5542 46.5542
23634000 293.776 100897 0.869783 2119.92 46.5543 46.5543 46.5543
23635000 293.218 100898 0.869777 2106.28 46.5544 46.5544 46.5544
23636000 293.385 100899 0.869771 2129.4 46.5545 46.5545 46.5545
23637000 293.1 100899 0.869764 2118.38 46.5546 46.5546 46.5546
23638000 292.375 100900 0.869758 2096.27 46.5547 46.5547 46.5547
23639000 293.389 100901 0.869752 2111.78 46.5548 46.5548 46.5548
23640000 294.859 100902 0.869745 2146.48 46.555 46.555 46.555
23641000 293.084 100902 0.869739 2105.1 46.5551 46.5551 46.5551
23642000 293.277 100903 0.869733 2113.17 46.5552 46.5552 46.5552
23643000 291.717 100904 0.869726 2083.83 46.5553 46.5553 46.5553
23644000 292.683 100904 0.86972 2133.1 46.5554 46.5554 46.5554
23645000 293.39 100905 0.869714 2145.34 46.5555 46.5555 46.5555
23646000 291.468 100906 0.869707 2092.6 46.5556 46.5556 46.5556
23647000 293.81 100907 0.869701 2150.6 46.5558 46.5558 46.5558
23648000 291.904 100907 0.869695 2080.89 46.5559 46.5559 46.5559
23649000 292.6 100908 0.869688 2115.77 46.556 46.556 46.556
23650000 291.616 100909 0.869682 2076.22 46.5561 46.5561 46.5561
23651000 293.714 100910 0.869675 2126.94 46.5562 46.5562 46.5562
23652000 292.926 100910 0.869669 2137.42 46.5563 46.5563 46.5563
23653000 293.554 100911 0.869663 2118.64 46.5564 46.5564 46.5564
23654000 293.06 100912 0.869656 2123.64 46.5565 46.5565 46.5565
23655000 293.624 100913 0.86965 2142.53 46.5567 46.5567 46.5567
23656000 295.389 100913 0.869644 2172.98 46.5568 46.5568 46.5568
23657000 292.887 100914 0.869637 2110.41 46.5569 46.5569 46.5569
23658000 292.42 100915 0.869631 2106 46.557 46.557 46.557
23659000 292.737 100916 0.869625 2126.64 46.5571 46.5571 46.5571
23660000 294.132 100916 0.869618 2140.09 46.5572 46.5572 46.5572
23661000 292.301 100917 0.869612 2102.98 46.5573 46.5573 46.5573
23662000 293.316 100918 0.869606 2111.05 46.5574 46.5574 46.5574
23663000 292.637 100918 0.869599 2112.17 46.5576 46.5576 46.5576
23664000 291.714 100919 0.869593 2100.88 46.5577 46.5577 46.5577
23665000 294.238 100920 0.869587 2132.26 46.5578 46.5578 46.5578
23666000 293.235 100921 0.86958 2131.33 46.5579 46.5579 46.5579
23667000 292.563 100921 0.869574 2134.03 46.558 46.558 46.558
23668000 292.801 100922 0.869568 2110.21 46.5581 46.5581 46.5581
23669000 290.549 100923 0.869561 2067.81 46.5582 46.5582 46.5582
23670000 293.627 100924 0.869555 2131.38 46.5584 46.5584 46.5584
23671000 291.882 100924 0.869549 2095.81 46.5585 46.5585 46.5585
23672000 293.567 100925 0.869542 2146.43 46.5586 46.5586 46.5586
23673000 291.986 100926 0.869536 2126.7 46.5587 46.5587 46.5587
23674000 294.213 100927 0.86953 2159.16 46.5588 46.5588 46.5588
23675000 293.772 100927 0.869523 2143 46.5589 46.5589 46.5589
23676000 291.577 100928 0.869517 2088.54 46.559 46.559 46.559
23677000 293.224 100929 0.869511 2120.33 46.5591 46.5591 46.5591
23678000 294.272 100930 0.869504 2158.49 46.5593 46.5593 46.5593
23679000 295.952 100930 0.869498 2195.48 46.5594 46.5594 46.5594
23680000 294.502 100931 0.869492 2147.77 46.5595 46.5595 46.5595
23681000 293.698 100932 0.869485 2111.53 46.5596 46.5596 46.5596
23682000 292.508 100932 0.869479 2114.37 46.5597 46.5597 46.5597
23683000 291.324 100933 0.869473 2053.76 46.5598 46.5598 46.5598
23684000 293.768 100934 0.869466 2107.14 46.5599 46.5599 46.5599
23685000 294.243 100935 0.86946 2145 46.5601 46.5601 46.5601
23686000 292.89 100935 0.869454 2121.52 46.5602 46.5602 46.5602
23687000 293.58 100936 0.869447 2119.16 46.5603 46.5603 46.5603
23688000 291.959 100937 0.869441 2095.79 46.5604 46.5604 46.5604
23689000 292.576 100938 0.869435 2112.98 46.5605 46.5605 46.5605
23690000 294.001 100938 0.869428 2154.99 46.5606 46.5606 46.5606
23691000 294.092 100939 0.869422 2134.97 46.5607 46.5607 46.5607
23692000 291.017 100940 0.869416 2082.06 46.5608 46.5608 46.5608
23693000 291.949 100941 0.869409 2078.13 46.561 46.561 46.561
23694000 293.233 100941 0.869403 2110.94 46.5611 46.5611 46.5611
23695000 293.509 100942 0.869397 2123.97 46.5612 46.5612 46.5612
23696000 292.918 100943 0.86939 2107.84 46.5613 46.5613 46.5613
23697000 291.009 100943 0.869384 2067.98 46.5614 46.5614 46.5614
23698000 294.008 100944 0.869378 2150.04 46.5615 46.5615 46.5615
23699000 293.971 100945 0.869371 2140.04 46.5616 46.5616 46.5616
23700000 292.32 100946 0.869365 2090.94 46.5617 46.5617 46.5617
23701000 293.126 100946 0.869358 2100.62 46.5619 46.5619 46.5619
23702000 291.88 100947 0.869352 2079.19 46.562 46.562 46.562
23703000 292.064 100948 0.869346 2088.95 46.5621 46.5621 46.5621
23704000 292.419 100949 0.869339 2099.2 46.5622 46.5622 46.5622
23705000 293.028 100949 0.869333 2116.2 46.5623 46.5623 46.5623
23706000 295.151 100950 0.869327 2171.61 46.5624 46.5624 46.5624
23707000 292.261 100951 0.86932 2092.37 46.5625 46.5625 46.5625
23708000 293.996 100952 0.869314 2116.56 46.5627 46.5627 46.5627
23709000 292.295 100952 0.869308 2080.15 46.5628 46.5628 46.5628
23710000 293.189 100953 0.869301 2116.63 46.5629 46.5629 46.5629
23711000 292.912 100954 0.869295 2115.06 46.563 46.563 46.563
23712000 292.572 100955 0.869289 2115.59 46.5631 46.5631 46.5631
23713000 294.667 100955 0.869282 2151.7 46.5632 46.5632 46.5632
23714000 293.99 100956 0.869276 2109.19 46.5633 46.5633 46.5633
23715000 291.974 100957 0.86927 2070.14 46.5634 46.5634 46.5634
23716000 294.943 100957 0.869263 2151.36 46.5636 46.5636 46.5636
23717000 293.94 100958 0.869257 2121.44 46.5637 46.5637 46.5637
23718000 291.161 100959 0.869251 2057.86 46.5638 46.5638 46.5638
23719000 293.369 100960 0.869244 2095.47 46.5639 46.5639 46.5639
23720000 292.179 100960 0.869238 2082.31 46.564 46.564 46.564
23721000 293.63 100961 0.869232 2113.36 46.5641 46.5641 46.5641
23722000 294.224 100962 0.869225 2127.58 46.5642 46.5642 46.5642
23723000 293.32 100963 0.869219 2085.14 46.5644 46.5644 46.5644
23724000 292.591 100963 0.869213 2094.93 46.5645 46.5645 46.5645
23725000 293.929 100964 0.869206 2128.7 46.5646 46.5646 46.5646
23726000 293.158 100965 0.8692 2080.68 46.5647 46.5647 46.5647
23727000 293.916 100966 0.869194 2125.32 46.5648 46.5648 46.5648
23728000 291.779 100966 0.869187 2071.32 46.5649 46.5649 46.5649
23729000 293.479 100967 0.869181 2085.52 46.565 46.565 46.565
23730000 293.18 100968 0.869175 2098.85 46.5651 46.5651 46.5651
23731000 294.394 100969 0.869168 2132.42 46.5653 46.5653 46.5653
23732000 293.358 100969 0.869162 2114.94 46.5654 46.5654 46.5654
23733000 293.034 100970 0.869156 2078.32 46.5655 46.5655 46.5655
23734000 291.447 100971 0.869149 2060.04 46.5656 46.5656 46.5656
23735000 293.249 100971 0.869143 2093.15 46.5657 46.5657 46.5657
23736000 295.278 100972 0.869137 2137.6 46.5658 46.5658 46.5658
23737000 294.893 100973 0.86913 2124.26 46.5659 46.5659 46.5659
23738000 293.878 100974 0.869124 2094.98 46.566 46.566 46.566
23739000 294.594 100974 0.869118 2125.74 46.5662 46.5662 46.5662
23740000 292.962 100975 0.869111 2089.96 46.5663 46.5663 46.5663
23741000 292.661 100976 0.869105 2084.62 46.5664 46.5664 46.5664
23742000 291.915 100977 0.869099 2059.89 46.5665 46.5665 46.5665
23743000 294.623 100977 0.869092 2118.86 46.5666 46.5666 46.5666
23744000 292.492 100978 0.869086 2075.29 46.5667 46.5667 46.5667
23745000 295.241 100979 0.86908 2150.49 46.5668 46.5668 46.5668
23746000 292.181 100980 0.869073 2075.72 46.567 46.567 46.567
23747000 294.573 100980 0.869067 2124.7 46.5671 46.5671 46.5671
23748000 291.054 100981 0.869061 2043.98 46.5672 46.5672 46.5672
23749000 293.88 100982 0.869054 2100.04 46.5673 46.5673 46.5673
23750000 293.346 100983 0.869048 2079.94 46.5674 46.5674 46.5674
23751000 293.047 100983 0.869042 2092.72 46.5675 46.5675 46.5675
23752000 293.673 100984 0.869035 2122.59 46.5676 46.5676 46.5676
23753000 292.778 100985 0.869029 2093.97 46.5677 46.5677 46.5677
23754000 292.632 100985 0.869023 2073.35 46.5679 46.5679 46.5679
23755000 293.37 100986 0.869016 2093.37 46.568 46.568 46.568
23756000 294.038 100987 0.86901 2122.57 46.5681 46.5681 46.5681
23757000 292.625 100988 0.869004 2102.66 46.5682 46.5682 46.5682
23758000 293.137 100988 0.868997 2077.58 46.5683 46.5683 46.5683
23759000 292.485 100989 0.868991 2076.11 46.5684 46.5684 46.5684
23760000 293.937 100990 0.868985 2103.75 46.5685 46.5685 46.5685
23761000 295.471 100991 0.868978 2150.48 46.5687 46.5687 46.5687
23762000 294.322 100991 0.868972 2148.27 46.5688 46.5688 46.5688
23763000 292.716 100992 0.868966 2093.05 46.5689 46.5689 46.5689
23764000 293.014 100993 0.868959 2100.07 46.569 46.569 46.569
23765000 290.904 100994 0.868953 2050.33 46.5691 46.5691 46.5691
23766000 294.787 100994 0.868947 2123.88 46.5692 46.5692 46.5692
23767000 295.334 100995 0.86894 2161.53 46.5693 46.5693 46.5693
23768000 293.226 100996 0.868934 2100.48 46.5694 46.5694 46.5694
23769000 292.889 100996 0.868928 2095.68 46.5696 46.5696 46.5696
23770000 293.032 100997 0.868921 2105.56 46.5697 46.5697 46.5697
23771000 292.994 100998 0.868915 2096.87 46.5698 46.5698 46.5698
23772000 294.183 100999 0.868909 2119.18 46.5699 46.5699 46.5699
23773000 295.5 100999 0.868902 2131.73 46.57 46.57 46.57
23774000 292.716 101000 0.868896 2093.94 46.5701 46.5701 46.5701
23775000 294.123 101001 0.86889 2108.02 46.5702 46.5702 46.5702
23776000 294.796 101002 0.868883 2103.16 46.5703 46.5703 46.5703
23777000 293.198 101002 0.868877 2067.33 46.5705 46.5705 46.5705
23778000 291.481 101003 0.868871 2063.58 46.5706 46.5706 46.5706
23779000 291.503 101004 0.868864 2046.27 46.5707 46.5707 46.5707
23780000 291.007 101005 0.868858 2051.75 46.5708 46.5708 46.5708
23781000 292.552 101005 0.868852 2068.76 46.5709 46.5709 46.5709
23782000 293.635 101006 0.868845 2102.2 46.571 46.571 46.571
23783000 291.949 101007 0.868839 2059.38 46.5711 46.5711 46.5711
23784000 292.594 101008 0.868833 2061.55 46.5713 46.5713 46.5713
23785000 292.082 101008 0.868826 2078.53 46.5714 46.5714 46.5714
23786000 293.317 101009 0.86882 2091.38 46.5715 46.5715 46.5715
23787000 292.815 101010 0.868814 2053.13 46.5716 46.5716 46.5716
23788000 292.183 101010 0.868807 2050.18 46.5717 46.5717 46.5717
23789000 294.228 101011 0.868801 2106.22 46.5718 46.5718 46.5718
23790000 291.881 101012 0.868795 2049.52 46.5719 46.5719 46.5719
23791000 293.37 101013 0.868788 2082.18 46.572 46.572 46.572
23792000 294.841 101013 0.868782 2105.62 46.5722 46.5722 46.5722
23793000 290.215 101014 0.868776 2010.24 46.5723 46.5723 46.5723
23794000 294.493 101015 0.868769 2108.52 46.5724 46.5724 46.5724
23795000 294.545 101016 0.868763 2124.59 46.5725 46.5725 46.5725
23796000 293.67 101016 0.868757 2110.15 46.5726 46.5726 46.5726
23797000 293.294 101017 0.86875 2087.27 46.5727 46.5727 46.5727
23798000 293.562 101018 0.868744 2126.19 46.5728 46.5728 46.5728
23799000 291.736 101019 0.868738 2060.74 46.573 46.573 46.573
23800000 292.231 101019 0.868731 2067.94 46.5731 46.5731 46.5731
23801000 290.493 101020 0.868725 2027.53 46.5732 46.5732 46.5732
23802000 292.069 101021 0.868719 2074.42 46.5733 46.5733 46.5733
23803000 292.378 101022 0.868712 2065.44 46.5734 46.5734 46.5734
23804000 292.973 101022 0.868706 2064.74 46.5735 46.5735 46.5735
23805000 292.661 101023 0.8687 2068.22 46.5736 46.5736 46.5736
23806000 293.876 101024 0.868693 2121.5 46.5737 46.5737 46.5737
23807000 293.73 101024 0.868687 2115.16 46.5739 46.5739 46.5739
23808000 294.902 101025 0.868681 2126.57 46.574 46.574 46.574
23809000 292.261 101026 0.868674 2074.36 46.5741 46.5741 46.5741
23810000 292.641 101027 0.868668 2076.4 46.5742 46.5742 46.5742
23811000 294.719 101027 0.868662 2143.81 46.5743 46.5743 46.5743
23812000 294.863 101028 0.868655 2145.01 46.5744 46.5744 46.5744
23813000 294.321 101029 0.868649 2145.72 46.5745 46.5745 46.5745
23814000 291.743 101030 0.868643 2099.41 46.5746 46.5746 46.5746
23815000 293.538 101030 0.868636 2132.58 46.5748 46.5748 46.5748
23816000 293.086 101031 0.86863 2101.85 46.5749 46.5749 46.5749
23817000 293.869 101032 0.868624 2141.85 46.575 46.575 46.575
23818000 294.086 101033 0.868617 2140.32 46.5751 46.5751 46.5751
23819000 294.425 101033 0.868611 2142.05 46.5752 46.5752 46.5752
23820000 292.619 101034 0.868605 2093.84 46.5753 46.5753 46.5753
23821000 292.413 101035 0.868598 2095.19 46.5754 46.5754 46.5754
23822000 293.402 101036 0.868592 2107.32 46.5756 46.5756 46.5756
23823000 293.121 101036 0.868586 2116.02 46.5757 46.5757 46.5757
23824000 293.824 101037 0.868579 2149.46 46.5758 46.5758 46.5758
23825000 293.477 101038 0.868573 2119.8 46.5759 46.5759 46.5759
23826000 294.526 101038 0.868567 2122.54 46.576 46.576 46.576
23827000 294.255 101039 0.86856 2127.66 46.5761 46.5761 46.5761
23828000 293.685 101040 0.868554 2114.95 46.5762 46.5762 46.5762
23829000 293.01 101041 0.868548 2095.06 46.5763 46.5763 46.5763
23830000 292.26 101041 0.868541 2096.79 46.5765 46.5765 46.5765
23831000 291.401 101042 0.868535 2078.79 46.5766 46.5766 46.5766
23832000 292.826 101043 0.868529 2098.2 46.5767 46.5767 46.5767
23833000 293.227 101044 0.868522 2116.81 46.5768 46.5768 46.5768
23834000 294.93 101044 0.868516 2143.73 46.5769 46.5769 46.5769
23835000 292.246 101045 0.86851 2087.42 46.577 46.577 46.577
23836000 294.495 101046 0.868503 2143.28 46.5771 46.5771 46.5771
23837000 292.83 101047 0.868497 2104.23 46.5773 46.5773 46.5773
23838000 292.84 101047 0.868491 2103.38 46.5774 46.5774 46.5774
23839000 291.745 101048 0.868484 2086.77 46.5775 46.5775 46.5775
23840000 290.57 101049 0.868478 2047.51 46.5776 46.5776 46.5776
23841000 290.949 101050 0.868472 2065.03 46.5777 46.5777 46.5777
23842000 294.153 101050 0.868465 2143.3 46.5778 46.5778 46.5778
23843000 292.289 101051 0.868459 2086.14 46.5779 46.5779 46.5779
23844000 293.885 101052 0.868453 2116.18 46.578 46.578 46.578
23845000 292.303 101052 0.868446 2084.65 46.5782 46.5782 46.5782
23846000 292.109 101053 0.86844 2079.05 46.5783 46.5783 46.5783
23847000 294.694 101054 0.868434 2131.61 46.5784 46.5784 46.5784
23848000 293.366 101055 0.868427 2111.69 46.5785 46.5785 46.5785
23849000 292.567 101055 0.868421 2090.31 46.5786 46.5786 46.5786
23850000 293.749 101056 0.868415 2122.83 46.5787 46.5787 46.5787
23851000 291.262 101057 0.868408 2073.92 46.5788 46.5788 46.5788
23852000 293.11 101058 0.868402 2120.85 46.5789 46.5789 46.5789
23853000 293.237 101058 0.868396 2117.86 46.5791 46.5791 46.5791
23854000 292.428 101059 0.868389 2087.23 46.5792 46.5792 46.5792
23855000 293.016 101060 0.868383 2091.39 46.5793 46.5793 46.5793
23856000 293.425 101061 0.868377 2109.27 46.5794 46.5794 46.5794
23857000 292.764 101061 0.86837 2093.3 46.5795 46.5795 46.5795
23858000 292.306 101062 0.868364 2094.33 46.5796 46.5796 46.5796
23859000 292.846 101063 0.868358 2110.7 46.5797 46.5797 46.5797
23860000 290.808 101064 0.868351 2057.65 46.5799 46.5799 46.5799
23861000 293.665 101064 0.868345 2125.11 46.58 46.58 46.58
23862000 293.101 101065 0.868339 2106.88 46.5801 46.5801 46.5801
23863000 291.745 101066 0.868333 2065.09 46.5802 46.5802 46.5802
23864000 293.98 101066 0.868326 2140.99 46.5803 46.5803 46.5803
23865000 290.845 101067 0.86832 2042.43 46.5804 46.5804 46.5804
23866000 294.244 101068 0.868314 2134.02 46.5805 46.5805 46.5805
23867000 294.02 101069 0.868307 2128.32 46.5806 46.5806 46.5806
23868000 292.509 101069 0.868301 2072.89 46.5808 46.5808 46.5808
23869000 293.757 101070 0.868295 2137.74 46.5809 46.5809 46.5809
23870000 293.292 101071 0.868288 2105.63 46.581 46.581 46.581
23871000 294.943 101072 0.868282 2164.69 46.5811 46.5811 46.5811
23872000 291.378 101072 0.868276 2068.28 46.5812 46.5812 46.5812
23873000 294.393 101073 0.868269 2133 46.5813 46.5813 46.5813
23874000 291.007 101074 0.868263 2072.67 46.5814 46.5814 46.5814
23875000 292.278 101075 0.868257 2095.16 46.5816 46.5816 46.5816
23876000 293.146 101075 0.86825 2113.37 46.5817 46.5817 46.5817
23877000 293.995 101076 0.868244 2120.6 46.5818 46.5818 46.5818
23878000 293.487 101077 0.868238 2117.8 46.5819 46.5819 46.5819
23879000 293.248 101077 0.868231 2132.27 46.582 46.582 46.582
23880000 294.989 101078 0.868225 2144.08 46.5821 46.5821 46.5821
23881000 294.811 101079 0.868219 2150.97 46.5822 46.5822 46.5822
23882000 293.645 101080 0.868212 2116.59 46.5823 46.5823 46.5823
23883000 293.041 101080 0.868206 2108.65 46.5825 46.5825 46.5825
23884000 293.431 101081 0.8682 2125.88 46.5826 46.5826 46.5826
23885000 290.87 101082 0.868193 2050.31 46.5827 46.5827 46.5827
23886000 291.951 101083 0.868187 2085.93 46.5828 46.5828 46.5828
23887000 292.105 101083 0.868181 2105.79 46.5829 46.5829 46.5829
23888000 291.904 101084 0.868174 2097.82 46.583 46.583 46.583
23889000 291.816 101085 0.868168 2094.9 46.5831 46.5831 46.5831
23890000 291.386 101086 0.868162 2083.44 46.5832 46.5832 46.5832
23891000 293.125 101086 0.868155 2152.52 46.5834 46.5834 46.5834
23892000 293.076 101087 0.868149 2122.83 46.5835 46.5835 46.5835
23893000 294.427 101088 0.868143 2147.78 46.5836 46.5836 46.5836
23894000 295.301 101089 0.868136 2168.51 46.5837 46.5837 46.5837
23895000 294.166 101089 0.86813 2142.18 46.5838 46.5838 46.5838
23896000 292.578 101090 0.868124 2109.59 46.5839 46.5839 46.5839
23897000 293.454 101091 0.868117 2144.88 46.584 46.584 46.584
23898000 294.021 101091 0.868111 2181.46 46.5842 46.5842 46.5842
23899000 290.097 101092 0.868105 2071.39 46.5843 46.5843 46.5843
23900000 291.592 101093 0.868098 2080.85 46.5844 46.5844 46.5844
23901000 291.502 101094 0.868092 2086.46 46.5845 46.5845 46.5845
23902000 293.493 101094 0.868086 2113.06 46.5846 46.5846 46.5846
23903000 293.094 101095 0.868079 2109.86 46.5847 46.5847 46.5847
23904000 294.65 101096 0.868073 2162.9 46.5848 46.5848 46.5848
23905000 294.562 101097 0.868067 2171.44 46.5849 46.5849 46.5849
23906000 292.819 101097 0.86806 2134.2 46.5851 46.5851 46.5851
23907000 293.988 101098 0.868054 2152.69 46.5852 46.5852 46.5852
23908000 292.179 101099 0.868048 2123.5 46.5853 46.5853 46.5853
23909000 293.793 101100 0.868041 2173.45 46.5854 46.5854 46.5854
23910000 294.792 101100 0.868035 2205.63 46.5855 46.5855 46.5855
23911000 297.064 101101 0.868029 2225.82 46.5856 46.5856 46.5856
23912000 293.457 101102 0.868023 2158.79 46.5857 46.5857 46.5857
23913000 292.135 101103 0.868016 2129.92 46.5859 46.5859 46.5859
23914000 293.949 101103 0.86801 2140.18 46.586 46.586 46.586
23915000 292.024 101104 0.868004 2108.31 46.5861 46.5861 46.5861
23916000 291.687 101105 0.867997 2115.97 46.5862 46.5862 46.5862
23917000 293.2 101105 0.867991 2119.58 46.5863 46.5863 46.5863
23918000 291.463 101106 0.867985 2097.1 46.5864 46.5864 46.5864
23919000 292.536 101107 0.867978 2117.18 46.5865 46.5865 46.5865
23920000 293.337 101108 0.867972 2126.46 46.5866 46.5866 46.5866
23921000 292.359 101108 0.867966 2120.56 46.5868 46.5868 46.5868
23922000 294.08 101109 0.867959 2154.78 46.5869 46.5869 46.5869
23923000 293.241 101110 0.867953 2138.86 46.587 46.587 46.587
23924000 291.256 101111 0.867947 2105.12 46.5871 46.5871 46.5871
23925000 292.791 101111 0.86794 2139.5 46.5872 46.5872 46.5872
23926000 292.248 101112 0.867934 2110.28 46.5873 46.5873 46.5873
23927000 294.159 101113 0.867928 2159.35 46.5874 46.5874 46.5874
23928000 294.414 101114 0.867921 2173.34 46.5875 46.5875 46.5875
23929000 293.156 101114 0.867915 2128.16 46.5877 46.5877 46.5877
23930000 293.863 101115 0.867909 2152.66 46.5878 46.5878 46.5878
23931000 293.09 101116 0.867902 2111.65 46.5879 46.5879 46.5879
23932000 292.093 101117 0.867896 2126.56 46.588 46.588 46.588
23933000 292.896 101117 0.86789 2111.67 46.5881 46.5881 46.5881
23934000 293.239 101118 0.867883 2120.45 46.5882 46.5882 46.5882
23935000 291.926 101119 0.867877 2091.41 46.5883 46.5883 46.5883
23936000 296.079 101119 0.867871 2179.33 46.5885 46.5885 46.5885
23937000 293.868 101120 0.867864 2146.85 46.5886 46.5886 46.5886
23938000 293.793 101121 0.867858 2126.96 46.5887 46.5887 46.5887
23939000 292.725 101122 0.867852 2110.29 46.5888 46.5888 46.5888
23940000 293.335 101122 0.867845 2114.7 46.5889 46.5889 46.5889
23941000 292.168 101123 0.867839 2088.52 46.589 46.589 46.589
23942000 295.022 101124 0.867833 2168.93 46.5891 46.5891 46.5891
23943000 292.729 101125 0.867826 2105.34 46.5892 46.5892 46.5892
23944000 295.639 101125 0.86782 2157.48 46.5894 46.5894 46.5894
23945000 292.269 101126 0.867814 2086.69 46.5895 46.5895 46.5895
23946000 293.26 101127 0.867807 2127.82 46.5896 46.5896 46.5896
23947000 294.243 101128 0.867801 2121.89 46.5897 46.5897 46.5897
23948000 296.671 101128 0.867795 2201.5 46.5898 46.5898 46.5898
23949000 293.555 101129 0.867789 2121.46 46.5899 46.5899 46.5899
23950000 292.769 101130 0.867782 2102.29 46.59 46.59 46.59
23951000 292.89 101131 0.867776 2121.2 46.5902 46.5902 46.5902
23952000 294.059 101131 0.86777 2136.01 46.5903 46.5903 46.5903
23953000 293.813 101132 0.867763 2143.28 46.5904 46.5904 46.5904
23954000 293.901 101133 0.867757 2148.96 46.5905 46.5905 46.5905
23955000 290.459 101133 0.867751 2082.26 46.5906 46.5906 46.5906
23956000 291.616 101134 0.867744 2109.97 46.5907 46.5907 46.5907
23957000 292.39 101135 0.867738 2111.32 46.5908 46.5908 46.5908
23958000 294.301 101136 0.867732 2181.58 46.5909 46.5909 46.5909
23959000 291.505 101136 0.867725 2105.08 46.5911 46.5911 46.5911
23960000 294.753 101137 0.867719 2178.24 46.5912 46.5912 46.5912
23961000 295.896 101138 0.867713 2186.88 46.5913 46.5913 46.5913
23962000 295.109 101139 0.867706 2154.04 46.5914 46.5914 46.5914
23963000 291.627 101139 0.8677 2086.9 46.5915 46.5915 46.5915
23964000 292.249 101140 0.867694 2114.54 46.5916 46.5916 46.5916
23965000 294.581 101141 0.867687 2161.15 46.5917 46.5917 46.5917
23966000 294.441 101142 0.867681 2154.45 46.5918 46.5918 46.5918
23967000 290.591 101142 0.867675 2062.56 46.592 46.592 46.592
23968000 293.215 101143 0.867668 2134.48 46.5921 46.5921 46.5921
23969000 295.158 101144 0.867662 2180.36 46.5922 46.5922 46.5922
23970000 292.745 101145 0.867656 2129.26 46.5923 46.5923 46.5923
23971000 292.235 101145 0.867649 2120.47 46.5924 46.5924 46.5924
23972000 293.428 101146 0.867643 2151.86 46.5925 46.5925 46.5925
23973000 293.913 101147 0.867637 2164.14 46.5926 46.5926 46.5926
23974000 293.384 101147 0.86763 2156.78 46.5928 46.5928 46.5928
23975000 292.866 101148 0.867624 2136.81 46.5929 46.5929 46.5929
23976000 291.029 101149 0.867618 2078.75 46.593 46.593 46.593
23977000 293.937 101150 0.867611 2160.23 46.5931 46.5931 46.5931
23978000 293.006 101150 0.867605 2133.34 46.5932 46.5932 46.5932
23979000 293.021 101151 0.867599 2125.16 46.5933 46.5933 46.5933
23980000 292.734 101152 0.867593 2125.34 46.5934 46.5934 46.5934
23981000 293.137 101153 0.867586 2133.01 46.5935 46.5935 46.5935
23982000 293.141 101153 0.86758 2163.56 46.5937 46.5937 46.5937
23983000 296.561 101154 0.867574 2212.09 46.5938 46.5938 46.5938
23984000 294.259 101155 0.867567 2166.1 46.5939 46.5939 46.5939
23985000 291.715 101156 0.867561 2103.17 46.594 46.594 46.594
23986000 293.161 101156 0.867555 2132.05 46.5941 46.5941 46.5941
23987000 292.688 101157 0.867548 2090.41 46.5942 46.5942 46.5942
23988000 291.043 101158 0.867542 2065.84 46.5943 46.5943 46.5943
23989000 293.056 101159 0.867536 2131.82 46.5945 46.5945 46.5945
23990000 292.262 101159 0.867529 2107.2 46.5946 46.5946 46.5946
23991000 294.285 101160 0.867523 2148.79 46.5947 46.5947 46.5947
23992000 292.627 101161 0.867517 2119.59 46.5948 46.5948 46.5948
23993000 294.515 101161 0.86751 2161.19 46.5949 46.5949 46.5949
23994000 292.432 101162 0.867504 2114.4 46.595 46.595 46.595
23995000 291.81 101163 0.867498 2087.81 46.5951 46.5951 46.5951
23996000 292.394 101164 0.867491 2092.07 46.5952 46.5952 46.5952
23997000 292.387 101164 0.867485 2098.38 46.5954 46.5954 46.5954
23998000 291.936 101165 0.867479 2080.2 46.5955 46.5955 46.5955
23999000 294.255 101166 0.867472 2127.91 46.5956 46.5956 46.5956
24000000 291.661 101167 0.867466 2075.09 46.5957 46.5957 46.5957
