# Time-averaged data for fix dave
# TimeStep v_rho
11002000 0.816184
11003000 0.817963
11004000 0.816458
11005000 0.816988
11006000 0.816545
11007000 0.816068
11008000 0.815799
11009000 0.815266
11010000 0.81495
11011000 0.814967
11012000 0.814934
11013000 0.815091
11014000 0.814916
11015000 0.814827
11016000 0.814793
11017000 0.814922
11018000 0.814695
11019000 0.81467
11020000 0.814766
11021000 0.814767
11022000 0.814933
11023000 0.814949
11024000 0.81491
11025000 0.814934
11026000 0.814684
11027000 0.814656
11028000 0.814525
11029000 0.814471
11030000 0.814424
11031000 0.814417
11032000 0.814505
11033000 0.814633
11034000 0.814779
11035000 0.814773
11036000 0.814803
11037000 0.814906
11038000 0.814953
11039000 0.81498
11040000 0.814954
11041000 0.814904
11042000 0.814996
11043000 0.814975
11044000 0.815017
11045000 0.814963
11046000 0.814951
11047000 0.814943
11048000 0.815017
11049000 0.815066
11050000 0.815133
11051000 0.815179
11052000 0.81526
11053000 0.815312
11054000 0.815453
11055000 0.815579
11056000 0.815746
11057000 0.815844
11058000 0.815968
11059000 0.816084
11060000 0.816155
11061000 0.816269
11062000 0.816309
11063000 0.816345
11064000 0.816406
11065000 0.816365
11066000 0.816445
11067000 0.816519
11068000 0.81659
11069000 0.816689
11070000 0.816784
11071000 0.816854
11072000 0.816838
11073000 0.816804
11074000 0.816844
11075000 0.816804
11076000 0.816829
11077000 0.816842
11078000 0.816907
11079000 0.816878
11080000 0.816878
11081000 0.816865
11082000 0.816869
11083000 0.81689
11084000 0.816942
11085000 0.816939
11086000 0.816909
11087000 0.816936
11088000 0.816916
11089000 0.816855
11090000 0.816836
11091000 0.816815
11092000 0.816806
11093000 0.816812
11094000 0.816859
11095000 0.81685
11096000 0.816792
11097000 0.816769
11098000 0.816764
11099000 0.816724
11100000 0.816739
11101000 0.816764
11102000 0.81678
11103000 0.816806
11104000 0.816841
11105000 0.81686
11106000 0.816831
11107000 0.816828
11108000 0.81684
11109000 0.81683
11110000 0.816857
11111000 0.816878
11112000 0.816873
11113000 0.816924
11114000 0.816959
11115000 0.817007
11116000 0.817046
11117000 0.817092
11118000 0.817133
11119000 0.817184
11120000 0.81722
11121000 0.817284
11122000 0.817331
11123000 0.817391
11124000 0.817417
11125000 0.817484
11126000 0.817512
11127000 0.817516
11128000 0.817536
11129000 0.817556
11130000 0.817605
11131000 0.817598
11132000 0.817609
11133000 0.817616
11134000 0.817652
11135000 0.817674
11136000 0.817672
11137000 0.817685
11138000 0.817692
11139000 0.817676
11140000 0.817678
11141000 0.817668
11142000 0.81765
11143000 0.817635
11144000 0.817646
11145000 0.817643
11146000 0.817658
11147000 0.817678
11148000 0.817692
11149000 0.817715
11150000 0.817739
11151000 0.817763
11152000 0.817767
11153000 0.817781
11154000 0.81779
11155000 0.817797
11156000 0.817778
11157000 0.817792
11158000 0.81781
11159000 0.817817
11160000 0.817823
11161000 0.817833
11162000 0.817829
11163000 0.817821
11164000 0.817824
11165000 0.817818
11166000 0.817812
11167000 0.817791
11168000 0.817768
11169000 0.817804
11170000 0.817811
11171000 0.817836
11172000 0.817857
11173000 0.817874
11174000 0.817891
11175000 0.817907
11176000 0.817925
11177000 0.817954
11178000 0.817964
11179000 0.81797
11180000 0.81798
11181000 0.818001
11182000 0.818015
11183000 0.818015
11184000 0.818022
11185000 0.818014
11186000 0.818033
11187000 0.81803
11188000 0.818017
11189000 0.818033
11190000 0.818022
11191000 0.81804
11192000 0.818062
11193000 0.818089
11194000 0.818098
11195000 0.818126
11196000 0.818157
11197000 0.818196
11198000 0.818207
11199000 0.818235
11200000 0.818257
11201000 0.818284
11202000 0.818296
11203000 0.818308
11204000 0.818338
11205000 0.818352
11206000 0.818354
11207000 0.818354
11208000 0.818353
11209000 0.818355
11210000 0.818359
11211000 0.818351
11212000 0.818337
11213000 0.818325
11214000 0.818314
11215000 0.818314
11216000 0.818313
11217000 0.818298
11218000 0.818289
11219000 0.818275
11220000 0.818258
11221000 0.818249
11222000 0.81824
11223000 0.818224
11224000 0.818213
11225000 0.818203
11226000 0.818214
11227000 0.818192
11228000 0.818195
11229000 0.818204
11230000 0.818205
11231000 0.818194
11232000 0.818195
11233000 0.8182
11234000 0.818202
11235000 0.818204
11236000 0.818207
11237000 0.8182
11238000 0.818213
11239000 0.818219
11240000 0.818227
11241000 0.818232
11242000 0.818242
11243000 0.818237
11244000 0.818232
11245000 0.818248
11246000 0.818254
11247000 0.818239
11248000 0.818225
11249000 0.818218
11250000 0.818214
11251000 0.81822
11252000 0.818216
11253000 0.818218
11254000 0.818213
11255000 0.818224
11256000 0.818229
11257000 0.818234
11258000 0.818246
11259000 0.818245
11260000 0.818252
11261000 0.818269
11262000 0.818284
11263000 0.818302
11264000 0.818309
11265000 0.81831
11266000 0.818304
11267000 0.818298
11268000 0.818292
11269000 0.818273
11270000 0.818257
11271000 0.818255
11272000 0.818237
11273000 0.818223
11274000 0.818231
11275000 0.818219
11276000 0.818211
11277000 0.818198
11278000 0.818191
11279000 0.818188
11280000 0.818197
11281000 0.818194
11282000 0.818203
11283000 0.818205
11284000 0.818203
11285000 0.818217
11286000 0.818213
11287000 0.818209
11288000 0.818204
11289000 0.818183
11290000 0.818169
11291000 0.818168
11292000 0.818143
11293000 0.818131
11294000 0.818124
11295000 0.818119
11296000 0.818101
11297000 0.818103
11298000 0.818094
11299000 0.818092
11300000 0.818095
11301000 0.818111
11302000 0.818105
11303000 0.818093
11304000 0.81808
11305000 0.818085
11306000 0.818092
11307000 0.818099
11308000 0.818104
11309000 0.818098
11310000 0.818099
11311000 0.818107
11312000 0.818123
11313000 0.818134
11314000 0.818138
11315000 0.818141
11316000 0.818144
11317000 0.818155
11318000 0.818173
11319000 0.818176
11320000 0.818185
11321000 0.818198
11322000 0.818201
11323000 0.818203
11324000 0.818196
11325000 0.818196
11326000 0.818203
11327000 0.818194
11328000 0.818196
11329000 0.818192
11330000 0.818193
11331000 0.818197
11332000 0.818196
11333000 0.818196
11334000 0.818195
11335000 0.818195
11336000 0.818199
11337000 0.818209
11338000 0.818215
11339000 0.818217
11340000 0.818219
11341000 0.818218
11342000 0.818216
11343000 0.818219
11344000 0.818215
11345000 0.818214
11346000 0.818217
11347000 0.81823
11348000 0.818238
11349000 0.81824
11350000 0.818243
11351000 0.818241
11352000 0.81823
11353000 0.818214
11354000 0.818196
11355000 0.818171
11356000 0.818161
11357000 0.81814
11358000 0.818125
11359000 0.818117
11360000 0.818103
11361000 0.818093
11362000 0.818081
11363000 0.818076
11364000 0.818069
11365000 0.818063
11366000 0.818051
11367000 0.818057
11368000 0.818061
11369000 0.818062
11370000 0.818071
11371000 0.818072
11372000 0.818081
11373000 0.818093
11374000 0.818104
11375000 0.81811
11376000 0.818124
11377000 0.818143
11378000 0.818145
11379000 0.818152
11380000 0.818164
11381000 0.818164
11382000 0.818173
11383000 0.818179
11384000 0.818185
11385000 0.818194
11386000 0.81821
11387000 0.818218
11388000 0.818226
11389000 0.818229
11390000 0.818236
11391000 0.818252
11392000 0.81826
11393000 0.818262
11394000 0.818272
11395000 0.818282
11396000 0.818288
11397000 0.818299
11398000 0.818305
11399000 0.818314
11400000 0.818324
11401000 0.818342
11402000 0.81835
11403000 0.818357
11404000 0.818367
11405000 0.81838
11406000 0.818396
11407000 0.818408
11408000 0.81842
11409000 0.818433
11410000 0.818444
11411000 0.818451
11412000 0.818462
11413000 0.81846
11414000 0.818463
11415000 0.818468
11416000 0.81847
11417000 0.818481
11418000 0.818489
11419000 0.818501
11420000 0.818513
11421000 0.818526
11422000 0.818529
11423000 0.818525
11424000 0.818521
11425000 0.818527
11426000 0.818524
11427000 0.818522
11428000 0.818521
11429000 0.818525
11430000 0.81853
11431000 0.818542
11432000 0.818551
11433000 0.818562
11434000 0.81856
11435000 0.818562
11436000 0.818571
11437000 0.818584
11438000 0.81859
11439000 0.818589
11440000 0.818586
11441000 0.818582
11442000 0.818577
11443000 0.818569
11444000 0.81856
11445000 0.818556
11446000 0.818545
11447000 0.818538
11448000 0.818512
11449000 0.818499
11450000 0.818492
11451000 0.818493
11452000 0.818494
11453000 0.818494
11454000 0.818492
11455000 0.818486
11456000 0.818483
11457000 0.818481
11458000 0.81847
11459000 0.818467
11460000 0.818462
11461000 0.818457
11462000 0.818453
11463000 0.818444
11464000 0.818427
11465000 0.81842
11466000 0.818418
11467000 0.818413
11468000 0.818404
11469000 0.818407
11470000 0.818402
11471000 0.818392
11472000 0.818383
11473000 0.818374
11474000 0.818356
11475000 0.818346
11476000 0.818334
11477000 0.818325
11478000 0.818318
11479000 0.818311
11480000 0.818299
11481000 0.818291
11482000 0.818282
11483000 0.818275
11484000 0.818268
11485000 0.818252
11486000 0.818244
11487000 0.818234
11488000 0.818227
11489000 0.818212
11490000 0.818205
11491000 0.818195
11492000 0.81818
11493000 0.818165
11494000 0.818158
11495000 0.81815
11496000 0.818138
11497000 0.818123
11498000 0.818116
11499000 0.818114
11500000 0.818113
11501000 0.818108
11502000 0.818107
11503000 0.818103
11504000 0.818091
11505000 0.818086
11506000 0.818081
11507000 0.818068
11508000 0.818062
11509000 0.818062
11510000 0.818061
11511000 0.818059
11512000 0.818061
11513000 0.818064
11514000 0.818068
11515000 0.818074
11516000 0.818075
11517000 0.818085
11518000 0.818102
11519000 0.818112
11520000 0.818126
11521000 0.818136
11522000 0.818147
11523000 0.818158
11524000 0.818173
11525000 0.818184
11526000 0.818192
11527000 0.818199
11528000 0.818203
11529000 0.818215
11530000 0.818225
11531000 0.818236
11532000 0.818245
11533000 0.81826
11534000 0.818267
11535000 0.81828
11536000 0.818288
11537000 0.818295
11538000 0.818296
11539000 0.8183
11540000 0.818308
11541000 0.818321
11542000 0.818334
11543000 0.818343
11544000 0.818354
11545000 0.818365
11546000 0.818378
11547000 0.818382
11548000 0.818387
11549000 0.818408
11550000 0.818419
11551000 0.81842
11552000 0.818429
11553000 0.818437
11554000 0.818441
11555000 0.81844
11556000 0.818446
11557000 0.81845
11558000 0.818451
11559000 0.818454
11560000 0.818453
11561000 0.81845
11562000 0.818446
11563000 0.818444
11564000 0.81845
11565000 0.818456
11566000 0.818462
11567000 0.818467
11568000 0.818467
11569000 0.818468
11570000 0.818468
11571000 0.818472
11572000 0.818476
11573000 0.818484
11574000 0.818488
11575000 0.818488
11576000 0.818494
11577000 0.8185
11578000 0.818508
11579000 0.818516
11580000 0.818526
11581000 0.818537
11582000 0.81854
11583000 0.818547
11584000 0.818549
11585000 0.818558
11586000 0.818562
11587000 0.818572
11588000 0.818577
11589000 0.818584
11590000 0.818595
11591000 0.818605
11592000 0.818616
11593000 0.818626
11594000 0.818639
11595000 0.818646
11596000 0.818651
11597000 0.818656
11598000 0.81866
11599000 0.818674
11600000 0.818689
11601000 0.818699
11602000 0.818709
11603000 0.818716
11604000 0.818723
11605000 0.818731
11606000 0.818736
11607000 0.818744
11608000 0.818752
11609000 0.818754
11610000 0.818749
11611000 0.818749
11612000 0.818749
11613000 0.81875
11614000 0.818752
11615000 0.818759
11616000 0.818764
11617000 0.818771
11618000 0.818777
11619000 0.818781
11620000 0.818785
11621000 0.818791
11622000 0.818794
11623000 0.818801
11624000 0.818805
11625000 0.818811
11626000 0.818816
11627000 0.818826
11628000 0.81883
11629000 0.818832
11630000 0.818838
11631000 0.818846
11632000 0.818854
11633000 0.818859
11634000 0.818863
11635000 0.81887
11636000 0.818882
11637000 0.818892
11638000 0.818896
11639000 0.818903
11640000 0.818909
11641000 0.818912
11642000 0.818926
11643000 0.818933
11644000 0.818939
11645000 0.818942
11646000 0.818946
11647000 0.818951
11648000 0.818954
11649000 0.818961
11650000 0.818973
11651000 0.818977
11652000 0.818982
11653000 0.818988
11654000 0.818988
11655000 0.81899
11656000 0.818995
11657000 0.818996
11658000 0.818998
11659000 0.819003
11660000 0.819008
11661000 0.819006
11662000 0.819009
11663000 0.819016
11664000 0.819022
11665000 0.819029
11666000 0.819034
11667000 0.819039
11668000 0.819039
11669000 0.819041
11670000 0.81904
11671000 0.819043
11672000 0.819045
11673000 0.819047
11674000 0.819049
11675000 0.819049
11676000 0.819049
11677000 0.819053
11678000 0.81905
11679000 0.81905
11680000 0.819052
11681000 0.819052
11682000 0.819053
11683000 0.819057
11684000 0.819063
11685000 0.819069
11686000 0.819077
11687000 0.819078
11688000 0.819078
11689000 0.819083
11690000 0.819082
11691000 0.81908
11692000 0.819075
11693000 0.819069
11694000 0.819068
11695000 0.819066
11696000 0.819066
11697000 0.819077
11698000 0.81908
11699000 0.819083
11700000 0.819084
11701000 0.819086
11702000 0.819088
11703000 0.819083
11704000 0.819082
11705000 0.819077
11706000 0.819077
11707000 0.819075
11708000 0.819075
11709000 0.819069
11710000 0.819069
11711000 0.819068
11712000 0.819068
11713000 0.819067
11714000 0.819069
11715000 0.819071
11716000 0.819069
11717000 0.819068
11718000 0.819069
11719000 0.819069
11720000 0.819069
11721000 0.81907
11722000 0.819069
11723000 0.819073
11724000 0.819072
11725000 0.819067
11726000 0.819065
11727000 0.819065
11728000 0.819061
11729000 0.81906
11730000 0.819061
11731000 0.819065
11732000 0.819065
11733000 0.819062
11734000 0.819063
11735000 0.819064
11736000 0.819069
11737000 0.819075
11738000 0.819074
11739000 0.819076
11740000 0.819082
11741000 0.81908
11742000 0.819082
11743000 0.819079
11744000 0.819082
11745000 0.81908
11746000 0.819079
11747000 0.819078
11748000 0.819079
11749000 0.81908
11750000 0.819077
11751000 0.819078
11752000 0.819084
11753000 0.819088
11754000 0.819082
11755000 0.819083
11756000 0.819081
11757000 0.819085
11758000 0.819088
11759000 0.81909
11760000 0.819089
11761000 0.819096
11762000 0.8191
11763000 0.819101
11764000 0.819102
11765000 0.819103
11766000 0.819104
11767000 0.819106
11768000 0.81911
11769000 0.819112
11770000 0.819115
11771000 0.819115
11772000 0.819114
11773000 0.819107
11774000 0.819106
11775000 0.819102
11776000 0.819103
11777000 0.819105
11778000 0.819108
11779000 0.819107
11780000 0.819108
11781000 0.819111
11782000 0.819112
11783000 0.819113
11784000 0.819112
11785000 0.819114
11786000 0.819117
11787000 0.819121
11788000 0.819126
11789000 0.819124
11790000 0.819127
11791000 0.819125
11792000 0.819129
11793000 0.819131
11794000 0.819137
11795000 0.819138
11796000 0.819138
11797000 0.819139
11798000 0.819144
11799000 0.819148
11800000 0.819152
11801000 0.819154
11802000 0.819155
11803000 0.819161
11804000 0.819169
11805000 0.819173
11806000 0.819174
11807000 0.81918
11808000 0.819183
11809000 0.819185
11810000 0.819188
11811000 0.819191
11812000 0.81919
11813000 0.819192
11814000 0.819194
11815000 0.819196
11816000 0.8192
11817000 0.819203
11818000 0.819206
11819000 0.81921
11820000 0.819214
11821000 0.819218
11822000 0.819227
11823000 0.819234
11824000 0.819238
11825000 0.819243
11826000 0.819245
11827000 0.819245
11828000 0.819249
11829000 0.819247
11830000 0.81925
11831000 0.819251
11832000 0.819254
11833000 0.81926
11834000 0.819262
11835000 0.819257
11836000 0.819255
11837000 0.819258
11838000 0.819261
11839000 0.819263
11840000 0.819262
11841000 0.819266
11842000 0.819265
11843000 0.819268
11844000 0.819268
11845000 0.819269
11846000 0.819268
11847000 0.819265
11848000 0.819268
11849000 0.819266
11850000 0.819272
11851000 0.819273
11852000 0.819276
11853000 0.819276
11854000 0.819275
11855000 0.819274
11856000 0.819274
11857000 0.819274
11858000 0.81928
11859000 0.81928
11860000 0.819282
11861000 0.819284
11862000 0.819283
11863000 0.819286
11864000 0.819285
11865000 0.819284
11866000 0.819281
11867000 0.819279
11868000 0.81928
11869000 0.819276
11870000 0.819278
11871000 0.819279
11872000 0.819281
11873000 0.819288
11874000 0.819291
11875000 0.819291
11876000 0.819292
11877000 0.819288
11878000 0.819285
11879000 0.819281
11880000 0.819281
11881000 0.819277
11882000 0.819273
11883000 0.81927
11884000 0.819269
11885000 0.819267
11886000 0.819266
11887000 0.819264
11888000 0.819264
11889000 0.819261
11890000 0.819259
11891000 0.819253
11892000 0.819251
11893000 0.819249
11894000 0.819251
11895000 0.819245
11896000 0.81924
11897000 0.819236
11898000 0.819235
11899000 0.819236
11900000 0.819231
11901000 0.819228
11902000 0.819222
11903000 0.819216
11904000 0.819213
11905000 0.81921
11906000 0.819206
11907000 0.819205
11908000 0.819203
11909000 0.819192
11910000 0.819187
11911000 0.819181
11912000 0.819178
11913000 0.819175
11914000 0.819171
11915000 0.819172
11916000 0.819166
11917000 0.819168
11918000 0.819164
11919000 0.819162
11920000 0.81916
11921000 0.819157
11922000 0.819156
11923000 0.819155
11924000 0.819152
11925000 0.819152
11926000 0.819151
11927000 0.819152
11928000 0.819156
11929000 0.819156
11930000 0.819153
11931000 0.819149
11932000 0.819152
11933000 0.819155
11934000 0.819156
11935000 0.819158
11936000 0.819156
11937000 0.819158
11938000 0.819152
11939000 0.819148
11940000 0.819146
11941000 0.81914
11942000 0.819141
11943000 0.819138
11944000 0.819133
11945000 0.819127
11946000 0.819125
11947000 0.819123
11948000 0.819118
11949000 0.819113
11950000 0.819111
11951000 0.819111
11952000 0.819109
11953000 0.819105
11954000 0.8191
11955000 0.819097
11956000 0.819096
11957000 0.819094
11958000 0.819095
11959000 0.819091
11960000 0.819093
11961000 0.819093
11962000 0.819094
11963000 0.819092
11964000 0.819086
11965000 0.81908
11966000 0.819076
11967000 0.819069
11968000 0.819065
11969000 0.819059
11970000 0.819054
11971000 0.819048
11972000 0.819044
11973000 0.819037
11974000 0.819033
11975000 0.819025
11976000 0.819023
11977000 0.819017
11978000 0.819011
11979000 0.819007
11980000 0.819001
11981000 0.819
11982000 0.818995
11983000 0.818993
11984000 0.818987
11985000 0.818985
11986000 0.818982
11987000 0.818976
11988000 0.818978
11989000 0.818976
11990000 0.818975
11991000 0.81897
11992000 0.818966
11993000 0.818963
11994000 0.818959
11995000 0.818961
11996000 0.818957
11997000 0.818954
11998000 0.818954
11999000 0.818952
12000000 0.818955
12001000 0.818957
12002000 0.818961
12003000 0.818966
12004000 0.81897
12005000 0.818975
12006000 0.818979
12007000 0.818984
12008000 0.818988
12009000 0.818993
12010000 0.818997
12011000 0.819002
12012000 0.819006
12013000 0.81901
12014000 0.819015
12015000 0.819019
12016000 0.819023
12017000 0.819028
12018000 0.819032
12019000 0.819036
12020000 0.819041
12021000 0.819045
12022000 0.819049
12023000 0.819054
12024000 0.819058
12025000 0.819062
12026000 0.819066
12027000 0.81907
12028000 0.819075
12029000 0.819079
12030000 0.819083
12031000 0.819087
12032000 0.819091
12033000 0.819095
12034000 0.819099
12035000 0.819104
12036000 0.819108
12037000 0.819112
12038000 0.819116
12039000 0.81912
12040000 0.819124
12041000 0.819128
12042000 0.819132
12043000 0.819136
12044000 0.81914
12045000 0.819144
12046000 0.819148
12047000 0.819152
12048000 0.819156
12049000 0.81916
12050000 0.819164
12051000 0.819168
12052000 0.819172
12053000 0.819175
12054000 0.819179
12055000 0.819183
12056000 0.819187
12057000 0.819191
12058000 0.819195
12059000 0.819198
12060000 0.819202
12061000 0.819206
12062000 0.81921
12063000 0.819214
12064000 0.819217
12065000 0.819221
12066000 0.819225
12067000 0.819229
12068000 0.819232
12069000 0.819236
12070000 0.81924
12071000 0.819243
12072000 0.819247
12073000 0.819251
12074000 0.819254
12075000 0.819258
12076000 0.819262
12077000 0.819265
12078000 0.819269
12079000 0.819272
12080000 0.819276
12081000 0.81928
12082000 0.819283
12083000 0.819287
12084000 0.81929
12085000 0.819294
12086000 0.819297
12087000 0.819301
12088000 0.819304
12089000 0.819308
12090000 0.819311
12091000 0.819315
12092000 0.819318
12093000 0.819322
12094000 0.819325
12095000 0.819328
12096000 0.819332
12097000 0.819335
12098000 0.819339
12099000 0.819342
12100000 0.819345
12101000 0.819349
12102000 0.819352
12103000 0.819356
12104000 0.819359
12105000 0.819362
12106000 0.819365
12107000 0.819369
12108000 0.819372
12109000 0.819375
12110000 0.819379
12111000 0.819382
12112000 0.819385
12113000 0.819388
12114000 0.819392
12115000 0.819395
12116000 0.819398
12117000 0.819401
12118000 0.819404
12119000 0.819408
12120000 0.819411
12121000 0.819414
12122000 0.819417
12123000 0.81942
12124000 0.819423
12125000 0.819426
12126000 0.81943
12127000 0.819433
12128000 0.819436
12129000 0.819439
12130000 0.819442
12131000 0.819445
12132000 0.819448
12133000 0.819451
12134000 0.819454
12135000 0.819457
12136000 0.81946
12137000 0.819463
12138000 0.819466
12139000 0.819469
12140000 0.819472
12141000 0.819475
12142000 0.819478
12143000 0.819481
12144000 0.819484
12145000 0.819487
12146000 0.81949
12147000 0.819493
12148000 0.819496
12149000 0.819499
12150000 0.819501
12151000 0.819504
12152000 0.819507
12153000 0.81951
12154000 0.819513
12155000 0.819516
12156000 0.819519
12157000 0.819521
12158000 0.819524
12159000 0.819527
12160000 0.81953
12161000 0.819533
12162000 0.819535
12163000 0.819538
12164000 0.819541
12165000 0.819544
12166000 0.819547
12167000 0.819549
12168000 0.819552
12169000 0.819555
12170000 0.819557
12171000 0.81956
12172000 0.819563
12173000 0.819566
12174000 0.819568
12175000 0.819571
12176000 0.819574
12177000 0.819576
12178000 0.819579
12179000 0.819581
12180000 0.819584
12181000 0.819587
12182000 0.819589
12183000 0.819592
12184000 0.819595
12185000 0.819597
12186000 0.8196
12187000 0.819602
12188000 0.819605
12189000 0.819607
12190000 0.81961
12191000 0.819612
12192000 0.819615
12193000 0.819618
12194000 0.81962
12195000 0.819623
12196000 0.819625
12197000 0.819628
12198000 0.81963
12199000 0.819633
12200000 0.819635
12201000 0.819637
12202000 0.81964
12203000 0.819642
12204000 0.819645
12205000 0.819647
12206000 0.81965
12207000 0.819652
12208000 0.819654
12209000 0.819657
12210000 0.819659
12211000 0.819662
12212000 0.819664
12213000 0.819666
12214000 0.819669
12215000 0.819671
12216000 0.819673
12217000 0.819676
12218000 0.819678
12219000 0.81968
12220000 0.819683
12221000 0.819685
12222000 0.819687
12223000 0.81969
12224000 0.819692
12225000 0.819694
12226000 0.819696
12227000 0.819699
12228000 0.819701
12229000 0.819703
12230000 0.819705
12231000 0.819708
12232000 0.81971
12233000 0.819712
12234000 0.819714
12235000 0.819717
12236000 0.819719
12237000 0.819721
12238000 0.819723
12239000 0.819725
12240000 0.819727
12241000 0.81973
12242000 0.819732
12243000 0.819734
12244000 0.819736
12245000 0.819738
12246000 0.81974
12247000 0.819742
12248000 0.819745
12249000 0.819747
12250000 0.819749
12251000 0.819751
12252000 0.819753
12253000 0.819755
12254000 0.819757
12255000 0.819759
12256000 0.819761
12257000 0.819763
12258000 0.819765
12259000 0.819767
12260000 0.819769
12261000 0.819771
12262000 0.819773
12263000 0.819775
12264000 0.819777
12265000 0.819779
12266000 0.819781
12267000 0.819783
12268000 0.819785
12269000 0.819787
12270000 0.819789
12271000 0.819791
12272000 0.819793
12273000 0.819795
12274000 0.819797
12275000 0.819799
12276000 0.819801
12277000 0.819803
12278000 0.819805
12279000 0.819806
12280000 0.819808
12281000 0.81981
12282000 0.819812
12283000 0.819814
12284000 0.819816
12285000 0.819818
12286000 0.81982
12287000 0.819821
12288000 0.819823
12289000 0.819825
12290000 0.819827
12291000 0.819829
12292000 0.819831
12293000 0.819832
12294000 0.819834
12295000 0.819836
12296000 0.819838
12297000 0.81984
12298000 0.819841
12299000 0.819843
12300000 0.819845
12301000 0.819847
12302000 0.819848
12303000 0.81985
12304000 0.819852
12305000 0.819854
12306000 0.819855
12307000 0.819857
12308000 0.819859
12309000 0.819861
12310000 0.819862
12311000 0.819864
12312000 0.819866
12313000 0.819867
12314000 0.819869
12315000 0.819871
12316000 0.819872
12317000 0.819874
12318000 0.819876
12319000 0.819877
12320000 0.819879
12321000 0.819881
12322000 0.819882
12323000 0.819884
12324000 0.819885
12325000 0.819887
12326000 0.819889
12327000 0.81989
12328000 0.819892
12329000 0.819893
12330000 0.819895
12331000 0.819897
12332000 0.819898
12333000 0.8199
12334000 0.819901
12335000 0.819903
12336000 0.819904
12337000 0.819906
12338000 0.819907
12339000 0.819909
12340000 0.819911
12341000 0.819912
12342000 0.819914
12343000 0.819915
12344000 0.819917
12345000 0.819918
12346000 0.81992
12347000 0.819921
12348000 0.819923
12349000 0.819924
12350000 0.819926
12351000 0.819927
12352000 0.819928
12353000 0.81993
12354000 0.819931
12355000 0.819933
12356000 0.819934
12357000 0.819936
12358000 0.819937
12359000 0.819939
12360000 0.81994
12361000 0.819941
12362000 0.819943
12363000 0.819944
12364000 0.819946
12365000 0.819947
12366000 0.819948
12367000 0.81995
12368000 0.819951
12369000 0.819952
12370000 0.819954
12371000 0.819955
12372000 0.819957
12373000 0.819958
12374000 0.819959
12375000 0.819961
12376000 0.819962
12377000 0.819963
12378000 0.819965
12379000 0.819966
12380000 0.819967
12381000 0.819968
12382000 0.81997
12383000 0.819971
12384000 0.819972
12385000 0.819974
12386000 0.819975
12387000 0.819976
12388000 0.819977
12389000 0.819979
12390000 0.81998
12391000 0.819981
12392000 0.819982
12393000 0.819984
12394000 0.819985
12395000 0.819986
12396000 0.819987
12397000 0.819989
12398000 0.81999
12399000 0.819991
12400000 0.819992
12401000 0.819993
12402000 0.819995
12403000 0.819996
12404000 0.819997
12405000 0.819998
12406000 0.819999
12407000 0.820001
12408000 0.820002
12409000 0.820003
12410000 0.820004
12411000 0.820005
12412000 0.820006
12413000 0.820008
12414000 0.820009
12415000 0.82001
12416000 0.820011
12417000 0.820012
12418000 0.820013
12419000 0.820014
12420000 0.820015
12421000 0.820017
12422000 0.820018
12423000 0.820019
12424000 0.82002
12425000 0.820021
12426000 0.820022
12427000 0.820023
12428000 0.820024
12429000 0.820025
12430000 0.820026
12431000 0.820027
12432000 0.820028
12433000 0.820029
12434000 0.82003
12435000 0.820031
12436000 0.820033
12437000 0.820034
12438000 0.820035
12439000 0.820036
12440000 0.820037
12441000 0.820038
12442000 0.820039
12443000 0.82004
12444000 0.820041
12445000 0.820042
12446000 0.820043
12447000 0.820044
12448000 0.820045
12449000 0.820046
12450000 0.820047
12451000 0.820048
12452000 0.820048
12453000 0.820049
12454000 0.82005
12455000 0.820051
12456000 0.820052
12457000 0.820053
12458000 0.820054
12459000 0.820055
12460000 0.820056
12461000 0.820057
12462000 0.820058
12463000 0.820059
12464000 0.82006
12465000 0.820061
12466000 0.820061
12467000 0.820062
12468000 0.820063
12469000 0.820064
12470000 0.820065
12471000 0.820066
12472000 0.820067
12473000 0.820068
12474000 0.820069
12475000 0.820069
12476000 0.82007
12477000 0.820071
12478000 0.820072
12479000 0.820073
12480000 0.820074
12481000 0.820075
12482000 0.820075
12483000 0.820076
12484000 0.820077
12485000 0.820078
12486000 0.820079
12487000 0.820079
12488000 0.82008
12489000 0.820081
12490000 0.820082
12491000 0.820083
12492000 0.820083
12493000 0.820084
12494000 0.820085
12495000 0.820086
12496000 0.820087
12497000 0.820087
12498000 0.820088
12499000 0.820089
12500000 0.82009
12501000 0.82009
12502000 0.820091
12503000 0.820092
12504000 0.820093
12505000 0.820093
12506000 0.820094
12507000 0.820095
12508000 0.820096
12509000 0.820096
12510000 0.820097
12511000 0.820098
12512000 0.820098
12513000 0.820099
12514000 0.8201
12515000 0.820101
12516000 0.820101
12517000 0.820102
12518000 0.820103
12519000 0.820103
12520000 0.820104
12521000 0.820105
12522000 0.820105
12523000 0.820106
12524000 0.820107
12525000 0.820107
12526000 0.820108
12527000 0.820109
12528000 0.820109
12529000 0.82011
12530000 0.820111
12531000 0.820111
12532000 0.820112
12533000 0.820112
12534000 0.820113
12535000 0.820114
12536000 0.820114
12537000 0.820115
12538000 0.820116
12539000 0.820116
12540000 0.820117
12541000 0.820117
12542000 0.820118
12543000 0.820119
12544000 0.820119
12545000 0.82012
12546000 0.82012
12547000 0.820121
12548000 0.820121
12549000 0.820122
12550000 0.820123
12551000 0.820123
12552000 0.820124
12553000 0.820124
12554000 0.820125
12555000 0.820125
12556000 0.820126
12557000 0.820126
12558000 0.820127
12559000 0.820128
12560000 0.820128
12561000 0.820129
12562000 0.820129
12563000 0.82013
12564000 0.82013
12565000 0.820131
12566000 0.820131
12567000 0.820132
12568000 0.820132
12569000 0.820133
12570000 0.820133
12571000 0.820134
12572000 0.820134
12573000 0.820135
12574000 0.820135
12575000 0.820136
12576000 0.820136
12577000 0.820137
12578000 0.820137
12579000 0.820137
12580000 0.820138
12581000 0.820138
12582000 0.820139
12583000 0.820139
12584000 0.82014
12585000 0.82014
12586000 0.820141
12587000 0.820141
12588000 0.820141
12589000 0.820142
12590000 0.820142
12591000 0.820143
12592000 0.820143
12593000 0.820144
12594000 0.820144
12595000 0.820144
12596000 0.820145
12597000 0.820145
12598000 0.820146
12599000 0.820146
12600000 0.820146
12601000 0.820147
12602000 0.820147
12603000 0.820148
12604000 0.820148
12605000 0.820148
12606000 0.820149
12607000 0.820149
12608000 0.820149
12609000 0.82015
12610000 0.82015
12611000 0.820151
12612000 0.820151
12613000 0.820151
12614000 0.820152
12615000 0.820152
12616000 0.820152
12617000 0.820153
12618000 0.820153
12619000 0.820153
12620000 0.820154
12621000 0.820154
12622000 0.820154
12623000 0.820155
12624000 0.820155
12625000 0.820155
12626000 0.820155
12627000 0.820156
12628000 0.820156
12629000 0.820156
12630000 0.820157
12631000 0.820157
12632000 0.820157
12633000 0.820158
12634000 0.820158
12635000 0.820158
12636000 0.820158
12637000 0.820159
12638000 0.820159
12639000 0.820159
12640000 0.820159
12641000 0.82016
12642000 0.82016
12643000 0.82016
12644000 0.82016
12645000 0.820161
12646000 0.820161
12647000 0.820161
12648000 0.820161
12649000 0.820162
12650000 0.820162
12651000 0.820162
12652000 0.820162
12653000 0.820163
12654000 0.820163
12655000 0.820163
12656000 0.820163
12657000 0.820163
12658000 0.820164
12659000 0.820164
12660000 0.820164
12661000 0.820164
12662000 0.820164
12663000 0.820165
12664000 0.820165
12665000 0.820165
12666000 0.820165
12667000 0.820165
12668000 0.820166
12669000 0.820166
12670000 0.820166
12671000 0.820166
12672000 0.820166
12673000 0.820166
12674000 0.820167
12675000 0.820167
12676000 0.820167
12677000 0.820167
12678000 0.820167
12679000 0.820167
12680000 0.820167
12681000 0.820168
12682000 0.820168
12683000 0.820168
12684000 0.820168
12685000 0.820168
12686000 0.820168
12687000 0.820168
12688000 0.820169
12689000 0.820169
12690000 0.820169
12691000 0.820169
12692000 0.820169
12693000 0.820169
12694000 0.820169
12695000 0.820169
12696000 0.820169
12697000 0.82017
12698000 0.82017
12699000 0.82017
12700000 0.82017
12701000 0.82017
12702000 0.82017
12703000 0.82017
12704000 0.82017
12705000 0.82017
12706000 0.82017
12707000 0.82017
12708000 0.82017
12709000 0.82017
12710000 0.820171
12711000 0.820171
12712000 0.820171
12713000 0.820171
12714000 0.820171
12715000 0.820171
12716000 0.820171
12717000 0.820171
12718000 0.820171
12719000 0.820171
12720000 0.820171
12721000 0.820171
12722000 0.820171
12723000 0.820171
12724000 0.820171
12725000 0.820171
12726000 0.820171
12727000 0.820171
12728000 0.820171
12729000 0.820171
12730000 0.820171
12731000 0.820171
12732000 0.820171
12733000 0.820171
12734000 0.820171
12735000 0.820171
12736000 0.820171
12737000 0.820171
12738000 0.820171
12739000 0.820171
12740000 0.820171
12741000 0.820171
12742000 0.820171
12743000 0.820171
12744000 0.820171
12745000 0.820171
12746000 0.820171
12747000 0.820171
12748000 0.820171
12749000 0.820171
12750000 0.820171
12751000 0.820171
12752000 0.820171
12753000 0.820171
12754000 0.820171
12755000 0.82017
12756000 0.82017
12757000 0.82017
12758000 0.82017
12759000 0.82017
12760000 0.82017
12761000 0.82017
12762000 0.82017
12763000 0.82017
12764000 0.82017
12765000 0.82017
12766000 0.82017
12767000 0.82017
12768000 0.820169
12769000 0.820169
12770000 0.820169
12771000 0.820169
12772000 0.820169
12773000 0.820169
12774000 0.820169
12775000 0.820169
12776000 0.820169
12777000 0.820169
12778000 0.820168
12779000 0.820168
12780000 0.820168
12781000 0.820168
12782000 0.820168
12783000 0.820168
12784000 0.820168
12785000 0.820168
12786000 0.820167
12787000 0.820167
12788000 0.820167
12789000 0.820167
12790000 0.820167
12791000 0.820167
12792000 0.820167
12793000 0.820166
12794000 0.820166
12795000 0.820166
12796000 0.820166
12797000 0.820166
12798000 0.820166
12799000 0.820166
12800000 0.820165
12801000 0.820165
12802000 0.820165
12803000 0.820165
12804000 0.820165
12805000 0.820164
12806000 0.820164
12807000 0.820164
12808000 0.820164
12809000 0.820164
12810000 0.820164
12811000 0.820163
12812000 0.820163
12813000 0.820163
12814000 0.820163
12815000 0.820163
12816000 0.820162
12817000 0.820162
12818000 0.820162
12819000 0.820162
12820000 0.820162
12821000 0.820161
12822000 0.820161
12823000 0.820161
12824000 0.820161
12825000 0.82016
12826000 0.82016
12827000 0.82016
12828000 0.82016
12829000 0.820159
12830000 0.820159
12831000 0.820159
12832000 0.820159
12833000 0.820159
12834000 0.820158
12835000 0.820158
12836000 0.820158
12837000 0.820158
12838000 0.820157
12839000 0.820157
12840000 0.820157
12841000 0.820157
12842000 0.820156
12843000 0.820156
12844000 0.820156
12845000 0.820155
12846000 0.820155
12847000 0.820155
12848000 0.820155
12849000 0.820154
12850000 0.820154
12851000 0.820154
12852000 0.820154
12853000 0.820153
12854000 0.820153
12855000 0.820153
12856000 0.820152
12857000 0.820152
12858000 0.820152
12859000 0.820151
12860000 0.820151
12861000 0.820151
12862000 0.820151
12863000 0.82015
12864000 0.82015
12865000 0.82015
12866000 0.820149
12867000 0.820149
12868000 0.820149
12869000 0.820148
12870000 0.820148
12871000 0.820148
12872000 0.820147
12873000 0.820147
12874000 0.820147
12875000 0.820146
12876000 0.820146
12877000 0.820146
12878000 0.820145
12879000 0.820145
12880000 0.820145
12881000 0.820144
12882000 0.820144
12883000 0.820144
12884000 0.820143
12885000 0.820143
12886000 0.820143
12887000 0.820142
12888000 0.820142
12889000 0.820142
12890000 0.820141
12891000 0.820141
12892000 0.82014
12893000 0.82014
12894000 0.82014
12895000 0.820139
12896000 0.820139
12897000 0.820139
12898000 0.820138
12899000 0.820138
12900000 0.820137
12901000 0.820137
12902000 0.820137
12903000 0.820136
12904000 0.820136
12905000 0.820136
12906000 0.820135
12907000 0.820135
12908000 0.820134
12909000 0.820134
12910000 0.820134
12911000 0.820133
12912000 0.820133
12913000 0.820132
12914000 0.820132
12915000 0.820132
12916000 0.820131
12917000 0.820131
12918000 0.82013
12919000 0.82013
12920000 0.820129
12921000 0.820129
12922000 0.820129
12923000 0.820128
12924000 0.820128
12925000 0.820127
12926000 0.820127
12927000 0.820126
12928000 0.820126
12929000 0.820126
12930000 0.820125
12931000 0.820125
12932000 0.820124
12933000 0.820124
12934000 0.820123
12935000 0.820123
12936000 0.820122
12937000 0.820122
12938000 0.820122
12939000 0.820121
12940000 0.820121
12941000 0.82012
12942000 0.82012
12943000 0.820119
12944000 0.820119
12945000 0.820118
12946000 0.820118
12947000 0.820117
12948000 0.820117
12949000 0.820116
12950000 0.820116
12951000 0.820115
12952000 0.820115
12953000 0.820114
12954000 0.820114
12955000 0.820113
12956000 0.820113
12957000 0.820113
12958000 0.820112
12959000 0.820112
12960000 0.820111
12961000 0.820111
12962000 0.82011
12963000 0.82011
12964000 0.820109
12965000 0.820109
12966000 0.820108
12967000 0.820108
12968000 0.820107
12969000 0.820106
12970000 0.820106
12971000 0.820105
12972000 0.820105
12973000 0.820104
12974000 0.820104
12975000 0.820103
12976000 0.820103
12977000 0.820102
12978000 0.820102
12979000 0.820101
12980000 0.820101
12981000 0.8201
12982000 0.8201
12983000 0.820099
12984000 0.820099
12985000 0.820098
12986000 0.820098
12987000 0.820097
12988000 0.820096
12989000 0.820096
12990000 0.820095
12991000 0.820095
12992000 0.820094
12993000 0.820094
12994000 0.820093
12995000 0.820093
12996000 0.820092
12997000 0.820091
12998000 0.820091
12999000 0.82009
13000000 0.82009
