# Time-averaged data for fix output_pressure
# TimeStep v_pxx v_pyy v_pzz v_pxy v_pxz v_pyz c_thermo_press
10002000 706.069 504.918 518.307 10.3809 31.969 54.1717 576.431
10003000 619.919 621.64 571.115 -47.8073 -12.2278 -23.3575 604.225
10004000 725.125 524.868 521.9 25.4718 89.9571 -93.9013 590.631
10005000 612.811 430.935 360.902 -73.8533 18.8797 23.0782 468.216
10006000 717.508 461.786 470.812 25.8096 53.9031 -80.139 550.036
10007000 758.955 545.391 543.029 4.0262 131.112 -26.6977 615.792
10008000 635.093 424.27 342.645 52.4007 70.4171 -47.6656 467.336
10009000 574.627 318.185 374.546 13.299 56.3282 -86.4194 422.453
10010000 566.496 445.678 458.099 11.7755 77.2215 -5.37718 490.091
10011000 596.951 391.266 499.411 -22.3072 28.9809 -128.772 495.876
10012000 460.182 248.429 533.304 39.7688 56.6884 46.6781 413.972
10013000 664.008 553.632 626.925 38.6938 82.4539 -73.1972 614.855
10014000 676.838 556.393 652.551 9.38559 71.4882 46.6778 628.594
10015000 844.856 438.964 618.088 119.152 63.4171 -12.4109 633.97
10016000 348.655 336.254 455.267 111.74 37.6938 -34.2429 380.059
10017000 664.458 340.559 422.491 40.4229 11.858 28.5388 475.836
10018000 533.332 402.777 385.146 28.3888 -40.8999 54.6824 440.418
10019000 486.702 303.425 605.493 101.112 113.958 -99.5748 465.207
10020000 515.024 439.008 626.868 -32.3328 102.2 16.5997 526.966
10021000 236.941 330.764 571.538 -77.5351 207.283 -16.9596 379.747
10022000 143.67 250.56 306.597 20.5072 114.194 -17.1066 233.609
10023000 304.991 357.719 367.241 -108.544 76.9961 -29.9792 343.317
10024000 384.39 283.898 460.273 -30.1852 45.6411 39.8392 376.187
10025000 439.146 507.784 367.006 -150.755 53.1684 -6.45876 437.979
10026000 358.445 180.467 416.674 -39.2864 76.2677 -57.1209 318.529
10027000 420.778 286.968 295.887 -48.9397 19.2533 -29.2123 334.544
10028000 345.754 263.704 278.681 31.4019 -1.72186 4.1575 296.046
10029000 494.634 396.023 582.635 -32.6369 74.284 -6.75606 491.097
10030000 629.29 454.52 447.705 -56.4233 131.034 36.3714 510.505
10031000 665.724 420.251 605.967 -101.209 131.518 -25.4612 563.981
10032000 581.669 497.032 413.431 -29.5996 192.162 74.0674 497.377
10033000 486.589 204.849 463.635 -12.0859 70.2438 -36.8003 385.024
10034000 440.409 271.251 382.421 32.2255 27.9984 -89.9308 364.694
10035000 270.286 72.6867 337.345 31.5521 192.753 -62.8541 226.772
10036000 391.371 162.113 365.778 -45.6663 -10.9073 7.52394 306.421
10037000 317.027 175.078 490.247 87.8381 6.02097 -70.5337 327.451
10038000 522.076 309.531 384.206 6.38763 38.7453 -119.978 405.271
10039000 660.119 463.778 422.804 176.015 59.3829 -43.7739 515.567
10040000 329.917 243.338 463.592 59.3116 85.239 36.8611 345.615
10041000 334.198 41.0793 491.98 -3.59302 -24.2874 -59.1953 289.086
10042000 443.563 197.149 587.638 68.379 2.26944 48.189 409.45
10043000 346.268 121.357 363.775 124.202 -23.9418 -27.8569 277.133
10044000 384.044 369.168 472.136 17.6431 40.9069 -51.0964 408.449
10045000 367.902 187.568 267.455 39.087 48.0121 40.3398 274.308
10046000 419.312 400.214 498.854 -23.4572 0.162057 -95.03 439.46
10047000 137.961 252.14 266.547 131.725 67.5914 -241.459 218.883
10048000 332.348 317.693 221.756 29.1197 22.0366 -59.7677 290.599
10049000 62.1616 143.47 244.141 -17.6375 -54.6113 51.8849 149.924
10050000 352.746 280.774 349.412 57.2083 2.77293 -5.77284 327.644
10051000 323.092 318.689 394.325 33.6491 83.755 13.0018 345.369
10052000 171.321 308.613 184.187 60.073 -1.1498 -58.9376 221.374
10053000 215.89 282.133 189.151 -50.6381 73.1815 -83.5692 229.058
10054000 435.218 218.46 219.068 -105.843 -15.5452 -83.1333 290.915
10055000 272.196 146.565 263.857 -32.3246 25.4466 -17.009 227.539
10056000 323.124 225.546 261.239 5.22178 15.9056 -12.4974 269.97
10057000 359.885 280.286 91.2349 -15.3181 57.8344 -29.4598 243.802
10058000 508.07 297.554 243.855 122.145 28.7946 15.665 349.826
10059000 275.919 187.249 87.4646 48.823 86.3155 -9.99125 183.544
10060000 412.799 164.352 277.211 14.0696 -24.1035 55.2501 284.787
10061000 289.304 200.692 301.473 -95.0842 141.966 81.155 263.823
10062000 204.517 233.912 153.813 -15.078 34.7954 20.4784 197.414
10063000 220.387 237.158 274.906 -97.2206 49.3894 66.9234 244.15
10064000 158.431 215.282 145.945 -94.6881 72.4599 35.5154 173.22
10065000 371.005 286.21 286.017 -81.4979 88.47 60.5581 314.411
10066000 319.493 322.169 260.755 -83.9294 44.1525 26.4408 300.805
10067000 381.241 313.466 517.086 -94.5987 86.289 22.165 403.931
10068000 350.129 347.16 354.854 -40.5747 31.2795 41.0475 350.714
10069000 201.647 199.71 349.492 -68.3804 -38.8356 37.239 250.283
10070000 345.606 261.565 358.133 51.5517 8.12549 51.7767 321.768
10071000 482.244 308.232 502.311 -54.7576 -32.7481 -99.2024 430.929
10072000 375.585 117.706 498.294 -44.5994 34.8302 26.0253 330.528
10073000 263.67 66.27 332.154 -57.3206 -67.4264 52.3177 220.698
10074000 529.317 293.181 460.319 -69.5862 21.686 32.05 427.606
10075000 128.871 90.7382 359.295 -43.3723 -29.3966 70.9955 192.968
10076000 157.965 147.582 224.777 -91.5699 -23.4079 -15.1965 176.775
10077000 131.165 75.3309 330.115 -69.2987 -79.8906 -12.3973 178.87
10078000 70.4087 214.58 291.097 -62.3213 -53.0108 28.7787 192.029
10079000 143.266 115.982 277.673 -94.5936 33.223 -18.8393 178.974
10080000 87.9501 17.7721 215.162 -129.031 75.4554 -8.78337 106.961
10081000 273.171 47.7174 383.737 -132.143 55.1891 6.55497 234.875
10082000 185.111 165.845 356.393 -60.9207 32.041 63.1003 235.783
10083000 356.287 297.832 339.706 -13.5471 -38.1087 38.3614 331.275
10084000 337.407 173.883 306.742 18.2941 -27.759 -36.7259 272.677
10085000 333.659 231.339 272.452 -79.5811 75.0314 2.37406 279.15
10086000 314.831 242.568 400.64 -33.3047 59.18 -46.1857 319.346
10087000 191.28 63.0004 248.76 -13.2549 42.2241 18.0538 167.68
10088000 380.448 194.029 343.103 -90.1859 -17.3267 24.1111 305.86
10089000 408.954 210.106 383.036 -29.5983 -34.6632 70.4615 334.032
10090000 432.578 359.248 475.112 -52.4274 28.2337 -32.4382 422.313
10091000 396.711 152.368 420.853 27.8721 35.7481 -42.3078 323.311
10092000 169.07 137.04 306.97 6.18081 -46.0388 -59.6883 204.36
10093000 388.758 217.095 371.524 -82.3868 -10.346 -61 325.792
10094000 344.142 138.045 244.22 -24.203 76.7794 -24.9249 242.136
10095000 395.07 347.872 315.663 74.033 75.7793 6.6453 352.868
10096000 388.785 395.766 216.349 69.7891 5.15469 -118.08 333.633
10097000 330.768 254.893 277.215 63.6313 130.634 14.6604 287.626
10098000 336.493 262.715 304.352 -39.5092 9.78776 -103.137 301.186
10099000 370.07 209.654 446.782 4.10872 -15.4727 2.41216 342.169
10100000 552.29 290.425 375.435 -28.0337 -11.8044 -52.3419 406.05
10101000 525.208 348.948 363.202 -37.2456 32.6999 -3.54669 412.452
10102000 358.752 300.541 287.829 -9.20261 34.1249 -38.6339 315.707
10103000 488.017 219.558 415.316 -32.871 31.7359 -11.1224 374.297
10104000 423.556 261.776 424.047 -51.0972 -16.1866 47.8349 369.793
10105000 423.359 179.554 273.367 -193.899 32.4807 52.1051 292.093
10106000 410.138 229.385 364.532 -185.564 18.2464 -59.5233 334.685
10107000 393.221 269.954 260.808 -62.7018 11.6945 42.5217 307.994
10108000 384.702 279.653 184.485 -81.3075 -1.45534 108.196 282.946
10109000 388.535 276.612 245.938 67.5871 -44.7714 93.1715 303.695
10110000 424.873 204.074 236.12 -13.9265 -30.3891 43.9636 288.356
10111000 390.935 221.618 284.006 40.7482 -58.4528 78.8818 298.853
10112000 251.282 148.934 411.442 47.6081 31.5091 47.406 270.552
10113000 313.554 170.25 261.481 0.43448 78.0487 -96.8681 248.428
10114000 363.336 237.417 190.661 6.36145 172.146 48.041 263.805
10115000 381.221 217.157 457.326 -20.0807 26.0332 52.0944 351.901
10116000 427.704 162.201 292.355 -22.6267 65.929 51.91 294.087
10117000 242.621 40.7189 268.233 34.358 -64.164 69.9572 183.858
10118000 397.583 323.114 402.369 -9.68282 -20.6049 92.1316 374.356
10119000 484.163 475.482 408.2 -15.3633 -40.4172 13.6121 455.948
10120000 485.22 434.469 292.725 14.7063 -51.9784 -46.6178 404.138
10121000 315.213 299.928 383.855 73.2659 69.7021 -67.1812 332.999
10122000 275.798 140.628 246.381 -27.3231 -20.5464 -49.3501 220.935
10123000 481.613 351.421 423.597 70.9955 -36.613 -28.3148 418.877
10124000 291.841 198.277 368.618 62.5134 -72.557 3.70292 286.245
10125000 438.793 266.079 607.804 138.145 -55.7495 -81.6662 437.559
10126000 384.463 168.121 340.923 68.6956 60.3558 31.2226 297.836
10127000 378.724 204.579 239.059 7.72226 -23.3597 -48.1197 274.121
10128000 367.998 227.676 295.339 63.2851 -21.2402 22.3928 297.005
10129000 262.86 326.089 361.95 -17.6766 50.1115 38.2848 316.966
10130000 331.957 190.408 260.789 20.1388 119.712 -58.6778 261.052
10131000 369.162 334.695 359.319 109.742 46.62 -65.3195 354.392
10132000 307.772 109.727 354.949 27.7029 63.6608 -59.6573 257.483
10133000 404.407 208.264 275.212 47.3494 157.245 9.36389 295.961
10134000 435.739 284.22 395.302 1.26649 161.075 19.6333 371.754
10135000 326.84 284.314 373.66 -58.6034 135.65 49.7871 328.272
10136000 289.794 417.211 275.658 -10.4148 32.4071 -43.6769 327.555
10137000 254.826 132.922 124.249 75.8377 32.1867 -50.1152 170.666
10138000 313.28 139.131 220.378 125.536 83.9934 -42.6722 224.263
10139000 454.349 254.885 330.977 167.327 51.6757 22.0604 346.737
10140000 421.884 199.124 247.473 106.644 27.9908 19.93 289.494
10141000 480.19 263.422 230.322 110.2 71.6877 44.7459 324.645
10142000 176.34 12.0803 33.9533 120.723 63.2245 11.6126 74.1244
10143000 168.66 28.8983 218.796 75.8915 156.662 -51.2435 138.785
10144000 233.719 -64.0484 95.3701 1.55525 62.36 85.0805 88.3469
10145000 147.664 74.9225 338.199 -8.92344 -40.1855 57.7036 186.928
10146000 234.95 290.146 170.856 11.842 -35.8177 72.3193 231.984
10147000 298.427 349.557 256.455 93.8339 -57.3901 -22.4643 301.48
10148000 258.764 84.3623 266.171 93.4603 -20.1183 -30.0763 203.099
10149000 332.302 330.814 247.199 -13.8475 -17.035 59.5607 303.438
10150000 347.798 276.725 197.606 44.1821 -29.5337 -19.6948 274.043
10151000 301.308 217.525 100.898 111.662 36.1033 -54.7233 206.577
10152000 388.258 276.938 205.841 95.8725 -16.5411 15.0153 290.346
10153000 265.17 154.055 46.4979 27.9608 15.6425 39.2817 155.241
10154000 189.562 258.469 169.016 58.4546 116.284 1.85793 205.683
10155000 301.549 284.597 170.627 139.259 100.465 -79.1902 252.257
10156000 45.8331 166.882 223.465 30.8607 23.9795 -59.1553 145.393
10157000 272.556 253.236 119.778 18.7049 19.0037 0.330555 215.19
10158000 224.787 46.5874 49.5351 85.775 77.4399 26.3619 106.97
10159000 212.431 130.567 319.53 67.0877 62.1914 69.2015 220.843
10160000 302.51 133.301 99.9382 42.5999 -47.7969 -63.7353 178.583
10161000 178.5 270.838 311.659 14.0108 35.2281 -33.8453 253.666
10162000 112.656 119.065 154.104 93.9868 16.0517 25.3923 128.608
10163000 283.765 388.77 189.311 60.8381 -84.9245 13.0561 287.282
10164000 87.2075 58.7667 -56.3929 8.21434 -6.82917 125.582 29.8604
10165000 113.542 173.237 36.5785 117.679 59.9714 109.694 107.786
10166000 292.487 194.076 61.2093 59.752 42.7126 60.0963 182.591
10167000 109.291 14.1449 172.7 11.2662 4.04185 25.6265 98.712
10168000 114.631 116.292 193.5 134.693 86.7786 -3.45394 141.474
10169000 100.029 216.604 326.687 220.173 -1.47995 -121.374 214.44
10170000 196.677 111.18 166.663 7.85616 36.0323 -15.9061 158.173
10171000 196.53 269.172 189.193 82.3406 -41.9594 3.57781 218.298
10172000 268.851 245.732 270.284 5.87111 5.88976 -92.904 261.622
10173000 300.171 218.813 278.625 42.5882 75.8662 36.1977 265.87
10174000 141.82 215.307 177.131 77.4655 23.0021 20.8504 178.086
10175000 387.831 296.479 358.81 99.3885 -11.9517 12.7114 347.707
10176000 362.879 186.379 265.97 72.3012 -5.84247 78.2593 271.743
10177000 294.245 239.608 198.537 72.3636 -19.0211 -56.0707 244.13
10178000 336.346 185.794 120.239 38.0354 -19.4676 -12.2346 214.126
10179000 325.923 309.578 163.805 100.347 -3.40183 -152.425 266.435
10180000 302.922 12.0621 230.201 9.94238 66.7883 -64.3869 181.728
10181000 132.93 19.0669 224.28 -138.203 28.5621 -78.6417 125.426
10182000 339.775 172.15 173.613 -149.339 -6.74948 -25.8219 228.513
10183000 173.139 80.8022 303.141 -58.1287 -6.54298 4.70119 185.694
10184000 340.26 37.1901 371.052 -84.4513 40.345 61.4176 249.501
10185000 340.543 158.547 335.772 -30.0294 -36.6421 -60.9755 278.287
10186000 273.735 82.2687 249.301 42.6036 -15.8341 -16.5381 201.768
10187000 324.362 224.626 201.194 4.92451 46.018 6.90645 250.061
10188000 207.199 203.494 107.146 7.62955 18.6761 -34.8489 172.613
10189000 299.623 187.033 112.836 -151.132 70.0551 -115.301 199.831
10190000 71.8184 34.8802 -40.9532 -101.223 15.3774 -130.139 21.9151
10191000 224.401 136.149 245.945 -112.525 38.6872 -47.4345 202.165
10192000 280.552 332.867 431.231 -14.8097 -18.2492 50.6992 348.217
10193000 224.595 266.966 242.286 -12.9379 -2.65343 -112.892 244.616
10194000 405.608 192.416 331.658 -199.074 -21.469 -151.55 309.894
10195000 285.604 258.64 208.24 8.33704 46.2894 -61.2501 250.828
10196000 152.979 108.092 220.447 -81.1479 9.34417 -11.1088 160.506
10197000 18.516 80.7705 179.965 -26.9023 -65.0119 -83.4544 93.0839
10198000 110.154 217.79 218.803 -23.4487 -27.6463 -55.5089 182.249
10199000 142.456 161.38 179.213 1.0939 -40.0967 42.7125 161.016
10200000 184.649 253.732 283.119 37.5508 -19.3111 -18.0114 240.5
10201000 276.131 422.03 284.312 13.7833 -49.0191 -11.3969 327.491
10202000 228.301 195.646 268.666 45.5607 -11.6652 -0.509449 230.871
10203000 162.73 166.612 251.961 -55.6781 -48.8565 50.4981 193.768
10204000 388.723 229.105 260.94 -62.3503 -40.6999 28.2797 292.922
10205000 413.47 377.49 188.634 61.6419 112.751 102.316 326.531
10206000 387.899 238.736 105.492 -23.2517 1.23725 -36.8317 244.042
10207000 454.407 173.485 -4.81111 54.5738 67.9527 -41.8298 207.694
10208000 372.448 94.8227 50.1712 64.5889 42.2505 -50.5451 172.481
10209000 548.155 259.571 196.485 -35.5981 -3.09427 51.7678 334.737
10210000 313.208 125.758 104.996 -34.4709 -22.3668 37.0817 181.32
10211000 271.246 154.647 165.174 -66.6801 17.576 51.8512 197.022
10212000 244.27 58.6288 221.57 34.7708 20.1582 -42.106 174.823
10213000 140.794 34.5865 105.541 77.0279 -121.338 -65.4231 93.6405
10214000 149.176 194.845 84.5996 -50.8865 -139.379 30.7325 142.874
10215000 128.362 61.9096 167.323 -56.8731 -31.8528 23.0278 119.198
10216000 302.073 58.8647 202.225 34.7668 68.7428 -18.6639 187.721
10217000 121.2 55.075 106.427 -8.78249 66.9219 9.68277 94.2341
10218000 292.744 238.923 269.002 -78.912 87.0399 92.36 266.89
10219000 420.929 340.178 358.304 -1.74772 111.351 -25.8187 373.137
10220000 319.46 230.959 212.924 -79.1844 70.7039 22.3984 254.448
10221000 454.392 366.135 434.933 -35.2057 21.2398 38.1641 418.487
10222000 372.655 251.399 165.408 -145.234 1.71035 -5.15722 263.154
10223000 464.851 330.1 222.673 -112.422 37.9537 -67.1788 339.208
10224000 390.087 219.069 106.172 -33.3276 20.9839 40.2377 238.443
10225000 513.316 319.783 400.226 -57.8176 -5.29243 -74.4376 411.108
10226000 586.249 293.206 383.362 35.7319 -18.4744 86.0625 420.939
10227000 403.404 241.768 282.355 11.3474 -38.1116 59.5382 309.175
10228000 379.661 226.72 346.887 146.561 -64.3506 111.545 317.756
10229000 254.968 147.441 237.809 -6.50094 -51.735 46.1644 213.406
10230000 293.791 89.2061 466.177 -38.8404 -18.5772 40.5451 283.058
10231000 253.333 -7.47953 360.846 -32.8995 6.87419 7.54474 202.233
10232000 327.97 221.229 310.446 -27.7903 40.3306 -0.135673 286.548
10233000 253.178 129.825 328.336 -51.7459 -46.6981 21.0397 237.113
10234000 227.228 187.825 253.269 -64.2114 -8.07013 82.4726 222.774
10235000 372.255 173.986 347.07 -25.2775 56.6942 30.1171 297.77
10236000 360.514 87.6767 199.829 -85.3747 5.04836 14.2446 216.007
10237000 241.235 66.942 143.436 -33.5272 -14.2715 5.57227 150.538
10238000 314.689 64.5238 338.411 -63.7258 -0.808909 93.4228 239.208
10239000 307.713 -65.1197 284.027 88.737 -45.7855 18.157 175.54
10240000 230.375 154.959 95.9485 11.8835 77.2659 1.07942 160.427
10241000 325.546 69.3462 179.341 93.1085 -56.8006 -3.27837 191.411
10242000 246.298 106.398 204.296 0.132991 17.8781 32.3356 185.664
10243000 285.269 101.219 268.598 34.4919 21.7669 16.5243 218.362
10244000 308.187 213.685 352.082 1.15879 37.0021 -63.1068 291.318
10245000 216.737 147.477 202.426 54.3024 13.2069 -50.2183 188.88
10246000 198.309 155.493 157.893 101.348 51.8826 21.7269 170.565
10247000 256.235 208.173 26.7408 -33.4264 -27.7261 -5.72522 163.716
10248000 247.102 248.281 33.2031 9.71095 35.7186 -104.411 176.195
10249000 254.626 289.675 186.685 19.3554 -48.321 -56.974 243.662
10250000 128.018 172.078 25.493 56.982 -51.8603 -92.9775 108.53
10251000 194.601 334.812 135.983 -12.036 -30.9203 3.58704 221.799
10252000 323.188 277.356 161.145 -97.1093 -54.362 -122.265 253.896
10253000 368.407 342.675 320.232 -12.4611 -48.6981 -93.0408 343.772
10254000 212.782 300.511 223.774 0.542355 102.96 -95.6697 245.689
10255000 256.839 317.624 311.409 -40.6298 17.008 -181.61 295.291
10256000 305.903 231.364 176.168 -80.8823 57.4106 -97.5586 237.812
10257000 283.593 334.936 419.064 -0.327184 55.867 -17.4077 345.864
10258000 247.357 261.456 316.073 19.9651 -0.574446 87.8364 274.962
10259000 65.0138 167.956 3.01263 64.803 41.3973 -27.6578 78.6609
10260000 238.562 281.043 349.818 -16.1414 18.7551 -68.7973 289.808
10261000 196.636 156.069 305.408 -24.8036 -15.1525 4.07342 219.371
10262000 191.402 -9.93436 180.994 -13.4651 45.5192 -32.8057 120.821
10263000 220.058 25.7406 109.939 -28.8586 16.9539 58.6134 118.579
10264000 146.512 92.5305 114.984 122.727 -4.43439 -2.65872 118.009
10265000 183.308 -47.2023 97.3051 27.5008 -42.2628 6.7172 77.8037
10266000 223.723 104.577 -13.6807 -99.6909 -31.2637 -72.36 104.873
10267000 200.322 296.827 90.0049 -102.945 -48.8861 -119.475 195.718
10268000 247.027 285.348 382.773 -133.197 60.6929 -22.8431 305.049
10269000 182.69 433.684 169.299 27.052 38.9489 61.8527 261.891
10270000 164.185 133.013 68.7317 1.81315 92.615 25.908 121.976
10271000 138.234 246.11 255.555 -5.30285 23.5175 -50.0581 213.3
10272000 300.919 323.488 298.313 26.88 49.2566 -111.132 307.573
10273000 568.599 469.438 415.325 -41.2195 -26.2769 -44.6426 484.454
10274000 228.764 106.79 340.294 -26.3145 60.7379 -96.0911 225.283
10275000 278.934 27.7625 322.05 65.8913 -33.4043 -101.677 209.582
10276000 302.569 163.872 304.218 -56.8272 -94.5967 -44.0875 256.887
10277000 345.572 264.439 231.053 44.6144 138.912 -12.2332 280.355
10278000 489.969 350.751 406.471 28.8163 17.9204 8.35613 415.731
10279000 247.905 254.268 161.486 30.5896 35.4494 -111.798 221.219
10280000 105.39 96.2664 63.9954 -15.5761 -62.9535 -53.5421 88.5505
10281000 269.088 99.0382 123.275 64.1873 -40.5527 -1.06697 163.8
10282000 97.2944 220.178 43.0517 88.7307 22.5335 2.93017 120.175
10283000 55.7343 68.2114 92.4366 21.9848 52.4691 141.507 72.1274
10284000 71.8779 252.528 217.132 -70.5564 65.6981 21.7499 180.513
10285000 -18.3108 97.5668 138.805 -22.8499 35.8403 -5.27981 72.687
10286000 93.8839 116.821 37.3983 57.6274 20.4483 -33.5652 82.7011
10287000 120.621 91.4856 295.734 95.2814 -22.8341 -11.2679 169.28
10288000 174.769 64.9342 169.03 -2.55593 12.4591 15.0437 136.245
10289000 -36.9378 -121.065 100.185 7.64587 -126.892 -10.6332 -19.2725
10290000 -41.6803 21.4336 186.653 28.9591 -108.776 -36.8077 55.4689
10291000 42.6169 57.9841 174.819 7.90814 -10.2765 -1.73051 91.8066
10292000 50.0485 25.9359 -39.4819 11.6507 -20.1126 -71.0359 12.1675
10293000 161.488 149.256 137.201 149.673 -34.3714 -15.86 149.315
10294000 62.5822 38.3922 119.837 -4.36007 -94.684 -139.022 73.6039
10295000 148.247 136.431 90.0434 34.3878 -30.7197 -97.5726 124.907
10296000 233.856 303.15 339.344 148.24 74.8921 -48.4022 292.116
10297000 161.857 246.672 196.782 108.629 45.2721 -10.2962 201.77
10298000 287.157 141.731 341.789 118.472 132.932 -50.6221 256.892
10299000 97.4276 154.831 80.1051 87.1202 72.2219 -8.68359 110.788
10300000 141.138 167.752 163.503 47.4053 32.1015 -83.8132 157.464
10301000 97.8985 91.7647 105.932 27.5645 10.0912 -104.261 98.5316
10302000 167.683 107.907 130.084 65.4833 -47.5701 -50.821 135.225
10303000 34.082 146.356 188.091 -87.9959 -113.033 7.66168 122.843
10304000 136.565 103.577 127.737 -46.9499 -108.988 -91.4002 122.626
10305000 264.09 120.681 402.9 17.1123 -133.934 -14.0975 262.557
10306000 15.1172 97.8896 167.224 68.22 -120.358 7.39775 93.4104
10307000 52.3333 -1.48683 65.9021 42.73 -21.5195 51.9758 38.9162
10308000 102.411 221.583 85.2176 16.8534 16.4593 -26.4318 136.404
10309000 100.022 54.9844 31.0104 118.097 -44.779 2.27767 62.0057
10310000 10.6842 96.088 152.746 51.6857 -43.2098 1.54464 86.5061
10311000 95.6943 -25.8235 112.993 6.85484 -86.3815 -54.3978 60.9545
10312000 118.088 131.803 -17.5725 69.858 -39.155 29.2188 77.4397
10313000 215.894 257.209 63.6351 39.2854 -69.5031 -13.512 178.913
10314000 81.9946 173.512 116.656 13.8786 -186.751 -21.8239 124.054
10315000 157.675 114.299 8.66238 20.6088 -62.6118 -8.65949 93.5454
10316000 41.9958 101.23 16.8441 75.5541 -27.6628 8.93564 53.3567
10317000 241.87 105.473 265.939 109.428 10.5884 116.212 204.427
10318000 178.18 22.012 87.4061 77.9912 -103.973 0.403682 95.8661
10319000 56.1723 134.269 14.2305 -31.8444 -93.8474 -8.41802 68.224
10320000 116.359 167.041 41.4199 128.259 -63.0393 -14.3463 108.273
10321000 123.323 77.7356 162.799 -21.2801 13.5621 -52.5146 121.286
10322000 148.355 13.867 39.8791 19.6198 -32.0355 21.4225 67.3671
10323000 171.68 65.0627 40.8649 83.344 3.52114 33.3434 92.5358
10324000 185.365 163.334 327.046 10.6496 -52.0957 -7.31829 225.248
10325000 81.5815 -107.017 154.855 29.5605 -116.721 -8.09559 43.1398
10326000 236.022 -43.8621 38.4706 11.5115 -7.84922 56.1083 76.8768
10327000 118.816 216.065 72.9844 -28.5732 -94.4554 -54.3121 135.955
10328000 45.617 166.958 116.008 -17.7535 -35.2649 9.21694 109.528
10329000 136.775 77.1211 96.556 -45.1541 -25.8388 75.7278 103.484
10330000 -26.8973 76.7655 211.208 34.0223 28.2895 64.8703 87.0254
10331000 -27.3833 -16.893 239.54 23.9678 -24.6286 115.382 65.088
10332000 -12.0124 181.396 -29.9728 -50.8167 36.7484 70.0251 46.4703
10333000 163.638 141.874 73.0376 -2.43817 -37.3096 114.702 126.183
10334000 146.362 108.303 112.549 -25.4281 -40.8526 149.293 122.405
10335000 231.651 273.344 225.266 -72.0042 -45.154 78.9552 243.42
10336000 95.7501 172.156 211.392 -31.8402 -7.16644 161.488 159.766
10337000 162.032 89.3754 118.693 52.3303 23.2653 24.2414 123.367
10338000 151.054 68.2636 243.059 27.3209 36.5523 77.4016 154.125
10339000 199.203 346.344 205.923 27.3686 102.897 46.0518 250.49
10340000 253.663 340.335 174.094 -57.7659 -50.1691 69.992 256.031
10341000 227.597 86.2889 63.2053 -94.8176 -121.725 96.0647 125.697
10342000 241.871 289.529 -30.7929 -8.46174 24.7509 -123.863 166.869
10343000 218.139 276.006 89.6676 98.6645 -46.0575 -67.2444 194.604
10344000 192.609 103.39 133.572 121.671 -9.54424 -68.1165 143.19
10345000 357.02 60.4305 114.797 -1.30419 17.7542 -96.0331 177.416
10346000 214.576 98.9155 260.57 -18.2753 -8.55718 24.9509 191.354
10347000 358.452 196.967 366.457 11.3062 2.6596 -27.6911 307.292
10348000 240.381 83.8159 165.782 115.076 28.4137 -109.913 163.326
10349000 285.058 -40.0684 181.291 24.9236 20.7752 -7.77754 142.093
10350000 409.324 14.7424 202.014 97.0462 -35.2585 86.9067 208.693
10351000 350.965 22.2985 121.771 -22.6105 37.8319 0.791739 165.011
10352000 299.595 10.2024 325.895 31.1637 136.956 -47.3131 211.898
10353000 296.489 -53.5745 229.483 97.8752 27.7736 -16.6371 157.466
10354000 262.068 130.052 283.391 17.863 -80.118 -19.2285 225.17
10355000 17.8247 216.276 380.873 30.3478 -79.0122 3.46731 204.991
10356000 337.243 411.038 599.68 15.1776 -17.6718 -3.81824 449.32
10357000 362.243 272.006 430.043 117.68 -48.1228 38.877 354.764
10358000 126.368 120.507 151.567 -1.64541 -41.1754 6.77033 132.814
10359000 268.413 148.958 411.368 53.8725 -30.1883 4.20786 276.246
10360000 94.9117 120.173 296.316 130.693 53.3871 -9.19429 170.467
10361000 92.3406 74.9333 327.046 28.3271 8.94643 1.42014 164.773
10362000 144.356 140.296 191.392 63.3335 -1.28176 103.736 158.681
10363000 250.673 18.0753 226.694 40.912 -1.88322 54.4163 165.148
10364000 194.481 290.612 215.912 38.0957 39.8603 14.5027 233.668
10365000 186.468 92.8125 268.048 -21.3672 56.3353 58.699 182.443
10366000 90.9864 72.8134 82.6172 -32.544 34.4927 38.7695 82.139
10367000 3.6884 210.075 179.775 124.883 -19.6246 -2.45855 131.18
10368000 92.1654 275.043 196.642 142.901 64.8501 -15.9904 187.95
10369000 204.614 192.188 176.615 65.0921 44.6047 3.72063 191.139
10370000 15.0706 178.073 73.2284 -15.6458 69.1718 99.2393 88.7906
10371000 258.495 254.671 366.302 9.80402 73.6239 2.20137 293.156
10372000 230.312 27.4309 305.563 39.9847 140.567 93.3654 187.769
10373000 262.476 11.9927 173.137 -1.74949 -13.3672 60.7863 149.202
10374000 357.203 204.375 348.742 138.48 -11.5793 92.7133 303.44
10375000 269.125 147.951 501.208 90.2798 64.0551 -17.1421 306.095
10376000 225.527 230.576 377.766 -24.1977 66.0479 -11.0334 277.956
10377000 290.477 166.732 398.406 44.3034 -51.2481 -5.46098 285.205
10378000 93.714 18.7574 238.209 96.2244 21.785 -16.8805 116.893
10379000 155.936 401.214 418.79 13.6108 1.28079 -73.7282 325.313
10380000 255.413 314.239 435.016 75.7589 -38.9733 -86.8773 334.889
10381000 300.906 310.7 456.902 8.16779 -11.4638 -70.6601 356.17
10382000 299.995 300.256 464.735 -11.5964 106.531 -34.1889 354.996
10383000 203.247 196.634 234.887 -78.9324 -37.4642 -45.2721 211.59
10384000 291.066 214.206 205.29 26.1019 38.953 -43.2442 236.854
10385000 189.046 230.961 280.761 45.8487 -1.53386 -46.5656 233.59
10386000 363.703 430.062 226.507 -26.7407 17.8128 -37.8921 340.091
10387000 245.843 256.507 325.185 48.8473 53.45 -115.869 275.845
10388000 154.888 338.462 156.26 -173.591 22.539 -52.0127 216.537
10389000 145.512 289.386 265.907 -117.193 -15.6728 -30.165 233.602
10390000 387.064 305.244 281.457 -84.5321 -10.5394 -10.7508 324.588
10391000 283.132 281.649 176.222 -111.913 -25.3037 -3.98772 247.001
10392000 326.286 219.388 228.417 -126.204 -49.984 -60.3664 258.03
10393000 371.841 217.384 260.754 -57.4855 37.2332 1.0885 283.326
10394000 420.717 372.335 216.897 -95.1506 -60.2045 13.4834 336.65
10395000 279.15 232.667 213.736 -115.579 8.74079 1.01354 241.851
10396000 461.28 518.339 380.967 -4.21658 -15.4403 -78.506 453.529
10397000 316.641 110.141 188.335 -2.3779 -25.9021 12.9202 205.039
10398000 320.518 328.2 184.838 -83.9528 44.9316 -82.1688 277.852
10399000 300.348 298.299 277.318 -58.0084 -41.5016 23.4053 291.988
10400000 189.661 179.026 60.5667 -37.4414 35.6422 77.4545 143.085
10401000 79.0171 319.617 231.769 -63.6231 -0.0876652 47.2877 210.134
10402000 186.418 407.887 203.212 -116.747 16.7214 -68.5493 265.839
10403000 153.732 223.116 242.459 -74.3158 77.1446 42.1105 206.436
10404000 402.285 403.249 349.13 -132.777 76.0777 32.4913 384.888
10405000 300.714 235.049 181.661 -68.8846 -27.9938 41.5463 239.142
10406000 152.11 298.71 407.921 -145.539 -56.1963 155.836 286.247
10407000 100.766 334.498 339.713 -206.705 -114.608 66.94 258.326
10408000 280.661 328.01 433.239 -138.835 4.20838 109.35 347.303
10409000 392.835 327.716 357.16 44.3754 32.9564 13.1547 359.237
10410000 287.732 56.9251 553.014 -48.3866 10.6514 58.9785 299.224
10411000 358.504 198.177 296.344 -31.3097 33.416 -17.7349 284.342
10412000 382.372 250.649 415.006 -9.90422 90.2676 -25.992 349.342
10413000 210.28 420.014 495.65 -39.9489 48.6598 11.704 375.315
10414000 184.758 332.148 396.407 -36.8301 -8.70577 -72.4455 304.437
10415000 278.149 298.508 278.532 -85.7617 -71.724 50.5423 285.063
10416000 277.866 218.025 291.6 -36.0731 -73.0965 4.91516 262.497
10417000 241.736 84.4684 312.752 -113.966 10.8796 16.7876 212.985
10418000 250.981 323.628 282.367 20.2155 90.5625 -77.6561 285.659
10419000 242.65 301.85 358.6 13.9312 19.7107 -20.7421 301.033
10420000 274.568 184.956 320.554 -14.9834 -62.0599 -50.5978 260.026
10421000 415.307 301.404 363.247 15.9956 0.453913 -19.7813 359.986
10422000 262.187 266.053 298.293 -96.1361 -6.80813 -33.4242 275.511
10423000 297.291 308.803 292.147 -33.9165 -10.1556 14.8214 299.414
10424000 275.5 221.332 166.766 -25.6958 -26.9806 -39.5909 221.2
10425000 264.015 299.294 382.694 -72.0359 -10.0022 -85.0661 315.334
10426000 152.237 262.03 313.966 -62.5169 74.5627 -16.8618 242.744
10427000 264.423 64.9809 233.474 0.661284 -11.0297 -29.4134 187.626
10428000 215.849 297.976 330.395 -196.307 54.7602 -25.0084 281.407
10429000 228.028 151.71 333.637 -97.2975 69.4757 -2.74046 237.792
10430000 177.169 203.114 433.068 11.101 25.9976 -91.7272 271.117
10431000 151.781 119.099 267.235 -54.0986 67.93 -114.672 179.372
10432000 465.616 117.244 362.668 -50.4969 84.3239 -72.4114 315.176
10433000 359.622 295.742 274.505 -57.2989 100.313 -61.76 309.956
10434000 241.875 316.644 286.717 -86.2498 28.0787 -233.812 281.746
10435000 302.392 361.267 197.921 -17.037 -6.46529 -6.14966 287.193
10436000 225.3 246.22 248.113 -34.1149 25.4809 -25.1211 239.878
10437000 238.467 173.007 176.815 -65.8129 -28.4481 -5.9328 196.096
10438000 349.43 247.94 269.484 16.0018 -23.5782 -22.5427 288.951
10439000 167.866 292.622 275.601 -50.1099 61.5036 -141.975 245.363
10440000 312.677 484.98 340.03 2.34304 -5.28269 47.0224 379.229
10441000 463.131 337.136 391.843 -58.1582 -108.898 26.532 397.37
10442000 86.2074 177.765 207.903 -32.8425 23.6327 29.7325 157.292
10443000 263.549 263.881 190.656 -53.0781 -80.8475 10.6647 239.362
10444000 293.514 389.069 226.219 -12.0843 -16.4693 46.9315 302.934
10445000 218.009 146.168 259.998 -141.574 -12.8434 26.2495 208.058
10446000 265.766 204.979 184.713 -89.6305 -8.24698 -12.1513 218.486
10447000 196.508 208.456 330.307 -124.736 10.7134 9.68203 245.09
10448000 223.561 317.599 510.994 -38.6478 -12.1831 -30.5639 350.718
10449000 137.596 427.112 281.19 -95.5737 -79.8284 20.1753 281.966
10450000 171.676 271.482 341.095 -115.91 -15.8661 14.71 261.418
10451000 98.1804 299.741 386.309 -15.1783 48.3976 -3.9243 261.41
10452000 190.128 196.922 372.848 25.2422 -53.8115 18.8079 253.299
10453000 163.351 175.876 455.463 -122.477 7.07654 44.2776 264.896
10454000 48.1605 296.768 328.835 -97.0343 -9.75909 -16.7222 224.588
10455000 228.779 212.562 456.127 -147.794 -65.3405 -25.8447 299.156
10456000 75.4602 69.3091 304.31 30.0239 92.2275 -3.86565 149.693
10457000 70.2749 131.998 353.607 49.1606 -74.3625 31.2034 185.293
10458000 223.943 374.03 359.986 -59.5096 12.4587 13.48 319.32
10459000 283.182 154.832 203.528 -99.1256 90.255 22.8035 213.848
10460000 261.302 268.206 286.556 -139.089 8.35589 19.4992 272.021
10461000 345.208 168.097 348.225 -76.5709 10.8289 88.607 287.177
10462000 205.356 319.843 270.079 97.9497 25.4272 34.9202 265.093
10463000 55.1048 -81.1964 157.086 74.4791 -4.83965 60.0345 43.6647
10464000 277.407 145.106 339.353 -82.7831 58.0727 46.0375 253.955
10465000 257.827 290.583 339.49 1.64006 33.3933 26.1112 295.966
10466000 223 253.162 409.98 -24.6382 -64.2295 -113.559 295.381
10467000 136.848 82.3972 169.896 -64.244 19.5768 -54.1829 129.714
10468000 225.135 291.828 266.04 -96.9996 26.4718 21.766 261.001
10469000 272.623 320.009 252.767 89.6805 -3.72169 53.6668 281.8
10470000 383.459 248.307 414.86 -48.395 -25.9159 -14.4987 348.875
10471000 233.865 104.915 288.284 -72.491 -4.25321 -0.207604 209.021
10472000 262.909 190.304 328.495 -26.528 -5.00002 -44.0074 260.569
10473000 147.576 250.21 229.127 -119.764 44.8898 112.021 208.971
10474000 325.533 114.539 302.261 25.4273 40.4057 -42.7708 247.444
10475000 297.863 201.983 453.263 -10.2154 23.2866 -35.8874 317.703
10476000 289.127 259.843 440.523 -12.701 167.231 69.9995 329.831
10477000 52.0437 50.4527 203.512 26.7562 135.776 162.351 102.003
10478000 260.847 199.595 382.835 -0.603788 72.0616 198.431 281.092
10479000 250.466 128.712 277.851 20.5956 20.3911 164.397 219.01
10480000 157.192 135.317 232.142 33.4522 64.1788 23.9769 174.884
10481000 183.901 192.317 337.101 42.899 -33.5069 -5.44009 237.773
10482000 83.7989 151.256 263.607 -113.52 -13.129 9.52187 166.221
10483000 194.658 156.015 350.348 -41.5853 60.1887 131.155 233.674
10484000 379.039 252.12 401.027 -36.3936 58.9469 124.936 344.062
10485000 270.829 307.567 408.686 2.88105 -34.0437 20.7307 329.027
10486000 327.743 262.885 308.176 87.535 -39.5268 13.8252 299.601
10487000 330.963 73.2559 371.284 26.1998 -12.0744 43.0236 258.501
10488000 305.185 180.222 322.882 33.3147 -69.0068 74.1997 269.43
10489000 369.417 276.263 428.17 80.5647 -113.835 160.256 357.95
10490000 375.344 217.673 231.529 6.34496 -159.107 27.1903 274.849
10491000 309.235 254.383 157.149 52.9041 89.4706 60.4425 240.255
10492000 231.825 321.207 215.136 -30.3966 81.5644 33.9758 256.056
10493000 64.8159 225.024 115.317 -70.9472 56.2145 -4.62504 135.052
10494000 40.8582 60.6744 153.699 8.39902 -9.82608 37.8047 85.0772
10495000 -5.88112 277.937 213.329 -58.238 39.1756 72.2406 161.795
10496000 164.317 412.922 343.815 -52.3814 23.0055 112.2 307.018
10497000 104.248 135.668 20.854 -60.1806 88.8737 131.817 86.9231
10498000 152.179 145.008 86.7501 16.5739 88.9076 1.55862 127.979
10499000 78.475 138.138 127.045 39.731 157.425 -20.0988 114.553
10500000 217.319 82.4761 101.713 -11.1732 59.5489 20.5666 133.836
10501000 317.992 96.3102 0.104122 -167.749 150.234 100.266 138.135
10502000 313.747 341.049 292.178 -175.196 88.5371 84.4133 315.658
10503000 284.109 248.246 287.009 -8.37753 69.4875 106.373 273.121
10504000 168.542 132.13 266.082 -103 117.115 85.5556 188.918
10505000 227.517 357.106 216.76 39.6597 50.8311 56.8066 267.128
10506000 254.109 264.858 138.91 -95.982 170.295 52.4261 219.292
10507000 247.131 266.625 170.197 -99.1543 42.7009 6.88954 227.985
10508000 358.249 402.658 278.452 54.8746 44.2682 50.338 346.453
10509000 326.568 257.08 141.192 -36.6481 -0.582912 22.7117 241.613
10510000 360.004 361.778 166.816 -95.3703 40.7081 36.6295 296.199
10511000 219.954 267.02 179.105 -42.0854 37.9977 12.2102 222.026
10512000 209.599 180.26 245.426 -8.91022 -27.8025 41.6345 211.762
10513000 343.67 370.049 279.56 75.7354 29.5639 -6.89895 331.093
10514000 334.7 179.754 258.656 -38.8318 52.8061 28.8272 257.704
10515000 140.613 -57.5859 220.533 -106.218 67.7165 51.0346 101.187
10516000 151.855 157.281 252.396 6.99862 -22.663 64.8762 187.177
10517000 141.9 132.06 49.0904 -40.6931 -37.7596 -42.1365 107.683
10518000 261.65 324.007 264.801 -97.112 -154.074 -53.4211 283.486
10519000 125.004 51.6493 179.512 -57.3292 58.843 10.8034 118.722
10520000 34.7256 61.483 93.1273 27.9991 -7.67353 10.0727 63.112
10521000 207.665 217.999 155.537 -152.1 12.9732 -24.1133 193.734
10522000 122.695 253.689 156.079 -33.0765 34.5197 52.9689 177.488
10523000 283.731 264.297 269.225 -20.8791 12.1456 67.5694 272.418
10524000 272.232 125.525 277.981 11.4801 -19.7674 84.8184 225.246
10525000 312.535 243.49 528.478 -12.7124 28.2478 33.8945 361.501
10526000 319.39 208.232 253.297 -89.0776 7.65775 53.8402 260.306
10527000 142.394 18.9524 337.661 -30.6304 15.8733 -18.1569 166.336
10528000 317.675 210.825 367.916 143.863 40.7864 49.2441 298.805
10529000 221.481 315.512 333.828 -41.8949 45.4678 51.1769 290.274
10530000 227.364 229.388 367.974 1.10092 0.0120203 -15.4741 274.909
10531000 235.144 249.188 434.56 -14.1113 19.3468 -67.5964 306.297
10532000 168.762 235.355 268.83 34.4133 116.848 123.917 224.316
10533000 173.633 144.65 253.725 -67.8591 80.9005 -90.8034 190.67
10534000 224.913 119.461 234.019 -137.665 60.6372 -20.161 192.798
10535000 161.655 185.175 248.72 62.3417 25.2565 75.4681 198.517
10536000 228.524 198.697 266.239 86.1712 53.5647 66.767 231.153
10537000 253.088 151.826 233.836 120.535 -3.13128 51.4221 212.917
10538000 275.283 349.208 203.775 9.52224 -21.5859 -7.5154 276.089
10539000 70.9261 -19.7579 161.262 38.6212 56.5276 168.357 70.81
10540000 137.204 110.938 246.568 -24.9771 63.5999 -2.20026 164.903
10541000 268.961 121.845 233.077 -86.5228 42.6358 -38.1654 207.961
10542000 202.949 107.978 253.359 -117.477 -15.54 52.3197 188.095
10543000 242.698 250.775 225.233 -174.491 18.4622 34.2648 239.569
10544000 333.978 432.359 196.66 -116.727 77.2883 85.1297 320.999
10545000 285.062 229.051 227.546 -181.345 40.3313 28.1333 247.22
10546000 230.118 261.673 119.278 -182.69 -22.3066 -27.2513 203.69
10547000 246.747 337.973 333.628 -113.268 41.7565 43.0986 306.116
10548000 256.933 333.447 301.778 -100.607 80.2499 -27.0268 297.386
10549000 268.719 276.216 318.427 -127.585 54.9163 -62.193 287.787
10550000 274.947 290.244 344.402 -106.902 21.4285 -33.4309 303.198
10551000 438.347 422.642 388.604 -70.3253 90.8753 -56.5905 416.531
10552000 205.45 462.84 394.659 -200.824 74.4139 -53.8314 354.317
10553000 329.545 403.077 392.623 -127.253 45.056 -52.6612 375.082
10554000 349.201 438.549 421.233 -73.9453 90.8918 -7.37626 402.995
10555000 107.433 244.701 221.887 -95.7507 53.8364 2.39986 191.34
10556000 29.614 165.78 153.511 -123.995 23.2409 -24.801 116.302
10557000 121.679 351.703 77.7045 -16.576 133.073 49.7856 183.695
10558000 206.616 229.15 40.7402 -77.4984 119.186 -8.47849 158.835
10559000 192.355 163.253 -15.1125 -164.537 66.5743 6.87455 113.498
10560000 -2.23471 155.633 -44.3604 -94.9004 153.104 112.27 36.3459
10561000 272.155 152.748 75.404 -57.701 106.616 141.476 166.769
10562000 404.765 222.206 311.943 19.4286 51.2243 57.1352 312.971
10563000 193.638 91.1891 102.723 39.4507 39.3945 106.437 129.183
10564000 237.219 129.292 318.375 -69.2066 95.2845 13.386 228.296
10565000 294.856 269.729 206.326 18.6149 -10.1757 -20.2642 256.97
10566000 289.194 141.616 62.8575 -60.1421 70.0555 16.578 164.556
10567000 213.912 230.75 138.887 46.7542 123.64 31.4957 194.516
10568000 284.702 382.892 230.172 -25.0437 20.6378 -12.6445 299.255
10569000 247.586 225.749 90.1756 -102.607 76.7318 35.364 187.837
10570000 314.666 325.149 364.783 -20.8111 180.388 43.2412 334.866
10571000 221.13 277.905 305.19 10.0701 155.502 63.3627 268.075
10572000 345.05 164.96 260.214 -54.7519 70.4633 46.7664 256.741
10573000 210.99 48.346 243.844 -69.9588 117.54 41.9969 167.727
10574000 179.057 183.579 143.806 41.0379 57.373 23.1795 168.814
10575000 259.779 234.678 283.331 -56.1036 160.796 32.4891 259.263
10576000 270.04 198.696 256.09 -16.0684 183.87 11.0645 241.609
10577000 372.237 188.386 427.035 -43.9387 89.0559 1.81395 329.219
10578000 315.331 161.593 182.447 -17.186 80.6632 -37.3665 219.79
10579000 397.598 235.734 336.58 -53.5156 53.0514 -81.651 323.304
10580000 297.716 208.206 212.719 -72.6178 107.499 26.0908 239.547
10581000 276.41 331.924 216.924 18.9659 53.1945 -49.5649 275.086
10582000 204.78 354.527 244.993 -10.8789 52.8974 -31.5919 268.1
10583000 177.92 246.291 323.798 -111.866 -5.31062 -29.5599 249.336
10584000 158.263 228.416 88.7518 -33.5829 -9.48548 -6.20706 158.477
10585000 150.422 379.761 212.496 -78.6463 -27.2073 85.69 247.56
10586000 253.485 238.1 118.982 -40.6573 43.9275 73.3786 203.522
10587000 303.357 389.326 362.012 -108.333 34.1668 42.4461 351.565
10588000 177.53 316.144 134.432 -129.806 -36.1357 25.7905 209.369
10589000 276.206 310.907 86.9967 -9.04442 11.1143 25.3156 224.703
10590000 159.562 56.7436 248.4 6.79783 71.5555 -5.09481 154.902
10591000 122.49 258.446 184.41 -11.8641 44.2786 109.99 188.449
10592000 155.447 227.059 -17.5823 24.8898 32.4738 -60.2972 121.641
10593000 159.637 155.474 247.408 101.304 37.8376 -18.4262 187.506
10594000 249.813 252.208 217.704 38.6179 -35.727 -56.2173 239.908
10595000 101.974 215.36 261.743 185.726 38.4632 -54.9624 193.025
10596000 246.383 391.446 260.689 82.4199 4.99976 -66.8595 299.506
10597000 195.775 374.023 208.284 11.9298 144.187 -77.1563 259.36
10598000 106.769 350.441 205.743 42.0683 39.7521 -34.6669 220.984
10599000 97.3712 283.87 235.269 63.4894 -20.8759 39.5979 205.503
10600000 211.085 196.353 141.516 -18.3275 35.8644 -29.6803 182.985
10601000 135.381 121.723 276.99 3.36799 60.4101 47.9513 178.031
10602000 17.358 -7.80401 187.212 41.6008 43.1307 -70.8528 65.5887
10603000 492.178 408.627 183.922 59.003 61.2442 -25.321 361.575
10604000 335.922 364.362 277.534 -7.8751 82.9333 -5.86692 325.939
10605000 310.964 129.123 172.64 36.7482 49.111 -59.0749 204.242
10606000 358.292 124.888 153.624 -35.0005 -30.2174 53.9605 212.268
10607000 392.962 358.948 297.756 -71.834 -32.7221 -132.786 349.889
10608000 95.6589 282.221 190.325 11.049 22.6126 -20.8737 189.402
10609000 289.011 222.181 359.6 -29.8445 90.6185 -0.766469 290.264
10610000 202.01 193.325 298.519 -102.681 63.0516 -103.855 231.285
10611000 316.375 149.728 228.717 -72.7015 106.439 -39.4133 231.607
10612000 177.89 269.876 349.395 -176.306 102.415 6.39326 265.721
10613000 319.763 225.184 299.762 -112.792 58.1322 77.1693 281.57
10614000 267.198 258.322 267.103 -77.8284 -12.5988 53.8867 264.208
10615000 428.734 240.359 418.126 -20.9617 50.3667 61.9501 362.406
10616000 233.009 6.17285 206.487 -31.8298 53.4051 -16.8874 148.556
10617000 204.065 214.113 103.653 -19.6543 3.80402 -40.5763 173.944
10618000 278.868 249.666 295.226 -48.7211 56.651 9.92986 274.587
10619000 278.07 303.207 286.281 -24.5939 8.94751 -28.5648 289.186
10620000 218.779 359.666 361.093 -2.53888 86.7778 -38.8327 313.179
10621000 337.957 339.841 414.925 -25.7544 128.359 -87.6528 364.241
10622000 258.352 448.562 408.314 -39.4631 59.2536 -71.4911 371.743
10623000 178.001 260.987 322.601 -194.665 -21.5118 -44.1881 253.863
10624000 338.265 362.869 403.646 -100.451 84.355 -61.0411 368.26
10625000 230.321 248.824 251.729 -97.6206 42.5302 -13.178 243.625
10626000 250.025 135.72 228.16 -60.4611 -36.1749 -35.4805 204.635
10627000 176.769 45.2958 44.6888 -41.9648 71.5896 -87.1228 88.918
10628000 151.443 120.941 30.6071 22.7187 -10.3271 -54.7352 100.997
10629000 320.793 322.218 27.879 85.4306 2.90455 -26.6659 223.63
10630000 137.654 187.832 23.8422 105.24 -46.6025 -73.1267 116.443
10631000 293.016 296.611 238.22 24.0556 -39.5633 -63.5386 275.949
10632000 271.024 281.925 179.531 25.9232 92.7646 -25.234 244.16
10633000 283.773 256.673 179.601 147.777 66.5174 -45.0233 240.015
10634000 228.761 33.2162 104.369 -16.2758 27.5537 -28.4709 122.116
10635000 224.902 255.787 270.52 -2.08478 52.3371 -67.4936 250.403
10636000 424.963 334.018 299.242 45.1832 191.943 34.1019 352.741
10637000 374.193 240.911 287.95 13.7684 57.3971 28.5237 301.018
10638000 497.627 201.78 254.188 -25.3998 8.91735 -106.637 317.865
10639000 308.037 261.018 325.373 -29.7247 23.3174 -1.16677 298.143
10640000 536.639 356.919 317.839 18.9529 72.1068 -87.4131 403.799
10641000 298.832 206.903 198.502 -49.6792 75.4364 -123.679 234.746
10642000 354.237 257.828 261.961 -26.1685 30.2647 -78.6225 291.342
10643000 338.224 328.095 110.207 -93.3692 28.8465 -8.4059 258.842
10644000 360.904 269.171 182.663 -61.4001 81.2987 -45.9236 270.913
10645000 334.076 120.04 171.907 1.10759 2.17667 -41.8566 208.674
10646000 332.748 459.818 159.845 -48.5815 72.7667 39.8178 317.471
10647000 217.406 217.203 81.8297 -126.453 -1.11819 95.9745 172.146
10648000 377.013 188.15 325.813 -170.603 -16.6345 -20.3737 296.992
10649000 339.157 361.376 317.765 -88.6725 -17.4783 24.9949 339.433
10650000 182.631 362.902 68.8568 -50.0874 38.9723 -73.4063 204.797
10651000 446.451 370.21 393.622 -107.899 107.136 -7.48631 403.428
10652000 67.9194 63.4204 101.972 -76.9449 117.887 -110.298 77.7704
10653000 111.748 89.6364 204.753 -84.9705 26.2639 -140.451 135.379
10654000 350.382 391.99 275.531 -61.3184 52.128 -109.481 339.301
10655000 322.155 276.945 93.2986 -40.5533 -36.7008 -46.0886 230.799
10656000 108.893 325.982 264.63 -76.4674 35.6515 -82.7996 233.168
10657000 137.339 216.781 218.268 -153.073 -40.7456 -44.1604 190.796
10658000 184.162 225.557 196.957 -213.956 41.8874 0.540439 202.225
10659000 161.307 378.792 229.517 -119.749 22.4428 81.1765 256.539
10660000 194.664 170.648 88.5553 -54.4619 -69.5009 -19.1491 151.289
10661000 204.503 285.9 415.867 -94.8341 -4.89301 -65.7897 302.09
10662000 -108.451 142.423 45.9773 -115.747 3.74958 -21.4293 26.6499
10663000 231.444 275.181 382.083 -148.773 -33.9129 -70.8771 296.236
10664000 274.14 290.547 394.748 -122.769 -7.33013 -91.5382 319.812
10665000 441.042 310.492 462.806 -141.883 61.9271 -2.13426 404.78
10666000 134.477 110.43 392.697 42.9941 -20.778 2.34606 212.534
10667000 181.863 376.545 343.556 -65.9985 46.0641 46.0758 300.654
10668000 214.37 474.127 284.617 -50.8484 137.51 -56.1561 324.372
10669000 171.135 351.272 346.958 -22.1487 36.6345 -3.16503 289.788
10670000 251.131 413.905 423.532 26.4944 -57.0786 -64.4115 362.856
10671000 20.4616 277.469 309.519 -14.3333 -111.884 -57.2455 202.483
10672000 82.2163 143.172 280.759 43.4567 37.0266 -80.4258 168.716
10673000 86.6811 156.37 603.398 115.944 83.0893 -134.111 282.15
10674000 246.907 337.006 484.448 117.363 62.9163 -75.0998 356.12
10675000 175.732 268.44 319.286 25.7074 94.7808 -47.7216 254.486
10676000 156.854 199.876 285.644 65.4799 59.4609 11.9498 214.125
10677000 375.897 512.081 343.964 142.766 -2.39954 47.067 410.647
10678000 294.964 345.039 303.148 -23.4775 87.3452 7.23798 314.383
10679000 332.219 225.147 374.364 6.77162 87.1659 -41.8399 310.577
10680000 374.332 280.539 424.699 -3.09678 69.3296 -177.057 359.857
10681000 284.339 254.206 317.937 -76.4343 60.9687 -48.4401 285.494
10682000 480.585 376.29 224.522 23.2196 79.8 -19.3506 360.466
10683000 294.215 213.948 166.693 -4.22286 57.1843 -35.2984 224.952
10684000 385.846 171.364 417.071 -38.8536 30.6059 -3.38337 324.76
10685000 224.522 230.758 256.094 -84.7429 -1.85614 -33.593 237.125
10686000 274.992 279.333 202.011 -12.6324 -44.2404 -103.849 252.112
10687000 301.712 168.229 199.449 38.2759 -14.3487 -70.1639 223.13
10688000 431.599 268.465 291.53 67.2371 15.7538 -124.487 330.531
10689000 214.386 215.335 320.864 18.3259 38.7612 3.28518 250.195
10690000 334.307 252.382 242.807 -90.1581 53.5759 -68.0925 276.499
10691000 323.098 299.044 404.71 14.0177 42.2956 15.9585 342.284
10692000 210.577 95.351 152.073 29.3441 -45.2527 -43.0299 152.667
10693000 202.376 28.6928 152.112 43.3732 -22.9054 -64.7401 127.727
10694000 255.556 215.221 339.859 56.0865 -12.456 -9.51485 270.212
10695000 231.124 182.443 390.587 -41.1429 -17.4491 -8.2462 268.051
10696000 261.497 353.225 291.634 -116.657 0.905558 -80.9895 302.119
10697000 -82.463 288.28 138.125 -137.566 87.1741 -81.0325 114.647
10698000 57.7084 278.038 194.463 -98.3548 1.17677 -134.706 176.736
10699000 262.237 329.492 238.917 -38.9427 37.0857 -110.791 276.882
10700000 274.719 173.669 437.937 -62.4235 144.542 23.103 295.442
10701000 319.067 180.678 363.848 -51.6878 54.6326 -49.8463 287.864
10702000 197.459 374.879 324.639 -92.1298 12.1602 13.3856 298.992
10703000 406.069 485.233 477.614 -57.5447 63.2136 -52.5505 456.305
10704000 232.019 127.279 261.556 -29.876 60.193 -70.5856 206.951
10705000 -76.1115 230.081 222.765 99.376 149.01 -24.1397 125.578
10706000 171.197 255.565 323.533 -134.288 182.707 6.27753 250.098
10707000 248.61 294.525 410.552 -34.0722 5.3937 -8.97042 317.895
10708000 270.375 389.478 414.39 -79.8458 85.4123 0.270955 358.081
10709000 211.758 316.455 312.722 -110.089 78.8444 -37.5195 280.312
10710000 179.56 224.831 320.504 104.787 71.1669 -70.824 241.632
10711000 210.955 404.273 381.193 -23.7814 -26.2215 -100.869 332.141
10712000 149.515 363.316 217.755 -70.0354 -78.6801 12.2893 243.529
10713000 280.198 297.351 303.983 -9.23986 11.756 -15.8512 293.844
10714000 297.32 336.398 350.729 -12.9173 40.6363 50.061 328.149
10715000 343.701 239.2 281.417 -68.4827 17.6934 -60.2244 288.106
10716000 217.419 336.357 250.512 -38.3197 49.1226 46.3464 268.096
10717000 39.6122 203.953 244.549 23.0424 -110.95 11.0678 162.705
10718000 288.146 339.412 382.496 -43.1054 26.6488 -173.013 336.685
10719000 456.093 411.945 501.562 -59.2357 41.8563 29.7741 456.534
10720000 362.181 185.003 270.613 75.6101 47.0072 -41.3287 272.599
10721000 258.18 415.449 369.154 98.9809 40.5935 64.8502 347.594
10722000 262.309 287.491 349.358 133.915 54.0094 -30.0285 299.72
10723000 351.892 281.752 361.858 126.412 13.7628 -65.238 331.834
10724000 418.143 276.073 230.384 24.9575 116.118 -41.003 308.2
10725000 108.952 33.9372 190.118 43.7406 76.958 -41.4333 111.002
10726000 201.308 113.825 209.908 38.2429 72.8775 -82.874 175.014
10727000 316.317 128.227 328.561 115.264 91.8307 -39.8398 257.702
10728000 425.779 322.072 385.722 73.7079 137.191 33.5027 377.858
10729000 312.874 298.823 305.118 26.9449 69.2857 38.5001 305.605
10730000 493.671 479.747 467.689 -21.6157 38.0491 -10.6382 480.369
10731000 272.363 234.841 277.584 -22.1239 162.194 11.1119 261.596
10732000 182.795 293.849 295.948 65.3702 57.6205 -45.0029 257.531
10733000 145.805 347.618 197.053 0.259756 40.9109 -9.22807 230.159
10734000 373.65 262.31 268.462 30.2754 135.849 13.4897 301.474
10735000 432.682 374.21 219.626 -15.592 39.0942 48.925 342.173
10736000 302.814 133.643 233.305 -14.9136 33.7057 -85.1862 223.254
10737000 93.3334 231.518 126.459 -29.0472 19.6814 67.9972 150.437
10738000 91.0745 280.982 214.151 -109.305 -63.1942 -79.4282 195.402
10739000 248.072 309.441 299.851 -25.1132 55.3256 -163.382 285.788
10740000 210.595 200.518 194.697 -67.9772 -61.1704 -60.6623 201.937
10741000 217.696 237.446 276.663 -96.0517 93.2528 7.89084 243.935
10742000 243.217 324.216 290.426 -119.699 51.8798 -11.6711 285.953
10743000 243.981 277.529 250.2 -130.463 7.82767 20.2387 257.236
10744000 252.288 397.025 450.589 -126.792 -36.1383 -22.2431 366.634
10745000 52.7449 225.571 191.719 -55.5949 149.98 -9.83422 156.678
10746000 264.035 325.507 397.589 -44.2727 110.645 -69.7812 329.044
10747000 247.619 345.318 329.68 -40.436 54.8992 -118.404 307.539
10748000 208.119 319.375 239.574 -57.8448 113.205 -81.3227 255.689
10749000 207.973 385.379 309.275 13.9842 44.8755 -60.9362 300.876
10750000 213.624 312.786 344.25 54.6728 34.0812 -104.244 290.22
10751000 154.629 204.678 150.34 9.28284 86.9066 -49.8184 169.882
10752000 121.977 108.56 172.799 -14.879 -16.7229 -23.7956 134.445
10753000 335.731 367.62 413.716 -13.3869 -14.2414 -14.0273 372.356
10754000 292.927 247.004 360.286 -11.6512 0.154285 1.17784 300.072
10755000 -35.7926 177.467 298.169 -102.046 45.3825 32.3359 146.614
10756000 127.711 92.8388 250.063 -102.154 115.152 -9.96331 156.871
10757000 159.978 122.134 127.662 -32.4566 63.8826 -84.1863 136.591
10758000 171.746 298.686 318.619 -119.71 86.3145 -24.276 263.017
10759000 273.396 385.218 293.574 25.6826 102.093 -73.9483 317.396
10760000 491.569 546.124 336.175 5.01932 1.9402 -129.855 457.956
10761000 128.053 331.863 228.311 50.6071 15.1084 -87.7824 229.409
10762000 348.602 489.903 263.119 39.9671 13.7251 37.0599 367.208
10763000 311.593 535.056 239.597 28.3797 -18.9117 20.2316 362.082
10764000 293.622 446.177 260.198 27.3204 42.4974 8.81908 333.332
10765000 227.698 192.211 342.097 -65.5461 108.334 -78.4682 254.002
10766000 221.056 271.876 367.192 -62.0026 75.1461 47.0802 286.708
10767000 180.869 310.445 383.02 20.449 98.692 -48.2673 291.445
10768000 301.026 451.12 481.892 27.1622 119.437 -79.7572 411.346
10769000 184.37 429.688 298.485 40.3715 77.467 -58.2596 304.181
10770000 143.894 356.895 352.394 21.4611 43.0139 -9.86326 284.394
10771000 311.474 497.413 425.517 31.6086 41.2016 -23.8825 411.468
10772000 141.292 381.802 356.021 -92.1068 24.8603 -94.0995 293.038
10773000 131.072 207.904 538.128 -38.1107 64.1347 -59.7594 292.368
10774000 97.5718 199.721 384.861 11.904 115.974 -62.5358 227.385
10775000 237.722 206.011 503.791 0.0910331 -68.0524 -77.3736 315.842
10776000 87.9468 342.487 378.455 -30.6002 69.8587 -58.359 269.63
10777000 360.55 227.54 460.508 2.39703 18.6566 -123.257 349.533
10778000 197.763 207.94 127.606 56.4567 37.7091 -129.149 177.77
10779000 192.969 291.942 334.917 35.4018 32.7016 -34.8782 273.276
10780000 184.487 134.551 299.492 19.8453 88.3971 12.1287 206.177
10781000 177.924 365.706 352.286 -56.631 87.603 -10.8868 298.639
10782000 259.175 327.977 363.308 49.3735 124.702 -114.157 316.82
10783000 212.014 342.428 294.824 33.315 170.501 -129.127 283.089
10784000 194.913 285.853 276.361 4.7187 73.7524 3.33835 252.376
10785000 322.695 297.787 377.026 91.9645 -11.4736 -35.5981 332.503
10786000 110.436 202.923 405.713 102.662 -2.16461 -120.208 239.691
10787000 166.793 139.769 369.454 -10.7746 52.3912 -94.3332 225.339
10788000 302.59 212.338 275.763 95.7083 -3.67686 -154.321 263.564
10789000 253.749 238.543 248.219 -26.132 15.6026 -65.2381 246.837
10790000 295.449 241.212 363.967 -57.0265 18.1569 -60.4377 300.209
10791000 280.294 191.998 486.465 69.4249 58.9504 -109.089 319.586
10792000 344.827 307.175 392.209 -2.76016 -17.4562 -82.6573 348.07
10793000 241.146 226.735 319.165 43.6842 -25.0492 -60.8087 262.349
10794000 187.651 208.003 260.778 55.4417 -12.0748 -8.5792 218.811
10795000 230.469 296.27 215.381 37.0505 -100.86 2.33493 247.373
10796000 261.656 56.6947 223.889 -98.3171 -46.9358 -53.8101 180.746
10797000 324.346 253.016 303.814 30.022 -25.0777 -71.3432 293.725
10798000 325.534 133.423 437.203 -6.20607 23.0213 -10.3747 298.72
10799000 431.639 231.132 347.955 -45.1037 24.9674 -28.8427 336.909
10800000 374.535 216.882 457.402 18.8075 8.98532 -57.3433 349.606
10801000 268.43 126.951 185.017 21.4984 -72.3754 63.3484 193.466
10802000 229.153 63.4579 310.677 4.09422 -15.5712 -13.5701 201.096
10803000 226.719 116.026 292.793 26.9573 -1.31627 39.5166 211.846
10804000 191.076 96.6298 251.356 32.8856 32.9354 -92.493 179.687
10805000 284.866 185.383 182.96 -59.2809 -4.08766 -77.6914 217.737
10806000 293.066 244.48 174.429 -120.003 9.01854 -95.9263 237.325
10807000 410.535 175.384 425.833 -123.863 94.1856 -64.6461 337.251
10808000 426.511 132.998 462.209 -70.5512 58.5925 -35.9856 340.573
10809000 364.531 183.55 450.641 -126.272 44.676 -23.7637 332.907
10810000 314.609 260.588 410.816 -112.506 -8.17254 -1.11059 328.671
10811000 323.761 246.329 447.506 -142.62 3.78484 40.2515 339.199
10812000 236.915 283.441 279.067 -75.8133 -33.0306 17.8295 266.475
10813000 317.375 319.336 431.019 -43.2859 16.5836 -101.845 355.91
10814000 271.758 223.145 387.112 -97.2302 53.0989 -90.8814 294.005
10815000 264.467 377.478 410.403 -79.3165 -3.94572 -29.899 350.783
10816000 296.734 212.451 334.267 -129.886 13.3685 -28.9123 281.151
10817000 300.322 228.193 315.624 -96.1797 47.4119 -117.05 281.38
10818000 148.47 218.421 238.871 -74.8986 43.3117 -43.0441 201.921
10819000 464.762 243.878 413.379 -57.9249 121.203 -53.1246 374.006
10820000 183.575 188.408 324.784 -39.4937 31.4938 -22.1653 232.256
10821000 344.862 211.59 211.635 -103.482 -16.7094 -58.8409 256.029
10822000 370.395 377.748 453.635 -42.1013 50.1828 3.66209 400.593
10823000 -0.025418 149.751 211.499 -62.5944 108.858 -83.4325 120.408
10824000 316.938 282.765 365.635 13.9203 63.1415 -78.0638 321.78
10825000 251.959 197.384 186.044 -16.9951 -6.3079 -2.77937 211.796
10826000 99.4909 133.906 325.343 -3.03863 13.6044 -20.5572 186.247
10827000 189.335 23.475 278.878 -0.020416 -10.4676 -40.9163 163.896
10828000 314.469 182.967 323.758 45.0543 -75.3571 -19.8315 273.731
10829000 356.522 415.414 288.071 8.10844 -83.7412 -176.543 353.336
10830000 233.294 262.022 360.132 105.103 10.5917 -198.236 285.149
10831000 -5.19913 42.1985 273.752 17.3891 -66.5209 -106.579 103.584
10832000 151.401 62.5707 149.811 -30.5333 -84.6257 -58.2803 121.261
10833000 248.792 199.979 307.623 -65.8509 14.2912 14.7177 252.132
10834000 382.755 244.542 211.07 -157.283 -59.6645 47.727 279.456
10835000 309.069 132.116 148.535 -98.7192 -15.7929 24.2131 196.574
10836000 150.874 320.047 143.083 -104.828 -38.1964 -36.435 204.668
10837000 106.689 386.645 216.313 -36.1132 71.2374 -91.4233 236.549
10838000 239.988 284.222 242.229 -79.7708 92.6706 -42.4655 255.48
10839000 227.555 537.616 441.263 92.5183 22.566 -34.4191 402.145
10840000 102.069 232.213 163.792 -23.3222 -5.29346 -144.244 166.025
10841000 111.794 165.142 45.683 121.333 0.828634 -191.17 107.54
10842000 336.88 367.493 108.835 95.3936 26.5448 -46.1591 271.069
10843000 224.682 249.938 110.638 91.8718 -4.12125 -20.0406 195.086
10844000 176.579 290.417 264.872 17.6884 111.844 -3.60983 243.956
10845000 256.916 337.736 90.8457 118.991 89.9842 -23.9448 228.499
10846000 309.08 399.892 337.333 55.1665 -66.3575 -104.835 348.768
10847000 294.917 411.054 291.842 33.76 14.4426 -121.49 332.604
10848000 151.469 98.998 196.47 35.6091 -41.881 -29.8404 148.979
10849000 207.572 155.025 276.528 49.8672 8.50951 -84.911 213.042
10850000 239.547 251.114 260.932 30.4611 -15.7823 -43.9853 250.531
10851000 313.025 389.129 203.057 29.1327 23.7632 61.8781 301.737
10852000 258.443 347.144 243.655 89.4165 -31.9017 -65.2348 283.081
10853000 104.646 312.947 123.686 20.3064 -23.9384 -63.6587 180.427
10854000 235.627 348.705 60.7934 51.9791 -124.461 -22.1773 215.042
10855000 588.684 217.119 167.108 101.609 35.0338 -41.5822 324.304
10856000 219.391 279.275 38.7538 140.235 -1.70179 -64.894 179.14
10857000 361.587 242.34 27.4607 198.615 -17.2928 -22.8106 210.463
10858000 219.052 122.317 162.14 98.6794 -67.2466 -35.0235 167.836
10859000 143.314 71.0897 116.023 119.685 8.84121 40.1931 110.142
10860000 292.537 265.461 287.599 81.0448 17.7963 105.5 281.866
10861000 268.226 145.511 164.981 36.5196 61.9132 18.3999 192.906
10862000 215.766 312.536 296.721 140.724 78.6732 -84.6107 275.008
10863000 403.083 412.132 308.358 -0.00498217 -68.1584 12.5009 374.524
10864000 180.004 324.442 278.576 124.78 59.6883 -2.69553 261.007
10865000 213.389 220.362 105.15 94.3425 135.078 25.4369 179.633
10866000 238.406 339.31 202.633 63.8139 27.7869 -35.0394 260.116
10867000 188.09 263.904 253.771 31.0397 51.7246 45.3226 235.255
10868000 193.919 234.162 270.506 13.9636 -18.7082 -20.6072 232.862
10869000 275.249 334.765 297.033 -9.43504 -20.8238 50.9762 302.349
10870000 200.342 202.154 241.368 -12.9941 44.7099 -52.2346 214.621
10871000 173.714 238.331 195.997 -31.4444 3.42068 -102.116 202.681
10872000 326.668 435.327 195.802 35.2645 53.5675 -62.4941 319.266
10873000 202.497 222.598 196.472 81.2717 44.125 -57.0783 207.189
10874000 409.976 264.604 296.774 172.487 105.667 -29.6307 323.785
10875000 362.429 162.848 284.2 41.1945 97.2442 -73.3748 269.826
10876000 337.843 176.99 301.416 40.7633 20.9185 -125.814 272.083
10877000 267.153 163.75 219.905 16.6555 70.4951 -98.8405 216.936
10878000 302.943 360.118 118.521 -23.5215 28.8534 -91.7136 260.527
10879000 245.577 384.154 289.822 124.279 31.5919 -81.9383 306.517
10880000 170.504 408.544 298.511 81.5038 21.0551 -109.472 292.52
10881000 254.144 465.77 315.483 141.493 108.441 -89.4818 345.132
10882000 126.029 281.221 251.031 96.8358 36.9611 -75.2117 219.427
10883000 351.895 261.203 192.682 80.6645 22.6811 -118.296 268.593
10884000 171.959 327.884 259.029 71.3236 115.88 -75.0978 252.958
10885000 141.716 248.374 262.373 101.797 21.8678 -104.392 217.487
10886000 324.109 225.195 348.778 1.328 7.84917 -75.6738 299.361
10887000 63.7075 119.805 221.747 52.7458 90.6263 -49.4184 135.086
10888000 341.669 373.15 280.082 30.9895 44.4965 -64.519 331.634
10889000 290.111 332.083 381.431 -73.6918 94.7169 -44.3813 334.541
10890000 210.779 265.938 525.127 62.3097 94.0347 17.9677 333.948
10891000 285.453 332.535 335.527 67.1577 54.9054 2.66704 317.838
10892000 143.648 114.387 292.743 83.0877 54.3071 -26.3794 183.592
10893000 198.23 283.458 370.472 113.606 99.6174 -27.339 284.053
10894000 471.71 254.731 330.577 100.601 136.035 -69.4222 352.34
10895000 283.449 453.835 300.08 95.0599 91.8743 34.437 345.788
10896000 274.779 177.68 179.019 86.5767 112.787 79.3278 210.492
10897000 266.056 215.956 204.17 118.929 121.621 95.0525 228.727
10898000 308.735 -35.0164 169.623 189.589 77.2903 -11.3178 147.78
10899000 425.143 200.316 280.017 54.2969 33.0947 92.0676 301.825
10900000 308.61 218.045 219.283 164.298 143.781 -35.4737 248.646
10901000 186.21 270.99 415.972 73.9735 45.0495 -49.035 291.057
10902000 431.496 244.024 391.327 75.2004 41.2085 -5.41829 355.616
10903000 296.248 193.893 194.564 104.612 23.5335 5.36509 228.235
10904000 259.823 261.117 275.416 112.25 7.5065 4.24263 265.452
10905000 303.358 349.018 288.039 45.0004 86.3018 83.068 313.472
10906000 460.82 183.07 342.577 19.5866 -20.6729 113.171 328.822
10907000 380.002 354.532 303.611 -21.4236 53.1179 63.9838 346.049
10908000 234.048 475.348 159.916 23.4443 -44.4236 117.067 289.77
10909000 103.938 179.307 192.3 34.1932 -52.5355 -11.8075 158.515
10910000 250.083 377.721 274.789 9.08966 20.1124 17.903 300.865
10911000 339.897 516.283 419.549 53.3483 63.0132 -48.9283 425.243
10912000 280.113 283.078 445.464 -23.9024 99.8226 -7.26436 336.218
10913000 389.886 384.806 380.964 -24.5269 106.525 -36.1575 385.219
10914000 215.087 290.173 170.616 43.5752 2.17684 -52.0231 225.292
10915000 244.642 370.308 281.851 141.057 59.2605 -1.85218 298.934
10916000 218.387 257.553 281.498 66.7022 -19.5697 -13.7269 252.479
10917000 232.182 71.0084 107.682 15.3746 48.4067 56.1607 136.957
10918000 335.458 192.948 179.257 10.8741 52.227 -39.9324 235.888
10919000 308.256 74.081 198.41 -10.9973 5.85965 23.7558 193.582
10920000 571.074 338.735 269.117 34.5444 7.25906 29.7914 392.975
10921000 250.682 316.14 232.032 25.8977 -110.342 35.8395 266.285
10922000 290.753 115.968 168.326 71.5332 -4.02024 8.19499 191.682
10923000 289.579 122.842 259.396 9.93343 71.2908 67.3037 223.939
10924000 385.667 247.564 287.426 17.8034 -15.968 -27.3763 306.886
10925000 337.674 277.684 394.286 -34.7597 -64.1921 -1.9284 336.548
10926000 325.103 349.518 213.478 -59.1891 -82.663 66.957 296.033
10927000 420.814 146.188 195.709 -48.1331 21.4144 21.3599 254.237
10928000 369.767 203.748 240.141 -92.9298 -19.8292 -2.25599 271.219
10929000 196.679 114.82 241.948 -30.9301 -91.3793 89.5449 184.483
10930000 396.194 270.024 250.734 -146.881 -79.268 31.2892 305.651
10931000 288.324 71.6454 172.101 37.4296 -22.9827 36.8303 177.357
10932000 257.836 125.979 105.281 -7.21594 98.9487 5.70352 163.032
10933000 155.615 201.56 145.067 -108.615 8.82457 51.8588 167.414
10934000 213.805 211.774 302.856 -31.8013 1.58566 42.4468 242.812
10935000 186.855 322.67 135.835 -16.4572 -56.6841 -55.2799 215.12
10936000 200.203 206.374 297.105 -48.5069 92.9963 2.07206 234.561
10937000 142.144 358.013 253.963 -6.0339 -8.86339 -59.6985 251.373
10938000 -6.54881 173.934 -1.3353 -120.751 -16.822 -86.4404 55.3501
10939000 301.219 251.233 257.935 -73.0573 24.8456 -30.4929 270.129
10940000 352.625 247.303 206.552 -8.77707 -5.87189 -71.5262 268.827
10941000 435.927 380.92 263.699 -43.7568 -44.07 -97.0798 360.182
10942000 384.303 337.446 322.037 -42.0863 -122.526 -32.674 347.929
10943000 446.804 354.505 321.454 -13.5281 -41.2938 -79.6313 374.254
10944000 405.438 365.329 316.948 32.0577 15.8481 -25.9796 362.572
10945000 322.305 415.895 402.733 -83.6614 -108.014 34.9201 380.311
10946000 364.364 436.994 325.795 -47.262 -83.7808 -10.7128 375.718
10947000 357.009 394.815 225.097 -13.7208 -109.746 73.6112 325.64
10948000 364.287 364.94 298.606 31.8787 -138.533 57.5421 342.611
10949000 514.24 386.54 116.281 84.2665 -86.6029 -40.7118 339.021
10950000 351.241 448.781 253.352 152.459 -98.5906 -89.1074 351.124
10951000 347.974 330.275 232.011 29.2355 -58.2621 -39.794 303.42
10952000 540.071 346.679 235.632 15.2405 -76.3598 -39.4895 374.127
10953000 510.396 471.142 262.686 91.7266 -12.9454 -63.9975 414.741
10954000 327.308 304.241 305.614 1.94266 12.2138 56.3817 312.388
10955000 354.369 218.963 278.49 -33.4957 19.3343 22.8859 283.941
10956000 259.501 235.236 287.275 -39.8294 -21.1269 -46.7097 260.671
10957000 310.728 261.347 255.419 96.3443 52.6734 -6.42491 275.831
10958000 156.197 176.288 168.419 94.0345 2.65037 6.91141 166.968
10959000 162.854 309.817 162.463 39.5916 -64.4261 65.5895 211.711
10960000 13.2035 21.7421 123.077 20.9634 -3.77261 -64.0512 52.6743
10961000 222.739 258.791 168.321 87.3996 66.4835 -74.6903 216.617
10962000 241.59 390.592 279.172 93.0418 49.266 37.502 303.785
10963000 364.164 462.392 260.428 -122.014 65.6344 108.123 362.328
10964000 88.7084 100.509 181.462 -4.37797 46.7508 14.707 123.56
10965000 242.433 289.833 181.687 -70.4395 -115.529 39.2195 237.985
10966000 203.451 131.431 152.325 -68.0222 1.35572 48.8146 162.402
10967000 424.975 432.288 328.689 -16.5997 -5.88034 -7.45651 395.317
10968000 139.316 248.272 273.862 -22.0966 -55.2694 -33.4708 220.483
10969000 132.484 22.5899 31.48 -18.8106 -77.777 -54.7765 62.1846
10970000 193.126 349.801 21.8867 -0.653665 -56.1915 3.70604 188.271
10971000 143.548 222.954 153.551 -8.04192 -63.9916 -55.0179 173.351
10972000 118.455 264.239 198.902 -6.50616 -36.7185 -138.383 193.865
10973000 196.082 233.989 149.786 2.46423 -193.966 -181.978 193.286
10974000 269.965 151.636 87.1821 94.2927 -59.7479 -53.2173 169.595
10975000 174.678 189.082 57.2148 104.569 -46.2007 -76.3662 140.325
10976000 388.105 404.883 185.639 93.1025 -3.83573 -64.3913 326.209
10977000 251.42 383.99 153.312 102.562 -14.0813 -10.7108 262.908
10978000 289.236 310.102 130.04 72.3128 66.7413 51.8525 243.126
10979000 256.196 378.406 189.961 51.0921 102.996 80.268 274.854
10980000 254.764 345.028 164.056 -17.0617 77.0095 21.7104 254.616
10981000 184.84 340.956 91.3837 75.5722 92.8247 93.985 205.726
10982000 257.458 322 67.3818 128.181 62.8634 67.1551 215.613
10983000 108.173 412.291 88.1356 -5.41849 -3.67089 -23.8457 202.867
10984000 245.24 445.276 55.6561 -20.4763 -63.8454 10.3454 248.724
10985000 151.271 153.04 60.9343 -6.24156 -23.9619 -24.7728 121.748
10986000 237.429 207.068 293.455 19.7541 -17.586 -37.0407 245.984
10987000 280.469 302.971 194.101 -22.5218 -101.529 -37.0619 259.18
10988000 253.192 451.966 169.335 79.478 -2.17708 -97.5715 291.498
10989000 337.406 576.663 222.457 138.783 -45.6474 -94.8495 378.842
10990000 439.229 458.249 277.719 50.4889 -76.7887 -108.621 391.732
10991000 357.913 484.521 183.912 123.541 34.5027 -79.9508 342.116
10992000 284.287 186.089 264.946 102.253 -46.7998 -160.432 245.107
10993000 391.284 369.69 248.62 60.8934 -18.9019 -127.105 336.531
10994000 259.784 445.801 226.578 27.3865 -66.4159 -79.7502 310.721
10995000 437.533 451.437 404.364 93.0223 13.1584 -39.1673 431.111
10996000 440.353 361.861 419.893 -43.2072 -51.899 -42.2452 407.369
10997000 331.741 411.662 323.81 66.4458 -61.0322 -33.2351 355.738
10998000 301.163 117.225 302.745 60.1597 -94.7285 -56.5063 240.378
10999000 307.187 264.93 369.466 207.31 -108.942 -51.9725 313.861
11000000 281.372 179.398 309.055 165.301 -55.8527 -75.9297 256.608
