# Time-averaged data for fix state_variables
# TimeStep c_thermo_temp v_vol v_rho v_etotal v_a v_b v_c
10002000 292.893 91672.2 0.798519 2522.13 45.0899 45.0899 45.0899
10003000 293.68 91671.6 0.798524 2536.59 45.0898 45.0898 45.0898
10004000 291.543 91671 0.798529 2482.75 45.0897 45.0897 45.0897
10005000 294.829 91670.4 0.798534 2572.67 45.0896 45.0896 45.0896
10006000 293.007 91669.8 0.798539 2538.88 45.0895 45.0895 45.0895
10007000 292.927 91669.2 0.798544 2518.63 45.0894 45.0894 45.0894
10008000 292.183 91668.7 0.798549 2532.02 45.0893 45.0893 45.0893
10009000 294.185 91668.1 0.798555 2535.77 45.0892 45.0892 45.0892
10010000 290.527 91667.5 0.79856 2467.27 45.0891 45.0891 45.0891
10011000 292.247 91666.9 0.798565 2515.97 45.089 45.089 45.089
10012000 294.408 91666.3 0.79857 2556.94 45.0889 45.0889 45.0889
10013000 293.927 91665.7 0.798575 2552.48 45.0888 45.0888 45.0888
10014000 291.686 91665.1 0.79858 2525.49 45.0887 45.0887 45.0887
10015000 294.658 91664.6 0.798585 2570.09 45.0886 45.0886 45.0886
10016000 294.061 91664 0.79859 2564.98 45.0885 45.0885 45.0885
10017000 293.368 91663.4 0.798595 2562.96 45.0884 45.0884 45.0884
10018000 292.546 91662.8 0.798601 2539.08 45.0884 45.0884 45.0884
10019000 292.596 91662.2 0.798606 2541.91 45.0883 45.0883 45.0883
10020000 293.281 91661.6 0.798611 2578.09 45.0882 45.0882 45.0882
10021000 292.136 91661 0.798616 2550.36 45.0881 45.0881 45.0881
10022000 291.7 91660.4 0.798621 2538.14 45.088 45.088 45.088
10023000 293.326 91659.9 0.798626 2569.45 45.0879 45.0879 45.0879
10024000 292.153 91659.3 0.798631 2542.13 45.0878 45.0878 45.0878
10025000 293.397 91658.7 0.798636 2565.55 45.0877 45.0877 45.0877
10026000 294.605 91658.1 0.798641 2583.36 45.0876 45.0876 45.0876
10027000 293.199 91657.5 0.798647 2570.51 45.0875 45.0875 45.0875
10028000 292.133 91656.9 0.798652 2552.04 45.0874 45.0874 45.0874
10029000 292.584 91656.3 0.798657 2555.9 45.0873 45.0873 45.0873
10030000 292.57 91655.7 0.798662 2534.34 45.0872 45.0872 45.0872
10031000 291.521 91655.2 0.798667 2532.07 45.0871 45.0871 45.0871
10032000 290.013 91654.6 0.798672 2495.74 45.087 45.087 45.087
10033000 292.987 91654 0.798677 2546.98 45.0869 45.0869 45.0869
10034000 292.811 91653.4 0.798682 2561.13 45.0868 45.0868 45.0868
10035000 293.41 91652.8 0.798687 2583.75 45.0867 45.0867 45.0867
10036000 291.547 91652.2 0.798693 2515.71 45.0866 45.0866 45.0866
10037000 292.62 91651.6 0.798698 2518.88 45.0865 45.0865 45.0865
10038000 292.917 91651 0.798703 2544.72 45.0864 45.0864 45.0864
10039000 295.105 91650.5 0.798708 2593.81 45.0863 45.0863 45.0863
10040000 293.946 91649.9 0.798713 2522.93 45.0862 45.0862 45.0862
10041000 293.736 91649.3 0.798718 2530.77 45.0861 45.0861 45.0861
10042000 294.216 91648.7 0.798723 2548.5 45.086 45.086 45.086
10043000 292.573 91648.1 0.798728 2521.66 45.0859 45.0859 45.0859
10044000 291.631 91647.5 0.798734 2496.15 45.0858 45.0858 45.0858
10045000 293.809 91646.9 0.798739 2525.71 45.0858 45.0858 45.0858
10046000 293.127 91646.4 0.798744 2536.51 45.0857 45.0857 45.0857
10047000 292.494 91645.8 0.798749 2519.27 45.0856 45.0856 45.0856
10048000 290.05 91645.2 0.798754 2457.27 45.0855 45.0855 45.0855
10049000 293.912 91644.6 0.798759 2521.29 45.0854 45.0854 45.0854
10050000 292.77 91644 0.798764 2514.77 45.0853 45.0853 45.0853
10051000 294.713 91643.4 0.798769 2553.16 45.0852 45.0852 45.0852
10052000 293.698 91642.8 0.798774 2533.81 45.0851 45.0851 45.0851
10053000 292.637 91642.2 0.79878 2492.39 45.085 45.085 45.085
10054000 293.773 91641.7 0.798785 2543.37 45.0849 45.0849 45.0849
10055000 294.337 91641.1 0.79879 2526.65 45.0848 45.0848 45.0848
10056000 294.224 91640.5 0.798795 2529.87 45.0847 45.0847 45.0847
10057000 293.875 91639.9 0.7988 2503.69 45.0846 45.0846 45.0846
10058000 294.429 91639.3 0.798805 2538.65 45.0845 45.0845 45.0845
10059000 291.713 91638.7 0.79881 2493.1 45.0844 45.0844 45.0844
10060000 295.448 91638.1 0.798815 2553.57 45.0843 45.0843 45.0843
10061000 290.779 91637.5 0.79882 2453.03 45.0842 45.0842 45.0842
10062000 292.915 91637 0.798826 2493.79 45.0841 45.0841 45.0841
10063000 292.985 91636.4 0.798831 2490.9 45.084 45.084 45.084
10064000 292.17 91635.8 0.798836 2479.27 45.0839 45.0839 45.0839
10065000 291.931 91635.2 0.798841 2471.12 45.0838 45.0838 45.0838
10066000 292.641 91634.6 0.798846 2494.79 45.0837 45.0837 45.0837
10067000 294.219 91634 0.798851 2506.2 45.0836 45.0836 45.0836
10068000 291.09 91633.4 0.798856 2462.44 45.0835 45.0835 45.0835
10069000 293.076 91632.9 0.798861 2480.5 45.0834 45.0834 45.0834
10070000 293.744 91632.3 0.798867 2508.39 45.0833 45.0833 45.0833
10071000 292.257 91631.7 0.798872 2482.12 45.0832 45.0832 45.0832
10072000 294.323 91631.1 0.798877 2518.53 45.0832 45.0832 45.0832
10073000 293.447 91630.5 0.798882 2505.56 45.0831 45.0831 45.0831
10074000 292.721 91629.9 0.798887 2481.38 45.083 45.083 45.083
10075000 294.741 91629.3 0.798892 2529.75 45.0829 45.0829 45.0829
10076000 294.48 91628.7 0.798897 2502.8 45.0828 45.0828 45.0828
10077000 292.224 91628.2 0.798902 2468.37 45.0827 45.0827 45.0827
10078000 293.269 91627.6 0.798907 2485.29 45.0826 45.0826 45.0826
10079000 294.317 91627 0.798913 2486.39 45.0825 45.0825 45.0825
10080000 292.249 91626.4 0.798918 2462.08 45.0824 45.0824 45.0824
10081000 292.3 91625.8 0.798923 2481.9 45.0823 45.0823 45.0823
10082000 291.986 91625.2 0.798928 2476.86 45.0822 45.0822 45.0822
10083000 292.185 91624.6 0.798933 2480.18 45.0821 45.0821 45.0821
10084000 292.466 91624.1 0.798938 2483.67 45.082 45.082 45.082
10085000 291.658 91623.5 0.798943 2486.62 45.0819 45.0819 45.0819
10086000 294.877 91622.9 0.798948 2564.38 45.0818 45.0818 45.0818
10087000 292.472 91622.3 0.798954 2518.96 45.0817 45.0817 45.0817
10088000 295.501 91621.7 0.798959 2565.82 45.0816 45.0816 45.0816
10089000 292.832 91621.1 0.798964 2493.68 45.0815 45.0815 45.0815
10090000 293.249 91620.5 0.798969 2529.7 45.0814 45.0814 45.0814
10091000 292.099 91619.9 0.798974 2511.89 45.0813 45.0813 45.0813
10092000 293.381 91619.4 0.798979 2537.37 45.0812 45.0812 45.0812
10093000 291.483 91618.8 0.798984 2504.07 45.0811 45.0811 45.0811
10094000 292.057 91618.2 0.798989 2505.91 45.081 45.081 45.081
10095000 293.771 91617.6 0.798994 2515.81 45.0809 45.0809 45.0809
10096000 293.995 91617 0.799 2550.78 45.0808 45.0808 45.0808
10097000 291.097 91616.4 0.799005 2492.43 45.0807 45.0807 45.0807
10098000 290.127 91615.8 0.79901 2469.18 45.0807 45.0807 45.0807
10099000 294.879 91615.2 0.799015 2565.82 45.0806 45.0806 45.0806
10100000 293.189 91614.7 0.79902 2527.89 45.0805 45.0805 45.0805
10101000 293.518 91614.1 0.799025 2526.69 45.0804 45.0804 45.0804
10102000 293.908 91613.5 0.79903 2527.52 45.0803 45.0803 45.0803
10103000 294.446 91612.9 0.799035 2525.33 45.0802 45.0802 45.0802
10104000 295.223 91612.3 0.799041 2541.9 45.0801 45.0801 45.0801
10105000 291.25 91611.7 0.799046 2492.06 45.08 45.08 45.08
10106000 293.378 91611.1 0.799051 2527.79 45.0799 45.0799 45.0799
10107000 291.645 91610.6 0.799056 2486.57 45.0798 45.0798 45.0798
10108000 292.089 91610 0.799061 2504.27 45.0797 45.0797 45.0797
10109000 293.709 91609.4 0.799066 2516.03 45.0796 45.0796 45.0796
10110000 293.13 91608.8 0.799071 2503 45.0795 45.0795 45.0795
10111000 294.385 91608.2 0.799076 2513.25 45.0794 45.0794 45.0794
10112000 293.317 91607.6 0.799081 2488.75 45.0793 45.0793 45.0793
10113000 294.341 91607 0.799087 2521.28 45.0792 45.0792 45.0792
10114000 292.431 91606.4 0.799092 2484.14 45.0791 45.0791 45.0791
10115000 291.129 91605.9 0.799097 2465.84 45.079 45.079 45.079
10116000 294.019 91605.3 0.799102 2511.15 45.0789 45.0789 45.0789
10117000 294.063 91604.7 0.799107 2517.94 45.0788 45.0788 45.0788
10118000 292.998 91604.1 0.799112 2517.84 45.0787 45.0787 45.0787
10119000 292.738 91603.5 0.799117 2508.84 45.0786 45.0786 45.0786
10120000 295.15 91602.9 0.799122 2571.44 45.0785 45.0785 45.0785
10121000 293.69 91602.3 0.799128 2516.66 45.0784 45.0784 45.0784
10122000 295.213 91601.8 0.799133 2567.25 45.0783 45.0783 45.0783
10123000 292.595 91601.2 0.799138 2507.75 45.0782 45.0782 45.0782
10124000 291.959 91600.6 0.799143 2496.49 45.0781 45.0781 45.0781
10125000 292.939 91600 0.799148 2543.29 45.0781 45.0781 45.0781
10126000 294.375 91599.4 0.799153 2558.76 45.078 45.078 45.078
10127000 293.692 91598.8 0.799158 2543.91 45.0779 45.0779 45.0779
10128000 294.977 91598.2 0.799163 2574.95 45.0778 45.0778 45.0778
10129000 292.477 91597.6 0.799169 2540.41 45.0777 45.0777 45.0777
10130000 290.563 91597.1 0.799174 2497.98 45.0776 45.0776 45.0776
10131000 291.393 91596.5 0.799179 2532.52 45.0775 45.0775 45.0775
10132000 293.761 91595.9 0.799184 2578.5 45.0774 45.0774 45.0774
10133000 294.024 91595.3 0.799189 2580.21 45.0773 45.0773 45.0773
10134000 291.847 91594.7 0.799194 2537.68 45.0772 45.0772 45.0772
10135000 293.809 91594.1 0.799199 2565.92 45.0771 45.0771 45.0771
10136000 291.054 91593.5 0.799204 2523.9 45.077 45.077 45.077
10137000 293.965 91592.9 0.799209 2568.46 45.0769 45.0769 45.0769
10138000 291.942 91592.4 0.799215 2538.65 45.0768 45.0768 45.0768
10139000 293.903 91591.8 0.79922 2582.64 45.0767 45.0767 45.0767
10140000 292.982 91591.2 0.799225 2548.05 45.0766 45.0766 45.0766
10141000 294.144 91590.6 0.79923 2569.11 45.0765 45.0765 45.0765
10142000 296.125 91590 0.799235 2619.22 45.0764 45.0764 45.0764
10143000 292.039 91589.4 0.79924 2515.29 45.0763 45.0763 45.0763
10144000 292.543 91588.8 0.799245 2538.5 45.0762 45.0762 45.0762
10145000 290.234 91588.3 0.79925 2484.51 45.0761 45.0761 45.0761
10146000 296.05 91587.7 0.799256 2575.87 45.076 45.076 45.076
10147000 294.482 91587.1 0.799261 2568.84 45.0759 45.0759 45.0759
10148000 296.016 91586.5 0.799266 2579.07 45.0758 45.0758 45.0758
10149000 291.515 91585.9 0.799271 2500.17 45.0757 45.0757 45.0757
10150000 293.432 91585.3 0.799276 2545.16 45.0756 45.0756 45.0756
10151000 294.048 91584.7 0.799281 2578.27 45.0755 45.0755 45.0755
10152000 291.269 91584.1 0.799286 2497.49 45.0755 45.0755 45.0755
10153000 295.155 91583.6 0.799291 2576.92 45.0754 45.0754 45.0754
10154000 294.834 91583 0.799297 2556.48 45.0753 45.0753 45.0753
10155000 293.216 91582.4 0.799302 2530.2 45.0752 45.0752 45.0752
10156000 295.389 91581.8 0.799307 2583.54 45.0751 45.0751 45.0751
10157000 293.019 91581.2 0.799312 2512.42 45.075 45.075 45.075
10158000 288.684 91580.6 0.799317 2422.92 45.0749 45.0749 45.0749
10159000 294.053 91580 0.799322 2525.15 45.0748 45.0748 45.0748
10160000 292.577 91579.5 0.799327 2510.54 45.0747 45.0747 45.0747
10161000 295.715 91578.9 0.799332 2565.34 45.0746 45.0746 45.0746
10162000 295.19 91578.3 0.799337 2559.5 45.0745 45.0745 45.0745
10163000 292.016 91577.7 0.799343 2495.29 45.0744 45.0744 45.0744
10164000 294.184 91577.1 0.799348 2572.77 45.0743 45.0743 45.0743
10165000 291.994 91576.5 0.799353 2491.95 45.0742 45.0742 45.0742
10166000 293.927 91575.9 0.799358 2519.74 45.0741 45.0741 45.0741
10167000 292.822 91575.3 0.799363 2527.65 45.074 45.074 45.074
10168000 291.883 91574.8 0.799368 2522.15 45.0739 45.0739 45.0739
10169000 294.635 91574.2 0.799373 2555.33 45.0738 45.0738 45.0738
10170000 294.576 91573.6 0.799378 2569.82 45.0737 45.0737 45.0737
10171000 291.993 91573 0.799384 2507.43 45.0736 45.0736 45.0736
10172000 293.422 91572.4 0.799389 2543.41 45.0735 45.0735 45.0735
10173000 293.559 91571.8 0.799394 2557.03 45.0734 45.0734 45.0734
10174000 293.645 91571.2 0.799399 2569.06 45.0733 45.0733 45.0733
10175000 293.424 91570.7 0.799404 2537.61 45.0732 45.0732 45.0732
10176000 294.05 91570.1 0.799409 2556.64 45.0731 45.0731 45.0731
10177000 293.593 91569.5 0.799414 2535.05 45.073 45.073 45.073
10178000 292.795 91568.9 0.799419 2530.64 45.073 45.073 45.073
10179000 292.166 91568.3 0.799425 2516.06 45.0729 45.0729 45.0729
10180000 291.243 91567.7 0.79943 2506.03 45.0728 45.0728 45.0728
10181000 293.288 91567.1 0.799435 2529.39 45.0727 45.0727 45.0727
10182000 294.768 91566.5 0.79944 2526.76 45.0726 45.0726 45.0726
10183000 293.81 91566 0.799445 2525.08 45.0725 45.0725 45.0725
10184000 293.74 91565.4 0.79945 2502.73 45.0724 45.0724 45.0724
10185000 296.21 91564.8 0.799455 2582.09 45.0723 45.0723 45.0723
10186000 291.998 91564.2 0.79946 2510.91 45.0722 45.0722 45.0722
10187000 292.995 91563.6 0.799466 2520.35 45.0721 45.0721 45.0721
10188000 293.459 91563 0.799471 2489.55 45.072 45.072 45.072
10189000 292.856 91562.4 0.799476 2482.43 45.0719 45.0719 45.0719
10190000 291.801 91561.9 0.799481 2470.71 45.0718 45.0718 45.0718
10191000 292.698 91561.3 0.799486 2480.36 45.0717 45.0717 45.0717
10192000 291.612 91560.7 0.799491 2461.21 45.0716 45.0716 45.0716
10193000 292.236 91560.1 0.799496 2486.93 45.0715 45.0715 45.0715
10194000 293.989 91559.5 0.799501 2518.64 45.0714 45.0714 45.0714
10195000 294.097 91558.9 0.799506 2530.48 45.0713 45.0713 45.0713
10196000 292.401 91558.3 0.799512 2506.29 45.0712 45.0712 45.0712
10197000 292.728 91557.7 0.799517 2522.52 45.0711 45.0711 45.0711
10198000 293.164 91557.2 0.799522 2521.36 45.071 45.071 45.071
10199000 292.434 91556.6 0.799527 2495.45 45.0709 45.0709 45.0709
10200000 293.716 91556 0.799532 2530.58 45.0708 45.0708 45.0708
10201000 291.613 91555.4 0.799537 2504.18 45.0707 45.0707 45.0707
10202000 292.264 91554.8 0.799542 2500.01 45.0706 45.0706 45.0706
10203000 293.578 91554.2 0.799547 2524.03 45.0705 45.0705 45.0705
10204000 290.551 91553.6 0.799553 2464.27 45.0704 45.0704 45.0704
10205000 291.408 91553.1 0.799558 2486.72 45.0704 45.0704 45.0704
10206000 292.48 91552.5 0.799563 2496.23 45.0703 45.0703 45.0703
10207000 295.279 91551.9 0.799568 2550.9 45.0702 45.0702 45.0702
10208000 291.214 91551.3 0.799573 2470.1 45.0701 45.0701 45.0701
10209000 292.647 91550.7 0.799578 2499.72 45.07 45.07 45.07
10210000 293.506 91550.1 0.799583 2512.75 45.0699 45.0699 45.0699
10211000 293.077 91549.5 0.799588 2506.55 45.0698 45.0698 45.0698
10212000 295.097 91549 0.799594 2541.99 45.0697 45.0697 45.0697
10213000 294.356 91548.4 0.799599 2507.24 45.0696 45.0696 45.0696
10214000 293.087 91547.8 0.799604 2496.41 45.0695 45.0695 45.0695
10215000 294.892 91547.2 0.799609 2517.18 45.0694 45.0694 45.0694
10216000 295.52 91546.6 0.799614 2541.84 45.0693 45.0693 45.0693
10217000 292.396 91546 0.799619 2499.29 45.0692 45.0692 45.0692
10218000 293.503 91545.4 0.799624 2517.88 45.0691 45.0691 45.0691
10219000 295.22 91544.8 0.799629 2545.37 45.069 45.069 45.069
10220000 293.793 91544.3 0.799635 2505.7 45.0689 45.0689 45.0689
10221000 292.361 91543.7 0.79964 2479.71 45.0688 45.0688 45.0688
10222000 294.835 91543.1 0.799645 2546.83 45.0687 45.0687 45.0687
10223000 293.107 91542.5 0.79965 2519.7 45.0686 45.0686 45.0686
10224000 293.33 91541.9 0.799655 2533 45.0685 45.0685 45.0685
10225000 291.348 91541.3 0.79966 2469.55 45.0684 45.0684 45.0684
10226000 292.002 91540.7 0.799665 2476.76 45.0683 45.0683 45.0683
10227000 290.937 91540.2 0.79967 2470.28 45.0682 45.0682 45.0682
10228000 293.576 91539.6 0.799676 2510.94 45.0681 45.0681 45.0681
10229000 293.192 91539 0.799681 2523.83 45.068 45.068 45.068
10230000 293.667 91538.4 0.799686 2535.78 45.0679 45.0679 45.0679
10231000 293.176 91537.8 0.799691 2536.04 45.0678 45.0678 45.0678
10232000 293.846 91537.2 0.799696 2556.23 45.0678 45.0678 45.0678
10233000 291.765 91536.6 0.799701 2509.04 45.0677 45.0677 45.0677
10234000 291.203 91536 0.799706 2500.32 45.0676 45.0676 45.0676
10235000 293.668 91535.5 0.799711 2530.89 45.0675 45.0675 45.0675
10236000 293.272 91534.9 0.799717 2507.84 45.0674 45.0674 45.0674
10237000 294.635 91534.3 0.799722 2567.07 45.0673 45.0673 45.0673
10238000 292.682 91533.7 0.799727 2526.22 45.0672 45.0672 45.0672
10239000 294.074 91533.1 0.799732 2536.93 45.0671 45.0671 45.0671
10240000 292.987 91532.5 0.799737 2509.04 45.067 45.067 45.067
10241000 292.017 91531.9 0.799742 2494.93 45.0669 45.0669 45.0669
10242000 292.816 91531.4 0.799747 2503.37 45.0668 45.0668 45.0668
10243000 291.669 91530.8 0.799752 2494.68 45.0667 45.0667 45.0667
10244000 291.998 91530.2 0.799758 2481.8 45.0666 45.0666 45.0666
10245000 293.279 91529.6 0.799763 2533.53 45.0665 45.0665 45.0665
10246000 294.604 91529 0.799768 2557.24 45.0664 45.0664 45.0664
10247000 295.452 91528.4 0.799773 2580.46 45.0663 45.0663 45.0663
10248000 292.597 91527.8 0.799778 2518.35 45.0662 45.0662 45.0662
10249000 292.959 91527.2 0.799783 2512.97 45.0661 45.0661 45.0661
10250000 293.382 91526.7 0.799788 2514.33 45.066 45.066 45.066
10251000 294.304 91526.1 0.799793 2546.25 45.0659 45.0659 45.0659
10252000 294.083 91525.5 0.799799 2535.63 45.0658 45.0658 45.0658
10253000 292.615 91524.9 0.799804 2494.56 45.0657 45.0657 45.0657
10254000 295.168 91524.3 0.799809 2545.69 45.0656 45.0656 45.0656
10255000 293.413 91523.7 0.799814 2527.05 45.0655 45.0655 45.0655
10256000 293.869 91523.1 0.799819 2517.58 45.0654 45.0654 45.0654
10257000 293.463 91522.6 0.799824 2497.14 45.0653 45.0653 45.0653
10258000 292.667 91522 0.799829 2499.89 45.0653 45.0653 45.0653
10259000 294.149 91521.4 0.799834 2535.28 45.0652 45.0652 45.0652
10260000 292.558 91520.8 0.79984 2492.58 45.0651 45.0651 45.0651
10261000 294.481 91520.2 0.799845 2535.01 45.065 45.065 45.065
10262000 293.18 91519.6 0.79985 2500.97 45.0649 45.0649 45.0649
10263000 292.54 91519 0.799855 2496.97 45.0648 45.0648 45.0648
10264000 293.123 91518.5 0.79986 2494.52 45.0647 45.0647 45.0647
10265000 295.075 91517.9 0.799865 2551.27 45.0646 45.0646 45.0646
10266000 292.124 91517.3 0.79987 2471.58 45.0645 45.0645 45.0645
10267000 292.83 91516.7 0.799875 2498.01 45.0644 45.0644 45.0644
10268000 291.418 91516.1 0.799881 2476.6 45.0643 45.0643 45.0643
10269000 293.854 91515.5 0.799886 2533.89 45.0642 45.0642 45.0642
10270000 290.819 91514.9 0.799891 2445.82 45.0641 45.0641 45.0641
10271000 292.827 91514.3 0.799896 2469.51 45.064 45.064 45.064
10272000 292.902 91513.8 0.799901 2476.9 45.0639 45.0639 45.0639
10273000 291.031 91513.2 0.799906 2434.99 45.0638 45.0638 45.0638
10274000 294.59 91512.6 0.799911 2507.77 45.0637 45.0637 45.0637
10275000 293.349 91512 0.799916 2493.29 45.0636 45.0636 45.0636
10276000 293.259 91511.4 0.799922 2509.84 45.0635 45.0635 45.0635
10277000 292.997 91510.8 0.799927 2471.06 45.0634 45.0634 45.0634
10278000 291.677 91510.2 0.799932 2464.07 45.0633 45.0633 45.0633
10279000 292.353 91509.7 0.799937 2482.03 45.0632 45.0632 45.0632
10280000 292.734 91509.1 0.799942 2512.54 45.0631 45.0631 45.0631
10281000 291.716 91508.5 0.799947 2500.87 45.063 45.063 45.063
10282000 293.61 91507.9 0.799952 2526.64 45.0629 45.0629 45.0629
10283000 291.453 91507.3 0.799957 2519.83 45.0628 45.0628 45.0628
10284000 296.283 91506.7 0.799963 2579.12 45.0627 45.0627 45.0627
10285000 293.792 91506.1 0.799968 2554.27 45.0627 45.0627 45.0627
10286000 291.451 91505.6 0.799973 2509.31 45.0626 45.0626 45.0626
10287000 292.604 91505 0.799978 2522.68 45.0625 45.0625 45.0625
10288000 294.502 91504.4 0.799983 2537.66 45.0624 45.0624 45.0624
10289000 293.481 91503.8 0.799988 2509.83 45.0623 45.0623 45.0623
10290000 291.798 91503.2 0.799993 2488.09 45.0622 45.0622 45.0622
10291000 292.888 91502.6 0.799998 2514.41 45.0621 45.0621 45.0621
10292000 293.542 91502 0.800004 2512.04 45.062 45.062 45.062
10293000 292.783 91501.4 0.800009 2518.1 45.0619 45.0619 45.0619
10294000 292.833 91500.9 0.800014 2495.73 45.0618 45.0618 45.0618
10295000 290.09 91500.3 0.800019 2458.56 45.0617 45.0617 45.0617
10296000 293.054 91499.7 0.800024 2516.28 45.0616 45.0616 45.0616
10297000 293.711 91499.1 0.800029 2518.81 45.0615 45.0615 45.0615
10298000 294.767 91498.5 0.800034 2527.08 45.0614 45.0614 45.0614
10299000 293.06 91497.9 0.800039 2505.03 45.0613 45.0613 45.0613
10300000 293.363 91497.3 0.800045 2511.74 45.0612 45.0612 45.0612
10301000 290.948 91496.8 0.80005 2457.8 45.0611 45.0611 45.0611
10302000 293.892 91496.2 0.800055 2520.54 45.061 45.061 45.061
10303000 295.54 91495.6 0.80006 2544.61 45.0609 45.0609 45.0609
10304000 295.483 91495 0.800065 2537.07 45.0608 45.0608 45.0608
10305000 289.003 91494.4 0.80007 2402.8 45.0607 45.0607 45.0607
10306000 290.716 91493.8 0.800075 2446.68 45.0606 45.0606 45.0606
10307000 293.009 91493.2 0.80008 2509.75 45.0605 45.0605 45.0605
10308000 294.725 91492.7 0.800086 2528.79 45.0604 45.0604 45.0604
10309000 294.9 91492.1 0.800091 2520.44 45.0603 45.0603 45.0603
10310000 291.701 91491.5 0.800096 2458.1 45.0602 45.0602 45.0602
10311000 294.999 91490.9 0.800101 2527.5 45.0601 45.0601 45.0601
10312000 291.716 91490.3 0.800106 2480.62 45.0601 45.0601 45.0601
10313000 293.027 91489.7 0.800111 2484.03 45.06 45.06 45.06
10314000 292.995 91489.1 0.800116 2481.94 45.0599 45.0599 45.0599
10315000 293.421 91488.5 0.800121 2481.32 45.0598 45.0598 45.0598
10316000 290.483 91488 0.800127 2444.29 45.0597 45.0597 45.0597
10317000 293.381 91487.4 0.800132 2491.71 45.0596 45.0596 45.0596
10318000 292.663 91486.8 0.800137 2477.33 45.0595 45.0595 45.0595
10319000 292.051 91486.2 0.800142 2462.5 45.0594 45.0594 45.0594
10320000 295.309 91485.6 0.800147 2526.71 45.0593 45.0593 45.0593
10321000 292.654 91485 0.800152 2475 45.0592 45.0592 45.0592
10322000 294.396 91484.4 0.800157 2510.83 45.0591 45.0591 45.0591
10323000 292.884 91483.9 0.800162 2488.56 45.059 45.059 45.059
10324000 292.244 91483.3 0.800168 2501.72 45.0589 45.0589 45.0589
10325000 294.271 91482.7 0.800173 2517.56 45.0588 45.0588 45.0588
10326000 293.42 91482.1 0.800178 2490.23 45.0587 45.0587 45.0587
10327000 290.536 91481.5 0.800183 2451.92 45.0586 45.0586 45.0586
10328000 291.178 91480.9 0.800188 2464.32 45.0585 45.0585 45.0585
10329000 292.863 91480.3 0.800193 2507.99 45.0584 45.0584 45.0584
10330000 292.525 91479.8 0.800198 2484.68 45.0583 45.0583 45.0583
10331000 291.02 91479.2 0.800204 2474.33 45.0582 45.0582 45.0582
10332000 292.838 91478.6 0.800209 2510.09 45.0581 45.0581 45.0581
10333000 294.348 91478 0.800214 2537.84 45.058 45.058 45.058
10334000 291.548 91477.4 0.800219 2490.11 45.0579 45.0579 45.0579
10335000 293.58 91476.8 0.800224 2534.71 45.0578 45.0578 45.0578
10336000 291.568 91476.2 0.800229 2480.38 45.0577 45.0577 45.0577
10337000 293.654 91475.7 0.800234 2516.83 45.0576 45.0576 45.0576
10338000 292.328 91475.1 0.800239 2498.9 45.0576 45.0576 45.0576
10339000 292.563 91474.5 0.800245 2499.53 45.0575 45.0575 45.0575
10340000 292.739 91473.9 0.80025 2501.48 45.0574 45.0574 45.0574
10341000 291.802 91473.3 0.800255 2498.7 45.0573 45.0573 45.0573
10342000 292.832 91472.7 0.80026 2491.75 45.0572 45.0572 45.0572
10343000 296.35 91472.1 0.800265 2550.23 45.0571 45.0571 45.0571
10344000 291.958 91471.5 0.80027 2475.44 45.057 45.057 45.057
10345000 292.671 91471 0.800275 2472.7 45.0569 45.0569 45.0569
10346000 295.787 91470.4 0.80028 2531.37 45.0568 45.0568 45.0568
10347000 292.627 91469.8 0.800286 2484.67 45.0567 45.0567 45.0567
10348000 292.459 91469.2 0.800291 2472.29 45.0566 45.0566 45.0566
10349000 290.198 91468.6 0.800296 2424.11 45.0565 45.0565 45.0565
10350000 292.851 91468 0.800301 2486.96 45.0564 45.0564 45.0564
10351000 291.748 91467.4 0.800306 2468.99 45.0563 45.0563 45.0563
10352000 292.57 91466.9 0.800311 2473.21 45.0562 45.0562 45.0562
10353000 294.039 91466.3 0.800316 2521.13 45.0561 45.0561 45.0561
10354000 294.398 91465.7 0.800321 2519.87 45.056 45.056 45.056
10355000 294.868 91465.1 0.800327 2498.62 45.0559 45.0559 45.0559
10356000 292.692 91464.5 0.800332 2471.49 45.0558 45.0558 45.0558
10357000 294.125 91463.9 0.800337 2505.34 45.0557 45.0557 45.0557
10358000 292.538 91463.3 0.800342 2505.08 45.0556 45.0556 45.0556
10359000 294.002 91462.8 0.800347 2528.41 45.0555 45.0555 45.0555
10360000 291.837 91462.2 0.800352 2501.15 45.0554 45.0554 45.0554
10361000 295.35 91461.6 0.800357 2564.09 45.0553 45.0553 45.0553
10362000 292.835 91461 0.800363 2526.1 45.0552 45.0552 45.0552
10363000 294.236 91460.4 0.800368 2528.82 45.0551 45.0551 45.0551
10364000 294.622 91459.8 0.800373 2551.65 45.055 45.055 45.055
10365000 291.457 91459.2 0.800378 2500.55 45.055 45.055 45.055
10366000 294.974 91458.7 0.800383 2547.9 45.0549 45.0549 45.0549
10367000 293.694 91458.1 0.800388 2541.41 45.0548 45.0548 45.0548
10368000 295.082 91457.5 0.800393 2522 45.0547 45.0547 45.0547
10369000 294.152 91456.9 0.800398 2522.76 45.0546 45.0546 45.0546
10370000 291.937 91456.3 0.800404 2485.76 45.0545 45.0545 45.0545
10371000 292.473 91455.7 0.800409 2493.01 45.0544 45.0544 45.0544
10372000 293.75 91455.1 0.800414 2516.09 45.0543 45.0543 45.0543
10373000 295.516 91454.5 0.800419 2541.61 45.0542 45.0542 45.0542
10374000 289.904 91454 0.800424 2453.42 45.0541 45.0541 45.0541
10375000 292.037 91453.4 0.800429 2487.82 45.054 45.054 45.054
10376000 291.168 91452.8 0.800434 2466.5 45.0539 45.0539 45.0539
10377000 293.992 91452.2 0.800439 2525.61 45.0538 45.0538 45.0538
10378000 292.58 91451.6 0.800445 2523.27 45.0537 45.0537 45.0537
10379000 292.762 91451 0.80045 2538.97 45.0536 45.0536 45.0536
10380000 292.688 91450.4 0.800455 2545.19 45.0535 45.0535 45.0535
10381000 294.294 91449.9 0.80046 2524.63 45.0534 45.0534 45.0534
10382000 292.162 91449.3 0.800465 2493.01 45.0533 45.0533 45.0533
10383000 293.552 91448.7 0.80047 2519.51 45.0532 45.0532 45.0532
10384000 293.029 91448.1 0.800475 2504.15 45.0531 45.0531 45.0531
10385000 295.244 91447.5 0.800481 2545.86 45.053 45.053 45.053
10386000 293.872 91446.9 0.800486 2500.65 45.0529 45.0529 45.0529
10387000 296.157 91446.3 0.800491 2544.3 45.0528 45.0528 45.0528
10388000 292.94 91445.8 0.800496 2496.89 45.0527 45.0527 45.0527
10389000 292.277 91445.2 0.800501 2509.15 45.0526 45.0526 45.0526
10390000 295.96 91444.6 0.800506 2561.63 45.0525 45.0525 45.0525
10391000 292.813 91444 0.800511 2501.48 45.0524 45.0524 45.0524
10392000 295.081 91443.4 0.800516 2533.75 45.0524 45.0524 45.0524
10393000 293 91442.8 0.800522 2505.5 45.0523 45.0523 45.0523
10394000 293.266 91442.2 0.800527 2516.35 45.0522 45.0522 45.0522
10395000 293.038 91441.7 0.800532 2510.74 45.0521 45.0521 45.0521
10396000 294.096 91441.1 0.800537 2521.39 45.052 45.052 45.052
10397000 294.511 91440.5 0.800542 2530.44 45.0519 45.0519 45.0519
10398000 291.495 91439.9 0.800547 2476.46 45.0518 45.0518 45.0518
10399000 292.237 91439.3 0.800552 2485.23 45.0517 45.0517 45.0517
10400000 293.115 91438.7 0.800557 2485.4 45.0516 45.0516 45.0516
10401000 291.045 91438.1 0.800563 2448.03 45.0515 45.0515 45.0515
10402000 292.964 91437.5 0.800568 2485 45.0514 45.0514 45.0514
10403000 295.071 91437 0.800573 2541.08 45.0513 45.0513 45.0513
10404000 293.787 91436.4 0.800578 2512.71 45.0512 45.0512 45.0512
10405000 293.939 91435.8 0.800583 2520.66 45.0511 45.0511 45.0511
10406000 293.682 91435.2 0.800588 2522.15 45.051 45.051 45.051
10407000 294.993 91434.6 0.800593 2533.65 45.0509 45.0509 45.0509
10408000 295.357 91434 0.800599 2530.69 45.0508 45.0508 45.0508
10409000 292.79 91433.4 0.800604 2485.88 45.0507 45.0507 45.0507
10410000 293.236 91432.9 0.800609 2490.21 45.0506 45.0506 45.0506
10411000 291.504 91432.3 0.800614 2458.94 45.0505 45.0505 45.0505
10412000 292.545 91431.7 0.800619 2476.64 45.0504 45.0504 45.0504
10413000 290.401 91431.1 0.800624 2462.34 45.0503 45.0503 45.0503
10414000 295.081 91430.5 0.800629 2559.81 45.0502 45.0502 45.0502
10415000 291.613 91429.9 0.800634 2471 45.0501 45.0501 45.0501
10416000 292.91 91429.3 0.80064 2504.53 45.05 45.05 45.05
10417000 292.86 91428.8 0.800645 2506.76 45.0499 45.0499 45.0499
10418000 290.762 91428.2 0.80065 2460.97 45.0498 45.0498 45.0498
10419000 294.693 91427.6 0.800655 2544.95 45.0498 45.0498 45.0498
10420000 292.746 91427 0.80066 2514.84 45.0497 45.0497 45.0497
10421000 292.181 91426.4 0.800665 2493.21 45.0496 45.0496 45.0496
10422000 294.484 91425.8 0.80067 2541.92 45.0495 45.0495 45.0495
10423000 293.178 91425.2 0.800676 2517.19 45.0494 45.0494 45.0494
10424000 292.403 91424.7 0.800681 2505.38 45.0493 45.0493 45.0493
10425000 291.758 91424.1 0.800686 2504.34 45.0492 45.0492 45.0492
10426000 292.297 91423.5 0.800691 2505.9 45.0491 45.0491 45.0491
10427000 293.551 91422.9 0.800696 2531.98 45.049 45.049 45.049
10428000 294.628 91422.3 0.800701 2555.65 45.0489 45.0489 45.0489
10429000 293.902 91421.7 0.800706 2537.67 45.0488 45.0488 45.0488
10430000 292.832 91421.1 0.800711 2495.05 45.0487 45.0487 45.0487
10431000 292.824 91420.6 0.800717 2496.78 45.0486 45.0486 45.0486
10432000 293.349 91420 0.800722 2528.44 45.0485 45.0485 45.0485
10433000 292.662 91419.4 0.800727 2492.27 45.0484 45.0484 45.0484
10434000 292.981 91418.8 0.800732 2501.52 45.0483 45.0483 45.0483
10435000 293.913 91418.2 0.800737 2533.23 45.0482 45.0482 45.0482
10436000 294.313 91417.6 0.800742 2530.62 45.0481 45.0481 45.0481
10437000 292.975 91417 0.800747 2519.64 45.048 45.048 45.048
10438000 292.597 91416.5 0.800752 2503.98 45.0479 45.0479 45.0479
10439000 293.314 91415.9 0.800758 2495.92 45.0478 45.0478 45.0478
10440000 292.377 91415.3 0.800763 2526.07 45.0477 45.0477 45.0477
10441000 291.545 91414.7 0.800768 2502.88 45.0476 45.0476 45.0476
10442000 290.132 91414.1 0.800773 2483.2 45.0475 45.0475 45.0475
10443000 292.553 91413.5 0.800778 2523.99 45.0474 45.0474 45.0474
10444000 292.328 91412.9 0.800783 2528.5 45.0473 45.0473 45.0473
10445000 293.442 91412.4 0.800788 2528.51 45.0473 45.0473 45.0473
10446000 295.982 91411.8 0.800794 2580 45.0472 45.0472 45.0472
10447000 292.261 91411.2 0.800799 2504.81 45.0471 45.0471 45.0471
10448000 292.024 91410.6 0.800804 2503.37 45.047 45.047 45.047
10449000 292.906 91410 0.800809 2531.07 45.0469 45.0469 45.0469
10450000 293.643 91409.4 0.800814 2544.53 45.0468 45.0468 45.0468
10451000 292.958 91408.8 0.800819 2501.55 45.0467 45.0467 45.0467
10452000 293.232 91408.2 0.800824 2525.47 45.0466 45.0466 45.0466
10453000 291.757 91407.7 0.800829 2466.56 45.0465 45.0465 45.0465
10454000 292.067 91407.1 0.800835 2479.89 45.0464 45.0464 45.0464
10455000 291.59 91406.5 0.80084 2463.07 45.0463 45.0463 45.0463
10456000 293.076 91405.9 0.800845 2471.9 45.0462 45.0462 45.0462
10457000 296.099 91405.3 0.80085 2561.31 45.0461 45.0461 45.0461
10458000 293.924 91404.7 0.800855 2499.9 45.046 45.046 45.046
10459000 293.04 91404.1 0.80086 2516.09 45.0459 45.0459 45.0459
10460000 292.258 91403.6 0.800865 2480.5 45.0458 45.0458 45.0458
10461000 293.073 91403 0.800871 2497.82 45.0457 45.0457 45.0457
10462000 293.229 91402.4 0.800876 2492.87 45.0456 45.0456 45.0456
10463000 295.383 91401.8 0.800881 2541.39 45.0455 45.0455 45.0455
10464000 294.303 91401.2 0.800886 2532.67 45.0454 45.0454 45.0454
10465000 293.036 91400.6 0.800891 2495.54 45.0453 45.0453 45.0453
10466000 294.369 91400 0.800896 2496.02 45.0452 45.0452 45.0452
10467000 292.194 91399.5 0.800901 2480.47 45.0451 45.0451 45.0451
10468000 292.831 91398.9 0.800907 2495.38 45.045 45.045 45.045
10469000 294.634 91398.3 0.800912 2533.4 45.0449 45.0449 45.0449
10470000 292.254 91397.7 0.800917 2473.95 45.0448 45.0448 45.0448
10471000 292.268 91397.1 0.800922 2467.94 45.0447 45.0447 45.0447
10472000 292.128 91396.5 0.800927 2461.25 45.0447 45.0447 45.0447
10473000 292.66 91395.9 0.800932 2487.08 45.0446 45.0446 45.0446
10474000 292.6 91395.4 0.800937 2468.75 45.0445 45.0445 45.0445
10475000 291.791 91394.8 0.800942 2441.14 45.0444 45.0444 45.0444
10476000 291.089 91394.2 0.800948 2455.03 45.0443 45.0443 45.0443
10477000 293.336 91393.6 0.800953 2498 45.0442 45.0442 45.0442
10478000 293.672 91393 0.800958 2511.85 45.0441 45.0441 45.0441
10479000 293.869 91392.4 0.800963 2508.98 45.044 45.044 45.044
10480000 291.696 91391.8 0.800968 2485.71 45.0439 45.0439 45.0439
10481000 293 91391.3 0.800973 2501.01 45.0438 45.0438 45.0438
10482000 293.922 91390.7 0.800978 2516.23 45.0437 45.0437 45.0437
10483000 291.869 91390.1 0.800984 2489.36 45.0436 45.0436 45.0436
10484000 293.789 91389.5 0.800989 2516.81 45.0435 45.0435 45.0435
10485000 293.245 91388.9 0.800994 2493.78 45.0434 45.0434 45.0434
10486000 291.942 91388.3 0.800999 2466.33 45.0433 45.0433 45.0433
10487000 291.961 91387.7 0.801004 2461.09 45.0432 45.0432 45.0432
10488000 294.057 91387.2 0.801009 2504.52 45.0431 45.0431 45.0431
10489000 293.416 91386.6 0.801014 2490.22 45.043 45.043 45.043
10490000 293.865 91386 0.801019 2494.75 45.0429 45.0429 45.0429
10491000 294.384 91385.4 0.801025 2500.29 45.0428 45.0428 45.0428
10492000 291.27 91384.8 0.80103 2455.14 45.0427 45.0427 45.0427
10493000 293.727 91384.2 0.801035 2505.59 45.0426 45.0426 45.0426
10494000 294.526 91383.6 0.80104 2496.78 45.0425 45.0425 45.0425
10495000 293.471 91383.1 0.801045 2484.43 45.0424 45.0424 45.0424
10496000 291.803 91382.5 0.80105 2451.78 45.0423 45.0423 45.0423
10497000 291.209 91381.9 0.801055 2460.84 45.0422 45.0422 45.0422
10498000 294.494 91381.3 0.801061 2515.69 45.0421 45.0421 45.0421
10499000 292.324 91380.7 0.801066 2480.54 45.0421 45.0421 45.0421
10500000 293.436 91380.1 0.801071 2505.76 45.042 45.042 45.042
10501000 291.172 91379.5 0.801076 2463.99 45.0419 45.0419 45.0419
10502000 293.84 91379 0.801081 2519.28 45.0418 45.0418 45.0418
10503000 294.292 91378.4 0.801086 2551.46 45.0417 45.0417 45.0417
10504000 291.822 91377.8 0.801091 2479.87 45.0416 45.0416 45.0416
10505000 292.89 91377.2 0.801096 2489.21 45.0415 45.0415 45.0415
10506000 294.484 91376.6 0.801102 2506.51 45.0414 45.0414 45.0414
10507000 293.136 91376 0.801107 2498.77 45.0413 45.0413 45.0413
10508000 293.09 91375.4 0.801112 2496.87 45.0412 45.0412 45.0412
10509000 295.802 91374.9 0.801117 2540.05 45.0411 45.0411 45.0411
10510000 293.194 91374.3 0.801122 2496.98 45.041 45.041 45.041
10511000 295.603 91373.7 0.801127 2526.98 45.0409 45.0409 45.0409
10512000 294.057 91373.1 0.801132 2508.35 45.0408 45.0408 45.0408
10513000 294.133 91372.5 0.801138 2480.71 45.0407 45.0407 45.0407
10514000 293.697 91371.9 0.801143 2492.69 45.0406 45.0406 45.0406
10515000 291.913 91371.3 0.801148 2445.91 45.0405 45.0405 45.0405
10516000 291.393 91370.8 0.801153 2451.03 45.0404 45.0404 45.0404
10517000 293.423 91370.2 0.801158 2493.4 45.0403 45.0403 45.0403
10518000 293.89 91369.6 0.801163 2488.01 45.0402 45.0402 45.0402
10519000 293.687 91369 0.801168 2463.77 45.0401 45.0401 45.0401
10520000 292.578 91368.4 0.801174 2450.38 45.04 45.04 45.04
10521000 291.939 91367.8 0.801179 2450.63 45.0399 45.0399 45.0399
10522000 295.516 91367.2 0.801184 2517.7 45.0398 45.0398 45.0398
10523000 292.235 91366.7 0.801189 2442.64 45.0397 45.0397 45.0397
10524000 292.725 91366.1 0.801194 2483.91 45.0396 45.0396 45.0396
10525000 293.175 91365.5 0.801199 2488.05 45.0396 45.0396 45.0396
10526000 295.35 91364.9 0.801204 2509.52 45.0395 45.0395 45.0395
10527000 292.354 91364.3 0.801209 2489.58 45.0394 45.0394 45.0394
10528000 294.144 91363.7 0.801215 2524.47 45.0393 45.0393 45.0393
10529000 293.312 91363.1 0.80122 2481.76 45.0392 45.0392 45.0392
10530000 293.421 91362.6 0.801225 2481.98 45.0391 45.0391 45.0391
10531000 292.247 91362 0.80123 2471.61 45.039 45.039 45.039
10532000 294.751 91361.4 0.801235 2497.67 45.0389 45.0389 45.0389
10533000 295.354 91360.8 0.80124 2520.03 45.0388 45.0388 45.0388
10534000 291.825 91360.2 0.801245 2436.74 45.0387 45.0387 45.0387
10535000 291.865 91359.6 0.801251 2447.68 45.0386 45.0386 45.0386
10536000 294.778 91359 0.801256 2508.38 45.0385 45.0385 45.0385
10537000 293.842 91358.5 0.801261 2491.89 45.0384 45.0384 45.0384
10538000 294.3 91357.9 0.801266 2482.76 45.0383 45.0383 45.0383
10539000 292.001 91357.3 0.801271 2446.21 45.0382 45.0382 45.0382
10540000 294.657 91356.7 0.801276 2493.13 45.0381 45.0381 45.0381
10541000 293.54 91356.1 0.801281 2494.81 45.038 45.038 45.038
10542000 291.482 91355.5 0.801287 2447.62 45.0379 45.0379 45.0379
10543000 294.055 91354.9 0.801292 2476.34 45.0378 45.0378 45.0378
10544000 293.82 91354.4 0.801297 2489.64 45.0377 45.0377 45.0377
10545000 292.953 91353.8 0.801302 2492.8 45.0376 45.0376 45.0376
10546000 293.175 91353.2 0.801307 2467.04 45.0375 45.0375 45.0375
10547000 291.507 91352.6 0.801312 2434.76 45.0374 45.0374 45.0374
10548000 291.895 91352 0.801317 2433.98 45.0373 45.0373 45.0373
10549000 291.082 91351.4 0.801323 2440.04 45.0372 45.0372 45.0372
10550000 291.712 91350.8 0.801328 2435.73 45.0371 45.0371 45.0371
10551000 291.883 91350.3 0.801333 2422.23 45.037 45.037 45.037
10552000 291.784 91349.7 0.801338 2415.04 45.037 45.037 45.037
10553000 295.546 91349.1 0.801343 2506.72 45.0369 45.0369 45.0369
10554000 294.286 91348.5 0.801348 2478.83 45.0368 45.0368 45.0368
10555000 293.72 91347.9 0.801353 2456.85 45.0367 45.0367 45.0367
10556000 290.318 91347.3 0.801358 2403.91 45.0366 45.0366 45.0366
10557000 293.923 91346.7 0.801364 2465.9 45.0365 45.0365 45.0365
10558000 294.021 91346.2 0.801369 2489.13 45.0364 45.0364 45.0364
10559000 293.119 91345.6 0.801374 2457.01 45.0363 45.0363 45.0363
10560000 292.647 91345 0.801379 2445.57 45.0362 45.0362 45.0362
10561000 293.852 91344.4 0.801384 2498.92 45.0361 45.0361 45.0361
10562000 294.217 91343.8 0.801389 2480.12 45.036 45.036 45.036
10563000 293.74 91343.2 0.801394 2466.55 45.0359 45.0359 45.0359
10564000 291.799 91342.6 0.8014 2438.36 45.0358 45.0358 45.0358
10565000 291.609 91342.1 0.801405 2440.16 45.0357 45.0357 45.0357
10566000 292.312 91341.5 0.80141 2445.68 45.0356 45.0356 45.0356
10567000 293.14 91340.9 0.801415 2472.67 45.0355 45.0355 45.0355
10568000 292.525 91340.3 0.80142 2463.86 45.0354 45.0354 45.0354
10569000 293.02 91339.7 0.801425 2463.91 45.0353 45.0353 45.0353
10570000 293.012 91339.1 0.80143 2464.47 45.0352 45.0352 45.0352
10571000 291.723 91338.5 0.801436 2429.45 45.0351 45.0351 45.0351
10572000 293.372 91338 0.801441 2460 45.035 45.035 45.035
10573000 294.419 91337.4 0.801446 2483.11 45.0349 45.0349 45.0349
10574000 293.72 91336.8 0.801451 2476.21 45.0348 45.0348 45.0348
10575000 290.605 91336.2 0.801456 2425.02 45.0347 45.0347 45.0347
10576000 295.054 91335.6 0.801461 2502.74 45.0346 45.0346 45.0346
10577000 291.728 91335 0.801466 2446.43 45.0345 45.0345 45.0345
10578000 291.272 91334.4 0.801472 2451.9 45.0344 45.0344 45.0344
10579000 290.526 91333.9 0.801477 2444.02 45.0344 45.0344 45.0344
10580000 293.457 91333.3 0.801482 2476.41 45.0343 45.0343 45.0343
10581000 293.437 91332.7 0.801487 2478.8 45.0342 45.0342 45.0342
10582000 291.764 91332.1 0.801492 2457.42 45.0341 45.0341 45.0341
10583000 292.064 91331.5 0.801497 2470.2 45.034 45.034 45.034
10584000 294.167 91330.9 0.801502 2483.66 45.0339 45.0339 45.0339
10585000 293.95 91330.3 0.801508 2505.89 45.0338 45.0338 45.0338
10586000 291.719 91329.8 0.801513 2484.69 45.0337 45.0337 45.0337
10587000 292.978 91329.2 0.801518 2479.96 45.0336 45.0336 45.0336
10588000 293.721 91328.6 0.801523 2482.55 45.0335 45.0335 45.0335
10589000 295.381 91328 0.801528 2523.66 45.0334 45.0334 45.0334
10590000 292.012 91327.4 0.801533 2469.92 45.0333 45.0333 45.0333
10591000 294.093 91326.8 0.801538 2507.32 45.0332 45.0332 45.0332
10592000 291.856 91326.2 0.801543 2467.48 45.0331 45.0331 45.0331
10593000 294.233 91325.7 0.801549 2485.93 45.033 45.033 45.033
10594000 292.254 91325.1 0.801554 2434.6 45.0329 45.0329 45.0329
10595000 292.704 91324.5 0.801559 2439.18 45.0328 45.0328 45.0328
10596000 292.753 91323.9 0.801564 2424.41 45.0327 45.0327 45.0327
10597000 294.427 91323.3 0.801569 2456.06 45.0326 45.0326 45.0326
10598000 291.706 91322.7 0.801574 2420.45 45.0325 45.0325 45.0325
10599000 293.806 91322.1 0.801579 2444.16 45.0324 45.0324 45.0324
10600000 291.995 91321.6 0.801585 2413.75 45.0323 45.0323 45.0323
10601000 293.238 91321 0.80159 2442.45 45.0322 45.0322 45.0322
10602000 293.679 91320.4 0.801595 2454.61 45.0321 45.0321 45.0321
10603000 293.444 91319.8 0.8016 2445.7 45.032 45.032 45.032
10604000 293.449 91319.2 0.801605 2447.51 45.0319 45.0319 45.0319
10605000 292.753 91318.6 0.80161 2419.58 45.0319 45.0319 45.0319
10606000 292.929 91318 0.801615 2423.53 45.0318 45.0318 45.0318
10607000 295.905 91317.5 0.801621 2510.46 45.0317 45.0317 45.0317
10608000 292.88 91316.9 0.801626 2438.62 45.0316 45.0316 45.0316
10609000 292.301 91316.3 0.801631 2436.68 45.0315 45.0315 45.0315
10610000 292.345 91315.7 0.801636 2432.26 45.0314 45.0314 45.0314
10611000 292.999 91315.1 0.801641 2456.01 45.0313 45.0313 45.0313
10612000 292.192 91314.5 0.801646 2443.5 45.0312 45.0312 45.0312
10613000 293.681 91313.9 0.801651 2460.96 45.0311 45.0311 45.0311
10614000 292.271 91313.4 0.801657 2460.73 45.031 45.031 45.031
10615000 291.729 91312.8 0.801662 2441.54 45.0309 45.0309 45.0309
10616000 293.857 91312.2 0.801667 2475.31 45.0308 45.0308 45.0308
10617000 292.664 91311.6 0.801672 2447.85 45.0307 45.0307 45.0307
10618000 296.674 91311 0.801677 2519.27 45.0306 45.0306 45.0306
10619000 292.321 91310.4 0.801682 2438.36 45.0305 45.0305 45.0305
10620000 295.406 91309.8 0.801687 2493.73 45.0304 45.0304 45.0304
10621000 293.137 91309.3 0.801693 2461.13 45.0303 45.0303 45.0303
10622000 293.952 91308.7 0.801698 2481.11 45.0302 45.0302 45.0302
10623000 292.053 91308.1 0.801703 2445.31 45.0301 45.0301 45.0301
10624000 292.398 91307.5 0.801708 2479.25 45.03 45.03 45.03
10625000 294.095 91306.9 0.801713 2500.56 45.0299 45.0299 45.0299
10626000 293.527 91306.3 0.801718 2463.87 45.0298 45.0298 45.0298
10627000 295.245 91305.7 0.801723 2525.2 45.0297 45.0297 45.0297
10628000 291.008 91305.2 0.801729 2449.17 45.0296 45.0296 45.0296
10629000 293.25 91304.6 0.801734 2489.5 45.0295 45.0295 45.0295
10630000 293.13 91304 0.801739 2494.13 45.0294 45.0294 45.0294
10631000 293.344 91303.4 0.801744 2496.51 45.0293 45.0293 45.0293
10632000 293.196 91302.8 0.801749 2484.23 45.0293 45.0293 45.0293
10633000 292.474 91302.2 0.801754 2467.88 45.0292 45.0292 45.0292
10634000 292.713 91301.6 0.801759 2445.13 45.0291 45.0291 45.0291
10635000 291.054 91301.1 0.801765 2417.79 45.029 45.029 45.029
10636000 293.273 91300.5 0.80177 2453.28 45.0289 45.0289 45.0289
10637000 293.322 91299.9 0.801775 2463.9 45.0288 45.0288 45.0288
10638000 294.84 91299.3 0.80178 2526.79 45.0287 45.0287 45.0287
10639000 293.418 91298.7 0.801785 2472.29 45.0286 45.0286 45.0286
10640000 293.953 91298.1 0.80179 2509.61 45.0285 45.0285 45.0285
10641000 292.76 91297.5 0.801795 2487.59 45.0284 45.0284 45.0284
10642000 290.275 91297 0.801801 2454.87 45.0283 45.0283 45.0283
10643000 292.977 91296.4 0.801806 2487.34 45.0282 45.0282 45.0282
10644000 294.189 91295.8 0.801811 2536.93 45.0281 45.0281 45.0281
10645000 295.351 91295.2 0.801816 2527.84 45.028 45.028 45.028
10646000 291.406 91294.6 0.801821 2468.18 45.0279 45.0279 45.0279
10647000 292.406 91294 0.801826 2522.9 45.0278 45.0278 45.0278
10648000 294.246 91293.4 0.801831 2531.07 45.0277 45.0277 45.0277
10649000 294.791 91292.9 0.801837 2529.4 45.0276 45.0276 45.0276
10650000 293.193 91292.3 0.801842 2522.35 45.0275 45.0275 45.0275
10651000 295.809 91291.7 0.801847 2558.18 45.0274 45.0274 45.0274
10652000 293.824 91291.1 0.801852 2522.69 45.0273 45.0273 45.0273
10653000 293.199 91290.5 0.801857 2528.53 45.0272 45.0272 45.0272
10654000 292.729 91289.9 0.801862 2492.93 45.0271 45.0271 45.0271
10655000 293.161 91289.4 0.801867 2499.95 45.027 45.027 45.027
10656000 294.217 91288.8 0.801873 2503.21 45.0269 45.0269 45.0269
10657000 296.03 91288.2 0.801878 2535.85 45.0268 45.0268 45.0268
10658000 293.768 91287.6 0.801883 2514.02 45.0267 45.0267 45.0267
10659000 293.137 91287 0.801888 2494.39 45.0267 45.0267 45.0267
10660000 292.414 91286.4 0.801893 2494.54 45.0266 45.0266 45.0266
10661000 294.655 91285.8 0.801898 2547.78 45.0265 45.0265 45.0265
10662000 294.464 91285.3 0.801903 2547.57 45.0264 45.0264 45.0264
10663000 293.835 91284.7 0.801909 2535.59 45.0263 45.0263 45.0263
10664000 291.732 91284.1 0.801914 2466.33 45.0262 45.0262 45.0262
10665000 292.17 91283.5 0.801919 2486.42 45.0261 45.0261 45.0261
10666000 293.212 91282.9 0.801924 2505.49 45.026 45.026 45.026
10667000 290.931 91282.3 0.801929 2468.18 45.0259 45.0259 45.0259
10668000 292.519 91281.7 0.801934 2498.72 45.0258 45.0258 45.0258
10669000 295.754 91281.2 0.801939 2559.15 45.0257 45.0257 45.0257
10670000 290.78 91280.6 0.801945 2481.86 45.0256 45.0256 45.0256
10671000 294.088 91280 0.80195 2533.72 45.0255 45.0255 45.0255
10672000 292.737 91279.4 0.801955 2491.51 45.0254 45.0254 45.0254
10673000 292.586 91278.8 0.80196 2496.78 45.0253 45.0253 45.0253
10674000 294.831 91278.2 0.801965 2547.3 45.0252 45.0252 45.0252
10675000 293.642 91277.6 0.80197 2523.89 45.0251 45.0251 45.0251
10676000 291.3 91277.1 0.801975 2488.76 45.025 45.025 45.025
10677000 291.156 91276.5 0.801981 2492.65 45.0249 45.0249 45.0249
10678000 293.648 91275.9 0.801986 2519.05 45.0248 45.0248 45.0248
10679000 295.054 91275.3 0.801991 2568.31 45.0247 45.0247 45.0247
10680000 291.324 91274.7 0.801996 2483.87 45.0246 45.0246 45.0246
10681000 292.682 91274.1 0.802001 2508.07 45.0245 45.0245 45.0245
10682000 291.27 91273.5 0.802006 2477.32 45.0244 45.0244 45.0244
10683000 292.953 91273 0.802011 2520.26 45.0243 45.0243 45.0243
10684000 293.015 91272.4 0.802017 2502.56 45.0242 45.0242 45.0242
10685000 292.638 91271.8 0.802022 2507.83 45.0241 45.0241 45.0241
10686000 291.875 91271.2 0.802027 2474.56 45.0241 45.0241 45.0241
10687000 293.435 91270.6 0.802032 2488.64 45.024 45.024 45.024
10688000 290.951 91270 0.802037 2460.88 45.0239 45.0239 45.0239
10689000 292.097 91269.4 0.802042 2462.09 45.0238 45.0238 45.0238
10690000 294.367 91268.9 0.802047 2503.48 45.0237 45.0237 45.0237
10691000 293.087 91268.3 0.802053 2481.24 45.0236 45.0236 45.0236
10692000 292.509 91267.7 0.802058 2465.78 45.0235 45.0235 45.0235
10693000 294.552 91267.1 0.802063 2541.61 45.0234 45.0234 45.0234
10694000 292.459 91266.5 0.802068 2485.71 45.0233 45.0233 45.0233
10695000 293.702 91265.9 0.802073 2511.34 45.0232 45.0232 45.0232
10696000 291.7 91265.4 0.802078 2476.95 45.0231 45.0231 45.0231
10697000 293.293 91264.8 0.802083 2480.37 45.023 45.023 45.023
10698000 293.819 91264.2 0.802089 2521.74 45.0229 45.0229 45.0229
10699000 292.633 91263.6 0.802094 2495.95 45.0228 45.0228 45.0228
10700000 294.051 91263 0.802099 2516.32 45.0227 45.0227 45.0227
10701000 292.962 91262.4 0.802104 2469.53 45.0226 45.0226 45.0226
10702000 294.514 91261.8 0.802109 2504.66 45.0225 45.0225 45.0225
10703000 295.387 91261.3 0.802114 2534.68 45.0224 45.0224 45.0224
10704000 292.157 91260.7 0.802119 2467.08 45.0223 45.0223 45.0223
10705000 292.723 91260.1 0.802125 2485.17 45.0222 45.0222 45.0222
10706000 291.705 91259.5 0.80213 2474.26 45.0221 45.0221 45.0221
10707000 294.981 91258.9 0.802135 2563.72 45.022 45.022 45.022
10708000 291.935 91258.3 0.80214 2483.89 45.0219 45.0219 45.0219
10709000 292.238 91257.7 0.802145 2473.59 45.0218 45.0218 45.0218
10710000 292.097 91257.2 0.80215 2447.33 45.0217 45.0217 45.0217
10711000 293.235 91256.6 0.802155 2482.13 45.0216 45.0216 45.0216
10712000 295.013 91256 0.802161 2528.44 45.0216 45.0216 45.0216
10713000 293.488 91255.4 0.802166 2512.86 45.0215 45.0215 45.0215
10714000 290.769 91254.8 0.802171 2442.92 45.0214 45.0214 45.0214
10715000 293.029 91254.2 0.802176 2514.29 45.0213 45.0213 45.0213
10716000 292.688 91253.6 0.802181 2503.81 45.0212 45.0212 45.0212
10717000 293.256 91253.1 0.802186 2506.7 45.0211 45.0211 45.0211
10718000 295.541 91252.5 0.802191 2534.01 45.021 45.021 45.021
10719000 294.32 91251.9 0.802197 2499.1 45.0209 45.0209 45.0209
10720000 293.141 91251.3 0.802202 2488.26 45.0208 45.0208 45.0208
10721000 292.44 91250.7 0.802207 2476.46 45.0207 45.0207 45.0207
10722000 292.395 91250.1 0.802212 2492.97 45.0206 45.0206 45.0206
10723000 294.532 91249.5 0.802217 2526.51 45.0205 45.0205 45.0205
10724000 295.239 91249 0.802222 2539.29 45.0204 45.0204 45.0204
10725000 293.319 91248.4 0.802227 2512.53 45.0203 45.0203 45.0203
10726000 292.7 91247.8 0.802233 2494.99 45.0202 45.0202 45.0202
10727000 291.49 91247.2 0.802238 2457.19 45.0201 45.0201 45.0201
10728000 292.841 91246.6 0.802243 2488.67 45.02 45.02 45.02
10729000 292.941 91246 0.802248 2482.86 45.0199 45.0199 45.0199
10730000 291.553 91245.4 0.802253 2469.47 45.0198 45.0198 45.0198
10731000 293.008 91244.9 0.802258 2495.78 45.0197 45.0197 45.0197
10732000 291.342 91244.3 0.802263 2448.52 45.0196 45.0196 45.0196
10733000 294.76 91243.7 0.802269 2513.04 45.0195 45.0195 45.0195
10734000 293.029 91243.1 0.802274 2478.72 45.0194 45.0194 45.0194
10735000 292.733 91242.5 0.802279 2462.62 45.0193 45.0193 45.0193
10736000 292.782 91241.9 0.802284 2467.44 45.0192 45.0192 45.0192
10737000 292.289 91241.4 0.802289 2444.91 45.0191 45.0191 45.0191
10738000 291.765 91240.8 0.802294 2458.82 45.019 45.019 45.019
10739000 295.382 91240.2 0.802299 2536.78 45.019 45.019 45.019
10740000 292.336 91239.6 0.802305 2469.85 45.0189 45.0189 45.0189
10741000 293.501 91239 0.80231 2499.61 45.0188 45.0188 45.0188
10742000 294.048 91238.4 0.802315 2495.92 45.0187 45.0187 45.0187
10743000 291.523 91237.8 0.80232 2460.68 45.0186 45.0186 45.0186
10744000 293.84 91237.3 0.802325 2498.29 45.0185 45.0185 45.0185
10745000 294.024 91236.7 0.80233 2477.26 45.0184 45.0184 45.0184
10746000 292.161 91236.1 0.802336 2472.72 45.0183 45.0183 45.0183
10747000 295.039 91235.5 0.802341 2495.41 45.0182 45.0182 45.0182
10748000 293.833 91234.9 0.802346 2494.31 45.0181 45.0181 45.0181
10749000 294.996 91234.3 0.802351 2525.81 45.018 45.018 45.018
10750000 293.463 91233.7 0.802356 2508.98 45.0179 45.0179 45.0179
10751000 291.662 91233.2 0.802361 2446.1 45.0178 45.0178 45.0178
10752000 289.668 91232.6 0.802366 2427.47 45.0177 45.0177 45.0177
10753000 293.073 91232 0.802372 2500.67 45.0176 45.0176 45.0176
10754000 292.227 91231.4 0.802377 2502.62 45.0175 45.0175 45.0175
10755000 293.301 91230.8 0.802382 2514.26 45.0174 45.0174 45.0174
10756000 293.07 91230.2 0.802387 2497.68 45.0173 45.0173 45.0173
10757000 293.354 91229.6 0.802392 2514.89 45.0172 45.0172 45.0172
10758000 292.272 91229.1 0.802397 2495.69 45.0171 45.0171 45.0171
10759000 292.823 91228.5 0.802402 2493.17 45.017 45.017 45.017
10760000 291.498 91227.9 0.802408 2462.9 45.0169 45.0169 45.0169
10761000 294.866 91227.3 0.802413 2531.83 45.0168 45.0168 45.0168
10762000 292.343 91226.7 0.802418 2463.62 45.0167 45.0167 45.0167
10763000 293.116 91226.1 0.802423 2489.19 45.0166 45.0166 45.0166
10764000 292.958 91225.6 0.802428 2478.16 45.0165 45.0165 45.0165
10765000 293.999 91225 0.802433 2513.76 45.0164 45.0164 45.0164
10766000 291.943 91224.4 0.802438 2495.46 45.0164 45.0164 45.0164
10767000 293.84 91223.8 0.802444 2506.29 45.0163 45.0163 45.0163
10768000 291.735 91223.2 0.802449 2474.97 45.0162 45.0162 45.0162
10769000 291.399 91222.6 0.802454 2466.1 45.0161 45.0161 45.0161
10770000 292.707 91222 0.802459 2477.78 45.016 45.016 45.016
10771000 293.257 91221.5 0.802464 2534.35 45.0159 45.0159 45.0159
10772000 293.963 91220.9 0.802469 2513.37 45.0158 45.0158 45.0158
10773000 295.344 91220.3 0.802474 2543.47 45.0157 45.0157 45.0157
10774000 293.444 91219.7 0.80248 2539.12 45.0156 45.0156 45.0156
10775000 296.313 91219.1 0.802485 2577.96 45.0155 45.0155 45.0155
10776000 289.757 91218.5 0.80249 2470.77 45.0154 45.0154 45.0154
10777000 292.901 91217.9 0.802495 2523.35 45.0153 45.0153 45.0153
10778000 293.717 91217.4 0.8025 2542.06 45.0152 45.0152 45.0152
10779000 290.568 91216.8 0.802505 2489.67 45.0151 45.0151 45.0151
10780000 294.575 91216.2 0.802511 2554.67 45.015 45.015 45.015
10781000 293.311 91215.6 0.802516 2514.19 45.0149 45.0149 45.0149
10782000 292.525 91215 0.802521 2526.68 45.0148 45.0148 45.0148
10783000 294.863 91214.4 0.802526 2542.09 45.0147 45.0147 45.0147
10784000 295.958 91213.8 0.802531 2554.12 45.0146 45.0146 45.0146
10785000 293.374 91213.3 0.802536 2506.7 45.0145 45.0145 45.0145
10786000 293.384 91212.7 0.802541 2517.73 45.0144 45.0144 45.0144
10787000 292.621 91212.1 0.802547 2506.42 45.0143 45.0143 45.0143
10788000 291.694 91211.5 0.802552 2483.04 45.0142 45.0142 45.0142
10789000 292.297 91210.9 0.802557 2488.03 45.0141 45.0141 45.0141
10790000 291.25 91210.3 0.802562 2482.5 45.014 45.014 45.014
10791000 292.193 91209.8 0.802567 2513.81 45.0139 45.0139 45.0139
10792000 293.371 91209.2 0.802572 2544.6 45.0139 45.0139 45.0139
10793000 293.435 91208.6 0.802577 2515.99 45.0138 45.0138 45.0138
10794000 292.68 91208 0.802583 2486.69 45.0137 45.0137 45.0137
10795000 292.202 91207.4 0.802588 2475.75 45.0136 45.0136 45.0136
10796000 293.581 91206.8 0.802593 2484.71 45.0135 45.0135 45.0135
10797000 293.515 91206.2 0.802598 2497.71 45.0134 45.0134 45.0134
10798000 290.909 91205.7 0.802603 2465.39 45.0133 45.0133 45.0133
10799000 293.908 91205.1 0.802608 2519.36 45.0132 45.0132 45.0132
10800000 291.537 91204.5 0.802613 2462.93 45.0131 45.0131 45.0131
10801000 291.159 91203.9 0.802619 2501.36 45.013 45.013 45.013
10802000 294.585 91203.3 0.802624 2565.07 45.0129 45.0129 45.0129
10803000 291.334 91202.7 0.802629 2517.82 45.0128 45.0128 45.0128
10804000 292.349 91202.1 0.802634 2522.7 45.0127 45.0127 45.0127
10805000 292.76 91201.6 0.802639 2535.32 45.0126 45.0126 45.0126
10806000 293.871 91201 0.802644 2534.67 45.0125 45.0125 45.0125
10807000 293.561 91200.4 0.80265 2547.88 45.0124 45.0124 45.0124
10808000 292.251 91199.8 0.802655 2527.58 45.0123 45.0123 45.0123
10809000 294.464 91199.2 0.80266 2562.5 45.0122 45.0122 45.0122
10810000 294.872 91198.6 0.802665 2577.91 45.0121 45.0121 45.0121
10811000 292.728 91198.1 0.80267 2542.77 45.012 45.012 45.012
10812000 293.323 91197.5 0.802675 2561.72 45.0119 45.0119 45.0119
10813000 291.863 91196.9 0.80268 2537.6 45.0118 45.0118 45.0118
10814000 293.187 91196.3 0.802686 2553.46 45.0117 45.0117 45.0117
10815000 292.195 91195.7 0.802691 2503.13 45.0116 45.0116 45.0116
10816000 293.303 91195.1 0.802696 2553.84 45.0115 45.0115 45.0115
10817000 291.999 91194.5 0.802701 2528.41 45.0114 45.0114 45.0114
10818000 294.262 91194 0.802706 2583.21 45.0113 45.0113 45.0113
10819000 294.577 91193.4 0.802711 2581.21 45.0113 45.0113 45.0113
10820000 292.675 91192.8 0.802716 2545.23 45.0112 45.0112 45.0112
10821000 293.167 91192.2 0.802722 2524 45.0111 45.0111 45.0111
10822000 290.973 91191.6 0.802727 2496.9 45.011 45.011 45.011
10823000 292.247 91191 0.802732 2545.96 45.0109 45.0109 45.0109
10824000 294.41 91190.4 0.802737 2561.9 45.0108 45.0108 45.0108
10825000 291.687 91189.9 0.802742 2512.68 45.0107 45.0107 45.0107
10826000 292.59 91189.3 0.802747 2535.21 45.0106 45.0106 45.0106
10827000 293.73 91188.7 0.802753 2554.08 45.0105 45.0105 45.0105
10828000 292.09 91188.1 0.802758 2507.69 45.0104 45.0104 45.0104
10829000 292.74 91187.5 0.802763 2525.71 45.0103 45.0103 45.0103
10830000 294.764 91186.9 0.802768 2588.2 45.0102 45.0102 45.0102
10831000 292.298 91186.4 0.802773 2519.65 45.0101 45.0101 45.0101
10832000 293.964 91185.8 0.802778 2566.94 45.01 45.01 45.01
10833000 293.497 91185.2 0.802783 2557.64 45.0099 45.0099 45.0099
10834000 292.62 91184.6 0.802789 2520.38 45.0098 45.0098 45.0098
10835000 293.758 91184 0.802794 2556.32 45.0097 45.0097 45.0097
10836000 296.391 91183.4 0.802799 2589.25 45.0096 45.0096 45.0096
10837000 293.133 91182.8 0.802804 2522.93 45.0095 45.0095 45.0095
10838000 295.176 91182.3 0.802809 2581.35 45.0094 45.0094 45.0094
10839000 294.189 91181.7 0.802814 2545.36 45.0093 45.0093 45.0093
10840000 292.851 91181.1 0.802819 2510.26 45.0092 45.0092 45.0092
10841000 294.385 91180.5 0.802825 2525.98 45.0091 45.0091 45.0091
10842000 292.64 91179.9 0.80283 2529.91 45.009 45.009 45.009
10843000 292.106 91179.3 0.802835 2507.46 45.0089 45.0089 45.0089
10844000 293.576 91178.7 0.80284 2523.9 45.0088 45.0088 45.0088
10845000 292.324 91178.2 0.802845 2503.3 45.0087 45.0087 45.0087
10846000 294.582 91177.6 0.80285 2543.13 45.0087 45.0087 45.0087
10847000 291.005 91177 0.802856 2455.99 45.0086 45.0086 45.0086
10848000 290.347 91176.4 0.802861 2439.74 45.0085 45.0085 45.0085
10849000 293.644 91175.8 0.802866 2503.69 45.0084 45.0084 45.0084
10850000 293.309 91175.2 0.802871 2499.87 45.0083 45.0083 45.0083
10851000 292.44 91174.7 0.802876 2479.72 45.0082 45.0082 45.0082
10852000 292.444 91174.1 0.802881 2490.37 45.0081 45.0081 45.0081
10853000 292.876 91173.5 0.802886 2482.12 45.008 45.008 45.008
10854000 293.825 91172.9 0.802892 2499.61 45.0079 45.0079 45.0079
10855000 294.966 91172.3 0.802897 2523.48 45.0078 45.0078 45.0078
10856000 295.396 91171.7 0.802902 2552.51 45.0077 45.0077 45.0077
10857000 293.029 91171.1 0.802907 2476.86 45.0076 45.0076 45.0076
10858000 291.898 91170.6 0.802912 2450.2 45.0075 45.0075 45.0075
10859000 294.747 91170 0.802917 2526.69 45.0074 45.0074 45.0074
10860000 293.902 91169.4 0.802923 2524.59 45.0073 45.0073 45.0073
10861000 293.275 91168.8 0.802928 2487.32 45.0072 45.0072 45.0072
10862000 292.051 91168.2 0.802933 2450.27 45.0071 45.0071 45.0071
10863000 292.687 91167.6 0.802938 2492.67 45.007 45.007 45.007
10864000 294.124 91167 0.802943 2529.58 45.0069 45.0069 45.0069
10865000 292.766 91166.5 0.802948 2503.72 45.0068 45.0068 45.0068
10866000 292.25 91165.9 0.802953 2499.28 45.0067 45.0067 45.0067
10867000 292.943 91165.3 0.802959 2515.9 45.0066 45.0066 45.0066
10868000 293.284 91164.7 0.802964 2521.94 45.0065 45.0065 45.0065
10869000 292.73 91164.1 0.802969 2494.61 45.0064 45.0064 45.0064
10870000 295.319 91163.5 0.802974 2514.23 45.0063 45.0063 45.0063
10871000 291.016 91163 0.802979 2436.37 45.0062 45.0062 45.0062
10872000 294.046 91162.4 0.802984 2488.92 45.0062 45.0062 45.0062
10873000 292.736 91161.8 0.802989 2460.6 45.0061 45.0061 45.0061
10874000 290.314 91161.2 0.802995 2421.3 45.006 45.006 45.006
10875000 293.936 91160.6 0.803 2493.03 45.0059 45.0059 45.0059
10876000 293.144 91160 0.803005 2490.3 45.0058 45.0058 45.0058
10877000 290.692 91159.4 0.80301 2442.92 45.0057 45.0057 45.0057
10878000 293.68 91158.9 0.803015 2513.08 45.0056 45.0056 45.0056
10879000 294.38 91158.3 0.80302 2497.53 45.0055 45.0055 45.0055
10880000 290.055 91157.7 0.803026 2432.23 45.0054 45.0054 45.0054
10881000 292.901 91157.1 0.803031 2471.34 45.0053 45.0053 45.0053
10882000 294.852 91156.5 0.803036 2507.72 45.0052 45.0052 45.0052
10883000 293.626 91155.9 0.803041 2496.95 45.0051 45.0051 45.0051
10884000 293.62 91155.3 0.803046 2508.14 45.005 45.005 45.005
10885000 293.501 91154.8 0.803051 2497.77 45.0049 45.0049 45.0049
10886000 293.183 91154.2 0.803056 2507.76 45.0048 45.0048 45.0048
10887000 292.981 91153.6 0.803062 2477.55 45.0047 45.0047 45.0047
10888000 293.877 91153 0.803067 2489.94 45.0046 45.0046 45.0046
10889000 292.039 91152.4 0.803072 2459.71 45.0045 45.0045 45.0045
10890000 291.697 91151.8 0.803077 2459.91 45.0044 45.0044 45.0044
10891000 296.434 91151.3 0.803082 2513 45.0043 45.0043 45.0043
10892000 292.996 91150.7 0.803087 2463.11 45.0042 45.0042 45.0042
10893000 293.909 91150.1 0.803093 2483.73 45.0041 45.0041 45.0041
10894000 295.921 91149.5 0.803098 2516.9 45.004 45.004 45.004
10895000 294.028 91148.9 0.803103 2489.6 45.0039 45.0039 45.0039
10896000 292.595 91148.3 0.803108 2473.52 45.0038 45.0038 45.0038
10897000 295.795 91147.7 0.803113 2523.12 45.0037 45.0037 45.0037
10898000 295.342 91147.2 0.803118 2521.82 45.0036 45.0036 45.0036
10899000 292.738 91146.6 0.803123 2473.06 45.0036 45.0036 45.0036
10900000 293.59 91146 0.803129 2498.25 45.0035 45.0035 45.0035
10901000 290.331 91145.4 0.803134 2449.91 45.0034 45.0034 45.0034
10902000 292.909 91144.8 0.803139 2494.47 45.0033 45.0033 45.0033
10903000 293.487 91144.2 0.803144 2513.05 45.0032 45.0032 45.0032
10904000 293.195 91143.7 0.803149 2522.41 45.0031 45.0031 45.0031
10905000 292.727 91143.1 0.803154 2515.62 45.003 45.003 45.003
10906000 294.857 91142.5 0.80316 2523.4 45.0029 45.0029 45.0029
10907000 292.249 91141.9 0.803165 2490.18 45.0028 45.0028 45.0028
10908000 293.843 91141.3 0.80317 2531.25 45.0027 45.0027 45.0027
10909000 291.33 91140.7 0.803175 2481.44 45.0026 45.0026 45.0026
10910000 291.439 91140.1 0.80318 2471.2 45.0025 45.0025 45.0025
10911000 292.258 91139.6 0.803185 2488.63 45.0024 45.0024 45.0024
10912000 292.55 91139 0.80319 2467.16 45.0023 45.0023 45.0023
10913000 293.759 91138.4 0.803196 2510.39 45.0022 45.0022 45.0022
10914000 295.608 91137.8 0.803201 2559.96 45.0021 45.0021 45.0021
10915000 294.045 91137.2 0.803206 2540.09 45.002 45.002 45.002
10916000 292.658 91136.6 0.803211 2497.17 45.0019 45.0019 45.0019
10917000 293.452 91136.1 0.803216 2512.89 45.0018 45.0018 45.0018
10918000 294.855 91135.5 0.803221 2512.79 45.0017 45.0017 45.0017
10919000 293.926 91134.9 0.803227 2522.61 45.0016 45.0016 45.0016
10920000 293.935 91134.3 0.803232 2518.3 45.0015 45.0015 45.0015
10921000 292.976 91133.7 0.803237 2489.88 45.0014 45.0014 45.0014
10922000 292.218 91133.1 0.803242 2467.97 45.0013 45.0013 45.0013
10923000 293.043 91132.5 0.803247 2474.7 45.0012 45.0012 45.0012
10924000 292.984 91132 0.803252 2475.54 45.0011 45.0011 45.0011
10925000 292.392 91131.4 0.803257 2461.2 45.001 45.001 45.001
10926000 291.02 91130.8 0.803263 2458.43 45.001 45.001 45.001
10927000 294.055 91130.2 0.803268 2524.45 45.0009 45.0009 45.0009
10928000 293.584 91129.6 0.803273 2509.65 45.0008 45.0008 45.0008
10929000 291.191 91129 0.803278 2454.09 45.0007 45.0007 45.0007
10930000 292.326 91128.4 0.803283 2465.88 45.0006 45.0006 45.0006
10931000 293.722 91127.9 0.803288 2535.15 45.0005 45.0005 45.0005
10932000 293.349 91127.3 0.803294 2539.44 45.0004 45.0004 45.0004
10933000 292.524 91126.7 0.803299 2527.61 45.0003 45.0003 45.0003
10934000 294.123 91126.1 0.803304 2549.35 45.0002 45.0002 45.0002
10935000 291.197 91125.5 0.803309 2489.78 45.0001 45.0001 45.0001
10936000 294.033 91124.9 0.803314 2546.94 45 45 45
10937000 290.908 91124.4 0.803319 2479.66 44.9999 44.9999 44.9999
10938000 292.93 91123.8 0.803324 2544.89 44.9998 44.9998 44.9998
10939000 291.408 91123.2 0.80333 2505.04 44.9997 44.9997 44.9997
10940000 292.601 91122.6 0.803335 2511.73 44.9996 44.9996 44.9996
10941000 292.298 91122 0.80334 2512.76 44.9995 44.9995 44.9995
10942000 292.122 91121.4 0.803345 2509.24 44.9994 44.9994 44.9994
10943000 293.432 91120.8 0.80335 2540.48 44.9993 44.9993 44.9993
10944000 294.056 91120.3 0.803355 2539.39 44.9992 44.9992 44.9992
10945000 292.556 91119.7 0.803361 2530.09 44.9991 44.9991 44.9991
10946000 291.812 91119.1 0.803366 2480.41 44.999 44.999 44.999
10947000 293.697 91118.5 0.803371 2517.72 44.9989 44.9989 44.9989
10948000 297.415 91117.9 0.803376 2603.29 44.9988 44.9988 44.9988
10949000 289.622 91117.3 0.803381 2453.25 44.9987 44.9987 44.9987
10950000 295.647 91116.8 0.803386 2566.42 44.9986 44.9986 44.9986
10951000 296.272 91116.2 0.803391 2581.46 44.9985 44.9985 44.9985
10952000 292.214 91115.6 0.803397 2509.57 44.9984 44.9984 44.9984
10953000 293.887 91115 0.803402 2541.14 44.9984 44.9984 44.9984
10954000 294.06 91114.4 0.803407 2524.92 44.9983 44.9983 44.9983
10955000 291.987 91113.8 0.803412 2535.11 44.9982 44.9982 44.9982
10956000 294.595 91113.2 0.803417 2564.37 44.9981 44.9981 44.9981
10957000 293.12 91112.7 0.803422 2540.99 44.998 44.998 44.998
10958000 294.585 91112.1 0.803428 2576.27 44.9979 44.9979 44.9979
10959000 294.678 91111.5 0.803433 2561.18 44.9978 44.9978 44.9978
10960000 293.028 91110.9 0.803438 2532.21 44.9977 44.9977 44.9977
10961000 293.34 91110.3 0.803443 2525.2 44.9976 44.9976 44.9976
10962000 294.67 91109.7 0.803448 2547.18 44.9975 44.9975 44.9975
10963000 291.366 91109.2 0.803453 2502.98 44.9974 44.9974 44.9974
10964000 293.888 91108.6 0.803458 2534.61 44.9973 44.9973 44.9973
10965000 291.263 91108 0.803464 2494.07 44.9972 44.9972 44.9972
10966000 293.285 91107.4 0.803469 2535.1 44.9971 44.9971 44.9971
10967000 292.591 91106.8 0.803474 2514.06 44.997 44.997 44.997
10968000 290.933 91106.2 0.803479 2508.26 44.9969 44.9969 44.9969
10969000 293.518 91105.6 0.803484 2531.61 44.9968 44.9968 44.9968
10970000 293.742 91105.1 0.803489 2554.15 44.9967 44.9967 44.9967
10971000 292.708 91104.5 0.803495 2530.24 44.9966 44.9966 44.9966
10972000 292.476 91103.9 0.8035 2520.79 44.9965 44.9965 44.9965
10973000 291.569 91103.3 0.803505 2494.05 44.9964 44.9964 44.9964
10974000 292.877 91102.7 0.80351 2533.95 44.9963 44.9963 44.9963
10975000 295.636 91102.1 0.803515 2570.47 44.9962 44.9962 44.9962
10976000 292.485 91101.6 0.80352 2513.58 44.9961 44.9961 44.9961
10977000 291.303 91101 0.803526 2486.57 44.996 44.996 44.996
10978000 295.072 91100.4 0.803531 2548.07 44.9959 44.9959 44.9959
10979000 292.66 91099.8 0.803536 2498.81 44.9959 44.9959 44.9959
10980000 292.989 91099.2 0.803541 2524.1 44.9958 44.9958 44.9958
10981000 295.147 91098.6 0.803546 2570.82 44.9957 44.9957 44.9957
10982000 292.741 91098 0.803551 2528.3 44.9956 44.9956 44.9956
10983000 294.07 91097.5 0.803556 2546.76 44.9955 44.9955 44.9955
10984000 293.216 91096.9 0.803562 2514.97 44.9954 44.9954 44.9954
10985000 289.764 91096.3 0.803567 2473.09 44.9953 44.9953 44.9953
10986000 292.801 91095.7 0.803572 2516.86 44.9952 44.9952 44.9952
10987000 294.826 91095.1 0.803577 2561.75 44.9951 44.9951 44.9951
10988000 292.279 91094.5 0.803582 2501.82 44.995 44.995 44.995
10989000 294.711 91094 0.803587 2554.51 44.9949 44.9949 44.9949
10990000 294.975 91093.4 0.803593 2552.08 44.9948 44.9948 44.9948
10991000 293.214 91092.8 0.803598 2527.8 44.9947 44.9947 44.9947
10992000 295.864 91092.2 0.803603 2567.38 44.9946 44.9946 44.9946
10993000 294.38 91091.6 0.803608 2529.83 44.9945 44.9945 44.9945
10994000 290.533 91091 0.803613 2467.65 44.9944 44.9944 44.9944
10995000 294.486 91090.4 0.803618 2560.6 44.9943 44.9943 44.9943
10996000 293.677 91089.9 0.803624 2519.17 44.9942 44.9942 44.9942
10997000 290.561 91089.3 0.803629 2473.08 44.9941 44.9941 44.9941
10998000 291.812 91088.7 0.803634 2498.61 44.994 44.994 44.994
10999000 291.697 91088.1 0.803639 2495.07 44.9939 44.9939 44.9939
11000000 292.175 91087.5 0.803644 2501.6 44.9938 44.9938 44.9938
