5e7 10 13.6495 .74395910489085352681
5e7 20 13.1532 .43622063597832385596
5e7 30 13.3232 .33475075556598823007
5e7 40 13.0651 .28491857533337485084
5e7 50 13.098 .25218674650169685535
5e7 60 13.2676 .22852407675818716275
5e7 70 13.1675 .21148266772953286159
5e7 80 13.3371 .19786877193230871214
5e7 90 13.5873 .18562062491734554644
5e7 100 13.8674 .17665446755564496917
5e7 110 13.9948 .16809642541169778304
5e7 120 14.2738 .16114301419654476005
5e7 130 14.2648 .16049069946693052960
5e7 140 14.2648 .16049069946693052960
5e7 150 14.2648 .16049069946693052960
5e7 160 14.2648 .16049069946693052960
5e7 170 14.2648 .16049069946693052960
5e7 180 14.2648 .16049069946693052960
5e7 190 14.2648 .16049069946693052960
5e7 200 14.2648 .16049069946693052960
