# Time-averaged data for fix dave
# TimeStep v_massdensity
18001000 0.86299
18002000 0.863801
18003000 0.863584
18004000 0.863163
18005000 0.862917
18006000 0.862892
18007000 0.863159
18008000 0.863324
18009000 0.863505
18010000 0.863333
18011000 0.863469
18012000 0.863511
18013000 0.863561
18014000 0.863634
18015000 0.863593
18016000 0.863448
18017000 0.863289
18018000 0.863299
18019000 0.863245
18020000 0.863132
18021000 0.863074
18022000 0.863079
18023000 0.863057
18024000 0.863143
18025000 0.86319
18026000 0.863245
18027000 0.863301
18028000 0.863356
18029000 0.863448
18030000 0.863462
18031000 0.86351
18032000 0.86351
18033000 0.863455
18034000 0.863428
18035000 0.86346
18036000 0.863521
18037000 0.863544
18038000 0.863615
18039000 0.863696
18040000 0.863719
18041000 0.863786
18042000 0.863844
18043000 0.863887
18044000 0.863931
18045000 0.863924
18046000 0.863957
18047000 0.864031
18048000 0.864052
18049000 0.864121
18050000 0.864183
18051000 0.864223
18052000 0.864226
18053000 0.864245
18054000 0.864238
18055000 0.864264
18056000 0.864255
18057000 0.864283
18058000 0.8643
18059000 0.864326
18060000 0.864369
18061000 0.864357
18062000 0.864349
18063000 0.864335
18064000 0.864321
18065000 0.864338
18066000 0.864336
18067000 0.864337
18068000 0.864336
18069000 0.864313
18070000 0.864313
18071000 0.864325
18072000 0.864344
18073000 0.864375
18074000 0.864349
18075000 0.864325
18076000 0.864289
18077000 0.864236
18078000 0.864218
18079000 0.864158
18080000 0.864151
18081000 0.864101
18082000 0.864094
18083000 0.864092
18084000 0.864069
18085000 0.864025
18086000 0.863994
18087000 0.863975
18088000 0.863968
18089000 0.863967
18090000 0.863992
18091000 0.864006
18092000 0.864026
18093000 0.864055
18094000 0.864078
18095000 0.864114
18096000 0.864125
18097000 0.864119
18098000 0.864125
18099000 0.86415
18100000 0.864166
18101000 0.86419
18102000 0.864192
18103000 0.864197
18104000 0.864198
18105000 0.864215
18106000 0.864239
18107000 0.864259
18108000 0.864242
18109000 0.864234
18110000 0.864237
18111000 0.864243
18112000 0.864256
18113000 0.864266
18114000 0.864265
18115000 0.864277
18116000 0.864275
18117000 0.864295
18118000 0.864302
18119000 0.864301
18120000 0.864284
18121000 0.864282
18122000 0.864293
18123000 0.86429
18124000 0.864299
18125000 0.864308
18126000 0.864331
18127000 0.864321
18128000 0.864331
18129000 0.864335
18130000 0.864349
18131000 0.864378
18132000 0.864407
18133000 0.864416
18134000 0.86443
18135000 0.864453
18136000 0.864487
18137000 0.864504
18138000 0.864532
18139000 0.864571
18140000 0.864608
18141000 0.864622
18142000 0.86465
18143000 0.864672
18144000 0.864704
18145000 0.864738
18146000 0.864768
18147000 0.864799
18148000 0.864805
18149000 0.864803
18150000 0.864831
18151000 0.864861
18152000 0.86489
18153000 0.86492
18154000 0.864938
18155000 0.864961
18156000 0.864979
18157000 0.865
18158000 0.865021
18159000 0.865036
18160000 0.86506
18161000 0.865065
18162000 0.865087
18163000 0.865088
18164000 0.86511
18165000 0.865114
18166000 0.865129
18167000 0.865134
18168000 0.865125
18169000 0.865135
18170000 0.865149
18171000 0.865148
18172000 0.865158
18173000 0.865176
18174000 0.865194
18175000 0.865201
18176000 0.865218
18177000 0.865242
18178000 0.865262
18179000 0.865274
18180000 0.865302
18181000 0.865328
18182000 0.865344
18183000 0.865367
18184000 0.865382
18185000 0.865394
18186000 0.865399
18187000 0.865406
18188000 0.865412
18189000 0.865418
18190000 0.865413
18191000 0.865402
18192000 0.865383
18193000 0.865378
18194000 0.865373
18195000 0.865373
18196000 0.865382
18197000 0.865389
18198000 0.865401
18199000 0.865413
18200000 0.865412
18201000 0.865415
18202000 0.865421
18203000 0.86542
18204000 0.865423
18205000 0.865431
18206000 0.865431
18207000 0.865429
18208000 0.865433
18209000 0.865437
18210000 0.86544
18211000 0.865436
18212000 0.865433
18213000 0.865433
18214000 0.865436
18215000 0.865448
18216000 0.865464
18217000 0.865466
18218000 0.86548
18219000 0.865485
18220000 0.865485
18221000 0.865485
18222000 0.865495
18223000 0.865494
18224000 0.865488
18225000 0.865494
18226000 0.865491
18227000 0.865489
18228000 0.865488
18229000 0.865496
18230000 0.865502
18231000 0.865509
18232000 0.865505
18233000 0.865512
18234000 0.865506
18235000 0.8655
18236000 0.86549
18237000 0.865478
18238000 0.865469
18239000 0.865464
18240000 0.865454
18241000 0.865438
18242000 0.865423
18243000 0.865399
18244000 0.865381
18245000 0.865378
18246000 0.865381
18247000 0.865379
18248000 0.865368
18249000 0.865365
18250000 0.865364
18251000 0.865366
18252000 0.865367
18253000 0.86536
18254000 0.865362
18255000 0.865358
18256000 0.865351
18257000 0.865349
18258000 0.865343
18259000 0.865351
18260000 0.865352
18261000 0.865348
18262000 0.865354
18263000 0.865356
18264000 0.865344
18265000 0.865336
18266000 0.865318
18267000 0.86532
18268000 0.865317
18269000 0.86532
18270000 0.865326
18271000 0.865322
18272000 0.865324
18273000 0.865323
18274000 0.865318
18275000 0.865311
18276000 0.8653
18277000 0.865296
18278000 0.865295
18279000 0.865288
18280000 0.865282
18281000 0.865284
18282000 0.865285
18283000 0.865274
18284000 0.865267
18285000 0.865261
18286000 0.865253
18287000 0.865243
18288000 0.865241
18289000 0.865235
18290000 0.865237
18291000 0.865237
18292000 0.865228
18293000 0.865238
18294000 0.865238
18295000 0.86524
18296000 0.865242
18297000 0.865243
18298000 0.86524
18299000 0.865237
18300000 0.865231
18301000 0.865226
18302000 0.865224
18303000 0.865231
18304000 0.865223
18305000 0.865225
18306000 0.865224
18307000 0.865228
18308000 0.865231
18309000 0.86523
18310000 0.865232
18311000 0.865229
18312000 0.865222
18313000 0.865229
18314000 0.865232
18315000 0.865243
18316000 0.865243
18317000 0.865243
18318000 0.865244
18319000 0.865248
18320000 0.865248
18321000 0.865242
18322000 0.865245
18323000 0.865246
18324000 0.865246
18325000 0.865247
18326000 0.865245
18327000 0.865248
18328000 0.865247
18329000 0.865252
18330000 0.865262
18331000 0.865274
18332000 0.865285
18333000 0.865293
18334000 0.865302
18335000 0.865312
18336000 0.865319
18337000 0.865321
18338000 0.865329
18339000 0.865328
18340000 0.865334
18341000 0.865341
18342000 0.86535
18343000 0.865351
18344000 0.865367
18345000 0.865373
18346000 0.865385
18347000 0.865398
18348000 0.865405
18349000 0.865415
18350000 0.865422
18351000 0.86543
18352000 0.865443
18353000 0.865453
18354000 0.865463
18355000 0.865471
18356000 0.865475
18357000 0.865483
18358000 0.865489
18359000 0.865493
18360000 0.865496
18361000 0.86551
18362000 0.865522
18363000 0.865535
18364000 0.865544
18365000 0.865558
18366000 0.865568
18367000 0.865579
18368000 0.865585
18369000 0.865594
18370000 0.865605
18371000 0.865608
18372000 0.865619
18373000 0.865632
18374000 0.865641
18375000 0.865647
18376000 0.865664
18377000 0.865672
18378000 0.865686
18379000 0.865692
18380000 0.865692
18381000 0.865702
18382000 0.86571
18383000 0.865718
18384000 0.865721
18385000 0.865725
18386000 0.865728
18387000 0.865735
18388000 0.865737
18389000 0.865746
18390000 0.865753
18391000 0.865757
18392000 0.865762
18393000 0.865765
18394000 0.865767
18395000 0.865769
18396000 0.865767
18397000 0.865772
18398000 0.865774
18399000 0.86577
18400000 0.865765
18401000 0.865761
18402000 0.865754
18403000 0.865756
18404000 0.865753
18405000 0.865753
18406000 0.865749
18407000 0.865754
18408000 0.865751
18409000 0.865748
18410000 0.865745
18411000 0.865739
18412000 0.865736
18413000 0.865725
18414000 0.865715
18415000 0.865718
18416000 0.865716
18417000 0.865718
18418000 0.865717
18419000 0.865716
18420000 0.865722
18421000 0.865724
18422000 0.865726
18423000 0.865727
18424000 0.865731
18425000 0.865738
18426000 0.865745
18427000 0.865755
18428000 0.865762
18429000 0.865765
18430000 0.865771
18431000 0.865773
18432000 0.865771
18433000 0.865778
18434000 0.865785
18435000 0.865785
18436000 0.86579
18437000 0.865792
18438000 0.865792
18439000 0.865795
18440000 0.865797
18441000 0.865802
18442000 0.865804
18443000 0.865806
18444000 0.86581
18445000 0.865807
18446000 0.865805
18447000 0.865808
18448000 0.865808
18449000 0.865811
18450000 0.865809
18451000 0.865811
18452000 0.865813
18453000 0.865814
18454000 0.86581
18455000 0.865805
18456000 0.865806
18457000 0.865809
18458000 0.865812
18459000 0.865815
18460000 0.865825
18461000 0.86583
18462000 0.865834
18463000 0.865842
18464000 0.865846
18465000 0.865853
18466000 0.865853
18467000 0.865854
18468000 0.865854
18469000 0.865852
18470000 0.865856
18471000 0.865855
18472000 0.865853
18473000 0.865849
18474000 0.865846
18475000 0.865848
18476000 0.865848
18477000 0.865846
18478000 0.865847
18479000 0.865844
18480000 0.86584
18481000 0.865838
18482000 0.865834
18483000 0.865833
18484000 0.865829
18485000 0.865826
18486000 0.865827
18487000 0.865827
18488000 0.865825
18489000 0.865829
18490000 0.865834
18491000 0.865836
18492000 0.865833
18493000 0.865831
18494000 0.865831
18495000 0.86583
18496000 0.865832
18497000 0.865826
18498000 0.865828
18499000 0.865827
18500000 0.865828
18501000 0.865831
18502000 0.865832
18503000 0.865831
18504000 0.865832
18505000 0.865832
18506000 0.865834
18507000 0.865836
18508000 0.865839
18509000 0.865847
18510000 0.865851
18511000 0.865854
18512000 0.865865
18513000 0.865873
18514000 0.865883
18515000 0.865887
18516000 0.865889
18517000 0.865894
18518000 0.865897
18519000 0.865902
18520000 0.8659
18521000 0.865905
18522000 0.865904
18523000 0.865906
18524000 0.865906
18525000 0.865901
18526000 0.865902
18527000 0.865902
18528000 0.865901
18529000 0.865901
18530000 0.865898
18531000 0.865897
18532000 0.865896
18533000 0.865896
18534000 0.865894
18535000 0.865887
18536000 0.865886
18537000 0.865883
18538000 0.865883
18539000 0.865878
18540000 0.865872
18541000 0.86587
18542000 0.865867
18543000 0.865864
18544000 0.865859
18545000 0.865857
18546000 0.865853
18547000 0.865844
18548000 0.86584
18549000 0.865836
18550000 0.865829
18551000 0.865826
18552000 0.865822
18553000 0.865816
18554000 0.865812
18555000 0.865804
18556000 0.8658
18557000 0.865794
18558000 0.86579
18559000 0.865783
18560000 0.865774
18561000 0.865768
18562000 0.865764
18563000 0.865759
18564000 0.865752
18565000 0.865748
18566000 0.865745
18567000 0.86574
18568000 0.865735
18569000 0.865731
18570000 0.865728
18571000 0.865726
18572000 0.865725
18573000 0.865723
18574000 0.865726
18575000 0.865722
18576000 0.865719
18577000 0.86572
18578000 0.865719
18579000 0.865719
18580000 0.865718
18581000 0.865719
18582000 0.865713
18583000 0.86571
18584000 0.865706
18585000 0.865704
18586000 0.865704
18587000 0.865707
18588000 0.865704
18589000 0.865702
18590000 0.865702
18591000 0.8657
18592000 0.865701
18593000 0.865701
18594000 0.865699
18595000 0.865695
18596000 0.86569
18597000 0.865688
18598000 0.865684
18599000 0.865679
18600000 0.865676
18601000 0.865671
18602000 0.865668
18603000 0.865662
18604000 0.865655
18605000 0.865649
18606000 0.865643
18607000 0.865637
18608000 0.865631
18609000 0.865628
18610000 0.865622
18611000 0.86562
18612000 0.86562
18613000 0.86562
18614000 0.86562
18615000 0.86562
18616000 0.865617
18617000 0.865618
18618000 0.865619
18619000 0.865616
18620000 0.865612
18621000 0.865609
18622000 0.865602
18623000 0.865602
18624000 0.865602
18625000 0.8656
18626000 0.865599
18627000 0.865598
18628000 0.865603
18629000 0.865606
18630000 0.86561
18631000 0.865612
18632000 0.86561
18633000 0.865613
18634000 0.865611
18635000 0.865612
18636000 0.865613
18637000 0.86561
18638000 0.865613
18639000 0.865614
18640000 0.865614
18641000 0.865618
18642000 0.865619
18643000 0.865619
18644000 0.865617
18645000 0.865616
18646000 0.865618
18647000 0.865619
18648000 0.865618
18649000 0.865617
18650000 0.865618
18651000 0.865618
18652000 0.865614
18653000 0.865614
18654000 0.865607
18655000 0.865603
18656000 0.865599
18657000 0.865596
18658000 0.865593
18659000 0.865594
18660000 0.865597
18661000 0.865596
18662000 0.865599
18663000 0.865604
18664000 0.865606
18665000 0.865612
18666000 0.865615
18667000 0.865619
18668000 0.865622
18669000 0.865622
18670000 0.865626
18671000 0.865631
18672000 0.865636
18673000 0.865638
18674000 0.865641
18675000 0.865643
18676000 0.865647
18677000 0.865648
18678000 0.86565
18679000 0.865652
18680000 0.865655
18681000 0.86566
18682000 0.86566
18683000 0.86566
18684000 0.865663
18685000 0.865665
18686000 0.865667
18687000 0.86567
18688000 0.865676
18689000 0.865681
18690000 0.865687
18691000 0.865688
18692000 0.86569
18693000 0.865692
18694000 0.865691
18695000 0.86569
18696000 0.865693
18697000 0.865695
18698000 0.865699
18699000 0.8657
18700000 0.865703
18701000 0.865707
18702000 0.86571
18703000 0.865709
18704000 0.865712
18705000 0.86571
18706000 0.865712
18707000 0.865717
18708000 0.865717
18709000 0.865721
18710000 0.865722
18711000 0.865727
18712000 0.865731
18713000 0.865734
18714000 0.865737
18715000 0.865741
18716000 0.865742
18717000 0.865745
18718000 0.865748
18719000 0.865751
18720000 0.865752
18721000 0.865756
18722000 0.865761
18723000 0.865764
18724000 0.865768
18725000 0.865769
18726000 0.865774
18727000 0.865782
18728000 0.865789
18729000 0.865794
18730000 0.865799
18731000 0.865804
18732000 0.865808
18733000 0.865812
18734000 0.865813
18735000 0.865818
18736000 0.865821
18737000 0.865827
18738000 0.865831
18739000 0.865836
18740000 0.865841
18741000 0.865845
18742000 0.865849
18743000 0.865853
18744000 0.865855
18745000 0.865856
18746000 0.865859
18747000 0.865863
18748000 0.865869
18749000 0.865872
18750000 0.865875
18751000 0.865881
18752000 0.865884
18753000 0.865887
18754000 0.865892
18755000 0.865897
18756000 0.865901
18757000 0.865904
18758000 0.865908
18759000 0.865914
18760000 0.865918
18761000 0.865921
18762000 0.865926
18763000 0.865933
18764000 0.865936
18765000 0.865941
18766000 0.865946
18767000 0.865949
18768000 0.865953
18769000 0.865955
18770000 0.865961
18771000 0.865964
18772000 0.865966
18773000 0.865969
18774000 0.865972
18775000 0.865973
18776000 0.865977
18777000 0.865982
18778000 0.865985
18779000 0.865989
18780000 0.865995
18781000 0.866001
18782000 0.866006
18783000 0.866009
18784000 0.866013
18785000 0.866014
18786000 0.866016
18787000 0.866015
18788000 0.866015
18789000 0.866013
18790000 0.866013
18791000 0.866016
18792000 0.866019
18793000 0.86602
18794000 0.866023
18795000 0.866023
18796000 0.866024
18797000 0.866026
18798000 0.866026
18799000 0.866031
18800000 0.866036
18801000 0.866041
18802000 0.866044
18803000 0.866045
18804000 0.866046
18805000 0.866046
18806000 0.866049
18807000 0.866048
18808000 0.866051
18809000 0.866049
18810000 0.866047
18811000 0.866045
18812000 0.866043
18813000 0.866044
18814000 0.866047
18815000 0.866049
18816000 0.866051
18817000 0.866054
18818000 0.866056
18819000 0.86606
18820000 0.866065
18821000 0.866065
18822000 0.866066
18823000 0.866068
18824000 0.86607
18825000 0.866075
18826000 0.866079
18827000 0.866084
18828000 0.86609
18829000 0.866096
18830000 0.866101
18831000 0.866105
18832000 0.866109
18833000 0.866113
18834000 0.866119
18835000 0.866123
18836000 0.866125
18837000 0.866129
18838000 0.866131
18839000 0.866131
18840000 0.866134
18841000 0.866137
18842000 0.866137
18843000 0.86614
18844000 0.866141
18845000 0.866146
18846000 0.86615
18847000 0.866153
18848000 0.866155
18849000 0.866161
18850000 0.866165
18851000 0.866168
18852000 0.866172
18853000 0.866174
18854000 0.866176
18855000 0.86618
18856000 0.866185
18857000 0.866186
18858000 0.86619
18859000 0.866193
18860000 0.866198
18861000 0.8662
18862000 0.866205
18863000 0.866209
18864000 0.866211
18865000 0.866215
18866000 0.866216
18867000 0.866216
18868000 0.866217
18869000 0.86622
18870000 0.866218
18871000 0.866218
18872000 0.866216
18873000 0.866215
18874000 0.866216
18875000 0.866217
18876000 0.866219
18877000 0.86622
18878000 0.866224
18879000 0.866224
18880000 0.866228
18881000 0.866229
18882000 0.86623
18883000 0.866235
18884000 0.866239
18885000 0.866242
18886000 0.866242
18887000 0.866243
18888000 0.866248
18889000 0.866252
18890000 0.866256
18891000 0.86626
18892000 0.866263
18893000 0.866266
18894000 0.86627
18895000 0.866273
18896000 0.86628
18897000 0.866286
18898000 0.86629
18899000 0.866293
18900000 0.866299
18901000 0.866304
18902000 0.866308
18903000 0.86631
18904000 0.866315
18905000 0.866319
18906000 0.866321
18907000 0.866328
18908000 0.86633
18909000 0.866332
18910000 0.866336
18911000 0.866336
18912000 0.866338
18913000 0.866342
18914000 0.866346
18915000 0.866351
18916000 0.866353
18917000 0.866354
18918000 0.866355
18919000 0.866357
18920000 0.86636
18921000 0.866365
18922000 0.866369
18923000 0.866371
18924000 0.866373
18925000 0.866375
18926000 0.866375
18927000 0.866377
18928000 0.866382
18929000 0.866386
18930000 0.866391
18931000 0.866396
18932000 0.866401
18933000 0.866406
18934000 0.86641
18935000 0.866414
18936000 0.866417
18937000 0.866418
18938000 0.866421
18939000 0.866425
18940000 0.866429
18941000 0.866434
18942000 0.866437
18943000 0.866441
18944000 0.866443
18945000 0.866443
18946000 0.866443
18947000 0.866445
18948000 0.866445
18949000 0.866446
18950000 0.866448
18951000 0.866453
18952000 0.866454
18953000 0.866452
18954000 0.866454
18955000 0.866455
18956000 0.866456
18957000 0.866458
18958000 0.86646
18959000 0.866464
18960000 0.866466
18961000 0.866468
18962000 0.866469
18963000 0.86647
18964000 0.86647
18965000 0.866468
18966000 0.86647
18967000 0.866472
18968000 0.866476
18969000 0.866477
18970000 0.86648
18971000 0.866479
18972000 0.866476
18973000 0.866481
18974000 0.866485
18975000 0.866486
18976000 0.866484
18977000 0.866484
18978000 0.866484
18979000 0.866485
18980000 0.866488
18981000 0.866487
18982000 0.866488
18983000 0.866486
18984000 0.866486
18985000 0.866487
18986000 0.866487
18987000 0.866488
18988000 0.866485
18989000 0.866486
18990000 0.866485
18991000 0.866487
18992000 0.866489
18993000 0.866489
18994000 0.86649
18995000 0.866489
18996000 0.866486
18997000 0.866484
18998000 0.866481
18999000 0.866476
19000000 0.866476
19001000 0.866476
19002000 0.866476
19003000 0.866476
19004000 0.866479
19005000 0.866477
19006000 0.866477
19007000 0.866476
19008000 0.866478
19009000 0.866479
19010000 0.866481
19011000 0.866479
19012000 0.866481
19013000 0.866482
19014000 0.866483
19015000 0.866482
19016000 0.866482
19017000 0.866481
19018000 0.866482
19019000 0.866485
19020000 0.866486
19021000 0.866488
19022000 0.866488
19023000 0.86649
19024000 0.86649
19025000 0.866493
19026000 0.866493
19027000 0.866495
19028000 0.866496
19029000 0.866498
19030000 0.8665
19031000 0.866502
19032000 0.866504
19033000 0.866507
19034000 0.866507
19035000 0.866511
19036000 0.866512
19037000 0.86651
19038000 0.866512
19039000 0.866514
19040000 0.866516
19041000 0.866518
19042000 0.866517
19043000 0.866519
19044000 0.86652
19045000 0.86652
19046000 0.866521
19047000 0.866523
19048000 0.866526
19049000 0.866528
19050000 0.866531
19051000 0.866532
19052000 0.866535
19053000 0.866536
19054000 0.866535
19055000 0.866535
19056000 0.866537
19057000 0.866539
19058000 0.866539
19059000 0.866538
19060000 0.86654
19061000 0.866541
19062000 0.866542
19063000 0.866544
19064000 0.866546
19065000 0.866549
19066000 0.866553
19067000 0.866555
19068000 0.866558
19069000 0.86656
19070000 0.866562
19071000 0.866564
19072000 0.866566
19073000 0.866568
19074000 0.86657
19075000 0.866571
19076000 0.866571
19077000 0.866572
19078000 0.866574
19079000 0.866573
19080000 0.866574
19081000 0.866574
19082000 0.866575
19083000 0.866572
19084000 0.866572
19085000 0.866572
19086000 0.866572
19087000 0.866573
19088000 0.866574
19089000 0.866573
19090000 0.866575
19091000 0.866578
19092000 0.866576
19093000 0.866575
19094000 0.866577
19095000 0.866581
19096000 0.866582
19097000 0.866583
19098000 0.866586
19099000 0.866587
19100000 0.866591
19101000 0.866594
19102000 0.8666
19103000 0.866604
19104000 0.866609
19105000 0.866615
19106000 0.866617
19107000 0.866621
19108000 0.866625
19109000 0.866631
19110000 0.866635
19111000 0.866639
19112000 0.866642
19113000 0.866646
19114000 0.866649
19115000 0.866653
19116000 0.866656
19117000 0.86666
19118000 0.866662
19119000 0.866666
19120000 0.86667
19121000 0.866673
19122000 0.866674
19123000 0.866677
19124000 0.866681
19125000 0.866684
19126000 0.866686
19127000 0.866688
19128000 0.866694
19129000 0.866698
19130000 0.866704
19131000 0.866708
19132000 0.866712
19133000 0.866717
19134000 0.866721
19135000 0.866727
19136000 0.866731
19137000 0.866736
19138000 0.866742
19139000 0.866747
19140000 0.866752
19141000 0.866757
19142000 0.866762
19143000 0.866765
19144000 0.86677
19145000 0.866774
19146000 0.866777
19147000 0.86678
19148000 0.866782
19149000 0.866783
19150000 0.866785
19151000 0.866789
19152000 0.86679
19153000 0.866797
19154000 0.8668
19155000 0.866806
19156000 0.866812
19157000 0.866817
19158000 0.866823
19159000 0.866826
19160000 0.866831
19161000 0.866836
19162000 0.86684
19163000 0.866842
19164000 0.86685
19165000 0.866856
19166000 0.866858
19167000 0.866862
19168000 0.866866
19169000 0.86687
19170000 0.866874
19171000 0.86688
19172000 0.866884
19173000 0.866889
19174000 0.866893
19175000 0.866897
19176000 0.866899
19177000 0.866903
19178000 0.866908
19179000 0.866913
19180000 0.866916
19181000 0.86692
19182000 0.866924
19183000 0.866928
19184000 0.866932
19185000 0.866935
19186000 0.866938
19187000 0.866942
19188000 0.866944
19189000 0.866946
19190000 0.866947
19191000 0.866946
19192000 0.866947
19193000 0.866947
19194000 0.866948
19195000 0.866952
19196000 0.866954
19197000 0.866954
19198000 0.866954
19199000 0.866955
19200000 0.866958
19201000 0.86696
19202000 0.866962
19203000 0.866965
19204000 0.866966
19205000 0.866969
19206000 0.866973
19207000 0.866975
19208000 0.866978
19209000 0.86698
19210000 0.866983
19211000 0.866985
19212000 0.866985
19213000 0.866985
19214000 0.866984
19215000 0.866984
19216000 0.866985
19217000 0.866985
19218000 0.866988
19219000 0.866989
19220000 0.866991
19221000 0.866991
19222000 0.866993
19223000 0.866993
19224000 0.866994
19225000 0.866995
19226000 0.866995
19227000 0.866996
19228000 0.866996
19229000 0.866998
19230000 0.867
19231000 0.867001
19232000 0.867004
19233000 0.867004
19234000 0.867006
19235000 0.867005
19236000 0.867004
19237000 0.867003
19238000 0.867004
19239000 0.867005
19240000 0.867004
19241000 0.867004
19242000 0.867005
19243000 0.867005
19244000 0.867004
19245000 0.867006
19246000 0.867008
19247000 0.867011
19248000 0.86701
19249000 0.86701
19250000 0.867009
19251000 0.867011
19252000 0.867011
19253000 0.867011
19254000 0.867012
19255000 0.867013
19256000 0.867013
19257000 0.867013
19258000 0.867015
19259000 0.867016
19260000 0.867018
19261000 0.86702
19262000 0.867021
19263000 0.867023
19264000 0.867023
19265000 0.867024
19266000 0.867026
19267000 0.867025
19268000 0.867026
19269000 0.867028
19270000 0.867029
19271000 0.867032
19272000 0.867035
19273000 0.867037
19274000 0.867037
19275000 0.867039
19276000 0.86704
19277000 0.867044
19278000 0.867046
19279000 0.867048
19280000 0.86705
19281000 0.867051
19282000 0.867053
19283000 0.867056
19284000 0.867059
19285000 0.86706
19286000 0.867062
19287000 0.867064
19288000 0.867064
19289000 0.867065
19290000 0.867069
19291000 0.867069
19292000 0.867071
19293000 0.867072
19294000 0.867074
19295000 0.867076
19296000 0.867075
19297000 0.867074
19298000 0.867075
19299000 0.867078
19300000 0.867078
19301000 0.867082
19302000 0.867084
19303000 0.867086
19304000 0.867087
19305000 0.867088
19306000 0.867089
19307000 0.867091
19308000 0.867093
19309000 0.867094
19310000 0.867097
19311000 0.867101
19312000 0.867103
19313000 0.867104
19314000 0.867106
19315000 0.867108
19316000 0.86711
19317000 0.867114
19318000 0.867115
19319000 0.867118
19320000 0.86712
19321000 0.867124
19322000 0.867126
19323000 0.867129
19324000 0.867131
19325000 0.867133
19326000 0.867135
19327000 0.867138
19328000 0.86714
19329000 0.867142
19330000 0.867146
19331000 0.867149
19332000 0.86715
19333000 0.867152
19334000 0.867155
19335000 0.867157
19336000 0.867159
19337000 0.867161
19338000 0.867162
19339000 0.867163
19340000 0.867164
19341000 0.867166
19342000 0.86717
19343000 0.867173
19344000 0.867174
19345000 0.867176
19346000 0.867179
19347000 0.86718
19348000 0.867184
19349000 0.867187
19350000 0.86719
19351000 0.867191
19352000 0.867195
19353000 0.867198
19354000 0.867201
19355000 0.867204
19356000 0.867207
19357000 0.867211
19358000 0.867212
19359000 0.867215
19360000 0.867219
19361000 0.867222
19362000 0.867224
19363000 0.867228
19364000 0.867229
19365000 0.867231
19366000 0.867233
19367000 0.867234
19368000 0.867236
19369000 0.867237
19370000 0.867238
19371000 0.867239
19372000 0.867241
19373000 0.867241
19374000 0.867242
19375000 0.867243
19376000 0.867247
19377000 0.867248
19378000 0.86725
19379000 0.867252
19380000 0.867254
19381000 0.867255
19382000 0.867256
19383000 0.867259
19384000 0.86726
19385000 0.867262
19386000 0.867263
19387000 0.867264
19388000 0.867265
19389000 0.867266
19390000 0.86727
19391000 0.867272
19392000 0.867275
19393000 0.867277
19394000 0.867279
19395000 0.867281
19396000 0.867284
19397000 0.867286
19398000 0.867289
19399000 0.86729
19400000 0.867293
19401000 0.867295
19402000 0.867296
19403000 0.867297
19404000 0.867298
19405000 0.867299
19406000 0.8673
19407000 0.867301
19408000 0.867301
19409000 0.867304
19410000 0.867308
19411000 0.867314
19412000 0.867316
19413000 0.867321
19414000 0.867323
19415000 0.867327
19416000 0.86733
19417000 0.867332
19418000 0.867335
19419000 0.867337
19420000 0.86734
19421000 0.867343
19422000 0.867343
19423000 0.867345
19424000 0.867346
19425000 0.867348
19426000 0.86735
19427000 0.867351
19428000 0.867353
19429000 0.867356
19430000 0.867357
19431000 0.867359
19432000 0.867359
19433000 0.867361
19434000 0.867362
19435000 0.867362
19436000 0.867363
19437000 0.867365
19438000 0.867366
19439000 0.867367
19440000 0.86737
19441000 0.867371
19442000 0.86737
19443000 0.867368
19444000 0.86737
19445000 0.867372
19446000 0.867373
19447000 0.867374
19448000 0.867376
19449000 0.867376
19450000 0.867378
19451000 0.867379
19452000 0.867381
19453000 0.867383
19454000 0.867385
19455000 0.867385
19456000 0.867386
19457000 0.867388
19458000 0.867389
19459000 0.86739
19460000 0.867392
19461000 0.867392
19462000 0.867393
19463000 0.867393
19464000 0.867393
19465000 0.867392
19466000 0.867392
19467000 0.867391
19468000 0.86739
19469000 0.867388
19470000 0.867389
19471000 0.86739
19472000 0.867391
19473000 0.867393
19474000 0.867395
19475000 0.867396
19476000 0.867397
19477000 0.867398
19478000 0.867399
19479000 0.867401
19480000 0.867402
19481000 0.867403
19482000 0.867404
19483000 0.867403
19484000 0.867404
19485000 0.867405
19486000 0.867407
19487000 0.867408
19488000 0.867409
19489000 0.867412
19490000 0.867413
19491000 0.867416
19492000 0.867418
19493000 0.867418
19494000 0.86742
19495000 0.86742
19496000 0.867419
19497000 0.86742
19498000 0.867421
19499000 0.867421
19500000 0.867421
19501000 0.867421
19502000 0.867421
19503000 0.867422
19504000 0.867423
19505000 0.867424
19506000 0.867424
19507000 0.867424
19508000 0.867423
19509000 0.867424
19510000 0.867423
19511000 0.867423
19512000 0.867425
19513000 0.867424
19514000 0.867424
19515000 0.867425
19516000 0.867428
19517000 0.86743
19518000 0.86743
19519000 0.86743
19520000 0.867431
19521000 0.867431
19522000 0.86743
19523000 0.867432
19524000 0.867433
19525000 0.867433
19526000 0.867436
19527000 0.867437
19528000 0.867439
19529000 0.867441
19530000 0.867443
19531000 0.867444
19532000 0.867443
19533000 0.867444
19534000 0.867444
19535000 0.867444
19536000 0.867443
19537000 0.867443
19538000 0.867443
19539000 0.867442
19540000 0.867442
19541000 0.867442
19542000 0.867442
19543000 0.867444
19544000 0.867446
19545000 0.867446
19546000 0.867446
19547000 0.867447
19548000 0.867447
19549000 0.867447
19550000 0.867449
19551000 0.867451
19552000 0.867453
19553000 0.867454
19554000 0.867456
19555000 0.867457
19556000 0.867459
19557000 0.867461
19558000 0.867463
19559000 0.867466
19560000 0.867466
19561000 0.867468
19562000 0.867469
19563000 0.867471
19564000 0.867472
19565000 0.867474
19566000 0.867476
19567000 0.86748
19568000 0.867484
19569000 0.867488
19570000 0.867491
19571000 0.867494
19572000 0.867497
19573000 0.8675
19574000 0.867503
19575000 0.867504
19576000 0.867505
19577000 0.867507
19578000 0.867509
19579000 0.867511
19580000 0.867511
19581000 0.867513
19582000 0.867516
19583000 0.867517
19584000 0.867518
19585000 0.86752
19586000 0.867523
19587000 0.867523
19588000 0.867524
19589000 0.867524
19590000 0.867526
19591000 0.867526
19592000 0.867526
19593000 0.867524
19594000 0.867525
19595000 0.867528
19596000 0.86753
19597000 0.86753
19598000 0.86753
19599000 0.867529
19600000 0.86753
19601000 0.867531
19602000 0.867532
19603000 0.867535
19604000 0.867537
19605000 0.867538
19606000 0.867539
19607000 0.867541
19608000 0.867544
19609000 0.867547
19610000 0.867548
19611000 0.867549
19612000 0.86755
19613000 0.867553
19614000 0.867554
19615000 0.867558
19616000 0.86756
19617000 0.867563
19618000 0.867564
19619000 0.867567
19620000 0.86757
19621000 0.867572
19622000 0.867575
19623000 0.867578
19624000 0.86758
19625000 0.867583
19626000 0.867585
19627000 0.86759
19628000 0.86759
19629000 0.867592
19630000 0.867594
19631000 0.867594
19632000 0.867595
19633000 0.867595
19634000 0.867597
19635000 0.867598
19636000 0.867601
19637000 0.867603
19638000 0.867603
19639000 0.867606
19640000 0.86761
19641000 0.867612
19642000 0.867614
19643000 0.867615
19644000 0.867616
19645000 0.867617
19646000 0.867619
19647000 0.86762
19648000 0.86762
19649000 0.867619
19650000 0.867619
19651000 0.867621
19652000 0.867621
19653000 0.867622
19654000 0.867622
19655000 0.867622
19656000 0.867624
19657000 0.867623
19658000 0.867623
19659000 0.867624
19660000 0.867625
19661000 0.867624
19662000 0.867626
19663000 0.867627
19664000 0.867628
19665000 0.867629
19666000 0.867629
19667000 0.867628
19668000 0.867631
19669000 0.867631
19670000 0.867631
19671000 0.867631
19672000 0.867631
19673000 0.86763
19674000 0.867632
19675000 0.867632
19676000 0.867633
19677000 0.867636
19678000 0.867637
19679000 0.867638
19680000 0.867641
19681000 0.867643
19682000 0.867645
19683000 0.867647
19684000 0.867647
19685000 0.867649
19686000 0.867649
19687000 0.867651
19688000 0.867651
19689000 0.867651
19690000 0.867653
19691000 0.867654
19692000 0.867655
19693000 0.867657
19694000 0.867657
19695000 0.867658
19696000 0.86766
19697000 0.867663
19698000 0.867664
19699000 0.867667
19700000 0.867669
19701000 0.867671
19702000 0.867672
19703000 0.867673
19704000 0.867674
19705000 0.867675
19706000 0.867676
19707000 0.867677
19708000 0.867676
19709000 0.867677
19710000 0.867677
19711000 0.867678
19712000 0.867678
19713000 0.867679
19714000 0.867678
19715000 0.867678
19716000 0.867679
19717000 0.867677
19718000 0.867675
19719000 0.867674
19720000 0.867673
19721000 0.867669
19722000 0.867667
19723000 0.867665
19724000 0.867663
19725000 0.86766
19726000 0.867659
19727000 0.867657
19728000 0.867656
19729000 0.867656
19730000 0.867656
19731000 0.867654
19732000 0.867653
19733000 0.867652
19734000 0.867651
19735000 0.867651
19736000 0.867651
19737000 0.867649
19738000 0.867647
19739000 0.867647
19740000 0.867647
19741000 0.867647
19742000 0.867646
19743000 0.867645
19744000 0.867644
19745000 0.867643
19746000 0.867644
19747000 0.867643
19748000 0.867642
19749000 0.86764
19750000 0.867637
19751000 0.867637
19752000 0.867636
19753000 0.867634
19754000 0.867633
19755000 0.867632
19756000 0.86763
19757000 0.867628
19758000 0.867624
19759000 0.86762
19760000 0.867619
19761000 0.867615
19762000 0.867612
19763000 0.867611
19764000 0.867608
19765000 0.867606
19766000 0.867605
19767000 0.867602
19768000 0.8676
19769000 0.867598
19770000 0.867598
19771000 0.867596
19772000 0.867596
19773000 0.867595
19774000 0.867595
19775000 0.867594
19776000 0.867594
19777000 0.867593
19778000 0.867591
19779000 0.867589
19780000 0.867588
19781000 0.867586
19782000 0.867584
19783000 0.867582
19784000 0.867581
19785000 0.86758
19786000 0.867579
19787000 0.867579
19788000 0.867579
19789000 0.867579
19790000 0.86758
19791000 0.867579
19792000 0.86758
19793000 0.86758
19794000 0.86758
19795000 0.867581
19796000 0.867582
19797000 0.867581
19798000 0.86758
19799000 0.867579
19800000 0.867577
19801000 0.867577
19802000 0.867577
19803000 0.867577
19804000 0.867578
19805000 0.867577
19806000 0.867576
19807000 0.867576
19808000 0.867576
19809000 0.867575
19810000 0.867574
19811000 0.867573
19812000 0.867573
19813000 0.867572
19814000 0.86757
19815000 0.867568
19816000 0.867566
19817000 0.867564
19818000 0.867563
19819000 0.867563
19820000 0.867562
19821000 0.86756
19822000 0.867559
19823000 0.867559
19824000 0.867559
19825000 0.867556
19826000 0.867555
19827000 0.867554
19828000 0.867553
19829000 0.867552
19830000 0.867551
19831000 0.867549
19832000 0.867547
19833000 0.867544
19834000 0.867543
19835000 0.86754
19836000 0.867538
19837000 0.867536
19838000 0.867536
19839000 0.867534
19840000 0.867534
19841000 0.867532
19842000 0.867532
19843000 0.86753
19844000 0.867529
19845000 0.867527
19846000 0.867525
19847000 0.867521
19848000 0.867518
19849000 0.867515
19850000 0.867513
19851000 0.86751
19852000 0.867508
19853000 0.867506
19854000 0.867504
19855000 0.867503
19856000 0.867502
19857000 0.8675
19858000 0.867498
19859000 0.867496
19860000 0.867494
19861000 0.867491
19862000 0.867489
19863000 0.867486
19864000 0.867483
19865000 0.867481
19866000 0.867478
19867000 0.867475
19868000 0.867471
19869000 0.86747
19870000 0.867467
19871000 0.867465
19872000 0.867463
19873000 0.867461
19874000 0.867459
19875000 0.867457
19876000 0.867455
19877000 0.867453
19878000 0.86745
19879000 0.867448
19880000 0.867447
19881000 0.867445
19882000 0.867443
19883000 0.867442
19884000 0.86744
19885000 0.867439
19886000 0.867437
19887000 0.867434
19888000 0.867432
19889000 0.867431
19890000 0.867429
19891000 0.867428
19892000 0.867426
19893000 0.867425
19894000 0.867424
19895000 0.867425
19896000 0.867423
19897000 0.867422
19898000 0.86742
19899000 0.86742
19900000 0.867417
19901000 0.867417
19902000 0.867415
19903000 0.867415
19904000 0.867415
19905000 0.867414
19906000 0.867413
19907000 0.867411
19908000 0.867409
19909000 0.867409
19910000 0.867407
19911000 0.867405
19912000 0.867404
19913000 0.867403
19914000 0.867401
19915000 0.867401
19916000 0.867399
19917000 0.867398
19918000 0.867396
19919000 0.867394
19920000 0.867392
19921000 0.867387
19922000 0.867384
19923000 0.867381
19924000 0.867378
19925000 0.867377
19926000 0.867375
19927000 0.867374
19928000 0.867372
19929000 0.867369
19930000 0.867365
19931000 0.867364
19932000 0.867361
19933000 0.867359
19934000 0.867356
19935000 0.867354
19936000 0.867352
19937000 0.86735
19938000 0.867347
19939000 0.867344
19940000 0.867341
19941000 0.867338
19942000 0.867337
19943000 0.867335
19944000 0.867333
19945000 0.867331
19946000 0.867328
19947000 0.867326
19948000 0.867323
19949000 0.867321
19950000 0.86732
19951000 0.867318
19952000 0.867317
19953000 0.867315
19954000 0.867313
19955000 0.867312
19956000 0.867309
19957000 0.867307
19958000 0.867305
19959000 0.867303
19960000 0.867302
19961000 0.8673
19962000 0.867299
19963000 0.867297
19964000 0.867295
19965000 0.867293
19966000 0.867292
19967000 0.86729
19968000 0.867288
19969000 0.867287
19970000 0.867286
19971000 0.867286
19972000 0.867285
19973000 0.867284
19974000 0.867281
19975000 0.86728
19976000 0.867279
19977000 0.867277
19978000 0.867276
19979000 0.867276
19980000 0.867274
19981000 0.867274
19982000 0.867273
19983000 0.86727
19984000 0.867269
19985000 0.867267
19986000 0.867266
19987000 0.867264
19988000 0.867262
19989000 0.86726
19990000 0.867259
19991000 0.867258
19992000 0.867258
19993000 0.867258
19994000 0.867255
19995000 0.867254
19996000 0.867253
19997000 0.867253
19998000 0.867251
19999000 0.867251
20000000 0.867248
20001000 0.867246
20002000 0.867245
20003000 0.867244
20004000 0.867243
20005000 0.867242
20006000 0.867241
20007000 0.867239
20008000 0.867238
20009000 0.867237
20010000 0.867237
20011000 0.867235
20012000 0.867234
20013000 0.867233
20014000 0.867231
20015000 0.86723
20016000 0.86723
20017000 0.867229
20018000 0.867229
20019000 0.867229
20020000 0.867229
20021000 0.867229
20022000 0.86723
20023000 0.86723
20024000 0.867231
20025000 0.86723
20026000 0.867231
20027000 0.86723
20028000 0.86723
20029000 0.86723
20030000 0.867227
20031000 0.867226
20032000 0.867225
20033000 0.867225
20034000 0.867225
20035000 0.867224
20036000 0.867223
20037000 0.867222
20038000 0.867222
20039000 0.867221
20040000 0.86722
20041000 0.867219
20042000 0.867218
20043000 0.867216
20044000 0.867216
20045000 0.867213
20046000 0.867212
20047000 0.867211
20048000 0.867211
20049000 0.867209
20050000 0.867209
20051000 0.867209
20052000 0.867207
20053000 0.867206
20054000 0.867205
20055000 0.867204
20056000 0.867205
20057000 0.867204
20058000 0.867204
20059000 0.867205
20060000 0.867206
20061000 0.867206
20062000 0.867207
20063000 0.867208
20064000 0.867207
20065000 0.867207
20066000 0.867207
20067000 0.867207
20068000 0.867206
20069000 0.867206
20070000 0.867205
20071000 0.867205
20072000 0.867205
20073000 0.867205
20074000 0.867205
20075000 0.867204
20076000 0.867202
20077000 0.867203
20078000 0.867202
20079000 0.867201
20080000 0.867201
20081000 0.867201
20082000 0.8672
20083000 0.867199
20084000 0.867199
20085000 0.867199
20086000 0.867199
20087000 0.8672
20088000 0.867199
20089000 0.867199
20090000 0.867198
20091000 0.867197
20092000 0.867195
20093000 0.867195
20094000 0.867194
20095000 0.867195
20096000 0.867194
20097000 0.867194
20098000 0.867193
20099000 0.867192
20100000 0.867191
20101000 0.86719
20102000 0.867189
20103000 0.867189
20104000 0.867188
20105000 0.867188
20106000 0.867186
20107000 0.867186
20108000 0.867186
20109000 0.867186
20110000 0.867186
20111000 0.867186
20112000 0.867184
20113000 0.867182
20114000 0.867182
20115000 0.867182
20116000 0.867182
20117000 0.867181
20118000 0.867182
20119000 0.867181
20120000 0.86718
20121000 0.86718
20122000 0.867179
20123000 0.867179
20124000 0.867176
20125000 0.867175
20126000 0.867174
20127000 0.867173
20128000 0.867171
20129000 0.867169
20130000 0.867168
20131000 0.867167
20132000 0.867165
20133000 0.867163
20134000 0.867163
20135000 0.867163
20136000 0.867161
20137000 0.867161
20138000 0.867161
20139000 0.86716
20140000 0.86716
20141000 0.867159
20142000 0.86716
20143000 0.86716
20144000 0.86716
20145000 0.867158
20146000 0.867158
20147000 0.867156
20148000 0.867154
20149000 0.867151
20150000 0.86715
20151000 0.867148
20152000 0.867146
20153000 0.867144
20154000 0.867142
20155000 0.867141
20156000 0.86714
20157000 0.867139
20158000 0.867138
20159000 0.867136
20160000 0.867134
20161000 0.867131
20162000 0.867129
20163000 0.867127
20164000 0.867125
20165000 0.867121
20166000 0.867118
20167000 0.867115
20168000 0.867113
20169000 0.86711
20170000 0.867108
20171000 0.867104
20172000 0.867102
20173000 0.867099
20174000 0.867096
20175000 0.867094
20176000 0.86709
20177000 0.867088
20178000 0.867086
20179000 0.867083
20180000 0.86708
20181000 0.867077
20182000 0.867076
20183000 0.867073
20184000 0.867072
20185000 0.86707
20186000 0.867068
20187000 0.867067
20188000 0.867065
20189000 0.867064
20190000 0.867062
20191000 0.867061
20192000 0.867059
20193000 0.867056
20194000 0.867055
20195000 0.867053
20196000 0.86705
20197000 0.867049
20198000 0.867046
20199000 0.867045
20200000 0.867042
20201000 0.867039
20202000 0.867037
20203000 0.867034
20204000 0.867032
20205000 0.867031
20206000 0.86703
20207000 0.867027
20208000 0.867026
20209000 0.867024
20210000 0.867022
20211000 0.867019
20212000 0.867017
20213000 0.867016
20214000 0.867014
20215000 0.867013
20216000 0.867011
20217000 0.86701
20218000 0.867009
20219000 0.867007
20220000 0.867005
20221000 0.867004
20222000 0.867001
20223000 0.866999
20224000 0.866997
20225000 0.866994
20226000 0.866993
20227000 0.866991
20228000 0.866991
20229000 0.86699
20230000 0.866989
20231000 0.866988
20232000 0.866986
20233000 0.866984
20234000 0.866982
20235000 0.86698
20236000 0.86698
20237000 0.866979
20238000 0.866978
20239000 0.866977
20240000 0.866977
20241000 0.866975
20242000 0.866973
20243000 0.866971
20244000 0.866969
20245000 0.866967
20246000 0.866966
20247000 0.866965
20248000 0.866964
20249000 0.866965
20250000 0.866965
20251000 0.866964
20252000 0.866963
20253000 0.866962
20254000 0.866962
20255000 0.866962
20256000 0.866962
20257000 0.866962
20258000 0.866962
20259000 0.866961
20260000 0.866961
20261000 0.86696
20262000 0.866958
20263000 0.866957
20264000 0.866956
20265000 0.866957
20266000 0.866956
20267000 0.866954
20268000 0.866953
20269000 0.866952
20270000 0.866949
20271000 0.866948
20272000 0.866946
20273000 0.866944
20274000 0.866942
20275000 0.866942
20276000 0.866941
20277000 0.866941
20278000 0.86694
20279000 0.86694
20280000 0.866939
20281000 0.866938
20282000 0.866938
20283000 0.866938
20284000 0.866937
20285000 0.866938
20286000 0.866938
20287000 0.866937
20288000 0.866937
20289000 0.866937
20290000 0.866936
20291000 0.866936
20292000 0.866934
20293000 0.866933
20294000 0.866933
20295000 0.866933
20296000 0.866932
20297000 0.86693
20298000 0.866929
20299000 0.86693
20300000 0.866928
20301000 0.866927
20302000 0.866928
20303000 0.866928
20304000 0.866928
20305000 0.866927
20306000 0.866926
20307000 0.866925
20308000 0.866924
20309000 0.866923
20310000 0.866921
20311000 0.866921
20312000 0.86692
20313000 0.866919
20314000 0.86692
20315000 0.866919
20316000 0.86692
20317000 0.86692
20318000 0.866921
20319000 0.866921
20320000 0.866922
20321000 0.866921
20322000 0.866922
20323000 0.866924
20324000 0.866925
20325000 0.866926
20326000 0.866926
20327000 0.866927
20328000 0.866929
20329000 0.86693
20330000 0.86693
20331000 0.86693
20332000 0.866931
20333000 0.866933
20334000 0.866932
20335000 0.866933
20336000 0.866935
20337000 0.866935
20338000 0.866935
20339000 0.866934
20340000 0.866934
20341000 0.866934
20342000 0.866933
20343000 0.866932
20344000 0.866933
20345000 0.866932
20346000 0.866933
20347000 0.866933
20348000 0.866933
20349000 0.866933
20350000 0.866933
20351000 0.866933
20352000 0.866932
20353000 0.866932
20354000 0.866932
20355000 0.866932
20356000 0.866932
20357000 0.866931
20358000 0.86693
20359000 0.866929
20360000 0.866927
20361000 0.866925
20362000 0.866925
20363000 0.866924
20364000 0.866924
20365000 0.866924
20366000 0.866923
20367000 0.866924
20368000 0.866923
20369000 0.866923
20370000 0.866923
20371000 0.866923
20372000 0.866922
20373000 0.866922
20374000 0.866921
20375000 0.866921
20376000 0.866921
20377000 0.866919
20378000 0.866918
20379000 0.866917
20380000 0.866915
20381000 0.866915
20382000 0.866915
20383000 0.866914
20384000 0.866914
20385000 0.866912
20386000 0.866911
20387000 0.86691
20388000 0.866909
20389000 0.866907
20390000 0.866906
20391000 0.866906
20392000 0.866905
20393000 0.866904
20394000 0.866902
20395000 0.866902
20396000 0.866901
20397000 0.866898
20398000 0.866897
20399000 0.866896
20400000 0.866896
20401000 0.866896
20402000 0.866892
20403000 0.86689
20404000 0.866888
20405000 0.866887
20406000 0.866884
20407000 0.866882
20408000 0.86688
20409000 0.866877
20410000 0.866875
20411000 0.866872
20412000 0.866872
20413000 0.86687
20414000 0.866869
20415000 0.866867
20416000 0.866866
20417000 0.866865
20418000 0.866864
20419000 0.866862
20420000 0.86686
20421000 0.866858
20422000 0.866856
20423000 0.866852
20424000 0.86685
20425000 0.866846
20426000 0.866845
20427000 0.866843
20428000 0.86684
20429000 0.866837
20430000 0.866834
20431000 0.866833
20432000 0.866832
20433000 0.86683
20434000 0.866828
20435000 0.866826
20436000 0.866824
20437000 0.866824
20438000 0.866822
20439000 0.866822
20440000 0.866821
20441000 0.86682
20442000 0.866818
20443000 0.866817
20444000 0.866815
20445000 0.866815
20446000 0.866815
20447000 0.866815
20448000 0.866814
20449000 0.866813
20450000 0.866813
20451000 0.866812
20452000 0.866811
20453000 0.86681
20454000 0.866808
20455000 0.866807
20456000 0.866806
20457000 0.866805
20458000 0.866805
20459000 0.866804
20460000 0.866803
20461000 0.8668
20462000 0.866799
20463000 0.866797
20464000 0.866797
20465000 0.866795
20466000 0.866793
20467000 0.866792
20468000 0.866791
20469000 0.866789
20470000 0.866787
20471000 0.866786
20472000 0.866785
20473000 0.866784
20474000 0.866782
20475000 0.866781
20476000 0.866779
20477000 0.866778
20478000 0.866777
20479000 0.866776
20480000 0.866774
20481000 0.866774
20482000 0.866773
20483000 0.866771
20484000 0.866771
20485000 0.866769
20486000 0.866769
20487000 0.866769
20488000 0.866767
20489000 0.866765
20490000 0.866763
20491000 0.866763
20492000 0.866762
20493000 0.866761
20494000 0.86676
20495000 0.866759
20496000 0.866758
20497000 0.866758
20498000 0.866758
20499000 0.866757
20500000 0.866756
20501000 0.866756
20502000 0.866755
20503000 0.866754
20504000 0.866754
20505000 0.866755
20506000 0.866754
20507000 0.866752
20508000 0.866752
20509000 0.866751
20510000 0.866749
20511000 0.866748
20512000 0.866746
20513000 0.866744
20514000 0.866742
20515000 0.866742
20516000 0.866742
20517000 0.86674
20518000 0.866739
20519000 0.866738
20520000 0.866737
20521000 0.866736
20522000 0.866735
20523000 0.866735
20524000 0.866734
20525000 0.866734
20526000 0.866734
20527000 0.866733
20528000 0.866733
20529000 0.866733
20530000 0.866733
20531000 0.866733
20532000 0.866732
20533000 0.866733
20534000 0.866733
20535000 0.866733
20536000 0.866731
20537000 0.866731
20538000 0.866729
20539000 0.866729
20540000 0.866728
20541000 0.866727
20542000 0.866725
20543000 0.866724
20544000 0.866722
20545000 0.866721
20546000 0.866721
20547000 0.866721
20548000 0.866719
20549000 0.866719
20550000 0.866719
20551000 0.866718
20552000 0.866718
20553000 0.866718
20554000 0.866717
20555000 0.866717
20556000 0.866716
20557000 0.866715
20558000 0.866715
20559000 0.866714
20560000 0.866713
20561000 0.866712
20562000 0.866711
20563000 0.86671
20564000 0.86671
20565000 0.86671
20566000 0.866709
20567000 0.86671
20568000 0.86671
20569000 0.86671
20570000 0.866711
20571000 0.866711
20572000 0.866711
20573000 0.866711
20574000 0.86671
20575000 0.866711
20576000 0.866711
20577000 0.866712
20578000 0.866713
20579000 0.866712
20580000 0.866712
20581000 0.866713
20582000 0.866713
20583000 0.866713
20584000 0.866712
20585000 0.866712
20586000 0.866713
20587000 0.866713
20588000 0.866713
20589000 0.866713
20590000 0.866713
20591000 0.866713
20592000 0.866713
20593000 0.866712
20594000 0.866713
20595000 0.866714
20596000 0.866714
20597000 0.866715
20598000 0.866715
20599000 0.866715
20600000 0.866717
20601000 0.866718
20602000 0.866719
20603000 0.866719
20604000 0.866719
20605000 0.866719
20606000 0.866721
20607000 0.866722
20608000 0.866722
20609000 0.866723
20610000 0.866724
20611000 0.866725
20612000 0.866726
20613000 0.866727
20614000 0.866728
20615000 0.866729
20616000 0.86673
20617000 0.86673
20618000 0.866731
20619000 0.866731
20620000 0.866731
20621000 0.866731
20622000 0.866731
20623000 0.866731
20624000 0.866731
20625000 0.86673
20626000 0.86673
20627000 0.866729
20628000 0.866728
20629000 0.866728
20630000 0.866727
20631000 0.866727
20632000 0.866727
20633000 0.866726
20634000 0.866725
20635000 0.866723
20636000 0.866722
20637000 0.866721
20638000 0.86672
20639000 0.866719
20640000 0.866721
20641000 0.86672
20642000 0.866721
20643000 0.866722
20644000 0.866722
20645000 0.866722
20646000 0.866722
20647000 0.866722
20648000 0.866722
20649000 0.866722
20650000 0.866722
20651000 0.866723
20652000 0.866723
20653000 0.866723
20654000 0.866722
20655000 0.866722
20656000 0.866724
20657000 0.866724
20658000 0.866725
20659000 0.866726
20660000 0.866728
20661000 0.866729
20662000 0.86673
20663000 0.866731
20664000 0.866732
20665000 0.866732
20666000 0.866733
20667000 0.866733
20668000 0.866734
20669000 0.866734
20670000 0.866733
20671000 0.866734
20672000 0.866734
20673000 0.866735
20674000 0.866735
20675000 0.866735
20676000 0.866735
20677000 0.866735
20678000 0.866736
20679000 0.866736
20680000 0.866736
20681000 0.866736
20682000 0.866736
20683000 0.866735
20684000 0.866736
20685000 0.866736
20686000 0.866735
20687000 0.866735
20688000 0.866735
20689000 0.866735
20690000 0.866734
20691000 0.866734
20692000 0.866733
20693000 0.866733
20694000 0.866734
20695000 0.866733
20696000 0.866733
20697000 0.866734
20698000 0.866733
20699000 0.866733
20700000 0.866732
20701000 0.866731
20702000 0.86673
20703000 0.86673
20704000 0.866729
20705000 0.86673
20706000 0.86673
20707000 0.86673
20708000 0.866731
20709000 0.866732
20710000 0.866731
20711000 0.866732
20712000 0.866733
20713000 0.866733
20714000 0.866734
20715000 0.866735
20716000 0.866736
20717000 0.866736
20718000 0.866738
20719000 0.866738
20720000 0.866739
20721000 0.86674
20722000 0.86674
20723000 0.86674
20724000 0.86674
20725000 0.866741
20726000 0.866741
20727000 0.866741
20728000 0.86674
20729000 0.86674
20730000 0.866739
20731000 0.866738
20732000 0.866737
20733000 0.866736
20734000 0.866737
20735000 0.866736
20736000 0.866735
20737000 0.866735
20738000 0.866735
20739000 0.866735
20740000 0.866737
20741000 0.866738
20742000 0.866739
20743000 0.866739
20744000 0.866739
20745000 0.866741
20746000 0.866742
20747000 0.866743
20748000 0.866744
20749000 0.866745
20750000 0.866747
20751000 0.866747
20752000 0.866748
20753000 0.866749
20754000 0.866749
20755000 0.866749
20756000 0.86675
20757000 0.86675
20758000 0.866751
20759000 0.866751
20760000 0.866751
20761000 0.866751
20762000 0.866751
20763000 0.866752
20764000 0.866752
20765000 0.866754
20766000 0.866755
20767000 0.866756
20768000 0.866757
20769000 0.866758
20770000 0.866759
20771000 0.86676
20772000 0.86676
20773000 0.86676
20774000 0.866761
20775000 0.86676
20776000 0.86676
20777000 0.86676
20778000 0.86676
20779000 0.86676
20780000 0.86676
20781000 0.86676
20782000 0.86676
20783000 0.86676
20784000 0.86676
20785000 0.866761
20786000 0.866761
20787000 0.86676
20788000 0.86676
20789000 0.866761
20790000 0.86676
20791000 0.86676
20792000 0.86676
20793000 0.866761
20794000 0.866761
20795000 0.866762
20796000 0.866762
20797000 0.866762
20798000 0.866762
20799000 0.866761
20800000 0.866761
20801000 0.866761
20802000 0.866761
20803000 0.866761
20804000 0.866762
20805000 0.866761
20806000 0.866761
20807000 0.86676
20808000 0.86676
20809000 0.86676
20810000 0.86676
20811000 0.86676
20812000 0.86676
20813000 0.866759
20814000 0.86676
20815000 0.86676
20816000 0.86676
20817000 0.86676
20818000 0.86676
20819000 0.86676
20820000 0.86676
20821000 0.86676
20822000 0.866759
20823000 0.866758
20824000 0.866758
20825000 0.866758
20826000 0.866758
20827000 0.866757
20828000 0.866757
20829000 0.866758
20830000 0.866759
20831000 0.86676
20832000 0.86676
20833000 0.86676
20834000 0.866762
20835000 0.866764
20836000 0.866764
20837000 0.866765
20838000 0.866766
20839000 0.866767
20840000 0.866768
20841000 0.866769
20842000 0.86677
20843000 0.866771
20844000 0.866772
20845000 0.866772
20846000 0.866773
20847000 0.866774
20848000 0.866775
20849000 0.866776
20850000 0.866777
20851000 0.866779
20852000 0.866779
20853000 0.86678
20854000 0.866782
20855000 0.866783
20856000 0.866784
20857000 0.866785
20858000 0.866787
20859000 0.866788
20860000 0.866789
20861000 0.866791
20862000 0.866791
20863000 0.866791
20864000 0.866791
20865000 0.866791
20866000 0.866791
20867000 0.866792
20868000 0.866792
20869000 0.866792
20870000 0.866792
20871000 0.866794
20872000 0.866795
20873000 0.866796
20874000 0.866798
20875000 0.8668
20876000 0.866801
20877000 0.866802
20878000 0.866803
20879000 0.866804
20880000 0.866804
20881000 0.866804
20882000 0.866804
20883000 0.866805
20884000 0.866806
20885000 0.866806
20886000 0.866806
20887000 0.866806
20888000 0.866808
20889000 0.866808
20890000 0.866809
20891000 0.86681
20892000 0.866811
20893000 0.866814
20894000 0.866815
20895000 0.866816
20896000 0.866818
20897000 0.86682
20898000 0.866821
20899000 0.866823
20900000 0.866823
20901000 0.866824
20902000 0.866825
20903000 0.866826
20904000 0.866827
20905000 0.866828
20906000 0.866828
20907000 0.86683
20908000 0.86683
20909000 0.866831
20910000 0.866832
20911000 0.866833
20912000 0.866834
20913000 0.866834
20914000 0.866835
20915000 0.866835
20916000 0.866836
20917000 0.866836
20918000 0.866837
20919000 0.866837
20920000 0.866837
20921000 0.866837
20922000 0.866839
20923000 0.86684
20924000 0.86684
20925000 0.866841
20926000 0.866842
20927000 0.866843
20928000 0.866844
20929000 0.866846
20930000 0.866847
20931000 0.866847
20932000 0.866848
20933000 0.866849
20934000 0.866851
20935000 0.866852
20936000 0.866852
20937000 0.866853
20938000 0.866856
20939000 0.866858
20940000 0.866859
20941000 0.86686
20942000 0.866861
20943000 0.866862
20944000 0.866863
20945000 0.866865
20946000 0.866866
20947000 0.866867
20948000 0.866867
20949000 0.866868
20950000 0.866868
20951000 0.86687
20952000 0.86687
20953000 0.866871
20954000 0.866872
20955000 0.866873
20956000 0.866872
20957000 0.866873
20958000 0.866873
20959000 0.866873
20960000 0.866874
20961000 0.866874
20962000 0.866874
20963000 0.866874
20964000 0.866875
20965000 0.866875
20966000 0.866875
20967000 0.866874
20968000 0.866875
20969000 0.866874
20970000 0.866874
20971000 0.866875
20972000 0.866875
20973000 0.866875
20974000 0.866875
20975000 0.866875
20976000 0.866875
20977000 0.866875
20978000 0.866875
20979000 0.866876
20980000 0.866876
20981000 0.866876
20982000 0.866877
20983000 0.866878
20984000 0.866878
20985000 0.866879
20986000 0.86688
20987000 0.86688
20988000 0.866881
20989000 0.866882
20990000 0.866882
20991000 0.866883
20992000 0.866883
20993000 0.866883
20994000 0.866883
20995000 0.866883
20996000 0.866883
20997000 0.866884
20998000 0.866884
20999000 0.866885
21000000 0.866886
21001000 0.866886
21002000 0.866887
21003000 0.866889
21004000 0.866891
21005000 0.866891
21006000 0.866893
21007000 0.866893
21008000 0.866893
21009000 0.866894
21010000 0.866895
21011000 0.866896
21012000 0.866897
21013000 0.866898
21014000 0.866899
21015000 0.866901
21016000 0.866901
21017000 0.866902
21018000 0.866903
21019000 0.866904
21020000 0.866905
21021000 0.866905
21022000 0.866906
21023000 0.866907
21024000 0.866908
21025000 0.86691
21026000 0.86691
21027000 0.866912
21028000 0.866914
21029000 0.866914
21030000 0.866914
21031000 0.866915
21032000 0.866915
21033000 0.866915
21034000 0.866916
21035000 0.866916
21036000 0.866916
21037000 0.866916
21038000 0.866917
21039000 0.866917
21040000 0.866917
21041000 0.866918
21042000 0.866919
21043000 0.866919
21044000 0.866919
21045000 0.86692
21046000 0.866921
21047000 0.866923
21048000 0.866924
21049000 0.866925
21050000 0.866927
21051000 0.866928
21052000 0.86693
21053000 0.866931
21054000 0.866932
21055000 0.866933
21056000 0.866935
21057000 0.866936
21058000 0.866937
21059000 0.866939
21060000 0.86694
21061000 0.866941
21062000 0.866941
21063000 0.866942
21064000 0.866943
21065000 0.866944
21066000 0.866946
21067000 0.866947
21068000 0.866948
21069000 0.866949
21070000 0.866951
21071000 0.866951
21072000 0.866952
21073000 0.866952
21074000 0.866953
21075000 0.866954
21076000 0.866954
21077000 0.866954
21078000 0.866955
21079000 0.866955
21080000 0.866955
21081000 0.866956
21082000 0.866957
21083000 0.866957
21084000 0.866958
21085000 0.866959
21086000 0.86696
21087000 0.866961
21088000 0.866962
21089000 0.866962
21090000 0.866963
21091000 0.866965
21092000 0.866965
21093000 0.866966
21094000 0.866967
21095000 0.866967
21096000 0.866968
21097000 0.86697
21098000 0.86697
21099000 0.86697
21100000 0.866971
21101000 0.866972
21102000 0.866974
21103000 0.866976
21104000 0.866977
21105000 0.866978
21106000 0.866979
21107000 0.866979
21108000 0.866979
21109000 0.866979
21110000 0.86698
21111000 0.86698
21112000 0.86698
21113000 0.866981
21114000 0.866982
21115000 0.866983
21116000 0.866983
21117000 0.866984
21118000 0.866984
21119000 0.866985
21120000 0.866986
21121000 0.866986
21122000 0.866986
21123000 0.866987
21124000 0.866988
21125000 0.866988
21126000 0.866989
21127000 0.86699
21128000 0.86699
21129000 0.866992
21130000 0.866993
21131000 0.866993
21132000 0.866993
21133000 0.866993
21134000 0.866993
21135000 0.866993
21136000 0.866994
21137000 0.866995
21138000 0.866995
21139000 0.866995
21140000 0.866995
21141000 0.866996
21142000 0.866997
21143000 0.866998
21144000 0.866999
21145000 0.867
21146000 0.867
21147000 0.867
21148000 0.867
21149000 0.867
21150000 0.867
21151000 0.866999
21152000 0.866999
21153000 0.866999
21154000 0.866999
21155000 0.867
21156000 0.867001
21157000 0.867001
21158000 0.867001
21159000 0.867001
21160000 0.867002
21161000 0.867002
21162000 0.867003
21163000 0.867003
21164000 0.867003
21165000 0.867003
21166000 0.867003
21167000 0.867002
21168000 0.867001
21169000 0.867
21170000 0.866999
21171000 0.866998
21172000 0.866997
21173000 0.866998
21174000 0.866997
21175000 0.866997
21176000 0.866997
21177000 0.866997
21178000 0.866996
21179000 0.866996
21180000 0.866995
21181000 0.866994
21182000 0.866994
21183000 0.866993
21184000 0.866992
21185000 0.866991
21186000 0.866991
21187000 0.86699
21188000 0.866989
21189000 0.866988
21190000 0.866988
21191000 0.866987
21192000 0.866987
21193000 0.866986
21194000 0.866986
21195000 0.866985
21196000 0.866984
21197000 0.866982
21198000 0.866982
21199000 0.866982
21200000 0.866981
21201000 0.866981
21202000 0.866981
21203000 0.86698
21204000 0.866979
21205000 0.866978
21206000 0.866977
21207000 0.866976
21208000 0.866976
21209000 0.866976
21210000 0.866976
21211000 0.866975
21212000 0.866974
21213000 0.866974
21214000 0.866974
21215000 0.866974
21216000 0.866973
21217000 0.866973
21218000 0.866972
21219000 0.866972
21220000 0.866971
21221000 0.866969
21222000 0.866969
21223000 0.866968
21224000 0.866968
21225000 0.866968
21226000 0.866968
21227000 0.866967
21228000 0.866968
21229000 0.866969
21230000 0.866969
21231000 0.866969
21232000 0.866969
21233000 0.866969
21234000 0.866968
21235000 0.866966
21236000 0.866965
21237000 0.866965
21238000 0.866965
21239000 0.866964
21240000 0.866964
21241000 0.866962
21242000 0.866961
21243000 0.866961
21244000 0.866961
21245000 0.86696
21246000 0.86696
21247000 0.86696
21248000 0.86696
21249000 0.86696
21250000 0.866961
21251000 0.86696
21252000 0.866961
21253000 0.866961
21254000 0.866962
21255000 0.866962
21256000 0.866962
21257000 0.866962
21258000 0.866962
21259000 0.866963
21260000 0.866963
21261000 0.866964
21262000 0.866967
21263000 0.866968
21264000 0.866969
21265000 0.86697
21266000 0.86697
21267000 0.866971
21268000 0.866972
21269000 0.866972
21270000 0.866972
21271000 0.866973
21272000 0.866973
21273000 0.866973
21274000 0.866974
21275000 0.866974
21276000 0.866974
21277000 0.866975
21278000 0.866975
21279000 0.866976
21280000 0.866977
21281000 0.866977
21282000 0.866976
21283000 0.866976
21284000 0.866975
21285000 0.866975
21286000 0.866975
21287000 0.866975
21288000 0.866975
21289000 0.866976
21290000 0.866977
21291000 0.866978
21292000 0.866979
21293000 0.866979
21294000 0.866979
21295000 0.866979
21296000 0.866979
21297000 0.866979
21298000 0.866979
21299000 0.866979
21300000 0.86698
21301000 0.86698
21302000 0.866981
21303000 0.866981
21304000 0.866982
21305000 0.866982
21306000 0.866983
21307000 0.866984
21308000 0.866985
21309000 0.866986
21310000 0.866987
21311000 0.866988
21312000 0.866989
21313000 0.866989
21314000 0.86699
21315000 0.86699
21316000 0.866991
21317000 0.866991
21318000 0.866993
21319000 0.866995
21320000 0.866996
21321000 0.866998
21322000 0.867
21323000 0.867002
21324000 0.867004
21325000 0.867006
21326000 0.867007
21327000 0.867008
21328000 0.867009
21329000 0.867009
21330000 0.867011
21331000 0.867012
21332000 0.867012
21333000 0.867013
21334000 0.867014
21335000 0.867014
21336000 0.867015
21337000 0.867016
21338000 0.867016
21339000 0.867016
21340000 0.867016
21341000 0.867017
21342000 0.867017
21343000 0.867018
21344000 0.867017
21345000 0.867017
21346000 0.867018
21347000 0.867019
21348000 0.867018
21349000 0.867019
21350000 0.867018
21351000 0.867019
21352000 0.867019
21353000 0.867019
21354000 0.867019
21355000 0.867019
21356000 0.86702
21357000 0.86702
21358000 0.867021
21359000 0.867022
21360000 0.867023
21361000 0.867023
21362000 0.867023
21363000 0.867022
21364000 0.867022
21365000 0.867021
21366000 0.867021
21367000 0.867022
21368000 0.867022
21369000 0.867022
21370000 0.867023
21371000 0.867024
21372000 0.867024
21373000 0.867025
21374000 0.867025
21375000 0.867026
21376000 0.867026
21377000 0.867027
21378000 0.867027
21379000 0.867028
21380000 0.867028
21381000 0.867029
21382000 0.867029
21383000 0.867029
21384000 0.867029
21385000 0.867029
21386000 0.867028
21387000 0.867028
21388000 0.867028
21389000 0.867027
21390000 0.867027
21391000 0.867027
21392000 0.867026
21393000 0.867025
21394000 0.867024
21395000 0.867024
21396000 0.867024
21397000 0.867025
21398000 0.867025
21399000 0.867026
21400000 0.867026
21401000 0.867027
21402000 0.867027
21403000 0.867028
21404000 0.867028
21405000 0.867028
21406000 0.867029
21407000 0.867029
21408000 0.86703
21409000 0.86703
21410000 0.867031
21411000 0.867032
21412000 0.867032
21413000 0.867032
21414000 0.867032
21415000 0.867033
21416000 0.867034
21417000 0.867035
21418000 0.867036
21419000 0.867037
21420000 0.867038
21421000 0.867039
21422000 0.86704
21423000 0.867042
21424000 0.867043
21425000 0.867044
21426000 0.867045
21427000 0.867047
21428000 0.867048
21429000 0.867049
21430000 0.86705
21431000 0.867051
21432000 0.867053
21433000 0.867054
21434000 0.867056
21435000 0.867058
21436000 0.867059
21437000 0.867061
21438000 0.867062
21439000 0.867064
21440000 0.867065
21441000 0.867066
21442000 0.867068
21443000 0.867069
21444000 0.867071
21445000 0.867072
21446000 0.867073
21447000 0.867075
21448000 0.867077
21449000 0.867078
21450000 0.867079
21451000 0.86708
21452000 0.867081
21453000 0.867082
21454000 0.867083
21455000 0.867085
21456000 0.867085
21457000 0.867086
21458000 0.867088
21459000 0.867089
21460000 0.867091
21461000 0.867092
21462000 0.867092
21463000 0.867094
21464000 0.867096
21465000 0.867097
21466000 0.867098
21467000 0.867099
21468000 0.8671
21469000 0.867101
21470000 0.867102
21471000 0.867103
21472000 0.867104
21473000 0.867106
21474000 0.867106
21475000 0.867107
21476000 0.867108
21477000 0.867108
21478000 0.867109
21479000 0.86711
21480000 0.867111
21481000 0.867112
21482000 0.867113
21483000 0.867113
21484000 0.867114
21485000 0.867116
21486000 0.867116
21487000 0.867116
21488000 0.867117
21489000 0.867118
21490000 0.867118
21491000 0.867119
21492000 0.86712
21493000 0.867121
21494000 0.867121
21495000 0.867122
21496000 0.867122
21497000 0.867123
21498000 0.867123
21499000 0.867124
21500000 0.867125
21501000 0.867125
21502000 0.867125
21503000 0.867126
21504000 0.867126
21505000 0.867127
21506000 0.867127
21507000 0.867127
21508000 0.867128
21509000 0.867128
21510000 0.86713
21511000 0.86713
21512000 0.867132
21513000 0.867133
21514000 0.867134
21515000 0.867134
21516000 0.867135
21517000 0.867136
21518000 0.867137
21519000 0.867137
21520000 0.867138
21521000 0.867138
21522000 0.867139
21523000 0.867139
21524000 0.86714
21525000 0.86714
21526000 0.86714
21527000 0.867141
21528000 0.867141
21529000 0.867142
21530000 0.867143
21531000 0.867144
21532000 0.867144
21533000 0.867145
21534000 0.867146
21535000 0.867146
21536000 0.867146
21537000 0.867147
21538000 0.867147
21539000 0.867147
21540000 0.867148
21541000 0.867149
21542000 0.867149
21543000 0.86715
21544000 0.867151
21545000 0.867152
21546000 0.867153
21547000 0.867154
21548000 0.867155
21549000 0.867155
21550000 0.867156
21551000 0.867157
21552000 0.867158
21553000 0.867158
21554000 0.867159
21555000 0.867159
21556000 0.86716
21557000 0.86716
21558000 0.86716
21559000 0.867162
21560000 0.867163
21561000 0.867163
21562000 0.867164
21563000 0.867165
21564000 0.867165
21565000 0.867166
21566000 0.867166
21567000 0.867167
21568000 0.867168
21569000 0.867168
21570000 0.867169
21571000 0.86717
21572000 0.867171
21573000 0.867171
21574000 0.867171
21575000 0.867171
21576000 0.867172
21577000 0.867171
21578000 0.867171
21579000 0.86717
21580000 0.86717
21581000 0.867171
21582000 0.86717
21583000 0.86717
21584000 0.86717
21585000 0.867171
21586000 0.86717
21587000 0.86717
21588000 0.86717
21589000 0.867171
21590000 0.867171
21591000 0.867171
21592000 0.867171
21593000 0.867171
21594000 0.867172
21595000 0.867173
21596000 0.867172
21597000 0.867173
21598000 0.867172
21599000 0.867173
21600000 0.867173
21601000 0.867174
21602000 0.867175
21603000 0.867175
21604000 0.867175
21605000 0.867176
21606000 0.867176
21607000 0.867176
21608000 0.867176
21609000 0.867177
21610000 0.867177
21611000 0.867177
21612000 0.867177
21613000 0.867177
21614000 0.867177
21615000 0.867178
21616000 0.867178
21617000 0.867178
21618000 0.867179
21619000 0.86718
21620000 0.86718
21621000 0.86718
21622000 0.867181
21623000 0.867181
21624000 0.867182
21625000 0.867183
21626000 0.867183
21627000 0.867184
21628000 0.867183
21629000 0.867184
21630000 0.867184
21631000 0.867184
21632000 0.867184
21633000 0.867184
21634000 0.867184
21635000 0.867184
21636000 0.867184
21637000 0.867184
21638000 0.867183
21639000 0.867183
21640000 0.867183
21641000 0.867183
21642000 0.867183
21643000 0.867182
21644000 0.867182
21645000 0.867182
21646000 0.867182
21647000 0.867182
21648000 0.867182
21649000 0.867183
21650000 0.867183
21651000 0.867184
21652000 0.867184
21653000 0.867185
21654000 0.867185
21655000 0.867186
21656000 0.867187
21657000 0.867187
21658000 0.867187
21659000 0.867187
21660000 0.867187
21661000 0.867188
21662000 0.867188
21663000 0.867188
21664000 0.867188
21665000 0.867189
21666000 0.867189
21667000 0.867189
21668000 0.867189
21669000 0.86719
21670000 0.86719
21671000 0.86719
21672000 0.86719
21673000 0.867189
21674000 0.867189
21675000 0.867189
21676000 0.867189
21677000 0.867189
21678000 0.867189
21679000 0.86719
21680000 0.86719
21681000 0.86719
21682000 0.867191
21683000 0.867191
21684000 0.867193
21685000 0.867194
21686000 0.867195
21687000 0.867197
21688000 0.867197
21689000 0.867198
21690000 0.867199
21691000 0.867199
21692000 0.867201
21693000 0.867201
21694000 0.867202
21695000 0.867202
21696000 0.867203
21697000 0.867204
21698000 0.867204
21699000 0.867205
21700000 0.867205
21701000 0.867205
21702000 0.867205
21703000 0.867206
21704000 0.867207
21705000 0.867208
21706000 0.867208
21707000 0.867208
21708000 0.867208
21709000 0.867208
21710000 0.867208
21711000 0.867208
21712000 0.867208
21713000 0.867208
21714000 0.867208
21715000 0.867209
21716000 0.86721
21717000 0.86721
21718000 0.86721
21719000 0.86721
21720000 0.86721
21721000 0.86721
21722000 0.867209
21723000 0.867208
21724000 0.867207
21725000 0.867207
21726000 0.867205
21727000 0.867205
21728000 0.867204
21729000 0.867203
21730000 0.867202
21731000 0.867202
21732000 0.867201
21733000 0.867201
21734000 0.8672
21735000 0.867199
21736000 0.867198
21737000 0.867198
21738000 0.867198
21739000 0.867197
21740000 0.867196
21741000 0.867196
21742000 0.867196
21743000 0.867196
21744000 0.867196
21745000 0.867196
21746000 0.867197
21747000 0.867197
21748000 0.867197
21749000 0.867198
21750000 0.867198
21751000 0.867198
21752000 0.867199
21753000 0.867199
21754000 0.867199
21755000 0.8672
21756000 0.8672
21757000 0.8672
21758000 0.8672
21759000 0.867201
21760000 0.867202
21761000 0.867203
21762000 0.867203
21763000 0.867203
21764000 0.867203
21765000 0.867204
21766000 0.867204
21767000 0.867205
21768000 0.867206
21769000 0.867205
21770000 0.867206
21771000 0.867207
21772000 0.867207
21773000 0.867207
21774000 0.867208
21775000 0.867208
21776000 0.867207
21777000 0.867207
21778000 0.867208
21779000 0.867209
21780000 0.867209
21781000 0.867209
21782000 0.86721
21783000 0.86721
21784000 0.86721
21785000 0.867211
21786000 0.867212
21787000 0.867212
21788000 0.867212
21789000 0.867212
21790000 0.867212
21791000 0.867212
21792000 0.867211
21793000 0.867212
21794000 0.867213
21795000 0.867213
21796000 0.867214
21797000 0.867215
21798000 0.867215
21799000 0.867216
21800000 0.867217
21801000 0.867217
21802000 0.867217
21803000 0.867218
21804000 0.867217
21805000 0.867218
21806000 0.867218
21807000 0.867219
21808000 0.867219
21809000 0.86722
21810000 0.86722
21811000 0.867221
21812000 0.867222
21813000 0.867222
21814000 0.867223
21815000 0.867223
21816000 0.867223
21817000 0.867223
21818000 0.867223
21819000 0.867223
21820000 0.867224
21821000 0.867225
21822000 0.867225
21823000 0.867226
21824000 0.867227
21825000 0.867228
21826000 0.867228
21827000 0.867229
21828000 0.86723
21829000 0.867231
21830000 0.867231
21831000 0.867231
21832000 0.867232
21833000 0.867232
21834000 0.867232
21835000 0.867233
21836000 0.867233
21837000 0.867233
21838000 0.867233
21839000 0.867234
21840000 0.867234
21841000 0.867234
21842000 0.867234
21843000 0.867233
21844000 0.867233
21845000 0.867233
21846000 0.867232
21847000 0.867231
21848000 0.867231
21849000 0.86723
21850000 0.86723
21851000 0.867229
21852000 0.867229
21853000 0.867229
21854000 0.867229
21855000 0.867229
21856000 0.86723
21857000 0.86723
21858000 0.86723
21859000 0.86723
21860000 0.86723
21861000 0.86723
21862000 0.867229
21863000 0.86723
21864000 0.867229
21865000 0.867229
21866000 0.867229
21867000 0.867229
21868000 0.867229
21869000 0.867229
21870000 0.867229
21871000 0.867228
21872000 0.867227
21873000 0.867227
21874000 0.867226
21875000 0.867226
21876000 0.867225
21877000 0.867224
21878000 0.867223
21879000 0.867223
21880000 0.867222
21881000 0.867222
21882000 0.867221
21883000 0.867221
21884000 0.86722
21885000 0.86722
21886000 0.867219
21887000 0.867218
21888000 0.867217
21889000 0.867217
21890000 0.867217
21891000 0.867217
21892000 0.867217
21893000 0.867217
21894000 0.867217
21895000 0.867217
21896000 0.867217
21897000 0.867216
21898000 0.867215
21899000 0.867215
21900000 0.867215
21901000 0.867215
21902000 0.867215
21903000 0.867216
21904000 0.867216
21905000 0.867216
21906000 0.867216
21907000 0.867216
21908000 0.867216
21909000 0.867216
21910000 0.867215
21911000 0.867215
21912000 0.867214
21913000 0.867214
21914000 0.867215
21915000 0.867215
21916000 0.867215
21917000 0.867215
21918000 0.867215
21919000 0.867215
21920000 0.867215
21921000 0.867215
21922000 0.867214
21923000 0.867214
21924000 0.867214
21925000 0.867215
21926000 0.867215
21927000 0.867215
21928000 0.867215
21929000 0.867216
21930000 0.867215
21931000 0.867215
21932000 0.867214
21933000 0.867214
21934000 0.867213
21935000 0.867213
21936000 0.867213
21937000 0.867213
21938000 0.867213
21939000 0.867213
21940000 0.867214
21941000 0.867214
21942000 0.867214
21943000 0.867213
21944000 0.867213
21945000 0.867213
21946000 0.867213
21947000 0.867213
21948000 0.867213
21949000 0.867214
21950000 0.867215
21951000 0.867215
21952000 0.867216
21953000 0.867216
21954000 0.867217
21955000 0.867218
21956000 0.867218
21957000 0.867218
21958000 0.867218
21959000 0.867218
21960000 0.867219
21961000 0.86722
21962000 0.86722
21963000 0.86722
21964000 0.86722
21965000 0.86722
21966000 0.86722
21967000 0.86722
21968000 0.867221
21969000 0.86722
21970000 0.86722
21971000 0.867219
21972000 0.867219
21973000 0.867219
21974000 0.867218
21975000 0.867217
21976000 0.867217
21977000 0.867217
21978000 0.867217
21979000 0.867218
21980000 0.867218
21981000 0.867217
21982000 0.867217
21983000 0.867216
21984000 0.867216
21985000 0.867216
21986000 0.867216
21987000 0.867215
21988000 0.867216
21989000 0.867215
21990000 0.867215
21991000 0.867215
21992000 0.867215
21993000 0.867214
21994000 0.867214
21995000 0.867214
21996000 0.867212
21997000 0.867212
21998000 0.867212
21999000 0.867212
22000000 0.867212
22001000 0.867212
22002000 0.867212
22003000 0.867212
22004000 0.867213
22005000 0.867213
22006000 0.867214
22007000 0.867214
22008000 0.867214
22009000 0.867215
22010000 0.867215
22011000 0.867215
22012000 0.867214
22013000 0.867214
22014000 0.867214
22015000 0.867214
22016000 0.867213
22017000 0.867213
22018000 0.867213
22019000 0.867212
22020000 0.867212
22021000 0.867212
22022000 0.867212
22023000 0.867211
22024000 0.867212
22025000 0.867211
22026000 0.867211
22027000 0.867211
22028000 0.867212
22029000 0.867212
22030000 0.867213
22031000 0.867214
22032000 0.867214
22033000 0.867215
22034000 0.867215
22035000 0.867215
22036000 0.867215
22037000 0.867215
22038000 0.867215
22039000 0.867216
22040000 0.867216
22041000 0.867217
22042000 0.867217
22043000 0.867218
22044000 0.867218
22045000 0.867219
22046000 0.867219
22047000 0.86722
22048000 0.86722
22049000 0.867221
22050000 0.867222
22051000 0.867223
22052000 0.867224
22053000 0.867225
22054000 0.867226
22055000 0.867227
22056000 0.867228
22057000 0.867229
22058000 0.867231
22059000 0.867232
22060000 0.867234
22061000 0.867235
22062000 0.867237
22063000 0.867238
22064000 0.867239
22065000 0.86724
22066000 0.86724
22067000 0.867241
22068000 0.867241
22069000 0.867242
22070000 0.867241
22071000 0.867241
22072000 0.867241
22073000 0.867242
22074000 0.867243
22075000 0.867244
22076000 0.867244
22077000 0.867244
22078000 0.867244
22079000 0.867244
22080000 0.867245
22081000 0.867246
22082000 0.867246
22083000 0.867246
22084000 0.867247
22085000 0.867248
22086000 0.867248
22087000 0.867249
22088000 0.867249
22089000 0.86725
22090000 0.86725
22091000 0.867251
22092000 0.867252
22093000 0.867252
22094000 0.867252
22095000 0.867252
22096000 0.867253
22097000 0.867255
22098000 0.867256
22099000 0.867257
22100000 0.867257
22101000 0.867258
22102000 0.867259
22103000 0.86726
22104000 0.867261
22105000 0.867262
22106000 0.867262
22107000 0.867263
22108000 0.867263
22109000 0.867263
22110000 0.867264
22111000 0.867265
22112000 0.867266
22113000 0.867266
22114000 0.867267
22115000 0.867268
22116000 0.867269
22117000 0.86727
22118000 0.86727
22119000 0.867271
22120000 0.86727
22121000 0.86727
22122000 0.867271
22123000 0.867272
22124000 0.867273
22125000 0.867274
22126000 0.867275
22127000 0.867276
22128000 0.867278
22129000 0.867279
22130000 0.86728
22131000 0.867281
22132000 0.867282
22133000 0.867283
22134000 0.867283
22135000 0.867283
22136000 0.867285
22137000 0.867285
22138000 0.867287
22139000 0.867288
22140000 0.867289
22141000 0.86729
22142000 0.867291
22143000 0.867292
22144000 0.867293
22145000 0.867294
22146000 0.867296
22147000 0.867296
22148000 0.867297
22149000 0.867298
22150000 0.867298
22151000 0.867299
22152000 0.867299
22153000 0.8673
22154000 0.8673
22155000 0.8673
22156000 0.867301
22157000 0.867301
22158000 0.867301
22159000 0.867302
22160000 0.867302
22161000 0.867303
22162000 0.867304
22163000 0.867305
22164000 0.867305
22165000 0.867306
22166000 0.867307
22167000 0.867307
22168000 0.867308
22169000 0.867308
22170000 0.867308
22171000 0.867309
22172000 0.86731
22173000 0.867311
22174000 0.867312
22175000 0.867313
22176000 0.867314
22177000 0.867314
22178000 0.867315
22179000 0.867316
22180000 0.867317
22181000 0.867318
22182000 0.867319
22183000 0.86732
22184000 0.867321
22185000 0.867322
22186000 0.867323
22187000 0.867325
22188000 0.867326
22189000 0.867327
22190000 0.867327
22191000 0.867329
22192000 0.867329
22193000 0.86733
22194000 0.86733
22195000 0.867331
22196000 0.867332
22197000 0.867333
22198000 0.867333
22199000 0.867333
22200000 0.867334
22201000 0.867334
22202000 0.867335
22203000 0.867335
22204000 0.867336
22205000 0.867336
22206000 0.867337
22207000 0.867336
22208000 0.867337
22209000 0.867337
22210000 0.867337
22211000 0.867337
22212000 0.867338
22213000 0.867338
22214000 0.867338
22215000 0.867338
22216000 0.867338
22217000 0.867339
22218000 0.867339
22219000 0.86734
22220000 0.867339
22221000 0.867339
22222000 0.867339
22223000 0.867339
22224000 0.867339
22225000 0.86734
22226000 0.86734
22227000 0.867341
22228000 0.867341
22229000 0.867342
22230000 0.867341
22231000 0.867341
22232000 0.867341
22233000 0.867342
22234000 0.867342
22235000 0.867342
22236000 0.867343
22237000 0.867344
22238000 0.867344
22239000 0.867344
22240000 0.867344
22241000 0.867343
22242000 0.867343
22243000 0.867343
22244000 0.867343
22245000 0.867343
22246000 0.867343
22247000 0.867343
22248000 0.867343
22249000 0.867343
22250000 0.867343
22251000 0.867344
22252000 0.867344
22253000 0.867344
22254000 0.867344
22255000 0.867344
22256000 0.867344
22257000 0.867343
22258000 0.867343
22259000 0.867344
22260000 0.867344
22261000 0.867344
22262000 0.867344
22263000 0.867344
22264000 0.867344
22265000 0.867344
22266000 0.867345
22267000 0.867345
22268000 0.867344
22269000 0.867344
22270000 0.867344
22271000 0.867344
22272000 0.867344
22273000 0.867344
22274000 0.867344
22275000 0.867344
22276000 0.867344
22277000 0.867345
22278000 0.867345
22279000 0.867346
22280000 0.867346
22281000 0.867346
22282000 0.867347
22283000 0.867347
22284000 0.867348
22285000 0.867348
22286000 0.867349
22287000 0.867349
22288000 0.86735
22289000 0.867351
22290000 0.86735
22291000 0.867351
22292000 0.867351
22293000 0.867351
22294000 0.86735
22295000 0.867349
22296000 0.867349
22297000 0.867349
22298000 0.867349
22299000 0.867349
22300000 0.867349
22301000 0.867349
22302000 0.867349
22303000 0.867349
22304000 0.86735
22305000 0.867351
22306000 0.867352
22307000 0.867353
22308000 0.867355
22309000 0.867356
22310000 0.867357
22311000 0.867358
22312000 0.867359
22313000 0.867359
22314000 0.86736
22315000 0.867361
22316000 0.867362
22317000 0.867362
22318000 0.867362
22319000 0.867362
22320000 0.867364
22321000 0.867364
22322000 0.867365
22323000 0.867366
22324000 0.867366
22325000 0.867366
22326000 0.867366
22327000 0.867366
22328000 0.867366
22329000 0.867366
22330000 0.867367
22331000 0.867367
22332000 0.867367
22333000 0.867368
22334000 0.867368
22335000 0.867368
22336000 0.867369
22337000 0.867369
22338000 0.867369
22339000 0.867369
22340000 0.86737
22341000 0.867371
22342000 0.867371
22343000 0.867371
22344000 0.867372
22345000 0.867372
22346000 0.867372
22347000 0.867372
22348000 0.867372
22349000 0.867372
22350000 0.867372
22351000 0.867372
22352000 0.867372
22353000 0.867373
22354000 0.867373
22355000 0.867373
22356000 0.867373
22357000 0.867373
22358000 0.867374
22359000 0.867374
22360000 0.867375
22361000 0.867375
22362000 0.867375
22363000 0.867375
22364000 0.867375
22365000 0.867375
22366000 0.867376
22367000 0.867376
22368000 0.867376
22369000 0.867376
22370000 0.867376
22371000 0.867376
22372000 0.867376
22373000 0.867376
22374000 0.867377
22375000 0.867377
22376000 0.867378
22377000 0.867378
22378000 0.867379
22379000 0.867379
22380000 0.86738
22381000 0.867381
22382000 0.867381
22383000 0.867381
22384000 0.867382
22385000 0.867382
22386000 0.867383
22387000 0.867383
22388000 0.867383
22389000 0.867383
22390000 0.867382
22391000 0.867382
22392000 0.867382
22393000 0.867382
22394000 0.867382
22395000 0.867382
22396000 0.867382
22397000 0.867382
22398000 0.867382
22399000 0.867382
22400000 0.867382
22401000 0.867383
22402000 0.867382
22403000 0.867383
22404000 0.867384
22405000 0.867383
22406000 0.867384
22407000 0.867384
22408000 0.867384
22409000 0.867384
22410000 0.867385
22411000 0.867385
22412000 0.867385
22413000 0.867385
22414000 0.867386
22415000 0.867386
22416000 0.867387
22417000 0.867388
22418000 0.867388
22419000 0.867388
22420000 0.867388
22421000 0.867388
22422000 0.867388
22423000 0.867389
22424000 0.867389
22425000 0.867389
22426000 0.867389
22427000 0.867389
22428000 0.867389
22429000 0.867389
22430000 0.867389
22431000 0.867389
22432000 0.86739
22433000 0.86739
22434000 0.867389
22435000 0.867389
22436000 0.867389
22437000 0.867389
22438000 0.867388
22439000 0.867389
22440000 0.867389
22441000 0.867389
22442000 0.867389
22443000 0.867389
22444000 0.867389
22445000 0.867389
22446000 0.867388
22447000 0.867389
22448000 0.867389
22449000 0.867389
22450000 0.867389
22451000 0.867389
22452000 0.867389
22453000 0.867389
22454000 0.867389
22455000 0.867389
22456000 0.867389
22457000 0.867389
22458000 0.867388
22459000 0.867388
22460000 0.867389
22461000 0.867388
22462000 0.867388
22463000 0.867388
22464000 0.867389
22465000 0.86739
22466000 0.86739
22467000 0.867391
22468000 0.867391
22469000 0.867391
22470000 0.867392
22471000 0.867392
22472000 0.867393
22473000 0.867393
22474000 0.867393
22475000 0.867393
22476000 0.867393
22477000 0.867393
22478000 0.867393
22479000 0.867394
22480000 0.867394
22481000 0.867394
22482000 0.867395
22483000 0.867394
22484000 0.867394
22485000 0.867395
22486000 0.867395
22487000 0.867395
22488000 0.867395
22489000 0.867395
22490000 0.867395
22491000 0.867394
22492000 0.867394
22493000 0.867394
22494000 0.867394
22495000 0.867393
22496000 0.867393
22497000 0.867393
22498000 0.867393
22499000 0.867392
22500000 0.867392
22501000 0.867392
22502000 0.867392
22503000 0.867392
22504000 0.867392
22505000 0.867393
22506000 0.867393
22507000 0.867393
22508000 0.867393
22509000 0.867393
22510000 0.867394
22511000 0.867394
22512000 0.867395
22513000 0.867395
22514000 0.867395
22515000 0.867396
22516000 0.867396
22517000 0.867396
22518000 0.867397
22519000 0.867397
22520000 0.867398
22521000 0.867398
22522000 0.867398
22523000 0.867398
22524000 0.867399
22525000 0.867399
22526000 0.867399
22527000 0.867399
22528000 0.8674
22529000 0.867401
22530000 0.867401
22531000 0.867402
22532000 0.867402
22533000 0.867403
22534000 0.867403
22535000 0.867403
22536000 0.867404
22537000 0.867404
22538000 0.867403
22539000 0.867403
22540000 0.867403
22541000 0.867402
22542000 0.867402
22543000 0.867402
22544000 0.867402
22545000 0.867402
22546000 0.867403
22547000 0.867404
22548000 0.867404
22549000 0.867404
22550000 0.867405
22551000 0.867405
22552000 0.867405
22553000 0.867406
22554000 0.867406
22555000 0.867406
22556000 0.867407
22557000 0.867406
22558000 0.867406
22559000 0.867406
22560000 0.867406
22561000 0.867407
22562000 0.867407
22563000 0.867408
22564000 0.867408
22565000 0.867408
22566000 0.867408
22567000 0.867408
22568000 0.867409
22569000 0.86741
22570000 0.86741
22571000 0.867411
22572000 0.867411
22573000 0.867411
22574000 0.867412
22575000 0.867412
22576000 0.867412
22577000 0.867412
22578000 0.867413
22579000 0.867413
22580000 0.867413
22581000 0.867414
22582000 0.867414
22583000 0.867415
22584000 0.867415
22585000 0.867416
22586000 0.867416
22587000 0.867415
22588000 0.867416
22589000 0.867416
22590000 0.867416
22591000 0.867417
22592000 0.867418
22593000 0.867418
22594000 0.867419
22595000 0.86742
22596000 0.867421
22597000 0.867422
22598000 0.867422
22599000 0.867423
22600000 0.867424
22601000 0.867424
22602000 0.867424
22603000 0.867425
22604000 0.867425
22605000 0.867425
22606000 0.867426
22607000 0.867427
22608000 0.867428
22609000 0.867428
22610000 0.867429
22611000 0.867429
22612000 0.86743
22613000 0.86743
22614000 0.86743
22615000 0.86743
22616000 0.86743
22617000 0.867431
22618000 0.867431
22619000 0.867432
22620000 0.867433
22621000 0.867433
22622000 0.867434
22623000 0.867435
22624000 0.867436
22625000 0.867436
22626000 0.867437
22627000 0.867438
22628000 0.867439
22629000 0.86744
22630000 0.86744
22631000 0.867441
22632000 0.867442
22633000 0.867443
22634000 0.867444
22635000 0.867444
22636000 0.867445
22637000 0.867446
22638000 0.867446
22639000 0.867447
22640000 0.867448
22641000 0.867448
22642000 0.867448
22643000 0.867448
22644000 0.867449
22645000 0.867448
22646000 0.867448
22647000 0.867448
22648000 0.867448
22649000 0.867448
22650000 0.867448
22651000 0.867448
22652000 0.867449
22653000 0.867449
22654000 0.867449
22655000 0.867449
22656000 0.867449
22657000 0.867449
22658000 0.867449
22659000 0.86745
22660000 0.86745
22661000 0.86745
22662000 0.867449
22663000 0.867449
22664000 0.867449
22665000 0.867449
22666000 0.867449
22667000 0.867449
22668000 0.867449
22669000 0.867449
22670000 0.867449
22671000 0.867449
22672000 0.867449
22673000 0.867449
22674000 0.867448
22675000 0.867448
22676000 0.867448
22677000 0.867448
22678000 0.867447
22679000 0.867448
22680000 0.867448
22681000 0.867448
22682000 0.867447
22683000 0.867447
22684000 0.867446
22685000 0.867446
22686000 0.867446
22687000 0.867446
22688000 0.867446
22689000 0.867446
22690000 0.867446
22691000 0.867446
22692000 0.867446
22693000 0.867446
22694000 0.867447
22695000 0.867447
22696000 0.867447
22697000 0.867448
22698000 0.867449
22699000 0.867449
22700000 0.867449
22701000 0.86745
22702000 0.86745
22703000 0.86745
22704000 0.86745
22705000 0.86745
22706000 0.86745
22707000 0.867451
22708000 0.867451
22709000 0.867451
22710000 0.867451
22711000 0.867452
22712000 0.867452
22713000 0.867452
22714000 0.867452
22715000 0.867452
22716000 0.867453
22717000 0.867453
22718000 0.867453
22719000 0.867453
22720000 0.867453
22721000 0.867454
22722000 0.867455
22723000 0.867455
22724000 0.867455
22725000 0.867455
22726000 0.867456
22727000 0.867456
22728000 0.867456
22729000 0.867456
22730000 0.867456
22731000 0.867456
22732000 0.867456
22733000 0.867456
22734000 0.867456
22735000 0.867456
22736000 0.867456
22737000 0.867455
22738000 0.867455
22739000 0.867455
22740000 0.867454
22741000 0.867454
22742000 0.867454
22743000 0.867454
22744000 0.867454
22745000 0.867454
22746000 0.867453
22747000 0.867453
22748000 0.867453
22749000 0.867453
22750000 0.867453
22751000 0.867453
22752000 0.867453
22753000 0.867454
22754000 0.867454
22755000 0.867454
22756000 0.867455
22757000 0.867455
22758000 0.867455
22759000 0.867456
22760000 0.867455
22761000 0.867456
22762000 0.867456
22763000 0.867457
22764000 0.867457
22765000 0.867457
22766000 0.867457
22767000 0.867457
22768000 0.867457
22769000 0.867457
22770000 0.867457
22771000 0.867458
22772000 0.867458
22773000 0.867458
22774000 0.867459
22775000 0.867459
22776000 0.867459
22777000 0.867459
22778000 0.867459
22779000 0.867459
22780000 0.86746
22781000 0.86746
22782000 0.867461
22783000 0.867461
22784000 0.867461
22785000 0.867462
22786000 0.867463
22787000 0.867464
22788000 0.867465
22789000 0.867465
22790000 0.867465
22791000 0.867466
22792000 0.867466
22793000 0.867466
22794000 0.867466
22795000 0.867466
22796000 0.867466
22797000 0.867466
22798000 0.867465
22799000 0.867465
22800000 0.867464
22801000 0.867464
22802000 0.867465
22803000 0.867464
22804000 0.867464
22805000 0.867464
22806000 0.867464
22807000 0.867464
22808000 0.867464
22809000 0.867464
22810000 0.867463
22811000 0.867462
22812000 0.867461
22813000 0.867461
22814000 0.867461
22815000 0.867461
22816000 0.867461
22817000 0.867461
22818000 0.86746
22819000 0.86746
22820000 0.867459
22821000 0.867459
22822000 0.867458
22823000 0.867458
22824000 0.867457
22825000 0.867457
22826000 0.867457
22827000 0.867458
22828000 0.867457
22829000 0.867457
22830000 0.867457
22831000 0.867457
22832000 0.867457
22833000 0.867458
22834000 0.867458
22835000 0.867459
22836000 0.867459
22837000 0.86746
22838000 0.86746
22839000 0.86746
22840000 0.86746
22841000 0.86746
22842000 0.86746
22843000 0.86746
22844000 0.867461
22845000 0.867461
22846000 0.867461
22847000 0.867461
22848000 0.867461
22849000 0.867461
22850000 0.86746
22851000 0.86746
22852000 0.867459
22853000 0.867459
22854000 0.867459
22855000 0.867459
22856000 0.867459
22857000 0.867459
22858000 0.867459
22859000 0.867459
22860000 0.867459
22861000 0.867459
22862000 0.867459
22863000 0.86746
22864000 0.86746
22865000 0.86746
22866000 0.86746
22867000 0.86746
22868000 0.86746
22869000 0.867459
22870000 0.867459
22871000 0.867458
22872000 0.867458
22873000 0.867458
22874000 0.867457
22875000 0.867457
22876000 0.867457
22877000 0.867456
22878000 0.867455
22879000 0.867455
22880000 0.867454
22881000 0.867454
22882000 0.867454
22883000 0.867454
22884000 0.867453
22885000 0.867453
22886000 0.867452
22887000 0.867452
22888000 0.867453
22889000 0.867452
22890000 0.867452
22891000 0.867452
22892000 0.867452
22893000 0.867452
22894000 0.867452
22895000 0.867452
22896000 0.867452
22897000 0.867452
22898000 0.867452
22899000 0.867452
22900000 0.867452
22901000 0.867452
22902000 0.867452
22903000 0.867452
22904000 0.867452
22905000 0.867451
22906000 0.867451
22907000 0.867451
22908000 0.867451
22909000 0.867451
22910000 0.86745
22911000 0.86745
22912000 0.86745
22913000 0.86745
22914000 0.86745
22915000 0.86745
22916000 0.86745
22917000 0.86745
22918000 0.86745
22919000 0.86745
22920000 0.867451
22921000 0.867451
22922000 0.867451
22923000 0.867452
22924000 0.867452
22925000 0.867452
22926000 0.867452
22927000 0.867452
22928000 0.867452
22929000 0.867451
22930000 0.867452
22931000 0.867451
22932000 0.867452
22933000 0.867451
22934000 0.867451
22935000 0.867451
22936000 0.86745
22937000 0.86745
22938000 0.86745
22939000 0.86745
22940000 0.86745
22941000 0.867449
22942000 0.867448
22943000 0.867447
22944000 0.867447
22945000 0.867446
22946000 0.867446
22947000 0.867446
22948000 0.867446
22949000 0.867446
22950000 0.867446
22951000 0.867446
22952000 0.867446
22953000 0.867446
22954000 0.867446
22955000 0.867446
22956000 0.867445
22957000 0.867445
22958000 0.867445
22959000 0.867445
22960000 0.867445
22961000 0.867445
22962000 0.867445
22963000 0.867445
22964000 0.867445
22965000 0.867445
22966000 0.867445
22967000 0.867446
22968000 0.867446
22969000 0.867446
22970000 0.867446
22971000 0.867446
22972000 0.867446
22973000 0.867447
22974000 0.867447
22975000 0.867447
22976000 0.867447
22977000 0.867447
22978000 0.867447
22979000 0.867447
22980000 0.867448
22981000 0.867448
22982000 0.867449
22983000 0.867449
22984000 0.867451
22985000 0.867451
22986000 0.867452
22987000 0.867453
22988000 0.867454
22989000 0.867455
22990000 0.867455
22991000 0.867456
22992000 0.867457
22993000 0.867458
22994000 0.867459
22995000 0.86746
22996000 0.867461
22997000 0.867461
22998000 0.867462
22999000 0.867463
23000000 0.867463
