# Time-averaged data for fix dave
# TimeStep v_massdensity
13001000 0.865592
13002000 0.865592
13003000 0.865592
13004000 0.865592
13005000 0.865592
13006000 0.865592
13007000 0.865592
13008000 0.865592
13009000 0.865592
13010000 0.865592
13011000 0.865592
13012000 0.865592
13013000 0.865592
13014000 0.865592
13015000 0.865592
13016000 0.865592
13017000 0.865592
13018000 0.865592
13019000 0.865592
13020000 0.865592
13021000 0.865592
13022000 0.865592
13023000 0.865592
13024000 0.865592
13025000 0.865592
13026000 0.865592
13027000 0.865592
13028000 0.865592
13029000 0.865592
13030000 0.865592
13031000 0.865592
13032000 0.865592
13033000 0.865592
13034000 0.865592
13035000 0.865592
13036000 0.865592
13037000 0.865592
13038000 0.865592
13039000 0.865592
13040000 0.865592
13041000 0.865592
13042000 0.865592
13043000 0.865592
13044000 0.865592
13045000 0.865592
13046000 0.865592
13047000 0.865592
13048000 0.865592
13049000 0.865592
13050000 0.865592
13051000 0.865592
13052000 0.865592
13053000 0.865592
13054000 0.865592
13055000 0.865592
13056000 0.865592
13057000 0.865592
13058000 0.865592
13059000 0.865592
13060000 0.865592
13061000 0.865592
13062000 0.865592
13063000 0.865592
13064000 0.865592
13065000 0.865592
13066000 0.865592
13067000 0.865592
13068000 0.865592
13069000 0.865592
13070000 0.865592
13071000 0.865592
13072000 0.865592
13073000 0.865592
13074000 0.865592
13075000 0.865592
13076000 0.865592
13077000 0.865592
13078000 0.865592
13079000 0.865592
13080000 0.865592
13081000 0.865592
13082000 0.865592
13083000 0.865592
13084000 0.865592
13085000 0.865592
13086000 0.865592
13087000 0.865592
13088000 0.865592
13089000 0.865592
13090000 0.865592
13091000 0.865592
13092000 0.865592
13093000 0.865592
13094000 0.865592
13095000 0.865592
13096000 0.865592
13097000 0.865592
13098000 0.865592
13099000 0.865592
13100000 0.865592
13101000 0.865592
13102000 0.865592
13103000 0.865592
13104000 0.865592
13105000 0.865592
13106000 0.865592
13107000 0.865592
13108000 0.865592
13109000 0.865592
13110000 0.865592
13111000 0.865592
13112000 0.865592
13113000 0.865592
13114000 0.865592
13115000 0.865592
13116000 0.865592
13117000 0.865592
13118000 0.865592
13119000 0.865592
13120000 0.865592
13121000 0.865592
13122000 0.865592
13123000 0.865592
13124000 0.865592
13125000 0.865592
13126000 0.865592
13127000 0.865592
13128000 0.865592
13129000 0.865592
13130000 0.865592
13131000 0.865592
13132000 0.865592
13133000 0.865592
13134000 0.865592
13135000 0.865592
13136000 0.865592
13137000 0.865592
13138000 0.865592
13139000 0.865592
13140000 0.865592
13141000 0.865592
13142000 0.865592
13143000 0.865592
13144000 0.865592
13145000 0.865592
13146000 0.865592
13147000 0.865592
13148000 0.865592
13149000 0.865592
13150000 0.865592
13151000 0.865592
13152000 0.865592
13153000 0.865592
13154000 0.865592
13155000 0.865592
13156000 0.865592
13157000 0.865592
13158000 0.865592
13159000 0.865592
13160000 0.865592
13161000 0.865592
13162000 0.865592
13163000 0.865592
13164000 0.865592
13165000 0.865592
13166000 0.865592
13167000 0.865592
13168000 0.865592
13169000 0.865592
13170000 0.865592
13171000 0.865592
13172000 0.865592
13173000 0.865592
13174000 0.865592
13175000 0.865592
13176000 0.865592
13177000 0.865592
13178000 0.865592
13179000 0.865592
13180000 0.865592
13181000 0.865592
13182000 0.865592
13183000 0.865592
13184000 0.865592
13185000 0.865592
13186000 0.865592
13187000 0.865592
13188000 0.865592
13189000 0.865592
13190000 0.865592
13191000 0.865592
13192000 0.865592
13193000 0.865592
13194000 0.865592
13195000 0.865592
13196000 0.865592
13197000 0.865592
13198000 0.865592
13199000 0.865592
13200000 0.865592
13201000 0.865592
13202000 0.865592
13203000 0.865592
13204000 0.865592
13205000 0.865592
13206000 0.865592
13207000 0.865592
13208000 0.865592
13209000 0.865592
13210000 0.865592
13211000 0.865592
13212000 0.865592
13213000 0.865592
13214000 0.865592
13215000 0.865592
13216000 0.865592
13217000 0.865592
13218000 0.865592
13219000 0.865592
13220000 0.865592
13221000 0.865592
13222000 0.865592
13223000 0.865592
13224000 0.865592
13225000 0.865592
13226000 0.865592
13227000 0.865592
13228000 0.865592
13229000 0.865592
13230000 0.865592
13231000 0.865592
13232000 0.865592
13233000 0.865592
13234000 0.865592
13235000 0.865592
13236000 0.865592
13237000 0.865592
13238000 0.865592
13239000 0.865592
13240000 0.865592
13241000 0.865592
13242000 0.865592
13243000 0.865592
13244000 0.865592
13245000 0.865592
13246000 0.865592
13247000 0.865592
13248000 0.865592
13249000 0.865592
13250000 0.865592
13251000 0.865592
13252000 0.865592
13253000 0.865592
13254000 0.865592
13255000 0.865592
13256000 0.865592
13257000 0.865592
13258000 0.865592
13259000 0.865592
13260000 0.865592
13261000 0.865592
13262000 0.865592
13263000 0.865592
13264000 0.865592
13265000 0.865592
13266000 0.865592
13267000 0.865592
13268000 0.865592
13269000 0.865592
13270000 0.865592
13271000 0.865592
13272000 0.865592
13273000 0.865592
13274000 0.865592
13275000 0.865592
13276000 0.865592
13277000 0.865592
13278000 0.865592
13279000 0.865592
13280000 0.865592
13281000 0.865592
13282000 0.865592
13283000 0.865592
13284000 0.865592
13285000 0.865592
13286000 0.865592
13287000 0.865592
13288000 0.865592
13289000 0.865592
13290000 0.865592
13291000 0.865592
13292000 0.865592
13293000 0.865592
13294000 0.865592
13295000 0.865592
13296000 0.865592
13297000 0.865592
13298000 0.865592
13299000 0.865592
13300000 0.865592
13301000 0.865592
13302000 0.865592
13303000 0.865592
13304000 0.865592
13305000 0.865592
13306000 0.865592
13307000 0.865592
13308000 0.865592
13309000 0.865592
13310000 0.865592
13311000 0.865592
13312000 0.865592
13313000 0.865592
13314000 0.865592
13315000 0.865592
13316000 0.865592
13317000 0.865592
13318000 0.865592
13319000 0.865592
13320000 0.865592
13321000 0.865592
13322000 0.865592
13323000 0.865592
13324000 0.865592
13325000 0.865592
13326000 0.865592
13327000 0.865592
13328000 0.865592
13329000 0.865592
13330000 0.865592
13331000 0.865592
13332000 0.865592
13333000 0.865592
13334000 0.865592
13335000 0.865592
13336000 0.865592
13337000 0.865592
13338000 0.865592
13339000 0.865592
13340000 0.865592
13341000 0.865592
13342000 0.865592
13343000 0.865592
13344000 0.865592
13345000 0.865592
13346000 0.865592
13347000 0.865592
13348000 0.865592
13349000 0.865592
13350000 0.865592
13351000 0.865592
13352000 0.865592
13353000 0.865592
13354000 0.865592
13355000 0.865592
13356000 0.865592
13357000 0.865592
13358000 0.865592
13359000 0.865592
13360000 0.865592
13361000 0.865592
13362000 0.865592
13363000 0.865592
13364000 0.865592
13365000 0.865592
13366000 0.865592
13367000 0.865592
13368000 0.865592
13369000 0.865592
13370000 0.865592
13371000 0.865592
13372000 0.865592
13373000 0.865592
13374000 0.865592
13375000 0.865592
13376000 0.865592
13377000 0.865592
13378000 0.865592
13379000 0.865592
13380000 0.865592
13381000 0.865592
13382000 0.865592
13383000 0.865592
13384000 0.865592
13385000 0.865592
13386000 0.865592
13387000 0.865592
13388000 0.865592
13389000 0.865592
13390000 0.865592
13391000 0.865592
13392000 0.865592
13393000 0.865592
13394000 0.865592
13395000 0.865592
13396000 0.865592
13397000 0.865592
13398000 0.865592
13399000 0.865592
13400000 0.865592
13401000 0.865592
13402000 0.865592
13403000 0.865592
13404000 0.865592
13405000 0.865592
13406000 0.865592
13407000 0.865592
13408000 0.865592
13409000 0.865592
13410000 0.865592
13411000 0.865592
13412000 0.865592
13413000 0.865592
13414000 0.865592
13415000 0.865592
13416000 0.865592
13417000 0.865592
13418000 0.865592
13419000 0.865592
13420000 0.865592
13421000 0.865592
13422000 0.865592
13423000 0.865592
13424000 0.865592
13425000 0.865592
13426000 0.865592
13427000 0.865592
13428000 0.865592
13429000 0.865592
13430000 0.865592
13431000 0.865592
13432000 0.865592
13433000 0.865592
13434000 0.865592
13435000 0.865592
13436000 0.865592
13437000 0.865592
13438000 0.865592
13439000 0.865592
13440000 0.865592
13441000 0.865592
13442000 0.865592
13443000 0.865592
13444000 0.865592
13445000 0.865592
13446000 0.865592
13447000 0.865592
13448000 0.865592
13449000 0.865592
13450000 0.865592
13451000 0.865592
13452000 0.865592
13453000 0.865592
13454000 0.865592
13455000 0.865592
13456000 0.865592
13457000 0.865592
13458000 0.865592
13459000 0.865592
13460000 0.865592
13461000 0.865592
13462000 0.865592
13463000 0.865592
13464000 0.865592
13465000 0.865592
13466000 0.865592
13467000 0.865592
13468000 0.865592
13469000 0.865592
13470000 0.865592
13471000 0.865592
13472000 0.865592
13473000 0.865592
13474000 0.865592
13475000 0.865592
13476000 0.865592
13477000 0.865592
13478000 0.865592
13479000 0.865592
13480000 0.865592
13481000 0.865592
13482000 0.865592
13483000 0.865592
13484000 0.865592
13485000 0.865592
13486000 0.865592
13487000 0.865592
13488000 0.865592
13489000 0.865592
13490000 0.865592
13491000 0.865592
13492000 0.865592
13493000 0.865592
13494000 0.865592
13495000 0.865592
13496000 0.865592
13497000 0.865592
13498000 0.865592
13499000 0.865592
13500000 0.865592
13501000 0.865592
13502000 0.865592
13503000 0.865592
13504000 0.865592
13505000 0.865592
13506000 0.865592
13507000 0.865592
13508000 0.865592
13509000 0.865592
13510000 0.865592
13511000 0.865592
13512000 0.865592
13513000 0.865592
13514000 0.865592
13515000 0.865592
13516000 0.865592
13517000 0.865592
13518000 0.865592
13519000 0.865592
13520000 0.865592
13521000 0.865592
13522000 0.865592
13523000 0.865592
13524000 0.865592
13525000 0.865592
13526000 0.865592
13527000 0.865592
13528000 0.865592
13529000 0.865592
13530000 0.865592
13531000 0.865592
13532000 0.865592
13533000 0.865592
13534000 0.865592
13535000 0.865592
13536000 0.865592
13537000 0.865592
13538000 0.865592
13539000 0.865592
13540000 0.865592
13541000 0.865592
13542000 0.865592
13543000 0.865592
13544000 0.865592
13545000 0.865592
13546000 0.865592
13547000 0.865592
13548000 0.865592
13549000 0.865592
13550000 0.865592
13551000 0.865592
13552000 0.865592
13553000 0.865592
13554000 0.865592
13555000 0.865592
13556000 0.865592
13557000 0.865592
13558000 0.865592
13559000 0.865592
13560000 0.865592
13561000 0.865592
13562000 0.865592
13563000 0.865592
13564000 0.865592
13565000 0.865592
13566000 0.865592
13567000 0.865592
13568000 0.865592
13569000 0.865592
13570000 0.865592
13571000 0.865592
13572000 0.865592
13573000 0.865592
13574000 0.865592
13575000 0.865592
13576000 0.865592
13577000 0.865592
13578000 0.865592
13579000 0.865592
13580000 0.865592
13581000 0.865592
13582000 0.865592
13583000 0.865592
13584000 0.865592
13585000 0.865592
13586000 0.865592
13587000 0.865592
13588000 0.865592
13589000 0.865592
13590000 0.865592
13591000 0.865592
13592000 0.865592
13593000 0.865592
13594000 0.865592
13595000 0.865592
13596000 0.865592
13597000 0.865592
13598000 0.865592
13599000 0.865592
13600000 0.865592
13601000 0.865592
13602000 0.865592
13603000 0.865592
13604000 0.865592
13605000 0.865592
13606000 0.865592
13607000 0.865592
13608000 0.865592
13609000 0.865592
13610000 0.865592
13611000 0.865592
13612000 0.865592
13613000 0.865592
13614000 0.865592
13615000 0.865592
13616000 0.865592
13617000 0.865592
13618000 0.865592
13619000 0.865592
13620000 0.865592
13621000 0.865592
13622000 0.865592
13623000 0.865592
13624000 0.865592
13625000 0.865592
13626000 0.865592
13627000 0.865592
13628000 0.865592
13629000 0.865592
13630000 0.865592
13631000 0.865592
13632000 0.865592
13633000 0.865592
13634000 0.865592
13635000 0.865592
13636000 0.865592
13637000 0.865592
13638000 0.865592
13639000 0.865592
13640000 0.865592
13641000 0.865592
13642000 0.865592
13643000 0.865592
13644000 0.865592
13645000 0.865592
13646000 0.865592
13647000 0.865592
13648000 0.865592
13649000 0.865592
13650000 0.865592
13651000 0.865592
13652000 0.865592
13653000 0.865592
13654000 0.865592
13655000 0.865592
13656000 0.865592
13657000 0.865592
13658000 0.865592
13659000 0.865592
13660000 0.865592
13661000 0.865592
13662000 0.865592
13663000 0.865592
13664000 0.865592
13665000 0.865592
13666000 0.865592
13667000 0.865592
13668000 0.865592
13669000 0.865592
13670000 0.865592
13671000 0.865592
13672000 0.865592
13673000 0.865592
13674000 0.865592
13675000 0.865592
13676000 0.865592
13677000 0.865592
13678000 0.865592
13679000 0.865592
13680000 0.865592
13681000 0.865592
13682000 0.865592
13683000 0.865592
13684000 0.865592
13685000 0.865592
13686000 0.865592
13687000 0.865592
13688000 0.865592
13689000 0.865592
13690000 0.865592
13691000 0.865592
13692000 0.865592
13693000 0.865592
13694000 0.865592
13695000 0.865592
13696000 0.865592
13697000 0.865592
13698000 0.865592
13699000 0.865592
13700000 0.865592
13701000 0.865592
13702000 0.865592
13703000 0.865592
13704000 0.865592
13705000 0.865592
13706000 0.865592
13707000 0.865592
13708000 0.865592
13709000 0.865592
13710000 0.865592
13711000 0.865592
13712000 0.865592
13713000 0.865592
13714000 0.865592
13715000 0.865592
13716000 0.865592
13717000 0.865592
13718000 0.865592
13719000 0.865592
13720000 0.865592
13721000 0.865592
13722000 0.865592
13723000 0.865592
13724000 0.865592
13725000 0.865592
13726000 0.865592
13727000 0.865592
13728000 0.865592
13729000 0.865592
13730000 0.865592
13731000 0.865592
13732000 0.865592
13733000 0.865592
13734000 0.865592
13735000 0.865592
13736000 0.865592
13737000 0.865592
13738000 0.865592
13739000 0.865592
13740000 0.865592
13741000 0.865592
13742000 0.865592
13743000 0.865592
13744000 0.865592
13745000 0.865592
13746000 0.865592
13747000 0.865592
13748000 0.865592
13749000 0.865592
13750000 0.865592
13751000 0.865592
13752000 0.865592
13753000 0.865592
13754000 0.865592
13755000 0.865592
13756000 0.865592
13757000 0.865592
13758000 0.865592
13759000 0.865592
13760000 0.865592
13761000 0.865592
13762000 0.865592
13763000 0.865592
13764000 0.865592
13765000 0.865592
13766000 0.865592
13767000 0.865592
13768000 0.865592
13769000 0.865592
13770000 0.865592
13771000 0.865592
13772000 0.865592
13773000 0.865592
13774000 0.865592
13775000 0.865592
13776000 0.865592
13777000 0.865592
13778000 0.865592
13779000 0.865592
13780000 0.865592
13781000 0.865592
13782000 0.865592
13783000 0.865592
13784000 0.865592
13785000 0.865592
13786000 0.865592
13787000 0.865592
13788000 0.865592
13789000 0.865592
13790000 0.865592
13791000 0.865592
13792000 0.865592
13793000 0.865592
13794000 0.865592
13795000 0.865592
13796000 0.865592
13797000 0.865592
13798000 0.865592
13799000 0.865592
13800000 0.865592
13801000 0.865592
13802000 0.865592
13803000 0.865592
13804000 0.865592
13805000 0.865592
13806000 0.865592
13807000 0.865592
13808000 0.865592
13809000 0.865592
13810000 0.865592
13811000 0.865592
13812000 0.865592
13813000 0.865592
13814000 0.865592
13815000 0.865592
13816000 0.865592
13817000 0.865592
13818000 0.865592
13819000 0.865592
13820000 0.865592
13821000 0.865592
13822000 0.865592
13823000 0.865592
13824000 0.865592
13825000 0.865592
13826000 0.865592
13827000 0.865592
13828000 0.865592
13829000 0.865592
13830000 0.865592
13831000 0.865592
13832000 0.865592
13833000 0.865592
13834000 0.865592
13835000 0.865592
13836000 0.865592
13837000 0.865592
13838000 0.865592
13839000 0.865592
13840000 0.865592
13841000 0.865592
13842000 0.865592
13843000 0.865592
13844000 0.865592
13845000 0.865592
13846000 0.865592
13847000 0.865592
13848000 0.865592
13849000 0.865592
13850000 0.865592
13851000 0.865592
13852000 0.865592
13853000 0.865592
13854000 0.865592
13855000 0.865592
13856000 0.865592
13857000 0.865592
13858000 0.865592
13859000 0.865592
13860000 0.865592
13861000 0.865592
13862000 0.865592
13863000 0.865592
13864000 0.865592
13865000 0.865592
13866000 0.865592
13867000 0.865592
13868000 0.865592
13869000 0.865592
13870000 0.865592
13871000 0.865592
13872000 0.865592
13873000 0.865592
13874000 0.865592
13875000 0.865592
13876000 0.865592
13877000 0.865592
13878000 0.865592
13879000 0.865592
13880000 0.865592
13881000 0.865592
13882000 0.865592
13883000 0.865592
13884000 0.865592
13885000 0.865592
13886000 0.865592
13887000 0.865592
13888000 0.865592
13889000 0.865592
13890000 0.865592
13891000 0.865592
13892000 0.865592
13893000 0.865592
13894000 0.865592
13895000 0.865592
13896000 0.865592
13897000 0.865592
13898000 0.865592
13899000 0.865592
13900000 0.865592
13901000 0.865592
13902000 0.865592
13903000 0.865592
13904000 0.865592
13905000 0.865592
13906000 0.865592
13907000 0.865592
13908000 0.865592
13909000 0.865592
13910000 0.865592
13911000 0.865592
13912000 0.865592
13913000 0.865592
13914000 0.865592
13915000 0.865592
13916000 0.865592
13917000 0.865592
13918000 0.865592
13919000 0.865592
13920000 0.865592
13921000 0.865592
13922000 0.865592
13923000 0.865592
13924000 0.865592
13925000 0.865592
13926000 0.865592
13927000 0.865592
13928000 0.865592
13929000 0.865592
13930000 0.865592
13931000 0.865592
13932000 0.865592
13933000 0.865592
13934000 0.865592
13935000 0.865592
13936000 0.865592
13937000 0.865592
13938000 0.865592
13939000 0.865592
13940000 0.865592
13941000 0.865592
13942000 0.865592
13943000 0.865592
13944000 0.865592
13945000 0.865592
13946000 0.865592
13947000 0.865592
13948000 0.865592
13949000 0.865592
13950000 0.865592
13951000 0.865592
13952000 0.865592
13953000 0.865592
13954000 0.865592
13955000 0.865592
13956000 0.865592
13957000 0.865592
13958000 0.865592
13959000 0.865592
13960000 0.865592
13961000 0.865592
13962000 0.865592
13963000 0.865592
13964000 0.865592
13965000 0.865592
13966000 0.865592
13967000 0.865592
13968000 0.865592
13969000 0.865592
13970000 0.865592
13971000 0.865592
13972000 0.865592
13973000 0.865592
13974000 0.865592
13975000 0.865592
13976000 0.865592
13977000 0.865592
13978000 0.865592
13979000 0.865592
13980000 0.865592
13981000 0.865592
13982000 0.865592
13983000 0.865592
13984000 0.865592
13985000 0.865592
13986000 0.865592
13987000 0.865592
13988000 0.865592
13989000 0.865592
13990000 0.865592
13991000 0.865592
13992000 0.865592
13993000 0.865592
13994000 0.865592
13995000 0.865592
13996000 0.865592
13997000 0.865592
13998000 0.865592
13999000 0.865592
14000000 0.865592
14001000 0.865592
14002000 0.865592
14003000 0.865592
14004000 0.865592
14005000 0.865592
14006000 0.865592
14007000 0.865592
14008000 0.865592
14009000 0.865592
14010000 0.865592
14011000 0.865592
14012000 0.865592
14013000 0.865592
14014000 0.865592
14015000 0.865592
14016000 0.865592
14017000 0.865592
14018000 0.865592
14019000 0.865592
14020000 0.865592
14021000 0.865592
14022000 0.865592
14023000 0.865592
14024000 0.865592
14025000 0.865592
14026000 0.865592
14027000 0.865592
14028000 0.865592
14029000 0.865592
14030000 0.865592
14031000 0.865592
14032000 0.865592
14033000 0.865592
14034000 0.865592
14035000 0.865592
14036000 0.865592
14037000 0.865592
14038000 0.865592
14039000 0.865592
14040000 0.865592
14041000 0.865592
14042000 0.865592
14043000 0.865592
14044000 0.865592
14045000 0.865592
14046000 0.865592
14047000 0.865592
14048000 0.865592
14049000 0.865592
14050000 0.865592
14051000 0.865592
14052000 0.865592
14053000 0.865592
14054000 0.865592
14055000 0.865592
14056000 0.865592
14057000 0.865592
14058000 0.865592
14059000 0.865592
14060000 0.865592
14061000 0.865592
14062000 0.865592
14063000 0.865592
14064000 0.865592
14065000 0.865592
14066000 0.865592
14067000 0.865592
14068000 0.865592
14069000 0.865592
14070000 0.865592
14071000 0.865592
14072000 0.865592
14073000 0.865592
14074000 0.865592
14075000 0.865592
14076000 0.865592
14077000 0.865592
14078000 0.865592
14079000 0.865592
14080000 0.865592
14081000 0.865592
14082000 0.865592
14083000 0.865592
14084000 0.865592
14085000 0.865592
14086000 0.865592
14087000 0.865592
14088000 0.865592
14089000 0.865592
14090000 0.865592
14091000 0.865592
14092000 0.865592
14093000 0.865592
14094000 0.865592
14095000 0.865592
14096000 0.865592
14097000 0.865592
14098000 0.865592
14099000 0.865592
14100000 0.865592
14101000 0.865592
14102000 0.865592
14103000 0.865592
14104000 0.865592
14105000 0.865592
14106000 0.865592
14107000 0.865592
14108000 0.865592
14109000 0.865592
14110000 0.865592
14111000 0.865592
14112000 0.865592
14113000 0.865592
14114000 0.865592
14115000 0.865592
14116000 0.865592
14117000 0.865592
14118000 0.865592
14119000 0.865592
14120000 0.865592
14121000 0.865592
14122000 0.865592
14123000 0.865592
14124000 0.865592
14125000 0.865592
14126000 0.865592
14127000 0.865592
14128000 0.865592
14129000 0.865592
14130000 0.865592
14131000 0.865592
14132000 0.865592
14133000 0.865592
14134000 0.865592
14135000 0.865592
14136000 0.865592
14137000 0.865592
14138000 0.865592
14139000 0.865592
14140000 0.865592
14141000 0.865592
14142000 0.865592
14143000 0.865592
14144000 0.865592
14145000 0.865592
14146000 0.865592
14147000 0.865592
14148000 0.865592
14149000 0.865592
14150000 0.865592
14151000 0.865592
14152000 0.865592
14153000 0.865592
14154000 0.865592
14155000 0.865592
14156000 0.865592
14157000 0.865592
14158000 0.865592
14159000 0.865592
14160000 0.865592
14161000 0.865592
14162000 0.865592
14163000 0.865592
14164000 0.865592
14165000 0.865592
14166000 0.865592
14167000 0.865592
14168000 0.865592
14169000 0.865592
14170000 0.865592
14171000 0.865592
14172000 0.865592
14173000 0.865592
14174000 0.865592
14175000 0.865592
14176000 0.865592
14177000 0.865592
14178000 0.865592
14179000 0.865592
14180000 0.865592
14181000 0.865592
14182000 0.865592
14183000 0.865592
14184000 0.865592
14185000 0.865592
14186000 0.865592
14187000 0.865592
14188000 0.865592
14189000 0.865592
14190000 0.865592
14191000 0.865592
14192000 0.865592
14193000 0.865592
14194000 0.865592
14195000 0.865592
14196000 0.865592
14197000 0.865592
14198000 0.865592
14199000 0.865592
14200000 0.865592
14201000 0.865592
14202000 0.865592
14203000 0.865592
14204000 0.865592
14205000 0.865592
14206000 0.865592
14207000 0.865592
14208000 0.865592
14209000 0.865592
14210000 0.865592
14211000 0.865592
14212000 0.865592
14213000 0.865592
14214000 0.865592
14215000 0.865592
14216000 0.865592
14217000 0.865592
14218000 0.865592
14219000 0.865592
14220000 0.865592
14221000 0.865592
14222000 0.865592
14223000 0.865592
14224000 0.865592
14225000 0.865592
14226000 0.865592
14227000 0.865592
14228000 0.865592
14229000 0.865592
14230000 0.865592
14231000 0.865592
14232000 0.865592
14233000 0.865592
14234000 0.865592
14235000 0.865592
14236000 0.865592
14237000 0.865592
14238000 0.865592
14239000 0.865592
14240000 0.865592
14241000 0.865592
14242000 0.865592
14243000 0.865592
14244000 0.865592
14245000 0.865592
14246000 0.865592
14247000 0.865592
14248000 0.865592
14249000 0.865592
14250000 0.865592
14251000 0.865592
14252000 0.865592
14253000 0.865592
14254000 0.865592
14255000 0.865592
14256000 0.865592
14257000 0.865592
14258000 0.865592
14259000 0.865592
14260000 0.865592
14261000 0.865592
14262000 0.865592
14263000 0.865592
14264000 0.865592
14265000 0.865592
14266000 0.865592
14267000 0.865592
14268000 0.865592
14269000 0.865592
14270000 0.865592
14271000 0.865592
14272000 0.865592
14273000 0.865592
14274000 0.865592
14275000 0.865592
14276000 0.865592
14277000 0.865592
14278000 0.865592
14279000 0.865592
14280000 0.865592
14281000 0.865592
14282000 0.865592
14283000 0.865592
14284000 0.865592
14285000 0.865592
14286000 0.865592
14287000 0.865592
14288000 0.865592
14289000 0.865592
14290000 0.865592
14291000 0.865592
14292000 0.865592
14293000 0.865592
14294000 0.865592
14295000 0.865592
14296000 0.865592
14297000 0.865592
14298000 0.865592
14299000 0.865592
14300000 0.865592
14301000 0.865592
14302000 0.865592
14303000 0.865592
14304000 0.865592
14305000 0.865592
14306000 0.865592
14307000 0.865592
14308000 0.865592
14309000 0.865592
14310000 0.865592
14311000 0.865592
14312000 0.865592
14313000 0.865592
14314000 0.865592
14315000 0.865592
14316000 0.865592
14317000 0.865592
14318000 0.865592
14319000 0.865592
14320000 0.865592
14321000 0.865592
14322000 0.865592
14323000 0.865592
14324000 0.865592
14325000 0.865592
14326000 0.865592
14327000 0.865592
14328000 0.865592
14329000 0.865592
14330000 0.865592
14331000 0.865592
14332000 0.865592
14333000 0.865592
14334000 0.865592
14335000 0.865592
14336000 0.865592
14337000 0.865592
14338000 0.865592
14339000 0.865592
14340000 0.865592
14341000 0.865592
14342000 0.865592
14343000 0.865592
14344000 0.865592
14345000 0.865592
14346000 0.865592
14347000 0.865592
14348000 0.865592
14349000 0.865592
14350000 0.865592
14351000 0.865592
14352000 0.865592
14353000 0.865592
14354000 0.865592
14355000 0.865592
14356000 0.865592
14357000 0.865592
14358000 0.865592
14359000 0.865592
14360000 0.865592
14361000 0.865592
14362000 0.865592
14363000 0.865592
14364000 0.865592
14365000 0.865592
14366000 0.865592
14367000 0.865592
14368000 0.865592
14369000 0.865592
14370000 0.865592
14371000 0.865592
14372000 0.865592
14373000 0.865592
14374000 0.865592
14375000 0.865592
14376000 0.865592
14377000 0.865592
14378000 0.865592
14379000 0.865592
14380000 0.865592
14381000 0.865592
14382000 0.865592
14383000 0.865592
14384000 0.865592
14385000 0.865592
14386000 0.865592
14387000 0.865592
14388000 0.865592
14389000 0.865592
14390000 0.865592
14391000 0.865592
14392000 0.865592
14393000 0.865592
14394000 0.865592
14395000 0.865592
14396000 0.865592
14397000 0.865592
14398000 0.865592
14399000 0.865592
14400000 0.865592
14401000 0.865592
14402000 0.865592
14403000 0.865592
14404000 0.865592
14405000 0.865592
14406000 0.865592
14407000 0.865592
14408000 0.865592
14409000 0.865592
14410000 0.865592
14411000 0.865592
14412000 0.865592
14413000 0.865592
14414000 0.865592
14415000 0.865592
14416000 0.865592
14417000 0.865592
14418000 0.865592
14419000 0.865592
14420000 0.865592
14421000 0.865592
14422000 0.865592
14423000 0.865592
14424000 0.865592
14425000 0.865592
14426000 0.865592
14427000 0.865592
14428000 0.865592
14429000 0.865592
14430000 0.865592
14431000 0.865592
14432000 0.865592
14433000 0.865592
14434000 0.865592
14435000 0.865592
14436000 0.865592
14437000 0.865592
14438000 0.865592
14439000 0.865592
14440000 0.865592
14441000 0.865592
14442000 0.865592
14443000 0.865592
14444000 0.865592
14445000 0.865592
14446000 0.865592
14447000 0.865592
14448000 0.865592
14449000 0.865592
14450000 0.865592
14451000 0.865592
14452000 0.865592
14453000 0.865592
14454000 0.865592
14455000 0.865592
14456000 0.865592
14457000 0.865592
14458000 0.865592
14459000 0.865592
14460000 0.865592
14461000 0.865592
14462000 0.865592
14463000 0.865592
14464000 0.865592
14465000 0.865592
14466000 0.865592
14467000 0.865592
14468000 0.865592
14469000 0.865592
14470000 0.865592
14471000 0.865592
14472000 0.865592
14473000 0.865592
14474000 0.865592
14475000 0.865592
14476000 0.865592
14477000 0.865592
14478000 0.865592
14479000 0.865592
14480000 0.865592
14481000 0.865592
14482000 0.865592
14483000 0.865592
14484000 0.865592
14485000 0.865592
14486000 0.865592
14487000 0.865592
14488000 0.865592
14489000 0.865592
14490000 0.865592
14491000 0.865592
14492000 0.865592
14493000 0.865592
14494000 0.865592
14495000 0.865592
14496000 0.865592
14497000 0.865592
14498000 0.865592
14499000 0.865592
14500000 0.865592
14501000 0.865592
14502000 0.865592
14503000 0.865592
14504000 0.865592
14505000 0.865592
14506000 0.865592
14507000 0.865592
14508000 0.865592
14509000 0.865592
14510000 0.865592
14511000 0.865592
14512000 0.865592
14513000 0.865592
14514000 0.865592
14515000 0.865592
14516000 0.865592
14517000 0.865592
14518000 0.865592
14519000 0.865592
14520000 0.865592
14521000 0.865592
14522000 0.865592
14523000 0.865592
14524000 0.865592
14525000 0.865592
14526000 0.865592
14527000 0.865592
14528000 0.865592
14529000 0.865592
14530000 0.865592
14531000 0.865592
14532000 0.865592
14533000 0.865592
14534000 0.865592
14535000 0.865592
14536000 0.865592
14537000 0.865592
14538000 0.865592
14539000 0.865592
14540000 0.865592
14541000 0.865592
14542000 0.865592
14543000 0.865592
14544000 0.865592
14545000 0.865592
14546000 0.865592
14547000 0.865592
14548000 0.865592
14549000 0.865592
14550000 0.865592
14551000 0.865592
14552000 0.865592
14553000 0.865592
14554000 0.865592
14555000 0.865592
14556000 0.865592
14557000 0.865592
14558000 0.865592
14559000 0.865592
14560000 0.865592
14561000 0.865592
14562000 0.865592
14563000 0.865592
14564000 0.865592
14565000 0.865592
14566000 0.865592
14567000 0.865592
14568000 0.865592
14569000 0.865592
14570000 0.865592
14571000 0.865592
14572000 0.865592
14573000 0.865592
14574000 0.865592
14575000 0.865592
14576000 0.865592
14577000 0.865592
14578000 0.865592
14579000 0.865592
14580000 0.865592
14581000 0.865592
14582000 0.865592
14583000 0.865592
14584000 0.865592
14585000 0.865592
14586000 0.865592
14587000 0.865592
14588000 0.865592
14589000 0.865592
14590000 0.865592
14591000 0.865592
14592000 0.865592
14593000 0.865592
14594000 0.865592
14595000 0.865592
14596000 0.865592
14597000 0.865592
14598000 0.865592
14599000 0.865592
14600000 0.865592
14601000 0.865592
14602000 0.865592
14603000 0.865592
14604000 0.865592
14605000 0.865592
14606000 0.865592
14607000 0.865592
14608000 0.865592
14609000 0.865592
14610000 0.865592
14611000 0.865592
14612000 0.865592
14613000 0.865592
14614000 0.865592
14615000 0.865592
14616000 0.865592
14617000 0.865592
14618000 0.865592
14619000 0.865592
14620000 0.865592
14621000 0.865592
14622000 0.865592
14623000 0.865592
14624000 0.865592
14625000 0.865592
14626000 0.865592
14627000 0.865592
14628000 0.865592
14629000 0.865592
14630000 0.865592
14631000 0.865592
14632000 0.865592
14633000 0.865592
14634000 0.865592
14635000 0.865592
14636000 0.865592
14637000 0.865592
14638000 0.865592
14639000 0.865592
14640000 0.865592
14641000 0.865592
14642000 0.865592
14643000 0.865592
14644000 0.865592
14645000 0.865592
14646000 0.865592
14647000 0.865592
14648000 0.865592
14649000 0.865592
14650000 0.865592
14651000 0.865592
14652000 0.865592
14653000 0.865592
14654000 0.865592
14655000 0.865592
14656000 0.865592
14657000 0.865592
14658000 0.865592
14659000 0.865592
14660000 0.865592
14661000 0.865592
14662000 0.865592
14663000 0.865592
14664000 0.865592
14665000 0.865592
14666000 0.865592
14667000 0.865592
14668000 0.865592
14669000 0.865592
14670000 0.865592
14671000 0.865592
14672000 0.865592
14673000 0.865592
14674000 0.865592
14675000 0.865592
14676000 0.865592
14677000 0.865592
14678000 0.865592
14679000 0.865592
14680000 0.865592
14681000 0.865592
14682000 0.865592
14683000 0.865592
14684000 0.865592
14685000 0.865592
14686000 0.865592
14687000 0.865592
14688000 0.865592
14689000 0.865592
14690000 0.865592
14691000 0.865592
14692000 0.865592
14693000 0.865592
14694000 0.865592
14695000 0.865592
14696000 0.865592
14697000 0.865592
14698000 0.865592
14699000 0.865592
14700000 0.865592
14701000 0.865592
14702000 0.865592
14703000 0.865592
14704000 0.865592
14705000 0.865592
14706000 0.865592
14707000 0.865592
14708000 0.865592
14709000 0.865592
14710000 0.865592
14711000 0.865592
14712000 0.865592
14713000 0.865592
14714000 0.865592
14715000 0.865592
14716000 0.865592
14717000 0.865592
14718000 0.865592
14719000 0.865592
14720000 0.865592
14721000 0.865592
14722000 0.865592
14723000 0.865592
14724000 0.865592
14725000 0.865592
14726000 0.865592
14727000 0.865592
14728000 0.865592
14729000 0.865592
14730000 0.865592
14731000 0.865592
14732000 0.865592
14733000 0.865592
14734000 0.865592
14735000 0.865592
14736000 0.865592
14737000 0.865592
14738000 0.865592
14739000 0.865592
14740000 0.865592
14741000 0.865592
14742000 0.865592
14743000 0.865592
14744000 0.865592
14745000 0.865592
14746000 0.865592
14747000 0.865592
14748000 0.865592
14749000 0.865592
14750000 0.865592
14751000 0.865592
14752000 0.865592
14753000 0.865592
14754000 0.865592
14755000 0.865592
14756000 0.865592
14757000 0.865592
14758000 0.865592
14759000 0.865592
14760000 0.865592
14761000 0.865592
14762000 0.865592
14763000 0.865592
14764000 0.865592
14765000 0.865592
14766000 0.865592
14767000 0.865592
14768000 0.865592
14769000 0.865592
14770000 0.865592
14771000 0.865592
14772000 0.865592
14773000 0.865592
14774000 0.865592
14775000 0.865592
14776000 0.865592
14777000 0.865592
14778000 0.865592
14779000 0.865592
14780000 0.865592
14781000 0.865592
14782000 0.865592
14783000 0.865592
14784000 0.865592
14785000 0.865592
14786000 0.865592
14787000 0.865592
14788000 0.865592
14789000 0.865592
14790000 0.865592
14791000 0.865592
14792000 0.865592
14793000 0.865592
14794000 0.865592
14795000 0.865592
14796000 0.865592
14797000 0.865592
14798000 0.865592
14799000 0.865592
14800000 0.865592
14801000 0.865592
14802000 0.865592
14803000 0.865592
14804000 0.865592
14805000 0.865592
14806000 0.865592
14807000 0.865592
14808000 0.865592
14809000 0.865592
14810000 0.865592
14811000 0.865592
14812000 0.865592
14813000 0.865592
14814000 0.865592
14815000 0.865592
14816000 0.865592
14817000 0.865592
14818000 0.865592
14819000 0.865592
14820000 0.865592
14821000 0.865592
14822000 0.865592
14823000 0.865592
14824000 0.865592
14825000 0.865592
14826000 0.865592
14827000 0.865592
14828000 0.865592
14829000 0.865592
14830000 0.865592
14831000 0.865592
14832000 0.865592
14833000 0.865592
14834000 0.865592
14835000 0.865592
14836000 0.865592
14837000 0.865592
14838000 0.865592
14839000 0.865592
14840000 0.865592
14841000 0.865592
14842000 0.865592
14843000 0.865592
14844000 0.865592
14845000 0.865592
14846000 0.865592
14847000 0.865592
14848000 0.865592
14849000 0.865592
14850000 0.865592
14851000 0.865592
14852000 0.865592
14853000 0.865592
14854000 0.865592
14855000 0.865592
14856000 0.865592
14857000 0.865592
14858000 0.865592
14859000 0.865592
14860000 0.865592
14861000 0.865592
14862000 0.865592
14863000 0.865592
14864000 0.865592
14865000 0.865592
14866000 0.865592
14867000 0.865592
14868000 0.865592
14869000 0.865592
14870000 0.865592
14871000 0.865592
14872000 0.865592
14873000 0.865592
14874000 0.865592
14875000 0.865592
14876000 0.865592
14877000 0.865592
14878000 0.865592
14879000 0.865592
14880000 0.865592
14881000 0.865592
14882000 0.865592
14883000 0.865592
14884000 0.865592
14885000 0.865592
14886000 0.865592
14887000 0.865592
14888000 0.865592
14889000 0.865592
14890000 0.865592
14891000 0.865592
14892000 0.865592
14893000 0.865592
14894000 0.865592
14895000 0.865592
14896000 0.865592
14897000 0.865592
14898000 0.865592
14899000 0.865592
14900000 0.865592
14901000 0.865592
14902000 0.865592
14903000 0.865592
14904000 0.865592
14905000 0.865592
14906000 0.865592
14907000 0.865592
14908000 0.865592
14909000 0.865592
14910000 0.865592
14911000 0.865592
14912000 0.865592
14913000 0.865592
14914000 0.865592
14915000 0.865592
14916000 0.865592
14917000 0.865592
14918000 0.865592
14919000 0.865592
14920000 0.865592
14921000 0.865592
14922000 0.865592
14923000 0.865592
14924000 0.865592
14925000 0.865592
14926000 0.865592
14927000 0.865592
14928000 0.865592
14929000 0.865592
14930000 0.865592
14931000 0.865592
14932000 0.865592
14933000 0.865592
14934000 0.865592
14935000 0.865592
14936000 0.865592
14937000 0.865592
14938000 0.865592
14939000 0.865592
14940000 0.865592
14941000 0.865592
14942000 0.865592
14943000 0.865592
14944000 0.865592
14945000 0.865592
14946000 0.865592
14947000 0.865592
14948000 0.865592
14949000 0.865592
14950000 0.865592
14951000 0.865592
14952000 0.865592
14953000 0.865592
14954000 0.865592
14955000 0.865592
14956000 0.865592
14957000 0.865592
14958000 0.865592
14959000 0.865592
14960000 0.865592
14961000 0.865592
14962000 0.865592
14963000 0.865592
14964000 0.865592
14965000 0.865592
14966000 0.865592
14967000 0.865592
14968000 0.865592
14969000 0.865592
14970000 0.865592
14971000 0.865592
14972000 0.865592
14973000 0.865592
14974000 0.865592
14975000 0.865592
14976000 0.865592
14977000 0.865592
14978000 0.865592
14979000 0.865592
14980000 0.865592
14981000 0.865592
14982000 0.865592
14983000 0.865592
14984000 0.865592
14985000 0.865592
14986000 0.865592
14987000 0.865592
14988000 0.865592
14989000 0.865592
14990000 0.865592
14991000 0.865592
14992000 0.865592
14993000 0.865592
14994000 0.865592
14995000 0.865592
14996000 0.865592
14997000 0.865592
14998000 0.865592
14999000 0.865592
15000000 0.865592
15001000 0.865592
15002000 0.865592
15003000 0.865592
15004000 0.865592
15005000 0.865592
15006000 0.865592
15007000 0.865592
15008000 0.865592
15009000 0.865592
15010000 0.865592
15011000 0.865592
15012000 0.865592
15013000 0.865592
15014000 0.865592
15015000 0.865592
15016000 0.865592
15017000 0.865592
15018000 0.865592
15019000 0.865592
15020000 0.865592
15021000 0.865592
15022000 0.865592
15023000 0.865592
15024000 0.865592
15025000 0.865592
15026000 0.865592
15027000 0.865592
15028000 0.865592
15029000 0.865592
15030000 0.865592
15031000 0.865592
15032000 0.865592
15033000 0.865592
15034000 0.865592
15035000 0.865592
15036000 0.865592
15037000 0.865592
15038000 0.865592
15039000 0.865592
15040000 0.865592
15041000 0.865592
15042000 0.865592
15043000 0.865592
15044000 0.865592
15045000 0.865592
15046000 0.865592
15047000 0.865592
15048000 0.865592
15049000 0.865592
15050000 0.865592
15051000 0.865592
15052000 0.865592
15053000 0.865592
15054000 0.865592
15055000 0.865592
15056000 0.865592
15057000 0.865592
15058000 0.865592
15059000 0.865592
15060000 0.865592
15061000 0.865592
15062000 0.865592
15063000 0.865592
15064000 0.865592
15065000 0.865592
15066000 0.865592
15067000 0.865592
15068000 0.865592
15069000 0.865592
15070000 0.865592
15071000 0.865592
15072000 0.865592
15073000 0.865592
15074000 0.865592
15075000 0.865592
15076000 0.865592
15077000 0.865592
15078000 0.865592
15079000 0.865592
15080000 0.865592
15081000 0.865592
15082000 0.865592
15083000 0.865592
15084000 0.865592
15085000 0.865592
15086000 0.865592
15087000 0.865592
15088000 0.865592
15089000 0.865592
15090000 0.865592
15091000 0.865592
15092000 0.865592
15093000 0.865592
15094000 0.865592
15095000 0.865592
15096000 0.865592
15097000 0.865592
15098000 0.865592
15099000 0.865592
15100000 0.865592
15101000 0.865592
15102000 0.865592
15103000 0.865592
15104000 0.865592
15105000 0.865592
15106000 0.865592
15107000 0.865592
15108000 0.865592
15109000 0.865592
15110000 0.865592
15111000 0.865592
15112000 0.865592
15113000 0.865592
15114000 0.865592
15115000 0.865592
15116000 0.865592
15117000 0.865592
15118000 0.865592
15119000 0.865592
15120000 0.865592
15121000 0.865592
15122000 0.865592
15123000 0.865592
15124000 0.865592
15125000 0.865592
15126000 0.865592
15127000 0.865592
15128000 0.865592
15129000 0.865592
15130000 0.865592
15131000 0.865592
15132000 0.865592
15133000 0.865592
15134000 0.865592
15135000 0.865592
15136000 0.865592
15137000 0.865592
15138000 0.865592
15139000 0.865592
15140000 0.865592
15141000 0.865592
15142000 0.865592
15143000 0.865592
15144000 0.865592
15145000 0.865592
15146000 0.865592
15147000 0.865592
15148000 0.865592
15149000 0.865592
15150000 0.865592
15151000 0.865592
15152000 0.865592
15153000 0.865592
15154000 0.865592
15155000 0.865592
15156000 0.865592
15157000 0.865592
15158000 0.865592
15159000 0.865592
15160000 0.865592
15161000 0.865592
15162000 0.865592
15163000 0.865592
15164000 0.865592
15165000 0.865592
15166000 0.865592
15167000 0.865592
15168000 0.865592
15169000 0.865592
15170000 0.865592
15171000 0.865592
15172000 0.865592
15173000 0.865592
15174000 0.865592
15175000 0.865592
15176000 0.865592
15177000 0.865592
15178000 0.865592
15179000 0.865592
15180000 0.865592
15181000 0.865592
15182000 0.865592
15183000 0.865592
15184000 0.865592
15185000 0.865592
15186000 0.865592
15187000 0.865592
15188000 0.865592
15189000 0.865592
15190000 0.865592
15191000 0.865592
15192000 0.865592
15193000 0.865592
15194000 0.865592
15195000 0.865592
15196000 0.865592
15197000 0.865592
15198000 0.865592
15199000 0.865592
15200000 0.865592
15201000 0.865592
15202000 0.865592
15203000 0.865592
15204000 0.865592
15205000 0.865592
15206000 0.865592
15207000 0.865592
15208000 0.865592
15209000 0.865592
15210000 0.865592
15211000 0.865592
15212000 0.865592
15213000 0.865592
15214000 0.865592
15215000 0.865592
15216000 0.865592
15217000 0.865592
15218000 0.865592
15219000 0.865592
15220000 0.865592
15221000 0.865592
15222000 0.865592
15223000 0.865592
15224000 0.865592
15225000 0.865592
15226000 0.865592
15227000 0.865592
15228000 0.865592
15229000 0.865592
15230000 0.865592
15231000 0.865592
15232000 0.865592
15233000 0.865592
15234000 0.865592
15235000 0.865592
15236000 0.865592
15237000 0.865592
15238000 0.865592
15239000 0.865592
15240000 0.865592
15241000 0.865592
15242000 0.865592
15243000 0.865592
15244000 0.865592
15245000 0.865592
15246000 0.865592
15247000 0.865592
15248000 0.865592
15249000 0.865592
15250000 0.865592
15251000 0.865592
15252000 0.865592
15253000 0.865592
15254000 0.865592
15255000 0.865592
15256000 0.865592
15257000 0.865592
15258000 0.865592
15259000 0.865592
15260000 0.865592
15261000 0.865592
15262000 0.865592
15263000 0.865592
15264000 0.865592
15265000 0.865592
15266000 0.865592
15267000 0.865592
15268000 0.865592
15269000 0.865592
15270000 0.865592
15271000 0.865592
15272000 0.865592
15273000 0.865592
15274000 0.865592
15275000 0.865592
15276000 0.865592
15277000 0.865592
15278000 0.865592
15279000 0.865592
15280000 0.865592
15281000 0.865592
15282000 0.865592
15283000 0.865592
15284000 0.865592
15285000 0.865592
15286000 0.865592
15287000 0.865592
15288000 0.865592
15289000 0.865592
15290000 0.865592
15291000 0.865592
15292000 0.865592
15293000 0.865592
15294000 0.865592
15295000 0.865592
15296000 0.865592
15297000 0.865592
15298000 0.865592
15299000 0.865592
15300000 0.865592
15301000 0.865592
15302000 0.865592
15303000 0.865592
15304000 0.865592
15305000 0.865592
15306000 0.865592
15307000 0.865592
15308000 0.865592
15309000 0.865592
15310000 0.865592
15311000 0.865592
15312000 0.865592
15313000 0.865592
15314000 0.865592
15315000 0.865592
15316000 0.865592
15317000 0.865592
15318000 0.865592
15319000 0.865592
15320000 0.865592
15321000 0.865592
15322000 0.865592
15323000 0.865592
15324000 0.865592
15325000 0.865592
15326000 0.865592
15327000 0.865592
15328000 0.865592
15329000 0.865592
15330000 0.865592
15331000 0.865592
15332000 0.865592
15333000 0.865592
15334000 0.865592
15335000 0.865592
15336000 0.865592
15337000 0.865592
15338000 0.865592
15339000 0.865592
15340000 0.865592
15341000 0.865592
15342000 0.865592
15343000 0.865592
15344000 0.865592
15345000 0.865592
15346000 0.865592
15347000 0.865592
15348000 0.865592
15349000 0.865592
15350000 0.865592
15351000 0.865592
15352000 0.865592
15353000 0.865592
15354000 0.865592
15355000 0.865592
15356000 0.865592
15357000 0.865592
15358000 0.865592
15359000 0.865592
15360000 0.865592
15361000 0.865592
15362000 0.865592
15363000 0.865592
15364000 0.865592
15365000 0.865592
15366000 0.865592
15367000 0.865592
15368000 0.865592
15369000 0.865592
15370000 0.865592
15371000 0.865592
15372000 0.865592
15373000 0.865592
15374000 0.865592
15375000 0.865592
15376000 0.865592
15377000 0.865592
15378000 0.865592
15379000 0.865592
15380000 0.865592
15381000 0.865592
15382000 0.865592
15383000 0.865592
15384000 0.865592
15385000 0.865592
15386000 0.865592
15387000 0.865592
15388000 0.865592
15389000 0.865592
15390000 0.865592
15391000 0.865592
15392000 0.865592
15393000 0.865592
15394000 0.865592
15395000 0.865592
15396000 0.865592
15397000 0.865592
15398000 0.865592
15399000 0.865592
15400000 0.865592
15401000 0.865592
15402000 0.865592
15403000 0.865592
15404000 0.865592
15405000 0.865592
15406000 0.865592
15407000 0.865592
15408000 0.865592
15409000 0.865592
15410000 0.865592
15411000 0.865592
15412000 0.865592
15413000 0.865592
15414000 0.865592
15415000 0.865592
15416000 0.865592
15417000 0.865592
15418000 0.865592
15419000 0.865592
15420000 0.865592
15421000 0.865592
15422000 0.865592
15423000 0.865592
15424000 0.865592
15425000 0.865592
15426000 0.865592
15427000 0.865592
15428000 0.865592
15429000 0.865592
15430000 0.865592
15431000 0.865592
15432000 0.865592
15433000 0.865592
15434000 0.865592
15435000 0.865592
15436000 0.865592
15437000 0.865592
15438000 0.865592
15439000 0.865592
15440000 0.865592
15441000 0.865592
15442000 0.865592
15443000 0.865592
15444000 0.865592
15445000 0.865592
15446000 0.865592
15447000 0.865592
15448000 0.865592
15449000 0.865592
15450000 0.865592
15451000 0.865592
15452000 0.865592
15453000 0.865592
15454000 0.865592
15455000 0.865592
15456000 0.865592
15457000 0.865592
15458000 0.865592
15459000 0.865592
15460000 0.865592
15461000 0.865592
15462000 0.865592
15463000 0.865592
15464000 0.865592
15465000 0.865592
15466000 0.865592
15467000 0.865592
15468000 0.865592
15469000 0.865592
15470000 0.865592
15471000 0.865592
15472000 0.865592
15473000 0.865592
15474000 0.865592
15475000 0.865592
15476000 0.865592
15477000 0.865592
15478000 0.865592
15479000 0.865592
15480000 0.865592
15481000 0.865592
15482000 0.865592
15483000 0.865592
15484000 0.865592
15485000 0.865592
15486000 0.865592
15487000 0.865592
15488000 0.865592
15489000 0.865592
15490000 0.865592
15491000 0.865592
15492000 0.865592
15493000 0.865592
15494000 0.865592
15495000 0.865592
15496000 0.865592
15497000 0.865592
15498000 0.865592
15499000 0.865592
15500000 0.865592
15501000 0.865592
15502000 0.865592
15503000 0.865592
15504000 0.865592
15505000 0.865592
15506000 0.865592
15507000 0.865592
15508000 0.865592
15509000 0.865592
15510000 0.865592
15511000 0.865592
15512000 0.865592
15513000 0.865592
15514000 0.865592
15515000 0.865592
15516000 0.865592
15517000 0.865592
15518000 0.865592
15519000 0.865592
15520000 0.865592
15521000 0.865592
15522000 0.865592
15523000 0.865592
15524000 0.865592
15525000 0.865592
15526000 0.865592
15527000 0.865592
15528000 0.865592
15529000 0.865592
15530000 0.865592
15531000 0.865592
15532000 0.865592
15533000 0.865592
15534000 0.865592
15535000 0.865592
15536000 0.865592
15537000 0.865592
15538000 0.865592
15539000 0.865592
15540000 0.865592
15541000 0.865592
15542000 0.865592
15543000 0.865592
15544000 0.865592
15545000 0.865592
15546000 0.865592
15547000 0.865592
15548000 0.865592
15549000 0.865592
15550000 0.865592
15551000 0.865592
15552000 0.865592
15553000 0.865592
15554000 0.865592
15555000 0.865592
15556000 0.865592
15557000 0.865592
15558000 0.865592
15559000 0.865592
15560000 0.865592
15561000 0.865592
15562000 0.865592
15563000 0.865592
15564000 0.865592
15565000 0.865592
15566000 0.865592
15567000 0.865592
15568000 0.865592
15569000 0.865592
15570000 0.865592
15571000 0.865592
15572000 0.865592
15573000 0.865592
15574000 0.865592
15575000 0.865592
15576000 0.865592
15577000 0.865592
15578000 0.865592
15579000 0.865592
15580000 0.865592
15581000 0.865592
15582000 0.865592
15583000 0.865592
15584000 0.865592
15585000 0.865592
15586000 0.865592
15587000 0.865592
15588000 0.865592
15589000 0.865592
15590000 0.865592
15591000 0.865592
15592000 0.865592
15593000 0.865592
15594000 0.865592
15595000 0.865592
15596000 0.865592
15597000 0.865592
15598000 0.865592
15599000 0.865592
15600000 0.865592
15601000 0.865592
15602000 0.865592
15603000 0.865592
15604000 0.865592
15605000 0.865592
15606000 0.865592
15607000 0.865592
15608000 0.865592
15609000 0.865592
15610000 0.865592
15611000 0.865592
15612000 0.865592
15613000 0.865592
15614000 0.865592
15615000 0.865592
15616000 0.865592
15617000 0.865592
15618000 0.865592
15619000 0.865592
15620000 0.865592
15621000 0.865592
15622000 0.865592
15623000 0.865592
15624000 0.865592
15625000 0.865592
15626000 0.865592
15627000 0.865592
15628000 0.865592
15629000 0.865592
15630000 0.865592
15631000 0.865592
15632000 0.865592
15633000 0.865592
15634000 0.865592
15635000 0.865592
15636000 0.865592
15637000 0.865592
15638000 0.865592
15639000 0.865592
15640000 0.865592
15641000 0.865592
15642000 0.865592
15643000 0.865592
15644000 0.865592
15645000 0.865592
15646000 0.865592
15647000 0.865592
15648000 0.865592
15649000 0.865592
15650000 0.865592
15651000 0.865592
15652000 0.865592
15653000 0.865592
15654000 0.865592
15655000 0.865592
15656000 0.865592
15657000 0.865592
15658000 0.865592
15659000 0.865592
15660000 0.865592
15661000 0.865592
15662000 0.865592
15663000 0.865592
15664000 0.865592
15665000 0.865592
15666000 0.865592
15667000 0.865592
15668000 0.865592
15669000 0.865592
15670000 0.865592
15671000 0.865592
15672000 0.865592
15673000 0.865592
15674000 0.865592
15675000 0.865592
15676000 0.865592
15677000 0.865592
15678000 0.865592
15679000 0.865592
15680000 0.865592
15681000 0.865592
15682000 0.865592
15683000 0.865592
15684000 0.865592
15685000 0.865592
15686000 0.865592
15687000 0.865592
15688000 0.865592
15689000 0.865592
15690000 0.865592
15691000 0.865592
15692000 0.865592
15693000 0.865592
15694000 0.865592
15695000 0.865592
15696000 0.865592
15697000 0.865592
15698000 0.865592
15699000 0.865592
15700000 0.865592
15701000 0.865592
15702000 0.865592
15703000 0.865592
15704000 0.865592
15705000 0.865592
15706000 0.865592
15707000 0.865592
15708000 0.865592
15709000 0.865592
15710000 0.865592
15711000 0.865592
15712000 0.865592
15713000 0.865592
15714000 0.865592
15715000 0.865592
15716000 0.865592
15717000 0.865592
15718000 0.865592
15719000 0.865592
15720000 0.865592
15721000 0.865592
15722000 0.865592
15723000 0.865592
15724000 0.865592
15725000 0.865592
15726000 0.865592
15727000 0.865592
15728000 0.865592
15729000 0.865592
15730000 0.865592
15731000 0.865592
15732000 0.865592
15733000 0.865592
15734000 0.865592
15735000 0.865592
15736000 0.865592
15737000 0.865592
15738000 0.865592
15739000 0.865592
15740000 0.865592
15741000 0.865592
15742000 0.865592
15743000 0.865592
15744000 0.865592
15745000 0.865592
15746000 0.865592
15747000 0.865592
15748000 0.865592
15749000 0.865592
15750000 0.865592
15751000 0.865592
15752000 0.865592
15753000 0.865592
15754000 0.865592
15755000 0.865592
15756000 0.865592
15757000 0.865592
15758000 0.865592
15759000 0.865592
15760000 0.865592
15761000 0.865592
15762000 0.865592
15763000 0.865592
15764000 0.865592
15765000 0.865592
15766000 0.865592
15767000 0.865592
15768000 0.865592
15769000 0.865592
15770000 0.865592
15771000 0.865592
15772000 0.865592
15773000 0.865592
15774000 0.865592
15775000 0.865592
15776000 0.865592
15777000 0.865592
15778000 0.865592
15779000 0.865592
15780000 0.865592
15781000 0.865592
15782000 0.865592
15783000 0.865592
15784000 0.865592
15785000 0.865592
15786000 0.865592
15787000 0.865592
15788000 0.865592
15789000 0.865592
15790000 0.865592
15791000 0.865592
15792000 0.865592
15793000 0.865592
15794000 0.865592
15795000 0.865592
15796000 0.865592
15797000 0.865592
15798000 0.865592
15799000 0.865592
15800000 0.865592
15801000 0.865592
15802000 0.865592
15803000 0.865592
15804000 0.865592
15805000 0.865592
15806000 0.865592
15807000 0.865592
15808000 0.865592
15809000 0.865592
15810000 0.865592
15811000 0.865592
15812000 0.865592
15813000 0.865592
15814000 0.865592
15815000 0.865592
15816000 0.865592
15817000 0.865592
15818000 0.865592
15819000 0.865592
15820000 0.865592
15821000 0.865592
15822000 0.865592
15823000 0.865592
15824000 0.865592
15825000 0.865592
15826000 0.865592
15827000 0.865592
15828000 0.865592
15829000 0.865592
15830000 0.865592
15831000 0.865592
15832000 0.865592
15833000 0.865592
15834000 0.865592
15835000 0.865592
15836000 0.865592
15837000 0.865592
15838000 0.865592
15839000 0.865592
15840000 0.865592
15841000 0.865592
15842000 0.865592
15843000 0.865592
15844000 0.865592
15845000 0.865592
15846000 0.865592
15847000 0.865592
15848000 0.865592
15849000 0.865592
15850000 0.865592
15851000 0.865592
15852000 0.865592
15853000 0.865592
15854000 0.865592
15855000 0.865592
15856000 0.865592
15857000 0.865592
15858000 0.865592
15859000 0.865592
15860000 0.865592
15861000 0.865592
15862000 0.865592
15863000 0.865592
15864000 0.865592
15865000 0.865592
15866000 0.865592
15867000 0.865592
15868000 0.865592
15869000 0.865592
15870000 0.865592
15871000 0.865592
15872000 0.865592
15873000 0.865592
15874000 0.865592
15875000 0.865592
15876000 0.865592
15877000 0.865592
15878000 0.865592
15879000 0.865592
15880000 0.865592
15881000 0.865592
15882000 0.865592
15883000 0.865592
15884000 0.865592
15885000 0.865592
15886000 0.865592
15887000 0.865592
15888000 0.865592
15889000 0.865592
15890000 0.865592
15891000 0.865592
15892000 0.865592
15893000 0.865592
15894000 0.865592
15895000 0.865592
15896000 0.865592
15897000 0.865592
15898000 0.865592
15899000 0.865592
15900000 0.865592
15901000 0.865592
15902000 0.865592
15903000 0.865592
15904000 0.865592
15905000 0.865592
15906000 0.865592
15907000 0.865592
15908000 0.865592
15909000 0.865592
15910000 0.865592
15911000 0.865592
15912000 0.865592
15913000 0.865592
15914000 0.865592
15915000 0.865592
15916000 0.865592
15917000 0.865592
15918000 0.865592
15919000 0.865592
15920000 0.865592
15921000 0.865592
15922000 0.865592
15923000 0.865592
15924000 0.865592
15925000 0.865592
15926000 0.865592
15927000 0.865592
15928000 0.865592
15929000 0.865592
15930000 0.865592
15931000 0.865592
15932000 0.865592
15933000 0.865592
15934000 0.865592
15935000 0.865592
15936000 0.865592
15937000 0.865592
15938000 0.865592
15939000 0.865592
15940000 0.865592
15941000 0.865592
15942000 0.865592
15943000 0.865592
15944000 0.865592
15945000 0.865592
15946000 0.865592
15947000 0.865592
15948000 0.865592
15949000 0.865592
15950000 0.865592
15951000 0.865592
15952000 0.865592
15953000 0.865592
15954000 0.865592
15955000 0.865592
15956000 0.865592
15957000 0.865592
15958000 0.865592
15959000 0.865592
15960000 0.865592
15961000 0.865592
15962000 0.865592
15963000 0.865592
15964000 0.865592
15965000 0.865592
15966000 0.865592
15967000 0.865592
15968000 0.865592
15969000 0.865592
15970000 0.865592
15971000 0.865592
15972000 0.865592
15973000 0.865592
15974000 0.865592
15975000 0.865592
15976000 0.865592
15977000 0.865592
15978000 0.865592
15979000 0.865592
15980000 0.865592
15981000 0.865592
15982000 0.865592
15983000 0.865592
15984000 0.865592
15985000 0.865592
15986000 0.865592
15987000 0.865592
15988000 0.865592
15989000 0.865592
15990000 0.865592
15991000 0.865592
15992000 0.865592
15993000 0.865592
15994000 0.865592
15995000 0.865592
15996000 0.865592
15997000 0.865592
15998000 0.865592
15999000 0.865592
16000000 0.865592
16001000 0.865592
16002000 0.865592
16003000 0.865592
16004000 0.865592
16005000 0.865592
16006000 0.865592
16007000 0.865592
16008000 0.865592
16009000 0.865592
16010000 0.865592
16011000 0.865592
16012000 0.865592
16013000 0.865592
16014000 0.865592
16015000 0.865592
16016000 0.865592
16017000 0.865592
16018000 0.865592
16019000 0.865592
16020000 0.865592
16021000 0.865592
16022000 0.865592
16023000 0.865592
16024000 0.865592
16025000 0.865592
16026000 0.865592
16027000 0.865592
16028000 0.865592
16029000 0.865592
16030000 0.865592
16031000 0.865592
16032000 0.865592
16033000 0.865592
16034000 0.865592
16035000 0.865592
16036000 0.865592
16037000 0.865592
16038000 0.865592
16039000 0.865592
16040000 0.865592
16041000 0.865592
16042000 0.865592
16043000 0.865592
16044000 0.865592
16045000 0.865592
16046000 0.865592
16047000 0.865592
16048000 0.865592
16049000 0.865592
16050000 0.865592
16051000 0.865592
16052000 0.865592
16053000 0.865592
16054000 0.865592
16055000 0.865592
16056000 0.865592
16057000 0.865592
16058000 0.865592
16059000 0.865592
16060000 0.865592
16061000 0.865592
16062000 0.865592
16063000 0.865592
16064000 0.865592
16065000 0.865592
16066000 0.865592
16067000 0.865592
16068000 0.865592
16069000 0.865592
16070000 0.865592
16071000 0.865592
16072000 0.865592
16073000 0.865592
16074000 0.865592
16075000 0.865592
16076000 0.865592
16077000 0.865592
16078000 0.865592
16079000 0.865592
16080000 0.865592
16081000 0.865592
16082000 0.865592
16083000 0.865592
16084000 0.865592
16085000 0.865592
16086000 0.865592
16087000 0.865592
16088000 0.865592
16089000 0.865592
16090000 0.865592
16091000 0.865592
16092000 0.865592
16093000 0.865592
16094000 0.865592
16095000 0.865592
16096000 0.865592
16097000 0.865592
16098000 0.865592
16099000 0.865592
16100000 0.865592
16101000 0.865592
16102000 0.865592
16103000 0.865592
16104000 0.865592
16105000 0.865592
16106000 0.865592
16107000 0.865592
16108000 0.865592
16109000 0.865592
16110000 0.865592
16111000 0.865592
16112000 0.865592
16113000 0.865592
16114000 0.865592
16115000 0.865592
16116000 0.865592
16117000 0.865592
16118000 0.865592
16119000 0.865592
16120000 0.865592
16121000 0.865592
16122000 0.865592
16123000 0.865592
16124000 0.865592
16125000 0.865592
16126000 0.865592
16127000 0.865592
16128000 0.865592
16129000 0.865592
16130000 0.865592
16131000 0.865592
16132000 0.865592
16133000 0.865592
16134000 0.865592
16135000 0.865592
16136000 0.865592
16137000 0.865592
16138000 0.865592
16139000 0.865592
16140000 0.865592
16141000 0.865592
16142000 0.865592
16143000 0.865592
16144000 0.865592
16145000 0.865592
16146000 0.865592
16147000 0.865592
16148000 0.865592
16149000 0.865592
16150000 0.865592
16151000 0.865592
16152000 0.865592
16153000 0.865592
16154000 0.865592
16155000 0.865592
16156000 0.865592
16157000 0.865592
16158000 0.865592
16159000 0.865592
16160000 0.865592
16161000 0.865592
16162000 0.865592
16163000 0.865592
16164000 0.865592
16165000 0.865592
16166000 0.865592
16167000 0.865592
16168000 0.865592
16169000 0.865592
16170000 0.865592
16171000 0.865592
16172000 0.865592
16173000 0.865592
16174000 0.865592
16175000 0.865592
16176000 0.865592
16177000 0.865592
16178000 0.865592
16179000 0.865592
16180000 0.865592
16181000 0.865592
16182000 0.865592
16183000 0.865592
16184000 0.865592
16185000 0.865592
16186000 0.865592
16187000 0.865592
16188000 0.865592
16189000 0.865592
16190000 0.865592
16191000 0.865592
16192000 0.865592
16193000 0.865592
16194000 0.865592
16195000 0.865592
16196000 0.865592
16197000 0.865592
16198000 0.865592
16199000 0.865592
16200000 0.865592
16201000 0.865592
16202000 0.865592
16203000 0.865592
16204000 0.865592
16205000 0.865592
16206000 0.865592
16207000 0.865592
16208000 0.865592
16209000 0.865592
16210000 0.865592
16211000 0.865592
16212000 0.865592
16213000 0.865592
16214000 0.865592
16215000 0.865592
16216000 0.865592
16217000 0.865592
16218000 0.865592
16219000 0.865592
16220000 0.865592
16221000 0.865592
16222000 0.865592
16223000 0.865592
16224000 0.865592
16225000 0.865592
16226000 0.865592
16227000 0.865592
16228000 0.865592
16229000 0.865592
16230000 0.865592
16231000 0.865592
16232000 0.865592
16233000 0.865592
16234000 0.865592
16235000 0.865592
16236000 0.865592
16237000 0.865592
16238000 0.865592
16239000 0.865592
16240000 0.865592
16241000 0.865592
16242000 0.865592
16243000 0.865592
16244000 0.865592
16245000 0.865592
16246000 0.865592
16247000 0.865592
16248000 0.865592
16249000 0.865592
16250000 0.865592
16251000 0.865592
16252000 0.865592
16253000 0.865592
16254000 0.865592
16255000 0.865592
16256000 0.865592
16257000 0.865592
16258000 0.865592
16259000 0.865592
16260000 0.865592
16261000 0.865592
16262000 0.865592
16263000 0.865592
16264000 0.865592
16265000 0.865592
16266000 0.865592
16267000 0.865592
16268000 0.865592
16269000 0.865592
16270000 0.865592
16271000 0.865592
16272000 0.865592
16273000 0.865592
16274000 0.865592
16275000 0.865592
16276000 0.865592
16277000 0.865592
16278000 0.865592
16279000 0.865592
16280000 0.865592
16281000 0.865592
16282000 0.865592
16283000 0.865592
16284000 0.865592
16285000 0.865592
16286000 0.865592
16287000 0.865592
16288000 0.865592
16289000 0.865592
16290000 0.865592
16291000 0.865592
16292000 0.865592
16293000 0.865592
16294000 0.865592
16295000 0.865592
16296000 0.865592
16297000 0.865592
16298000 0.865592
16299000 0.865592
16300000 0.865592
16301000 0.865592
16302000 0.865592
16303000 0.865592
16304000 0.865592
16305000 0.865592
16306000 0.865592
16307000 0.865592
16308000 0.865592
16309000 0.865592
16310000 0.865592
16311000 0.865592
16312000 0.865592
16313000 0.865592
16314000 0.865592
16315000 0.865592
16316000 0.865592
16317000 0.865592
16318000 0.865592
16319000 0.865592
16320000 0.865592
16321000 0.865592
16322000 0.865592
16323000 0.865592
16324000 0.865592
16325000 0.865592
16326000 0.865592
16327000 0.865592
16328000 0.865592
16329000 0.865592
16330000 0.865592
16331000 0.865592
16332000 0.865592
16333000 0.865592
16334000 0.865592
16335000 0.865592
16336000 0.865592
16337000 0.865592
16338000 0.865592
16339000 0.865592
16340000 0.865592
16341000 0.865592
16342000 0.865592
16343000 0.865592
16344000 0.865592
16345000 0.865592
16346000 0.865592
16347000 0.865592
16348000 0.865592
16349000 0.865592
16350000 0.865592
16351000 0.865592
16352000 0.865592
16353000 0.865592
16354000 0.865592
16355000 0.865592
16356000 0.865592
16357000 0.865592
16358000 0.865592
16359000 0.865592
16360000 0.865592
16361000 0.865592
16362000 0.865592
16363000 0.865592
16364000 0.865592
16365000 0.865592
16366000 0.865592
16367000 0.865592
16368000 0.865592
16369000 0.865592
16370000 0.865592
16371000 0.865592
16372000 0.865592
16373000 0.865592
16374000 0.865592
16375000 0.865592
16376000 0.865592
16377000 0.865592
16378000 0.865592
16379000 0.865592
16380000 0.865592
16381000 0.865592
16382000 0.865592
16383000 0.865592
16384000 0.865592
16385000 0.865592
16386000 0.865592
16387000 0.865592
16388000 0.865592
16389000 0.865592
16390000 0.865592
16391000 0.865592
16392000 0.865592
16393000 0.865592
16394000 0.865592
16395000 0.865592
16396000 0.865592
16397000 0.865592
16398000 0.865592
16399000 0.865592
16400000 0.865592
16401000 0.865592
16402000 0.865592
16403000 0.865592
16404000 0.865592
16405000 0.865592
16406000 0.865592
16407000 0.865592
16408000 0.865592
16409000 0.865592
16410000 0.865592
16411000 0.865592
16412000 0.865592
16413000 0.865592
16414000 0.865592
16415000 0.865592
16416000 0.865592
16417000 0.865592
16418000 0.865592
16419000 0.865592
16420000 0.865592
16421000 0.865592
16422000 0.865592
16423000 0.865592
16424000 0.865592
16425000 0.865592
16426000 0.865592
16427000 0.865592
16428000 0.865592
16429000 0.865592
16430000 0.865592
16431000 0.865592
16432000 0.865592
16433000 0.865592
16434000 0.865592
16435000 0.865592
16436000 0.865592
16437000 0.865592
16438000 0.865592
16439000 0.865592
16440000 0.865592
16441000 0.865592
16442000 0.865592
16443000 0.865592
16444000 0.865592
16445000 0.865592
16446000 0.865592
16447000 0.865592
16448000 0.865592
16449000 0.865592
16450000 0.865592
16451000 0.865592
16452000 0.865592
16453000 0.865592
16454000 0.865592
16455000 0.865592
16456000 0.865592
16457000 0.865592
16458000 0.865592
16459000 0.865592
16460000 0.865592
16461000 0.865592
16462000 0.865592
16463000 0.865592
16464000 0.865592
16465000 0.865592
16466000 0.865592
16467000 0.865592
16468000 0.865592
16469000 0.865592
16470000 0.865592
16471000 0.865592
16472000 0.865592
16473000 0.865592
16474000 0.865592
16475000 0.865592
16476000 0.865592
16477000 0.865592
16478000 0.865592
16479000 0.865592
16480000 0.865592
16481000 0.865592
16482000 0.865592
16483000 0.865592
16484000 0.865592
16485000 0.865592
16486000 0.865592
16487000 0.865592
16488000 0.865592
16489000 0.865592
16490000 0.865592
16491000 0.865592
16492000 0.865592
16493000 0.865592
16494000 0.865592
16495000 0.865592
16496000 0.865592
16497000 0.865592
16498000 0.865592
16499000 0.865592
16500000 0.865592
16501000 0.865592
16502000 0.865592
16503000 0.865592
16504000 0.865592
16505000 0.865592
16506000 0.865592
16507000 0.865592
16508000 0.865592
16509000 0.865592
16510000 0.865592
16511000 0.865592
16512000 0.865592
16513000 0.865592
16514000 0.865592
16515000 0.865592
16516000 0.865592
16517000 0.865592
16518000 0.865592
16519000 0.865592
16520000 0.865592
16521000 0.865592
16522000 0.865592
16523000 0.865592
16524000 0.865592
16525000 0.865592
16526000 0.865592
16527000 0.865592
16528000 0.865592
16529000 0.865592
16530000 0.865592
16531000 0.865592
16532000 0.865592
16533000 0.865592
16534000 0.865592
16535000 0.865592
16536000 0.865592
16537000 0.865592
16538000 0.865592
16539000 0.865592
16540000 0.865592
16541000 0.865592
16542000 0.865592
16543000 0.865592
16544000 0.865592
16545000 0.865592
16546000 0.865592
16547000 0.865592
16548000 0.865592
16549000 0.865592
16550000 0.865592
16551000 0.865592
16552000 0.865592
16553000 0.865592
16554000 0.865592
16555000 0.865592
16556000 0.865592
16557000 0.865592
16558000 0.865592
16559000 0.865592
16560000 0.865592
16561000 0.865592
16562000 0.865592
16563000 0.865592
16564000 0.865592
16565000 0.865592
16566000 0.865592
16567000 0.865592
16568000 0.865592
16569000 0.865592
16570000 0.865592
16571000 0.865592
16572000 0.865592
16573000 0.865592
16574000 0.865592
16575000 0.865592
16576000 0.865592
16577000 0.865592
16578000 0.865592
16579000 0.865592
16580000 0.865592
16581000 0.865592
16582000 0.865592
16583000 0.865592
16584000 0.865592
16585000 0.865592
16586000 0.865592
16587000 0.865592
16588000 0.865592
16589000 0.865592
16590000 0.865592
16591000 0.865592
16592000 0.865592
16593000 0.865592
16594000 0.865592
16595000 0.865592
16596000 0.865592
16597000 0.865592
16598000 0.865592
16599000 0.865592
16600000 0.865592
16601000 0.865592
16602000 0.865592
16603000 0.865592
16604000 0.865592
16605000 0.865592
16606000 0.865592
16607000 0.865592
16608000 0.865592
16609000 0.865592
16610000 0.865592
16611000 0.865592
16612000 0.865592
16613000 0.865592
16614000 0.865592
16615000 0.865592
16616000 0.865592
16617000 0.865592
16618000 0.865592
16619000 0.865592
16620000 0.865592
16621000 0.865592
16622000 0.865592
16623000 0.865592
16624000 0.865592
16625000 0.865592
16626000 0.865592
16627000 0.865592
16628000 0.865592
16629000 0.865592
16630000 0.865592
16631000 0.865592
16632000 0.865592
16633000 0.865592
16634000 0.865592
16635000 0.865592
16636000 0.865592
16637000 0.865592
16638000 0.865592
16639000 0.865592
16640000 0.865592
16641000 0.865592
16642000 0.865592
16643000 0.865592
16644000 0.865592
16645000 0.865592
16646000 0.865592
16647000 0.865592
16648000 0.865592
16649000 0.865592
16650000 0.865592
16651000 0.865592
16652000 0.865592
16653000 0.865592
16654000 0.865592
16655000 0.865592
16656000 0.865592
16657000 0.865592
16658000 0.865592
16659000 0.865592
16660000 0.865592
16661000 0.865592
16662000 0.865592
16663000 0.865592
16664000 0.865592
16665000 0.865592
16666000 0.865592
16667000 0.865592
16668000 0.865592
16669000 0.865592
16670000 0.865592
16671000 0.865592
16672000 0.865592
16673000 0.865592
16674000 0.865592
16675000 0.865592
16676000 0.865592
16677000 0.865592
16678000 0.865592
16679000 0.865592
16680000 0.865592
16681000 0.865592
16682000 0.865592
16683000 0.865592
16684000 0.865592
16685000 0.865592
16686000 0.865592
16687000 0.865592
16688000 0.865592
16689000 0.865592
16690000 0.865592
16691000 0.865592
16692000 0.865592
16693000 0.865592
16694000 0.865592
16695000 0.865592
16696000 0.865592
16697000 0.865592
16698000 0.865592
16699000 0.865592
16700000 0.865592
16701000 0.865592
16702000 0.865592
16703000 0.865592
16704000 0.865592
16705000 0.865592
16706000 0.865592
16707000 0.865592
16708000 0.865592
16709000 0.865592
16710000 0.865592
16711000 0.865592
16712000 0.865592
16713000 0.865592
16714000 0.865592
16715000 0.865592
16716000 0.865592
16717000 0.865592
16718000 0.865592
16719000 0.865592
16720000 0.865592
16721000 0.865592
16722000 0.865592
16723000 0.865592
16724000 0.865592
16725000 0.865592
16726000 0.865592
16727000 0.865592
16728000 0.865592
16729000 0.865592
16730000 0.865592
16731000 0.865592
16732000 0.865592
16733000 0.865592
16734000 0.865592
16735000 0.865592
16736000 0.865592
16737000 0.865592
16738000 0.865592
16739000 0.865592
16740000 0.865592
16741000 0.865592
16742000 0.865592
16743000 0.865592
16744000 0.865592
16745000 0.865592
16746000 0.865592
16747000 0.865592
16748000 0.865592
16749000 0.865592
16750000 0.865592
16751000 0.865592
16752000 0.865592
16753000 0.865592
16754000 0.865592
16755000 0.865592
16756000 0.865592
16757000 0.865592
16758000 0.865592
16759000 0.865592
16760000 0.865592
16761000 0.865592
16762000 0.865592
16763000 0.865592
16764000 0.865592
16765000 0.865592
16766000 0.865592
16767000 0.865592
16768000 0.865592
16769000 0.865592
16770000 0.865592
16771000 0.865592
16772000 0.865592
16773000 0.865592
16774000 0.865592
16775000 0.865592
16776000 0.865592
16777000 0.865592
16778000 0.865592
16779000 0.865592
16780000 0.865592
16781000 0.865592
16782000 0.865592
16783000 0.865592
16784000 0.865592
16785000 0.865592
16786000 0.865592
16787000 0.865592
16788000 0.865592
16789000 0.865592
16790000 0.865592
16791000 0.865592
16792000 0.865592
16793000 0.865592
16794000 0.865592
16795000 0.865592
16796000 0.865592
16797000 0.865592
16798000 0.865592
16799000 0.865592
16800000 0.865592
16801000 0.865592
16802000 0.865592
16803000 0.865592
16804000 0.865592
16805000 0.865592
16806000 0.865592
16807000 0.865592
16808000 0.865592
16809000 0.865592
16810000 0.865592
16811000 0.865592
16812000 0.865592
16813000 0.865592
16814000 0.865592
16815000 0.865592
16816000 0.865592
16817000 0.865592
16818000 0.865592
16819000 0.865592
16820000 0.865592
16821000 0.865592
16822000 0.865592
16823000 0.865592
16824000 0.865592
16825000 0.865592
16826000 0.865592
16827000 0.865592
16828000 0.865592
16829000 0.865592
16830000 0.865592
16831000 0.865592
16832000 0.865592
16833000 0.865592
16834000 0.865592
16835000 0.865592
16836000 0.865592
16837000 0.865592
16838000 0.865592
16839000 0.865592
16840000 0.865592
16841000 0.865592
16842000 0.865592
16843000 0.865592
16844000 0.865592
16845000 0.865592
16846000 0.865592
16847000 0.865592
16848000 0.865592
16849000 0.865592
16850000 0.865592
16851000 0.865592
16852000 0.865592
16853000 0.865592
16854000 0.865592
16855000 0.865592
16856000 0.865592
16857000 0.865592
16858000 0.865592
16859000 0.865592
16860000 0.865592
16861000 0.865592
16862000 0.865592
16863000 0.865592
16864000 0.865592
16865000 0.865592
16866000 0.865592
16867000 0.865592
16868000 0.865592
16869000 0.865592
16870000 0.865592
16871000 0.865592
16872000 0.865592
16873000 0.865592
16874000 0.865592
16875000 0.865592
16876000 0.865592
16877000 0.865592
16878000 0.865592
16879000 0.865592
16880000 0.865592
16881000 0.865592
16882000 0.865592
16883000 0.865592
16884000 0.865592
16885000 0.865592
16886000 0.865592
16887000 0.865592
16888000 0.865592
16889000 0.865592
16890000 0.865592
16891000 0.865592
16892000 0.865592
16893000 0.865592
16894000 0.865592
16895000 0.865592
16896000 0.865592
16897000 0.865592
16898000 0.865592
16899000 0.865592
16900000 0.865592
16901000 0.865592
16902000 0.865592
16903000 0.865592
16904000 0.865592
16905000 0.865592
16906000 0.865592
16907000 0.865592
16908000 0.865592
16909000 0.865592
16910000 0.865592
16911000 0.865592
16912000 0.865592
16913000 0.865592
16914000 0.865592
16915000 0.865592
16916000 0.865592
16917000 0.865592
16918000 0.865592
16919000 0.865592
16920000 0.865592
16921000 0.865592
16922000 0.865592
16923000 0.865592
16924000 0.865592
16925000 0.865592
16926000 0.865592
16927000 0.865592
16928000 0.865592
16929000 0.865592
16930000 0.865592
16931000 0.865592
16932000 0.865592
16933000 0.865592
16934000 0.865592
16935000 0.865592
16936000 0.865592
16937000 0.865592
16938000 0.865592
16939000 0.865592
16940000 0.865592
16941000 0.865592
16942000 0.865592
16943000 0.865592
16944000 0.865592
16945000 0.865592
16946000 0.865592
16947000 0.865592
16948000 0.865592
16949000 0.865592
16950000 0.865592
16951000 0.865592
16952000 0.865592
16953000 0.865592
16954000 0.865592
16955000 0.865592
16956000 0.865592
16957000 0.865592
16958000 0.865592
16959000 0.865592
16960000 0.865592
16961000 0.865592
16962000 0.865592
16963000 0.865592
16964000 0.865592
16965000 0.865592
16966000 0.865592
16967000 0.865592
16968000 0.865592
16969000 0.865592
16970000 0.865592
16971000 0.865592
16972000 0.865592
16973000 0.865592
16974000 0.865592
16975000 0.865592
16976000 0.865592
16977000 0.865592
16978000 0.865592
16979000 0.865592
16980000 0.865592
16981000 0.865592
16982000 0.865592
16983000 0.865592
16984000 0.865592
16985000 0.865592
16986000 0.865592
16987000 0.865592
16988000 0.865592
16989000 0.865592
16990000 0.865592
16991000 0.865592
16992000 0.865592
16993000 0.865592
16994000 0.865592
16995000 0.865592
16996000 0.865592
16997000 0.865592
16998000 0.865592
16999000 0.865592
17000000 0.865592
17001000 0.865592
17002000 0.865592
17003000 0.865592
17004000 0.865592
17005000 0.865592
17006000 0.865592
17007000 0.865592
17008000 0.865592
17009000 0.865592
17010000 0.865592
17011000 0.865592
17012000 0.865592
17013000 0.865592
17014000 0.865592
17015000 0.865592
17016000 0.865592
17017000 0.865592
17018000 0.865592
17019000 0.865592
17020000 0.865592
17021000 0.865592
17022000 0.865592
17023000 0.865592
17024000 0.865592
17025000 0.865592
17026000 0.865592
17027000 0.865592
17028000 0.865592
17029000 0.865592
17030000 0.865592
17031000 0.865592
17032000 0.865592
17033000 0.865592
17034000 0.865592
17035000 0.865592
17036000 0.865592
17037000 0.865592
17038000 0.865592
17039000 0.865592
17040000 0.865592
17041000 0.865592
17042000 0.865592
17043000 0.865592
17044000 0.865592
17045000 0.865592
17046000 0.865592
17047000 0.865592
17048000 0.865592
17049000 0.865592
17050000 0.865592
17051000 0.865592
17052000 0.865592
17053000 0.865592
17054000 0.865592
17055000 0.865592
17056000 0.865592
17057000 0.865592
17058000 0.865592
17059000 0.865592
17060000 0.865592
17061000 0.865592
17062000 0.865592
17063000 0.865592
17064000 0.865592
17065000 0.865592
17066000 0.865592
17067000 0.865592
17068000 0.865592
17069000 0.865592
17070000 0.865592
17071000 0.865592
17072000 0.865592
17073000 0.865592
17074000 0.865592
17075000 0.865592
17076000 0.865592
17077000 0.865592
17078000 0.865592
17079000 0.865592
17080000 0.865592
17081000 0.865592
17082000 0.865592
17083000 0.865592
17084000 0.865592
17085000 0.865592
17086000 0.865592
17087000 0.865592
17088000 0.865592
17089000 0.865592
17090000 0.865592
17091000 0.865592
17092000 0.865592
17093000 0.865592
17094000 0.865592
17095000 0.865592
17096000 0.865592
17097000 0.865592
17098000 0.865592
17099000 0.865592
17100000 0.865592
17101000 0.865592
17102000 0.865592
17103000 0.865592
17104000 0.865592
17105000 0.865592
17106000 0.865592
17107000 0.865592
17108000 0.865592
17109000 0.865592
17110000 0.865592
17111000 0.865592
17112000 0.865592
17113000 0.865592
17114000 0.865592
17115000 0.865592
17116000 0.865592
17117000 0.865592
17118000 0.865592
17119000 0.865592
17120000 0.865592
17121000 0.865592
17122000 0.865592
17123000 0.865592
17124000 0.865592
17125000 0.865592
17126000 0.865592
17127000 0.865592
17128000 0.865592
17129000 0.865592
17130000 0.865592
17131000 0.865592
17132000 0.865592
17133000 0.865592
17134000 0.865592
17135000 0.865592
17136000 0.865592
17137000 0.865592
17138000 0.865592
17139000 0.865592
17140000 0.865592
17141000 0.865592
17142000 0.865592
17143000 0.865592
17144000 0.865592
17145000 0.865592
17146000 0.865592
17147000 0.865592
17148000 0.865592
17149000 0.865592
17150000 0.865592
17151000 0.865592
17152000 0.865592
17153000 0.865592
17154000 0.865592
17155000 0.865592
17156000 0.865592
17157000 0.865592
17158000 0.865592
17159000 0.865592
17160000 0.865592
17161000 0.865592
17162000 0.865592
17163000 0.865592
17164000 0.865592
17165000 0.865592
17166000 0.865592
17167000 0.865592
17168000 0.865592
17169000 0.865592
17170000 0.865592
17171000 0.865592
17172000 0.865592
17173000 0.865592
17174000 0.865592
17175000 0.865592
17176000 0.865592
17177000 0.865592
17178000 0.865592
17179000 0.865592
17180000 0.865592
17181000 0.865592
17182000 0.865592
17183000 0.865592
17184000 0.865592
17185000 0.865592
17186000 0.865592
17187000 0.865592
17188000 0.865592
17189000 0.865592
17190000 0.865592
17191000 0.865592
17192000 0.865592
17193000 0.865592
17194000 0.865592
17195000 0.865592
17196000 0.865592
17197000 0.865592
17198000 0.865592
17199000 0.865592
17200000 0.865592
17201000 0.865592
17202000 0.865592
17203000 0.865592
17204000 0.865592
17205000 0.865592
17206000 0.865592
17207000 0.865592
17208000 0.865592
17209000 0.865592
17210000 0.865592
17211000 0.865592
17212000 0.865592
17213000 0.865592
17214000 0.865592
17215000 0.865592
17216000 0.865592
17217000 0.865592
17218000 0.865592
17219000 0.865592
17220000 0.865592
17221000 0.865592
17222000 0.865592
17223000 0.865592
17224000 0.865592
17225000 0.865592
17226000 0.865592
17227000 0.865592
17228000 0.865592
17229000 0.865592
17230000 0.865592
17231000 0.865592
17232000 0.865592
17233000 0.865592
17234000 0.865592
17235000 0.865592
17236000 0.865592
17237000 0.865592
17238000 0.865592
17239000 0.865592
17240000 0.865592
17241000 0.865592
17242000 0.865592
17243000 0.865592
17244000 0.865592
17245000 0.865592
17246000 0.865592
17247000 0.865592
17248000 0.865592
17249000 0.865592
17250000 0.865592
17251000 0.865592
17252000 0.865592
17253000 0.865592
17254000 0.865592
17255000 0.865592
17256000 0.865592
17257000 0.865592
17258000 0.865592
17259000 0.865592
17260000 0.865592
17261000 0.865592
17262000 0.865592
17263000 0.865592
17264000 0.865592
17265000 0.865592
17266000 0.865592
17267000 0.865592
17268000 0.865592
17269000 0.865592
17270000 0.865592
17271000 0.865592
17272000 0.865592
17273000 0.865592
17274000 0.865592
17275000 0.865592
17276000 0.865592
17277000 0.865592
17278000 0.865592
17279000 0.865592
17280000 0.865592
17281000 0.865592
17282000 0.865592
17283000 0.865592
17284000 0.865592
17285000 0.865592
17286000 0.865592
17287000 0.865592
17288000 0.865592
17289000 0.865592
17290000 0.865592
17291000 0.865592
17292000 0.865592
17293000 0.865592
17294000 0.865592
17295000 0.865592
17296000 0.865592
17297000 0.865592
17298000 0.865592
17299000 0.865592
17300000 0.865592
17301000 0.865592
17302000 0.865592
17303000 0.865592
17304000 0.865592
17305000 0.865592
17306000 0.865592
17307000 0.865592
17308000 0.865592
17309000 0.865592
17310000 0.865592
17311000 0.865592
17312000 0.865592
17313000 0.865592
17314000 0.865592
17315000 0.865592
17316000 0.865592
17317000 0.865592
17318000 0.865592
17319000 0.865592
17320000 0.865592
17321000 0.865592
17322000 0.865592
17323000 0.865592
17324000 0.865592
17325000 0.865592
17326000 0.865592
17327000 0.865592
17328000 0.865592
17329000 0.865592
17330000 0.865592
17331000 0.865592
17332000 0.865592
17333000 0.865592
17334000 0.865592
17335000 0.865592
17336000 0.865592
17337000 0.865592
17338000 0.865592
17339000 0.865592
17340000 0.865592
17341000 0.865592
17342000 0.865592
17343000 0.865592
17344000 0.865592
17345000 0.865592
17346000 0.865592
17347000 0.865592
17348000 0.865592
17349000 0.865592
17350000 0.865592
17351000 0.865592
17352000 0.865592
17353000 0.865592
17354000 0.865592
17355000 0.865592
17356000 0.865592
17357000 0.865592
17358000 0.865592
17359000 0.865592
17360000 0.865592
17361000 0.865592
17362000 0.865592
17363000 0.865592
17364000 0.865592
17365000 0.865592
17366000 0.865592
17367000 0.865592
17368000 0.865592
17369000 0.865592
17370000 0.865592
17371000 0.865592
17372000 0.865592
17373000 0.865592
17374000 0.865592
17375000 0.865592
17376000 0.865592
17377000 0.865592
17378000 0.865592
17379000 0.865592
17380000 0.865592
17381000 0.865592
17382000 0.865592
17383000 0.865592
17384000 0.865592
17385000 0.865592
17386000 0.865592
17387000 0.865592
17388000 0.865592
17389000 0.865592
17390000 0.865592
17391000 0.865592
17392000 0.865592
17393000 0.865592
17394000 0.865592
17395000 0.865592
17396000 0.865592
17397000 0.865592
17398000 0.865592
17399000 0.865592
17400000 0.865592
17401000 0.865592
17402000 0.865592
17403000 0.865592
17404000 0.865592
17405000 0.865592
17406000 0.865592
17407000 0.865592
17408000 0.865592
17409000 0.865592
17410000 0.865592
17411000 0.865592
17412000 0.865592
17413000 0.865592
17414000 0.865592
17415000 0.865592
17416000 0.865592
17417000 0.865592
17418000 0.865592
17419000 0.865592
17420000 0.865592
17421000 0.865592
17422000 0.865592
17423000 0.865592
17424000 0.865592
17425000 0.865592
17426000 0.865592
17427000 0.865592
17428000 0.865592
17429000 0.865592
17430000 0.865592
17431000 0.865592
17432000 0.865592
17433000 0.865592
17434000 0.865592
17435000 0.865592
17436000 0.865592
17437000 0.865592
17438000 0.865592
17439000 0.865592
17440000 0.865592
17441000 0.865592
17442000 0.865592
17443000 0.865592
17444000 0.865592
17445000 0.865592
17446000 0.865592
17447000 0.865592
17448000 0.865592
17449000 0.865592
17450000 0.865592
17451000 0.865592
17452000 0.865592
17453000 0.865592
17454000 0.865592
17455000 0.865592
17456000 0.865592
17457000 0.865592
17458000 0.865592
17459000 0.865592
17460000 0.865592
17461000 0.865592
17462000 0.865592
17463000 0.865592
17464000 0.865592
17465000 0.865592
17466000 0.865592
17467000 0.865592
17468000 0.865592
17469000 0.865592
17470000 0.865592
17471000 0.865592
17472000 0.865592
17473000 0.865592
17474000 0.865592
17475000 0.865592
17476000 0.865592
17477000 0.865592
17478000 0.865592
17479000 0.865592
17480000 0.865592
17481000 0.865592
17482000 0.865592
17483000 0.865592
17484000 0.865592
17485000 0.865592
17486000 0.865592
17487000 0.865592
17488000 0.865592
17489000 0.865592
17490000 0.865592
17491000 0.865592
17492000 0.865592
17493000 0.865592
17494000 0.865592
17495000 0.865592
17496000 0.865592
17497000 0.865592
17498000 0.865592
17499000 0.865592
17500000 0.865592
17501000 0.865592
17502000 0.865592
17503000 0.865592
17504000 0.865592
17505000 0.865592
17506000 0.865592
17507000 0.865592
17508000 0.865592
17509000 0.865592
17510000 0.865592
17511000 0.865592
17512000 0.865592
17513000 0.865592
17514000 0.865592
17515000 0.865592
17516000 0.865592
17517000 0.865592
17518000 0.865592
17519000 0.865592
17520000 0.865592
17521000 0.865592
17522000 0.865592
17523000 0.865592
17524000 0.865592
17525000 0.865592
17526000 0.865592
17527000 0.865592
17528000 0.865592
17529000 0.865592
17530000 0.865592
17531000 0.865592
17532000 0.865592
17533000 0.865592
17534000 0.865592
17535000 0.865592
17536000 0.865592
17537000 0.865592
17538000 0.865592
17539000 0.865592
17540000 0.865592
17541000 0.865592
17542000 0.865592
17543000 0.865592
17544000 0.865592
17545000 0.865592
17546000 0.865592
17547000 0.865592
17548000 0.865592
17549000 0.865592
17550000 0.865592
17551000 0.865592
17552000 0.865592
17553000 0.865592
17554000 0.865592
17555000 0.865592
17556000 0.865592
17557000 0.865592
17558000 0.865592
17559000 0.865592
17560000 0.865592
17561000 0.865592
17562000 0.865592
17563000 0.865592
17564000 0.865592
17565000 0.865592
17566000 0.865592
17567000 0.865592
17568000 0.865592
17569000 0.865592
17570000 0.865592
17571000 0.865592
17572000 0.865592
17573000 0.865592
17574000 0.865592
17575000 0.865592
17576000 0.865592
17577000 0.865592
17578000 0.865592
17579000 0.865592
17580000 0.865592
17581000 0.865592
17582000 0.865592
17583000 0.865592
17584000 0.865592
17585000 0.865592
17586000 0.865592
17587000 0.865592
17588000 0.865592
17589000 0.865592
17590000 0.865592
17591000 0.865592
17592000 0.865592
17593000 0.865592
17594000 0.865592
17595000 0.865592
17596000 0.865592
17597000 0.865592
17598000 0.865592
17599000 0.865592
17600000 0.865592
17601000 0.865592
17602000 0.865592
17603000 0.865592
17604000 0.865592
17605000 0.865592
17606000 0.865592
17607000 0.865592
17608000 0.865592
17609000 0.865592
17610000 0.865592
17611000 0.865592
17612000 0.865592
17613000 0.865592
17614000 0.865592
17615000 0.865592
17616000 0.865592
17617000 0.865592
17618000 0.865592
17619000 0.865592
17620000 0.865592
17621000 0.865592
17622000 0.865592
17623000 0.865592
17624000 0.865592
17625000 0.865592
17626000 0.865592
17627000 0.865592
17628000 0.865592
17629000 0.865592
17630000 0.865592
17631000 0.865592
17632000 0.865592
17633000 0.865592
17634000 0.865592
17635000 0.865592
17636000 0.865592
17637000 0.865592
17638000 0.865592
17639000 0.865592
17640000 0.865592
17641000 0.865592
17642000 0.865592
17643000 0.865592
17644000 0.865592
17645000 0.865592
17646000 0.865592
17647000 0.865592
17648000 0.865592
17649000 0.865592
17650000 0.865592
17651000 0.865592
17652000 0.865592
17653000 0.865592
17654000 0.865592
17655000 0.865592
17656000 0.865592
17657000 0.865592
17658000 0.865592
17659000 0.865592
17660000 0.865592
17661000 0.865592
17662000 0.865592
17663000 0.865592
17664000 0.865592
17665000 0.865592
17666000 0.865592
17667000 0.865592
17668000 0.865592
17669000 0.865592
17670000 0.865592
17671000 0.865592
17672000 0.865592
17673000 0.865592
17674000 0.865592
17675000 0.865592
17676000 0.865592
17677000 0.865592
17678000 0.865592
17679000 0.865592
17680000 0.865592
17681000 0.865592
17682000 0.865592
17683000 0.865592
17684000 0.865592
17685000 0.865592
17686000 0.865592
17687000 0.865592
17688000 0.865592
17689000 0.865592
17690000 0.865592
17691000 0.865592
17692000 0.865592
17693000 0.865592
17694000 0.865592
17695000 0.865592
17696000 0.865592
17697000 0.865592
17698000 0.865592
17699000 0.865592
17700000 0.865592
17701000 0.865592
17702000 0.865592
17703000 0.865592
17704000 0.865592
17705000 0.865592
17706000 0.865592
17707000 0.865592
17708000 0.865592
17709000 0.865592
17710000 0.865592
17711000 0.865592
17712000 0.865592
17713000 0.865592
17714000 0.865592
17715000 0.865592
17716000 0.865592
17717000 0.865592
17718000 0.865592
17719000 0.865592
17720000 0.865592
17721000 0.865592
17722000 0.865592
17723000 0.865592
17724000 0.865592
17725000 0.865592
17726000 0.865592
17727000 0.865592
17728000 0.865592
17729000 0.865592
17730000 0.865592
17731000 0.865592
17732000 0.865592
17733000 0.865592
17734000 0.865592
17735000 0.865592
17736000 0.865592
17737000 0.865592
17738000 0.865592
17739000 0.865592
17740000 0.865592
17741000 0.865592
17742000 0.865592
17743000 0.865592
17744000 0.865592
17745000 0.865592
17746000 0.865592
17747000 0.865592
17748000 0.865592
17749000 0.865592
17750000 0.865592
17751000 0.865592
17752000 0.865592
17753000 0.865592
17754000 0.865592
17755000 0.865592
17756000 0.865592
17757000 0.865592
17758000 0.865592
17759000 0.865592
17760000 0.865592
17761000 0.865592
17762000 0.865592
17763000 0.865592
17764000 0.865592
17765000 0.865592
17766000 0.865592
17767000 0.865592
17768000 0.865592
17769000 0.865592
17770000 0.865592
17771000 0.865592
17772000 0.865592
17773000 0.865592
17774000 0.865592
17775000 0.865592
17776000 0.865592
17777000 0.865592
17778000 0.865592
17779000 0.865592
17780000 0.865592
17781000 0.865592
17782000 0.865592
17783000 0.865592
17784000 0.865592
17785000 0.865592
17786000 0.865592
17787000 0.865592
17788000 0.865592
17789000 0.865592
17790000 0.865592
17791000 0.865592
17792000 0.865592
17793000 0.865592
17794000 0.865592
17795000 0.865592
17796000 0.865592
17797000 0.865592
17798000 0.865592
17799000 0.865592
17800000 0.865592
17801000 0.865592
17802000 0.865592
17803000 0.865592
17804000 0.865592
17805000 0.865592
17806000 0.865592
17807000 0.865592
17808000 0.865592
17809000 0.865592
17810000 0.865592
17811000 0.865592
17812000 0.865592
17813000 0.865592
17814000 0.865592
17815000 0.865592
17816000 0.865592
17817000 0.865592
17818000 0.865592
17819000 0.865592
17820000 0.865592
17821000 0.865592
17822000 0.865592
17823000 0.865592
17824000 0.865592
17825000 0.865592
17826000 0.865592
17827000 0.865592
17828000 0.865592
17829000 0.865592
17830000 0.865592
17831000 0.865592
17832000 0.865592
17833000 0.865592
17834000 0.865592
17835000 0.865592
17836000 0.865592
17837000 0.865592
17838000 0.865592
17839000 0.865592
17840000 0.865592
17841000 0.865592
17842000 0.865592
17843000 0.865592
17844000 0.865592
17845000 0.865592
17846000 0.865592
17847000 0.865592
17848000 0.865592
17849000 0.865592
17850000 0.865592
17851000 0.865592
17852000 0.865592
17853000 0.865592
17854000 0.865592
17855000 0.865592
17856000 0.865592
17857000 0.865592
17858000 0.865592
17859000 0.865592
17860000 0.865592
17861000 0.865592
17862000 0.865592
17863000 0.865592
17864000 0.865592
17865000 0.865592
17866000 0.865592
17867000 0.865592
17868000 0.865592
17869000 0.865592
17870000 0.865592
17871000 0.865592
17872000 0.865592
17873000 0.865592
17874000 0.865592
17875000 0.865592
17876000 0.865592
17877000 0.865592
17878000 0.865592
17879000 0.865592
17880000 0.865592
17881000 0.865592
17882000 0.865592
17883000 0.865592
17884000 0.865592
17885000 0.865592
17886000 0.865592
17887000 0.865592
17888000 0.865592
17889000 0.865592
17890000 0.865592
17891000 0.865592
17892000 0.865592
17893000 0.865592
17894000 0.865592
17895000 0.865592
17896000 0.865592
17897000 0.865592
17898000 0.865592
17899000 0.865592
17900000 0.865592
17901000 0.865592
17902000 0.865592
17903000 0.865592
17904000 0.865592
17905000 0.865592
17906000 0.865592
17907000 0.865592
17908000 0.865592
17909000 0.865592
17910000 0.865592
17911000 0.865592
17912000 0.865592
17913000 0.865592
17914000 0.865592
17915000 0.865592
17916000 0.865592
17917000 0.865592
17918000 0.865592
17919000 0.865592
17920000 0.865592
17921000 0.865592
17922000 0.865592
17923000 0.865592
17924000 0.865592
17925000 0.865592
17926000 0.865592
17927000 0.865592
17928000 0.865592
17929000 0.865592
17930000 0.865592
17931000 0.865592
17932000 0.865592
17933000 0.865592
17934000 0.865592
17935000 0.865592
17936000 0.865592
17937000 0.865592
17938000 0.865592
17939000 0.865592
17940000 0.865592
17941000 0.865592
17942000 0.865592
17943000 0.865592
17944000 0.865592
17945000 0.865592
17946000 0.865592
17947000 0.865592
17948000 0.865592
17949000 0.865592
17950000 0.865592
17951000 0.865592
17952000 0.865592
17953000 0.865592
17954000 0.865592
17955000 0.865592
17956000 0.865592
17957000 0.865592
17958000 0.865592
17959000 0.865592
17960000 0.865592
17961000 0.865592
17962000 0.865592
17963000 0.865592
17964000 0.865592
17965000 0.865592
17966000 0.865592
17967000 0.865592
17968000 0.865592
17969000 0.865592
17970000 0.865592
17971000 0.865592
17972000 0.865592
17973000 0.865592
17974000 0.865592
17975000 0.865592
17976000 0.865592
17977000 0.865592
17978000 0.865592
17979000 0.865592
17980000 0.865592
17981000 0.865592
17982000 0.865592
17983000 0.865592
17984000 0.865592
17985000 0.865592
17986000 0.865592
17987000 0.865592
17988000 0.865592
17989000 0.865592
17990000 0.865592
17991000 0.865592
17992000 0.865592
17993000 0.865592
17994000 0.865592
17995000 0.865592
17996000 0.865592
17997000 0.865592
17998000 0.865592
17999000 0.865592
18000000 0.865592
