# Time-averaged data for fix tave
# TimeStep v_temperature
13001000 292.168
13002000 292.222
13003000 292.446
13004000 292.447
13005000 292.33
13006000 292.732
13007000 292.604
13008000 292.732
13009000 292.91
13010000 292.999
13011000 292.976
13012000 292.832
13013000 292.802
13014000 292.839
13015000 292.814
13016000 292.885
13017000 292.928
13018000 293.012
13019000 293.008
13020000 293.051
13021000 292.953
13022000 292.99
13023000 292.934
13024000 292.928
13025000 292.876
13026000 292.8
13027000 292.77
13028000 292.762
13029000 292.771
13030000 292.799
13031000 292.84
13032000 292.866
13033000 292.902
13034000 292.909
13035000 292.918
13036000 292.906
13037000 292.892
13038000 292.941
13039000 292.967
13040000 292.936
13041000 292.927
13042000 292.925
13043000 292.926
13044000 292.901
13045000 292.865
13046000 292.864
13047000 292.859
13048000 292.825
13049000 292.848
13050000 292.854
13051000 292.857
13052000 292.879
13053000 292.87
13054000 292.873
13055000 292.855
13056000 292.821
13057000 292.824
13058000 292.813
13059000 292.837
13060000 292.825
13061000 292.833
13062000 292.848
13063000 292.846
13064000 292.835
13065000 292.828
13066000 292.831
13067000 292.842
13068000 292.848
13069000 292.833
13070000 292.833
13071000 292.86
13072000 292.875
13073000 292.878
13074000 292.887
13075000 292.875
13076000 292.857
13077000 292.848
13078000 292.846
13079000 292.866
13080000 292.857
13081000 292.866
13082000 292.885
13083000 292.894
13084000 292.903
13085000 292.912
13086000 292.908
13087000 292.916
13088000 292.922
13089000 292.935
13090000 292.913
13091000 292.914
13092000 292.908
13093000 292.898
13094000 292.913
13095000 292.883
13096000 292.885
13097000 292.875
13098000 292.89
13099000 292.899
13100000 292.891
13101000 292.875
13102000 292.872
13103000 292.864
13104000 292.882
13105000 292.883
13106000 292.87
13107000 292.862
13108000 292.866
13109000 292.853
13110000 292.848
13111000 292.84
13112000 292.826
13113000 292.824
13114000 292.836
13115000 292.842
13116000 292.851
13117000 292.864
13118000 292.865
13119000 292.878
13120000 292.875
13121000 292.879
13122000 292.865
13123000 292.867
13124000 292.854
13125000 292.854
13126000 292.842
13127000 292.836
13128000 292.847
13129000 292.849
13130000 292.851
13131000 292.85
13132000 292.851
13133000 292.846
13134000 292.841
13135000 292.848
13136000 292.848
13137000 292.837
13138000 292.844
13139000 292.849
13140000 292.836
13141000 292.843
13142000 292.841
13143000 292.844
13144000 292.838
13145000 292.841
13146000 292.837
13147000 292.829
13148000 292.829
13149000 292.831
13150000 292.827
13151000 292.82
13152000 292.819
13153000 292.813
13154000 292.811
13155000 292.811
13156000 292.818
13157000 292.821
13158000 292.826
13159000 292.816
13160000 292.822
13161000 292.83
13162000 292.83
13163000 292.825
13164000 292.821
13165000 292.829
13166000 292.831
13167000 292.825
13168000 292.83
13169000 292.834
13170000 292.826
13171000 292.823
13172000 292.826
13173000 292.824
13174000 292.827
13175000 292.833
13176000 292.84
13177000 292.845
13178000 292.849
13179000 292.852
13180000 292.846
13181000 292.851
13182000 292.854
13183000 292.846
13184000 292.848
13185000 292.856
13186000 292.854
13187000 292.851
13188000 292.848
13189000 292.847
13190000 292.857
13191000 292.858
13192000 292.859
13193000 292.85
13194000 292.858
13195000 292.853
13196000 292.849
13197000 292.848
13198000 292.853
13199000 292.86
13200000 292.861
13201000 292.863
13202000 292.857
13203000 292.861
13204000 292.867
13205000 292.872
13206000 292.874
13207000 292.87
13208000 292.871
13209000 292.866
13210000 292.867
13211000 292.873
13212000 292.873
13213000 292.867
13214000 292.866
13215000 292.87
13216000 292.87
13217000 292.871
13218000 292.875
13219000 292.876
13220000 292.874
13221000 292.867
13222000 292.869
13223000 292.866
13224000 292.861
13225000 292.864
13226000 292.86
13227000 292.855
13228000 292.859
13229000 292.865
13230000 292.861
13231000 292.86
13232000 292.863
13233000 292.871
13234000 292.876
13235000 292.88
13236000 292.882
13237000 292.883
13238000 292.879
13239000 292.877
13240000 292.875
13241000 292.873
13242000 292.871
13243000 292.877
13244000 292.88
13245000 292.885
13246000 292.886
13247000 292.885
13248000 292.883
13249000 292.882
13250000 292.875
13251000 292.882
13252000 292.883
13253000 292.882
13254000 292.882
13255000 292.872
13256000 292.877
13257000 292.873
13258000 292.87
13259000 292.865
13260000 292.861
13261000 292.855
13262000 292.855
13263000 292.857
13264000 292.858
13265000 292.86
13266000 292.859
13267000 292.862
13268000 292.856
13269000 292.86
13270000 292.858
13271000 292.858
13272000 292.866
13273000 292.861
13274000 292.856
13275000 292.856
13276000 292.861
13277000 292.864
13278000 292.867
13279000 292.869
13280000 292.867
13281000 292.865
13282000 292.872
13283000 292.873
13284000 292.881
13285000 292.881
13286000 292.875
13287000 292.878
13288000 292.881
13289000 292.874
13290000 292.87
13291000 292.868
13292000 292.874
13293000 292.873
13294000 292.874
13295000 292.869
13296000 292.869
13297000 292.868
13298000 292.87
13299000 292.865
13300000 292.866
13301000 292.87
13302000 292.875
13303000 292.88
13304000 292.882
13305000 292.883
13306000 292.884
13307000 292.879
13308000 292.881
13309000 292.879
13310000 292.876
13311000 292.874
13312000 292.875
13313000 292.876
13314000 292.875
13315000 292.872
13316000 292.868
13317000 292.871
13318000 292.875
13319000 292.875
13320000 292.872
13321000 292.867
13322000 292.87
13323000 292.868
13324000 292.869
13325000 292.862
13326000 292.863
13327000 292.865
13328000 292.866
13329000 292.866
13330000 292.87
13331000 292.872
13332000 292.87
13333000 292.867
13334000 292.867
13335000 292.866
13336000 292.864
13337000 292.858
13338000 292.858
13339000 292.854
13340000 292.849
13341000 292.852
13342000 292.852
13343000 292.852
13344000 292.855
13345000 292.858
13346000 292.856
13347000 292.853
13348000 292.858
13349000 292.861
13350000 292.859
13351000 292.855
13352000 292.858
13353000 292.86
13354000 292.865
13355000 292.863
13356000 292.864
13357000 292.863
13358000 292.862
13359000 292.866
13360000 292.865
13361000 292.866
13362000 292.864
13363000 292.863
13364000 292.86
13365000 292.862
13366000 292.863
13367000 292.862
13368000 292.86
13369000 292.864
13370000 292.866
13371000 292.868
13372000 292.873
13373000 292.874
13374000 292.878
13375000 292.88
13376000 292.88
13377000 292.879
13378000 292.872
13379000 292.872
13380000 292.868
13381000 292.866
13382000 292.869
13383000 292.864
13384000 292.862
13385000 292.861
13386000 292.86
13387000 292.859
13388000 292.857
13389000 292.86
13390000 292.858
13391000 292.856
13392000 292.855
13393000 292.854
13394000 292.853
13395000 292.851
13396000 292.852
13397000 292.852
13398000 292.855
13399000 292.858
13400000 292.858
13401000 292.856
13402000 292.853
13403000 292.854
13404000 292.853
13405000 292.852
13406000 292.853
13407000 292.855
13408000 292.855
13409000 292.853
13410000 292.854
13411000 292.851
13412000 292.848
13413000 292.846
13414000 292.846
13415000 292.848
13416000 292.845
13417000 292.847
13418000 292.849
13419000 292.853
13420000 292.851
13421000 292.85
13422000 292.848
13423000 292.844
13424000 292.846
13425000 292.848
13426000 292.844
13427000 292.849
13428000 292.849
13429000 292.851
13430000 292.848
13431000 292.849
13432000 292.851
13433000 292.852
13434000 292.853
13435000 292.851
13436000 292.847
13437000 292.846
13438000 292.847
13439000 292.847
13440000 292.848
13441000 292.851
13442000 292.85
13443000 292.851
13444000 292.85
13445000 292.849
13446000 292.845
13447000 292.847
13448000 292.845
13449000 292.846
13450000 292.845
13451000 292.843
13452000 292.844
13453000 292.845
13454000 292.848
13455000 292.848
13456000 292.848
13457000 292.844
13458000 292.847
13459000 292.845
13460000 292.846
13461000 292.847
13462000 292.841
13463000 292.843
13464000 292.843
13465000 292.845
13466000 292.846
13467000 292.847
13468000 292.846
13469000 292.843
13470000 292.846
13471000 292.847
13472000 292.848
13473000 292.846
13474000 292.844
13475000 292.844
13476000 292.841
13477000 292.843
13478000 292.84
13479000 292.841
13480000 292.837
13481000 292.838
13482000 292.834
13483000 292.833
13484000 292.834
13485000 292.835
13486000 292.836
13487000 292.833
13488000 292.834
13489000 292.834
13490000 292.835
13491000 292.833
13492000 292.834
13493000 292.835
13494000 292.833
13495000 292.834
13496000 292.83
13497000 292.829
13498000 292.829
13499000 292.827
13500000 292.829
13501000 292.831
13502000 292.831
13503000 292.831
13504000 292.829
13505000 292.827
13506000 292.824
13507000 292.824
13508000 292.822
13509000 292.821
13510000 292.82
13511000 292.819
13512000 292.816
13513000 292.819
13514000 292.82
13515000 292.822
13516000 292.822
13517000 292.825
13518000 292.827
13519000 292.828
13520000 292.832
13521000 292.83
13522000 292.832
13523000 292.831
13524000 292.832
13525000 292.837
13526000 292.836
13527000 292.836
13528000 292.835
13529000 292.833
13530000 292.834
13531000 292.832
13532000 292.831
13533000 292.827
13534000 292.827
13535000 292.827
13536000 292.83
13537000 292.831
13538000 292.834
13539000 292.832
13540000 292.833
13541000 292.831
13542000 292.831
13543000 292.83
13544000 292.835
13545000 292.833
13546000 292.833
13547000 292.832
13548000 292.835
13549000 292.837
13550000 292.837
13551000 292.837
13552000 292.835
13553000 292.833
13554000 292.833
13555000 292.831
13556000 292.833
13557000 292.836
13558000 292.839
13559000 292.842
13560000 292.842
13561000 292.841
13562000 292.845
13563000 292.842
13564000 292.84
13565000 292.838
13566000 292.839
13567000 292.837
13568000 292.836
13569000 292.833
13570000 292.834
13571000 292.832
13572000 292.832
13573000 292.834
13574000 292.833
13575000 292.832
13576000 292.83
13577000 292.831
13578000 292.828
13579000 292.829
13580000 292.83
13581000 292.83
13582000 292.83
13583000 292.834
13584000 292.835
13585000 292.836
13586000 292.837
13587000 292.836
13588000 292.833
13589000 292.831
13590000 292.832
13591000 292.832
13592000 292.832
13593000 292.836
13594000 292.837
13595000 292.837
13596000 292.84
13597000 292.841
13598000 292.843
13599000 292.841
13600000 292.842
13601000 292.842
13602000 292.843
13603000 292.846
13604000 292.846
13605000 292.843
13606000 292.844
13607000 292.841
13608000 292.84
13609000 292.839
13610000 292.839
13611000 292.839
13612000 292.837
13613000 292.839
13614000 292.839
13615000 292.841
13616000 292.841
13617000 292.841
13618000 292.839
13619000 292.839
13620000 292.84
13621000 292.838
13622000 292.839
13623000 292.843
13624000 292.842
13625000 292.843
13626000 292.84
13627000 292.839
13628000 292.839
13629000 292.84
13630000 292.839
13631000 292.84
13632000 292.841
13633000 292.841
13634000 292.839
13635000 292.841
13636000 292.838
13637000 292.837
13638000 292.837
13639000 292.839
13640000 292.842
13641000 292.841
13642000 292.84
13643000 292.841
13644000 292.842
13645000 292.842
13646000 292.841
13647000 292.841
13648000 292.843
13649000 292.846
13650000 292.845
13651000 292.846
13652000 292.848
13653000 292.848
13654000 292.85
13655000 292.851
13656000 292.849
13657000 292.852
13658000 292.851
13659000 292.848
13660000 292.846
13661000 292.845
13662000 292.842
13663000 292.842
13664000 292.839
13665000 292.838
13666000 292.838
13667000 292.835
13668000 292.834
13669000 292.834
13670000 292.837
13671000 292.839
13672000 292.84
13673000 292.84
13674000 292.839
13675000 292.838
13676000 292.838
13677000 292.837
13678000 292.839
13679000 292.838
13680000 292.838
13681000 292.838
13682000 292.837
13683000 292.837
13684000 292.836
13685000 292.835
13686000 292.835
13687000 292.837
13688000 292.838
13689000 292.84
13690000 292.838
13691000 292.838
13692000 292.837
13693000 292.834
13694000 292.833
13695000 292.835
13696000 292.837
13697000 292.837
13698000 292.838
13699000 292.837
13700000 292.835
13701000 292.833
13702000 292.832
13703000 292.831
13704000 292.829
13705000 292.829
13706000 292.828
13707000 292.828
13708000 292.827
13709000 292.828
13710000 292.826
13711000 292.823
13712000 292.824
13713000 292.824
13714000 292.826
13715000 292.828
13716000 292.828
13717000 292.829
13718000 292.832
13719000 292.832
13720000 292.832
13721000 292.832
13722000 292.832
13723000 292.83
13724000 292.829
13725000 292.83
13726000 292.832
13727000 292.83
13728000 292.828
13729000 292.827
13730000 292.827
13731000 292.829
13732000 292.827
13733000 292.826
13734000 292.827
13735000 292.826
13736000 292.827
13737000 292.829
13738000 292.829
13739000 292.829
13740000 292.828
13741000 292.828
13742000 292.828
13743000 292.828
13744000 292.828
13745000 292.828
13746000 292.826
13747000 292.827
13748000 292.827
13749000 292.828
13750000 292.826
13751000 292.83
13752000 292.829
13753000 292.829
13754000 292.829
13755000 292.828
13756000 292.828
13757000 292.827
13758000 292.824
13759000 292.825
13760000 292.825
13761000 292.826
13762000 292.826
13763000 292.827
13764000 292.828
13765000 292.828
13766000 292.827
13767000 292.829
13768000 292.827
13769000 292.826
13770000 292.825
13771000 292.822
13772000 292.821
13773000 292.822
13774000 292.822
13775000 292.821
13776000 292.82
13777000 292.82
13778000 292.818
13779000 292.819
13780000 292.82
13781000 292.818
13782000 292.817
13783000 292.819
13784000 292.821
13785000 292.822
13786000 292.823
13787000 292.824
13788000 292.823
13789000 292.823
13790000 292.824
13791000 292.822
13792000 292.821
13793000 292.82
13794000 292.82
13795000 292.819
13796000 292.82
13797000 292.82
13798000 292.819
13799000 292.819
13800000 292.82
13801000 292.823
13802000 292.825
13803000 292.826
13804000 292.826
13805000 292.826
13806000 292.825
13807000 292.825
13808000 292.824
13809000 292.826
13810000 292.828
13811000 292.827
13812000 292.826
13813000 292.826
13814000 292.824
13815000 292.824
13816000 292.825
13817000 292.826
13818000 292.826
13819000 292.825
13820000 292.823
13821000 292.822
13822000 292.822
13823000 292.822
13824000 292.823
13825000 292.823
13826000 292.823
13827000 292.824
13828000 292.824
13829000 292.826
13830000 292.827
13831000 292.826
13832000 292.827
13833000 292.825
13834000 292.824
13835000 292.822
13836000 292.823
13837000 292.823
13838000 292.824
13839000 292.821
13840000 292.824
13841000 292.822
13842000 292.824
13843000 292.823
13844000 292.823
13845000 292.823
13846000 292.822
13847000 292.821
13848000 292.821
13849000 292.823
13850000 292.824
13851000 292.824
13852000 292.824
13853000 292.822
13854000 292.82
13855000 292.82
13856000 292.82
13857000 292.821
13858000 292.82
13859000 292.82
13860000 292.822
13861000 292.825
13862000 292.825
13863000 292.825
13864000 292.827
13865000 292.827
13866000 292.83
13867000 292.83
13868000 292.831
13869000 292.832
13870000 292.833
13871000 292.834
13872000 292.835
13873000 292.835
13874000 292.835
13875000 292.835
13876000 292.834
13877000 292.833
13878000 292.834
13879000 292.835
13880000 292.835
13881000 292.836
13882000 292.833
13883000 292.834
13884000 292.833
13885000 292.832
13886000 292.833
13887000 292.833
13888000 292.834
13889000 292.834
13890000 292.833
13891000 292.833
13892000 292.833
13893000 292.833
13894000 292.833
13895000 292.834
13896000 292.836
13897000 292.837
13898000 292.838
13899000 292.839
13900000 292.84
13901000 292.838
13902000 292.837
13903000 292.838
13904000 292.837
13905000 292.838
13906000 292.837
13907000 292.835
13908000 292.834
13909000 292.836
13910000 292.836
13911000 292.833
13912000 292.833
13913000 292.832
13914000 292.832
13915000 292.832
13916000 292.83
13917000 292.829
13918000 292.829
13919000 292.831
13920000 292.832
13921000 292.831
13922000 292.83
13923000 292.83
13924000 292.83
13925000 292.829
13926000 292.831
13927000 292.831
13928000 292.832
13929000 292.831
13930000 292.829
13931000 292.83
13932000 292.831
13933000 292.831
13934000 292.832
13935000 292.833
13936000 292.834
13937000 292.835
13938000 292.835
13939000 292.835
13940000 292.837
13941000 292.836
13942000 292.837
13943000 292.838
13944000 292.838
13945000 292.838
13946000 292.838
13947000 292.838
13948000 292.837
13949000 292.838
13950000 292.839
13951000 292.84
13952000 292.842
13953000 292.84
13954000 292.842
13955000 292.841
13956000 292.841
13957000 292.841
13958000 292.84
13959000 292.84
13960000 292.839
13961000 292.839
13962000 292.839
13963000 292.839
13964000 292.837
13965000 292.837
13966000 292.837
13967000 292.838
13968000 292.839
13969000 292.841
13970000 292.841
13971000 292.842
13972000 292.843
13973000 292.842
13974000 292.842
13975000 292.844
13976000 292.844
13977000 292.844
13978000 292.844
13979000 292.846
13980000 292.847
13981000 292.848
13982000 292.849
13983000 292.85
13984000 292.849
13985000 292.851
13986000 292.853
13987000 292.853
13988000 292.853
13989000 292.852
13990000 292.852
13991000 292.852
13992000 292.851
13993000 292.852
13994000 292.851
13995000 292.849
13996000 292.848
13997000 292.847
13998000 292.846
13999000 292.845
14000000 292.844
14001000 292.843
14002000 292.843
14003000 292.844
14004000 292.843
14005000 292.843
14006000 292.844
14007000 292.847
14008000 292.847
14009000 292.846
14010000 292.846
14011000 292.845
14012000 292.845
14013000 292.847
14014000 292.848
14015000 292.85
14016000 292.849
14017000 292.847
14018000 292.848
14019000 292.848
14020000 292.847
14021000 292.849
14022000 292.849
14023000 292.849
14024000 292.85
14025000 292.851
14026000 292.849
14027000 292.849
14028000 292.849
14029000 292.851
14030000 292.851
14031000 292.851
14032000 292.853
14033000 292.853
14034000 292.853
14035000 292.852
14036000 292.854
14037000 292.854
14038000 292.853
14039000 292.853
14040000 292.852
14041000 292.851
14042000 292.852
14043000 292.851
14044000 292.851
14045000 292.849
14046000 292.85
14047000 292.852
14048000 292.854
14049000 292.854
14050000 292.852
14051000 292.852
14052000 292.852
14053000 292.852
14054000 292.852
14055000 292.853
14056000 292.854
14057000 292.854
14058000 292.856
14059000 292.857
14060000 292.86
14061000 292.86
14062000 292.86
14063000 292.861
14064000 292.863
14065000 292.863
14066000 292.863
14067000 292.864
14068000 292.866
14069000 292.866
14070000 292.868
14071000 292.869
14072000 292.871
14073000 292.871
14074000 292.871
14075000 292.873
14076000 292.872
14077000 292.873
14078000 292.871
14079000 292.87
14080000 292.871
14081000 292.87
14082000 292.87
14083000 292.868
14084000 292.868
14085000 292.87
14086000 292.871
14087000 292.87
14088000 292.868
14089000 292.871
14090000 292.871
14091000 292.873
14092000 292.872
14093000 292.872
14094000 292.872
14095000 292.873
14096000 292.873
14097000 292.871
14098000 292.87
14099000 292.87
14100000 292.87
14101000 292.87
14102000 292.87
14103000 292.871
14104000 292.871
14105000 292.872
14106000 292.87
14107000 292.871
14108000 292.871
14109000 292.871
14110000 292.87
14111000 292.87
14112000 292.87
14113000 292.869
14114000 292.869
14115000 292.867
14116000 292.868
14117000 292.87
14118000 292.867
14119000 292.869
14120000 292.869
14121000 292.867
14122000 292.867
14123000 292.867
14124000 292.865
14125000 292.865
14126000 292.864
14127000 292.865
14128000 292.865
14129000 292.866
14130000 292.866
14131000 292.866
14132000 292.867
14133000 292.866
14134000 292.866
14135000 292.867
14136000 292.868
14137000 292.868
14138000 292.869
14139000 292.869
14140000 292.869
14141000 292.868
14142000 292.867
14143000 292.866
14144000 292.867
14145000 292.868
14146000 292.869
14147000 292.87
14148000 292.869
14149000 292.869
14150000 292.867
14151000 292.868
14152000 292.869
14153000 292.869
14154000 292.87
14155000 292.871
14156000 292.872
14157000 292.872
14158000 292.873
14159000 292.873
14160000 292.873
14161000 292.872
14162000 292.872
14163000 292.872
14164000 292.871
14165000 292.871
14166000 292.871
14167000 292.872
14168000 292.873
14169000 292.874
14170000 292.873
14171000 292.874
14172000 292.875
14173000 292.874
14174000 292.873
14175000 292.874
14176000 292.873
14177000 292.874
14178000 292.873
14179000 292.873
14180000 292.872
14181000 292.874
14182000 292.874
14183000 292.875
14184000 292.874
14185000 292.875
14186000 292.875
14187000 292.876
14188000 292.875
14189000 292.874
14190000 292.874
14191000 292.876
14192000 292.876
14193000 292.877
14194000 292.877
14195000 292.877
14196000 292.878
14197000 292.877
14198000 292.878
14199000 292.879
14200000 292.878
14201000 292.878
14202000 292.877
14203000 292.878
14204000 292.878
14205000 292.879
14206000 292.879
14207000 292.879
14208000 292.88
14209000 292.88
14210000 292.881
14211000 292.878
14212000 292.878
14213000 292.878
14214000 292.878
14215000 292.877
14216000 292.877
14217000 292.876
14218000 292.875
14219000 292.874
14220000 292.874
14221000 292.873
14222000 292.873
14223000 292.874
14224000 292.874
14225000 292.875
14226000 292.874
14227000 292.874
14228000 292.873
14229000 292.873
14230000 292.873
14231000 292.874
14232000 292.874
14233000 292.873
14234000 292.872
14235000 292.873
14236000 292.873
14237000 292.874
14238000 292.875
14239000 292.874
14240000 292.874
14241000 292.873
14242000 292.872
14243000 292.873
14244000 292.872
14245000 292.871
14246000 292.87
14247000 292.871
14248000 292.871
14249000 292.871
14250000 292.87
14251000 292.87
14252000 292.87
14253000 292.869
14254000 292.869
14255000 292.869
14256000 292.868
14257000 292.869
14258000 292.87
14259000 292.871
14260000 292.872
14261000 292.871
14262000 292.872
14263000 292.87
14264000 292.87
14265000 292.868
14266000 292.869
14267000 292.869
14268000 292.87
14269000 292.871
14270000 292.871
14271000 292.87
14272000 292.869
14273000 292.871
14274000 292.872
14275000 292.872
14276000 292.872
14277000 292.873
14278000 292.872
14279000 292.872
14280000 292.871
14281000 292.873
14282000 292.873
14283000 292.873
14284000 292.872
14285000 292.873
14286000 292.873
14287000 292.872
14288000 292.872
14289000 292.872
14290000 292.872
14291000 292.874
14292000 292.876
14293000 292.876
14294000 292.875
14295000 292.875
14296000 292.874
14297000 292.873
14298000 292.874
14299000 292.874
14300000 292.872
14301000 292.872
14302000 292.872
14303000 292.871
14304000 292.872
14305000 292.871
14306000 292.871
14307000 292.871
14308000 292.87
14309000 292.869
14310000 292.869
14311000 292.87
14312000 292.87
14313000 292.87
14314000 292.869
14315000 292.869
14316000 292.869
14317000 292.871
14318000 292.87
14319000 292.869
14320000 292.868
14321000 292.868
14322000 292.869
14323000 292.869
14324000 292.87
14325000 292.87
14326000 292.87
14327000 292.87
14328000 292.869
14329000 292.869
14330000 292.869
14331000 292.869
14332000 292.869
14333000 292.869
14334000 292.87
14335000 292.87
14336000 292.871
14337000 292.87
14338000 292.87
14339000 292.87
14340000 292.872
14341000 292.873
14342000 292.872
14343000 292.872
14344000 292.873
14345000 292.873
14346000 292.873
14347000 292.871
14348000 292.872
14349000 292.871
14350000 292.873
14351000 292.873
14352000 292.873
14353000 292.874
14354000 292.873
14355000 292.873
14356000 292.874
14357000 292.874
14358000 292.873
14359000 292.874
14360000 292.874
14361000 292.874
14362000 292.875
14363000 292.876
14364000 292.877
14365000 292.878
14366000 292.879
14367000 292.879
14368000 292.878
14369000 292.878
14370000 292.877
14371000 292.878
14372000 292.878
14373000 292.878
14374000 292.878
14375000 292.877
14376000 292.877
14377000 292.876
14378000 292.876
14379000 292.875
14380000 292.875
14381000 292.876
14382000 292.877
14383000 292.876
14384000 292.876
14385000 292.876
14386000 292.875
14387000 292.875
14388000 292.874
14389000 292.874
14390000 292.875
14391000 292.874
14392000 292.874
14393000 292.875
14394000 292.875
14395000 292.875
14396000 292.876
14397000 292.876
14398000 292.875
14399000 292.876
14400000 292.876
14401000 292.875
14402000 292.877
14403000 292.877
14404000 292.879
14405000 292.878
14406000 292.878
14407000 292.878
14408000 292.878
14409000 292.877
14410000 292.878
14411000 292.879
14412000 292.878
14413000 292.878
14414000 292.877
14415000 292.876
14416000 292.876
14417000 292.875
14418000 292.875
14419000 292.876
14420000 292.875
14421000 292.875
14422000 292.876
14423000 292.876
14424000 292.877
14425000 292.877
14426000 292.877
14427000 292.878
14428000 292.878
14429000 292.878
14430000 292.879
14431000 292.88
14432000 292.88
14433000 292.882
14434000 292.882
14435000 292.881
14436000 292.882
14437000 292.882
14438000 292.881
14439000 292.882
14440000 292.882
14441000 292.882
14442000 292.881
14443000 292.882
14444000 292.881
14445000 292.881
14446000 292.881
14447000 292.879
14448000 292.879
14449000 292.879
14450000 292.878
14451000 292.878
14452000 292.878
14453000 292.878
14454000 292.879
14455000 292.879
14456000 292.88
14457000 292.881
14458000 292.88
14459000 292.881
14460000 292.881
14461000 292.88
14462000 292.88
14463000 292.88
14464000 292.881
14465000 292.881
14466000 292.881
14467000 292.883
14468000 292.883
14469000 292.883
14470000 292.883
14471000 292.885
14472000 292.885
14473000 292.886
14474000 292.886
14475000 292.886
14476000 292.886
14477000 292.887
14478000 292.888
14479000 292.889
14480000 292.89
14481000 292.891
14482000 292.891
14483000 292.892
14484000 292.892
14485000 292.892
14486000 292.892
14487000 292.891
14488000 292.891
14489000 292.89
14490000 292.889
14491000 292.888
14492000 292.888
14493000 292.887
14494000 292.886
14495000 292.886
14496000 292.888
14497000 292.888
14498000 292.888
14499000 292.887
14500000 292.889
14501000 292.889
14502000 292.888
14503000 292.889
14504000 292.89
14505000 292.89
14506000 292.89
14507000 292.891
14508000 292.892
14509000 292.893
14510000 292.892
14511000 292.892
14512000 292.892
14513000 292.891
14514000 292.892
14515000 292.892
14516000 292.893
14517000 292.892
14518000 292.892
14519000 292.891
14520000 292.891
14521000 292.89
14522000 292.889
14523000 292.888
14524000 292.888
14525000 292.888
14526000 292.888
14527000 292.888
14528000 292.887
14529000 292.888
14530000 292.887
14531000 292.887
14532000 292.887
14533000 292.887
14534000 292.887
14535000 292.887
14536000 292.888
14537000 292.889
14538000 292.89
14539000 292.891
14540000 292.89
14541000 292.889
14542000 292.89
14543000 292.891
14544000 292.891
14545000 292.89
14546000 292.89
14547000 292.89
14548000 292.89
14549000 292.891
14550000 292.89
14551000 292.89
14552000 292.89
14553000 292.891
14554000 292.89
14555000 292.891
14556000 292.892
14557000 292.892
14558000 292.893
14559000 292.894
14560000 292.894
14561000 292.894
14562000 292.894
14563000 292.894
14564000 292.894
14565000 292.893
14566000 292.894
14567000 292.894
14568000 292.895
14569000 292.895
14570000 292.895
14571000 292.894
14572000 292.894
14573000 292.895
14574000 292.895
14575000 292.897
14576000 292.897
14577000 292.896
14578000 292.897
14579000 292.898
14580000 292.899
14581000 292.899
14582000 292.899
14583000 292.899
14584000 292.899
14585000 292.9
14586000 292.9
14587000 292.9
14588000 292.9
14589000 292.901
14590000 292.901
14591000 292.901
14592000 292.902
14593000 292.903
14594000 292.903
14595000 292.903
14596000 292.904
14597000 292.903
14598000 292.903
14599000 292.903
14600000 292.902
14601000 292.903
14602000 292.904
14603000 292.904
14604000 292.905
14605000 292.904
14606000 292.903
14607000 292.904
14608000 292.904
14609000 292.904
14610000 292.903
14611000 292.903
14612000 292.901
14613000 292.901
14614000 292.902
14615000 292.902
14616000 292.902
14617000 292.902
14618000 292.902
14619000 292.902
14620000 292.903
14621000 292.903
14622000 292.903
14623000 292.904
14624000 292.904
14625000 292.904
14626000 292.904
14627000 292.904
14628000 292.905
14629000 292.906
14630000 292.906
14631000 292.907
14632000 292.907
14633000 292.907
14634000 292.906
14635000 292.906
14636000 292.907
14637000 292.906
14638000 292.906
14639000 292.907
14640000 292.907
14641000 292.907
14642000 292.908
14643000 292.909
14644000 292.91
14645000 292.91
14646000 292.911
14647000 292.911
14648000 292.911
14649000 292.911
14650000 292.911
14651000 292.913
14652000 292.913
14653000 292.913
14654000 292.913
14655000 292.913
14656000 292.914
14657000 292.914
14658000 292.914
14659000 292.913
14660000 292.912
14661000 292.912
14662000 292.912
14663000 292.913
14664000 292.913
14665000 292.913
14666000 292.913
14667000 292.913
14668000 292.912
14669000 292.912
14670000 292.913
14671000 292.914
14672000 292.915
14673000 292.915
14674000 292.915
14675000 292.915
14676000 292.916
14677000 292.916
14678000 292.916
14679000 292.916
14680000 292.916
14681000 292.916
14682000 292.917
14683000 292.917
14684000 292.917
14685000 292.916
14686000 292.915
14687000 292.915
14688000 292.916
14689000 292.916
14690000 292.916
14691000 292.917
14692000 292.917
14693000 292.917
14694000 292.918
14695000 292.918
14696000 292.918
14697000 292.917
14698000 292.917
14699000 292.916
14700000 292.916
14701000 292.916
14702000 292.915
14703000 292.915
14704000 292.916
14705000 292.915
14706000 292.915
14707000 292.916
14708000 292.915
14709000 292.915
14710000 292.914
14711000 292.916
14712000 292.916
14713000 292.915
14714000 292.915
14715000 292.914
14716000 292.915
14717000 292.915
14718000 292.915
14719000 292.915
14720000 292.915
14721000 292.914
14722000 292.914
14723000 292.913
14724000 292.913
14725000 292.913
14726000 292.913
14727000 292.913
14728000 292.913
14729000 292.912
14730000 292.913
14731000 292.913
14732000 292.913
14733000 292.912
14734000 292.912
14735000 292.913
14736000 292.913
14737000 292.914
14738000 292.914
14739000 292.914
14740000 292.914
14741000 292.914
14742000 292.913
14743000 292.912
14744000 292.913
14745000 292.913
14746000 292.913
14747000 292.913
14748000 292.914
14749000 292.914
14750000 292.914
14751000 292.914
14752000 292.915
14753000 292.916
14754000 292.916
14755000 292.917
14756000 292.918
14757000 292.918
14758000 292.919
14759000 292.918
14760000 292.919
14761000 292.918
14762000 292.918
14763000 292.917
14764000 292.917
14765000 292.916
14766000 292.917
14767000 292.917
14768000 292.917
14769000 292.916
14770000 292.916
14771000 292.916
14772000 292.916
14773000 292.915
14774000 292.915
14775000 292.914
14776000 292.914
14777000 292.914
14778000 292.914
14779000 292.915
14780000 292.915
14781000 292.915
14782000 292.914
14783000 292.915
14784000 292.915
14785000 292.914
14786000 292.914
14787000 292.913
14788000 292.913
14789000 292.914
14790000 292.915
14791000 292.915
14792000 292.914
14793000 292.913
14794000 292.913
14795000 292.912
14796000 292.913
14797000 292.913
14798000 292.913
14799000 292.914
14800000 292.914
14801000 292.916
14802000 292.915
14803000 292.916
14804000 292.916
14805000 292.915
14806000 292.914
14807000 292.914
14808000 292.913
14809000 292.913
14810000 292.912
14811000 292.912
14812000 292.912
14813000 292.912
14814000 292.912
14815000 292.912
14816000 292.913
14817000 292.913
14818000 292.913
14819000 292.913
14820000 292.913
14821000 292.913
14822000 292.912
14823000 292.912
14824000 292.912
14825000 292.912
14826000 292.913
14827000 292.913
14828000 292.913
14829000 292.913
14830000 292.912
14831000 292.913
14832000 292.913
14833000 292.914
14834000 292.915
14835000 292.915
14836000 292.915
14837000 292.916
14838000 292.916
14839000 292.917
14840000 292.917
14841000 292.917
14842000 292.917
14843000 292.916
14844000 292.916
14845000 292.916
14846000 292.915
14847000 292.916
14848000 292.917
14849000 292.917
14850000 292.916
14851000 292.916
14852000 292.917
14853000 292.917
14854000 292.917
14855000 292.918
14856000 292.919
14857000 292.918
14858000 292.917
14859000 292.918
14860000 292.918
14861000 292.918
14862000 292.917
14863000 292.917
14864000 292.917
14865000 292.917
14866000 292.917
14867000 292.917
14868000 292.916
14869000 292.916
14870000 292.918
14871000 292.917
14872000 292.917
14873000 292.918
14874000 292.918
14875000 292.918
14876000 292.918
14877000 292.919
14878000 292.918
14879000 292.917
14880000 292.918
14881000 292.919
14882000 292.919
14883000 292.919
14884000 292.92
14885000 292.919
14886000 292.919
14887000 292.92
14888000 292.92
14889000 292.919
14890000 292.92
14891000 292.921
14892000 292.921
14893000 292.92
14894000 292.92
14895000 292.921
14896000 292.921
14897000 292.921
14898000 292.921
14899000 292.921
14900000 292.92
14901000 292.92
14902000 292.92
14903000 292.92
14904000 292.919
14905000 292.919
14906000 292.918
14907000 292.918
14908000 292.919
14909000 292.92
14910000 292.92
14911000 292.921
14912000 292.921
14913000 292.921
14914000 292.921
14915000 292.922
14916000 292.922
14917000 292.921
14918000 292.921
14919000 292.92
14920000 292.921
14921000 292.921
14922000 292.922
14923000 292.921
14924000 292.921
14925000 292.92
14926000 292.92
14927000 292.92
14928000 292.921
14929000 292.921
14930000 292.921
14931000 292.921
14932000 292.922
14933000 292.922
14934000 292.921
14935000 292.921
14936000 292.921
14937000 292.92
14938000 292.921
14939000 292.921
14940000 292.922
14941000 292.92
14942000 292.921
14943000 292.922
14944000 292.921
14945000 292.92
14946000 292.921
14947000 292.92
14948000 292.919
14949000 292.92
14950000 292.92
14951000 292.92
14952000 292.92
14953000 292.92
14954000 292.92
14955000 292.92
14956000 292.921
14957000 292.921
14958000 292.921
14959000 292.92
14960000 292.92
14961000 292.919
14962000 292.919
14963000 292.919
14964000 292.919
14965000 292.92
14966000 292.92
14967000 292.919
14968000 292.918
14969000 292.919
14970000 292.919
14971000 292.919
14972000 292.919
14973000 292.918
14974000 292.918
14975000 292.919
14976000 292.919
14977000 292.919
14978000 292.92
14979000 292.921
14980000 292.921
14981000 292.921
14982000 292.921
14983000 292.92
14984000 292.919
14985000 292.92
14986000 292.92
14987000 292.92
14988000 292.92
14989000 292.92
14990000 292.919
14991000 292.919
14992000 292.919
14993000 292.918
14994000 292.918
14995000 292.917
14996000 292.918
14997000 292.918
14998000 292.917
14999000 292.917
15000000 292.917
15001000 292.918
15002000 292.918
15003000 292.918
15004000 292.917
15005000 292.918
15006000 292.919
15007000 292.918
15008000 292.918
15009000 292.917
15010000 292.917
15011000 292.918
15012000 292.918
15013000 292.918
15014000 292.918
15015000 292.917
15016000 292.917
15017000 292.918
15018000 292.918
15019000 292.918
15020000 292.918
15021000 292.919
15022000 292.919
15023000 292.918
15024000 292.918
15025000 292.917
15026000 292.917
15027000 292.916
15028000 292.916
15029000 292.916
15030000 292.917
15031000 292.917
15032000 292.916
15033000 292.916
15034000 292.917
15035000 292.918
15036000 292.918
15037000 292.918
15038000 292.918
15039000 292.917
15040000 292.917
15041000 292.918
15042000 292.918
15043000 292.918
15044000 292.918
15045000 292.918
15046000 292.917
15047000 292.917
15048000 292.917
15049000 292.917
15050000 292.917
15051000 292.917
15052000 292.918
15053000 292.918
15054000 292.918
15055000 292.919
15056000 292.918
15057000 292.918
15058000 292.918
15059000 292.918
15060000 292.919
15061000 292.919
15062000 292.918
15063000 292.919
15064000 292.919
15065000 292.92
15066000 292.921
15067000 292.921
15068000 292.922
15069000 292.922
15070000 292.923
15071000 292.923
15072000 292.923
15073000 292.923
15074000 292.924
15075000 292.924
15076000 292.924
15077000 292.924
15078000 292.924
15079000 292.925
15080000 292.926
15081000 292.926
15082000 292.926
15083000 292.927
15084000 292.927
15085000 292.928
15086000 292.928
15087000 292.929
15088000 292.929
15089000 292.929
15090000 292.929
15091000 292.928
15092000 292.928
15093000 292.929
15094000 292.929
15095000 292.93
15096000 292.93
15097000 292.931
15098000 292.931
15099000 292.932
15100000 292.931
15101000 292.932
15102000 292.932
15103000 292.932
15104000 292.932
15105000 292.932
15106000 292.931
15107000 292.931
15108000 292.931
15109000 292.93
15110000 292.93
15111000 292.931
15112000 292.931
15113000 292.931
15114000 292.932
15115000 292.932
15116000 292.933
15117000 292.932
15118000 292.933
15119000 292.932
15120000 292.933
15121000 292.933
15122000 292.934
15123000 292.934
15124000 292.935
15125000 292.935
15126000 292.936
15127000 292.937
15128000 292.936
15129000 292.936
15130000 292.936
15131000 292.936
15132000 292.936
15133000 292.936
15134000 292.935
15135000 292.935
15136000 292.935
15137000 292.936
15138000 292.936
15139000 292.936
15140000 292.936
15141000 292.936
15142000 292.936
15143000 292.936
15144000 292.936
15145000 292.936
15146000 292.937
15147000 292.937
15148000 292.938
15149000 292.938
15150000 292.938
15151000 292.938
15152000 292.937
15153000 292.938
15154000 292.938
15155000 292.939
15156000 292.939
15157000 292.939
15158000 292.939
15159000 292.939
15160000 292.939
15161000 292.94
15162000 292.939
15163000 292.939
15164000 292.94
15165000 292.941
15166000 292.94
15167000 292.94
15168000 292.941
15169000 292.941
15170000 292.941
15171000 292.941
15172000 292.941
15173000 292.941
15174000 292.94
15175000 292.94
15176000 292.94
15177000 292.94
15178000 292.94
15179000 292.94
15180000 292.941
15181000 292.94
15182000 292.94
15183000 292.939
15184000 292.94
15185000 292.94
15186000 292.94
15187000 292.94
15188000 292.94
15189000 292.939
15190000 292.939
15191000 292.939
15192000 292.938
15193000 292.938
15194000 292.939
15195000 292.939
15196000 292.94
15197000 292.939
15198000 292.939
15199000 292.938
15200000 292.938
15201000 292.937
15202000 292.937
15203000 292.938
15204000 292.938
15205000 292.937
15206000 292.937
15207000 292.937
15208000 292.937
15209000 292.938
15210000 292.937
15211000 292.938
15212000 292.938
15213000 292.938
15214000 292.939
15215000 292.939
15216000 292.94
15217000 292.94
15218000 292.94
15219000 292.939
15220000 292.939
15221000 292.939
15222000 292.939
15223000 292.939
15224000 292.939
15225000 292.939
15226000 292.94
15227000 292.94
15228000 292.939
15229000 292.94
15230000 292.94
15231000 292.939
15232000 292.939
15233000 292.939
15234000 292.938
15235000 292.939
15236000 292.939
15237000 292.938
15238000 292.939
15239000 292.939
15240000 292.939
15241000 292.94
15242000 292.94
15243000 292.941
15244000 292.941
15245000 292.941
15246000 292.94
15247000 292.94
15248000 292.94
15249000 292.94
15250000 292.94
15251000 292.941
15252000 292.941
15253000 292.941
15254000 292.941
15255000 292.942
15256000 292.942
15257000 292.943
15258000 292.943
15259000 292.943
15260000 292.943
15261000 292.943
15262000 292.942
15263000 292.942
15264000 292.942
15265000 292.943
15266000 292.943
15267000 292.943
15268000 292.943
15269000 292.942
15270000 292.942
15271000 292.942
15272000 292.942
15273000 292.942
15274000 292.941
15275000 292.94
15276000 292.941
15277000 292.941
15278000 292.941
15279000 292.94
15280000 292.94
15281000 292.94
15282000 292.939
15283000 292.939
15284000 292.939
15285000 292.939
15286000 292.94
15287000 292.94
15288000 292.94
15289000 292.94
15290000 292.941
15291000 292.94
15292000 292.941
15293000 292.942
15294000 292.941
15295000 292.941
15296000 292.941
15297000 292.941
15298000 292.941
15299000 292.941
15300000 292.941
15301000 292.942
15302000 292.943
15303000 292.943
15304000 292.944
15305000 292.944
15306000 292.945
15307000 292.944
15308000 292.945
15309000 292.945
15310000 292.945
15311000 292.944
15312000 292.945
15313000 292.945
15314000 292.945
15315000 292.945
15316000 292.946
15317000 292.946
15318000 292.946
15319000 292.946
15320000 292.947
15321000 292.947
15322000 292.947
15323000 292.946
15324000 292.947
15325000 292.947
15326000 292.947
15327000 292.948
15328000 292.948
15329000 292.948
15330000 292.948
15331000 292.948
15332000 292.948
15333000 292.948
15334000 292.948
15335000 292.948
15336000 292.947
15337000 292.947
15338000 292.948
15339000 292.948
15340000 292.948
15341000 292.948
15342000 292.949
15343000 292.949
15344000 292.949
15345000 292.95
15346000 292.95
15347000 292.95
15348000 292.951
15349000 292.951
15350000 292.95
15351000 292.95
15352000 292.95
15353000 292.95
15354000 292.95
15355000 292.95
15356000 292.95
15357000 292.949
15358000 292.949
15359000 292.948
15360000 292.949
15361000 292.949
15362000 292.949
15363000 292.948
15364000 292.948
15365000 292.948
15366000 292.948
15367000 292.949
15368000 292.949
15369000 292.949
15370000 292.949
15371000 292.949
15372000 292.949
15373000 292.949
15374000 292.949
15375000 292.95
15376000 292.951
15377000 292.951
15378000 292.952
15379000 292.952
15380000 292.952
15381000 292.952
15382000 292.952
15383000 292.952
15384000 292.952
15385000 292.952
15386000 292.953
15387000 292.953
15388000 292.953
15389000 292.952
15390000 292.953
15391000 292.953
15392000 292.953
15393000 292.953
15394000 292.952
15395000 292.952
15396000 292.952
15397000 292.952
15398000 292.952
15399000 292.951
15400000 292.952
15401000 292.952
15402000 292.952
15403000 292.952
15404000 292.953
15405000 292.953
15406000 292.952
15407000 292.952
15408000 292.952
15409000 292.952
15410000 292.952
15411000 292.951
15412000 292.952
15413000 292.952
15414000 292.952
15415000 292.952
15416000 292.952
15417000 292.952
15418000 292.953
15419000 292.953
15420000 292.952
15421000 292.952
15422000 292.951
15423000 292.951
15424000 292.952
15425000 292.953
15426000 292.952
15427000 292.953
15428000 292.953
15429000 292.952
15430000 292.952
15431000 292.953
15432000 292.953
15433000 292.953
15434000 292.953
15435000 292.954
15436000 292.954
15437000 292.955
15438000 292.955
15439000 292.955
15440000 292.956
15441000 292.956
15442000 292.956
15443000 292.956
15444000 292.956
15445000 292.956
15446000 292.956
15447000 292.957
15448000 292.956
15449000 292.956
15450000 292.955
15451000 292.955
15452000 292.955
15453000 292.955
15454000 292.956
15455000 292.956
15456000 292.956
15457000 292.956
15458000 292.956
15459000 292.956
15460000 292.956
15461000 292.956
15462000 292.956
15463000 292.957
15464000 292.957
15465000 292.957
15466000 292.956
15467000 292.957
15468000 292.957
15469000 292.958
15470000 292.958
15471000 292.959
15472000 292.959
15473000 292.959
15474000 292.959
15475000 292.958
15476000 292.958
15477000 292.958
15478000 292.959
15479000 292.959
15480000 292.959
15481000 292.959
15482000 292.959
15483000 292.958
15484000 292.958
15485000 292.958
15486000 292.958
15487000 292.957
15488000 292.957
15489000 292.958
15490000 292.958
15491000 292.959
15492000 292.959
15493000 292.959
15494000 292.959
15495000 292.96
15496000 292.959
15497000 292.959
15498000 292.959
15499000 292.959
15500000 292.959
15501000 292.959
15502000 292.958
15503000 292.958
15504000 292.957
15505000 292.957
15506000 292.956
15507000 292.956
15508000 292.956
15509000 292.955
15510000 292.955
15511000 292.955
15512000 292.955
15513000 292.956
15514000 292.955
15515000 292.956
15516000 292.956
15517000 292.955
15518000 292.955
15519000 292.954
15520000 292.955
15521000 292.955
15522000 292.955
15523000 292.956
15524000 292.956
15525000 292.956
15526000 292.955
15527000 292.956
15528000 292.956
15529000 292.956
15530000 292.956
15531000 292.956
15532000 292.955
15533000 292.955
15534000 292.954
15535000 292.954
15536000 292.955
15537000 292.954
15538000 292.954
15539000 292.954
15540000 292.955
15541000 292.954
15542000 292.954
15543000 292.954
15544000 292.954
15545000 292.954
15546000 292.954
15547000 292.953
15548000 292.952
15549000 292.952
15550000 292.953
15551000 292.953
15552000 292.954
15553000 292.954
15554000 292.955
15555000 292.955
15556000 292.955
15557000 292.954
15558000 292.955
15559000 292.955
15560000 292.955
15561000 292.955
15562000 292.956
15563000 292.955
15564000 292.955
15565000 292.956
15566000 292.956
15567000 292.956
15568000 292.956
15569000 292.956
15570000 292.956
15571000 292.957
15572000 292.957
15573000 292.957
15574000 292.956
15575000 292.956
15576000 292.956
15577000 292.956
15578000 292.957
15579000 292.956
15580000 292.956
15581000 292.956
15582000 292.956
15583000 292.956
15584000 292.955
15585000 292.955
15586000 292.954
15587000 292.955
15588000 292.955
15589000 292.956
15590000 292.955
15591000 292.955
15592000 292.956
15593000 292.956
15594000 292.956
15595000 292.956
15596000 292.956
15597000 292.956
15598000 292.956
15599000 292.956
15600000 292.956
15601000 292.955
15602000 292.955
15603000 292.955
15604000 292.956
15605000 292.956
15606000 292.957
15607000 292.956
15608000 292.956
15609000 292.956
15610000 292.956
15611000 292.956
15612000 292.956
15613000 292.957
15614000 292.957
15615000 292.958
15616000 292.958
15617000 292.959
15618000 292.959
15619000 292.959
15620000 292.96
15621000 292.96
15622000 292.959
15623000 292.959
15624000 292.959
15625000 292.959
15626000 292.959
15627000 292.959
15628000 292.96
15629000 292.959
15630000 292.959
15631000 292.96
15632000 292.96
15633000 292.959
15634000 292.958
15635000 292.958
15636000 292.958
15637000 292.957
15638000 292.957
15639000 292.957
15640000 292.957
15641000 292.957
15642000 292.956
15643000 292.957
15644000 292.957
15645000 292.957
15646000 292.958
15647000 292.958
15648000 292.958
15649000 292.958
15650000 292.958
15651000 292.958
15652000 292.958
15653000 292.958
15654000 292.957
15655000 292.957
15656000 292.958
15657000 292.958
15658000 292.958
15659000 292.958
15660000 292.958
15661000 292.958
15662000 292.959
15663000 292.959
15664000 292.959
15665000 292.959
15666000 292.959
15667000 292.96
15668000 292.96
15669000 292.96
15670000 292.96
15671000 292.96
15672000 292.96
15673000 292.96
15674000 292.96
15675000 292.96
15676000 292.959
15677000 292.96
15678000 292.959
15679000 292.96
15680000 292.96
15681000 292.96
15682000 292.96
15683000 292.961
15684000 292.96
15685000 292.96
15686000 292.96
15687000 292.959
15688000 292.959
15689000 292.959
15690000 292.958
15691000 292.959
15692000 292.959
15693000 292.959
15694000 292.958
15695000 292.958
15696000 292.959
15697000 292.958
15698000 292.958
15699000 292.958
15700000 292.958
15701000 292.958
15702000 292.958
15703000 292.959
15704000 292.959
15705000 292.96
15706000 292.96
15707000 292.961
15708000 292.961
15709000 292.961
15710000 292.961
15711000 292.961
15712000 292.961
15713000 292.961
15714000 292.961
15715000 292.961
15716000 292.961
15717000 292.96
15718000 292.96
15719000 292.961
15720000 292.961
15721000 292.961
15722000 292.961
15723000 292.96
15724000 292.96
15725000 292.961
15726000 292.961
15727000 292.961
15728000 292.962
15729000 292.962
15730000 292.962
15731000 292.962
15732000 292.962
15733000 292.962
15734000 292.962
15735000 292.961
15736000 292.961
15737000 292.961
15738000 292.961
15739000 292.962
15740000 292.961
15741000 292.962
15742000 292.961
15743000 292.961
15744000 292.961
15745000 292.962
15746000 292.962
15747000 292.961
15748000 292.961
15749000 292.961
15750000 292.961
15751000 292.961
15752000 292.962
15753000 292.962
15754000 292.962
15755000 292.962
15756000 292.963
15757000 292.963
15758000 292.964
15759000 292.964
15760000 292.964
15761000 292.964
15762000 292.964
15763000 292.964
15764000 292.964
15765000 292.964
15766000 292.964
15767000 292.964
15768000 292.964
15769000 292.964
15770000 292.963
15771000 292.963
15772000 292.963
15773000 292.963
15774000 292.962
15775000 292.962
15776000 292.961
15777000 292.961
15778000 292.961
15779000 292.961
15780000 292.96
15781000 292.96
15782000 292.961
15783000 292.961
15784000 292.961
15785000 292.962
15786000 292.962
15787000 292.963
15788000 292.963
15789000 292.962
15790000 292.962
15791000 292.961
15792000 292.961
15793000 292.961
15794000 292.961
15795000 292.961
15796000 292.961
15797000 292.962
15798000 292.962
15799000 292.961
15800000 292.961
15801000 292.962
15802000 292.962
15803000 292.962
15804000 292.963
15805000 292.963
15806000 292.963
15807000 292.963
15808000 292.963
15809000 292.963
15810000 292.963
15811000 292.963
15812000 292.962
15813000 292.962
15814000 292.962
15815000 292.962
15816000 292.963
15817000 292.963
15818000 292.963
15819000 292.963
15820000 292.963
15821000 292.964
15822000 292.964
15823000 292.964
15824000 292.965
15825000 292.965
15826000 292.964
15827000 292.964
15828000 292.965
15829000 292.964
15830000 292.964
15831000 292.964
15832000 292.964
15833000 292.964
15834000 292.964
15835000 292.964
15836000 292.964
15837000 292.964
15838000 292.963
15839000 292.963
15840000 292.963
15841000 292.964
15842000 292.963
15843000 292.963
15844000 292.963
15845000 292.963
15846000 292.963
15847000 292.963
15848000 292.964
15849000 292.964
15850000 292.964
15851000 292.964
15852000 292.964
15853000 292.964
15854000 292.964
15855000 292.964
15856000 292.964
15857000 292.964
15858000 292.964
15859000 292.963
15860000 292.963
15861000 292.964
15862000 292.963
15863000 292.963
15864000 292.962
15865000 292.962
15866000 292.961
15867000 292.962
15868000 292.961
15869000 292.961
15870000 292.96
15871000 292.96
15872000 292.961
15873000 292.961
15874000 292.961
15875000 292.961
15876000 292.962
15877000 292.961
15878000 292.961
15879000 292.962
15880000 292.962
15881000 292.962
15882000 292.962
15883000 292.962
15884000 292.962
15885000 292.962
15886000 292.962
15887000 292.961
15888000 292.961
15889000 292.961
15890000 292.96
15891000 292.96
15892000 292.961
15893000 292.961
15894000 292.961
15895000 292.961
15896000 292.961
15897000 292.961
15898000 292.961
15899000 292.96
15900000 292.96
15901000 292.96
15902000 292.96
15903000 292.959
15904000 292.959
15905000 292.959
15906000 292.959
15907000 292.959
15908000 292.96
15909000 292.959
15910000 292.959
15911000 292.959
15912000 292.959
15913000 292.959
15914000 292.959
15915000 292.959
15916000 292.959
15917000 292.959
15918000 292.958
15919000 292.958
15920000 292.959
15921000 292.959
15922000 292.959
15923000 292.959
15924000 292.959
15925000 292.96
15926000 292.96
15927000 292.96
15928000 292.96
15929000 292.961
15930000 292.96
15931000 292.96
15932000 292.96
15933000 292.96
15934000 292.96
15935000 292.96
15936000 292.96
15937000 292.96
15938000 292.96
15939000 292.96
15940000 292.959
15941000 292.959
15942000 292.959
15943000 292.959
15944000 292.959
15945000 292.959
15946000 292.958
15947000 292.958
15948000 292.958
15949000 292.958
15950000 292.958
15951000 292.958
15952000 292.959
15953000 292.958
15954000 292.958
15955000 292.958
15956000 292.958
15957000 292.959
15958000 292.959
15959000 292.959
15960000 292.959
15961000 292.96
15962000 292.959
15963000 292.96
15964000 292.96
15965000 292.961
15966000 292.96
15967000 292.96
15968000 292.96
15969000 292.961
15970000 292.961
15971000 292.96
15972000 292.961
15973000 292.961
15974000 292.961
15975000 292.961
15976000 292.96
15977000 292.96
15978000 292.96
15979000 292.959
15980000 292.959
15981000 292.959
15982000 292.959
15983000 292.959
15984000 292.959
15985000 292.959
15986000 292.958
15987000 292.958
15988000 292.958
15989000 292.958
15990000 292.959
15991000 292.959
15992000 292.959
15993000 292.959
15994000 292.96
15995000 292.959
15996000 292.96
15997000 292.96
15998000 292.96
15999000 292.96
16000000 292.96
16001000 292.96
16002000 292.96
16003000 292.96
16004000 292.961
16005000 292.961
16006000 292.961
16007000 292.961
16008000 292.961
16009000 292.962
16010000 292.962
16011000 292.961
16012000 292.961
16013000 292.96
16014000 292.961
16015000 292.96
16016000 292.96
16017000 292.961
16018000 292.961
16019000 292.961
16020000 292.961
16021000 292.96
16022000 292.96
16023000 292.96
16024000 292.96
16025000 292.961
16026000 292.961
16027000 292.961
16028000 292.961
16029000 292.962
16030000 292.962
16031000 292.962
16032000 292.963
16033000 292.963
16034000 292.963
16035000 292.963
16036000 292.963
16037000 292.963
16038000 292.964
16039000 292.964
16040000 292.964
16041000 292.963
16042000 292.963
16043000 292.963
16044000 292.963
16045000 292.963
16046000 292.963
16047000 292.963
16048000 292.963
16049000 292.963
16050000 292.963
16051000 292.963
16052000 292.964
16053000 292.964
16054000 292.964
16055000 292.964
16056000 292.964
16057000 292.964
16058000 292.964
16059000 292.964
16060000 292.964
16061000 292.965
16062000 292.965
16063000 292.965
16064000 292.966
16065000 292.966
16066000 292.965
16067000 292.965
16068000 292.965
16069000 292.965
16070000 292.965
16071000 292.965
16072000 292.965
16073000 292.966
16074000 292.966
16075000 292.966
16076000 292.966
16077000 292.966
16078000 292.966
16079000 292.966
16080000 292.965
16081000 292.965
16082000 292.965
16083000 292.965
16084000 292.965
16085000 292.966
16086000 292.966
16087000 292.965
16088000 292.965
16089000 292.965
16090000 292.965
16091000 292.965
16092000 292.966
16093000 292.966
16094000 292.966
16095000 292.966
16096000 292.966
16097000 292.966
16098000 292.966
16099000 292.966
16100000 292.966
16101000 292.967
16102000 292.967
16103000 292.967
16104000 292.966
16105000 292.967
16106000 292.967
16107000 292.967
16108000 292.967
16109000 292.967
16110000 292.967
16111000 292.967
16112000 292.967
16113000 292.967
16114000 292.967
16115000 292.967
16116000 292.967
16117000 292.968
16118000 292.968
16119000 292.968
16120000 292.967
16121000 292.967
16122000 292.967
16123000 292.967
16124000 292.967
16125000 292.967
16126000 292.967
16127000 292.967
16128000 292.967
16129000 292.967
16130000 292.967
16131000 292.967
16132000 292.966
16133000 292.966
16134000 292.966
16135000 292.966
16136000 292.966
16137000 292.967
16138000 292.966
16139000 292.967
16140000 292.967
16141000 292.966
16142000 292.966
16143000 292.965
16144000 292.965
16145000 292.965
16146000 292.965
16147000 292.965
16148000 292.964
16149000 292.964
16150000 292.964
16151000 292.964
16152000 292.964
16153000 292.964
16154000 292.964
16155000 292.964
16156000 292.964
16157000 292.964
16158000 292.963
16159000 292.963
16160000 292.963
16161000 292.963
16162000 292.962
16163000 292.962
16164000 292.962
16165000 292.962
16166000 292.962
16167000 292.962
16168000 292.961
16169000 292.962
16170000 292.962
16171000 292.962
16172000 292.962
16173000 292.961
16174000 292.961
16175000 292.961
16176000 292.961
16177000 292.961
16178000 292.961
16179000 292.961
16180000 292.961
16181000 292.962
16182000 292.962
16183000 292.962
16184000 292.962
16185000 292.961
16186000 292.962
16187000 292.961
16188000 292.961
16189000 292.961
16190000 292.961
16191000 292.96
16192000 292.96
16193000 292.96
16194000 292.959
16195000 292.959
16196000 292.96
16197000 292.96
16198000 292.96
16199000 292.96
16200000 292.96
16201000 292.96
16202000 292.96
16203000 292.96
16204000 292.96
16205000 292.961
16206000 292.96
16207000 292.96
16208000 292.96
16209000 292.96
16210000 292.96
16211000 292.96
16212000 292.96
16213000 292.96
16214000 292.96
16215000 292.96
16216000 292.96
16217000 292.96
16218000 292.961
16219000 292.961
16220000 292.961
16221000 292.961
16222000 292.961
16223000 292.961
16224000 292.961
16225000 292.961
16226000 292.961
16227000 292.961
16228000 292.961
16229000 292.961
16230000 292.961
16231000 292.96
16232000 292.96
16233000 292.96
16234000 292.961
16235000 292.961
16236000 292.961
16237000 292.962
16238000 292.962
16239000 292.962
16240000 292.962
16241000 292.961
16242000 292.961
16243000 292.961
16244000 292.961
16245000 292.961
16246000 292.96
16247000 292.961
16248000 292.961
16249000 292.961
16250000 292.961
16251000 292.96
16252000 292.96
16253000 292.96
16254000 292.96
16255000 292.96
16256000 292.96
16257000 292.96
16258000 292.96
16259000 292.961
16260000 292.961
16261000 292.961
16262000 292.962
16263000 292.962
16264000 292.962
16265000 292.962
16266000 292.962
16267000 292.961
16268000 292.962
16269000 292.962
16270000 292.962
16271000 292.962
16272000 292.963
16273000 292.962
16274000 292.962
16275000 292.961
16276000 292.961
16277000 292.961
16278000 292.961
16279000 292.962
16280000 292.962
16281000 292.963
16282000 292.963
16283000 292.963
16284000 292.962
16285000 292.963
16286000 292.963
16287000 292.963
16288000 292.963
16289000 292.964
16290000 292.964
16291000 292.965
16292000 292.965
16293000 292.965
16294000 292.965
16295000 292.965
16296000 292.965
16297000 292.965
16298000 292.965
16299000 292.966
16300000 292.966
16301000 292.966
16302000 292.966
16303000 292.966
16304000 292.966
16305000 292.965
16306000 292.965
16307000 292.966
16308000 292.965
16309000 292.966
16310000 292.966
16311000 292.967
16312000 292.967
16313000 292.966
16314000 292.966
16315000 292.966
16316000 292.966
16317000 292.966
16318000 292.966
16319000 292.966
16320000 292.966
16321000 292.966
16322000 292.966
16323000 292.966
16324000 292.966
16325000 292.966
16326000 292.966
16327000 292.967
16328000 292.967
16329000 292.967
16330000 292.967
16331000 292.967
16332000 292.967
16333000 292.968
16334000 292.968
16335000 292.968
16336000 292.968
16337000 292.968
16338000 292.968
16339000 292.968
16340000 292.967
16341000 292.967
16342000 292.967
16343000 292.967
16344000 292.967
16345000 292.967
16346000 292.967
16347000 292.967
16348000 292.967
16349000 292.967
16350000 292.967
16351000 292.967
16352000 292.967
16353000 292.967
16354000 292.967
16355000 292.967
16356000 292.967
16357000 292.968
16358000 292.968
16359000 292.968
16360000 292.968
16361000 292.969
16362000 292.968
16363000 292.968
16364000 292.968
16365000 292.967
16366000 292.967
16367000 292.967
16368000 292.967
16369000 292.966
16370000 292.966
16371000 292.967
16372000 292.967
16373000 292.966
16374000 292.966
16375000 292.967
16376000 292.967
16377000 292.966
16378000 292.967
16379000 292.967
16380000 292.967
16381000 292.966
16382000 292.966
16383000 292.966
16384000 292.966
16385000 292.966
16386000 292.966
16387000 292.966
16388000 292.967
16389000 292.967
16390000 292.967
16391000 292.967
16392000 292.967
16393000 292.966
16394000 292.966
16395000 292.966
16396000 292.965
16397000 292.966
16398000 292.966
16399000 292.966
16400000 292.966
16401000 292.966
16402000 292.966
16403000 292.965
16404000 292.965
16405000 292.965
16406000 292.965
16407000 292.965
16408000 292.965
16409000 292.965
16410000 292.965
16411000 292.965
16412000 292.965
16413000 292.965
16414000 292.965
16415000 292.965
16416000 292.964
16417000 292.964
16418000 292.964
16419000 292.965
16420000 292.964
16421000 292.964
16422000 292.964
16423000 292.965
16424000 292.964
16425000 292.964
16426000 292.964
16427000 292.964
16428000 292.965
16429000 292.965
16430000 292.964
16431000 292.965
16432000 292.965
16433000 292.965
16434000 292.965
16435000 292.965
16436000 292.966
16437000 292.966
16438000 292.967
16439000 292.967
16440000 292.966
16441000 292.966
16442000 292.967
16443000 292.967
16444000 292.967
16445000 292.967
16446000 292.967
16447000 292.966
16448000 292.966
16449000 292.966
16450000 292.966
16451000 292.967
16452000 292.967
16453000 292.967
16454000 292.967
16455000 292.966
16456000 292.966
16457000 292.966
16458000 292.966
16459000 292.967
16460000 292.967
16461000 292.967
16462000 292.967
16463000 292.967
16464000 292.967
16465000 292.967
16466000 292.967
16467000 292.967
16468000 292.967
16469000 292.967
16470000 292.967
16471000 292.967
16472000 292.967
16473000 292.968
16474000 292.967
16475000 292.968
16476000 292.968
16477000 292.968
16478000 292.968
16479000 292.968
16480000 292.967
16481000 292.967
16482000 292.967
16483000 292.967
16484000 292.967
16485000 292.967
16486000 292.967
16487000 292.967
16488000 292.968
16489000 292.968
16490000 292.967
16491000 292.967
16492000 292.967
16493000 292.967
16494000 292.967
16495000 292.967
16496000 292.967
16497000 292.967
16498000 292.967
16499000 292.967
16500000 292.967
16501000 292.967
16502000 292.967
16503000 292.966
16504000 292.966
16505000 292.966
16506000 292.966
16507000 292.966
16508000 292.966
16509000 292.966
16510000 292.967
16511000 292.967
16512000 292.966
16513000 292.966
16514000 292.967
16515000 292.967
16516000 292.967
16517000 292.968
16518000 292.968
16519000 292.968
16520000 292.969
16521000 292.969
16522000 292.969
16523000 292.969
16524000 292.97
16525000 292.97
16526000 292.969
16527000 292.97
16528000 292.97
16529000 292.97
16530000 292.969
16531000 292.969
16532000 292.969
16533000 292.969
16534000 292.97
16535000 292.97
16536000 292.97
16537000 292.97
16538000 292.97
16539000 292.97
16540000 292.97
16541000 292.97
16542000 292.971
16543000 292.97
16544000 292.97
16545000 292.971
16546000 292.971
16547000 292.971
16548000 292.97
16549000 292.97
16550000 292.97
16551000 292.97
16552000 292.97
16553000 292.97
16554000 292.97
16555000 292.97
16556000 292.97
16557000 292.97
16558000 292.971
16559000 292.971
16560000 292.97
16561000 292.97
16562000 292.97
16563000 292.97
16564000 292.97
16565000 292.971
16566000 292.971
16567000 292.971
16568000 292.971
16569000 292.971
16570000 292.971
16571000 292.971
16572000 292.97
16573000 292.97
16574000 292.971
16575000 292.971
16576000 292.971
16577000 292.971
16578000 292.972
16579000 292.972
16580000 292.972
16581000 292.972
16582000 292.973
16583000 292.973
16584000 292.973
16585000 292.973
16586000 292.973
16587000 292.973
16588000 292.973
16589000 292.973
16590000 292.973
16591000 292.973
16592000 292.973
16593000 292.974
16594000 292.974
16595000 292.975
16596000 292.975
16597000 292.975
16598000 292.975
16599000 292.975
16600000 292.975
16601000 292.975
16602000 292.975
16603000 292.975
16604000 292.975
16605000 292.975
16606000 292.975
16607000 292.975
16608000 292.975
16609000 292.975
16610000 292.976
16611000 292.976
16612000 292.976
16613000 292.975
16614000 292.975
16615000 292.975
16616000 292.975
16617000 292.975
16618000 292.975
16619000 292.975
16620000 292.975
16621000 292.975
16622000 292.975
16623000 292.975
16624000 292.975
16625000 292.976
16626000 292.976
16627000 292.976
16628000 292.977
16629000 292.977
16630000 292.977
16631000 292.976
16632000 292.977
16633000 292.977
16634000 292.977
16635000 292.977
16636000 292.977
16637000 292.978
16638000 292.978
16639000 292.978
16640000 292.978
16641000 292.979
16642000 292.979
16643000 292.979
16644000 292.979
16645000 292.979
16646000 292.979
16647000 292.979
16648000 292.979
16649000 292.979
16650000 292.98
16651000 292.98
16652000 292.98
16653000 292.981
16654000 292.98
16655000 292.981
16656000 292.98
16657000 292.98
16658000 292.98
16659000 292.98
16660000 292.98
16661000 292.981
16662000 292.98
16663000 292.98
16664000 292.98
16665000 292.98
16666000 292.98
16667000 292.98
16668000 292.981
16669000 292.981
16670000 292.98
16671000 292.981
16672000 292.981
16673000 292.981
16674000 292.981
16675000 292.981
16676000 292.981
16677000 292.981
16678000 292.981
16679000 292.98
16680000 292.98
16681000 292.98
16682000 292.98
16683000 292.981
16684000 292.98
16685000 292.98
16686000 292.98
16687000 292.98
16688000 292.98
16689000 292.98
16690000 292.98
16691000 292.98
16692000 292.98
16693000 292.98
16694000 292.98
16695000 292.98
16696000 292.98
16697000 292.979
16698000 292.98
16699000 292.98
16700000 292.981
16701000 292.981
16702000 292.982
16703000 292.982
16704000 292.981
16705000 292.981
16706000 292.981
16707000 292.981
16708000 292.981
16709000 292.981
16710000 292.981
16711000 292.981
16712000 292.981
16713000 292.981
16714000 292.981
16715000 292.981
16716000 292.982
16717000 292.982
16718000 292.982
16719000 292.982
16720000 292.982
16721000 292.982
16722000 292.983
16723000 292.983
16724000 292.984
16725000 292.984
16726000 292.984
16727000 292.985
16728000 292.985
16729000 292.985
16730000 292.985
16731000 292.985
16732000 292.985
16733000 292.984
16734000 292.984
16735000 292.984
16736000 292.984
16737000 292.984
16738000 292.984
16739000 292.984
16740000 292.984
16741000 292.984
16742000 292.984
16743000 292.984
16744000 292.984
16745000 292.984
16746000 292.984
16747000 292.984
16748000 292.984
16749000 292.984
16750000 292.984
16751000 292.984
16752000 292.984
16753000 292.985
16754000 292.984
16755000 292.984
16756000 292.985
16757000 292.985
16758000 292.985
16759000 292.984
16760000 292.985
16761000 292.984
16762000 292.984
16763000 292.984
16764000 292.984
16765000 292.984
16766000 292.984
16767000 292.984
16768000 292.984
16769000 292.984
16770000 292.984
16771000 292.984
16772000 292.984
16773000 292.985
16774000 292.985
16775000 292.984
16776000 292.984
16777000 292.984
16778000 292.984
16779000 292.984
16780000 292.985
16781000 292.985
16782000 292.985
16783000 292.985
16784000 292.985
16785000 292.986
16786000 292.986
16787000 292.986
16788000 292.987
16789000 292.987
16790000 292.987
16791000 292.987
16792000 292.987
16793000 292.987
16794000 292.988
16795000 292.988
16796000 292.988
16797000 292.988
16798000 292.988
16799000 292.988
16800000 292.988
16801000 292.988
16802000 292.988
16803000 292.988
16804000 292.988
16805000 292.988
16806000 292.987
16807000 292.988
16808000 292.988
16809000 292.988
16810000 292.988
16811000 292.988
16812000 292.989
16813000 292.989
16814000 292.989
16815000 292.988
16816000 292.988
16817000 292.989
16818000 292.989
16819000 292.989
16820000 292.989
16821000 292.988
16822000 292.988
16823000 292.988
16824000 292.988
16825000 292.988
16826000 292.988
16827000 292.988
16828000 292.988
16829000 292.988
16830000 292.988
16831000 292.988
16832000 292.988
16833000 292.988
16834000 292.988
16835000 292.988
16836000 292.989
16837000 292.989
16838000 292.988
16839000 292.989
16840000 292.989
16841000 292.989
16842000 292.989
16843000 292.989
16844000 292.989
16845000 292.989
16846000 292.988
16847000 292.989
16848000 292.988
16849000 292.988
16850000 292.989
16851000 292.988
16852000 292.989
16853000 292.989
16854000 292.989
16855000 292.989
16856000 292.989
16857000 292.989
16858000 292.989
16859000 292.989
16860000 292.99
16861000 292.99
16862000 292.99
16863000 292.99
16864000 292.99
16865000 292.99
16866000 292.99
16867000 292.99
16868000 292.99
16869000 292.99
16870000 292.991
16871000 292.991
16872000 292.991
16873000 292.991
16874000 292.991
16875000 292.991
16876000 292.991
16877000 292.991
16878000 292.991
16879000 292.991
16880000 292.991
16881000 292.991
16882000 292.992
16883000 292.992
16884000 292.991
16885000 292.991
16886000 292.992
16887000 292.992
16888000 292.992
16889000 292.992
16890000 292.992
16891000 292.992
16892000 292.992
16893000 292.992
16894000 292.992
16895000 292.992
16896000 292.992
16897000 292.991
16898000 292.991
16899000 292.992
16900000 292.992
16901000 292.991
16902000 292.991
16903000 292.991
16904000 292.991
16905000 292.991
16906000 292.991
16907000 292.991
16908000 292.991
16909000 292.991
16910000 292.991
16911000 292.991
16912000 292.991
16913000 292.991
16914000 292.991
16915000 292.991
16916000 292.992
16917000 292.992
16918000 292.992
16919000 292.992
16920000 292.992
16921000 292.992
16922000 292.992
16923000 292.991
16924000 292.991
16925000 292.991
16926000 292.992
16927000 292.991
16928000 292.991
16929000 292.991
16930000 292.991
16931000 292.991
16932000 292.991
16933000 292.99
16934000 292.99
16935000 292.99
16936000 292.99
16937000 292.99
16938000 292.991
16939000 292.991
16940000 292.99
16941000 292.99
16942000 292.99
16943000 292.99
16944000 292.99
16945000 292.99
16946000 292.989
16947000 292.99
16948000 292.99
16949000 292.99
16950000 292.99
16951000 292.99
16952000 292.99
16953000 292.99
16954000 292.99
16955000 292.99
16956000 292.99
16957000 292.99
16958000 292.99
16959000 292.99
16960000 292.99
16961000 292.99
16962000 292.989
16963000 292.989
16964000 292.989
16965000 292.989
16966000 292.989
16967000 292.989
16968000 292.988
16969000 292.989
16970000 292.988
16971000 292.988
16972000 292.988
16973000 292.988
16974000 292.988
16975000 292.988
16976000 292.988
16977000 292.988
16978000 292.988
16979000 292.988
16980000 292.988
16981000 292.987
16982000 292.988
16983000 292.988
16984000 292.988
16985000 292.987
16986000 292.987
16987000 292.988
16988000 292.988
16989000 292.988
16990000 292.988
16991000 292.988
16992000 292.988
16993000 292.988
16994000 292.987
16995000 292.988
16996000 292.988
16997000 292.988
16998000 292.988
16999000 292.987
17000000 292.988
17001000 292.987
17002000 292.987
17003000 292.988
17004000 292.987
17005000 292.987
17006000 292.987
17007000 292.987
17008000 292.988
17009000 292.987
17010000 292.987
17011000 292.987
17012000 292.988
17013000 292.987
17014000 292.987
17015000 292.988
17016000 292.987
17017000 292.987
17018000 292.987
17019000 292.987
17020000 292.987
17021000 292.987
17022000 292.987
17023000 292.987
17024000 292.987
17025000 292.987
17026000 292.987
17027000 292.986
17028000 292.986
17029000 292.986
17030000 292.986
17031000 292.986
17032000 292.986
17033000 292.986
17034000 292.987
17035000 292.986
17036000 292.986
17037000 292.986
17038000 292.986
17039000 292.986
17040000 292.986
17041000 292.985
17042000 292.985
17043000 292.985
17044000 292.985
17045000 292.985
17046000 292.985
17047000 292.985
17048000 292.985
17049000 292.985
17050000 292.985
17051000 292.985
17052000 292.985
17053000 292.985
17054000 292.985
17055000 292.985
17056000 292.986
17057000 292.986
17058000 292.985
17059000 292.985
17060000 292.985
17061000 292.985
17062000 292.985
17063000 292.985
17064000 292.985
17065000 292.985
17066000 292.985
17067000 292.985
17068000 292.985
17069000 292.986
17070000 292.985
17071000 292.986
17072000 292.986
17073000 292.985
17074000 292.986
17075000 292.986
17076000 292.986
17077000 292.986
17078000 292.987
17079000 292.987
17080000 292.987
17081000 292.987
17082000 292.986
17083000 292.987
17084000 292.987
17085000 292.987
17086000 292.987
17087000 292.986
17088000 292.987
17089000 292.986
17090000 292.986
17091000 292.985
17092000 292.985
17093000 292.985
17094000 292.985
17095000 292.985
17096000 292.985
17097000 292.986
17098000 292.986
17099000 292.986
17100000 292.987
17101000 292.987
17102000 292.987
17103000 292.987
17104000 292.987
17105000 292.987
17106000 292.987
17107000 292.987
17108000 292.987
17109000 292.987
17110000 292.987
17111000 292.987
17112000 292.987
17113000 292.987
17114000 292.988
17115000 292.988
17116000 292.988
17117000 292.987
17118000 292.987
17119000 292.988
17120000 292.988
17121000 292.988
17122000 292.988
17123000 292.989
17124000 292.988
17125000 292.988
17126000 292.988
17127000 292.987
17128000 292.987
17129000 292.987
17130000 292.987
17131000 292.987
17132000 292.987
17133000 292.988
17134000 292.988
17135000 292.988
17136000 292.988
17137000 292.988
17138000 292.988
17139000 292.988
17140000 292.988
17141000 292.988
17142000 292.988
17143000 292.988
17144000 292.988
17145000 292.987
17146000 292.987
17147000 292.988
17148000 292.988
17149000 292.988
17150000 292.988
17151000 292.988
17152000 292.988
17153000 292.988
17154000 292.988
17155000 292.988
17156000 292.988
17157000 292.988
17158000 292.989
17159000 292.988
17160000 292.989
17161000 292.988
17162000 292.988
17163000 292.988
17164000 292.988
17165000 292.988
17166000 292.988
17167000 292.988
17168000 292.988
17169000 292.988
17170000 292.988
17171000 292.988
17172000 292.988
17173000 292.989
17174000 292.988
17175000 292.988
17176000 292.988
17177000 292.988
17178000 292.988
17179000 292.987
17180000 292.987
17181000 292.988
17182000 292.988
17183000 292.988
17184000 292.989
17185000 292.989
17186000 292.989
17187000 292.989
17188000 292.988
17189000 292.989
17190000 292.989
17191000 292.989
17192000 292.989
17193000 292.988
17194000 292.988
17195000 292.988
17196000 292.988
17197000 292.988
17198000 292.988
17199000 292.988
17200000 292.988
17201000 292.988
17202000 292.988
17203000 292.988
17204000 292.988
17205000 292.988
17206000 292.988
17207000 292.988
17208000 292.988
17209000 292.988
17210000 292.988
17211000 292.988
17212000 292.988
17213000 292.988
17214000 292.988
17215000 292.988
17216000 292.988
17217000 292.988
17218000 292.988
17219000 292.988
17220000 292.988
17221000 292.988
17222000 292.988
17223000 292.988
17224000 292.988
17225000 292.988
17226000 292.987
17227000 292.988
17228000 292.988
17229000 292.988
17230000 292.987
17231000 292.987
17232000 292.987
17233000 292.987
17234000 292.987
17235000 292.987
17236000 292.987
17237000 292.987
17238000 292.987
17239000 292.987
17240000 292.988
17241000 292.988
17242000 292.988
17243000 292.988
17244000 292.988
17245000 292.988
17246000 292.988
17247000 292.988
17248000 292.988
17249000 292.988
17250000 292.989
17251000 292.988
17252000 292.988
17253000 292.989
17254000 292.989
17255000 292.989
17256000 292.989
17257000 292.989
17258000 292.989
17259000 292.989
17260000 292.989
17261000 292.989
17262000 292.989
17263000 292.989
17264000 292.99
17265000 292.99
17266000 292.99
17267000 292.99
17268000 292.99
17269000 292.99
17270000 292.99
17271000 292.989
17272000 292.99
17273000 292.989
17274000 292.989
17275000 292.989
17276000 292.989
17277000 292.99
17278000 292.99
17279000 292.99
17280000 292.99
17281000 292.99
17282000 292.99
17283000 292.99
17284000 292.99
17285000 292.99
17286000 292.99
17287000 292.991
17288000 292.99
17289000 292.99
17290000 292.99
17291000 292.99
17292000 292.99
17293000 292.99
17294000 292.99
17295000 292.991
17296000 292.991
17297000 292.99
17298000 292.99
17299000 292.99
17300000 292.991
17301000 292.99
17302000 292.991
17303000 292.991
17304000 292.991
17305000 292.991
17306000 292.991
17307000 292.991
17308000 292.991
17309000 292.99
17310000 292.991
17311000 292.991
17312000 292.991
17313000 292.991
17314000 292.991
17315000 292.992
17316000 292.992
17317000 292.992
17318000 292.992
17319000 292.992
17320000 292.992
17321000 292.992
17322000 292.992
17323000 292.991
17324000 292.991
17325000 292.992
17326000 292.992
17327000 292.992
17328000 292.992
17329000 292.991
17330000 292.991
17331000 292.991
17332000 292.99
17333000 292.99
17334000 292.99
17335000 292.99
17336000 292.99
17337000 292.99
17338000 292.99
17339000 292.99
17340000 292.99
17341000 292.99
17342000 292.99
17343000 292.99
17344000 292.99
17345000 292.99
17346000 292.99
17347000 292.99
17348000 292.991
17349000 292.99
17350000 292.99
17351000 292.99
17352000 292.99
17353000 292.99
17354000 292.99
17355000 292.989
17356000 292.989
17357000 292.989
17358000 292.99
17359000 292.99
17360000 292.99
17361000 292.99
17362000 292.99
17363000 292.989
17364000 292.989
17365000 292.989
17366000 292.989
17367000 292.989
17368000 292.989
17369000 292.989
17370000 292.988
17371000 292.988
17372000 292.988
17373000 292.988
17374000 292.988
17375000 292.988
17376000 292.988
17377000 292.988
17378000 292.988
17379000 292.988
17380000 292.988
17381000 292.988
17382000 292.987
17383000 292.988
17384000 292.988
17385000 292.988
17386000 292.988
17387000 292.988
17388000 292.988
17389000 292.988
17390000 292.989
17391000 292.989
17392000 292.989
17393000 292.989
17394000 292.989
17395000 292.989
17396000 292.989
17397000 292.989
17398000 292.99
17399000 292.99
17400000 292.99
17401000 292.991
17402000 292.991
17403000 292.991
17404000 292.991
17405000 292.99
17406000 292.99
17407000 292.991
17408000 292.991
17409000 292.991
17410000 292.991
17411000 292.991
17412000 292.991
17413000 292.991
17414000 292.991
17415000 292.991
17416000 292.991
17417000 292.991
17418000 292.991
17419000 292.991
17420000 292.991
17421000 292.992
17422000 292.992
17423000 292.992
17424000 292.992
17425000 292.992
17426000 292.992
17427000 292.992
17428000 292.992
17429000 292.993
17430000 292.993
17431000 292.993
17432000 292.993
17433000 292.993
17434000 292.993
17435000 292.993
17436000 292.993
17437000 292.993
17438000 292.993
17439000 292.993
17440000 292.993
17441000 292.993
17442000 292.993
17443000 292.993
17444000 292.993
17445000 292.993
17446000 292.993
17447000 292.994
17448000 292.994
17449000 292.994
17450000 292.994
17451000 292.994
17452000 292.994
17453000 292.994
17454000 292.994
17455000 292.994
17456000 292.994
17457000 292.994
17458000 292.994
17459000 292.995
17460000 292.995
17461000 292.995
17462000 292.994
17463000 292.995
17464000 292.995
17465000 292.995
17466000 292.995
17467000 292.995
17468000 292.995
17469000 292.995
17470000 292.996
17471000 292.996
17472000 292.996
17473000 292.996
17474000 292.996
17475000 292.997
17476000 292.997
17477000 292.997
17478000 292.997
17479000 292.997
17480000 292.997
17481000 292.997
17482000 292.997
17483000 292.996
17484000 292.996
17485000 292.997
17486000 292.997
17487000 292.997
17488000 292.997
17489000 292.997
17490000 292.997
17491000 292.998
17492000 292.997
17493000 292.998
17494000 292.998
17495000 292.998
17496000 292.998
17497000 292.998
17498000 292.998
17499000 292.998
17500000 292.998
17501000 292.998
17502000 292.999
17503000 292.998
17504000 292.998
17505000 292.998
17506000 292.997
17507000 292.997
17508000 292.997
17509000 292.997
17510000 292.996
17511000 292.996
17512000 292.996
17513000 292.996
17514000 292.997
17515000 292.997
17516000 292.997
17517000 292.997
17518000 292.997
17519000 292.998
17520000 292.997
17521000 292.998
17522000 292.998
17523000 292.999
17524000 292.999
17525000 292.999
17526000 292.999
17527000 292.999
17528000 292.999
17529000 292.998
17530000 292.998
17531000 292.998
17532000 292.998
17533000 292.998
17534000 292.998
17535000 292.997
17536000 292.997
17537000 292.998
17538000 292.997
17539000 292.997
17540000 292.997
17541000 292.997
17542000 292.997
17543000 292.996
17544000 292.996
17545000 292.996
17546000 292.997
17547000 292.997
17548000 292.997
17549000 292.997
17550000 292.997
17551000 292.997
17552000 292.997
17553000 292.997
17554000 292.997
17555000 292.997
17556000 292.997
17557000 292.997
17558000 292.997
17559000 292.997
17560000 292.997
17561000 292.997
17562000 292.998
17563000 292.997
17564000 292.998
17565000 292.997
17566000 292.997
17567000 292.997
17568000 292.997
17569000 292.997
17570000 292.997
17571000 292.997
17572000 292.997
17573000 292.997
17574000 292.998
17575000 292.998
17576000 292.998
17577000 292.998
17578000 292.998
17579000 292.998
17580000 292.998
17581000 292.998
17582000 292.997
17583000 292.998
17584000 292.998
17585000 292.998
17586000 292.998
17587000 292.998
17588000 292.998
17589000 292.998
17590000 292.998
17591000 292.998
17592000 292.998
17593000 292.999
17594000 292.999
17595000 292.999
17596000 292.998
17597000 292.999
17598000 292.999
17599000 292.999
17600000 292.999
17601000 292.999
17602000 292.999
17603000 292.999
17604000 292.999
17605000 292.999
17606000 292.999
17607000 292.999
17608000 292.999
17609000 292.999
17610000 292.999
17611000 292.998
17612000 292.999
17613000 292.999
17614000 292.999
17615000 292.999
17616000 292.999
17617000 292.999
17618000 292.999
17619000 292.999
17620000 292.999
17621000 292.999
17622000 292.999
17623000 292.999
17624000 292.998
17625000 292.998
17626000 292.999
17627000 292.999
17628000 292.999
17629000 292.999
17630000 292.999
17631000 292.999
17632000 292.999
17633000 292.999
17634000 292.999
17635000 292.999
17636000 292.998
17637000 292.999
17638000 292.999
17639000 292.999
17640000 292.999
17641000 292.999
17642000 292.999
17643000 292.999
17644000 292.999
17645000 292.999
17646000 292.999
17647000 292.999
17648000 292.999
17649000 292.999
17650000 292.999
17651000 292.999
17652000 292.999
17653000 292.999
17654000 292.999
17655000 292.999
17656000 292.999
17657000 293
17658000 292.999
17659000 292.999
17660000 292.999
17661000 292.999
17662000 292.999
17663000 292.999
17664000 292.999
17665000 292.999
17666000 292.999
17667000 292.999
17668000 292.999
17669000 292.999
17670000 292.999
17671000 292.999
17672000 292.999
17673000 292.999
17674000 292.999
17675000 292.999
17676000 292.999
17677000 292.999
17678000 292.999
17679000 293
17680000 293
17681000 293
17682000 293
17683000 293.001
17684000 293.001
17685000 293.001
17686000 293.001
17687000 293.001
17688000 293
17689000 293
17690000 293
17691000 293
17692000 293
17693000 293
17694000 293
17695000 293
17696000 292.999
17697000 292.999
17698000 292.999
17699000 292.999
17700000 292.999
17701000 292.999
17702000 293
17703000 293
17704000 293
17705000 293
17706000 293
17707000 293
17708000 293
17709000 293
17710000 293
17711000 293
17712000 293.001
17713000 293.001
17714000 293.001
17715000 293.001
17716000 293.001
17717000 293.001
17718000 293.001
17719000 293.001
17720000 293.001
17721000 293.001
17722000 293.001
17723000 293.001
17724000 293.001
17725000 293.001
17726000 293.001
17727000 293.001
17728000 293.001
17729000 293.001
17730000 293.001
17731000 293
17732000 293
17733000 293
17734000 293
17735000 293
17736000 293.001
17737000 293
17738000 293.001
17739000 293.001
17740000 293.001
17741000 293.001
17742000 293.001
17743000 293.001
17744000 293.001
17745000 293.001
17746000 293.001
17747000 293.001
17748000 293.001
17749000 293.001
17750000 293
17751000 293.001
17752000 293
17753000 293
17754000 293
17755000 292.999
17756000 293
17757000 293
17758000 293
17759000 293
17760000 293
17761000 293
17762000 293
17763000 293.001
17764000 293.001
17765000 293.001
17766000 293.001
17767000 293.001
17768000 293.001
17769000 293.001
17770000 293.001
17771000 293.001
17772000 293.001
17773000 293.002
17774000 293.001
17775000 293.001
17776000 293.001
17777000 293.002
17778000 293.002
17779000 293.002
17780000 293.002
17781000 293.002
17782000 293.003
17783000 293.003
17784000 293.002
17785000 293.002
17786000 293.002
17787000 293.002
17788000 293.002
17789000 293.001
17790000 293.001
17791000 293.001
17792000 293.001
17793000 293.001
17794000 293.001
17795000 293.001
17796000 293.001
17797000 293.001
17798000 293.001
17799000 293.001
17800000 293.001
17801000 293.001
17802000 293.001
17803000 293.001
17804000 293.001
17805000 293.001
17806000 293.001
17807000 293.002
17808000 293.002
17809000 293.002
17810000 293.002
17811000 293.002
17812000 293.002
17813000 293.002
17814000 293.002
17815000 293.002
17816000 293.003
17817000 293.003
17818000 293.003
17819000 293.003
17820000 293.003
17821000 293.003
17822000 293.003
17823000 293.003
17824000 293.003
17825000 293.003
17826000 293.003
17827000 293.003
17828000 293.002
17829000 293.002
17830000 293.002
17831000 293.002
17832000 293.002
17833000 293.002
17834000 293.002
17835000 293.002
17836000 293.002
17837000 293.002
17838000 293.002
17839000 293.002
17840000 293.003
17841000 293.002
17842000 293.002
17843000 293.002
17844000 293.002
17845000 293.002
17846000 293.002
17847000 293.001
17848000 293.002
17849000 293.002
17850000 293.001
17851000 293.001
17852000 293.001
17853000 293.002
17854000 293.001
17855000 293.001
17856000 293.002
17857000 293.001
17858000 293.001
17859000 293.001
17860000 293.001
17861000 293.001
17862000 293.002
17863000 293.002
17864000 293.002
17865000 293.002
17866000 293.002
17867000 293.002
17868000 293.002
17869000 293.002
17870000 293.002
17871000 293.002
17872000 293.002
17873000 293.003
17874000 293.003
17875000 293.003
17876000 293.003
17877000 293.003
17878000 293.003
17879000 293.004
17880000 293.004
17881000 293.003
17882000 293.003
17883000 293.003
17884000 293.003
17885000 293.003
17886000 293.003
17887000 293.003
17888000 293.003
17889000 293.003
17890000 293.003
17891000 293.003
17892000 293.003
17893000 293.003
17894000 293.003
17895000 293.003
17896000 293.003
17897000 293.003
17898000 293.003
17899000 293.002
17900000 293.002
17901000 293.002
17902000 293.003
17903000 293.002
17904000 293.002
17905000 293.002
17906000 293.001
17907000 293.001
17908000 293.002
17909000 293.002
17910000 293.002
17911000 293.002
17912000 293.002
17913000 293.001
17914000 293.001
17915000 293.001
17916000 293.001
17917000 293.001
17918000 293.001
17919000 293.002
17920000 293.002
17921000 293.002
17922000 293.002
17923000 293.002
17924000 293.002
17925000 293.002
17926000 293.003
17927000 293.002
17928000 293.002
17929000 293.002
17930000 293.003
17931000 293.003
17932000 293.003
17933000 293.003
17934000 293.003
17935000 293.003
17936000 293.004
17937000 293.004
17938000 293.004
17939000 293.004
17940000 293.004
17941000 293.004
17942000 293.004
17943000 293.004
17944000 293.004
17945000 293.004
17946000 293.004
17947000 293.004
17948000 293.005
17949000 293.005
17950000 293.004
17951000 293.005
17952000 293.005
17953000 293.005
17954000 293.005
17955000 293.004
17956000 293.004
17957000 293.004
17958000 293.004
17959000 293.004
17960000 293.004
17961000 293.004
17962000 293.004
17963000 293.003
17964000 293.004
17965000 293.004
17966000 293.003
17967000 293.004
17968000 293.004
17969000 293.004
17970000 293.004
17971000 293.004
17972000 293.004
17973000 293.003
17974000 293.003
17975000 293.003
17976000 293.003
17977000 293.003
17978000 293.003
17979000 293.003
17980000 293.003
17981000 293.003
17982000 293.003
17983000 293.003
17984000 293.003
17985000 293.003
17986000 293.003
17987000 293.003
17988000 293.003
17989000 293.003
17990000 293.003
17991000 293.003
17992000 293.003
17993000 293.003
17994000 293.003
17995000 293.003
17996000 293.003
17997000 293.003
17998000 293.003
17999000 293.003
18000000 293.003
