# Time-averaged data for fix pave
# TimeStep v_pressure
18001000 966.966
18002000 990.194
18003000 985.321
18004000 984.673
18005000 980.582
18006000 986.923
18007000 984.542
18008000 987.478
18009000 987.823
18010000 987.216
18011000 985.217
18012000 989.175
18013000 987.582
18014000 987.438
18015000 986.876
18016000 986.335
18017000 987.185
18018000 986.628
18019000 988.231
18020000 986.602
18021000 986.953
18022000 987.441
18023000 986.997
18024000 987.33
18025000 986.869
18026000 985.594
18027000 986.889
18028000 986.613
18029000 986.388
18030000 987.199
18031000 987.077
18032000 986.56
18033000 986.385
18034000 986.088
18035000 986.409
18036000 987.206
18037000 986.518
18038000 986.831
18039000 987.309
18040000 987.033
18041000 986.341
18042000 986.982
18043000 986.981
18044000 987.042
18045000 986.955
18046000 986.735
18047000 986.943
18048000 986.566
18049000 987.292
18050000 986.486
18051000 987.292
18052000 986.968
18053000 986.585
18054000 986.666
18055000 987.032
18056000 987.221
18057000 987.373
18058000 986.744
18059000 987.087
18060000 987.693
18061000 986.863
18062000 987.002
18063000 987.377
18064000 987.061
18065000 987.193
18066000 987.158
18067000 987.053
18068000 987.238
18069000 987.019
18070000 987.107
18071000 987.257
18072000 987.091
18073000 987.176
18074000 986.952
18075000 987.069
18076000 987.172
18077000 986.919
18078000 987.345
18079000 987.147
18080000 987.092
18081000 987.207
18082000 987.083
18083000 987.141
18084000 987.014
18085000 986.81
18086000 987.007
18087000 986.871
18088000 987.064
18089000 986.633
18090000 987.192
18091000 987.122
18092000 987.071
18093000 987.149
18094000 986.741
18095000 987.198
18096000 987.04
18097000 986.907
18098000 986.753
18099000 987.221
18100000 987.018
18101000 987.321
18102000 987.069
18103000 987.096
18104000 987.07
18105000 986.847
18106000 987.244
18107000 987.129
18108000 987.072
18109000 987.13
18110000 986.974
18111000 987.05
18112000 986.968
18113000 986.973
18114000 986.882
18115000 987.091
18116000 986.991
18117000 987.343
18118000 987.118
18119000 987.226
18120000 986.98
18121000 986.861
18122000 986.986
18123000 987.017
18124000 987.02
18125000 987.079
18126000 987.163
18127000 987.111
18128000 987.162
18129000 987.114
18130000 987.225
18131000 987.094
18132000 986.993
18133000 987.079
18134000 986.892
18135000 986.901
18136000 987.032
18137000 987.034
18138000 987.065
18139000 987.17
18140000 987.279
18141000 987.086
18142000 987.079
18143000 986.819
18144000 987.038
18145000 986.96
18146000 987.029
18147000 987.205
18148000 987.145
18149000 987.06
18150000 987.125
18151000 987.047
18152000 987.067
18153000 987.042
18154000 987.175
18155000 987.116
18156000 986.992
18157000 986.989
18158000 987.069
18159000 987.213
18160000 987.105
18161000 987.006
18162000 987.11
18163000 986.997
18164000 987.128
18165000 986.977
18166000 987.068
18167000 986.93
18168000 986.933
18169000 986.911
18170000 987.129
18171000 987.053
18172000 986.951
18173000 987.099
18174000 987.014
18175000 986.988
18176000 987.158
18177000 987.141
18178000 987.108
18179000 987.045
18180000 987.132
18181000 987.059
18182000 987.067
18183000 987.011
18184000 987.095
18185000 987.059
18186000 987.079
18187000 986.978
18188000 986.991
18189000 987.303
18190000 987.098
18191000 987.097
18192000 986.923
18193000 987.018
18194000 987.001
18195000 986.973
18196000 987.23
18197000 987.061
18198000 987.147
18199000 987.171
18200000 987.168
18201000 987.034
18202000 987.042
18203000 987.116
18204000 987.116
18205000 987.093
18206000 987.062
18207000 987.077
18208000 987.056
18209000 987.02
18210000 987.207
18211000 987.115
18212000 987.047
18213000 987.13
18214000 987.079
18215000 987.031
18216000 987.179
18217000 987.04
18218000 987.208
18219000 987.026
18220000 987.05
18221000 986.981
18222000 987.188
18223000 987.068
18224000 987.149
18225000 987.046
18226000 987.16
18227000 987.115
18228000 987.088
18229000 987.137
18230000 987.012
18231000 987.156
18232000 987.061
18233000 987.128
18234000 987.098
18235000 987.153
18236000 987.094
18237000 987.032
18238000 987.015
18239000 987.034
18240000 987.08
18241000 987.134
18242000 987.127
18243000 987.116
18244000 987.102
18245000 987.065
18246000 987.209
18247000 987.179
18248000 987.011
18249000 987.111
18250000 987.144
18251000 987.156
18252000 987.171
18253000 987.149
18254000 987.149
18255000 987.137
18256000 987.092
18257000 987.086
18258000 987.028
18259000 987.131
18260000 987.152
18261000 987.102
18262000 987.154
18263000 987.159
18264000 987.152
18265000 987.091
18266000 987.049
18267000 987.197
18268000 987.149
18269000 987.172
18270000 987.151
18271000 987.089
18272000 987.159
18273000 987.032
18274000 987.137
18275000 987.14
18276000 987.085
18277000 987.041
18278000 987.093
18279000 987.086
18280000 987.152
18281000 987.157
18282000 987.1
18283000 987.076
18284000 987.129
18285000 987.206
18286000 987.115
18287000 987.107
18288000 987.164
18289000 987.09
18290000 987.082
18291000 987.101
18292000 987.046
18293000 987.208
18294000 987.08
18295000 987.127
18296000 987.116
18297000 987.191
18298000 987.041
18299000 987.114
18300000 987.099
18301000 987.082
18302000 987.084
18303000 987.185
18304000 987.055
18305000 987.125
18306000 987.085
18307000 987.13
18308000 987.09
18309000 987.048
18310000 987.223
18311000 987.134
18312000 987.082
18313000 987.035
18314000 987.098
18315000 987.085
18316000 987.134
18317000 987.073
18318000 987.112
18319000 987.116
18320000 987.044
18321000 987.109
18322000 987.066
18323000 987.118
18324000 987.112
18325000 987.115
18326000 987.077
18327000 987.073
18328000 987.037
18329000 987.091
18330000 987.056
18331000 987.053
18332000 987.029
18333000 987.143
18334000 987.094
18335000 987.248
18336000 987.107
18337000 987.068
18338000 987.072
18339000 987.113
18340000 987.084
18341000 987.083
18342000 987.128
18343000 987.065
18344000 987.142
18345000 987.099
18346000 987.017
18347000 987.09
18348000 987.133
18349000 987.037
18350000 987.075
18351000 987.128
18352000 987.178
18353000 987.079
18354000 987.098
18355000 987.072
18356000 987.082
18357000 987.122
18358000 987.098
18359000 987.057
18360000 987.042
18361000 987.112
18362000 987.086
18363000 987.107
18364000 987.099
18365000 987.073
18366000 987.06
18367000 987.105
18368000 987.028
18369000 987.115
18370000 987.149
18371000 987.142
18372000 987.098
18373000 987.091
18374000 987.132
18375000 987.08
18376000 987.07
18377000 987.04
18378000 987.13
18379000 987.099
18380000 987.036
18381000 987.113
18382000 987.141
18383000 987.164
18384000 987.076
18385000 987.013
18386000 987.067
18387000 987.062
18388000 987.027
18389000 987.082
18390000 987.072
18391000 987.116
18392000 987.063
18393000 987.142
18394000 987.13
18395000 987.04
18396000 987.05
18397000 987.083
18398000 987.086
18399000 987.115
18400000 987.052
18401000 987.111
18402000 987.049
18403000 987.075
18404000 987.078
18405000 987.083
18406000 987.04
18407000 987.087
18408000 987.044
18409000 987.066
18410000 987.139
18411000 987.085
18412000 987.135
18413000 987.138
18414000 987.056
18415000 987.102
18416000 987.099
18417000 987.149
18418000 987.068
18419000 987.083
18420000 987.082
18421000 987.092
18422000 987.102
18423000 987.137
18424000 987.092
18425000 987.078
18426000 987.033
18427000 987.125
18428000 987.194
18429000 987.053
18430000 987.126
18431000 987.135
18432000 987.066
18433000 987.112
18434000 987.098
18435000 987.069
18436000 987.1
18437000 987.104
18438000 987.059
18439000 987.077
18440000 987.108
18441000 987.104
18442000 987.07
18443000 987.042
18444000 987.115
18445000 987.095
18446000 987.088
18447000 987.134
18448000 987.071
18449000 987.144
18450000 987.075
18451000 987.081
18452000 987.129
18453000 987.078
18454000 987.131
18455000 987.071
18456000 987.119
18457000 987.108
18458000 987.111
18459000 987.084
18460000 987.079
18461000 987.034
18462000 987.066
18463000 987.107
18464000 987.053
18465000 987.133
18466000 987.079
18467000 987.098
18468000 987.114
18469000 987.049
18470000 987.103
18471000 987.067
18472000 987.104
18473000 987.065
18474000 987.028
18475000 987.119
18476000 987.089
18477000 987.087
18478000 987.104
18479000 987.126
18480000 987.079
18481000 987.092
18482000 987.088
18483000 987.105
18484000 987.114
18485000 987.043
18486000 987.017
18487000 987.097
18488000 987.063
18489000 987.122
18490000 987.101
18491000 987.08
18492000 987.068
18493000 987.077
18494000 987.111
18495000 987.101
18496000 987.137
18497000 987.082
18498000 987.142
18499000 987.078
18500000 987.113
18501000 987.096
18502000 987.091
18503000 987.087
18504000 987.082
18505000 987.049
18506000 987.128
18507000 987.076
18508000 987.07
18509000 987.11
18510000 987.068
18511000 987.065
18512000 987.082
18513000 987.059
18514000 987.137
18515000 987.058
18516000 987.057
18517000 987.096
18518000 987.122
18519000 987.11
18520000 987.082
18521000 987.095
18522000 987.089
18523000 987.109
18524000 987.055
18525000 987.084
18526000 987.136
18527000 987.094
18528000 987.122
18529000 987.155
18530000 987.075
18531000 987.071
18532000 987.1
18533000 987.111
18534000 987.121
18535000 987.075
18536000 987.075
18537000 987.138
18538000 987.109
18539000 987.153
18540000 987.08
18541000 987.101
18542000 987.099
18543000 987.127
18544000 987.075
18545000 987.098
18546000 987.12
18547000 987.103
18548000 987.095
18549000 987.064
18550000 987.105
18551000 987.084
18552000 987.098
18553000 987.087
18554000 987.106
18555000 987.031
18556000 987.098
18557000 987.045
18558000 987.052
18559000 987.081
18560000 987.154
18561000 987.112
18562000 987.115
18563000 987.102
18564000 987.082
18565000 987.081
18566000 987.07
18567000 987.067
18568000 987.109
18569000 987.08
18570000 987.065
18571000 987.071
18572000 987.095
18573000 987.089
18574000 987.11
18575000 987.1
18576000 987.097
18577000 987.092
18578000 987.089
18579000 987.061
18580000 987.076
18581000 987.104
18582000 987.094
18583000 987.095
18584000 987.098
18585000 987.106
18586000 987.129
18587000 987.135
18588000 987.099
18589000 987.07
18590000 987.084
18591000 987.08
18592000 987.073
18593000 987.06
18594000 987.083
18595000 987.08
18596000 987.032
18597000 987.077
18598000 987.085
18599000 987.069
18600000 987.086
18601000 987.078
18602000 987.087
18603000 987.116
18604000 987.058
18605000 987.13
18606000 987.103
18607000 987.071
18608000 987.069
18609000 987.117
18610000 987.033
18611000 987.069
18612000 987.087
18613000 987.065
18614000 987.045
18615000 987.054
18616000 987.071
18617000 987.077
18618000 987.092
18619000 987.042
18620000 987.063
18621000 987.085
18622000 987.05
18623000 987.082
18624000 987.098
18625000 987.068
18626000 987.082
18627000 987.063
18628000 987.071
18629000 987.077
18630000 987.091
18631000 987.071
18632000 987.046
18633000 987.095
18634000 987.029
18635000 987.089
18636000 987.095
18637000 987.048
18638000 987.109
18639000 987.088
18640000 987.034
18641000 987.076
18642000 987.057
18643000 987.079
18644000 987.078
18645000 987.043
18646000 987.059
18647000 987.069
18648000 987.057
18649000 987.104
18650000 987.057
18651000 987.043
18652000 987.017
18653000 987.064
18654000 987.036
18655000 987.05
18656000 987.089
18657000 987.07
18658000 987.043
18659000 987.081
18660000 987.057
18661000 987.059
18662000 987.041
18663000 987.068
18664000 987.039
18665000 987.077
18666000 987.058
18667000 987.07
18668000 987.061
18669000 987.058
18670000 987.053
18671000 987.058
18672000 987.069
18673000 987.009
18674000 987.063
18675000 987.028
18676000 987.073
18677000 987.067
18678000 987.063
18679000 987.099
18680000 987.039
18681000 987.057
18682000 987.051
18683000 987.054
18684000 987.071
18685000 987.036
18686000 987.066
18687000 987.043
18688000 987.046
18689000 987.058
18690000 987.068
18691000 987.077
18692000 987.056
18693000 987.126
18694000 987.083
18695000 987.063
18696000 987.074
18697000 987.062
18698000 987.132
18699000 987.083
18700000 987.056
18701000 987.077
18702000 987.07
18703000 987.046
18704000 987.074
18705000 987.045
18706000 987.007
18707000 987.085
18708000 987.064
18709000 987.083
18710000 987.081
18711000 987.056
18712000 987.083
18713000 987.074
18714000 987.033
18715000 987.054
18716000 987.037
18717000 987.055
18718000 987.088
18719000 987.063
18720000 987.058
18721000 987.062
18722000 987.067
18723000 987.038
18724000 987.054
18725000 987.036
18726000 987.034
18727000 987.047
18728000 987.033
18729000 987.02
18730000 987.069
18731000 987.067
18732000 987.009
18733000 987.071
18734000 987.043
18735000 987.061
18736000 987.013
18737000 987.054
18738000 987.024
18739000 987.024
18740000 987.069
18741000 987.04
18742000 987.054
18743000 987.076
18744000 987.096
18745000 987.064
18746000 987.057
18747000 987.043
18748000 987.024
18749000 987.067
18750000 987.045
18751000 987.051
18752000 987.021
18753000 987.042
18754000 987.051
18755000 987.035
18756000 987.05
18757000 987.035
18758000 987.054
18759000 987.064
18760000 987.037
18761000 987.041
18762000 987.075
18763000 987.075
18764000 987.049
18765000 987.063
18766000 987.055
18767000 987.036
18768000 987.031
18769000 987.029
18770000 987.041
18771000 987.063
18772000 987.037
18773000 987.039
18774000 987.079
18775000 987.06
18776000 987.013
18777000 987.051
18778000 987.063
18779000 987.056
18780000 987.063
18781000 987.055
18782000 987.092
18783000 987.061
18784000 987.075
18785000 987.034
18786000 987.053
18787000 987.05
18788000 987.076
18789000 987.043
18790000 987.046
18791000 987.057
18792000 987.059
18793000 987.041
18794000 987.024
18795000 987.044
18796000 987.064
18797000 987.051
18798000 987.011
18799000 987.06
18800000 987.06
18801000 987.057
18802000 987.079
18803000 987.029
18804000 987.063
18805000 987.061
18806000 987.066
18807000 987.058
18808000 987.057
18809000 987.058
18810000 987.039
18811000 987.069
18812000 987.035
18813000 987.034
18814000 987.056
18815000 987.046
18816000 987.022
18817000 987.036
18818000 987.023
18819000 987.034
18820000 987.072
18821000 987.06
18822000 987.025
18823000 987.048
18824000 987.061
18825000 987.055
18826000 987.061
18827000 987.029
18828000 987.033
18829000 987.073
18830000 987.043
18831000 987.051
18832000 987.05
18833000 987.071
18834000 987.063
18835000 987.05
18836000 987.052
18837000 987.053
18838000 987.054
18839000 987.033
18840000 987.045
18841000 987.043
18842000 987.027
18843000 987.05
18844000 987.018
18845000 987.02
18846000 987.04
18847000 987.072
18848000 987.046
18849000 987.087
18850000 987.068
18851000 987.065
18852000 987.101
18853000 987.092
18854000 987.075
18855000 987.068
18856000 987.055
18857000 987.018
18858000 987.059
18859000 987.061
18860000 987.058
18861000 987.079
18862000 987.081
18863000 987.081
18864000 987.058
18865000 987.089
18866000 987.058
18867000 987.061
18868000 987.067
18869000 987.069
18870000 987.051
18871000 987.067
18872000 987.07
18873000 987.049
18874000 987.064
18875000 987.082
18876000 987.079
18877000 987.039
18878000 987.077
18879000 987.064
18880000 987.07
18881000 987.051
18882000 987.055
18883000 987.079
18884000 987.048
18885000 987.077
18886000 987.046
18887000 987.054
18888000 987.075
18889000 987.06
18890000 987.055
18891000 987.073
18892000 987.059
18893000 987.046
18894000 987.074
18895000 987.037
18896000 987.078
18897000 987.048
18898000 987.07
18899000 987.055
18900000 987.088
18901000 987.078
18902000 987.068
18903000 987.047
18904000 987.069
18905000 987.04
18906000 987.041
18907000 987.085
18908000 987.084
18909000 987.038
18910000 987.064
18911000 987.064
18912000 987.067
18913000 987.081
18914000 987.078
18915000 987.082
18916000 987.053
18917000 987.052
18918000 987.059
18919000 987.072
18920000 987.061
18921000 987.048
18922000 987.085
18923000 987.039
18924000 987.076
18925000 987.08
18926000 987.082
18927000 987.061
18928000 987.071
18929000 987.051
18930000 987.072
18931000 987.056
18932000 987.074
18933000 987.076
18934000 987.07
18935000 987.092
18936000 987.061
18937000 987.045
18938000 987.06
18939000 987.067
18940000 987.076
18941000 987.098
18942000 987.069
18943000 987.053
18944000 987.071
18945000 987.061
18946000 987.053
18947000 987.089
18948000 987.058
18949000 987.082
18950000 987.071
18951000 987.097
18952000 987.071
18953000 987.039
18954000 987.057
18955000 987.099
18956000 987.062
18957000 987.077
18958000 987.057
18959000 987.074
18960000 987.069
18961000 987.047
18962000 987.063
18963000 987.06
18964000 987.085
18965000 987.03
18966000 987.043
18967000 987.089
18968000 987.085
18969000 987.054
18970000 987.068
18971000 987.05
18972000 987.052
18973000 987.11
18974000 987.063
18975000 987.1
18976000 987.077
18977000 987.07
18978000 987.062
18979000 987.038
18980000 987.083
18981000 987.069
18982000 987.079
18983000 987.082
18984000 987.07
18985000 987.061
18986000 987.075
18987000 987.084
18988000 987.069
18989000 987.033
18990000 987.055
18991000 987.074
18992000 987.066
18993000 987.057
18994000 987.079
18995000 987.068
18996000 987.076
18997000 987.085
18998000 987.054
18999000 987.073
19000000 987.062
19001000 987.067
19002000 987.059
19003000 987.043
19004000 987.093
19005000 987.062
19006000 987.064
19007000 987.08
19008000 987.084
19009000 987.071
19010000 987.071
19011000 987.081
19012000 987.104
19013000 987.07
19014000 987.079
19015000 987.056
19016000 987.062
19017000 987.07
19018000 987.07
19019000 987.097
19020000 987.074
19021000 987.081
19022000 987.065
19023000 987.072
19024000 987.042
19025000 987.075
19026000 987.083
19027000 987.085
19028000 987.055
19029000 987.056
19030000 987.055
19031000 987.064
19032000 987.063
19033000 987.058
19034000 987.062
19035000 987.09
19036000 987.101
19037000 987.063
19038000 987.073
19039000 987.071
19040000 987.063
19041000 987.065
19042000 987.048
19043000 987.068
19044000 987.07
19045000 987.057
19046000 987.056
19047000 987.067
19048000 987.095
19049000 987.034
19050000 987.074
19051000 987.068
19052000 987.075
19053000 987.083
19054000 987.075
19055000 987.074
19056000 987.066
19057000 987.063
19058000 987.05
19059000 987.059
19060000 987.089
19061000 987.078
19062000 987.079
19063000 987.086
19064000 987.055
19065000 987.059
19066000 987.068
19067000 987.066
19068000 987.064
19069000 987.059
19070000 987.07
19071000 987.058
19072000 987.101
19073000 987.068
19074000 987.064
19075000 987.064
19076000 987.067
19077000 987.062
19078000 987.08
19079000 987.069
19080000 987.08
19081000 987.081
19082000 987.066
19083000 987.074
19084000 987.062
19085000 987.087
19086000 987.047
19087000 987.051
19088000 987.054
19089000 987.075
19090000 987.067
19091000 987.081
19092000 987.07
19093000 987.051
19094000 987.052
19095000 987.067
19096000 987.087
19097000 987.071
19098000 987.083
19099000 987.073
19100000 987.089
19101000 987.081
19102000 987.064
19103000 987.07
19104000 987.05
19105000 987.086
19106000 987.066
19107000 987.064
19108000 987.065
19109000 987.084
19110000 987.078
19111000 987.068
19112000 987.083
19113000 987.075
19114000 987.073
19115000 987.088
19116000 987.065
19117000 987.044
19118000 987.057
19119000 987.087
19120000 987.069
19121000 987.078
19122000 987.09
19123000 987.07
19124000 987.066
19125000 987.072
19126000 987.08
19127000 987.064
19128000 987.096
19129000 987.06
19130000 987.084
19131000 987.063
19132000 987.075
19133000 987.095
19134000 987.071
19135000 987.092
19136000 987.067
19137000 987.075
19138000 987.105
19139000 987.072
19140000 987.076
19141000 987.082
19142000 987.064
19143000 987.057
19144000 987.071
19145000 987.088
19146000 987.078
19147000 987.087
19148000 987.054
19149000 987.064
19150000 987.085
19151000 987.084
19152000 987.058
19153000 987.079
19154000 987.065
19155000 987.074
19156000 987.09
19157000 987.079
19158000 987.077
19159000 987.087
19160000 987.09
19161000 987.082
19162000 987.101
19163000 987.063
19164000 987.087
19165000 987.089
19166000 987.047
19167000 987.074
19168000 987.064
19169000 987.077
19170000 987.053
19171000 987.074
19172000 987.063
19173000 987.093
19174000 987.061
19175000 987.064
19176000 987.059
19177000 987.077
19178000 987.086
19179000 987.083
19180000 987.075
19181000 987.082
19182000 987.08
19183000 987.077
19184000 987.058
19185000 987.088
19186000 987.086
19187000 987.076
19188000 987.089
19189000 987.068
19190000 987.082
19191000 987.076
19192000 987.061
19193000 987.06
19194000 987.047
19195000 987.057
19196000 987.073
19197000 987.068
19198000 987.057
19199000 987.094
19200000 987.087
19201000 987.064
19202000 987.072
19203000 987.097
19204000 987.08
19205000 987.078
19206000 987.08
19207000 987.065
19208000 987.08
19209000 987.07
19210000 987.066
19211000 987.071
19212000 987.078
19213000 987.091
19214000 987.074
19215000 987.075
19216000 987.068
19217000 987.065
19218000 987.093
19219000 987.07
19220000 987.078
19221000 987.063
19222000 987.071
19223000 987.083
19224000 987.068
19225000 987.079
19226000 987.06
19227000 987.061
19228000 987.057
19229000 987.058
19230000 987.069
19231000 987.054
19232000 987.082
19233000 987.059
19234000 987.068
19235000 987.081
19236000 987.043
19237000 987.056
19238000 987.076
19239000 987.082
19240000 987.036
19241000 987.075
19242000 987.061
19243000 987.076
19244000 987.069
19245000 987.083
19246000 987.066
19247000 987.072
19248000 987.059
19249000 987.063
19250000 987.068
19251000 987.065
19252000 987.082
19253000 987.064
19254000 987.065
19255000 987.065
19256000 987.071
19257000 987.056
19258000 987.07
19259000 987.074
19260000 987.087
19261000 987.062
19262000 987.076
19263000 987.058
19264000 987.05
19265000 987.061
19266000 987.061
19267000 987.07
19268000 987.066
19269000 987.094
19270000 987.046
19271000 987.057
19272000 987.073
19273000 987.08
19274000 987.066
19275000 987.074
19276000 987.052
19277000 987.077
19278000 987.067
19279000 987.069
19280000 987.078
19281000 987.046
19282000 987.053
19283000 987.077
19284000 987.07
19285000 987.062
19286000 987.058
19287000 987.076
19288000 987.06
19289000 987.07
19290000 987.085
19291000 987.055
19292000 987.067
19293000 987.046
19294000 987.057
19295000 987.071
19296000 987.071
19297000 987.061
19298000 987.069
19299000 987.063
19300000 987.059
19301000 987.082
19302000 987.077
19303000 987.071
19304000 987.075
19305000 987.066
19306000 987.079
19307000 987.061
19308000 987.059
19309000 987.043
19310000 987.062
19311000 987.07
19312000 987.077
19313000 987.044
19314000 987.064
19315000 987.053
19316000 987.07
19317000 987.068
19318000 987.051
19319000 987.062
19320000 987.058
19321000 987.066
19322000 987.047
19323000 987.054
19324000 987.058
19325000 987.074
19326000 987.044
19327000 987.062
19328000 987.061
19329000 987.061
19330000 987.073
19331000 987.056
19332000 987.076
19333000 987.062
19334000 987.075
19335000 987.064
19336000 987.07
19337000 987.062
19338000 987.063
19339000 987.07
19340000 987.062
19341000 987.057
19342000 987.071
19343000 987.076
19344000 987.039
19345000 987.046
19346000 987.076
19347000 987.054
19348000 987.07
19349000 987.069
19350000 987.048
19351000 987.045
19352000 987.049
19353000 987.062
19354000 987.045
19355000 987.049
19356000 987.05
19357000 987.053
19358000 987.067
19359000 987.071
19360000 987.071
19361000 987.084
19362000 987.061
19363000 987.062
19364000 987.045
19365000 987.067
19366000 987.075
19367000 987.054
19368000 987.059
19369000 987.053
19370000 987.044
19371000 987.059
19372000 987.072
19373000 987.089
19374000 987.071
19375000 987.057
19376000 987.08
19377000 987.069
19378000 987.075
19379000 987.07
19380000 987.065
19381000 987.074
19382000 987.079
19383000 987.055
19384000 987.05
19385000 987.063
19386000 987.076
19387000 987.086
19388000 987.089
19389000 987.062
19390000 987.082
19391000 987.065
19392000 987.049
19393000 987.059
19394000 987.07
19395000 987.058
19396000 987.073
19397000 987.073
19398000 987.061
19399000 987.063
19400000 987.067
19401000 987.061
19402000 987.068
19403000 987.052
19404000 987.064
19405000 987.059
19406000 987.075
19407000 987.079
19408000 987.048
19409000 987.07
19410000 987.068
19411000 987.087
19412000 987.074
19413000 987.071
19414000 987.055
19415000 987.06
19416000 987.079
19417000 987.072
19418000 987.072
19419000 987.075
19420000 987.084
19421000 987.067
19422000 987.07
19423000 987.073
19424000 987.076
19425000 987.074
19426000 987.057
19427000 987.064
19428000 987.082
19429000 987.073
19430000 987.063
19431000 987.073
19432000 987.043
19433000 987.086
19434000 987.058
19435000 987.068
19436000 987.068
19437000 987.06
19438000 987.07
19439000 987.051
19440000 987.06
19441000 987.063
19442000 987.073
19443000 987.054
19444000 987.078
19445000 987.075
19446000 987.056
19447000 987.062
19448000 987.058
19449000 987.078
19450000 987.071
19451000 987.075
19452000 987.075
19453000 987.065
19454000 987.08
19455000 987.065
19456000 987.071
19457000 987.069
19458000 987.076
19459000 987.055
19460000 987.072
19461000 987.065
19462000 987.064
19463000 987.068
19464000 987.081
19465000 987.07
19466000 987.063
19467000 987.058
19468000 987.075
19469000 987.066
19470000 987.061
19471000 987.061
19472000 987.078
19473000 987.066
19474000 987.057
19475000 987.062
19476000 987.053
19477000 987.061
19478000 987.065
19479000 987.065
19480000 987.067
19481000 987.067
19482000 987.077
19483000 987.063
19484000 987.06
19485000 987.061
19486000 987.063
19487000 987.063
19488000 987.054
19489000 987.06
19490000 987.061
19491000 987.081
19492000 987.068
19493000 987.059
19494000 987.081
19495000 987.075
19496000 987.052
19497000 987.064
19498000 987.067
19499000 987.091
19500000 987.064
19501000 987.083
19502000 987.039
19503000 987.057
19504000 987.059
19505000 987.065
19506000 987.086
19507000 987.072
19508000 987.067
19509000 987.065
19510000 987.064
19511000 987.052
19512000 987.073
19513000 987.07
19514000 987.068
19515000 987.075
19516000 987.057
19517000 987.075
19518000 987.051
19519000 987.07
19520000 987.071
19521000 987.071
19522000 987.068
19523000 987.074
19524000 987.07
19525000 987.075
19526000 987.084
19527000 987.061
19528000 987.059
19529000 987.067
19530000 987.066
19531000 987.09
19532000 987.067
19533000 987.066
19534000 987.071
19535000 987.065
19536000 987.07
19537000 987.067
19538000 987.07
19539000 987.065
19540000 987.074
19541000 987.053
19542000 987.065
19543000 987.073
19544000 987.065
19545000 987.067
19546000 987.06
19547000 987.071
19548000 987.072
19549000 987.055
19550000 987.064
19551000 987.066
19552000 987.06
19553000 987.066
19554000 987.052
19555000 987.063
19556000 987.072
19557000 987.081
19558000 987.064
19559000 987.08
19560000 987.046
19561000 987.069
19562000 987.078
19563000 987.07
19564000 987.076
19565000 987.07
19566000 987.077
19567000 987.064
19568000 987.067
19569000 987.087
19570000 987.079
19571000 987.068
19572000 987.077
19573000 987.062
19574000 987.067
19575000 987.064
19576000 987.077
19577000 987.074
19578000 987.045
19579000 987.072
19580000 987.063
19581000 987.071
19582000 987.074
19583000 987.056
19584000 987.044
19585000 987.061
19586000 987.066
19587000 987.08
19588000 987.068
19589000 987.062
19590000 987.067
19591000 987.061
19592000 987.073
19593000 987.058
19594000 987.056
19595000 987.06
19596000 987.058
19597000 987.055
19598000 987.061
19599000 987.065
19600000 987.069
19601000 987.043
19602000 987.044
19603000 987.053
19604000 987.063
19605000 987.049
19606000 987.067
19607000 987.054
19608000 987.055
19609000 987.05
19610000 987.057
19611000 987.064
19612000 987.053
19613000 987.078
19614000 987.058
19615000 987.056
19616000 987.064
19617000 987.057
19618000 987.057
19619000 987.045
19620000 987.06
19621000 987.025
19622000 987.058
19623000 987.061
19624000 987.04
19625000 987.062
19626000 987.045
19627000 987.07
19628000 987.041
19629000 987.036
19630000 987.046
19631000 987.044
19632000 987.057
19633000 987.055
19634000 987.053
19635000 987.056
19636000 987.056
19637000 987.057
19638000 987.055
19639000 987.07
19640000 987.056
19641000 987.05
19642000 987.079
19643000 987.057
19644000 987.059
19645000 987.048
19646000 987.06
19647000 987.062
19648000 987.053
19649000 987.068
19650000 987.055
19651000 987.063
19652000 987.034
19653000 987.036
19654000 987.058
19655000 987.046
19656000 987.079
19657000 987.044
19658000 987.054
19659000 987.053
19660000 987.054
19661000 987.051
19662000 987.061
19663000 987.059
19664000 987.059
19665000 987.051
19666000 987.063
19667000 987.048
19668000 987.064
19669000 987.055
19670000 987.033
19671000 987.046
19672000 987.053
19673000 987.046
19674000 987.054
19675000 987.043
19676000 987.047
19677000 987.051
19678000 987.049
19679000 987.048
19680000 987.045
19681000 987.046
19682000 987.043
19683000 987.061
19684000 987.049
19685000 987.061
19686000 987.037
19687000 987.051
19688000 987.051
19689000 987.04
19690000 987.041
19691000 987.055
19692000 987.055
19693000 987.06
19694000 987.056
19695000 987.033
19696000 987.036
19697000 987.052
19698000 987.04
19699000 987.052
19700000 987.055
19701000 987.05
19702000 987.053
19703000 987.056
19704000 987.049
19705000 987.043
19706000 987.072
19707000 987.046
19708000 987.034
19709000 987.052
19710000 987.038
19711000 987.042
19712000 987.043
19713000 987.056
19714000 987.033
19715000 987.037
19716000 987.041
19717000 987.033
19718000 987.036
19719000 987.045
19720000 987.047
19721000 987.044
19722000 987.052
19723000 987.041
19724000 987.046
19725000 987.04
19726000 987.042
19727000 987.037
19728000 987.046
19729000 987.036
19730000 987.035
19731000 987.024
19732000 987.046
19733000 987.038
19734000 987.044
19735000 987.031
19736000 987.045
19737000 987.034
19738000 987.032
19739000 987.033
19740000 987.048
19741000 987.038
19742000 987.038
19743000 987.05
19744000 987.055
19745000 987.052
19746000 987.05
19747000 987.049
19748000 987.052
19749000 987.042
19750000 987.036
19751000 987.055
19752000 987.047
19753000 987.05
19754000 987.038
19755000 987.027
19756000 987.047
19757000 987.049
19758000 987.039
19759000 987.043
19760000 987.054
19761000 987.051
19762000 987.051
19763000 987.05
19764000 987.039
19765000 987.049
19766000 987.054
19767000 987.042
19768000 987.058
19769000 987.039
19770000 987.047
19771000 987.038
19772000 987.057
19773000 987.048
19774000 987.046
19775000 987.047
19776000 987.035
19777000 987.047
19778000 987.031
19779000 987.031
19780000 987.043
19781000 987.049
19782000 987.036
19783000 987.036
19784000 987.037
19785000 987.04
19786000 987.022
19787000 987.039
19788000 987.028
19789000 987.034
19790000 987.037
19791000 987.035
19792000 987.049
19793000 987.038
19794000 987.043
19795000 987.04
19796000 987.037
19797000 987.034
19798000 987.029
19799000 987.039
19800000 987.042
19801000 987.043
19802000 987.032
19803000 987.031
19804000 987.038
19805000 987.033
19806000 987.046
19807000 987.037
19808000 987.032
19809000 987.031
19810000 987.035
19811000 987.028
19812000 987.044
19813000 987.017
19814000 987.036
19815000 987.03
19816000 987.034
19817000 987.015
19818000 987.027
19819000 987.034
19820000 987.036
19821000 987.025
19822000 987.025
19823000 987.042
19824000 987.037
19825000 987.033
19826000 987.028
19827000 987.039
19828000 987.03
19829000 987.025
19830000 987.044
19831000 987.032
19832000 987.034
19833000 987.022
19834000 987.043
19835000 987.031
19836000 987.041
19837000 987.023
19838000 987.026
19839000 987.026
19840000 987.028
19841000 987.009
19842000 987.026
19843000 987.027
19844000 987.031
19845000 987.021
19846000 987.03
19847000 987.016
19848000 987.025
19849000 987.023
19850000 987.031
19851000 987.017
19852000 987.033
19853000 987.029
19854000 987.038
19855000 987.016
19856000 987.035
19857000 987.026
19858000 987.022
19859000 987.028
19860000 987.036
19861000 987.021
19862000 987.028
19863000 987.026
19864000 987.033
19865000 987.042
19866000 987.043
19867000 987.035
19868000 987.027
19869000 987.029
19870000 987.033
19871000 987.037
19872000 987.027
19873000 987.037
19874000 987.035
19875000 987.028
19876000 987.033
19877000 987.037
19878000 987.032
19879000 987.021
19880000 987.036
19881000 987.009
19882000 987.03
19883000 987.031
19884000 987.037
19885000 987.026
19886000 987.019
19887000 987.028
19888000 987.02
19889000 987.028
19890000 987.035
19891000 987.032
19892000 987.033
19893000 987.032
19894000 987.032
19895000 987.045
19896000 987.036
19897000 987.035
19898000 987.028
19899000 987.038
19900000 987.027
19901000 987.038
19902000 987.025
19903000 987.032
19904000 987.04
19905000 987.034
19906000 987.035
19907000 987.029
19908000 987.036
19909000 987.045
19910000 987.035
19911000 987.023
19912000 987.031
19913000 987.039
19914000 987.021
19915000 987.038
19916000 987.025
19917000 987.03
19918000 987.037
19919000 987.019
19920000 987.04
19921000 987.036
19922000 987.03
19923000 987.041
19924000 987.025
19925000 987.044
19926000 987.039
19927000 987.034
19928000 987.035
19929000 987.035
19930000 987.026
19931000 987.038
19932000 987.029
19933000 987.045
19934000 987.035
19935000 987.04
19936000 987.039
19937000 987.035
19938000 987.031
19939000 987.044
19940000 987.044
19941000 987.035
19942000 987.035
19943000 987.033
19944000 987.03
19945000 987.04
19946000 987.034
19947000 987.036
19948000 987.023
19949000 987.039
19950000 987.041
19951000 987.031
19952000 987.037
19953000 987.022
19954000 987.026
19955000 987.043
19956000 987.032
19957000 987.031
19958000 987.031
19959000 987.037
19960000 987.039
19961000 987.031
19962000 987.049
19963000 987.026
19964000 987.03
19965000 987.036
19966000 987.042
19967000 987.047
19968000 987.032
19969000 987.029
19970000 987.028
19971000 987.024
19972000 987.028
19973000 987.033
19974000 987.02
19975000 987.025
19976000 987.039
19977000 987.037
19978000 987.042
19979000 987.038
19980000 987.035
19981000 987.046
19982000 987.053
19983000 987.048
19984000 987.057
19985000 987.054
19986000 987.036
19987000 987.035
19988000 987.035
19989000 987.04
19990000 987.05
19991000 987.031
19992000 987.058
19993000 987.047
19994000 987.046
19995000 987.052
19996000 987.049
19997000 987.042
19998000 987.047
19999000 987.058
20000000 987.047
20001000 987.045
20002000 987.061
20003000 987.052
20004000 987.043
20005000 987.052
20006000 987.046
20007000 987.048
20008000 987.045
20009000 987.049
20010000 987.043
20011000 987.05
20012000 987.044
20013000 987.057
20014000 987.05
20015000 987.042
20016000 987.041
20017000 987.051
20018000 987.04
20019000 987.049
20020000 987.045
20021000 987.045
20022000 987.043
20023000 987.051
20024000 987.055
20025000 987.041
20026000 987.058
20027000 987.044
20028000 987.056
20029000 987.056
20030000 987.042
20031000 987.041
20032000 987.041
20033000 987.04
20034000 987.04
20035000 987.043
20036000 987.035
20037000 987.04
20038000 987.025
20039000 987.05
20040000 987.045
20041000 987.045
20042000 987.052
20043000 987.041
20044000 987.042
20045000 987.047
20046000 987.042
20047000 987.036
20048000 987.043
20049000 987.046
20050000 987.035
20051000 987.046
20052000 987.035
20053000 987.046
20054000 987.044
20055000 987.03
20056000 987.039
20057000 987.042
20058000 987.044
20059000 987.038
20060000 987.04
20061000 987.03
20062000 987.041
20063000 987.048
20064000 987.05
20065000 987.038
20066000 987.044
20067000 987.055
20068000 987.045
20069000 987.042
20070000 987.048
20071000 987.042
20072000 987.041
20073000 987.04
20074000 987.029
20075000 987.039
20076000 987.03
20077000 987.044
20078000 987.054
20079000 987.014
20080000 987.043
20081000 987.04
20082000 987.046
20083000 987.029
20084000 987.044
20085000 987.042
20086000 987.04
20087000 987.047
20088000 987.042
20089000 987.042
20090000 987.041
20091000 987.043
20092000 987.032
20093000 987.053
20094000 987.03
20095000 987.049
20096000 987.03
20097000 987.038
20098000 987.042
20099000 987.059
20100000 987.041
20101000 987.043
20102000 987.041
20103000 987.036
20104000 987.046
20105000 987.043
20106000 987.034
20107000 987.039
20108000 987.036
20109000 987.043
20110000 987.025
20111000 987.042
20112000 987.034
20113000 987.031
20114000 987.029
20115000 987.031
20116000 987.04
20117000 987.045
20118000 987.037
20119000 987.038
20120000 987.031
20121000 987.035
20122000 987.04
20123000 987.049
20124000 987.031
20125000 987.043
20126000 987.032
20127000 987.048
20128000 987.045
20129000 987.037
20130000 987.032
20131000 987.039
20132000 987.028
20133000 987.031
20134000 987.041
20135000 987.044
20136000 987.039
20137000 987.032
20138000 987.031
20139000 987.046
20140000 987.041
20141000 987.025
20142000 987.046
20143000 987.041
20144000 987.05
20145000 987.028
20146000 987.036
20147000 987.039
20148000 987.049
20149000 987.041
20150000 987.036
20151000 987.046
20152000 987.04
20153000 987.04
20154000 987.049
20155000 987.048
20156000 987.045
20157000 987.04
20158000 987.04
20159000 987.044
20160000 987.042
20161000 987.04
20162000 987.033
20163000 987.034
20164000 987.044
20165000 987.035
20166000 987.04
20167000 987.033
20168000 987.044
20169000 987.041
20170000 987.044
20171000 987.042
20172000 987.033
20173000 987.039
20174000 987.041
20175000 987.05
20176000 987.032
20177000 987.043
20178000 987.04
20179000 987.036
20180000 987.044
20181000 987.039
20182000 987.046
20183000 987.036
20184000 987.044
20185000 987.036
20186000 987.049
20187000 987.046
20188000 987.049
20189000 987.038
20190000 987.043
20191000 987.039
20192000 987.038
20193000 987.038
20194000 987.053
20195000 987.049
20196000 987.038
20197000 987.052
20198000 987.036
20199000 987.038
20200000 987.045
20201000 987.033
20202000 987.039
20203000 987.037
20204000 987.035
20205000 987.038
20206000 987.05
20207000 987.031
20208000 987.042
20209000 987.041
20210000 987.037
20211000 987.043
20212000 987.043
20213000 987.042
20214000 987.034
20215000 987.047
20216000 987.039
20217000 987.033
20218000 987.038
20219000 987.042
20220000 987.047
20221000 987.041
20222000 987.052
20223000 987.041
20224000 987.054
20225000 987.019
20226000 987.051
20227000 987.038
20228000 987.044
20229000 987.044
20230000 987.041
20231000 987.044
20232000 987.039
20233000 987.049
20234000 987.037
20235000 987.04
20236000 987.034
20237000 987.048
20238000 987.034
20239000 987.041
20240000 987.049
20241000 987.036
20242000 987.04
20243000 987.038
20244000 987.038
20245000 987.06
20246000 987.039
20247000 987.035
20248000 987.035
20249000 987.05
20250000 987.041
20251000 987.044
20252000 987.041
20253000 987.042
20254000 987.041
20255000 987.043
20256000 987.049
20257000 987.053
20258000 987.043
20259000 987.037
20260000 987.046
20261000 987.048
20262000 987.041
20263000 987.043
20264000 987.037
20265000 987.054
20266000 987.043
20267000 987.043
20268000 987.042
20269000 987.048
20270000 987.046
20271000 987.033
20272000 987.046
20273000 987.046
20274000 987.033
20275000 987.046
20276000 987.037
20277000 987.041
20278000 987.036
20279000 987.048
20280000 987.038
20281000 987.028
20282000 987.029
20283000 987.038
20284000 987.042
20285000 987.048
20286000 987.044
20287000 987.049
20288000 987.047
20289000 987.044
20290000 987.048
20291000 987.05
20292000 987.043
20293000 987.039
20294000 987.041
20295000 987.047
20296000 987.038
20297000 987.048
20298000 987.05
20299000 987.051
20300000 987.04
20301000 987.038
20302000 987.057
20303000 987.039
20304000 987.047
20305000 987.044
20306000 987.048
20307000 987.032
20308000 987.045
20309000 987.044
20310000 987.039
20311000 987.05
20312000 987.044
20313000 987.043
20314000 987.043
20315000 987.034
20316000 987.049
20317000 987.04
20318000 987.051
20319000 987.043
20320000 987.04
20321000 987.034
20322000 987.042
20323000 987.044
20324000 987.047
20325000 987.048
20326000 987.037
20327000 987.039
20328000 987.042
20329000 987.039
20330000 987.039
20331000 987.027
20332000 987.041
20333000 987.038
20334000 987.037
20335000 987.036
20336000 987.046
20337000 987.036
20338000 987.043
20339000 987.033
20340000 987.042
20341000 987.03
20342000 987.037
20343000 987.03
20344000 987.038
20345000 987.035
20346000 987.033
20347000 987.039
20348000 987.036
20349000 987.039
20350000 987.035
20351000 987.04
20352000 987.035
20353000 987.026
20354000 987.032
20355000 987.036
20356000 987.053
20357000 987.039
20358000 987.03
20359000 987.033
20360000 987.031
20361000 987.037
20362000 987.046
20363000 987.034
20364000 987.036
20365000 987.037
20366000 987.032
20367000 987.037
20368000 987.033
20369000 987.049
20370000 987.049
20371000 987.037
20372000 987.038
20373000 987.052
20374000 987.038
20375000 987.039
20376000 987.043
20377000 987.034
20378000 987.043
20379000 987.042
20380000 987.039
20381000 987.039
20382000 987.043
20383000 987.035
20384000 987.044
20385000 987.034
20386000 987.034
20387000 987.048
20388000 987.04
20389000 987.038
20390000 987.036
20391000 987.038
20392000 987.04
20393000 987.031
20394000 987.038
20395000 987.037
20396000 987.048
20397000 987.043
20398000 987.033
20399000 987.044
20400000 987.04
20401000 987.047
20402000 987.04
20403000 987.037
20404000 987.039
20405000 987.041
20406000 987.042
20407000 987.039
20408000 987.04
20409000 987.04
20410000 987.036
20411000 987.034
20412000 987.039
20413000 987.045
20414000 987.038
20415000 987.039
20416000 987.038
20417000 987.042
20418000 987.044
20419000 987.039
20420000 987.039
20421000 987.045
20422000 987.039
20423000 987.038
20424000 987.035
20425000 987.035
20426000 987.037
20427000 987.041
20428000 987.039
20429000 987.037
20430000 987.039
20431000 987.046
20432000 987.043
20433000 987.038
20434000 987.025
20435000 987.027
20436000 987.033
20437000 987.04
20438000 987.031
20439000 987.05
20440000 987.031
20441000 987.039
20442000 987.035
20443000 987.042
20444000 987.036
20445000 987.037
20446000 987.04
20447000 987.042
20448000 987.047
20449000 987.041
20450000 987.041
20451000 987.044
20452000 987.035
20453000 987.036
20454000 987.043
20455000 987.02
20456000 987.041
20457000 987.036
20458000 987.045
20459000 987.035
20460000 987.037
20461000 987.038
20462000 987.038
20463000 987.036
20464000 987.037
20465000 987.036
20466000 987.042
20467000 987.031
20468000 987.038
20469000 987.031
20470000 987.034
20471000 987.035
20472000 987.032
20473000 987.032
20474000 987.041
20475000 987.037
20476000 987.033
20477000 987.034
20478000 987.027
20479000 987.036
20480000 987.026
20481000 987.031
20482000 987.034
20483000 987.021
20484000 987.04
20485000 987.029
20486000 987.033
20487000 987.046
20488000 987.031
20489000 987.033
20490000 987.02
20491000 987.029
20492000 987.033
20493000 987.036
20494000 987.02
20495000 987.03
20496000 987.032
20497000 987.03
20498000 987.021
20499000 987.029
20500000 987.022
20501000 987.024
20502000 987.028
20503000 987.027
20504000 987.016
20505000 987.039
20506000 987.031
20507000 987.023
20508000 987.019
20509000 987.031
20510000 987.037
20511000 987.031
20512000 987.03
20513000 987.019
20514000 987.024
20515000 987.04
20516000 987.03
20517000 987.025
20518000 987.018
20519000 987.02
20520000 987.031
20521000 987.03
20522000 987.028
20523000 987.035
20524000 987.022
20525000 987.026
20526000 987.041
20527000 987.035
20528000 987.035
20529000 987.033
20530000 987.037
20531000 987.033
20532000 987.028
20533000 987.027
20534000 987.032
20535000 987.05
20536000 987.034
20537000 987.032
20538000 987.031
20539000 987.027
20540000 987.04
20541000 987.029
20542000 987.037
20543000 987.03
20544000 987.023
20545000 987.022
20546000 987.037
20547000 987.024
20548000 987.016
20549000 987.027
20550000 987.022
20551000 987.009
20552000 987.024
20553000 987.016
20554000 987.017
20555000 987.029
20556000 987.03
20557000 987.024
20558000 987.032
20559000 987.033
20560000 987.037
20561000 987.018
20562000 987.022
20563000 987.023
20564000 987.027
20565000 987.04
20566000 987.028
20567000 987.029
20568000 987.026
20569000 987.026
20570000 987.025
20571000 987.022
20572000 987.018
20573000 987.026
20574000 987.019
20575000 987.027
20576000 987.031
20577000 987.017
20578000 987.031
20579000 987.023
20580000 987.023
20581000 987.034
20582000 987.024
20583000 987.022
20584000 987.021
20585000 987.023
20586000 987.023
20587000 987.032
20588000 987.026
20589000 987.026
20590000 987.024
20591000 987.028
20592000 987.04
20593000 987.029
20594000 987.036
20595000 987.031
20596000 987.029
20597000 987.03
20598000 987.031
20599000 987.023
20600000 987.018
20601000 987.028
20602000 987.032
20603000 987.029
20604000 987.034
20605000 987.031
20606000 987.032
20607000 987.034
20608000 987.025
20609000 987.038
20610000 987.024
20611000 987.037
20612000 987.03
20613000 987.033
20614000 987.03
20615000 987.032
20616000 987.028
20617000 987.028
20618000 987.031
20619000 987.033
20620000 987.031
20621000 987.034
20622000 987.036
20623000 987.041
20624000 987.038
20625000 987.042
20626000 987.028
20627000 987.024
20628000 987.024
20629000 987.032
20630000 987.029
20631000 987.03
20632000 987.05
20633000 987.03
20634000 987.036
20635000 987.031
20636000 987.042
20637000 987.028
20638000 987.033
20639000 987.031
20640000 987.033
20641000 987.032
20642000 987.015
20643000 987.041
20644000 987.032
20645000 987.026
20646000 987.034
20647000 987.025
20648000 987.029
20649000 987.037
20650000 987.028
20651000 987.027
20652000 987.027
20653000 987.029
20654000 987.021
20655000 987.037
20656000 987.039
20657000 987.029
20658000 987.023
20659000 987.022
20660000 987.026
20661000 987.032
20662000 987.03
20663000 987.026
20664000 987.024
20665000 987.028
20666000 987.027
20667000 987.032
20668000 987.031
20669000 987.033
20670000 987.027
20671000 987.032
20672000 987.023
20673000 987.021
20674000 987.027
20675000 987.039
20676000 987.018
20677000 987.011
20678000 987.032
20679000 987.029
20680000 987.031
20681000 987.025
20682000 987.024
20683000 987.022
20684000 987.03
20685000 987.025
20686000 987.012
20687000 987.029
20688000 987.028
20689000 987.025
20690000 987.024
20691000 987.025
20692000 987.025
20693000 987.035
20694000 987.031
20695000 987.024
20696000 987.022
20697000 987.028
20698000 987.024
20699000 987.027
20700000 987.028
20701000 987.024
20702000 987.037
20703000 987.027
20704000 987.016
20705000 987.032
20706000 987.028
20707000 987.019
20708000 987.032
20709000 987.031
20710000 987.021
20711000 987.026
20712000 987.027
20713000 987.025
20714000 987.02
20715000 987.025
20716000 987.029
20717000 987.025
20718000 987.032
20719000 987.023
20720000 987.027
20721000 987.017
20722000 987.023
20723000 987.03
20724000 987.018
20725000 987.026
20726000 987.019
20727000 987.019
20728000 987.027
20729000 987.031
20730000 987.019
20731000 987.034
20732000 987.025
20733000 987.029
20734000 987.024
20735000 987.025
20736000 987.012
20737000 987.03
20738000 987.025
20739000 987.021
20740000 987.02
20741000 987.031
20742000 987.026
20743000 987.027
20744000 987.022
20745000 987.025
20746000 987.029
20747000 987.018
20748000 987.028
20749000 987.024
20750000 987.034
20751000 987.025
20752000 987.026
20753000 987.029
20754000 987.031
20755000 987.019
20756000 987.017
20757000 987.014
20758000 987.027
20759000 987.016
20760000 987.03
20761000 987.023
20762000 987.015
20763000 987.025
20764000 987.022
20765000 987.02
20766000 987.021
20767000 987.022
20768000 987.015
20769000 987.02
20770000 987.016
20771000 987.032
20772000 987.024
20773000 987.02
20774000 987.019
20775000 987.029
20776000 987.026
20777000 987.028
20778000 987.017
20779000 987.023
20780000 987.029
20781000 987.028
20782000 987.023
20783000 987.021
20784000 987.027
20785000 987.02
20786000 987.031
20787000 987.028
20788000 987.023
20789000 987.016
20790000 987.014
20791000 987.024
20792000 987.025
20793000 987.028
20794000 987.027
20795000 987.025
20796000 987.023
20797000 987.026
20798000 987.023
20799000 987.025
20800000 987.026
20801000 987.022
20802000 987.013
20803000 987.017
20804000 987.028
20805000 987.029
20806000 987.022
20807000 987.025
20808000 987.028
20809000 987.024
20810000 987.024
20811000 987.026
20812000 987.027
20813000 987.011
20814000 987.026
20815000 987.019
20816000 987.018
20817000 987.026
20818000 987.018
20819000 987.023
20820000 987.025
20821000 987.027
20822000 987.025
20823000 987.02
20824000 987.021
20825000 987.02
20826000 987.018
20827000 987.022
20828000 987.027
20829000 987.023
20830000 987.022
20831000 987.025
20832000 987.025
20833000 987.017
20834000 987.031
20835000 987.022
20836000 987.023
20837000 987.01
20838000 987.019
20839000 987.02
20840000 987.018
20841000 987.018
20842000 987.015
20843000 987.02
20844000 987.028
20845000 987.019
20846000 987.032
20847000 987.014
20848000 987.01
20849000 987.025
20850000 987.017
20851000 987.025
20852000 987.013
20853000 987.016
20854000 987.027
20855000 987.011
20856000 987.023
20857000 987.023
20858000 987.013
20859000 987.012
20860000 987.016
20861000 987.023
20862000 987.019
20863000 987.012
20864000 987.011
20865000 987.022
20866000 987.015
20867000 987.014
20868000 987.019
20869000 987.026
20870000 987.018
20871000 987.026
20872000 987.016
20873000 987.019
20874000 987.021
20875000 987.013
20876000 987.019
20877000 987.013
20878000 987.009
20879000 987.015
20880000 987.017
20881000 987.016
20882000 987.022
20883000 987.014
20884000 987.018
20885000 987.023
20886000 987.024
20887000 987.017
20888000 987.019
20889000 987.023
20890000 987.011
20891000 987.025
20892000 987.018
20893000 987.023
20894000 987.022
20895000 987.011
20896000 987.013
20897000 987.016
20898000 987.012
20899000 987.014
20900000 987.018
20901000 987.02
20902000 987.018
20903000 987.016
20904000 987.02
20905000 987.022
20906000 987.015
20907000 987.017
20908000 987.024
20909000 987.008
20910000 987.008
20911000 987.017
20912000 987.025
20913000 987.014
20914000 987.016
20915000 987.015
20916000 987.017
20917000 987.021
20918000 987.018
20919000 987.011
20920000 987.017
20921000 987.011
20922000 987.016
20923000 987.015
20924000 987.019
20925000 987.021
20926000 987.018
20927000 987.02
20928000 987.025
20929000 987.02
20930000 987.014
20931000 987.019
20932000 987.018
20933000 987.013
20934000 987.024
20935000 987.023
20936000 987.019
20937000 987.015
20938000 987.018
20939000 987.022
20940000 987.025
20941000 987.023
20942000 987.02
20943000 987.026
20944000 987.022
20945000 987.02
20946000 987.022
20947000 987.028
20948000 987.014
20949000 987.025
20950000 987.015
20951000 987.027
20952000 987.019
20953000 987.023
20954000 987.024
20955000 987.021
20956000 987.017
20957000 987.018
20958000 987.023
20959000 987.019
20960000 987.02
20961000 987.02
20962000 987.027
20963000 987.023
20964000 987.027
20965000 987.022
20966000 987.026
20967000 987.018
20968000 987.018
20969000 987.02
20970000 987.018
20971000 987.027
20972000 987.011
20973000 987.015
20974000 987.028
20975000 987.023
20976000 987.019
20977000 987.019
20978000 987.017
20979000 987.02
20980000 987.021
20981000 987.023
20982000 987.019
20983000 987.027
20984000 987.02
20985000 987.012
20986000 987.019
20987000 987.011
20988000 987.023
20989000 987.033
20990000 987.024
20991000 987.024
20992000 987.016
20993000 987.02
20994000 987.021
20995000 987.019
20996000 987.02
20997000 987.026
20998000 987.017
20999000 987.019
21000000 987.023
21001000 987.024
21002000 987.024
21003000 987.016
21004000 987.019
21005000 987.021
21006000 987.023
21007000 987.028
21008000 987.015
21009000 987.019
21010000 987.025
21011000 987.02
21012000 987.019
21013000 987.017
21014000 987.021
21015000 987.022
21016000 987.015
21017000 987.025
21018000 987.019
21019000 987.023
21020000 987.024
21021000 987.019
21022000 987.017
21023000 987.018
21024000 987.029
21025000 987.019
21026000 987.024
21027000 987.021
21028000 987.024
21029000 987.025
21030000 987.019
21031000 987.014
21032000 987.022
21033000 987.018
21034000 987.029
21035000 987.02
21036000 987.024
21037000 987.025
21038000 987.017
21039000 987.017
21040000 987.019
21041000 987.018
21042000 987.022
21043000 987.026
21044000 987.016
21045000 987.015
21046000 987.019
21047000 987.019
21048000 987.016
21049000 987.02
21050000 987.015
21051000 987.02
21052000 987.009
21053000 987.015
21054000 987.013
21055000 987.018
21056000 987.027
21057000 987.017
21058000 987.021
21059000 987.018
21060000 987.022
21061000 987.015
21062000 987.013
21063000 987.017
21064000 987.021
21065000 987.026
21066000 987.023
21067000 987.02
21068000 987.019
21069000 987.018
21070000 987.015
21071000 987.019
21072000 987.017
21073000 987.02
21074000 987.024
21075000 987.023
21076000 987.025
21077000 987.016
21078000 987.016
21079000 987.016
21080000 987.026
21081000 987.018
21082000 987.029
21083000 987.012
21084000 987.02
21085000 987.022
21086000 987.015
21087000 987.022
21088000 987.026
21089000 987.021
21090000 987.026
21091000 987.017
21092000 987.022
21093000 987.023
21094000 987.026
21095000 987.025
21096000 987.02
21097000 987.025
21098000 987.022
21099000 987.017
21100000 987.02
21101000 987.018
21102000 987.018
21103000 987.02
21104000 987.015
21105000 987.02
21106000 987.016
21107000 987.014
21108000 987.027
21109000 987.024
21110000 987.027
21111000 987.015
21112000 987.017
21113000 987.015
21114000 987.015
21115000 987.022
21116000 987.009
21117000 987.027
21118000 987.013
21119000 987.019
21120000 987.018
21121000 987.012
21122000 987.012
21123000 987.022
21124000 987.019
21125000 987.013
21126000 987.026
21127000 987.026
21128000 987.014
21129000 987.02
21130000 987.024
21131000 987.013
21132000 987.018
21133000 987.009
21134000 987.007
21135000 987.021
21136000 987.02
21137000 987.028
21138000 987.025
21139000 987.025
21140000 987.019
21141000 987.012
21142000 987.019
21143000 987.015
21144000 987.019
21145000 987.016
21146000 987.024
21147000 987.02
21148000 987.019
21149000 987.019
21150000 987.022
21151000 987.02
21152000 987.017
21153000 987.02
21154000 987.025
21155000 987.026
21156000 987.027
21157000 987.027
21158000 987.013
21159000 987.027
21160000 987.024
21161000 987.018
21162000 987.032
21163000 987.02
21164000 987.021
21165000 987.021
21166000 987.021
21167000 987.024
21168000 987.021
21169000 987.018
21170000 987.022
21171000 987.025
21172000 987.023
21173000 987.02
21174000 987.02
21175000 987.018
21176000 987.024
21177000 987.026
21178000 987.016
21179000 987.016
21180000 987.017
21181000 987.015
21182000 987.026
21183000 987.024
21184000 987.014
21185000 987.021
21186000 987.019
21187000 987.024
21188000 987.023
21189000 987.017
21190000 987.025
21191000 987.01
21192000 987.031
21193000 987.029
21194000 987.028
21195000 987.017
21196000 987.027
21197000 987.018
21198000 987.014
21199000 987.025
21200000 987.017
21201000 987.021
21202000 987.026
21203000 987.028
21204000 987.022
21205000 987.029
21206000 987.033
21207000 987.014
21208000 987.016
21209000 987.016
21210000 987.023
21211000 987.022
21212000 987.033
21213000 987.02
21214000 987.021
21215000 987.021
21216000 987.022
21217000 987.02
21218000 987.025
21219000 987.02
21220000 987.025
21221000 987.017
21222000 987.022
21223000 987.022
21224000 987.024
21225000 987.021
21226000 987.018
21227000 987.016
21228000 987.024
21229000 987.019
21230000 987.029
21231000 987.019
21232000 987.032
21233000 987.021
21234000 987.033
21235000 987.023
21236000 987.021
21237000 987.021
21238000 987.022
21239000 987.022
21240000 987.029
21241000 987.025
21242000 987.015
21243000 987.021
21244000 987.027
21245000 987.024
21246000 987.019
21247000 987.025
21248000 987.025
21249000 987.027
21250000 987.032
21251000 987.023
21252000 987.023
21253000 987.02
21254000 987.028
21255000 987.026
21256000 987.023
21257000 987.019
21258000 987.023
21259000 987.02
21260000 987.017
21261000 987.023
21262000 987.034
21263000 987.026
21264000 987.024
21265000 987.026
21266000 987.023
21267000 987.029
21268000 987.028
21269000 987.029
21270000 987.019
21271000 987.026
21272000 987.028
21273000 987.026
21274000 987.02
21275000 987.019
21276000 987.024
21277000 987.023
21278000 987.024
21279000 987.019
21280000 987.025
21281000 987.028
21282000 987.032
21283000 987.02
21284000 987.02
21285000 987.019
21286000 987.019
21287000 987.026
21288000 987.023
21289000 987.021
21290000 987.017
21291000 987.023
21292000 987.023
21293000 987.02
21294000 987.022
21295000 987.014
21296000 987.024
21297000 987.019
21298000 987.017
21299000 987.024
21300000 987.027
21301000 987.02
21302000 987.025
21303000 987.023
21304000 987.025
21305000 987.024
21306000 987.022
21307000 987.029
21308000 987.027
21309000 987.015
21310000 987.026
21311000 987.015
21312000 987.016
21313000 987.025
21314000 987.032
21315000 987.018
21316000 987.025
21317000 987.027
21318000 987.023
21319000 987.021
21320000 987.028
21321000 987.025
21322000 987.029
21323000 987.025
21324000 987.037
21325000 987.029
21326000 987.025
21327000 987.02
21328000 987.027
21329000 987.03
21330000 987.026
21331000 987.026
21332000 987.026
21333000 987.025
21334000 987.025
21335000 987.035
21336000 987.024
21337000 987.026
21338000 987.021
21339000 987.013
21340000 987.024
21341000 987.024
21342000 987.028
21343000 987.028
21344000 987.027
21345000 987.019
21346000 987.028
21347000 987.031
21348000 987.025
21349000 987.027
21350000 987.02
21351000 987.021
21352000 987.025
21353000 987.034
21354000 987.024
21355000 987.033
21356000 987.023
21357000 987.027
21358000 987.021
21359000 987.027
21360000 987.025
21361000 987.021
21362000 987.027
21363000 987.02
21364000 987.022
21365000 987.018
21366000 987.017
21367000 987.025
21368000 987.019
21369000 987.017
21370000 987.023
21371000 987.028
21372000 987.021
21373000 987.022
21374000 987.025
21375000 987.02
21376000 987.025
21377000 987.023
21378000 987.027
21379000 987.034
21380000 987.03
21381000 987.027
21382000 987.022
21383000 987.028
21384000 987.017
21385000 987.024
21386000 987.024
21387000 987.023
21388000 987.025
21389000 987.014
21390000 987.027
21391000 987.023
21392000 987.018
21393000 987.022
21394000 987.021
21395000 987.025
21396000 987.018
21397000 987.021
21398000 987.018
21399000 987.024
21400000 987.023
21401000 987.021
21402000 987.025
21403000 987.026
21404000 987.026
21405000 987.025
21406000 987.029
21407000 987.023
21408000 987.02
21409000 987.018
21410000 987.025
21411000 987.019
21412000 987.021
21413000 987.023
21414000 987.022
21415000 987.024
21416000 987.016
21417000 987.025
21418000 987.019
21419000 987.031
21420000 987.02
21421000 987.017
21422000 987.021
21423000 987.028
21424000 987.022
21425000 987.019
21426000 987.021
21427000 987.025
21428000 987.025
21429000 987.019
21430000 987.02
21431000 987.026
21432000 987.022
21433000 987.02
21434000 987.031
21435000 987.026
21436000 987.025
21437000 987.03
21438000 987.02
21439000 987.027
21440000 987.022
21441000 987.023
21442000 987.024
21443000 987.02
21444000 987.026
21445000 987.032
21446000 987.016
21447000 987.022
21448000 987.028
21449000 987.025
21450000 987.019
21451000 987.012
21452000 987.015
21453000 987.025
21454000 987.027
21455000 987.031
21456000 987.021
21457000 987.021
21458000 987.024
21459000 987.027
21460000 987.028
21461000 987.023
21462000 987.025
21463000 987.025
21464000 987.025
21465000 987.02
21466000 987.025
21467000 987.012
21468000 987.025
21469000 987.023
21470000 987.027
21471000 987.013
21472000 987.026
21473000 987.026
21474000 987.025
21475000 987.02
21476000 987.02
21477000 987.025
21478000 987.022
21479000 987.027
21480000 987.021
21481000 987.02
21482000 987.028
21483000 987.026
21484000 987.025
21485000 987.028
21486000 987.023
21487000 987.017
21488000 987.02
21489000 987.028
21490000 987.021
21491000 987.03
21492000 987.03
21493000 987.024
21494000 987.028
21495000 987.028
21496000 987.029
21497000 987.032
21498000 987.021
21499000 987.024
21500000 987.026
21501000 987.034
21502000 987.022
21503000 987.028
21504000 987.029
21505000 987.024
21506000 987.022
21507000 987.023
21508000 987.026
21509000 987.026
21510000 987.029
21511000 987.032
21512000 987.027
21513000 987.023
21514000 987.029
21515000 987.023
21516000 987.031
21517000 987.026
21518000 987.031
21519000 987.029
21520000 987.023
21521000 987.027
21522000 987.026
21523000 987.034
21524000 987.026
21525000 987.021
21526000 987.02
21527000 987.021
21528000 987.023
21529000 987.023
21530000 987.021
21531000 987.026
21532000 987.024
21533000 987.02
21534000 987.03
21535000 987.023
21536000 987.031
21537000 987.031
21538000 987.031
21539000 987.025
21540000 987.032
21541000 987.027
21542000 987.02
21543000 987.025
21544000 987.029
21545000 987.032
21546000 987.026
21547000 987.028
21548000 987.02
21549000 987.025
21550000 987.023
21551000 987.023
21552000 987.028
21553000 987.029
21554000 987.022
21555000 987.03
21556000 987.025
21557000 987.033
21558000 987.021
21559000 987.031
21560000 987.031
21561000 987.026
21562000 987.028
21563000 987.022
21564000 987.024
21565000 987.023
21566000 987.024
21567000 987.025
21568000 987.026
21569000 987.027
21570000 987.024
21571000 987.024
21572000 987.025
21573000 987.021
21574000 987.02
21575000 987.019
21576000 987.024
21577000 987.023
21578000 987.025
21579000 987.024
21580000 987.021
21581000 987.028
21582000 987.013
21583000 987.021
21584000 987.024
21585000 987.024
21586000 987.023
21587000 987.017
21588000 987.022
21589000 987.031
21590000 987.026
21591000 987.019
21592000 987.027
21593000 987.019
21594000 987.025
21595000 987.024
21596000 987.03
21597000 987.027
21598000 987.017
21599000 987.026
21600000 987.02
21601000 987.025
21602000 987.022
21603000 987.02
21604000 987.02
21605000 987.026
21606000 987.021
21607000 987.025
21608000 987.031
21609000 987.028
21610000 987.022
21611000 987.023
21612000 987.021
21613000 987.018
21614000 987.018
21615000 987.024
21616000 987.025
21617000 987.021
21618000 987.024
21619000 987.028
21620000 987.028
21621000 987.019
21622000 987.02
21623000 987.018
21624000 987.019
21625000 987.017
21626000 987.023
21627000 987.022
21628000 987.018
21629000 987.019
21630000 987.026
21631000 987.02
21632000 987.028
21633000 987.018
21634000 987.016
21635000 987.027
21636000 987.023
21637000 987.028
21638000 987.026
21639000 987.015
21640000 987.021
21641000 987.017
21642000 987.022
21643000 987.025
21644000 987.029
21645000 987.017
21646000 987.023
21647000 987.015
21648000 987.026
21649000 987.025
21650000 987.027
21651000 987.024
21652000 987.026
21653000 987.022
21654000 987.026
21655000 987.021
21656000 987.026
21657000 987.024
21658000 987.023
21659000 987.023
21660000 987.021
21661000 987.019
21662000 987.026
21663000 987.023
21664000 987.018
21665000 987.033
21666000 987.023
21667000 987.02
21668000 987.018
21669000 987.018
21670000 987.025
21671000 987.023
21672000 987.022
21673000 987.023
21674000 987.017
21675000 987.018
21676000 987.016
21677000 987.022
21678000 987.022
21679000 987.027
21680000 987.026
21681000 987.024
21682000 987.019
21683000 987.022
21684000 987.024
21685000 987.024
21686000 987.019
21687000 987.021
21688000 987.017
21689000 987.014
21690000 987.026
21691000 987.018
21692000 987.023
21693000 987.02
21694000 987.022
21695000 987.017
21696000 987.02
21697000 987.015
21698000 987.017
21699000 987.022
21700000 987.027
21701000 987.018
21702000 987.019
21703000 987.017
21704000 987.02
21705000 987.028
21706000 987.03
21707000 987.018
21708000 987.025
21709000 987.017
21710000 987.017
21711000 987.019
21712000 987.02
21713000 987.016
21714000 987.025
21715000 987.021
21716000 987.03
21717000 987.022
21718000 987.016
21719000 987.026
21720000 987.018
21721000 987.02
21722000 987.017
21723000 987.016
21724000 987.016
21725000 987.022
21726000 987.02
21727000 987.021
21728000 987.025
21729000 987.019
21730000 987.017
21731000 987.016
21732000 987.012
21733000 987.023
21734000 987.02
21735000 987.018
21736000 987.018
21737000 987.014
21738000 987.017
21739000 987.018
21740000 987.019
21741000 987.016
21742000 987.012
21743000 987.02
21744000 987.014
21745000 987.019
21746000 987.019
21747000 987.013
21748000 987.024
21749000 987.022
21750000 987.02
21751000 987.018
21752000 987.019
21753000 987.023
21754000 987.012
21755000 987.023
21756000 987.021
21757000 987.018
21758000 987.019
21759000 987.011
21760000 987.022
21761000 987.015
21762000 987.024
21763000 987.021
21764000 987.018
21765000 987.026
21766000 987.024
21767000 987.028
21768000 987.016
21769000 987.015
21770000 987.024
21771000 987.019
21772000 987.029
21773000 987.017
21774000 987.025
21775000 987.02
21776000 987.016
21777000 987.022
21778000 987.024
21779000 987.018
21780000 987.013
21781000 987.024
21782000 987.02
21783000 987.019
21784000 987.008
21785000 987.02
21786000 987.023
21787000 987.02
21788000 987.02
21789000 987.014
21790000 987.016
21791000 987.021
21792000 987.008
21793000 987.02
21794000 987.018
21795000 987.011
21796000 987.024
21797000 987.023
21798000 987.018
21799000 987.021
21800000 987.021
21801000 987.022
21802000 987.017
21803000 987.025
21804000 987.021
21805000 987.015
21806000 987.021
21807000 987.024
21808000 987.009
21809000 987.014
21810000 987.024
21811000 987.017
21812000 987.022
21813000 987.02
21814000 987.017
21815000 987.019
21816000 987.019
21817000 987.019
21818000 987.022
21819000 987.029
21820000 987.019
21821000 987.019
21822000 987.023
21823000 987.019
21824000 987.018
21825000 987.017
21826000 987.021
21827000 987.017
21828000 987.021
21829000 987.021
21830000 987.022
21831000 987.018
21832000 987.021
21833000 987.016
21834000 987.027
21835000 987.025
21836000 987.017
21837000 987.019
21838000 987.02
21839000 987.015
21840000 987.013
21841000 987.019
21842000 987.025
21843000 987.019
21844000 987.02
21845000 987.017
21846000 987.024
21847000 987.02
21848000 987.019
21849000 987.014
21850000 987.016
21851000 987.024
21852000 987.022
21853000 987.012
21854000 987.016
21855000 987.02
21856000 987.023
21857000 987.015
21858000 987.016
21859000 987.02
21860000 987.021
21861000 987.022
21862000 987.017
21863000 987.023
21864000 987.015
21865000 987.012
21866000 987.021
21867000 987.014
21868000 987.026
21869000 987.023
21870000 987.016
21871000 987.021
21872000 987.025
21873000 987.018
21874000 987.014
21875000 987.02
21876000 987.013
21877000 987.02
21878000 987.017
21879000 987.024
21880000 987.016
21881000 987.023
21882000 987.007
21883000 987.017
21884000 987.02
21885000 987.012
21886000 987.014
21887000 987.019
21888000 987.026
21889000 987.019
21890000 987.018
21891000 987.021
21892000 987.011
21893000 987.02
21894000 987.018
21895000 987.015
21896000 987.018
21897000 987.024
21898000 987.011
21899000 987.017
21900000 987.01
21901000 987.016
21902000 987.015
21903000 987.018
21904000 987.013
21905000 987.018
21906000 987.013
21907000 987.014
21908000 987.014
21909000 987.021
21910000 987.013
21911000 987.017
21912000 987.015
21913000 987.011
21914000 987.018
21915000 987.017
21916000 987.024
21917000 987.017
21918000 987.018
21919000 987.02
21920000 987.024
21921000 987.02
21922000 987.018
21923000 987.018
21924000 987.017
21925000 987.018
21926000 987.025
21927000 987.015
21928000 987.019
21929000 987.028
21930000 987.014
21931000 987.021
21932000 987.02
21933000 987.022
21934000 987.03
21935000 987.018
21936000 987.011
21937000 987.023
21938000 987.023
21939000 987.022
21940000 987.029
21941000 987.026
21942000 987.025
21943000 987.022
21944000 987.026
21945000 987.021
21946000 987.017
21947000 987.023
21948000 987.019
21949000 987.019
21950000 987.021
21951000 987.024
21952000 987.02
21953000 987.017
21954000 987.021
21955000 987.018
21956000 987.025
21957000 987.024
21958000 987.022
21959000 987.025
21960000 987.02
21961000 987.021
21962000 987.016
21963000 987.015
21964000 987.02
21965000 987.019
21966000 987.019
21967000 987.017
21968000 987.022
21969000 987.024
21970000 987.019
21971000 987.016
21972000 987.023
21973000 987.019
21974000 987.015
21975000 987.014
21976000 987.02
21977000 987.014
21978000 987.02
21979000 987.027
21980000 987.016
21981000 987.02
21982000 987.017
21983000 987.016
21984000 987.018
21985000 987.021
21986000 987.023
21987000 987.021
21988000 987.015
21989000 987.017
21990000 987.022
21991000 987.018
21992000 987.016
21993000 987.016
21994000 987.017
21995000 987.024
21996000 987.014
21997000 987.024
21998000 987.018
21999000 987.024
22000000 987.021
22001000 987.019
22002000 987.018
22003000 987.019
22004000 987.014
22005000 987.02
22006000 987.019
22007000 987.018
22008000 987.019
22009000 987.02
22010000 987.015
22011000 987.019
22012000 987.013
22013000 987.014
22014000 987.013
22015000 987.021
22016000 987.02
22017000 987.019
22018000 987.021
22019000 987.017
22020000 987.022
22021000 987.023
22022000 987.024
22023000 987.017
22024000 987.021
22025000 987.016
22026000 987.025
22027000 987.02
22028000 987.019
22029000 987.016
22030000 987.019
22031000 987.021
22032000 987.017
22033000 987.023
22034000 987.024
22035000 987.019
22036000 987.027
22037000 987.018
22038000 987.016
22039000 987.021
22040000 987.013
22041000 987.022
22042000 987.021
22043000 987.024
22044000 987.025
22045000 987.023
22046000 987.023
22047000 987.014
22048000 987.02
22049000 987.019
22050000 987.018
22051000 987.019
22052000 987.014
22053000 987.017
22054000 987.015
22055000 987.019
22056000 987.019
22057000 987.016
22058000 987.022
22059000 987.018
22060000 987.016
22061000 987.016
22062000 987.021
22063000 987.013
22064000 987.02
22065000 987.02
22066000 987.011
22067000 987.017
22068000 987.017
22069000 987.013
22070000 987.013
22071000 987.019
22072000 987.025
22073000 987.02
22074000 987.013
22075000 987.016
22076000 987.021
22077000 987.019
22078000 987.013
22079000 987.019
22080000 987.014
22081000 987.016
22082000 987.022
22083000 987.019
22084000 987.024
22085000 987.018
22086000 987.017
22087000 987.025
22088000 987.02
22089000 987.016
22090000 987.023
22091000 987.018
22092000 987.022
22093000 987.016
22094000 987.017
22095000 987.016
22096000 987.018
22097000 987.019
22098000 987.018
22099000 987.012
22100000 987.016
22101000 987.023
22102000 987.015
22103000 987.013
22104000 987.011
22105000 987.02
22106000 987.023
22107000 987.016
22108000 987.022
22109000 987.015
22110000 987.021
22111000 987.009
22112000 987.013
22113000 987.017
22114000 987.018
22115000 987.022
22116000 987.018
22117000 987.017
22118000 987.012
22119000 987.018
22120000 987.011
22121000 987.013
22122000 987.024
22123000 987.02
22124000 987.015
22125000 987.021
22126000 987.024
22127000 987.017
22128000 987.025
22129000 987.021
22130000 987.017
22131000 987.021
22132000 987.019
22133000 987.019
22134000 987.014
22135000 987.019
22136000 987.021
22137000 987.017
22138000 987.019
22139000 987.02
22140000 987.015
22141000 987.012
22142000 987.013
22143000 987.024
22144000 987.017
22145000 987.018
22146000 987.018
22147000 987.022
22148000 987.024
22149000 987.014
22150000 987.02
22151000 987.023
22152000 987.024
22153000 987.017
22154000 987.023
22155000 987.022
22156000 987.018
22157000 987.019
22158000 987.018
22159000 987.017
22160000 987.019
22161000 987.017
22162000 987.024
22163000 987.018
22164000 987.023
22165000 987.017
22166000 987.022
22167000 987.018
22168000 987.018
22169000 987.025
22170000 987.015
22171000 987.017
22172000 987.02
22173000 987.015
22174000 987.02
22175000 987.016
22176000 987.021
22177000 987.015
22178000 987.008
22179000 987.017
22180000 987.02
22181000 987.015
22182000 987.015
22183000 987.021
22184000 987.016
22185000 987.016
22186000 987.006
22187000 987.018
22188000 987.014
22189000 987.016
22190000 987.015
22191000 987.015
22192000 987.009
22193000 987.022
22194000 987.016
22195000 987.015
22196000 987.019
22197000 987.02
22198000 987.014
22199000 987.015
22200000 987.015
22201000 987.022
22202000 987.015
22203000 987.019
22204000 987.014
22205000 987.016
22206000 987.012
22207000 987.014
22208000 987.013
22209000 987.017
22210000 987.009
22211000 987.013
22212000 987.018
22213000 987.015
22214000 987.011
22215000 987.015
22216000 987.015
22217000 987.015
22218000 987.018
22219000 987.02
22220000 987.019
22221000 987.015
22222000 987.016
22223000 987.017
22224000 987.014
22225000 987.017
22226000 987.014
22227000 987.018
22228000 987.025
22229000 987.022
22230000 987.015
22231000 987.015
22232000 987.018
22233000 987.015
22234000 987.013
22235000 987.016
22236000 987.019
22237000 987.021
22238000 987.018
22239000 987.012
22240000 987.02
22241000 987.016
22242000 987.014
22243000 987.013
22244000 987.019
22245000 987.018
22246000 987.01
22247000 987.013
22248000 987.019
22249000 987.018
22250000 987.015
22251000 987.012
22252000 987.022
22253000 987.009
22254000 987.007
22255000 987.014
22256000 987.019
22257000 987.018
22258000 987.015
22259000 987.018
22260000 987.016
22261000 987.016
22262000 987.015
22263000 987.013
22264000 987.012
22265000 987.012
22266000 987.02
22267000 987.012
22268000 987.007
22269000 987.016
22270000 987.014
22271000 987.016
22272000 987.014
22273000 987.019
22274000 987.014
22275000 987.018
22276000 987.012
22277000 987.014
22278000 987.017
22279000 987.018
22280000 987.016
22281000 987.015
22282000 987.011
22283000 987.018
22284000 987.019
22285000 987.013
22286000 987.017
22287000 987.011
22288000 987.018
22289000 987.02
22290000 987.013
22291000 987.013
22292000 987.02
22293000 987.016
22294000 987.018
22295000 987.016
22296000 987.015
22297000 987.014
22298000 987.019
22299000 987.011
22300000 987.019
22301000 987.012
22302000 987.018
22303000 987.018
22304000 987.018
22305000 987.019
22306000 987.019
22307000 987.013
22308000 987.013
22309000 987.011
22310000 987.011
22311000 987.01
22312000 987.014
22313000 987.013
22314000 987.016
22315000 987.015
22316000 987.013
22317000 987.015
22318000 987.017
22319000 987.013
22320000 987.017
22321000 987.017
22322000 987.017
22323000 987.021
22324000 987.009
22325000 987.018
22326000 987.021
22327000 987.017
22328000 987.013
22329000 987.016
22330000 987.016
22331000 987.02
22332000 987.01
22333000 987.019
22334000 987.017
22335000 987.013
22336000 987.013
22337000 987.017
22338000 987.019
22339000 987.014
22340000 987.018
22341000 987.02
22342000 987.021
22343000 987.014
22344000 987.017
22345000 987.009
22346000 987.016
22347000 987.019
22348000 987.014
22349000 987.013
22350000 987.017
22351000 987.016
22352000 987.013
22353000 987.02
22354000 987.023
22355000 987.016
22356000 987.023
22357000 987.013
22358000 987.015
22359000 987.008
22360000 987.019
22361000 987.015
22362000 987.018
22363000 987.014
22364000 987.015
22365000 987.014
22366000 987.018
22367000 987.015
22368000 987.017
22369000 987.012
22370000 987.012
22371000 987.016
22372000 987.014
22373000 987.017
22374000 987.018
22375000 987.015
22376000 987.019
22377000 987.017
22378000 987.011
22379000 987.014
22380000 987.016
22381000 987.02
22382000 987.013
22383000 987.009
22384000 987.016
22385000 987.013
22386000 987.017
22387000 987.024
22388000 987.014
22389000 987.014
22390000 987.015
22391000 987.019
22392000 987.013
22393000 987.02
22394000 987.014
22395000 987.013
22396000 987.017
22397000 987.017
22398000 987.015
22399000 987.021
22400000 987.014
22401000 987.02
22402000 987.014
22403000 987.021
22404000 987.024
22405000 987.021
22406000 987.017
22407000 987.016
22408000 987.02
22409000 987.009
22410000 987.013
22411000 987.014
22412000 987.012
22413000 987.016
22414000 987.016
22415000 987.013
22416000 987.02
22417000 987.016
22418000 987.016
22419000 987.02
22420000 987.016
22421000 987.016
22422000 987.014
22423000 987.012
22424000 987.014
22425000 987.013
22426000 987.018
22427000 987.013
22428000 987.014
22429000 987.008
22430000 987.014
22431000 987.011
22432000 987.017
22433000 987.015
22434000 987.017
22435000 987.015
22436000 987.016
22437000 987.016
22438000 987.016
22439000 987.021
22440000 987.012
22441000 987.017
22442000 987.009
22443000 987.02
22444000 987.017
22445000 987.017
22446000 987.013
22447000 987.015
22448000 987.02
22449000 987.014
22450000 987.019
22451000 987.015
22452000 987.015
22453000 987.023
22454000 987.02
22455000 987.014
22456000 987.018
22457000 987.021
22458000 987.015
22459000 987.016
22460000 987.019
22461000 987.012
22462000 987.017
22463000 987.015
22464000 987.009
22465000 987.017
22466000 987.016
22467000 987.019
22468000 987.019
22469000 987.017
22470000 987.02
22471000 987.02
22472000 987.018
22473000 987.015
22474000 987.017
22475000 987.014
22476000 987.016
22477000 987.018
22478000 987.01
22479000 987.016
22480000 987.014
22481000 987.011
22482000 987.024
22483000 987.01
22484000 987.016
22485000 987.01
22486000 987.013
22487000 987.022
22488000 987.017
22489000 987.012
22490000 987.016
22491000 987.017
22492000 987.014
22493000 987.017
22494000 987.016
22495000 987.012
22496000 987.013
22497000 987.017
22498000 987.016
22499000 987.014
22500000 987.018
22501000 987.019
22502000 987.014
22503000 987.012
22504000 987.017
22505000 987.016
22506000 987.016
22507000 987.016
22508000 987.015
22509000 987.01
22510000 987.014
22511000 987.012
22512000 987.012
22513000 987.012
22514000 987.02
22515000 987.017
22516000 987.014
22517000 987.01
22518000 987.018
22519000 987.013
22520000 987.014
22521000 987.02
22522000 987.017
22523000 987.014
22524000 987.018
22525000 987.016
22526000 987.019
22527000 987.019
22528000 987.019
22529000 987.015
22530000 987.012
22531000 987.015
22532000 987.012
22533000 987.014
22534000 987.01
22535000 987.01
22536000 987.016
22537000 987.014
22538000 987.014
22539000 987.014
22540000 987.017
22541000 987.018
22542000 987.013
22543000 987.014
22544000 987.014
22545000 987.016
22546000 987.02
22547000 987.014
22548000 987.013
22549000 987.014
22550000 987.017
22551000 987.011
22552000 987.011
22553000 987.016
22554000 987.016
22555000 987.012
22556000 987.013
22557000 987.01
22558000 987.014
22559000 987.012
22560000 987.003
22561000 987.008
22562000 987.017
22563000 987.01
22564000 987.02
22565000 987.013
22566000 987.017
22567000 987.014
22568000 987.013
22569000 987.017
22570000 987.004
22571000 987.015
22572000 987.01
22573000 987.015
22574000 987.014
22575000 987.017
22576000 987.013
22577000 987.011
22578000 987.012
22579000 987.016
22580000 987.013
22581000 987.013
22582000 987.014
22583000 987.014
22584000 987.011
22585000 987.014
22586000 987.012
22587000 987.01
22588000 987.015
22589000 987.014
22590000 987.008
22591000 987.011
22592000 987.019
22593000 987.014
22594000 987.016
22595000 987.011
22596000 987.017
22597000 987.007
22598000 987.014
22599000 987.015
22600000 987.015
22601000 987.013
22602000 987.013
22603000 987.014
22604000 987.013
22605000 987.011
22606000 987.013
22607000 987.017
22608000 987.013
22609000 987.006
22610000 987.008
22611000 987.009
22612000 987.013
22613000 987.013
22614000 987.021
22615000 987.012
22616000 987.017
22617000 987.016
22618000 987.009
22619000 987.02
22620000 987.012
22621000 987.016
22622000 987.015
22623000 987.016
22624000 987.014
22625000 987.01
22626000 987.013
22627000 987.005
22628000 987.011
22629000 987.015
22630000 987.012
22631000 987.015
22632000 987.013
22633000 987.018
22634000 987.016
22635000 987.01
22636000 987.015
22637000 987.016
22638000 987.01
22639000 987.014
22640000 987.012
22641000 987.013
22642000 987.013
22643000 987.013
22644000 987.023
22645000 987.011
22646000 987.016
22647000 987.013
22648000 987.008
22649000 987.015
22650000 987.012
22651000 987.018
22652000 987.014
22653000 987.015
22654000 987.016
22655000 987.017
22656000 987.011
22657000 987.01
22658000 987.009
22659000 987.012
22660000 987.018
22661000 987.019
22662000 987.012
22663000 987.013
22664000 987.008
22665000 987.007
22666000 987.013
22667000 987.014
22668000 987.005
22669000 987.017
22670000 987.011
22671000 987.014
22672000 987.015
22673000 987.01
22674000 987.016
22675000 987.011
22676000 987.019
22677000 987.015
22678000 987.016
22679000 987.018
22680000 987.016
22681000 987.013
22682000 987.012
22683000 987.015
22684000 987.011
22685000 987.014
22686000 987.006
22687000 987.012
22688000 987.013
22689000 987.009
22690000 987.009
22691000 987.016
22692000 987.013
22693000 987.013
22694000 987.018
22695000 987.01
22696000 987.011
22697000 987.011
22698000 987.013
22699000 987.017
22700000 987.014
22701000 987.012
22702000 987.013
22703000 987.014
22704000 987.016
22705000 987.012
22706000 987.011
22707000 987.011
22708000 987.013
22709000 987.012
22710000 987.01
22711000 987.01
22712000 987.01
22713000 987.009
22714000 987.006
22715000 987.012
22716000 987.011
22717000 987.013
22718000 987.014
22719000 987.009
22720000 987.011
22721000 987.015
22722000 987.013
22723000 987.016
22724000 987.011
22725000 987.007
22726000 987.018
22727000 987.02
22728000 987.015
22729000 987.015
22730000 987.009
22731000 987.015
22732000 987.014
22733000 987.013
22734000 987.018
22735000 987.015
22736000 987.015
22737000 987.009
22738000 987.008
22739000 987.01
22740000 987.01
22741000 987.018
22742000 987.01
22743000 987.013
22744000 987.017
22745000 987.015
22746000 987.009
22747000 987.02
22748000 987.016
22749000 987.017
22750000 987.01
22751000 987.009
22752000 987.015
22753000 987.014
22754000 987.014
22755000 987.011
22756000 987.011
22757000 987.014
22758000 987.013
22759000 987.02
22760000 987.008
22761000 987.007
22762000 987.013
22763000 987.018
22764000 987.017
22765000 987.015
22766000 987.015
22767000 987.015
22768000 987.014
22769000 987.013
22770000 987.016
22771000 987.011
22772000 987.015
22773000 987.02
22774000 987.018
22775000 987.017
22776000 987.013
22777000 987.014
22778000 987.016
22779000 987.017
22780000 987.013
22781000 987.012
22782000 987.012
22783000 987.014
22784000 987.013
22785000 987.017
22786000 987.017
22787000 987.02
22788000 987.017
22789000 987.017
22790000 987.014
22791000 987.013
22792000 987.014
22793000 987.021
22794000 987.02
22795000 987.016
22796000 987.018
22797000 987.014
22798000 987.014
22799000 987.019
22800000 987.016
22801000 987.018
22802000 987.021
22803000 987.018
22804000 987.015
22805000 987.013
22806000 987.013
22807000 987.017
22808000 987.013
22809000 987.018
22810000 987.013
22811000 987.019
22812000 987.016
22813000 987.017
22814000 987.019
22815000 987.02
22816000 987.02
22817000 987.016
22818000 987.019
22819000 987.015
22820000 987.012
22821000 987.016
22822000 987.014
22823000 987.017
22824000 987.015
22825000 987.014
22826000 987.018
22827000 987.02
22828000 987.016
22829000 987.019
22830000 987.017
22831000 987.013
22832000 987.013
22833000 987.016
22834000 987.018
22835000 987.024
22836000 987.016
22837000 987.018
22838000 987.015
22839000 987.016
22840000 987.017
22841000 987.017
22842000 987.021
22843000 987.018
22844000 987.019
22845000 987.014
22846000 987.015
22847000 987.021
22848000 987.018
22849000 987.018
22850000 987.019
22851000 987.014
22852000 987.016
22853000 987.024
22854000 987.015
22855000 987.019
22856000 987.018
22857000 987.016
22858000 987.018
22859000 987.026
22860000 987.016
22861000 987.022
22862000 987.017
22863000 987.015
22864000 987.019
22865000 987.018
22866000 987.019
22867000 987.021
22868000 987.018
22869000 987.013
22870000 987.015
22871000 987.016
22872000 987.019
22873000 987.02
22874000 987.022
22875000 987.016
22876000 987.017
22877000 987.021
22878000 987.018
22879000 987.016
22880000 987.019
22881000 987.013
22882000 987.016
22883000 987.013
22884000 987.019
22885000 987.018
22886000 987.016
22887000 987.015
22888000 987.021
22889000 987.019
22890000 987.01
22891000 987.019
22892000 987.02
22893000 987.016
22894000 987.021
22895000 987.019
22896000 987.018
22897000 987.021
22898000 987.019
22899000 987.016
22900000 987.022
22901000 987.015
22902000 987.017
22903000 987.026
22904000 987.018
22905000 987.015
22906000 987.017
22907000 987.018
22908000 987.018
22909000 987.017
22910000 987.022
22911000 987.017
22912000 987.02
22913000 987.015
22914000 987.016
22915000 987.028
22916000 987.017
22917000 987.023
22918000 987.018
22919000 987.02
22920000 987.022
22921000 987.015
22922000 987.018
22923000 987.021
22924000 987.019
22925000 987.015
22926000 987.018
22927000 987.016
22928000 987.017
22929000 987.011
22930000 987.014
22931000 987.019
22932000 987.019
22933000 987.02
22934000 987.021
22935000 987.023
22936000 987.014
22937000 987.014
22938000 987.019
22939000 987.019
22940000 987.016
22941000 987.014
22942000 987.006
22943000 987.013
22944000 987.016
22945000 987.013
22946000 987.018
22947000 987.019
22948000 987.012
22949000 987.017
22950000 987.012
22951000 987.018
22952000 987.014
22953000 987.012
22954000 987.009
22955000 987.014
22956000 987.019
22957000 987.015
22958000 987.011
22959000 987.015
22960000 987.01
22961000 987.012
22962000 987.011
22963000 987.014
22964000 987.012
22965000 987.015
22966000 987.018
22967000 987.013
22968000 987.016
22969000 987.022
22970000 987.013
22971000 987.014
22972000 987.012
22973000 987.016
22974000 987.015
22975000 987.013
22976000 987.014
22977000 987.017
22978000 987.014
22979000 987.013
22980000 987.012
22981000 987.01
22982000 987.021
22983000 987.013
22984000 987.017
22985000 987.012
22986000 987.017
22987000 987.011
22988000 987.015
22989000 987.013
22990000 987.013
22991000 987.011
22992000 987.014
22993000 987.014
22994000 987.014
22995000 987.011
22996000 987.015
22997000 987.011
22998000 987.014
22999000 987.014
23000000 987.011
