# Time-averaged data for fix pave
# TimeStep v_pressure
13001000 880.554
13002000 833.955
13003000 849.592
13004000 866.568
13005000 883.07
13006000 897.716
13007000 897.852
13008000 902.17
13009000 899.682
13010000 899.511
13011000 899.955
13012000 896.5
13013000 895.409
13014000 893.663
13015000 890.061
13016000 887.434
13017000 892.55
13018000 901.853
13019000 902.143
13020000 903.988
13021000 905.846
13022000 906.621
13023000 907.746
13024000 909.958
13025000 911.646
13026000 910.394
13027000 910.17
13028000 908.981
13029000 905.085
13030000 903.256
13031000 903.039
13032000 903.3
13033000 901.807
13034000 901.316
13035000 899.23
13036000 898.369
13037000 899.349
13038000 900.329
13039000 899.654
13040000 899.926
13041000 900.861
13042000 904.195
13043000 906.165
13044000 908.008
13045000 908.69
13046000 907.461
13047000 906.371
13048000 905.321
13049000 905.985
13050000 906.243
13051000 905.828
13052000 905.234
13053000 907.364
13054000 909.13
13055000 909.628
13056000 909.767
13057000 910.794
13058000 910.573
13059000 912.185
13060000 913.755
13061000 913
13062000 912.35
13063000 914.767
13064000 914.797
13065000 914.305
13066000 913.766
13067000 913.95
13068000 914.043
13069000 913.649
13070000 915.435
13071000 916.908
13072000 919.059
13073000 920.994
13074000 922.287
13075000 923.391
13076000 923.253
13077000 923.498
13078000 924.24
13079000 924.462
13080000 923.467
13081000 922.071
13082000 921.711
13083000 921.031
13084000 920.749
13085000 920.723
13086000 919.9
13087000 919.969
13088000 920.517
13089000 920.718
13090000 921.201
13091000 921.43
13092000 921.357
13093000 921.831
13094000 922.104
13095000 922.304
13096000 923.159
13097000 923.938
13098000 925.656
13099000 927.617
13100000 927.973
13101000 928.406
13102000 929.219
13103000 929.468
13104000 929.347
13105000 929.209
13106000 930.072
13107000 929.822
13108000 930.84
13109000 930.353
13110000 930.818
13111000 931.021
13112000 930.402
13113000 929.818
13114000 930.608
13115000 930.342
13116000 930.574
13117000 929.904
13118000 929.72
13119000 929.283
13120000 929.251
13121000 928.82
13122000 928.956
13123000 928.984
13124000 928.274
13125000 928.391
13126000 928.279
13127000 928.406
13128000 928.056
13129000 928.332
13130000 927.986
13131000 927.608
13132000 927.875
13133000 929.033
13134000 929.661
13135000 929.875
13136000 930.66
13137000 930.87
13138000 931.541
13139000 931.816
13140000 930.96
13141000 931.04
13142000 929.942
13143000 929.479
13144000 929.248
13145000 929.048
13146000 928.528
13147000 928.403
13148000 928.149
13149000 928.283
13150000 927.475
13151000 927.049
13152000 927.208
13153000 927.148
13154000 927.593
13155000 927.819
13156000 928.455
13157000 929.165
13158000 929.489
13159000 929.553
13160000 929.966
13161000 929.762
13162000 929.367
13163000 929.029
13164000 928.974
13165000 928.808
13166000 929.066
13167000 929.294
13168000 929.65
13169000 929.685
13170000 930.137
13171000 930.803
13172000 930.862
13173000 931.931
13174000 932.237
13175000 932.629
13176000 933.562
13177000 933.913
13178000 934.675
13179000 934.318
13180000 934.217
13181000 934.694
13182000 934.953
13183000 935.467
13184000 935.818
13185000 935.765
13186000 935.494
13187000 935.483
13188000 935.299
13189000 935.122
13190000 935.103
13191000 934.808
13192000 935.004
13193000 934.752
13194000 934.825
13195000 935.151
13196000 935.152
13197000 935.111
13198000 934.723
13199000 934.955
13200000 935.185
13201000 935.234
13202000 935.384
13203000 935.228
13204000 935.216
13205000 935.786
13206000 936.348
13207000 936.413
13208000 936.049
13209000 935.602
13210000 935.753
13211000 935.867
13212000 935.944
13213000 936.324
13214000 936.124
13215000 936.179
13216000 936.333
13217000 936.239
13218000 936.268
13219000 936.591
13220000 936.741
13221000 936.607
13222000 936.711
13223000 937.064
13224000 936.93
13225000 936.331
13226000 935.925
13227000 935.586
13228000 935.385
13229000 935.378
13230000 935.117
13231000 934.768
13232000 934.538
13233000 934.519
13234000 934.438
13235000 934.633
13236000 934.571
13237000 934.493
13238000 934.27
13239000 934.326
13240000 934.648
13241000 934.437
13242000 933.938
13243000 933.869
13244000 933.987
13245000 934.035
13246000 934.039
13247000 933.974
13248000 933.952
13249000 934.121
13250000 933.895
13251000 934.24
13252000 933.976
13253000 933.787
13254000 933.556
13255000 933.519
13256000 933.201
13257000 933.173
13258000 933.074
13259000 933.23
13260000 933.318
13261000 933.496
13262000 934.066
13263000 934.678
13264000 934.756
13265000 935.152
13266000 935.512
13267000 935.569
13268000 935.525
13269000 935.678
13270000 935.685
13271000 935.681
13272000 935.63
13273000 935.704
13274000 935.526
13275000 935.808
13276000 936.106
13277000 936.131
13278000 936.246
13279000 936.164
13280000 935.903
13281000 935.809
13282000 935.719
13283000 935.525
13284000 935.681
13285000 935.497
13286000 935.47
13287000 935.417
13288000 935.321
13289000 935.077
13290000 934.899
13291000 934.761
13292000 934.558
13293000 934.432
13294000 934.019
13295000 933.635
13296000 933.69
13297000 933.724
13298000 933.338
13299000 932.987
13300000 932.663
13301000 932.338
13302000 932.41
13303000 932.824
13304000 932.873
13305000 932.89
13306000 932.714
13307000 932.8
13308000 932.837
13309000 932.866
13310000 932.867
13311000 932.741
13312000 932.76
13313000 932.738
13314000 932.676
13315000 932.525
13316000 932.416
13317000 932.368
13318000 932.49
13319000 932.488
13320000 932.426
13321000 932.259
13322000 932.183
13323000 932.271
13324000 931.897
13325000 931.76
13326000 931.501
13327000 931.359
13328000 931.378
13329000 931.548
13330000 931.572
13331000 931.968
13332000 932.079
13333000 932.467
13334000 932.367
13335000 932.289
13336000 932.172
13337000 932.108
13338000 931.996
13339000 931.728
13340000 931.821
13341000 932.069
13342000 932.152
13343000 932.269
13344000 932.761
13345000 933.013
13346000 933.211
13347000 933.411
13348000 933.806
13349000 934.092
13350000 934.526
13351000 934.835
13352000 935.019
13353000 935.063
13354000 935.295
13355000 935.728
13356000 935.998
13357000 936.22
13358000 936.338
13359000 936.718
13360000 936.932
13361000 937.098
13362000 937.42
13363000 937.822
13364000 938.052
13365000 938.177
13366000 938.525
13367000 938.642
13368000 938.923
13369000 939.401
13370000 939.627
13371000 939.851
13372000 940.065
13373000 940.283
13374000 940.196
13375000 940.283
13376000 940.231
13377000 939.906
13378000 939.783
13379000 939.88
13380000 939.52
13381000 939.25
13382000 939.29
13383000 939.187
13384000 939.302
13385000 939.47
13386000 939.324
13387000 939.495
13388000 939.651
13389000 939.615
13390000 939.616
13391000 939.415
13392000 939.2
13393000 938.903
13394000 939.09
13395000 939.203
13396000 939.044
13397000 938.924
13398000 938.94
13399000 938.976
13400000 939.095
13401000 938.888
13402000 938.705
13403000 938.615
13404000 938.472
13405000 938.335
13406000 937.842
13407000 937.598
13408000 937.455
13409000 937.501
13410000 937.408
13411000 937.231
13412000 936.868
13413000 936.797
13414000 936.573
13415000 936.459
13416000 936.588
13417000 936.716
13418000 936.981
13419000 937.207
13420000 937.329
13421000 937.714
13422000 937.899
13423000 938.288
13424000 938.672
13425000 938.847
13426000 939.027
13427000 939.225
13428000 939.479
13429000 939.387
13430000 939.503
13431000 939.645
13432000 939.61
13433000 939.604
13434000 939.793
13435000 939.871
13436000 939.871
13437000 940.052
13438000 940.215
13439000 940.407
13440000 940.532
13441000 940.71
13442000 940.938
13443000 941.159
13444000 941.219
13445000 941.171
13446000 941.062
13447000 941.422
13448000 941.45
13449000 941.599
13450000 941.705
13451000 941.634
13452000 941.454
13453000 941.277
13454000 941.101
13455000 941.027
13456000 940.895
13457000 940.666
13458000 940.547
13459000 940.478
13460000 940.297
13461000 939.971
13462000 939.849
13463000 939.61
13464000 939.194
13465000 938.773
13466000 938.38
13467000 938.346
13468000 938.161
13469000 937.917
13470000 937.813
13471000 937.529
13472000 937.236
13473000 937.154
13474000 937.017
13475000 936.871
13476000 936.869
13477000 936.909
13478000 936.847
13479000 936.772
13480000 936.649
13481000 936.622
13482000 936.624
13483000 936.397
13484000 936.497
13485000 936.67
13486000 936.721
13487000 936.707
13488000 936.823
13489000 937.147
13490000 937.353
13491000 937.099
13492000 937.159
13493000 937.055
13494000 936.863
13495000 936.712
13496000 936.826
13497000 936.797
13498000 936.705
13499000 936.595
13500000 936.309
13501000 936.275
13502000 936.078
13503000 935.848
13504000 935.877
13505000 935.831
13506000 935.52
13507000 935.468
13508000 935.458
13509000 935.299
13510000 935.007
13511000 934.791
13512000 934.572
13513000 934.509
13514000 934.617
13515000 934.556
13516000 934.553
13517000 934.666
13518000 934.64
13519000 934.516
13520000 934.624
13521000 934.621
13522000 934.409
13523000 934.278
13524000 934.32
13525000 934.399
13526000 934.624
13527000 934.839
13528000 934.995
13529000 935.046
13530000 935.071
13531000 935.308
13532000 935.369
13533000 935.417
13534000 935.493
13535000 935.652
13536000 935.737
13537000 935.792
13538000 935.828
13539000 936.028
13540000 936.064
13541000 936.277
13542000 936.555
13543000 936.756
13544000 936.998
13545000 937.131
13546000 937.186
13547000 937.342
13548000 937.272
13549000 937.311
13550000 937.511
13551000 937.511
13552000 937.435
13553000 937.533
13554000 937.514
13555000 937.634
13556000 937.867
13557000 937.925
13558000 938.031
13559000 938.322
13560000 938.582
13561000 938.659
13562000 938.664
13563000 938.456
13564000 938.318
13565000 938.256
13566000 938.217
13567000 938.212
13568000 938.107
13569000 937.98
13570000 937.971
13571000 937.987
13572000 938.193
13573000 938.425
13574000 938.385
13575000 938.209
13576000 938.165
13577000 938.228
13578000 938.286
13579000 938.464
13580000 938.644
13581000 938.756
13582000 938.82
13583000 938.868
13584000 938.84
13585000 938.809
13586000 938.777
13587000 938.78
13588000 938.749
13589000 938.734
13590000 938.704
13591000 938.678
13592000 938.617
13593000 938.816
13594000 938.943
13595000 938.93
13596000 939.02
13597000 938.964
13598000 938.935
13599000 938.929
13600000 938.952
13601000 939.08
13602000 939.176
13603000 939.327
13604000 939.624
13605000 939.917
13606000 940.156
13607000 940.144
13608000 940.166
13609000 940.151
13610000 940.335
13611000 940.385
13612000 940.704
13613000 940.867
13614000 940.988
13615000 941.182
13616000 941.344
13617000 941.486
13618000 941.481
13619000 941.5
13620000 941.56
13621000 941.469
13622000 941.565
13623000 941.624
13624000 941.683
13625000 941.639
13626000 941.667
13627000 941.709
13628000 941.749
13629000 941.872
13630000 942.112
13631000 942.264
13632000 942.234
13633000 942.34
13634000 942.443
13635000 942.525
13636000 942.498
13637000 942.455
13638000 942.326
13639000 942.244
13640000 942.131
13641000 941.891
13642000 941.584
13643000 941.571
13644000 941.548
13645000 941.425
13646000 941.282
13647000 941.135
13648000 941.156
13649000 941.056
13650000 941.006
13651000 940.984
13652000 941.11
13653000 941.173
13654000 941.11
13655000 941.286
13656000 941.313
13657000 941.192
13658000 941.057
13659000 940.931
13660000 940.766
13661000 940.646
13662000 940.476
13663000 940.394
13664000 940.347
13665000 940.304
13666000 940.365
13667000 940.357
13668000 940.329
13669000 940.312
13670000 940.24
13671000 940.155
13672000 940.016
13673000 939.787
13674000 939.665
13675000 939.387
13676000 939.231
13677000 938.982
13678000 938.806
13679000 938.718
13680000 938.554
13681000 938.362
13682000 938.094
13683000 937.991
13684000 937.89
13685000 937.763
13686000 937.647
13687000 937.632
13688000 937.573
13689000 937.527
13690000 937.451
13691000 937.504
13692000 937.564
13693000 937.496
13694000 937.463
13695000 937.423
13696000 937.36
13697000 937.319
13698000 937.236
13699000 937.148
13700000 937.13
13701000 937.079
13702000 937.052
13703000 936.852
13704000 936.816
13705000 936.785
13706000 936.864
13707000 936.816
13708000 936.857
13709000 936.957
13710000 936.926
13711000 936.838
13712000 936.86
13713000 936.632
13714000 936.7
13715000 936.646
13716000 936.748
13717000 936.837
13718000 936.856
13719000 936.938
13720000 937.106
13721000 937.232
13722000 937.327
13723000 937.293
13724000 937.371
13725000 937.385
13726000 937.415
13727000 937.396
13728000 937.351
13729000 937.295
13730000 937.499
13731000 937.555
13732000 937.708
13733000 937.75
13734000 937.894
13735000 938.029
13736000 938.059
13737000 938.189
13738000 938.389
13739000 938.485
13740000 938.507
13741000 938.494
13742000 938.499
13743000 938.56
13744000 938.673
13745000 938.764
13746000 938.791
13747000 938.774
13748000 938.703
13749000 938.776
13750000 938.757
13751000 938.595
13752000 938.486
13753000 938.52
13754000 938.499
13755000 938.537
13756000 938.533
13757000 938.494
13758000 938.47
13759000 938.42
13760000 938.429
13761000 938.385
13762000 938.325
13763000 938.235
13764000 938.146
13765000 937.908
13766000 937.747
13767000 937.563
13768000 937.494
13769000 937.546
13770000 937.549
13771000 937.493
13772000 937.453
13773000 937.505
13774000 937.531
13775000 937.475
13776000 937.469
13777000 937.472
13778000 937.383
13779000 937.38
13780000 937.371
13781000 937.337
13782000 937.318
13783000 937.419
13784000 937.57
13785000 937.676
13786000 937.715
13787000 937.749
13788000 937.675
13789000 937.736
13790000 937.767
13791000 937.78
13792000 937.787
13793000 937.74
13794000 937.862
13795000 938.033
13796000 938.18
13797000 938.278
13798000 938.409
13799000 938.51
13800000 938.433
13801000 938.447
13802000 938.363
13803000 938.398
13804000 938.455
13805000 938.43
13806000 938.531
13807000 938.557
13808000 938.657
13809000 938.802
13810000 938.915
13811000 939.01
13812000 939.035
13813000 939.091
13814000 939.203
13815000 939.36
13816000 939.518
13817000 939.559
13818000 939.648
13819000 939.644
13820000 939.664
13821000 939.742
13822000 939.824
13823000 939.839
13824000 940.043
13825000 940.072
13826000 940.189
13827000 940.177
13828000 940.222
13829000 940.246
13830000 940.243
13831000 940.332
13832000 940.313
13833000 940.208
13834000 940.177
13835000 940.183
13836000 940.18
13837000 940.233
13838000 940.274
13839000 940.201
13840000 940.23
13841000 940.211
13842000 940.129
13843000 940.056
13844000 940.203
13845000 940.209
13846000 940.165
13847000 940.174
13848000 940.22
13849000 940.287
13850000 940.315
13851000 940.28
13852000 940.182
13853000 940.072
13854000 940
13855000 939.948
13856000 940.07
13857000 940.071
13858000 940.071
13859000 940.016
13860000 939.92
13861000 939.879
13862000 939.934
13863000 939.976
13864000 940.186
13865000 940.316
13866000 940.333
13867000 940.319
13868000 940.381
13869000 940.578
13870000 940.728
13871000 940.859
13872000 940.971
13873000 941.052
13874000 941.074
13875000 941.142
13876000 941.06
13877000 941.077
13878000 941.265
13879000 941.353
13880000 941.456
13881000 941.375
13882000 941.386
13883000 941.425
13884000 941.449
13885000 941.494
13886000 941.637
13887000 941.765
13888000 941.925
13889000 942.132
13890000 942.289
13891000 942.409
13892000 942.605
13893000 942.889
13894000 943.054
13895000 943.175
13896000 943.332
13897000 943.464
13898000 943.675
13899000 943.779
13900000 943.926
13901000 944.077
13902000 944.265
13903000 944.44
13904000 944.505
13905000 944.695
13906000 944.835
13907000 944.87
13908000 945.018
13909000 945.199
13910000 945.285
13911000 945.491
13912000 945.604
13913000 945.699
13914000 945.771
13915000 945.778
13916000 945.777
13917000 945.83
13918000 946.002
13919000 946.165
13920000 946.309
13921000 946.341
13922000 946.528
13923000 946.621
13924000 946.77
13925000 946.983
13926000 947.142
13927000 947.209
13928000 947.374
13929000 947.463
13930000 947.498
13931000 947.655
13932000 947.716
13933000 947.772
13934000 947.971
13935000 948.115
13936000 948.234
13937000 948.401
13938000 948.538
13939000 948.638
13940000 948.761
13941000 948.925
13942000 949.068
13943000 949.222
13944000 949.372
13945000 949.493
13946000 949.806
13947000 950.139
13948000 950.381
13949000 950.594
13950000 950.829
13951000 950.981
13952000 951.156
13953000 951.379
13954000 951.481
13955000 951.743
13956000 951.958
13957000 952.174
13958000 952.285
13959000 952.381
13960000 952.473
13961000 952.667
13962000 952.81
13963000 953.02
13964000 953.187
13965000 953.357
13966000 953.584
13967000 953.683
13968000 953.694
13969000 953.856
13970000 953.99
13971000 954.052
13972000 954.177
13973000 954.171
13974000 954.203
13975000 954.305
13976000 954.392
13977000 954.496
13978000 954.7
13979000 954.834
13980000 954.984
13981000 955.062
13982000 955.215
13983000 955.279
13984000 955.338
13985000 955.416
13986000 955.491
13987000 955.562
13988000 955.58
13989000 955.53
13990000 955.529
13991000 955.655
13992000 955.694
13993000 955.742
13994000 955.782
13995000 955.84
13996000 955.912
13997000 956.04
13998000 956.086
13999000 956.048
14000000 956.041
14001000 955.893
14002000 955.901
14003000 955.931
14004000 955.921
14005000 955.868
14006000 955.881
14007000 955.918
14008000 955.851
14009000 955.801
14010000 955.812
14011000 955.829
14012000 955.883
14013000 955.822
14014000 955.813
14015000 955.721
14016000 955.695
14017000 955.636
14018000 955.586
14019000 955.537
14020000 955.422
14021000 955.38
14022000 955.31
14023000 955.261
14024000 955.201
14025000 955.169
14026000 955.026
14027000 954.941
14028000 954.808
14029000 954.775
14030000 954.616
14031000 954.474
14032000 954.399
14033000 954.358
14034000 954.344
14035000 954.399
14036000 954.404
14037000 954.424
14038000 954.482
14039000 954.549
14040000 954.625
14041000 954.616
14042000 954.611
14043000 954.646
14044000 954.711
14045000 954.793
14046000 954.84
14047000 954.875
14048000 954.96
14049000 955.144
14050000 955.178
14051000 955.27
14052000 955.376
14053000 955.461
14054000 955.631
14055000 955.658
14056000 955.732
14057000 955.785
14058000 955.846
14059000 955.945
14060000 956.027
14061000 956.069
14062000 956.064
14063000 956.089
14064000 956.104
14065000 956.136
14066000 956.215
14067000 956.229
14068000 956.199
14069000 956.229
14070000 956.239
14071000 956.281
14072000 956.349
14073000 956.406
14074000 956.549
14075000 956.579
14076000 956.547
14077000 956.563
14078000 956.558
14079000 956.521
14080000 956.465
14081000 956.388
14082000 956.302
14083000 956.224
14084000 956.236
14085000 956.173
14086000 956.104
14087000 956.075
14088000 956.059
14089000 956.186
14090000 956.119
14091000 956.171
14092000 956.116
14093000 956.141
14094000 956.178
14095000 956.153
14096000 956.162
14097000 956.211
14098000 956.231
14099000 956.187
14100000 956.227
14101000 956.235
14102000 956.239
14103000 956.137
14104000 956.086
14105000 956.012
14106000 955.979
14107000 956.004
14108000 955.988
14109000 956.001
14110000 955.896
14111000 955.779
14112000 955.74
14113000 955.724
14114000 955.774
14115000 955.779
14116000 955.837
14117000 955.751
14118000 955.691
14119000 955.68
14120000 955.773
14121000 955.734
14122000 955.695
14123000 955.75
14124000 955.782
14125000 955.847
14126000 955.831
14127000 955.912
14128000 955.892
14129000 955.89
14130000 955.826
14131000 955.887
14132000 955.986
14133000 956.02
14134000 956.062
14135000 956.054
14136000 956.086
14137000 956.054
14138000 956.079
14139000 956.017
14140000 955.985
14141000 955.962
14142000 955.92
14143000 955.971
14144000 956.02
14145000 956.113
14146000 956.182
14147000 956.231
14148000 956.282
14149000 956.34
14150000 956.364
14151000 956.395
14152000 956.454
14153000 956.474
14154000 956.583
14155000 956.739
14156000 956.799
14157000 956.851
14158000 956.891
14159000 957.059
14160000 957.162
14161000 957.289
14162000 957.43
14163000 957.557
14164000 957.648
14165000 957.708
14166000 957.773
14167000 957.786
14168000 957.873
14169000 957.99
14170000 958.054
14171000 958.121
14172000 958.164
14173000 958.198
14174000 958.304
14175000 958.405
14176000 958.557
14177000 958.589
14178000 958.62
14179000 958.68
14180000 958.724
14181000 958.74
14182000 958.779
14183000 958.864
14184000 958.948
14185000 958.988
14186000 958.997
14187000 959.011
14188000 958.929
14189000 958.995
14190000 958.933
14191000 958.877
14192000 958.875
14193000 958.871
14194000 958.92
14195000 958.888
14196000 959.042
14197000 959.065
14198000 959.258
14199000 959.234
14200000 959.228
14201000 959.275
14202000 959.318
14203000 959.398
14204000 959.44
14205000 959.474
14206000 959.481
14207000 959.448
14208000 959.498
14209000 959.542
14210000 959.567
14211000 959.582
14212000 959.593
14213000 959.538
14214000 959.483
14215000 959.409
14216000 959.449
14217000 959.483
14218000 959.54
14219000 959.571
14220000 959.588
14221000 959.623
14222000 959.64
14223000 959.639
14224000 959.635
14225000 959.561
14226000 959.478
14227000 959.444
14228000 959.423
14229000 959.434
14230000 959.454
14231000 959.427
14232000 959.404
14233000 959.372
14234000 959.295
14235000 959.225
14236000 959.192
14237000 959.185
14238000 959.199
14239000 959.174
14240000 959.17
14241000 959.131
14242000 959.149
14243000 959.178
14244000 959.238
14245000 959.163
14246000 959.199
14247000 959.178
14248000 959.134
14249000 959.17
14250000 959.206
14251000 959.248
14252000 959.231
14253000 959.224
14254000 959.272
14255000 959.269
14256000 959.301
14257000 959.424
14258000 959.49
14259000 959.547
14260000 959.519
14261000 959.436
14262000 959.379
14263000 959.39
14264000 959.399
14265000 959.302
14266000 959.283
14267000 959.257
14268000 959.296
14269000 959.411
14270000 959.401
14271000 959.447
14272000 959.516
14273000 959.568
14274000 959.617
14275000 959.624
14276000 959.653
14277000 959.694
14278000 959.707
14279000 959.736
14280000 959.733
14281000 959.714
14282000 959.764
14283000 959.74
14284000 959.741
14285000 959.722
14286000 959.752
14287000 959.757
14288000 959.749
14289000 959.792
14290000 959.761
14291000 959.693
14292000 959.735
14293000 959.748
14294000 959.733
14295000 959.616
14296000 959.566
14297000 959.502
14298000 959.429
14299000 959.408
14300000 959.392
14301000 959.392
14302000 959.351
14303000 959.341
14304000 959.368
14305000 959.375
14306000 959.475
14307000 959.423
14308000 959.427
14309000 959.338
14310000 959.344
14311000 959.37
14312000 959.364
14313000 959.33
14314000 959.349
14315000 959.455
14316000 959.576
14317000 959.713
14318000 959.816
14319000 959.865
14320000 959.938
14321000 960
14322000 960.069
14323000 960.148
14324000 960.262
14325000 960.303
14326000 960.38
14327000 960.505
14328000 960.655
14329000 960.79
14330000 960.885
14331000 961.038
14332000 961.115
14333000 961.245
14334000 961.269
14335000 961.301
14336000 961.347
14337000 961.363
14338000 961.457
14339000 961.543
14340000 961.621
14341000 961.792
14342000 961.808
14343000 961.792
14344000 961.829
14345000 961.837
14346000 961.922
14347000 961.964
14348000 961.927
14349000 961.831
14350000 961.798
14351000 961.691
14352000 961.577
14353000 961.459
14354000 961.305
14355000 961.176
14356000 961.063
14357000 960.909
14358000 960.803
14359000 960.714
14360000 960.558
14361000 960.417
14362000 960.394
14363000 960.421
14364000 960.399
14365000 960.37
14366000 960.332
14367000 960.272
14368000 960.251
14369000 960.183
14370000 960.141
14371000 960.132
14372000 960.08
14373000 959.979
14374000 959.89
14375000 959.824
14376000 959.726
14377000 959.624
14378000 959.581
14379000 959.532
14380000 959.492
14381000 959.443
14382000 959.382
14383000 959.358
14384000 959.326
14385000 959.277
14386000 959.307
14387000 959.304
14388000 959.296
14389000 959.262
14390000 959.301
14391000 959.24
14392000 959.2
14393000 959.238
14394000 959.297
14395000 959.365
14396000 959.364
14397000 959.313
14398000 959.198
14399000 959.164
14400000 959.075
14401000 959.008
14402000 958.969
14403000 958.947
14404000 958.943
14405000 958.897
14406000 958.786
14407000 958.696
14408000 958.609
14409000 958.541
14410000 958.533
14411000 958.487
14412000 958.393
14413000 958.295
14414000 958.289
14415000 958.337
14416000 958.295
14417000 958.323
14418000 958.301
14419000 958.374
14420000 958.42
14421000 958.376
14422000 958.409
14423000 958.461
14424000 958.502
14425000 958.579
14426000 958.68
14427000 958.742
14428000 958.732
14429000 958.737
14430000 958.756
14431000 958.805
14432000 958.871
14433000 958.957
14434000 958.997
14435000 958.985
14436000 959.033
14437000 959.121
14438000 959.202
14439000 959.239
14440000 959.271
14441000 959.238
14442000 959.183
14443000 959.257
14444000 959.252
14445000 959.311
14446000 959.353
14447000 959.418
14448000 959.431
14449000 959.45
14450000 959.507
14451000 959.551
14452000 959.582
14453000 959.642
14454000 959.704
14455000 959.689
14456000 959.713
14457000 959.763
14458000 959.768
14459000 959.824
14460000 959.908
14461000 959.986
14462000 960.045
14463000 960.117
14464000 960.178
14465000 960.242
14466000 960.371
14467000 960.397
14468000 960.414
14469000 960.408
14470000 960.45
14471000 960.435
14472000 960.37
14473000 960.3
14474000 960.205
14475000 960.211
14476000 960.162
14477000 960.163
14478000 960.191
14479000 960.207
14480000 960.265
14481000 960.335
14482000 960.354
14483000 960.287
14484000 960.24
14485000 960.23
14486000 960.17
14487000 960.073
14488000 960.011
14489000 959.991
14490000 959.95
14491000 959.927
14492000 959.91
14493000 959.888
14494000 959.874
14495000 959.843
14496000 959.878
14497000 959.868
14498000 959.831
14499000 959.838
14500000 959.806
14501000 959.798
14502000 959.793
14503000 959.848
14504000 959.841
14505000 959.815
14506000 959.864
14507000 959.928
14508000 959.877
14509000 959.839
14510000 959.81
14511000 959.749
14512000 959.732
14513000 959.706
14514000 959.723
14515000 959.716
14516000 959.757
14517000 959.795
14518000 959.795
14519000 959.809
14520000 959.886
14521000 959.982
14522000 960.105
14523000 960.191
14524000 960.302
14525000 960.36
14526000 960.342
14527000 960.355
14528000 960.441
14529000 960.452
14530000 960.544
14531000 960.616
14532000 960.653
14533000 960.658
14534000 960.652
14535000 960.606
14536000 960.642
14537000 960.625
14538000 960.673
14539000 960.685
14540000 960.693
14541000 960.649
14542000 960.664
14543000 960.646
14544000 960.688
14545000 960.707
14546000 960.779
14547000 960.774
14548000 960.775
14549000 960.81
14550000 960.831
14551000 960.846
14552000 960.958
14553000 961.012
14554000 961.029
14555000 961.037
14556000 961.066
14557000 961.117
14558000 961.136
14559000 961.176
14560000 961.26
14561000 961.262
14562000 961.32
14563000 961.336
14564000 961.369
14565000 961.376
14566000 961.433
14567000 961.393
14568000 961.424
14569000 961.431
14570000 961.431
14571000 961.398
14572000 961.369
14573000 961.335
14574000 961.324
14575000 961.309
14576000 961.285
14577000 961.278
14578000 961.239
14579000 961.291
14580000 961.329
14581000 961.359
14582000 961.348
14583000 961.345
14584000 961.327
14585000 961.425
14586000 961.479
14587000 961.523
14588000 961.571
14589000 961.635
14590000 961.735
14591000 961.773
14592000 961.767
14593000 961.781
14594000 961.799
14595000 961.821
14596000 961.826
14597000 961.773
14598000 961.733
14599000 961.689
14600000 961.657
14601000 961.636
14602000 961.625
14603000 961.646
14604000 961.614
14605000 961.683
14606000 961.651
14607000 961.662
14608000 961.682
14609000 961.701
14610000 961.65
14611000 961.61
14612000 961.548
14613000 961.552
14614000 961.501
14615000 961.501
14616000 961.504
14617000 961.506
14618000 961.599
14619000 961.594
14620000 961.673
14621000 961.73
14622000 961.763
14623000 961.852
14624000 961.874
14625000 961.891
14626000 961.945
14627000 961.984
14628000 961.977
14629000 962.017
14630000 961.985
14631000 962.004
14632000 961.965
14633000 962.033
14634000 962.02
14635000 962.104
14636000 962.088
14637000 962.11
14638000 962.104
14639000 962.126
14640000 962.14
14641000 962.194
14642000 962.244
14643000 962.27
14644000 962.281
14645000 962.257
14646000 962.198
14647000 962.143
14648000 962.087
14649000 962.042
14650000 961.984
14651000 961.916
14652000 961.87
14653000 961.792
14654000 961.762
14655000 961.722
14656000 961.626
14657000 961.552
14658000 961.567
14659000 961.562
14660000 961.567
14661000 961.636
14662000 961.666
14663000 961.682
14664000 961.697
14665000 961.728
14666000 961.755
14667000 961.785
14668000 961.786
14669000 961.783
14670000 961.833
14671000 961.863
14672000 961.888
14673000 961.941
14674000 961.971
14675000 961.972
14676000 961.93
14677000 961.923
14678000 961.922
14679000 961.901
14680000 961.902
14681000 961.942
14682000 961.996
14683000 962.075
14684000 962.126
14685000 962.175
14686000 962.231
14687000 962.293
14688000 962.314
14689000 962.301
14690000 962.278
14691000 962.251
14692000 962.204
14693000 962.151
14694000 962.076
14695000 962.142
14696000 962.154
14697000 962.182
14698000 962.188
14699000 962.188
14700000 962.214
14701000 962.262
14702000 962.254
14703000 962.291
14704000 962.369
14705000 962.404
14706000 962.453
14707000 962.576
14708000 962.668
14709000 962.661
14710000 962.673
14711000 962.726
14712000 962.756
14713000 962.77
14714000 962.84
14715000 962.85
14716000 962.845
14717000 962.856
14718000 962.825
14719000 962.833
14720000 962.789
14721000 962.728
14722000 962.722
14723000 962.657
14724000 962.628
14725000 962.608
14726000 962.536
14727000 962.527
14728000 962.486
14729000 962.453
14730000 962.509
14731000 962.595
14732000 962.597
14733000 962.659
14734000 962.75
14735000 962.788
14736000 962.849
14737000 962.894
14738000 962.937
14739000 962.952
14740000 962.931
14741000 962.994
14742000 963.005
14743000 963.032
14744000 963.06
14745000 963.069
14746000 963.145
14747000 963.184
14748000 963.201
14749000 963.172
14750000 963.162
14751000 963.113
14752000 963.13
14753000 963.165
14754000 963.137
14755000 963.125
14756000 963.186
14757000 963.18
14758000 963.213
14759000 963.252
14760000 963.265
14761000 963.272
14762000 963.246
14763000 963.291
14764000 963.317
14765000 963.325
14766000 963.34
14767000 963.373
14768000 963.399
14769000 963.417
14770000 963.421
14771000 963.448
14772000 963.474
14773000 963.502
14774000 963.528
14775000 963.594
14776000 963.618
14777000 963.641
14778000 963.646
14779000 963.677
14780000 963.697
14781000 963.764
14782000 963.831
14783000 963.917
14784000 963.957
14785000 964.034
14786000 964.103
14787000 964.144
14788000 964.181
14789000 964.178
14790000 964.155
14791000 964.169
14792000 964.191
14793000 964.216
14794000 964.266
14795000 964.314
14796000 964.362
14797000 964.373
14798000 964.358
14799000 964.364
14800000 964.372
14801000 964.366
14802000 964.393
14803000 964.416
14804000 964.381
14805000 964.405
14806000 964.385
14807000 964.447
14808000 964.493
14809000 964.525
14810000 964.565
14811000 964.622
14812000 964.704
14813000 964.712
14814000 964.759
14815000 964.789
14816000 964.811
14817000 964.846
14818000 964.825
14819000 964.812
14820000 964.826
14821000 964.861
14822000 964.874
14823000 964.872
14824000 964.867
14825000 964.831
14826000 964.788
14827000 964.793
14828000 964.816
14829000 964.814
14830000 964.774
14831000 964.764
14832000 964.74
14833000 964.729
14834000 964.726
14835000 964.717
14836000 964.689
14837000 964.742
14838000 964.714
14839000 964.716
14840000 964.751
14841000 964.732
14842000 964.683
14843000 964.686
14844000 964.662
14845000 964.646
14846000 964.679
14847000 964.657
14848000 964.598
14849000 964.549
14850000 964.508
14851000 964.455
14852000 964.385
14853000 964.334
14854000 964.303
14855000 964.243
14856000 964.158
14857000 964.104
14858000 964.044
14859000 964.006
14860000 963.912
14861000 963.831
14862000 963.8
14863000 963.771
14864000 963.746
14865000 963.721
14866000 963.667
14867000 963.679
14868000 963.626
14869000 963.602
14870000 963.596
14871000 963.538
14872000 963.539
14873000 963.51
14874000 963.49
14875000 963.426
14876000 963.425
14877000 963.419
14878000 963.366
14879000 963.298
14880000 963.261
14881000 963.257
14882000 963.235
14883000 963.133
14884000 963.071
14885000 963.05
14886000 963.042
14887000 963.044
14888000 963.005
14889000 962.995
14890000 962.989
14891000 962.969
14892000 962.957
14893000 962.993
14894000 963.026
14895000 963.052
14896000 963.084
14897000 963.091
14898000 963.057
14899000 963.051
14900000 963.075
14901000 963.048
14902000 963.083
14903000 963.109
14904000 963.146
14905000 963.212
14906000 963.305
14907000 963.351
14908000 963.365
14909000 963.356
14910000 963.409
14911000 963.419
14912000 963.412
14913000 963.394
14914000 963.406
14915000 963.43
14916000 963.41
14917000 963.468
14918000 963.483
14919000 963.482
14920000 963.526
14921000 963.517
14922000 963.498
14923000 963.46
14924000 963.43
14925000 963.437
14926000 963.422
14927000 963.426
14928000 963.468
14929000 963.505
14930000 963.589
14931000 963.636
14932000 963.636
14933000 963.644
14934000 963.659
14935000 963.669
14936000 963.7
14937000 963.709
14938000 963.673
14939000 963.663
14940000 963.652
14941000 963.648
14942000 963.654
14943000 963.681
14944000 963.704
14945000 963.663
14946000 963.701
14947000 963.642
14948000 963.66
14949000 963.652
14950000 963.648
14951000 963.636
14952000 963.636
14953000 963.663
14954000 963.69
14955000 963.697
14956000 963.731
14957000 963.752
14958000 963.746
14959000 963.732
14960000 963.737
14961000 963.771
14962000 963.794
14963000 963.823
14964000 963.814
14965000 963.767
14966000 963.716
14967000 963.654
14968000 963.569
14969000 963.512
14970000 963.487
14971000 963.459
14972000 963.425
14973000 963.383
14974000 963.366
14975000 963.313
14976000 963.266
14977000 963.26
14978000 963.248
14979000 963.251
14980000 963.215
14981000 963.222
14982000 963.227
14983000 963.205
14984000 963.194
14985000 963.2
14986000 963.227
14987000 963.182
14988000 963.244
14989000 963.191
14990000 963.132
14991000 963.13
14992000 963.143
14993000 963.096
14994000 963.077
14995000 963.069
14996000 963.083
14997000 963.065
14998000 963.032
14999000 962.965
15000000 962.963
15001000 962.963
15002000 962.93
15003000 962.88
15004000 962.829
15005000 962.821
15006000 962.767
15007000 962.74
15008000 962.702
15009000 962.681
15010000 962.667
15011000 962.688
15012000 962.684
15013000 962.698
15014000 962.683
15015000 962.646
15016000 962.655
15017000 962.656
15018000 962.571
15019000 962.514
15020000 962.498
15021000 962.511
15022000 962.479
15023000 962.441
15024000 962.375
15025000 962.337
15026000 962.286
15027000 962.281
15028000 962.266
15029000 962.282
15030000 962.266
15031000 962.273
15032000 962.278
15033000 962.271
15034000 962.237
15035000 962.206
15036000 962.147
15037000 962.108
15038000 962.071
15039000 962.038
15040000 962.016
15041000 961.962
15042000 961.9
15043000 961.84
15044000 961.842
15045000 961.849
15046000 961.868
15047000 961.887
15048000 961.903
15049000 961.963
15050000 961.965
15051000 961.986
15052000 961.985
15053000 962.023
15054000 962.029
15055000 962.025
15056000 962.053
15057000 962.09
15058000 962.105
15059000 962.101
15060000 962.067
15061000 962.087
15062000 962.107
15063000 962.107
15064000 962.089
15065000 962.06
15066000 961.966
15067000 961.913
15068000 961.83
15069000 961.762
15070000 961.756
15071000 961.699
15072000 961.64
15073000 961.593
15074000 961.496
15075000 961.499
15076000 961.504
15077000 961.495
15078000 961.51
15079000 961.479
15080000 961.436
15081000 961.387
15082000 961.337
15083000 961.299
15084000 961.258
15085000 961.179
15086000 961.134
15087000 961.09
15088000 961.069
15089000 961.041
15090000 961.013
15091000 961.006
15092000 961.019
15093000 961.004
15094000 960.974
15095000 960.977
15096000 960.924
15097000 960.923
15098000 960.949
15099000 960.999
15100000 960.97
15101000 960.982
15102000 961.027
15103000 961.009
15104000 961.019
15105000 960.998
15106000 960.996
15107000 960.957
15108000 960.919
15109000 960.912
15110000 960.921
15111000 960.911
15112000 960.91
15113000 960.907
15114000 960.918
15115000 960.894
15116000 960.928
15117000 960.919
15118000 960.902
15119000 960.895
15120000 960.92
15121000 960.932
15122000 960.963
15123000 960.986
15124000 961.026
15125000 961.049
15126000 961.077
15127000 961.113
15128000 961.143
15129000 961.177
15130000 961.23
15131000 961.293
15132000 961.373
15133000 961.381
15134000 961.431
15135000 961.45
15136000 961.463
15137000 961.503
15138000 961.524
15139000 961.512
15140000 961.554
15141000 961.567
15142000 961.567
15143000 961.561
15144000 961.613
15145000 961.628
15146000 961.675
15147000 961.747
15148000 961.761
15149000 961.815
15150000 961.843
15151000 961.84
15152000 961.864
15153000 961.832
15154000 961.854
15155000 961.829
15156000 961.824
15157000 961.81
15158000 961.78
15159000 961.729
15160000 961.694
15161000 961.68
15162000 961.62
15163000 961.58
15164000 961.555
15165000 961.521
15166000 961.472
15167000 961.436
15168000 961.355
15169000 961.315
15170000 961.263
15171000 961.242
15172000 961.232
15173000 961.157
15174000 961.11
15175000 961.104
15176000 961.091
15177000 961.11
15178000 961.093
15179000 961.043
15180000 960.967
15181000 960.904
15182000 960.866
15183000 960.825
15184000 960.804
15185000 960.755
15186000 960.73
15187000 960.665
15188000 960.589
15189000 960.525
15190000 960.448
15191000 960.391
15192000 960.36
15193000 960.294
15194000 960.266
15195000 960.284
15196000 960.297
15197000 960.265
15198000 960.263
15199000 960.219
15200000 960.187
15201000 960.104
15202000 960.012
15203000 959.954
15204000 959.904
15205000 959.846
15206000 959.758
15207000 959.705
15208000 959.666
15209000 959.612
15210000 959.569
15211000 959.518
15212000 959.45
15213000 959.42
15214000 959.376
15215000 959.307
15216000 959.314
15217000 959.248
15218000 959.222
15219000 959.206
15220000 959.169
15221000 959.166
15222000 959.175
15223000 959.175
15224000 959.13
15225000 959.13
15226000 959.119
15227000 959.131
15228000 959.098
15229000 959.054
15230000 959.028
15231000 958.989
15232000 958.905
15233000 958.833
15234000 958.84
15235000 958.802
15236000 958.779
15237000 958.747
15238000 958.726
15239000 958.71
15240000 958.718
15241000 958.737
15242000 958.754
15243000 958.713
15244000 958.64
15245000 958.62
15246000 958.577
15247000 958.572
15248000 958.575
15249000 958.56
15250000 958.513
15251000 958.481
15252000 958.517
15253000 958.463
15254000 958.435
15255000 958.426
15256000 958.421
15257000 958.409
15258000 958.43
15259000 958.405
15260000 958.417
15261000 958.426
15262000 958.424
15263000 958.402
15264000 958.371
15265000 958.34
15266000 958.296
15267000 958.189
15268000 958.081
15269000 958.012
15270000 957.969
15271000 957.895
15272000 957.817
15273000 957.714
15274000 957.616
15275000 957.599
15276000 957.521
15277000 957.493
15278000 957.43
15279000 957.395
15280000 957.346
15281000 957.334
15282000 957.336
15283000 957.269
15284000 957.244
15285000 957.177
15286000 957.161
15287000 957.121
15288000 957.127
15289000 957.126
15290000 957.128
15291000 957.132
15292000 957.105
15293000 957.109
15294000 957.075
15295000 957.018
15296000 957.002
15297000 956.916
15298000 956.857
15299000 956.805
15300000 956.744
15301000 956.667
15302000 956.612
15303000 956.585
15304000 956.554
15305000 956.555
15306000 956.561
15307000 956.539
15308000 956.513
15309000 956.516
15310000 956.503
15311000 956.5
15312000 956.505
15313000 956.508
15314000 956.482
15315000 956.441
15316000 956.382
15317000 956.335
15318000 956.309
15319000 956.28
15320000 956.224
15321000 956.2
15322000 956.19
15323000 956.155
15324000 956.109
15325000 956.076
15326000 956.057
15327000 956.024
15328000 956.03
15329000 956.037
15330000 956.059
15331000 956.061
15332000 956.035
15333000 956.026
15334000 955.988
15335000 955.994
15336000 955.969
15337000 955.957
15338000 955.891
15339000 955.868
15340000 955.854
15341000 955.832
15342000 955.839
15343000 955.819
15344000 955.763
15345000 955.758
15346000 955.736
15347000 955.747
15348000 955.771
15349000 955.815
15350000 955.818
15351000 955.803
15352000 955.807
15353000 955.839
15354000 955.836
15355000 955.853
15356000 955.837
15357000 955.81
15358000 955.788
15359000 955.748
15360000 955.718
15361000 955.741
15362000 955.746
15363000 955.752
15364000 955.742
15365000 955.716
15366000 955.7
15367000 955.674
15368000 955.667
15369000 955.679
15370000 955.666
15371000 955.677
15372000 955.684
15373000 955.709
15374000 955.785
15375000 955.756
15376000 955.771
15377000 955.786
15378000 955.796
15379000 955.797
15380000 955.794
15381000 955.843
15382000 955.879
15383000 955.884
15384000 955.846
15385000 955.839
15386000 955.805
15387000 955.763
15388000 955.772
15389000 955.763
15390000 955.768
15391000 955.777
15392000 955.754
15393000 955.753
15394000 955.769
15395000 955.78
15396000 955.768
15397000 955.756
15398000 955.759
15399000 955.775
15400000 955.797
15401000 955.801
15402000 955.758
15403000 955.808
15404000 955.822
15405000 955.784
15406000 955.738
15407000 955.73
15408000 955.748
15409000 955.734
15410000 955.703
15411000 955.68
15412000 955.658
15413000 955.661
15414000 955.657
15415000 955.705
15416000 955.734
15417000 955.768
15418000 955.798
15419000 955.817
15420000 955.851
15421000 955.869
15422000 955.912
15423000 955.932
15424000 955.949
15425000 955.96
15426000 955.96
15427000 955.945
15428000 955.952
15429000 955.966
15430000 955.956
15431000 955.946
15432000 955.963
15433000 955.978
15434000 955.985
15435000 955.985
15436000 955.984
15437000 955.977
15438000 955.941
15439000 955.918
15440000 955.875
15441000 955.891
15442000 955.892
15443000 955.933
15444000 955.918
15445000 955.919
15446000 955.914
15447000 955.915
15448000 955.931
15449000 955.94
15450000 955.953
15451000 955.943
15452000 955.953
15453000 955.941
15454000 955.919
15455000 955.924
15456000 955.913
15457000 955.894
15458000 955.904
15459000 955.914
15460000 955.904
15461000 955.889
15462000 955.897
15463000 955.929
15464000 955.973
15465000 955.983
15466000 956.011
15467000 956.05
15468000 956.069
15469000 956.051
15470000 956.016
15471000 956.021
15472000 956.017
15473000 956.015
15474000 956.021
15475000 956.031
15476000 956.007
15477000 955.993
15478000 955.998
15479000 955.993
15480000 956.038
15481000 956.034
15482000 956.047
15483000 956.009
15484000 956.034
15485000 956.05
15486000 956.07
15487000 956.105
15488000 956.145
15489000 956.172
15490000 956.183
15491000 956.218
15492000 956.222
15493000 956.22
15494000 956.239
15495000 956.264
15496000 956.282
15497000 956.286
15498000 956.279
15499000 956.281
15500000 956.269
15501000 956.231
15502000 956.215
15503000 956.204
15504000 956.19
15505000 956.193
15506000 956.228
15507000 956.273
15508000 956.299
15509000 956.311
15510000 956.312
15511000 956.334
15512000 956.377
15513000 956.408
15514000 956.427
15515000 956.458
15516000 956.491
15517000 956.506
15518000 956.509
15519000 956.504
15520000 956.515
15521000 956.531
15522000 956.529
15523000 956.541
15524000 956.553
15525000 956.57
15526000 956.549
15527000 956.548
15528000 956.543
15529000 956.561
15530000 956.589
15531000 956.637
15532000 956.681
15533000 956.734
15534000 956.789
15535000 956.82
15536000 956.899
15537000 956.942
15538000 956.967
15539000 956.986
15540000 957.058
15541000 957.092
15542000 957.114
15543000 957.16
15544000 957.193
15545000 957.219
15546000 957.259
15547000 957.258
15548000 957.247
15549000 957.258
15550000 957.267
15551000 957.249
15552000 957.232
15553000 957.276
15554000 957.298
15555000 957.326
15556000 957.367
15557000 957.39
15558000 957.406
15559000 957.432
15560000 957.451
15561000 957.491
15562000 957.479
15563000 957.482
15564000 957.506
15565000 957.507
15566000 957.474
15567000 957.463
15568000 957.441
15569000 957.407
15570000 957.382
15571000 957.351
15572000 957.324
15573000 957.311
15574000 957.314
15575000 957.295
15576000 957.256
15577000 957.217
15578000 957.203
15579000 957.183
15580000 957.183
15581000 957.174
15582000 957.173
15583000 957.2
15584000 957.196
15585000 957.171
15586000 957.145
15587000 957.156
15588000 957.148
15589000 957.189
15590000 957.185
15591000 957.151
15592000 957.144
15593000 957.139
15594000 957.129
15595000 957.102
15596000 957.069
15597000 957.051
15598000 957.003
15599000 956.985
15600000 956.973
15601000 956.928
15602000 956.933
15603000 956.886
15604000 956.881
15605000 956.853
15606000 956.831
15607000 956.801
15608000 956.76
15609000 956.753
15610000 956.761
15611000 956.74
15612000 956.725
15613000 956.745
15614000 956.761
15615000 956.742
15616000 956.718
15617000 956.714
15618000 956.729
15619000 956.738
15620000 956.676
15621000 956.619
15622000 956.549
15623000 956.507
15624000 956.495
15625000 956.464
15626000 956.419
15627000 956.354
15628000 956.304
15629000 956.258
15630000 956.23
15631000 956.194
15632000 956.141
15633000 956.064
15634000 956.003
15635000 955.97
15636000 955.9
15637000 955.884
15638000 955.866
15639000 955.821
15640000 955.793
15641000 955.784
15642000 955.743
15643000 955.731
15644000 955.726
15645000 955.682
15646000 955.716
15647000 955.701
15648000 955.655
15649000 955.598
15650000 955.582
15651000 955.591
15652000 955.6
15653000 955.588
15654000 955.566
15655000 955.554
15656000 955.53
15657000 955.513
15658000 955.475
15659000 955.432
15660000 955.405
15661000 955.415
15662000 955.4
15663000 955.364
15664000 955.325
15665000 955.296
15666000 955.303
15667000 955.321
15668000 955.335
15669000 955.365
15670000 955.428
15671000 955.418
15672000 955.413
15673000 955.451
15674000 955.513
15675000 955.541
15676000 955.563
15677000 955.545
15678000 955.535
15679000 955.569
15680000 955.577
15681000 955.622
15682000 955.64
15683000 955.655
15684000 955.662
15685000 955.657
15686000 955.648
15687000 955.654
15688000 955.644
15689000 955.659
15690000 955.637
15691000 955.638
15692000 955.634
15693000 955.64
15694000 955.66
15695000 955.681
15696000 955.674
15697000 955.681
15698000 955.642
15699000 955.604
15700000 955.565
15701000 955.542
15702000 955.533
15703000 955.499
15704000 955.491
15705000 955.489
15706000 955.477
15707000 955.485
15708000 955.471
15709000 955.452
15710000 955.47
15711000 955.484
15712000 955.521
15713000 955.545
15714000 955.578
15715000 955.588
15716000 955.594
15717000 955.612
15718000 955.624
15719000 955.616
15720000 955.6
15721000 955.583
15722000 955.573
15723000 955.542
15724000 955.537
15725000 955.535
15726000 955.511
15727000 955.493
15728000 955.461
15729000 955.451
15730000 955.429
15731000 955.416
15732000 955.388
15733000 955.376
15734000 955.328
15735000 955.276
15736000 955.249
15737000 955.24
15738000 955.203
15739000 955.21
15740000 955.211
15741000 955.204
15742000 955.185
15743000 955.177
15744000 955.148
15745000 955.121
15746000 955.152
15747000 955.146
15748000 955.119
15749000 955.103
15750000 955.09
15751000 955.057
15752000 955.077
15753000 955.061
15754000 955.021
15755000 954.984
15756000 954.914
15757000 954.862
15758000 954.84
15759000 954.809
15760000 954.773
15761000 954.743
15762000 954.705
15763000 954.7
15764000 954.637
15765000 954.616
15766000 954.608
15767000 954.624
15768000 954.581
15769000 954.54
15770000 954.533
15771000 954.5
15772000 954.488
15773000 954.438
15774000 954.416
15775000 954.361
15776000 954.343
15777000 954.337
15778000 954.315
15779000 954.297
15780000 954.286
15781000 954.291
15782000 954.298
15783000 954.281
15784000 954.269
15785000 954.257
15786000 954.22
15787000 954.208
15788000 954.194
15789000 954.181
15790000 954.192
15791000 954.172
15792000 954.172
15793000 954.168
15794000 954.138
15795000 954.138
15796000 954.104
15797000 954.077
15798000 954
15799000 953.989
15800000 953.975
15801000 953.994
15802000 953.964
15803000 953.947
15804000 953.905
15805000 953.896
15806000 953.835
15807000 953.799
15808000 953.794
15809000 953.763
15810000 953.72
15811000 953.698
15812000 953.631
15813000 953.574
15814000 953.551
15815000 953.532
15816000 953.491
15817000 953.477
15818000 953.469
15819000 953.452
15820000 953.426
15821000 953.389
15822000 953.38
15823000 953.37
15824000 953.342
15825000 953.295
15826000 953.25
15827000 953.177
15828000 953.127
15829000 953.083
15830000 953.054
15831000 953.036
15832000 953.042
15833000 953.011
15834000 952.954
15835000 952.907
15836000 952.879
15837000 952.849
15838000 952.822
15839000 952.815
15840000 952.827
15841000 952.811
15842000 952.802
15843000 952.77
15844000 952.723
15845000 952.681
15846000 952.63
15847000 952.599
15848000 952.562
15849000 952.546
15850000 952.504
15851000 952.509
15852000 952.487
15853000 952.448
15854000 952.448
15855000 952.433
15856000 952.407
15857000 952.362
15858000 952.319
15859000 952.272
15860000 952.245
15861000 952.243
15862000 952.191
15863000 952.136
15864000 952.109
15865000 952.037
15866000 951.967
15867000 951.9
15868000 951.844
15869000 951.784
15870000 951.716
15871000 951.622
15872000 951.527
15873000 951.43
15874000 951.362
15875000 951.294
15876000 951.222
15877000 951.184
15878000 951.117
15879000 951.041
15880000 950.997
15881000 950.97
15882000 950.95
15883000 950.923
15884000 950.844
15885000 950.805
15886000 950.749
15887000 950.67
15888000 950.623
15889000 950.564
15890000 950.523
15891000 950.498
15892000 950.474
15893000 950.474
15894000 950.457
15895000 950.414
15896000 950.395
15897000 950.358
15898000 950.325
15899000 950.297
15900000 950.282
15901000 950.305
15902000 950.296
15903000 950.254
15904000 950.243
15905000 950.257
15906000 950.269
15907000 950.232
15908000 950.22
15909000 950.206
15910000 950.215
15911000 950.206
15912000 950.209
15913000 950.202
15914000 950.183
15915000 950.189
15916000 950.232
15917000 950.233
15918000 950.251
15919000 950.237
15920000 950.238
15921000 950.21
15922000 950.207
15923000 950.212
15924000 950.168
15925000 950.136
15926000 950.104
15927000 950.058
15928000 950.029
15929000 949.984
15930000 949.955
15931000 949.919
15932000 949.922
15933000 949.93
15934000 949.933
15935000 949.926
15936000 949.939
15937000 949.918
15938000 949.903
15939000 949.895
15940000 949.869
15941000 949.839
15942000 949.787
15943000 949.785
15944000 949.803
15945000 949.78
15946000 949.767
15947000 949.785
15948000 949.804
15949000 949.828
15950000 949.834
15951000 949.857
15952000 949.843
15953000 949.81
15954000 949.834
15955000 949.813
15956000 949.805
15957000 949.798
15958000 949.794
15959000 949.786
15960000 949.78
15961000 949.748
15962000 949.731
15963000 949.694
15964000 949.698
15965000 949.698
15966000 949.665
15967000 949.62
15968000 949.596
15969000 949.553
15970000 949.552
15971000 949.533
15972000 949.483
15973000 949.457
15974000 949.436
15975000 949.406
15976000 949.347
15977000 949.321
15978000 949.303
15979000 949.28
15980000 949.267
15981000 949.231
15982000 949.229
15983000 949.21
15984000 949.194
15985000 949.171
15986000 949.146
15987000 949.095
15988000 949.051
15989000 949.028
15990000 949.024
15991000 949.031
15992000 949.025
15993000 949.017
15994000 949.027
15995000 949.003
15996000 948.995
15997000 948.957
15998000 948.945
15999000 948.912
16000000 948.887
16001000 948.902
16002000 948.911
16003000 948.963
16004000 948.995
16005000 948.99
16006000 949.011
16007000 949.056
16008000 949.089
16009000 949.09
16010000 949.096
16011000 949.118
16012000 949.096
16013000 949.104
16014000 949.126
16015000 949.136
16016000 949.119
16017000 949.117
16018000 949.084
16019000 949.059
16020000 949.067
16021000 949.087
16022000 949.073
16023000 949.057
16024000 949.044
16025000 949.033
16026000 949.023
16027000 949.023
16028000 949.001
16029000 949.016
16030000 949.002
16031000 948.988
16032000 949
16033000 949.014
16034000 949.002
16035000 949.016
16036000 949.022
16037000 949.039
16038000 949.046
16039000 949.052
16040000 949.046
16041000 949.051
16042000 949.028
16043000 949.01
16044000 949.007
16045000 948.952
16046000 948.932
16047000 948.888
16048000 948.868
16049000 948.816
16050000 948.787
16051000 948.769
16052000 948.776
16053000 948.753
16054000 948.755
16055000 948.773
16056000 948.766
16057000 948.775
16058000 948.817
16059000 948.832
16060000 948.815
16061000 948.804
16062000 948.797
16063000 948.77
16064000 948.759
16065000 948.765
16066000 948.765
16067000 948.777
16068000 948.766
16069000 948.747
16070000 948.733
16071000 948.724
16072000 948.71
16073000 948.669
16074000 948.664
16075000 948.645
16076000 948.596
16077000 948.607
16078000 948.603
16079000 948.613
16080000 948.615
16081000 948.607
16082000 948.597
16083000 948.601
16084000 948.642
16085000 948.646
16086000 948.67
16087000 948.65
16088000 948.625
16089000 948.643
16090000 948.673
16091000 948.676
16092000 948.687
16093000 948.655
16094000 948.684
16095000 948.69
16096000 948.689
16097000 948.693
16098000 948.706
16099000 948.71
16100000 948.711
16101000 948.692
16102000 948.666
16103000 948.678
16104000 948.665
16105000 948.687
16106000 948.66
16107000 948.669
16108000 948.626
16109000 948.594
16110000 948.527
16111000 948.489
16112000 948.461
16113000 948.445
16114000 948.433
16115000 948.424
16116000 948.386
16117000 948.355
16118000 948.35
16119000 948.335
16120000 948.308
16121000 948.288
16122000 948.321
16123000 948.298
16124000 948.325
16125000 948.337
16126000 948.365
16127000 948.372
16128000 948.35
16129000 948.353
16130000 948.34
16131000 948.324
16132000 948.271
16133000 948.227
16134000 948.23
16135000 948.235
16136000 948.243
16137000 948.245
16138000 948.264
16139000 948.295
16140000 948.322
16141000 948.295
16142000 948.28
16143000 948.282
16144000 948.287
16145000 948.285
16146000 948.28
16147000 948.248
16148000 948.24
16149000 948.264
16150000 948.308
16151000 948.327
16152000 948.325
16153000 948.344
16154000 948.356
16155000 948.364
16156000 948.39
16157000 948.403
16158000 948.419
16159000 948.438
16160000 948.458
16161000 948.486
16162000 948.495
16163000 948.52
16164000 948.533
16165000 948.504
16166000 948.488
16167000 948.497
16168000 948.518
16169000 948.53
16170000 948.556
16171000 948.539
16172000 948.563
16173000 948.586
16174000 948.575
16175000 948.601
16176000 948.615
16177000 948.637
16178000 948.647
16179000 948.63
16180000 948.629
16181000 948.639
16182000 948.663
16183000 948.679
16184000 948.692
16185000 948.677
16186000 948.67
16187000 948.667
16188000 948.696
16189000 948.695
16190000 948.715
16191000 948.687
16192000 948.683
16193000 948.703
16194000 948.712
16195000 948.741
16196000 948.773
16197000 948.773
16198000 948.783
16199000 948.81
16200000 948.821
16201000 948.799
16202000 948.763
16203000 948.789
16204000 948.82
16205000 948.829
16206000 948.797
16207000 948.819
16208000 948.824
16209000 948.841
16210000 948.838
16211000 948.857
16212000 948.87
16213000 948.906
16214000 948.91
16215000 948.911
16216000 948.858
16217000 948.846
16218000 948.836
16219000 948.848
16220000 948.807
16221000 948.817
16222000 948.816
16223000 948.805
16224000 948.793
16225000 948.802
16226000 948.804
16227000 948.8
16228000 948.81
16229000 948.83
16230000 948.807
16231000 948.825
16232000 948.823
16233000 948.816
16234000 948.819
16235000 948.857
16236000 948.904
16237000 948.916
16238000 948.918
16239000 948.968
16240000 948.978
16241000 949.022
16242000 949.039
16243000 949.045
16244000 949.071
16245000 949.133
16246000 949.151
16247000 949.184
16248000 949.227
16249000 949.226
16250000 949.255
16251000 949.279
16252000 949.297
16253000 949.325
16254000 949.344
16255000 949.366
16256000 949.381
16257000 949.389
16258000 949.412
16259000 949.432
16260000 949.423
16261000 949.404
16262000 949.405
16263000 949.372
16264000 949.376
16265000 949.361
16266000 949.368
16267000 949.387
16268000 949.41
16269000 949.429
16270000 949.448
16271000 949.485
16272000 949.502
16273000 949.507
16274000 949.544
16275000 949.57
16276000 949.586
16277000 949.577
16278000 949.559
16279000 949.558
16280000 949.539
16281000 949.556
16282000 949.551
16283000 949.554
16284000 949.549
16285000 949.554
16286000 949.522
16287000 949.532
16288000 949.522
16289000 949.52
16290000 949.556
16291000 949.571
16292000 949.55
16293000 949.542
16294000 949.562
16295000 949.587
16296000 949.605
16297000 949.618
16298000 949.614
16299000 949.624
16300000 949.627
16301000 949.639
16302000 949.646
16303000 949.641
16304000 949.624
16305000 949.662
16306000 949.671
16307000 949.688
16308000 949.674
16309000 949.693
16310000 949.727
16311000 949.76
16312000 949.738
16313000 949.724
16314000 949.703
16315000 949.68
16316000 949.665
16317000 949.684
16318000 949.71
16319000 949.748
16320000 949.752
16321000 949.75
16322000 949.782
16323000 949.792
16324000 949.832
16325000 949.842
16326000 949.849
16327000 949.861
16328000 949.861
16329000 949.856
16330000 949.877
16331000 949.896
16332000 949.902
16333000 949.904
16334000 949.941
16335000 949.952
16336000 949.974
16337000 949.958
16338000 949.973
16339000 949.964
16340000 949.987
16341000 950.008
16342000 950.038
16343000 950.062
16344000 950.113
16345000 950.174
16346000 950.225
16347000 950.209
16348000 950.208
16349000 950.203
16350000 950.196
16351000 950.189
16352000 950.17
16353000 950.174
16354000 950.14
16355000 950.122
16356000 950.101
16357000 950.077
16358000 950.077
16359000 950.05
16360000 950.016
16361000 950.029
16362000 950.006
16363000 949.981
16364000 949.963
16365000 949.941
16366000 949.944
16367000 949.941
16368000 949.93
16369000 949.923
16370000 949.92
16371000 949.934
16372000 949.916
16373000 949.913
16374000 949.902
16375000 949.922
16376000 949.924
16377000 949.892
16378000 949.887
16379000 949.856
16380000 949.854
16381000 949.853
16382000 949.875
16383000 949.855
16384000 949.844
16385000 949.837
16386000 949.865
16387000 949.911
16388000 949.938
16389000 949.944
16390000 949.991
16391000 950.013
16392000 950.04
16393000 950.035
16394000 950.045
16395000 950.051
16396000 950.041
16397000 950.045
16398000 950.054
16399000 950.053
16400000 950.06
16401000 950.064
16402000 950.063
16403000 950.051
16404000 950.041
16405000 950.006
16406000 949.996
16407000 950.006
16408000 949.981
16409000 949.953
16410000 949.945
16411000 949.946
16412000 949.961
16413000 949.964
16414000 949.958
16415000 949.954
16416000 949.949
16417000 949.962
16418000 949.985
16419000 949.995
16420000 949.961
16421000 949.946
16422000 949.95
16423000 949.955
16424000 949.991
16425000 950.002
16426000 949.999
16427000 950.013
16428000 950.021
16429000 950.038
16430000 950.074
16431000 950.066
16432000 950.104
16433000 950.126
16434000 950.154
16435000 950.194
16436000 950.212
16437000 950.258
16438000 950.286
16439000 950.293
16440000 950.366
16441000 950.425
16442000 950.45
16443000 950.47
16444000 950.487
16445000 950.499
16446000 950.504
16447000 950.509
16448000 950.521
16449000 950.538
16450000 950.556
16451000 950.612
16452000 950.63
16453000 950.636
16454000 950.63
16455000 950.623
16456000 950.591
16457000 950.564
16458000 950.531
16459000 950.505
16460000 950.44
16461000 950.428
16462000 950.406
16463000 950.408
16464000 950.413
16465000 950.422
16466000 950.419
16467000 950.436
16468000 950.432
16469000 950.415
16470000 950.39
16471000 950.369
16472000 950.37
16473000 950.368
16474000 950.336
16475000 950.318
16476000 950.301
16477000 950.318
16478000 950.309
16479000 950.302
16480000 950.28
16481000 950.259
16482000 950.218
16483000 950.202
16484000 950.197
16485000 950.203
16486000 950.204
16487000 950.188
16488000 950.199
16489000 950.191
16490000 950.139
16491000 950.128
16492000 950.116
16493000 950.1
16494000 950.076
16495000 950.036
16496000 950.024
16497000 950.041
16498000 950.033
16499000 950.029
16500000 950.015
16501000 950.001
16502000 950.001
16503000 949.984
16504000 949.98
16505000 949.97
16506000 949.951
16507000 949.952
16508000 949.97
16509000 949.968
16510000 949.966
16511000 949.939
16512000 949.951
16513000 949.964
16514000 949.95
16515000 949.937
16516000 949.93
16517000 949.915
16518000 949.92
16519000 949.917
16520000 949.924
16521000 949.925
16522000 949.952
16523000 950
16524000 950.011
16525000 950.026
16526000 950.045
16527000 950.067
16528000 950.075
16529000 950.106
16530000 950.153
16531000 950.157
16532000 950.164
16533000 950.178
16534000 950.175
16535000 950.161
16536000 950.158
16537000 950.164
16538000 950.168
16539000 950.175
16540000 950.188
16541000 950.203
16542000 950.223
16543000 950.224
16544000 950.253
16545000 950.267
16546000 950.28
16547000 950.315
16548000 950.325
16549000 950.343
16550000 950.346
16551000 950.339
16552000 950.304
16553000 950.313
16554000 950.335
16555000 950.379
16556000 950.388
16557000 950.428
16558000 950.426
16559000 950.42
16560000 950.412
16561000 950.403
16562000 950.432
16563000 950.453
16564000 950.469
16565000 950.454
16566000 950.463
16567000 950.454
16568000 950.469
16569000 950.475
16570000 950.471
16571000 950.464
16572000 950.449
16573000 950.439
16574000 950.419
16575000 950.444
16576000 950.468
16577000 950.47
16578000 950.486
16579000 950.486
16580000 950.496
16581000 950.514
16582000 950.525
16583000 950.545
16584000 950.552
16585000 950.573
16586000 950.566
16587000 950.553
16588000 950.558
16589000 950.559
16590000 950.532
16591000 950.543
16592000 950.51
16593000 950.518
16594000 950.509
16595000 950.522
16596000 950.512
16597000 950.507
16598000 950.479
16599000 950.468
16600000 950.465
16601000 950.471
16602000 950.479
16603000 950.486
16604000 950.49
16605000 950.459
16606000 950.434
16607000 950.428
16608000 950.44
16609000 950.434
16610000 950.44
16611000 950.447
16612000 950.421
16613000 950.447
16614000 950.457
16615000 950.462
16616000 950.455
16617000 950.424
16618000 950.385
16619000 950.345
16620000 950.311
16621000 950.304
16622000 950.294
16623000 950.277
16624000 950.27
16625000 950.268
16626000 950.28
16627000 950.269
16628000 950.284
16629000 950.287
16630000 950.259
16631000 950.291
16632000 950.318
16633000 950.353
16634000 950.359
16635000 950.352
16636000 950.355
16637000 950.35
16638000 950.354
16639000 950.359
16640000 950.407
16641000 950.421
16642000 950.468
16643000 950.49
16644000 950.519
16645000 950.506
16646000 950.506
16647000 950.501
16648000 950.505
16649000 950.513
16650000 950.544
16651000 950.575
16652000 950.619
16653000 950.633
16654000 950.622
16655000 950.619
16656000 950.631
16657000 950.631
16658000 950.64
16659000 950.622
16660000 950.632
16661000 950.614
16662000 950.592
16663000 950.575
16664000 950.564
16665000 950.536
16666000 950.535
16667000 950.541
16668000 950.507
16669000 950.497
16670000 950.447
16671000 950.433
16672000 950.417
16673000 950.394
16674000 950.383
16675000 950.39
16676000 950.363
16677000 950.38
16678000 950.359
16679000 950.332
16680000 950.313
16681000 950.266
16682000 950.22
16683000 950.189
16684000 950.138
16685000 950.123
16686000 950.113
16687000 950.101
16688000 950.116
16689000 950.135
16690000 950.155
16691000 950.18
16692000 950.181
16693000 950.195
16694000 950.193
16695000 950.205
16696000 950.228
16697000 950.244
16698000 950.29
16699000 950.308
16700000 950.348
16701000 950.347
16702000 950.381
16703000 950.386
16704000 950.418
16705000 950.446
16706000 950.474
16707000 950.463
16708000 950.442
16709000 950.453
16710000 950.458
16711000 950.461
16712000 950.457
16713000 950.462
16714000 950.469
16715000 950.488
16716000 950.506
16717000 950.523
16718000 950.52
16719000 950.546
16720000 950.554
16721000 950.58
16722000 950.593
16723000 950.625
16724000 950.651
16725000 950.663
16726000 950.655
16727000 950.677
16728000 950.674
16729000 950.679
16730000 950.677
16731000 950.668
16732000 950.708
16733000 950.727
16734000 950.746
16735000 950.766
16736000 950.79
16737000 950.795
16738000 950.831
16739000 950.864
16740000 950.902
16741000 950.954
16742000 950.993
16743000 951.037
16744000 951.096
16745000 951.136
16746000 951.174
16747000 951.204
16748000 951.228
16749000 951.247
16750000 951.268
16751000 951.305
16752000 951.33
16753000 951.351
16754000 951.389
16755000 951.407
16756000 951.435
16757000 951.459
16758000 951.474
16759000 951.504
16760000 951.554
16761000 951.583
16762000 951.647
16763000 951.682
16764000 951.717
16765000 951.731
16766000 951.759
16767000 951.808
16768000 951.835
16769000 951.862
16770000 951.866
16771000 951.883
16772000 951.912
16773000 951.934
16774000 951.958
16775000 951.985
16776000 952.026
16777000 952.03
16778000 952.042
16779000 952.034
16780000 952.062
16781000 952.078
16782000 952.116
16783000 952.144
16784000 952.192
16785000 952.222
16786000 952.248
16787000 952.279
16788000 952.337
16789000 952.386
16790000 952.392
16791000 952.401
16792000 952.422
16793000 952.43
16794000 952.467
16795000 952.518
16796000 952.558
16797000 952.569
16798000 952.572
16799000 952.608
16800000 952.614
16801000 952.66
16802000 952.728
16803000 952.767
16804000 952.804
16805000 952.85
16806000 952.886
16807000 952.922
16808000 952.957
16809000 952.986
16810000 953.005
16811000 952.993
16812000 953.001
16813000 952.993
16814000 952.995
16815000 952.99
16816000 952.979
16817000 952.985
16818000 952.991
16819000 952.987
16820000 952.993
16821000 952.981
16822000 952.983
16823000 953
16824000 953.011
16825000 953.03
16826000 953.035
16827000 953.033
16828000 953.023
16829000 953.002
16830000 952.978
16831000 952.941
16832000 952.901
16833000 952.875
16834000 952.855
16835000 952.827
16836000 952.836
16837000 952.857
16838000 952.859
16839000 952.893
16840000 952.911
16841000 952.924
16842000 952.928
16843000 952.926
16844000 952.943
16845000 952.949
16846000 952.98
16847000 952.989
16848000 953.01
16849000 953.013
16850000 953.024
16851000 953.029
16852000 953.027
16853000 953.027
16854000 953.022
16855000 953.042
16856000 953.014
16857000 952.979
16858000 952.976
16859000 952.967
16860000 952.979
16861000 952.979
16862000 952.964
16863000 952.964
16864000 952.96
16865000 952.934
16866000 952.932
16867000 952.93
16868000 952.942
16869000 952.954
16870000 952.964
16871000 952.986
16872000 953
16873000 953.03
16874000 953.019
16875000 953.007
16876000 952.98
16877000 952.975
16878000 952.969
16879000 952.947
16880000 952.957
16881000 952.964
16882000 952.96
16883000 952.962
16884000 952.975
16885000 952.978
16886000 952.979
16887000 952.953
16888000 952.921
16889000 952.911
16890000 952.904
16891000 952.887
16892000 952.885
16893000 952.861
16894000 952.864
16895000 952.852
16896000 952.867
16897000 952.884
16898000 952.894
16899000 952.903
16900000 952.901
16901000 952.916
16902000 952.916
16903000 952.913
16904000 952.897
16905000 952.898
16906000 952.89
16907000 952.889
16908000 952.888
16909000 952.888
16910000 952.901
16911000 952.917
16912000 952.922
16913000 952.922
16914000 952.909
16915000 952.925
16916000 952.939
16917000 952.938
16918000 952.949
16919000 952.941
16920000 952.963
16921000 952.989
16922000 953.011
16923000 952.995
16924000 953.015
16925000 952.995
16926000 952.981
16927000 952.969
16928000 952.98
16929000 952.983
16930000 952.99
16931000 953.01
16932000 953.037
16933000 953.032
16934000 953.008
16935000 953.008
16936000 953.024
16937000 953.041
16938000 953.05
16939000 953.051
16940000 953.057
16941000 953.052
16942000 953.049
16943000 953.068
16944000 953.083
16945000 953.088
16946000 953.091
16947000 953.079
16948000 953.096
16949000 953.104
16950000 953.1
16951000 953.103
16952000 953.118
16953000 953.156
16954000 953.164
16955000 953.173
16956000 953.205
16957000 953.212
16958000 953.219
16959000 953.22
16960000 953.212
16961000 953.2
16962000 953.197
16963000 953.181
16964000 953.187
16965000 953.177
16966000 953.166
16967000 953.165
16968000 953.179
16969000 953.177
16970000 953.194
16971000 953.205
16972000 953.198
16973000 953.182
16974000 953.183
16975000 953.163
16976000 953.142
16977000 953.128
16978000 953.145
16979000 953.151
16980000 953.156
16981000 953.164
16982000 953.18
16983000 953.212
16984000 953.208
16985000 953.211
16986000 953.224
16987000 953.214
16988000 953.226
16989000 953.246
16990000 953.246
16991000 953.27
16992000 953.248
16993000 953.248
16994000 953.22
16995000 953.213
16996000 953.192
16997000 953.181
16998000 953.174
16999000 953.17
17000000 953.162
17001000 953.163
17002000 953.133
17003000 953.109
17004000 953.086
17005000 953.082
17006000 953.071
17007000 953.056
17008000 953.038
17009000 953.044
17010000 953.029
17011000 953.026
17012000 953.04
17013000 953.034
17014000 953.03
17015000 953.005
17016000 952.991
17017000 952.956
17018000 952.97
17019000 952.966
17020000 952.964
17021000 952.957
17022000 952.95
17023000 952.941
17024000 952.959
17025000 952.94
17026000 952.944
17027000 952.91
17028000 952.9
17029000 952.871
17030000 952.845
17031000 952.844
17032000 952.833
17033000 952.806
17034000 952.788
17035000 952.768
17036000 952.754
17037000 952.732
17038000 952.71
17039000 952.693
17040000 952.695
17041000 952.676
17042000 952.658
17043000 952.676
17044000 952.681
17045000 952.692
17046000 952.694
17047000 952.679
17048000 952.674
17049000 952.686
17050000 952.712
17051000 952.726
17052000 952.726
17053000 952.741
17054000 952.742
17055000 952.781
17056000 952.788
17057000 952.775
17058000 952.757
17059000 952.764
17060000 952.777
17061000 952.798
17062000 952.801
17063000 952.807
17064000 952.814
17065000 952.836
17066000 952.848
17067000 952.876
17068000 952.893
17069000 952.88
17070000 952.853
17071000 952.857
17072000 952.862
17073000 952.851
17074000 952.848
17075000 952.835
17076000 952.847
17077000 952.882
17078000 952.933
17079000 952.964
17080000 952.991
17081000 953.009
17082000 953.032
17083000 953.047
17084000 953.046
17085000 953.077
17086000 953.076
17087000 953.076
17088000 953.084
17089000 953.071
17090000 953.082
17091000 953.108
17092000 953.109
17093000 953.132
17094000 953.159
17095000 953.185
17096000 953.195
17097000 953.222
17098000 953.269
17099000 953.304
17100000 953.318
17101000 953.351
17102000 953.39
17103000 953.426
17104000 953.423
17105000 953.443
17106000 953.455
17107000 953.466
17108000 953.484
17109000 953.513
17110000 953.516
17111000 953.546
17112000 953.577
17113000 953.604
17114000 953.663
17115000 953.687
17116000 953.706
17117000 953.733
17118000 953.739
17119000 953.745
17120000 953.778
17121000 953.788
17122000 953.797
17123000 953.823
17124000 953.818
17125000 953.827
17126000 953.834
17127000 953.859
17128000 953.887
17129000 953.92
17130000 953.922
17131000 953.923
17132000 953.935
17133000 953.923
17134000 953.909
17135000 953.899
17136000 953.875
17137000 953.854
17138000 953.82
17139000 953.821
17140000 953.834
17141000 953.837
17142000 953.841
17143000 953.846
17144000 953.853
17145000 953.87
17146000 953.892
17147000 953.919
17148000 953.936
17149000 953.931
17150000 953.962
17151000 953.979
17152000 953.963
17153000 953.978
17154000 953.984
17155000 953.985
17156000 953.986
17157000 953.999
17158000 954.026
17159000 954.041
17160000 954.072
17161000 954.101
17162000 954.137
17163000 954.173
17164000 954.186
17165000 954.199
17166000 954.216
17167000 954.248
17168000 954.27
17169000 954.271
17170000 954.259
17171000 954.249
17172000 954.26
17173000 954.26
17174000 954.245
17175000 954.255
17176000 954.231
17177000 954.232
17178000 954.255
17179000 954.261
17180000 954.267
17181000 954.255
17182000 954.248
17183000 954.231
17184000 954.228
17185000 954.225
17186000 954.221
17187000 954.234
17188000 954.232
17189000 954.241
17190000 954.243
17191000 954.236
17192000 954.242
17193000 954.239
17194000 954.229
17195000 954.229
17196000 954.228
17197000 954.195
17198000 954.157
17199000 954.148
17200000 954.127
17201000 954.092
17202000 954.052
17203000 954.026
17204000 953.972
17205000 953.966
17206000 953.945
17207000 953.941
17208000 953.933
17209000 953.889
17210000 953.857
17211000 953.791
17212000 953.779
17213000 953.759
17214000 953.741
17215000 953.725
17216000 953.712
17217000 953.681
17218000 953.684
17219000 953.642
17220000 953.641
17221000 953.632
17222000 953.612
17223000 953.595
17224000 953.593
17225000 953.613
17226000 953.618
17227000 953.627
17228000 953.617
17229000 953.618
17230000 953.618
17231000 953.603
17232000 953.589
17233000 953.598
17234000 953.603
17235000 953.586
17236000 953.594
17237000 953.614
17238000 953.621
17239000 953.646
17240000 953.667
17241000 953.683
17242000 953.707
17243000 953.742
17244000 953.742
17245000 953.75
17246000 953.758
17247000 953.77
17248000 953.787
17249000 953.777
17250000 953.786
17251000 953.79
17252000 953.778
17253000 953.791
17254000 953.776
17255000 953.759
17256000 953.767
17257000 953.793
17258000 953.785
17259000 953.783
17260000 953.78
17261000 953.769
17262000 953.78
17263000 953.78
17264000 953.789
17265000 953.793
17266000 953.802
17267000 953.799
17268000 953.813
17269000 953.801
17270000 953.787
17271000 953.766
17272000 953.747
17273000 953.725
17274000 953.703
17275000 953.698
17276000 953.71
17277000 953.721
17278000 953.729
17279000 953.718
17280000 953.713
17281000 953.719
17282000 953.711
17283000 953.71
17284000 953.699
17285000 953.703
17286000 953.696
17287000 953.696
17288000 953.713
17289000 953.725
17290000 953.739
17291000 953.737
17292000 953.736
17293000 953.728
17294000 953.732
17295000 953.709
17296000 953.702
17297000 953.687
17298000 953.677
17299000 953.66
17300000 953.66
17301000 953.646
17302000 953.654
17303000 953.682
17304000 953.678
17305000 953.699
17306000 953.714
17307000 953.714
17308000 953.746
17309000 953.77
17310000 953.786
17311000 953.806
17312000 953.845
17313000 953.86
17314000 953.898
17315000 953.943
17316000 953.958
17317000 954
17318000 954.037
17319000 954.076
17320000 954.081
17321000 954.092
17322000 954.1
17323000 954.104
17324000 954.102
17325000 954.137
17326000 954.146
17327000 954.149
17328000 954.134
17329000 954.137
17330000 954.128
17331000 954.139
17332000 954.143
17333000 954.139
17334000 954.128
17335000 954.126
17336000 954.149
17337000 954.151
17338000 954.148
17339000 954.165
17340000 954.184
17341000 954.205
17342000 954.22
17343000 954.243
17344000 954.257
17345000 954.268
17346000 954.276
17347000 954.281
17348000 954.284
17349000 954.292
17350000 954.29
17351000 954.294
17352000 954.293
17353000 954.308
17354000 954.311
17355000 954.324
17356000 954.34
17357000 954.364
17358000 954.361
17359000 954.365
17360000 954.391
17361000 954.399
17362000 954.407
17363000 954.407
17364000 954.431
17365000 954.436
17366000 954.428
17367000 954.423
17368000 954.433
17369000 954.43
17370000 954.422
17371000 954.441
17372000 954.453
17373000 954.464
17374000 954.482
17375000 954.488
17376000 954.494
17377000 954.51
17378000 954.512
17379000 954.538
17380000 954.55
17381000 954.546
17382000 954.554
17383000 954.575
17384000 954.589
17385000 954.608
17386000 954.614
17387000 954.606
17388000 954.614
17389000 954.641
17390000 954.648
17391000 954.647
17392000 954.671
17393000 954.683
17394000 954.7
17395000 954.728
17396000 954.755
17397000 954.771
17398000 954.793
17399000 954.819
17400000 954.862
17401000 954.894
17402000 954.931
17403000 954.954
17404000 955.003
17405000 955.037
17406000 955.048
17407000 955.062
17408000 955.091
17409000 955.128
17410000 955.162
17411000 955.178
17412000 955.194
17413000 955.213
17414000 955.238
17415000 955.277
17416000 955.321
17417000 955.343
17418000 955.379
17419000 955.38
17420000 955.392
17421000 955.413
17422000 955.421
17423000 955.428
17424000 955.437
17425000 955.458
17426000 955.464
17427000 955.458
17428000 955.452
17429000 955.483
17430000 955.514
17431000 955.539
17432000 955.573
17433000 955.598
17434000 955.634
17435000 955.656
17436000 955.661
17437000 955.693
17438000 955.689
17439000 955.688
17440000 955.69
17441000 955.689
17442000 955.684
17443000 955.71
17444000 955.704
17445000 955.715
17446000 955.738
17447000 955.747
17448000 955.779
17449000 955.791
17450000 955.779
17451000 955.789
17452000 955.811
17453000 955.819
17454000 955.857
17455000 955.868
17456000 955.896
17457000 955.912
17458000 955.925
17459000 955.945
17460000 955.961
17461000 955.995
17462000 956.049
17463000 956.066
17464000 956.1
17465000 956.133
17466000 956.128
17467000 956.137
17468000 956.144
17469000 956.171
17470000 956.194
17471000 956.211
17472000 956.211
17473000 956.195
17474000 956.202
17475000 956.194
17476000 956.193
17477000 956.218
17478000 956.226
17479000 956.236
17480000 956.25
17481000 956.269
17482000 956.287
17483000 956.304
17484000 956.303
17485000 956.326
17486000 956.343
17487000 956.352
17488000 956.361
17489000 956.398
17490000 956.388
17491000 956.398
17492000 956.415
17493000 956.414
17494000 956.405
17495000 956.396
17496000 956.397
17497000 956.389
17498000 956.386
17499000 956.383
17500000 956.377
17501000 956.388
17502000 956.389
17503000 956.376
17504000 956.373
17505000 956.368
17506000 956.343
17507000 956.35
17508000 956.338
17509000 956.324
17510000 956.324
17511000 956.305
17512000 956.293
17513000 956.293
17514000 956.292
17515000 956.299
17516000 956.291
17517000 956.291
17518000 956.297
17519000 956.315
17520000 956.306
17521000 956.325
17522000 956.318
17523000 956.324
17524000 956.313
17525000 956.328
17526000 956.316
17527000 956.332
17528000 956.337
17529000 956.362
17530000 956.38
17531000 956.379
17532000 956.396
17533000 956.397
17534000 956.416
17535000 956.418
17536000 956.421
17537000 956.441
17538000 956.437
17539000 956.435
17540000 956.44
17541000 956.459
17542000 956.462
17543000 956.46
17544000 956.459
17545000 956.469
17546000 956.474
17547000 956.473
17548000 956.492
17549000 956.49
17550000 956.507
17551000 956.512
17552000 956.531
17553000 956.53
17554000 956.526
17555000 956.541
17556000 956.526
17557000 956.536
17558000 956.538
17559000 956.529
17560000 956.525
17561000 956.518
17562000 956.512
17563000 956.51
17564000 956.516
17565000 956.506
17566000 956.486
17567000 956.485
17568000 956.489
17569000 956.505
17570000 956.517
17571000 956.536
17572000 956.533
17573000 956.538
17574000 956.569
17575000 956.594
17576000 956.591
17577000 956.604
17578000 956.613
17579000 956.638
17580000 956.669
17581000 956.679
17582000 956.703
17583000 956.695
17584000 956.676
17585000 956.65
17586000 956.653
17587000 956.64
17588000 956.609
17589000 956.581
17590000 956.602
17591000 956.613
17592000 956.611
17593000 956.624
17594000 956.616
17595000 956.614
17596000 956.616
17597000 956.617
17598000 956.638
17599000 956.643
17600000 956.656
17601000 956.665
17602000 956.68
17603000 956.692
17604000 956.7
17605000 956.718
17606000 956.735
17607000 956.747
17608000 956.745
17609000 956.758
17610000 956.77
17611000 956.763
17612000 956.787
17613000 956.811
17614000 956.815
17615000 956.831
17616000 956.839
17617000 956.841
17618000 956.843
17619000 956.869
17620000 956.883
17621000 956.906
17622000 956.931
17623000 956.928
17624000 956.919
17625000 956.925
17626000 956.954
17627000 956.966
17628000 956.992
17629000 957.002
17630000 957.009
17631000 956.997
17632000 956.998
17633000 956.977
17634000 956.965
17635000 956.954
17636000 956.943
17637000 956.928
17638000 956.904
17639000 956.894
17640000 956.891
17641000 956.879
17642000 956.901
17643000 956.916
17644000 956.926
17645000 956.934
17646000 956.939
17647000 956.944
17648000 956.951
17649000 956.956
17650000 956.97
17651000 956.997
17652000 957.009
17653000 957.022
17654000 957.047
17655000 957.049
17656000 957.057
17657000 957.059
17658000 957.042
17659000 957.041
17660000 957.048
17661000 957.054
17662000 957.044
17663000 957.032
17664000 957.031
17665000 957.035
17666000 957.032
17667000 957.019
17668000 957.031
17669000 957.043
17670000 957.042
17671000 957.034
17672000 957.012
17673000 956.999
17674000 956.989
17675000 956.987
17676000 956.985
17677000 956.977
17678000 956.971
17679000 956.963
17680000 956.969
17681000 956.976
17682000 956.966
17683000 956.953
17684000 956.952
17685000 956.937
17686000 956.924
17687000 956.901
17688000 956.872
17689000 956.842
17690000 956.815
17691000 956.778
17692000 956.758
17693000 956.743
17694000 956.719
17695000 956.69
17696000 956.667
17697000 956.663
17698000 956.662
17699000 956.666
17700000 956.682
17701000 956.669
17702000 956.681
17703000 956.656
17704000 956.639
17705000 956.621
17706000 956.602
17707000 956.579
17708000 956.577
17709000 956.562
17710000 956.559
17711000 956.541
17712000 956.54
17713000 956.536
17714000 956.531
17715000 956.519
17716000 956.504
17717000 956.5
17718000 956.496
17719000 956.467
17720000 956.443
17721000 956.416
17722000 956.42
17723000 956.409
17724000 956.407
17725000 956.392
17726000 956.381
17727000 956.347
17728000 956.329
17729000 956.307
17730000 956.307
17731000 956.302
17732000 956.286
17733000 956.27
17734000 956.249
17735000 956.237
17736000 956.206
17737000 956.169
17738000 956.15
17739000 956.147
17740000 956.155
17741000 956.165
17742000 956.189
17743000 956.196
17744000 956.187
17745000 956.181
17746000 956.194
17747000 956.201
17748000 956.217
17749000 956.221
17750000 956.234
17751000 956.258
17752000 956.273
17753000 956.275
17754000 956.285
17755000 956.274
17756000 956.279
17757000 956.281
17758000 956.276
17759000 956.279
17760000 956.281
17761000 956.299
17762000 956.303
17763000 956.323
17764000 956.324
17765000 956.327
17766000 956.323
17767000 956.307
17768000 956.291
17769000 956.271
17770000 956.257
17771000 956.255
17772000 956.26
17773000 956.271
17774000 956.269
17775000 956.272
17776000 956.298
17777000 956.275
17778000 956.312
17779000 956.321
17780000 956.341
17781000 956.349
17782000 956.36
17783000 956.362
17784000 956.357
17785000 956.342
17786000 956.34
17787000 956.329
17788000 956.306
17789000 956.311
17790000 956.297
17791000 956.297
17792000 956.295
17793000 956.286
17794000 956.274
17795000 956.266
17796000 956.252
17797000 956.26
17798000 956.279
17799000 956.283
17800000 956.294
17801000 956.3
17802000 956.299
17803000 956.291
17804000 956.294
17805000 956.293
17806000 956.3
17807000 956.296
17808000 956.3
17809000 956.294
17810000 956.305
17811000 956.316
17812000 956.319
17813000 956.323
17814000 956.306
17815000 956.284
17816000 956.255
17817000 956.243
17818000 956.229
17819000 956.222
17820000 956.238
17821000 956.25
17822000 956.272
17823000 956.266
17824000 956.284
17825000 956.298
17826000 956.304
17827000 956.316
17828000 956.306
17829000 956.32
17830000 956.316
17831000 956.307
17832000 956.315
17833000 956.304
17834000 956.297
17835000 956.307
17836000 956.31
17837000 956.32
17838000 956.312
17839000 956.303
17840000 956.305
17841000 956.311
17842000 956.341
17843000 956.348
17844000 956.37
17845000 956.387
17846000 956.376
17847000 956.391
17848000 956.382
17849000 956.367
17850000 956.354
17851000 956.35
17852000 956.349
17853000 956.353
17854000 956.338
17855000 956.328
17856000 956.317
17857000 956.304
17858000 956.294
17859000 956.301
17860000 956.296
17861000 956.298
17862000 956.305
17863000 956.302
17864000 956.308
17865000 956.316
17866000 956.314
17867000 956.281
17868000 956.266
17869000 956.248
17870000 956.228
17871000 956.211
17872000 956.19
17873000 956.167
17874000 956.153
17875000 956.159
17876000 956.146
17877000 956.142
17878000 956.168
17879000 956.196
17880000 956.206
17881000 956.213
17882000 956.228
17883000 956.258
17884000 956.271
17885000 956.297
17886000 956.304
17887000 956.325
17888000 956.329
17889000 956.331
17890000 956.318
17891000 956.329
17892000 956.333
17893000 956.345
17894000 956.368
17895000 956.363
17896000 956.369
17897000 956.346
17898000 956.345
17899000 956.337
17900000 956.336
17901000 956.318
17902000 956.317
17903000 956.319
17904000 956.311
17905000 956.326
17906000 956.327
17907000 956.315
17908000 956.305
17909000 956.314
17910000 956.296
17911000 956.287
17912000 956.273
17913000 956.269
17914000 956.263
17915000 956.254
17916000 956.246
17917000 956.263
17918000 956.257
17919000 956.248
17920000 956.252
17921000 956.238
17922000 956.233
17923000 956.214
17924000 956.228
17925000 956.206
17926000 956.203
17927000 956.191
17928000 956.154
17929000 956.156
17930000 956.181
17931000 956.186
17932000 956.175
17933000 956.176
17934000 956.176
17935000 956.185
17936000 956.174
17937000 956.162
17938000 956.137
17939000 956.124
17940000 956.109
17941000 956.1
17942000 956.094
17943000 956.077
17944000 956.075
17945000 956.085
17946000 956.087
17947000 956.088
17948000 956.09
17949000 956.09
17950000 956.095
17951000 956.117
17952000 956.119
17953000 956.132
17954000 956.129
17955000 956.123
17956000 956.126
17957000 956.139
17958000 956.133
17959000 956.149
17960000 956.157
17961000 956.156
17962000 956.145
17963000 956.121
17964000 956.12
17965000 956.115
17966000 956.115
17967000 956.115
17968000 956.125
17969000 956.133
17970000 956.143
17971000 956.147
17972000 956.149
17973000 956.133
17974000 956.126
17975000 956.113
17976000 956.101
17977000 956.098
17978000 956.105
17979000 956.109
17980000 956.125
17981000 956.132
17982000 956.128
17983000 956.159
17984000 956.162
17985000 956.156
17986000 956.147
17987000 956.142
17988000 956.162
17989000 956.17
17990000 956.181
17991000 956.186
17992000 956.196
17993000 956.23
17994000 956.253
17995000 956.274
17996000 956.294
17997000 956.32
17998000 956.337
17999000 956.335
18000000 956.347
