500000000 10 87.1615 1.36306746632365927069
500000000 20 86.7606 .82427307118454379359
500000000 30 85.9748 .63803350459987600873
500000000 40 86.3283 .53564308734054832914
500000000 50 86.367 .46845506259049721861
500000000 60 85.9351 .42672948509991240542
500000000 70 86.267 .39259929767953169182
500000000 80 85.8293 .36682523191205554437
500000000 90 86.3945 .34422208714638252378
500000000 100 86.6126 .32700857233573041543
500000000 110 86.3963 .31114759522574154833
500000000 120 86.4268 .29655619320576606728
500000000 130 86.4789 .28364342790130005055
500000000 140 86.3655 .27283358173816153980
500000000 150 86.0581 .26301064777121568609
500000000 160 86.136 .25759167667781447095
500000000 170 86.1435 .25613768779166553191
500000000 180 86.1339 .25478639531775709283
500000000 190 86.1214 .25337683321571341471
500000000 200 86.1569 .25202600307550328690
