1041.3239
1068.9229
1089.2932
1036.8145
1061.7561
1054.9617
1053.657
1110.0935
1095.2108
1044.5709
1037.6212
1065.3485
1033.9749
1105.6655
1033.4435
1065.8294
1094.0645
1061.1704
1047.8055
1038.4247
1059.6309
1082.4255
1075.2335
1138.0127
1051.9489
1019.92
1060.6773
1053.2925
1038.2758
1080.6925
1056.5761
1089.7041
1063.0378
1012.7034
1039.8585
1078.9053
1041.5857
1054.3317
1080.1701
1065.9345
1097.3617
1021.0465
1078.8079
1064.1857
1086.8998
1032.1736
1059.6111
1071.1001
1106.6589
1066.882
1014.305
1071.1574
1050.5351
1037.0383
1035.4119
1052.4666
1045.0901
1057.2318
1061.9406
1013.3238
1049.907
1033.8385
1033.0432
1035.8802
1076.9493
1059.3018
1072.6461
1036.0288
1106.5512
1114.5866
1054.2346
1096.3613
1050.1158
1052.6073
1062.4657
1084.0863
1080.6008
1073.8953
1046.3154
1053.0232
1086.2476
1062.9422
1081.9153
1083.9412
1046.8102
1063.0933
1067.3323
993.91675
1084.9689
1044.761
1026.6241
1072.8694
1066.3277
1082.0776
1058.2271
1080.8106
1055.6641
1093.7441
1108.0398
1094.998
1055.961
1097.0004
1075.706
1060.4606
1081.6332
1077.2133
1046.2273
1074.7261
1066.3269
1028.946
1079.9382
1096.2997
1102.3728
1130.2649
1108.637
1076.2118
1064.0552
1081.001
1063.4082
1062.3132
1098.4792
1089.1864
1063.5257
1070.4559
1079.1236
1037.5344
1081.0025
1033.3663
1063.911
1069.8091
1036.638
1033.6477
1044.6438
1068.8688
1008.7762
1054.7851
1067.7467
1061.4648
1060.2835
1065.9138
1071.5862
1045.9229
1055.919
1057.0492
1095.6396
1034.064
1035.2807
1033.5907
1091.0717
1154.0182
1110.5226
1052.6248
1068.5527
1054.9566
1081.1368
1069.3574
1037.6844
1054.9617
1058.0255
1071.4092
1069.1767
1026.2491
1084.5715
1050.0473
1082.2122
1057.4352
1078.2771
1047.8064
1095.8592
1057.8466
1058.8788
1098.6495
1070.9956
1064.2332
1059.4331
1110.1592
1077.5492
1065.6766
1101.3327
1131.3793
1098.35
1060.1871
1118.572
1093.5026
1128.7873
1054.136
1096.6437
1029.9726
1029.5405
1025.7404
1088.5731
1076.5486
1065.4085
1096.2625
1055.8004
1099.0593
1009.1975
1131.4801
1089.8769
1052.4603
1025.6007
1072.3908
1032.2793
1122.7714
1084.2562
1076.5613
1024.8367
997.34208
1057.8299
1043.566
1030.7835
1084.4454
1067.0017
1075.8779
1085.791
1052.6586
1066.2209
1081.1002
1072.0036
1097.2444
1023.7003
1063.8958
1060.2576
1056.3792
1094.5873
1064.591
1050.0175
1063.5026
1081.6665
1020.9995
1049.4509
1090.9457
1080.0126
1091.5938
1073.6997
1033.5145
1061.254
1074.6376
1015.0698
1061.3456
1027.1276
1057.3646
1079.5757
1015.9824
1136.2638
1077.4947
1025.2038
1059.4152
1063.0374
1068.3811
1077.0319
1080.0891
1070.2159
1037.9632
1071.3707
1066.2685
1049.8508
1068.4196
1044.532
1033.0392
1031.5346
1058.6984
1054.7233
1028.0047
1071.4666
1064.2209
1081.3727
1035.5247
1063.4848
1049.9587
1030.0243
1034.9415
1063.5215
1056.0654
1098.7101
1111.0551
1045.258
1042.7445
1076.6108
1049.4133
1076.164
1056.3819
1067.2857
1078.2273
1042.1168
1066.0829
1083.7093
1043.7335
1130.7963
1119.8158
1063.3018
1088.9907
1046.8632
1109.6943
1068.2199
1045.0954
1071.3834
1039.1217
1054.7399
1092.2258
1047.5878
1048.0492
1075.4332
1058.2539
1070.5374
1083.5472
1098.0365
1084.9008
1085.9305
1040.3819
1009.9566
1080.9019
1058.8229
1081.2736
1045.3143
1130.5319
1084.5409
1051.7172
1044.4313
1036.5568
1036.1721
1079.2836
1097.0223
1057.5294
1083.5528
1087.2199
1049.597
991.74429
1055.5912
1078.8168
1032.3481
1032.1074
1078.6642
1072.2225
1019.6897
1033.864
1024.098
1104.9764
1031.9246
1082.0199
1085.6963
1091.5219
1078.6042
1060.4965
1048.231
1098.5031
1036.7281
1055.404
1068.9384
1085.6267
1046.1845
1046.6312
1053.379
1100.5481
1003.9698
1063.3734
1035.0303
1063.8494
1095.7883
1098.9117
1073.2168
1061.2998
1098.6952
1062.8299
1052.8646
1029.8578
1043.4846
1048.9421
1019.6936
1055.2625
1068.8103
1087.5919
1057.5011
1048.5468
1099.3231
1043.2471
1037.0138
1051.5254
1055.9502
1063.8915
1066.6622
1050.8025
1029.752
1081.9176
1082.3225
1048.6915
1030.6011
1045.8275
1087.8617
1048.3807
1065.8164
1087.0905
1053.3273
1109.8314
1040.8015
1028.1978
1031.1267
1059.5187
1033.2999
1088.4702
1010.3525
1078.546
1040.2404
1085.7175
1057.7338
1046.2435
1067.1063
1057.273
1050.8086
1053.6934
1105.2059
1052.3855
1042.8133
1029.4516
985.70307
1016.0286
1059.8224
1025.4885
1056.55
1068.5249
1057.2547
1072.5757
1037.7001
1108.9742
1061.2658
1002.1582
1086.2912
1055.3415
1071.6267
1011.6137
1032.5543
987.76584
1093.3611
1049.9735
1018.333
1022.6845
1051.4305
1068.397
1056.0703
1090.2694
1041.3736
1037.8185
1090.1177
1014.9803
1051.7908
1062.4679
1040.0963
1034.2472
1025.7494
1085.5837
1013.813
1074.9776
1048.1029
1065.7227
1045.7353
1064.5161
1069.641
1082.9103
1050.2678
1063.6939
1028.6766
1069.6606
1059.2461
1080.6188
1079.4573
1060.6475
1090.7247
1051.6207
1110.4328
1075.3133
1064.5357
1065.2104
1062.0567
1060.8548
1083.2837
1044.1256
1037.6688
1045.4911
1022.5359
1052.204
1044.6378
1037.5893
1000.3976
1029.0464
1056.1769
1018.5766
1080.9845
1026.5037
1064.9513
1057.2147
1142.2284
1021.2304
1052.2386
1057.1929
1068.0896
1031.9538
1034.7048
1028.7679
1059.4945
1039.6201
1043.8421
1042.0388
1026.0778
1066.4382
1047.4826
1043.8307
1054.0778
1046.883
1066.5251
1078.925
1050.6723
1092.8803
1006.9134
1033.331
1050.2845
1067.6456
1061.1684
1071.8484
1071.5977
1026.3496
1089.5855
1016.0846
1136.4682
1054.2919
1037.1963
1073.8794
1097.5265
1090.7734
988.4106
1046.4452
1101.4308
1060.2864
1041.9483
1066.9004
1064.6284
1037.6691
1120.697
1071.4938
1043.9158
1037.93
1056.3878
999.65029
1086.3431
1088.3737
1035.0926
1044.6402
1043.1229
1032.7014
1049.4035
1020.1523
1068.6602
1045.9957
1090.0001
1042.3841
1095.6887
1044.4212
1029.576
1040.463
1081.4689
1026.8934
1036.0127
1049.2799
1056.9891
1039.7007
1067.634
1026.0719
1034.2385
1022.3936
1075.7088
1067.3713
1038.5194
1044.7618
1039.5747
1035.5516
1077.8965
1072.7857
1069.072
1066.2341
1076.0125
1035.0024
1035.48
1049.1506
1054.2323
1078.1514
1047.2603
1062.8356
1070.684
1072.7787
1081.2204
1073.8262
1014.1411
1030.0945
1042.6602
1026.5057
1034.8532
993.87266
1053.5562
1042.5936
1073.3687
1068.1864
1101.8623
1021.9454
1063.9151
1056.3173
1039.8272
1080.7005
1006.4233
1072.6743
1060.4354
1103.9911
1101.5236
1112.7806
1079.7109
1037.599
1023.9382
1062.8732
1010.8455
1060.827
1031.9633
1027.909
1019.6331
1064.9125
1103.5053
1074.3867
1086.7713
1070.6505
1033.1468
1094.4477
1029.5698
1053.3548
1035.9802
1063.7576
1071.4223
1067.0845
1088.8436
1041.2637
1080.8906
1121.9639
1105.4325
1000.6521
1143.5075
1036.6657
1055.1678
1058.0249
1082.3049
1054.694
1124.954
1090.5367
1105.818
1092.7687
1061.4097
1002.6636
1055.9574
1061.3987
1089.0491
1050.1511
1044.3607
1029.6363
1091.7328
1027.4742
1085.7701
1064.0225
1063.4961
1028.2288
1111.1635
1100.4241
1064.2496
1024.7331
1066.5648
1103.0723
1055.2879
1043.7327
1088.4386
1031.346
1030.4306
1052.3339
1025.7459
1048.9403
1048.744
1063.6298
1108.2676
1049.5126
1052.5699
1056.1521
1041.6511
1041.234
1038.344
1021.7084
1054.5176
1041.0113
1017.6471
1072.6856
1042.9502
1044.3391
1059.842
1048.8185
1036.2445
1034.6114
1104.8349
1086.9604
1076.6169
1047.0854
1081.2955
1078.4585
1064.8848
1033.8909
1032.0417
1038.4052
1059.0486
1057.6539
1119.1408
1076.8917
1107.6232
1057.9314
1071.2555
1038.446
1053.408
1046.5586
1032.1352
1059.0503
1106.935
1018.9657
1070.1208
1018.2049
1070.239
1084.3392
1065.4094
1045.9061
1097.4612
1119.1202
1042.0843
1063.1285
1034.4051
1040.3333
1061.229
1027.2351
1084.2336
1056.9121
1055.9111
1074.6055
1046.8655
1061.2754
1078.446
1038.2867
1040.0089
1036.764
1064.4993
1056.177
1069.3643
1084.4228
1087.1798
1045.7819
1024.085
1045.316
1072.0971
1084.8755
1097.7081
1037.2324
1074.1645
1057.9091
1058.8553
1066.4563
1066.8007
1045.0893
1098.4707
1030.0724
1047.4785
1085.1306
1073.2979
1053.9618
1020.664
1075.6634
1044.3163
1016.2242
1048.351
1036.8037
1086.047
1020.2928
1082.9098
1083.2908
1060.7041
1054.565
1087.0655
1050.2476
1048.5511
1053.0069
1050.147
1050.258
1046.9966
1044.8251
1013.3336
1059.3188
1103.2739
1005.9863
1043.5699
1056.4522
1020.8278
1078.6811
1064.1173
1094.1
1023.7376
1058.9686
1074.4457
1133.067
1079.629
1059.7905
1031.3752
1095.0585
1043.3737
1059.3013
1095.2936
1004.1013
1032.9682
1050.5096
1033.8106
1055.0301
1035.2985
1057.4636
1033.0739
1063.7013
1046.9168
1060.2086
1050.3288
985.26229
1010.6678
1060.7657
1057.064
1049.4571
1036.3599
1090.8585
1023.1466
1078.2256
1061.2524
1018.3217
1063.1067
1079.4211
1073.5581
1069.638
1063.8292
1090.6881
1063.1531
1012.427
1104.8289
1073.2001
1080.8941
1046.646
1054.1095
1067.4825
1054.4781
1057.2554
1030.3695
1048.602
1023.0583
1057.3633
1059.691
1004.8932
1028.4161
1034.3247
1032.7778
1094.2212
1043.4027
1018.1721
1015.4703
1054.9427
1022.3455
1072.505
1103.9054
1073.285
1060.9026
1052.6397
1039.0522
1045.6993
1047.186
1027.1291
1011.5931
1042.1571
1101.8813
1030.1017
1040.1954
1048.6154
1053.7552
1090.1408
1051.2206
1059.9773
1115.9841
1096.7998
1011.8218
1086.947
1076.2773
1023.5922
1026.6362
1059.3865
1080.7889
1059.1335
1099.5728
1063.7536
1058.1268
1059.695
1122.5316
1012.8547
1025.5221
1081.9697
1048.0222
1054.0649
1007.9073
1035.206
1044.4553
1050.4259
1011.1224
1038.8346
1007.4293
996.3416
1049.5975
1072.5774
1097.6578
1063.4699
1024.2156
1060.2753
1075.0628
1110.4091
1008.86
1075.189
1061.7341
1086.8761
1055.4234
1081.8771
1096.2079
1070.5071
1073.3379
1050.2604
1031.0133
1092.9094
1074.7825
1032.5496
1051.3944
1055.422
1085.9144
1089.717
1070.6578
1027.6976
1079.4607
1108.1371
1071.8512
1070.4612
1060.094
1031.4933
1075.7691
1062.7071
1065.1533
1057.8571
1094.3262
1078.5535
1082.7411
1016.2179
1062.0593
1040.2284
1069.747
1068.1162
1113.2743
1075.5011
1045.4765
1058.2572
1087.1771
1048.0664
1088.9572
1081.2865
1060.9972
1120.1091
1069.7162
1066.764
1059.2466
1043.5019
1041.7596
1070.5399
1070.4733
1106.6975
1068.1994
1105.2012
1064.1965
1101.1957
1064.7842
1089.4195
1116.4908
1004.6209
1108.6358
1060.8975
1068.6513
1068.5509
1094.4397
1073.8744
1078.4079
1081.009
1097.2489
1083.7423
1029.454
1034.2357
1013.4776
1053.3746
1021.1758
1035.6092
1083.4855
1098.8932
1063.1849
1042.7983
1054.4824
1063.3208
1079.1367
1129.9651
1081.1811
1044.7557
1048.3936
1078.4684
1083.1745
1014.1834
1103.1124
1008.7594
1070.1823
1041.9229
1075.5648
1045.9099
1031.8632
1103.0987
1029.2817
1039.507
1060.1842
1011.37
1071.4645
1033.8255
1078.1146
1059.2924
1006.0519
1034.4028
1037.6067
1086.0883
1096.034
1053.5114
1034.678
1073.9746
1055.8306
1018.6899
1002.7855
1043.0436
1052.1261
1072.1701
1011.445
1057.9058
1018.9992
1065.9701
1065.8185
1092.8627
1132.6934
1055.1686
1046.3581
1096.2524
1049.968
1050.7444
1052.3948
1079.4173
1079.4221
1057.1914
1048.5761
1060.2629
1079.2693
1019.0948
1071.6214
1073.4039
1029.8441
1051.6668
1074.4848
1055.7891
1087.0786
1065.87
1023.4891
1074.5973
1033.5627
1116.3081
1095.1788
1056.1846
1071.6686
1031.2486
1031.7102
1073.5624
1096.6996
1061.8417
1090.7363
1096.6383
1032.999
1055.8452
1100.9366
1074.8869
1073.5804
1017.0765
1049.1601
1106.8653
1061.4812
1088.9839
1037.6783
1025.0231
1029.5751
1026.5814
1062.521
1094.0533
1082.8978
1084.0557
1053.8923
1099.2788
1074.6692
1016.5276
1049.9767
1077.0833
1095.7042
1051.621
1087.037
1095.1846
1076.4066
1064.7702
1077.8015
1062.3795
1049.7352
1094.2008
1056.3724
1050.5674
1025.2309
1059.3925
1080.77
1067.7124
1050.4944
1059.5171
1083.1655
1074.8853
1010.5207
1038.1759
1021.9743
1080.2684
1024.2643
1039.6625
1014.7436
1107.2202
1050.3928
1051.1616
1059.1103
1029.2672
1038.2596
1098.2411
1062.2507
1061.8524
1070.6453
1073.5696
1029.7325
994.96945
970.96832
1052.3285
1052.7752
1073.1891
1096.7034
1088.5998
1054.3913
1039.2711
1048.465
1040.4916
1026.8943
1062.8209
1054.4549
1048.0943
1068.6263
1059.5116
1053.1378
1106.1198
1047.5305
1077.5849
1082.4023
1034.5746
1033.1288
1043.8698
1120.2465
1055.2784
1040.595
1004.5362
1046.1777
1070.3392
987.8134
1003.1517
1029.3983
1036.8398
1084.396
1081.1084
1066.8891
1050.0856
1030.668
1065.5473
1060.0651
1117.6412
1100.1942
1055.77
1097.5545
1090.7255
1044.1067
1091.9868
1067.1637
1065.9859
1105.2985
1067.6906
1097.3647
1100.2833
1100.4604
1040.6599
1059.3973
1102.2372
1042.1599
1113.6762
1031.4413
1016.6197
1052.9217
1043.2251
1076.871
1072.1999
1064.4767
1094.0603
1074.55
1044.7405
1066.8823
1024.532
1045.1163
1018.1046
1046.9439
1067.0042
1069.3215
1008.1509
1074.7095
1059.6374
1078.413
1028.9476
1042.4399
1051.7565
1061.6079
1056.0356
1063.3353
1024.8802
1028.3257
1079.631
1084.4488
1058.1983
1029.9017
1023.0284
1028.2026
1071.733
1057.3017
1067.283
1050.377
1064.2503
1111.5424
1094.5774
1063.9278
1039.5125
1051.6733
979.81826
1054.8229
1012.9056
1075.9259
1028.2394
1069.333
1020.9002
1055.857
1035.9268
1045.0563
1012.6823
1087.7309
1074.8257
1077.0073
1105.5346
1084.6691
1076.2102
1059.9272
1022.9432
1110.7111
1051.3963
1078.8771
1030.7552
1038.118
1097.0512
1087.7484
1109.8564
1055.16
1067.9815
1058.2651
1025.6178
1004.4456
1074.4427
1084.7971
1133.1124
1063.4683
1029.5986
1080.9524
1061.1155
1069.9004
1051.2691
1114.7932
1048.9623
1078.6215
991.42961
1011.3458
1075.9012
1043.0952
1075.2642
1048.7168
1001.1554
990.28494
1028.9025
1035.3592
1054.6136
1098.8673
1085.8216
1075.8431
1040.3554
1054.9739
1056.1545
1054.1335
1035.525
1069.1234
1046.8747
1022.7883
1029.588
1011.6264
1055.8995
1101.0573
1033.4244
1046.8479
1089.1658
1029.4167
1036.7552
1039.4493
1059.6063
1051.9374
1069.7091
1058.4269
1044.8102
1061.0059
1079.1933
1142.0626
1070.5152
1091.9702
996.3443
1042.2149
1057.24
1065.7313
1025.7611
1022.708
1062.1593
1067.2584
1107.2747
1056.2377
1089.0619
1028.6298
1046.6834
1025.5823
1035.771
1014.74
1029.7888
1027.1861
1056.6127
1047.5704
1037.3564
1077.1093
1066.105
1088.442
1038.8122
1083.013
1095.4453
1078.5397
1023.0778
1039.4773
1072.8317
1047.515
1032.0305
1008.0654
1079.0593
1076.6053
1012.2063
1048.7466
1077.4045
1031.5513
1058.5509
1083.8895
1110.3203
1057.0637
1080.5006
1022.4819
1048.4541
1061.8345
1059.3395
1038.1966
1083.3745
1028.9855
1062.3348
1055.0111
1061.7161
1057.3733
1046.5726
1118.6122
1089.7858
1063.5388
1083.2153
1059.442
1067.4524
1048.6672
1085.5606
1091.188
1039.488
1088.7513
1048.3444
1091.5852
1070.961
1076.64
1063.4326
1086.4481
1013.1369
1064.5188
1055.7195
1086.22
1042.4242
1026.7884
1077.7176
1062.1509
1047.6145
1061.1881
1056.4077
1100.7034
1073.1035
1010.5714
1056.0566
1065.6897
1113.7084
1057.6063
1032.6039
1027.2207
1025.5658
1063.0363
1066.4719
1045.5592
1073.3374
1080.9379
1031.8153
1118.26
1068.0861
1006.5152
1082.3545
1054.9773
1084.7804
1020.6753
1025.4167
1045.2061
1060.1507
1032.0651
1058.7911
1034.5782
1003.5862
1046.9232
1074.343
1046.4225
1080.6646
1053.8475
1062.7605
1038.6693
1048.6205
1070.7939
1041.9317
1067.6714
1015.3288
1024.2905
1049.3097
1028.9738
1022.4413
1050.4116
1031.6574
1065.9418
1007.8341
1053.4337
1078.4156
1061.2605
1059.514
1026.1714
1020.0824
1067.4873
1048.0017
1024.8554
1018.3067
1041.6414
1049.2053
1061.4977
1045.1309
1019.8708
1033.5403
1054.0288
1041.334
976.18223
1026.1014
1110.908
1110.8145
1051.198
1052.701
1057.0427
1050.6074
1056.6678
1075.4139
1016.401
1046.2759
1038.6152
1057.5675
992.46011
1090.029
1049.4538
1008.0923
1025.97
1073.2457
1055.3713
1055.186
1043.0395
1072.3335
1075.7448
1090.1627
1040.898
1092.6124
1084.3466
1085.2657
1071.2826
1089.4659
1097.0447
1055.7371
1034.9674
1019.7683
1035.0744
1087.8315
1054.8153
1076.1603
1060.6506
1078.399
1066.9386
1083.2224
1041.896
1022.439
1045.3406
1041.3948
1032.2473
1024.5408
1036.9567
1067.3074
1033.6678
1029.2834
1011.6808
1064.2674
1060.9171
1107.6185
1037.6997
1057.9179
1071.975
1059.0248
1057.8975
1049.3714
1041.4895
1086.296
1071.3512
1049.3106
1102.8937
1059.4038
1054.1188
1069.3654
1099.5798
1106.5089
1052.9791
1046.9372
1060.4474
1081.4947
1099.9823
1035.8193
1057.8916
1081.5157
1088.6727
1063.9756
1062.1805
1059.5684
1071.7126
1078.1917
1015.6207
1052.9945
1107.2419
1031.8951
1055.0942
1095.6094
1054.9852
1123.1865
1029.6279
1074.1988
1057.7092
1075.7897
1106.7751
1069.6363
1067.7528
1052.9785
1096.8489
1038.532
1083.0983
1033.4496
1012.1573
1037.4617
1059.9724
1038.8464
1033.6235
995.14712
1033.5812
1078.109
1075.8881
1001.3734
1010.904
1048.8599
1045.3765
1011.5546
997.1569
1007.9727
1070.4204
1076.8201
1020.2872
1059.2411
1070.0437
1130.2414
1051.3821
1050.2218
1031.2516
1022.7204
1048.598
1085.3687
1094.7532
1077.6988
1075.5115
1088.9347
1064.9239
1080.8927
1034.7218
1020.2401
1044.6534
1038.0637
1029.5304
1048.7743
1033.937
1023.3576
1048.4437
1013.2804
1024.2924
1083.6733
991.97475
1059.0489
1036.0325
1032.129
1066.3248
1001.5268
1029.0391
1056.0751
1055.2477
1058.6517
1064.5445
1064.8733
1005.5081
1027.3681
1090.0103
1070.4503
1020.4458
1087.072
1061.6294
1071.9801
1083.1921
1110.4062
1097.6519
1068.4693
1094.4459
1030.4588
1047.1667
1027.4489
1050.2063
1017.9229
1031.5487
1019.2946
1038.4467
1030.7183
1054.4943
1084.0959
1147.2435
1026.3924
1087.8432
1031.4778
1114.9311
1085.113
1060.9668
1068.995
1052.1053
1104.2224
1032.503
1071.8308
1068.574
1040.3509
1060.24
1014.7443
1081.8537
1082.6958
1073.5971
1109.6824
1035.2403
1076.1232
1089.6716
1101.4298
1080.576
1059.0418
1053.2964
1097.6879
1039.2964
1079.3595
1081.6247
1042.6707
1066.5586
1054.7361
1073.8773
1057.3844
1096.2985
1035.0673
1051.5063
1065.1832
1107.2458
1031.3765
1075.7847
1039.3216
1047.116
1025.8223
1080.3034
1030.1608
1024.0358
1072.6173
1053.5929
1090.0568
1075.2302
1072.184
1086.8523
1097.7122
1026.1202
1082.8812
1014.4452
1062.5103
1106.9883
1101.9902
1104.9506
1057.4627
1047.4925
1087.7376
1035.7231
1074.8667
1060.3899
1058.9261
1062.887
1056.4541
1098.6522
1108.6072
987.14846
1016.8394
1006.5333
1041.6162
1057.066
1067.0045
1061.8777
1099.5124
1123.7571
1076.17
1072.7852
1032.2537
1066.2664
1022.9468
1039.6081
1040.3169
1108.5101
1036.7998
1062.635
1091.7477
1007.5007
1013.0295
1092.9526
1070.2568
1075.9928
1045.4002
1081.5357
1025.0171
1060.2579
1013.8954
1044.9564
1084.2104
1068.3973
1048.0249
1057.8478
1143.4657
1096.5011
1062.4223
1035.8725
1098.5645
1083.6934
1061.8146
1072.1004
1048.5205
1088.942
1099.0077
1021.27
1063.0026
1064.3706
1051.6052
1052.8189
1023.3507
1037.7089
1012.3731
1039.0581
1057.254
1014.3953
1096.5378
1058.7474
1028.8674
1043.8621
1041.2181
1058.4027
1105.3738
1058.9247
1037.372
1055.7693
1052.9205
1049.683
1027.6932
1046.496
1030.8975
1020.938
1032.3357
1063.0458
1064.5159
1014.8734
1118.7508
1055.7848
1012.9885
1037.8968
1071.1758
1018.4604
1088.3212
1019.5677
1005.0322
1040.0979
1020.592
1030.4578
1040.4647
1098.6525
1045.5417
1082.0417
1072.0302
1094.2698
1090.8734
1026.4014
1062.5166
1061.7753
1058.2616
1051.0809
1068.8336
1129.1196
1048.307
1086.361
1082.7545
1025.2714
1062.9294
969.72462
1048.3765
995.3237
1036.4014
1078.9288
1102.4697
1085.4389
1032.9435
1071.2416
1037.9076
1117.7177
1051.8835
1088.7659
1107.3892
1059.1714
1039.5959
1065.5877
1049.9737
1018.5621
1086.394
1019.7266
1024.3526
1059.175
1067.5952
1051.6943
1083.0355
1042.8781
1064.4416
1049.1293
1027.1436
1067.4513
1064.8825
1065.5572
1045.5724
1021.3304
1073.8441
1109.9573
1087.0731
1014.4005
1034.7453
1071.9564
1011.1718
1039.0305
1037.012
1018.5045
1047.0476
1069.8799
1063.2578
1074.6758
1093.5411
1076.7516
1137.4133
1078.2896
1033.1766
1069.8819
1041.0226
1080.8444
1126.9067
1042.6473
1055.0672
1091.7419
1089.2472
1062.8958
1109.9077
1081.6456
1076.2107
1071.8005
1034.902
1065.5548
1043.6549
994.83818
1047.6493
1062.2088
1099.0737
1060.0509
1056.4987
1074.1318
1090.309
1038.309
1053.9943
1006.8514
1077.0406
1078.7284
1038.7098
1049.4728
1084.6838
1037.0761
1074.0133
1076.0786
1056.6717
1059.9583
1069.6852
1034.3297
1031.538
1026.7665
1078.655
1041.2069
1042.7909
1069.332
1030.5717
1070.3681
1105.4833
1054.3954
1045.3795
996.87793
990.94173
1027.658
1065.6236
1003.8274
1029.7688
1048.3241
1065.3621
1054.2817
1023.4594
1016.2478
1051.7253
1027.4656
1100.6054
1050.2771
1105.1217
1037.1448
1061.0991
1014.5333
1013.4773
1062.625
1080.6085
1034.791
1038.1729
1053.0773
1068.0238
1044.583
1063.9419
1033.3261
1105.5459
1104.6745
1104.6745
1026.9301
1065.5921
1065.2206
1065.578
1096.9235
1061.8158
1032.0287
1052.7493
1066.7236
1067.4464
1016.978
1042.8821
999.00769
1024.3914
1062.7379
1073.145
1092.4808
1050.0107
1089.9711
1032.6057
991.10494
1051.1076
1056.6281
1050.8607
1081.9153
1073.3112
1123.8724
1058.9389
1063.4527
1076.0333
1078.5682
1084.2108
1065.3973
1087.6605
1056.8435
1039.8057
1003.4889
1087.4397
1042.2264
1062.0617
1053.5522
1039.0246
1043.3518
1047.1066
1085.4834
1052.8735
1077.6845
1059.8345
1068.2029
1144.6287
1036.173
1070.3625
1073.5091
1021.3858
1114.6056
1035.2164
1008.9405
1062.7008
1069.9029
1061.5627
1019.1303
1099.9014
1061.4386
1041.9629
1042.7465
1065.4381
1087.9838
1055.0256
1058.0274
1063.1246
1058.8332
1065.4132
1027.036
1024.6227
1072.3854
1073.6665
1001.4834
1003.2099
1022.1905
1058.6906
1050.5158
1044.1342
1087.2899
1050.3482
1044.5121
1037.7516
1056.1524
1058.0412
1021.5158
1021.0921
1064.0978
1046.3207
1078.7136
1071.9555
989.62499
1078.7012
1037.208
995.38576
1038.3596
1062.6762
1032.3517
1046.8216
1041.0135
1123.5546
1073.4464
1040.7547
1075.6325
1072.2189
1070.7839
1053.9335
1061.0785
1090.9209
1100.9517
1063.8315
1061.4041
1092.1674
1042.6689
1055.3364
1100.3021
1082.2802
1052.8132
1062.288
1096.3609
1051.594
1068.6204
1033.9914
1057.1905
1036.713
975.85802
1037.5832
1051.2392
1058.349
1037.5372
1032.4004
1027.4982
1079.7879
1052.8423
1081.8705
1100.5111
1023.7971
1037.2944
1018.3267
1073.6573
1039.356
1078.0732
1077.8432
1073.3158
1045.6068
1055.0973
1016.1429
1003.1727
967.13229
1062.5127
976.59698
1018.815
1028.9245
1061.6403
1055.0721
1044.1134
1014.4128
1035.5956
1077.3483
1070.3667
1051.2461
1106.3486
1064.8081
1060.6729
1071.4855
1092.5259
1063.1909
1058.3145
1087.6299
1052.1647
1051.1915
1101.7733
1015.422
1075.9328
1009.4641
1037.9931
1037.0297
1061.5876
1051.2244
1069.3427
1045.9202
1037.5217
1060.2992
1048.4999
1053.6027
1062.6041
1052.7915
1017.0137
1024.9508
1016.5003
1052.8207
1017.5957
1004.1252
1047.3107
1044.9125
1050.7299
1069.7097
1063.9464
1042.3356
1077.0817
1075.7945
1022.7801
1031.5794
1081.8629
1103.7709
1076.4994
1081.43
1054.9328
1045.2056
1072.2781
1068.0261
1050.6583
1033.7103
1018.1023
1069.4565
1027.5125
1036.257
1040.2789
1050.2748
1055.5182
1064.9965
1073.5053
1031.9871
1026.8396
1080.5564
1091.843
1066.946
978.57869
1037.4696
1059.2177
1049.1476
1086.9066
1061.2587
1043.9264
1022.2319
1070.5868
1018.7164
1040.2461
1012.5143
1077.5175
1047.7983
1024.899
996.14649
1032.0198
1024.8712
1006.6842
1064.1825
1053.7551
988.21345
1048.1712
1058.9769
1093.5302
1058.5041
1003.0029
1042.1384
1058.9379
1046.374
1066.0898
1038.4101
1056.8995
1076.8663
1062.5492
1126.7405
1074.4711
1085.7604
1079.6581
1076.9995
1061.9116
1027.0572
1054.2713
1107.9141
1063.0443
1025.7175
1018.8677
1060.2889
1099.7387
1052.702
1054.241
1049.3249
1027.1423
1029.6575
1063.6288
1071.2695
1076.7047
1132.7625
1046.9784
1048.0672
1098.2867
1028.2698
1057.7386
1007.4742
1036.828
1019.5784
1053.9914
1032.9588
1047.4108
1005.772
1080.0681
1001.0865
1068.8448
1060.731
996.64437
1041.0358
1016.3492
1100.224
1078.5629
1067.0551
1043.4877
1013.0933
1047.7609
1067.8853
1049.7196
1052.8675
1080.3227
1033.0801
1080.6958
1049.9722
1032.0997
1035.0283
1027.3527
1068.4377
1036.1046
1010.6344
1033.4459
1063.3901
1025.0306
1088.5385
1062.2721
1067.8837
1042.9398
1036.8712
1123.3157
1075.598
1113.0289
1034.3564
1057.8451
1085.2753
1120.4563
1057.6541
1052.2232
1089.5027
1032.8064
1088.6593
1030.8141
1023.6792
1045.2518
1029.4027
1023.5976
1060.5834
1040.0885
1084.2348
1039.4977
1077.3558
1113.9011
1043.5336
1007.4995
1067.1798
1067.2689
1020.3558
1026.2448
1078.3197
1035.1753
1063.2344
1088.0013
1050.1714
1052.6907
1063.7655
1090.986
1112.3897
1043.7628
1066.9837
1027.3338
1111.0414
1046.7758
1082.6298
1038.0127
1071.5371
1096.1768
1069.6146
1039.7328
1047.067
1047.8772
1040.7188
1052.4759
1068.8166
1063.8959
1043.0808
1072.4995
1081.9415
1051.4055
1052.5052
1056.4172
1109.347
998.50508
1108.4488
1005.4233
1074.7858
1010.5875
1042.8221
1047.3933
1100.2288
1016.1753
1010.5314
1020.6665
1004.5463
1001.2716
1059.162
1030.2296
1054.3806
1051.0354
1061.3865
1073.696
1068.6669
1082.3679
1059.6733
1056.842
1072.8086
1043.4071
1033.0921
1035.0731
1019.5506
1057.9995
1048.6652
1053.9683
1068.7945
1083.3191
1044.3824
1049.9193
1014.6861
1042.4135
1039.7047
1050.8575
1066.2204
1033.2332
1092.2586
1081.1695
1066.2942
1124.9288
1040.9885
1015.8837
1057.9712
1069.113
1027.6334
1087.8851
1097.4212
1030.8669
1094.6748
1062.3757
1089.7381
1111.2462
1074.4329
1088.631
1086.1546
1029.2736
1093.796
1084.1543
1113.9081
1065.2683
1074.3362
1036.7946
1056.0653
1048.262
1063.9071
1056.6648
1092.3946
1066.754
1020.4843
1105.0245
1021.5622
1059.2403
1030.8286
1027.8316
1087.5449
1053.8164
1067.8652
1072.2355
1002.1648
1045.5948
1075.907
1055.1912
1043.8332
1064.9431
1090.9417
1023.4422
1111.2049
1079.5669
1002.3508
1049.667
1063.5772
1040.1407
1024.3279
1050.6791
1063.0658
1046.6172
1061.5623
1016.0689
1040.39
1044.7437
1037.7322
1034.3832
1037.9232
1089.7031
1004.1134
1043.5731
1066.7724
1071.4798
1064.3177
1047.5259
1086.9385
1062.8758
1070.9078
1054.1033
1067.5635
1068.0247
1083.4514
1017.1526
1045.9002
1082.9417
1007.659
1071.6411
1032.9848
1046.0234
1070.8653
968.19565
1033.9551
1044.0243
1047.8804
1077.5258
1045.9872
1078.3016
1052.7549
1014.9956
1078.5739
1064.1057
1035.3693
1038.6808
1078.0797
1037.582
1070.1484
1058.7364
1084.142
1040.1804
1057.5446
1048.2809
1072.701
1049.261
1063.1228
1059.6375
1096.944
1052.4708
1054.9521
1040.576
1103.1113
1004.7756
1066.1781
1085.0125
1073.8825
1018.4734
1024.773
996.73123
1045.3813
1021.1979
1072.4137
1081.3439
1032.2641
1101.1642
1059.6175
1070.3075
1076.6194
1082.911
1066.975
1044.4408
1064.3996
1091.8496
1017.6242
1079.481
1026.2279
1035.0431
1100.1134
1053.1043
1018.7993
1047.5783
1052.9359
1075.4218
1031.3742
1061.7629
1060.1402
1071.5434
1109.9406
1041.3258
1031.2618
991.74047
1060.75
1058.0888
1067.3276
1041.8942
1057.3298
1037.6205
1067.8643
989.5131
1040.376
1057.253
1032.4487
1070.3523
1041.5315
1044.9691
1008.1708
1060.1298
1030.6437
1017.5551
1067.5923
1028.59
1046.6585
1066.1886
1069.0681
1058.6638
1088.6435
1082.1687
1062.5049
1005.2156
1041.4905
1040.7626
1039.3544
1065.6242
1084.0278
1051.0813
1042.4171
1045.3543
1063.5933
1068.2349
1070.0634
1054.1572
1050.5169
1083.937
1099.9299
1047.3988
1087.5591
1021.0483
1008.1889
1077.7302
1055.8818
1033.3202
1006.3487
995.95365
1077.4225
1046.4677
1086.7686
1089.5382
1039.9546
1064.4759
1094.6185
1049.0841
981.68843
1056.562
1064.6549
1081.6645
1050.8342
1080.3703
1103.9961
1058.707
1088.7974
1044.929
1057.4307
1087.5686
1094.7459
1049.7296
1046.5075
1081.0921
1051.619
1060.3379
1056.9781
1081.0359
1069.8817
1057.3682
1043.3516
1059.1685
1040.1567
1058.4339
1049.3754
1078.0107
1038.7876
1078.2956
977.63876
1034.8387
1035.2602
1050.5101
1060.2732
1045.641
1036.74
1057.1482
1031.84
1040.6533
1023.0405
1037.4657
1109.1228
1101.3861
1074.1662
1073.0365
1062.3274
1027.1631
1048.9408
1060.9638
1043.6573
1147.2321
1042.8441
1054.853
1114.7793
1027.1569
1067.26
1022.4278
1100.3918
1045.1152
1020.589
1010.1251
1028.5364
1082.3155
1053.4962
1028.055
1034.8778
1064.0668
1025.7135
1047.8795
1065.0546
1112.3847
1024.3928
1078.3059
1082.3902
1054.4133
1037.4108
1052.0404
1078.8602
1033.8011
1045.7523
1109.0497
1046.3691
1069.255
1085.6533
1085.4129
1052.122
1006.4746
1075.5663
1044.4368
1067.2164
1077.6433
1038.9685
1022.5873
1062.2784
1055.1526
1050.6161
1071.595
1110.2611
1028.6016
1021.7215
1041.1828
1054.5539
1026.8471
1000.6738
1080.9749
1122.5819
1074.5234
1047.2769
1078.147
1044.3297
1141.1732
1076.0333
1072.9448
1079.3653
1091.4018
1107.8855
1065.6433
1066.7151
1052.8678
1081.6732
1059.0585
1072.1739
1056.1622
1058.195
1086.5417
1077.9673
1060.5426
1049.8895
1087.2959
1080.8135
1099.5676
1079.4284
1076.0446
1117.0761
1050.8949
1089.4031
1052.3369
1018.0926
1058.3744
1060.1209
1047.2708
1077.5785
1048.1217
1072.109
1048.4597
1057.2758
1059.1598
1024.1907
1065.4107
1035.4808
1084.8246
1078.176
1064.6598
1025.3365
1042.2012
1034.3006
1072.6607
1043.2871
1053.9598
1094.7748
1022.211
1071.1024
1034.7089
1029.5056
1028.181
1067.8499
1066.2142
1070.2973
1034.0834
1063.3281
1005.2788
1053.0707
1079.0527
989.22925
1088.3644
1088.1383
1001.7221
1027.2589
1055.0439
1047.952
1008.7189
1026.3844
990.96831
1087.59
1059.695
1069.0727
1040.8133
1034.4112
1027.4663
1040.1424
1096.1172
1028.1039
1077.5633
1073.9082
1049.6511
1060.3536
1083.1171
1048.6742
1083.6558
1077
1047.973
1054.3357
1032.4827
1044.9953
1056.175
1064.6113
1029.5178
1076.2063
1075.7227
1005.8062
1046.893
1042.822
1014.5663
1078.9915
1052.7498
1095.2041
1061.8146
1023.8182
1066.4466
1136.5292
1065.9394
1077.6176
1031.8984
1051.1652
1114.7846
1039.0731
1036.3038
1054.0399
1036.6929
1057.4588
1035.5442
1028.1515
1106.0868
1033.0174
1045.3368
1039.0589
1048.612
1096.0127
1091.0143
1068.8792
1035.0809
1073.8973
1060.2569
1044.448
1089.4113
1036.8565
1093.3071
1096.2907
1087.8067
1059.8393
1081.498
1076.1599
1043.1277
1026.892
1068.8627
1077.2518
1094.1336
1082.6693
1072.4755
1044.201
1069.7129
1066.8693
1054.9776
1077.4621
1039.3774
1081.5055
1035.8242
1064.2012
1011.6743
1008.2683
1073.4576
1089.6407
1042.8785
1044.16
1008.066
1026.7601
1064.5408
1060.8981
1025.1592
1151.8747
1116.4662
1031.6303
1025.251
1037.2701
1038.5254
1062.3366
1029.1373
1040.1324
1058.2303
1087.2834
1082.7573
1108.6109
1053.0583
1102.5522
1043.7234
1075.5331
1014.7551
1047.8186
1048.0861
1017.9951
1023.5393
1071.8769
1091.4042
1029.2993
1047.6928
1073.4887
1046.461
1080.3173
1072.4022
1049.9851
1048.9787
1066.6329
1080.5569
1056.305
1067.6613
987.49118
1042.3536
1050.8218
1068.9187
1036.2862
1079.3295
1068.9736
1017.4953
1028.512
1019.924
1046.2821
1052.0981
1058.6894
1056.7791
1043.406
1006.2865
1097.0211
1000.6739
981.50437
1088.2952
1069.3333
1062.3735
1069.3576
1025.8581
1001.5588
1020.2042
1092.8963
998.49345
1005.7817
1034.7272
1049.6797
1075.5677
1040.194
1054.4105
1032.0078
1039.3975
1045.9637
1044.333
1078.1032
1094.3051
1020.9173
1054.5285
1070.3937
1032.5881
1030.7693
1064.3597
1045.2019
1069.1851
1044.9436
1076.3859
1068.5135
1086.1977
1058.6208
1062.0523
1048.7361
1030.5907
1039.3608
1052.6516
1052.4023
1037.7334
1013.1444
1067.1684
1073.336
1060.6479
1051.2332
1063.7341
1088.3314
1068.371
1052.2337
1029.4357
1049.2714
1023.7109
1058.925
1059.8935
1068.1086
1016.2637
1084.3029
1080.2304
1088.5068
1085.9377
1095.9994
1073.1292
1064.3229
1053.2356
1100.535
1059.766
1063.1528
1024.0927
1058.326
1037.5007
1036.2455
1027.9622
1068.8946
1036.5298
1058.5174
1033.2089
1024.9094
1085.1921
1065.381
1025.9516
1048.1304
1059.2397
1031.6293
1085.5403
1015.2098
1043.3588
1018.587
1011.805
1002.7649
1028.5085
1009.5654
1068.5387
1022.8907
977.10515
1048.5017
1022.446
1074.4508
1093.8263
1065.898
1054.7145
1074.0985
1038.805
1037.7869
1103.7184
1082.1888
1063.9805
1087.3538
1019.7433
1049.3974
1063.9867
1029.5801
1101.8127
1086.5962
1027.6529
1083.0254
1099.5239
1114.5287
1095.5047
1122.9133
1036.881
1004.0908
1053.5665
1080.9297
1047.5202
1048.0851
1011.9794
1034.9504
1063.4495
1050.1702
1026.3378
1028.6237
1066.1344
1077.7747
1089.151
1117.94
1052.6675
1040.3078
1088.9162
1009.0945
1043.4311
1029.0003
1053.4465
1050.0195
1074.1618
1069.8441
1043.5175
1056.1871
1045.5152
1052.2036
1016.3763
1077.8196
1058.8446
1081.6349
1099.4042
1055.0627
1008.2223
1076.3859
1014.5191
1078.6516
1038.5955
1029.9095
1044.6023
1040.6838
1053.893
1101.2228
1059.9963
1112.6222
1066.4531
1039.6522
1075.491
1060.2069
1065.2812
1105.6633
1081.3701
1016.8813
1070.6244
1014.7311
1055.8592
1051.0781
1051.5211
1069.7329
1029.5329
1064.5416
1105.6742
1059.9273
1068.1207
1108.4361
1083.1821
1060.9126
1061.3626
1094.2298
1018.0226
1063.3312
1033.7868
1056.8072
992.55981
1082.0619
1045.0783
998.90989
1054.3789
1091.4938
1051.089
1097.9073
1021.1912
1094.2681
1035.5223
1094.8191
1138.4712
1037.3532
1081.3814
1072.283
1033.3951
1076.1797
1046.2836
1079.1416
1111.3773
1076.5951
1110.9111
1023.5507
1030.9114
1059.8244
1050.1987
1058.5608
1051.5129
1031.8328
1041.1732
1081.0823
1095.3014
1078.5799
1030.5547
1033.3622
1050.1639
1078.0476
1054.5123
1060.0103
1030.511
1049.5539
1078.1484
1027.0322
1052.695
1047.164
1048.1255
1003.3951
1079.2455
1019.1339
1065.1432
1128.4841
1054.0844
1030.3228
1071.4251
1068.4832
1040.8958
1011.9024
1023.8215
1021.8225
1027.4879
1033.1877
1012.3979
1013.6128
1061.4563
1053.736
1049.3459
1043.8848
998.39607
1030.6708
1081.6491
1089.1729
1080.7949
1055.0205
979.62477
1030.4233
1040.4347
1019.9031
1008.4071
1060.1023
1024.5316
1000.1844
1013.3529
1078.6669
1017.4973
1024.9368
1048.1354
1060.1828
1064.6962
1058.9579
1028.9191
1063.4243
1027.15
1035.2969
1020.6002
1044.6004
1054.9398
1039.671
997.97114
1037.1235
992.10608
1049.7895
1058.755
1087.5429
1070.9159
1030.8929
1036.1121
1044.9503
1067.2608
1029.5082
1073.0699
1031.0865
1064.839
1002.7639
1069.9595
1078.7262
1090.5105
1117.4473
1037.4267
1072.3665
1057.9416
1083.8237
1046.6627
1059.2002
1043.8019
1054.7453
1070.3906
1041.3142
1029.6307
1069.3211
1002.1998
1046.1785
1126.6545
1029.952
1053.0512
1055.5331
987.75096
1054.7644
1070.4
1047.8119
1032.504
1075.4213
1023.7657
1053.8049
1081.5612
1038.6295
1104.5935
1050.7421
1065.5019
1046.2697
1021.9575
1017.9074
1049.7231
1031.2016
1090.9501
1052.9876
1099.4995
1050.008
1060.2181
1107.6225
1014.0939
1076.7899
1058.612
1073.8832
1056.6934
1052.4498
1036.3059
1091.8643
1064.6249
1050.6166
1037.6913
1085.0854
1088.8195
1078.9355
1027.5259
1100.8135
1042.118
1029.4611
1073.4768
1104.48
1023.7591
1055.6342
1067.2829
1046.9118
1057.8989
1079.6913
1094.5773
1068.2454
1044.7396
1067.7692
1052.6155
1079.5536
1055.9258
1070.553
1021.1417
1045.5102
1008.0024
1022.5041
1089.4857
1009.0504
1062.0167
1020.8003
1025.0772
1056.7403
1049.9594
1080.8338
1083.3651
1065.9536
1026.2113
1031.3372
1071.8539
1053.5757
1023.4125
1055.8958
1048.7037
1046.7451
1053.1585
1000.3527
1042.8255
1049.2772
1021.8405
1025.7917
1051.4085
1033.6437
1059.946
995.74411
1037.1233
1025.5919
1039.4641
1019.1021
1100.1779
1072.5061
991.5237
1030.7832
1083.1153
1060.3749
1039.6571
1104.1643
1087.4578
1034.3475
1079.222
1100.3292
1066.553
1034.6509
1124.1203
1059.2338
1100.0807
1093.4042
1075.1988
1045.5673
1048.1361
1032.4636
1028.9233
1070.3479
1023.2577
1031.5619
1063.0292
1039.5507
1045.5925
1065.0486
1053.4662
1068.7784
1039.8291
1081.9815
1097.2273
1103.0384
1090.7621
1086.753
1088.8997
1090.8205
1027.1745
1075.5614
1050.0354
1085.1328
1107.9526
1038.6894
1062.4193
1064.3895
1057.6947
1071.6158
1082.3787
1071.5744
1085.6706
1071.5569
1075.5185
1116.5383
1034.7863
1065.7127
1091.8613
1055.7838
1096.7026
1077.8227
1073.6313
1047.8321
1026.8875
1096.0336
1051.5187
1037.9825
1079.5961
1073.2367
1077.2677
1053.063
1051.0518
1053.4603
1053.2529
1029.1618
1061.6983
1042.0731
1062.4572
986.16955
1071.4552
1028.7297
1008.0885
1032.0715
1086.2728
1023.5573
1031.4324
1051.8071
1041.4812
1025.0648
1099.5453
1079.41
1054.7286
1093.6797
1071.7568
1082.0848
1043.5912
1064.5253
1069.1293
1052.1717
1074.1818
1041.9695
1023.7588
1036.6056
1037.6912
1095.4607
1015.9075
1056.9797
1100.2113
1060.9829
979.58077
1058.5753
1016.2431
1006.2835
988.59465
994.42899
1009.7057
1131.3846
1097.5084
1092.6645
1015.185
1082.8159
1055.7657
1052.3039
1069.4183
1011.7649
1084.2391
1025.7186
1051.2025
1060.3378
1079.9501
1028.4859
1018.3986
1049.1746
1070.6094
1042.2348
1003.2196
991.47369
1010.1185
1052.1529
1057.4984
1068.341
1094.542
1078.733
1077.6987
1042.1502
1053.1591
1026.4872
1046.8977
1082.1589
1053.1889
1078.9621
1055.0286
1022.663
1040.4937
1041.3972
1084.267
1046.8879
1056.6255
1086.7792
1106.9898
1064.1383
1054.5335
1077.221
1070.9633
1045.8127
1050.59
1035.7657
1047.5787
1024.2471
1117.3907
1065.7323
1083.3288
1087.8871
1051.4726
1028.2049
1012.7064
1075.9071
1076.1831
1027.8022
1078.4307
1037.6258
1047.6477
1050.8116
1026.6042
1044.7375
998.30574
1045.209
1017.2727
1029.359
1057.9734
1066.3224
1073.9018
1017.5345
979.38563
1086.5868
1042.7253
1065.8613
1079.1999
1070.7158
1005.3537
1048.5747
1030.7663
1051.5037
1045.3752
992.07962
1040.1799
1027.6121
1053.0728
1058.5125
1035.9278
1073.7229
1039.572
1015.3513
1061.551
1032.3323
1058.5984
1075.1689
1106.0778
1092.5573
1055.0446
1055.9543
1041.5579
1074.9637
1044.4333
1072.2658
1025.3681
1074.5239
1065.0141
1046.5014
1060.9253
1090.9479
1057.4613
1081.6157
1034.4182
1067.5941
1013.8272
1068.5675
1051.7828
1109.0939
1044.0907
1036.6977
1078.5589
1053.6369
1058.8697
1041.4148
1018.6063
1073.2419
1060.5795
1078.8247
1121.5612
1040.5053
1029.6349
1036.6724
1088.0386
1081.0285
1028.7128
1031.7253
1065.5059
1053.0487
1073.4733
1059.6188
1087.3626
1120.6901
1055.9675
1023.6445
1032.6335
999.22056
1037.6314
1070.4755
1018.3356
1015.1062
1078.6607
1043.5783
1037.4965
1013.6248
1056.1124
1077.9622
1045.6303
1061.1404
1028.3795
1101.2337
1041.5839
1030.4888
1036.7035
1030.4625
1029.3067
1038.9602
1067.358
1025.7045
1067.9845
1050.7687
1022.9983
1070.8977
1055.147
1051.3244
1016.9424
1004.2961
1054.3779
1046.107
1036.1927
1051.3264
1083.7297
1093.6173
1081.3246
1075.0116
1022.8395
1088.5636
1026.1735
1031.2526
1047.667
1049.4252
1036.6857
1054.7277
1050.5157
1083.0256
1061.0458
1043.3115
1030.2987
1046.4532
1040.4197
1046.1627
1028.4272
1067.076
1027.7375
1066.5607
1068.8886
998.82037
1070.8354
1007.272
1072.7862
1040.8939
1028.9115
1073.1053
1040.8488
1086.0835
1020.0792
1042.2576
1030.1673
1089.3237
1050.6224
1010.0834
1074.8573
1039.4969
1045.764
1039.3276
1039.4878
989.96302
983.85121
978.81194
1046.696
1055.3139
1096.8708
1076.3223
1040.2803
1033.5023
1034.0804
972.16957
1086.0261
1062.1581
1044.4988
1006.361
1111.3397
1009.4617
1027.6386
1025.7877
990.16127
1046.3113
1049.815
1030.5311
1022.6483
1100.6068
1028.3287
1056.2855
1079.3904
1069.6346
1079.4227
1061.6702
1027.687
1044.5846
1050.3508
1056.2819
1104.0434
1097.5563
1099.7482
1084.6444
1047.8907
1090.7501
1128.5989
1101.2415
1051.6275
1072.8753
1036.9566
1047.7257
1100.8515
1052.0111
1099.8222
1059.8032
1042.3121
1009.8615
1093.9436
1041.9266
1066.61
1058.5853
1057.6163
1075.589
1059.6493
1091.7862
1038.6043
1029.5182
1053.2851
1056.9777
979.10942
1088.8923
1081.2783
1033.5353
1048.5156
1048.6382
1096.9169
1066.72
1035.9653
1004.6785
1065.4263
1022.509
1056.1756
1035.2649
1045.7349
1099.1399
1060.1618
1110.5162
1037.7367
1056.4115
1081.8737
1064.6705
1024.5823
999.24224
1046.7354
1049.579
1065.1419
1066.8712
1019.7485
1072.105
1031.9542
1061.8333
1039.4169
1057.1007
1067.828
1036.2104
1070.7442
1028.7938
1054.0383
1085.6007
1043.5863
1094.9477
1054.0118
1052.9214
1020.3389
1088.9941
1068.6095
1047.5301
981.46048
1101.4895
1069.3021
1063.8929
1047.1973
1059.7811
1054.681
1025.0894
1082.1352
1052.5386
1030.3258
1032.1258
1006.6231
1044.7858
1082.0728
1022.1447
1078.5298
1016.7995
1024.6825
1044.2678
1082.0595
1017.5007
1065.2465
1048.745
1071.5879
1008.9051
1076.5381
1073.0047
1048.5249
1058.5335
1044.8108
1027.9255
1069.2274
1064.0027
1028.4845
1051.9477
1094.4271
1075.5914
998.12556
1113.3353
1014.9374
996.65173
1068.3599
1063.6123
1051.2707
1042.1977
1083.2073
1038.6958
1019.3867
1059.0833
1068.4018
1036.0375
1032.7865
1021.6338
1043.6682
1001.8536
1009.934
1072.84
1036.6575
1037.3119
1065.0054
1085.1856
1050.7891
1021.1721
1048.8257
1061.9715
1063.3725
1086.4224
1057.3684
1051.4707
1058.9979
1062.2381
1042.967
1043.4933
1053.8443
1064.9016
1036.0852
1056.374
1062.3979
1078.4679
1045.5807
1049.5104
1008.7586
1079.8704
1056.585
1066.531
1081.8573
1056.549
1068.6157
1068.5463
1046.1497
1120.519
1090.4604
1110.0042
1039.9138
997.54914
1079.7978
1054.6451
1053.1932
1037.5981
989.98415
1066.953
1050.4827
993.91734
1074.6798
1051.1304
1059.8279
1105.81
1109.6009
1035.4458
1032.9095
1085.6623
1048.4662
1047.4229
1013.0366
1078.5254
992.94354
1004.7435
1080.3234
1082.5299
1029.7822
1025.5924
1033.7453
1049.1604
1049.1604
1116.9748
1072.7994
1048.0136
1063.1108
1083.5014
1048.9396
1066.4865
1034.6511
1077.4625
1055.9481
1058.1725
1022.1638
1027.883
1065.3272
1069.1117
1052.7185
1081.4771
1016.725
1053.893
1045.2751
1067.4731
1011.6421
1113.8312
1052.2972
1016.5159
1008.0445
1050.838
1002.9691
1009.9193
1047.0692
1119.761
1011.9476
1039.0151
1039.5955
1024.71
1079.1188
1079.8689
1066.2731
1090.5814
1093.7096
1085.7599
1061.0492
1015.3634
1046.2749
1061.4494
1018.0971
1074.8714
1018.2205
1073.2632
1012.9375
1120.8889
1058.6765
1072.8918
1096.6292
1063.8998
1024.9026
1078.8823
1094.072
1070.643
1046.3779
1019.8817
989.16446
1048.3569
1010.3767
1050.4511
1045.9505
1054.1099
1036.5469
1040.4637
1016.565
1088.5705
1092.6476
988.66153
1075.8711
1039.0721
1055.1935
1088.8095
1055.7808
1058.7421
1016.4295
1040.7857
1024.3054
1042.729
1037.6299
1081.2071
1054.1789
1071.2567
1040.2987
1060.4283
1082.9232
1063.815
1033.2328
1054.1298
1022.7057
1015.7482
1047.9454
1066.1436
1108.6904
1039.4405
1077.8663
1084.1957
1039.3511
1080.7096
1052.9288
1077.2616
1075.1024
1034.3155
1065.0234
1028.0401
1032.7173
1059.593
1051.8396
1033.7813
1066.7667
1055.0506
1064.086
1044.1722
1047.4613
1041.5341
1058.3466
1048.5782
1048.5083
1094.0028
1075.4618
1035.3821
1000.8622
1053.1482
1069.8913
1048.0836
1062.2878
1056.939
1005.9869
1047.952
1039.3458
1055.4046
1023.8702
1042.2192
1056.6645
1042.8625
1084.9592
1062.2612
962.25873
1050.8625
1051.2473
1054.4828
1046.3668
1030.9573
1013.1583
986.63329
1008.2318
1041.4352
1013.5688
1032.4476
1036.9981
1039.6768
1069.3045
1044.1269
1007.7974
1018.883
1107.8822
1040.8726
1052.3201
1068.9443
1022.9375
1047.46
1090.1037
1006.7128
1045.1238
1040.5409
1028.5366
1113.7269
1062.2541
1094.0095
1107.3671
1031.6785
1057.0475
1061.0119
1065.4058
1095.8045
1076.6877
1138.8936
1075.0586
1052.7002
1034.0668
1064.212
1045.6848
1079.7465
999.70976
1077.2672
987.54331
976.89384
1010.0197
1029.3897
1060.0203
1041.0648
1015.4065
1032.8824
1092.8508
1074.7455
1082.9102
1019.3387
1032.1396
1036.2419
1011.3706
1054.0061
1055.3459
1061.9116
1063.834
1087.0886
1026.0019
1053.8438
1037.807
1076.2784
1023.8162
1078.1374
1011.2875
1037.8637
1032.6337
1067.5687
1057.1567
1082.3716
1086.9112
1087.8723
1040.7588
1026.8853
1066.4711
1060.8051
1008.2216
1076.5655
1029.8543
1061.7236
1056.8955
1069.3365
1074.4419
1022.8085
1047.7015
1059.1382
1068.1439
1080.7675
1008.4731
1031.0306
1039.7515
1046.4181
1067.4325
1077.9169
1102.2979
1019.9766
1047.255
1034.8514
1060.1125
1045.3141
1080.6475
998.86326
1081.9079
1086.454
1035.0466
1031.816
1061.1833
1060.065
1044.6722
1048.2777
1070.531
1099.3644
1065.7871
1032.4752
1026.9743
1064.3253
1082.3409
1070.2541
1016.9758
1042.8139
1039.1585
1013.3485
1057.0984
1069.625
1071.7634
1073.7051
1102.4703
1034.5638
1051.5182
1079.9776
1048.6414
1077.6621
1029.1576
1042.4837
1046.6978
1027.0625
1100.8209
1069.8712
1036.3667
1037.1064
1050.8675
1088.1567
1054.2123
1039.4807
1055.7573
1084.8517
1073.3942
1023.1469
992.54608
1034.8921
1068.4163
1070.9382
1065.6536
1028.4036
1072.9908
1105.0314
1027.6362
1047.7108
1011.5196
1066.354
1058.421
1022.6109
1011.7308
1071.6904
1073.4706
1104.5698
1039.1456
1078.6718
1093.2582
1034.709
1057.3692
1136.2294
1071.8672
1026.754
1008.4743
1029.3951
1035.755
1087.9984
1073.0746
1052.44
1048.4077
1084.458
1073.2655
1024.4715
1086.9365
1101.2455
1006.0872
1041.463
1074.0889
1073.7722
1066.94
1020.2112
1031.7966
1036.4138
1039.5191
1041.9837
1079.3338
1036.1819
1037.4422
1029.8274
1095.5437
1005.6585
1015.5946
1084.2442
1064.9557
1059.2875
1081.5907
1051.0577
1001.2543
1036.9333
1048.2686
1065.9494
1095.9598
1069.7842
1068.0092
1041.4128
1034.9324
1067.943
1025.0125
1073.5226
1059.6469
1111.7435
1040.9868
1056.7775
1051.636
1054.2956
1042.7202
1072.9146
1047.2161
1008.7632
1028.8319
1053.9954
1096.864
1071.509
1057.7689
1062.7488
1083.4777
1081.8964
1068.3412
1034.4009
1081.4296
1023.3442
1022.7724
1076.7134
1073.5396
1042.0954
1042.8053
1042.6553
1064.1889
1074.5589
1021.4363
1083.1664
1060.1169
1095.138
1069.4442
988.21826
1038.5781
1013.0681
1041.7351
1025.5109
1035.3503
1047.619
1025.3301
1025.3316
1042.663
1041.3738
1062.1934
1010.0587
1011.667
1018.4323
1029.4921
1089.0365
985.82788
1066.6573
1029.1317
1034.1649
1037.0148
1008.6724
1033.9089
1017.1858
1080.4524
1021.135
1007.5179
1075.8239
1057.403
1085.7906
1023.4664
1089.2585
1047.6254
983.65617
1069.2332
1044.2711
1023.4225
1058.9571
1068.7815
1031.4452
1024.5109
1104.0157
1051.78
1020.6159
1045.1333
1059.3545
1054.8097
1023.2222
1045.7622
1060.8421
1055.1334
1130.1072
1067.9968
1015.7199
1067.0083
1042.9739
1031.8579
1084.3531
1060.6078
1053.6301
1055.9581
1025.9055
1001.8526
1036.9585
1055.7192
1094.1269
995.69771
1022.0831
1026.5145
1051.1776
1036.1774
1053.6051
1043.5925
1081.0216
1079.1799
1036.2189
1065.9206
1117.6173
1004.5079
1030.3135
1032.0656
1054.7683
1051.8964
1097.8091
1077.2717
1070.1288
1053.3715
1053.3289
996.1646
1040.6812
1016.0262
1002.3431
1010.3602
1052.7966
1067.8978
994.14115
1095.8712
1068.5763
1073.9308
1013.508
1047.9529
1044.8984
1048.7264
1086.3316
1045.9677
1036.67
1087.6841
1038.5902
1021.1802
1091.516
1052.2737
1048.4579
1111.8934
1031.9232
1019.9493
1074.3271
1098.3461
1037.1882
1050.3142
1030.1167
1051.1228
1023.5131
1034.5007
1047.3748
1042.2531
1051.514
1045.0234
1053.258
1047.5069
1031.7484
1083.7095
1088.7051
1049.2545
1049.7953
1053.8012
1059.11
1041.8162
1029.9232
1069.1225
1052.5819
1074.6677
1041.1004
1012.9373
1073.1152
1083.0228
1069.4182
1058.4271
1030.4212
1089.5596
1065.8418
1076.6531
1049.7933
1041.2183
1064.0787
1065.744
1085.8994
1068.7302
1057.3933
1028.2545
1066.0811
1031.3429
1048.0108
977.1063
1045.3851
1092.3598
1086.3987
1084.8496
1063.828
1045.802
1070.7938
1038.1183
1053.2455
994.21676
1067.1286
1036.5756
1078.8169
1084.8404
1036.0454
1024.0999
1034.7849
1062.1555
1118.709
1053.6596
1050.6867
1043.0892
1064.4755
1096.89
1029.6469
1006.6307
1016.1454
1022.1504
1012.6661
1017.45
979.17901
990.50905
1019.2434
1057.1383
1029.3105
1022.7689
1061.051
1035.0697
1085.816
1101.6534
1019.0173
1037.9986
1019.8861
1032.2008
1030.5428
1070.2007
958.31905
1015.3959
1044.7672
999.91804
1024.1904
1029.1083
1035.346
1037.4803
1026.2129
1057.848
1079.2264
1071.327
1044.1209
1064.5881
1054.6147
1007.3592
1042.8712
1013.2133
1048.9165
1048.7976
1073.2353
1047.4044
1093.6957
1043.913
1045.4155
1062.054
1078.045
1071.3353
1106.0063
1019.7983
1038.2765
1015.1607
1074.626
1079.2458
1115.5808
1057.5876
1047.8979
1017.738
1024.6885
1061.104
1041.6014
1041.2368
1063.7722
1043.2622
1078.3474
1114.3703
1073.4583
1051.3916
1049.0125
1038.0136
1048.2026
1037.9312
1008.5445
1038.1125
1070.0794
1045.9299
1031.531
1033.5459
1082.2635
1009.8306
1029.1882
1010.4442
1099.9833
1024.65
1019.7624
1054.8851
1042.232
1078.9383
1034.841
1064.4032
989.80415
1072.0502
1022.1771
1050.729
1018.7617
1081.8082
1018.1161
1072.8129
1084.3266
1029.6445
1071.9401
1084.5324
1004.2518
1027.6253
995.16992
1000.6162
1022.854
1092.6423
1025.6784
1074.4629
1059.3138
1008.5927
1043.3002
1049.4268
1028.9134
1059.952
1068.9491
1045.1121
1027.9286
1020.3749
1026.6111
1032.5861
1022.5012
1038.9572
1047.6924
1021.8464
1052.2521
1084.5386
1061.5637
1002.4363
974.30955
1032.7302
1044.1659
1039.1348
1015.6852
1079.8234
1062.4268
1020.8569
1051.3006
1079.0227
1051.8211
1033.8453
1023.7655
1009.9283
1021.7863
1059.1525
1084.7171
1044.2585
1051.8026
1060.7809
1031.6286
1074.146
1039.3359
1091.6497
1051.0742
1040.1833
1037.3547
1053.1875
1045.8196
1059.4793
1013.8447
1058.0865
984.69506
1043.5453
1018.7537
1013.456
1005.673
1078.8124
1058.5496
1051.7953
1040.7739
1082.6027
1042.0976
1046.2494
1064.7727
1003.6043
1051.7078
1089.0028
1019.812
1045.9321
1033.6864
1028.8164
1091.2525
1011.3554
1028.4957
1005.4069
1030.5543
1068.9822
1122.2523
1029.134
1008.8427
1032.1766
1077.7763
1008.8657
1037.0333
1060.8304
1043.5936
1062.9715
1041.5846
1000.0662
999.59942
1061.7477
993.53756
1047.967
1057.6591
1035.6514
1045.7036
1069.3886
1093.7701
1043.368
1017.5973
1059.7675
1025.4838
1062.7127
1091.2762
1073.9742
1020.7358
1055.2175
1055.6296
1052.5134
1054.9539
1054.4248
1042.6728
1075.003
1062.5708
1027.2065
1022.2471
1025.8286
1024.0157
1031.3409
1065.6836
1044.3356
1072.2684
1024.3659
1062.4796
1063.9731
1052.8659
1067.6827
1084.975
1061.1907
1093.2948
1051.0701
1060.4853
1047.6527
1073.5498
1032.9344
1081.5685
1126.0315
1052.2052
1082.6121
1036.4431
1122.6271
1053.5057
1100.1001
1058.2259
1047.9797
1086.9857
1055.1038
1059.8713
1071.3287
1058.9361
1016.8182
1058.161
1099.6489
1026.6842
1076.1569
1046.3155
1056.6586
1021.2574
1078.1191
1028.8555
1038.9922
1103.3458
1016.6374
1005.8751
1112.0911
1056.9686
1028.482
1089.478
1055.9625
1063.7623
1006.7761
1026.6249
1061.0321
1065.6128
1043.3051
1059.2048
1051.5756
1056.3485
1065.3584
1062.1773
1042.2934
1066.5211
1068.405
1088.5184
1038.3214
1057.1893
1032.6172
1088.0745
1087.1205
1071.9644
1025.0445
1064.1022
1014.2208
1056.2748
1027.4982
1049.2495
1023.383
1060.7415
1043.6325
1139.8455
1043.963
1040.2067
1012.2982
1048.7371
1024.6472
1021.9272
977.25519
1034.2368
1069.7638
1029.7781
1049.2747
989.79896
1050.5169
1030.5925
1058.5771
1032.6384
1045.9838
1090.7437
1030.7173
1065.6485
1045.7897
1027.8788
1046.8256
1045.6749
1108.4577
996.38558
1063.5161
1046.0004
1073.909
1036.2924
1053.2991
1005.7582
991.33951
1042.7435
1036.9129
1031.7122
1022.9641
1026.7959
1022.7764
1029.0343
1073.5585
1047.2365
1074.2927
1029.801
1035.8615
1034.0996
1086.5669
1068.7654
1055.1625
1044.4006
1052.2803
1068.6453
1058.4261
1060.3728
1054.6404
1032.0786
1100.7698
1101.3457
1062.9252
1080.7001
1020.1585
1069.2894
1067.8124
1057.8175
1041.6376
1039.6147
1114.3086
1059.0249
1019.1601
1070.4226
1106.944
1103.0289
1034.637
1038.027
1058.7514
1068.1576
1044.6616
1039.4263
1059.7529
1051.2485
1010.0284
1064.2391
1082.7282
1018.5892
1048.0233
1049.338
1096.0438
1062.876
1085.015
1064.236
1079.3608
1053.742
1082.0752
1035.8407
1032.0829
1066.4004
1089.6679
1063.6446
1062.5426
1083.0692
1084.1238
1062.2339
1019.812
1027.5813
1056.1887
1033.7962
1015.2558
1063.4604
1030.4711
1000.083
1058.2967
1040.3658
1053.8706
1065.7456
1044.4618
1114.9938
1028.8488
1054.8275
1055.4162
1076.0362
1004.1502
1063.3591
1094.6467
1049.4182
1057.4248
1040.8489
1005.6735
1079.2646
1054.8723
1048.6973
1065.8516
1105.0347
1018.9414
1046.3622
1022.9502
1003.676
1026.6756
1043.401
1096.5932
1046.3524
1027.9716
1037.9259
1003.5202
1048.0894
1039.8075
1034.3686
1036.7542
1063.2076
1039.5121
1072.9621
1050.9236
988.90148
1021.5566
1086.0878
1040.7614
1063.8536
1056.115
1054.4159
1011.9075
1070.1186
1029.9995
1055.1657
1043.3732
1022.8838
1040.6315
1034.481
984.68504
1028.9316
1042.0951
986.1805
1083.9877
1024.2308
1046.1645
1033.7626
1000.8938
1062.5493
1065.8297
1049.5378
1053.0832
1046.4896
1031.7105
1028.2057
1043.7806
991.99928
1101.4966
1052.5689
1049.4856
1049.3181
1054.4974
1033.0184
1048.8953
1075.382
1106.4554
1046.2693
1076.3333
1086.775
1101.3188
1058.0294
1034.7227
1038.6852
1051.26
1042.3064
1055.6579
1074.2908
1076.1437
1018.721
1016.2237
1009.1148
1015.8086
1056.0868
1002.8038
1094.4706
1005.5637
1072.5817
1046.8449
1064.0532
1114.7523
1018.7818
1025.9526
1041.4594
1043.3649
1060.1934
1055.6168
1047.1954
1060.6236
1064.6911
981.10197
1014.9362
992.13297
1024.6079
998.49397
1063.2683
1096.8732
1074.8158
1025.4861
1104.9755
1066.4591
1064.2981
1074.2124
1075.7177
1062.3864
1044.689
1065.0717
1013.9086
1049.4666
1068.818
1059.4555
1061.3195
1047.7389
1048.082
1077.5216
1057.4805
1039.9011
1024.8975
1019.7078
1076.9767
1031.7221
1060.629
1012.9827
1017.3185
1058.0432
1088.9776
1034.326
1008.2135
1033.274
1036.5511
1030.6174
1049.0373
1008.8434
980.10369
1025.4052
1065.2265
1068.399
1023.2781
1034.607
1063.1488
1085.9902
1083.6045
1047.3891
1037.8882
1064.4932
1053.3585
1060.4328
1056.7925
1034.3501
1036.2859
1109.4839
1070.1508
1037.9721
1047.621
1080.836
1026.0442
1040.1885
1094.7086
1041.1513
1083.3568
1035.8987
1062.3078
1030.1096
1047.8901
1022.8003
1092.7607
996.34776
1051.124
1045.1846
1067.3567
1070.9485
1023.6619
1087.0938
1058.5745
1048.9474
1028.8615
1003.6732
1052.387
1080.7653
1058.6092
1076.0132
1057.8177
1090.8064
1112.4863
1033.0067
1017.8749
1083.3446
1071.103
1033.2997
1011.95
1074.2406
1045.6242
1029.9961
1048.6226
1044.7881
1039.3706
1065.2891
1033.0007
1029.2053
1010.7383
1080.8761
1046.3113
1038.5512
1044.7763
1028.4275
1006.0654
1054.5047
1054.9311
1014.8681
1003.4152
1042.4748
1051.4559
969.2681
1036.5426
1034.671
1040.579
1070.1924
998.08947
1025.6077
1061.5378
1067.0047
1041.84
1054.6486
1041.2316
1083.5178
1024.4976
1026.311
1067.9339
1008.7745
1061.6862
1053.859
1021.195
1034.1697
1058.6195
1035.1104
1027.4335
1063.9672
1075.9039
1036.8912
1066.9877
1049.5669
1074.2094
1025.9101
1036.8262
987.3358
1048.2017
1066.6905
1068.4124
1049.111
1056.828
1062.667
1048.7575
1059.4398
1073.8031
1096.961
1015.35
1029.0291
1030.4441
1047.2399
1039.8881
1034.5782
1090.1291
971.20834
1040.9205
1074.5049
1049.6347
1005.4992
1077.2589
1034.8827
1045.9496
1022.5233
1040.3615
1047.3606
1041.9167
1037.5511
1026.7875
1064.1602
1075.8084
1061.7925
1068.584
1081.013
1101.0896
1048.2264
1069.8537
1050.4626
1070.893
1092.3743
998.33184
990.42861
1106.5275
1037.7067
1033.7367
1007.205
1029.4971
1070.752
1098.0463
1017.0705
1085.0241
1124.6265
1092.3977
1096.4988
1086.6948
1066.1129
1022.2506
1055.9514
1025.0901
1042.7255
1026.4749
1030.7243
1009.6239
1035.8469
1083.5364
1080.9046
1018.9304
1085.0297
1067.3707
1005.9921
1074.5123
1049.2338
1050.7916
1063.9329
1053.4994
1038.7709
1032.3561
1015.4279
1068.3266
1026.6247
1020.6493
1050.2282
1060.2828
1077.3804
1028.3111
1083.8971
1034.0624
1041.2449
1072.8907
1073.6074
1088.1538
1051.6403
1081.2169
1083.3957
1040.6161
1090.0821
1041.9564
1064.0322
1051.2786
1080.7624
1023.2083
1061.3861
1060.2508
1040.7903
966.94595
1042.1555
1056.757
1067.9348
1072.798
1048.4834
1019.2821
1041.4093
1026.6098
1046.3453
1096.824
1075.3228
1044.9644
1071.0884
1051.4299
1030.1771
1050.8225
1024.2558
1008.8997
1093.9709
1051.8654
1036.6342
997.38033
1095.9022
1040.3106
1067.1519
987.97004
1090.2704
1096.9134
1057.2795
1003.7423
1078.9721
1051.5949
1038.4595
1019.7917
1054.2378
1031.896
1048.3497
1012.9727
1057.6645
1042.5391
1056.5153
994.08899
1061.5073
1048.4178
1033.5786
1019.8031
1058.4967
1058.5826
1042.0163
1048.1794
1046.0165
974.21887
1084.4893
1025.542
1071.7815
1077.3047
1019.5204
1020.381
1072.8543
1042.6397
1045.2979
1029.0673
1036.3235
1067.6829
1098.1079
1036.2976
1044.6116
1031.8404
1030.3798
1044.9736
1075.8968
1052.3615
1039.8275
1060.9691
1054.7253
1021.2118
1035.3001
1072.7208
1059.2176
1004.156
1058.1365
987.78459
1039.5622
1009.6196
1092.7214
1029.1718
1072.6043
1057.8334
1099.9881
1035.2011
1080.1269
1077.7303
1063.1604
1004.1826
1026.6527
1065.011
1007.7478
1030.6893
1043.9816
1039.3739
1051.8043
1078.8396
1088.6317
1070.495
1071.1
1052.111
1028.9001
1072.05
999.24773
1031.9839
1054.8736
1084.4342
1056.4988
1026.3074
1042.7892
1035.1377
991.44876
1082.3352
1008.7643
1045.0041
1013.3682
1043.9946
1085.6136
1071.0617
1089.3868
1072.2405
1030.2996
1021.6195
1055.3489
998.0528
1047.6192
1076.4371
1045.722
1070.1704
1112.4713
1052.446
1107.3002
1071.749
1071.3204
1017.1488
1020.3376
1026.3945
1038.2916
1021.8361
1064.913
1039.1307
1069.1632
1031.9796
1033.7466
1050.1805
1051.548
1026.1184
1020.746
1040.8724
1122.0836
1015.3284
1002.3477
1034.9014
1090.6034
1089.0105
1063.1046
1087.1717
1026.9404
1045.2999
1011.878
1064.5309
1018.7287
1014.6077
1036.3733
1037.4511
998.14402
1055.6496
1031.3684
1066.8621
1043.4711
1094.0566
1018.2676
1079.7022
1056.1671
1001.2705
1046.427
1011.3236
1029.0177
1048.3441
1065.7651
996.92288
1065.3373
1076.9013
1073.9183
1035.2807
1013.7372
1075.7996
1025.0988
1030.3247
998.93846
1023.3865
1002.8168
985.19198
1071.1646
1015.3382
1013.3309
1030.5827
1107.0544
1067.507
1033.1146
1078.1351
1051.9841
1046.3134
1025.9423
1046.699
1068.8892
1008.0742
1068.9095
1000.0347
987.15613
1073.3647
1104.9206
1075.6115
1040.2959
1068.543
1101.2274
1037.0327
1045.6414
1034.3593
1057.2823
1040.2975
1013.0196
1012.2551
1046.1723
1037.2881
1054.6607
1040.4056
1044.2854
1005.6284
1044.3455
1008.2845
1018.7159
1015.9947
1001.7252
1062.4392
1045.5117
1050.9689
1008.3605
1038.8527
1085.2748
1034.915
1085.3573
1055.319
1009.0392
1015.0606
1028.1845
1014.6041
1047.5821
1044.5739
1027.3984
1031.0278
1028.2602
1060.3416
1040.9507
1014.4174
1052.2901
1029.1556
985.55099
995.94165
1023.3801
1045.5152
1020.4006
1041.0349
1068.7967
1097.3065
1031.0511
1066.5497
1057.0274
1040.5862
1002.9884
1070.0265
1082.6514
1037.0118
1018.1893
1035.9167
1065.6385
1064.9712
1022.2695
1077.3771
1035.8148
1083.2756
1042.1027
1032.671
1070.8652
1038.568
1037.7763
1046.9867
1040.0422
1039.7647
995.04871
1017.1226
1026.0338
1034.8927
1060.0457
996.20065
1021.8741
1032.7669
1056.0436
1057.3419
1002.5617
1069.2806
1046.8518
1045.3723
1060.3252
1049.193
1033.1365
1021.2849
1031.3402
1010.1037
1033.264
1082.1881
1043.7023
1017.6754
1052.8113
1079.7946
1027.9852
1063.9166
1066.6282
1079.621
1019.9106
1018.3608
1052.7984
1045.5743
1074.7755
1033.0893
1014.1258
1123.5985
1061.179
1040.7309
1066.7825
1067.9582
1101.379
1051.128
985.69071
1072.7101
1058.2727
1067.3591
1098.5798
1088.6871
1038.8357
1057.9599
1052.4489
1057.9414
1066.9277
1058.1437
1084.7465
1040.7943
1061.3251
1079.9497
1034.4585
1082.7409
1092.9719
1079.4197
1076.8693
1082.7839
1056.1693
1106.9724
1086.7522
1035.3199
1054.0214
1031.0697
1044.5772
1037.766
1092.9075
1064.7486
1077.8533
1017.872
1051.3342
1089.784
1052.6073
1078.9134
1087.7241
1065.6561
1037.6701
1055.0182
1040.0435
1097.3016
1048.9139
1013.9553
1034.863
1096.1925
1062.1813
1039.8079
1034.7521
997.77427
1019.8373
1044.8966
1067.7493
990.48902
1052.3973
1063.9689
1066.0597
1040.814
1072.0533
1053.7676
1035.3887
1047.8904
1018.4075
1062.1583
1043.7777
989.84132
1030.3459
1055.0828
1039.017
1068.0884
1050.0164
1013.9344
1064.7855
1097.7028
1113.45
1086.2325
1023.3314
1041.2675
1036.914
1050.3789
1050.561
1050.1806
1072.759
1013.7042
1051.0209
1053.2644
997.41655
1075.1399
1006.9146
1043.4079
1025.6077
1065.9957
1045.9271
1037.2152
1010.9534
1046.8213
1034.361
988.93841
1039.2988
1070.1554
1021.8775
1042.392
1024.1258
1072.3536
1055.561
1042.8019
1064.9079
1081.8755
1060.8135
1048.1157
1072.576
1012.0978
1040.606
1058.9678
1044.0438
1035.5385
1049.2151
1049.969
1045.8773
1049.6308
1043.2789
1039.4202
1014.3691
1089.5205
1057.3645
1035.1781
1078.8624
1051.2542
1054.7468
1078.4483
1013.7769
1034.5459
1054.9886
1056.2828
1104.6443
1050.553
1037.4232
1002.4377
1061.2295
1036.3561
1005.9803
1065.5164
1058.4762
1044.2633
1088.0209
1073.3477
1081.0436
1029.7552
1084.2196
1011.5416
1054.9308
1065.4068
1068.0286
1072.9981
1039.1293
1005.5564
1033.0529
978.02725
1015.8368
1063.8098
1036.1769
1043.3418
1009.4522
1024.0453
1030.9549
1060.4606
1022.2399
1024.0863
1022.6854
1020.2067
1012.2554
1050.5672
998.42214
1013.6434
1017.2146
995.43971
1026.7011
978.44076
1028.2192
1047.7515
1010.3021
1012.6558
1087.3852
1032.4929
980.99051
1030.3735
1025.5164
997.72204
1047.1784
1014.4728
1051.5309
1035.379
1069.8027
1032.0957
1066.0526
1027.5324
1022.3918
1042.9851
1057.7968
1017.631
1038.6875
1018.6899
1114.7075
1056.1841
1047.5042
1039.8774
1071.6513
1068.3642
1022.1003
1033.5816
1007.562
1073.7374
1049.8209
1020.1153
1049.0446
1023.64
1093.8771
1095.9765
1038.644
1067.0166
1030.6062
1059.9082
1040.0798
1075.4453
1034.5474
1064.9206
1003.7537
1051.974
998.71337
1014.0333
1035.3766
1090.6116
1019.1145
1024.0331
1049.656
1067.4922
1014.4921
1032.5473
1059.5281
1079.7712
1039.2802
1034.9426
1047.6894
1024.0714
1011.678
1056.1866
1025.6757
1001.0398
1063.9701
1056.5358
1029.6041
1051.1601
1018.496
1030.4124
1086.0174
1093.6412
1019.4923
1088.8984
1054.1957
1063.5437
1053.7862
1027.5764
1060.1184
1084.7902
1048.0242
1048.0242
1015.8808
1003.0358
1045.076
1045.5352
981.23955
992.56868
1045.5554
1082.024
1051.3017
1076.376
1076.429
1050.2262
1037.0017
1030.4728
1065.9741
1057.686
1036.7404
986.33478
1029.6536
1036.8439
1077.7047
1086.2945
1044.41
1032.034
1029.5677
1046.0155
1033.5143
1053.749
1056.5766
1047.9789
1031.6848
1008.4968
1041.2642
1010.3498
1048.7505
1066.1691
1058.0693
1094.1755
1009.595
1092.2716
1082.9916
1077.1919
1061.7075
1030.2928
1032.5501
1003.6757
1048.7476
1065.0487
1053.4562
1077.5002
1043.9454
1036.7516
1071.0009
1041.43
1027.2166
1049.2333
1038.1017
1037.9112
1028.6111
1067.0445
1009.3096
1058.764
1048.5477
1013.9513
1078.6771
989.70733
1087.4143
1009.0551
993.68074
1046.219
978.08776
1046.4839
1032.6911
998.9532
1072.9244
1095.3515
1111.7225
1078.67
1080.0181
1051.0305
1043.7816
1032.961
1048.4763
1020.4757
1070.5464
1045.1094
1040.5786
949.75099
1097.1709
1020.7834
1070.6217
1067.1417
1053.9189
1052.6517
1051.6492
1032.3206
1024.4194
1051.665
1095.2587
1024.996
1028.0085
1022.6038
1108.629
1090.2724
1058.8653
1023.7551
988.40542
1039.277
1046.8566
1040.9308
1032.2738
1078.8038
1047.2787
1048.0754
1082.1428
1021.6135
986.36139
1014.0175
1041.4931
1012.1885
1057.3664
1002.6084
1052.4318
1049.7676
1060.7864
1029.9157
1037.8862
1052.7766
1053.1432
1029.6369
1079.2772
1065.8871
1060.027
1060.8132
1059.956
977.23464
1037.085
1012.6871
1052.6663
1071.206
1062.586
1031.7199
1039.316
999.03113
1049.4005
1072.1977
1059.7909
1066.924
1056.9361
1042.1031
1103.1699
1017.7536
1061.9758
1002.1062
1008.071
1043.4049
1070.7702
1058.9316
1030.359
1045.1409
1096.1787
1064.3351
1017.093
1022.1099
1042.0319
1007.3198
1087.955
1070.8161
1085.5591
1026.3017
1059.44
1014.1619
1035.5035
1008.9207
1019.2364
1066.3858
1059.274
1016.4209
1026.4599
1018.5071
1025.8158
1064.5341
1038.3798
1021.0732
1070.9108
1039.8836
1006.1271
1010.8882
1045.7095
1077.5545
1070.8747
1078.1962
1028.1979
1036.0411
1020.2102
1000.4409
1028.2045
1034.6936
1027.2234
1034.1786
1087.684
1012.9019
1039.3069
1040.4477
1103.839
1095.3059
1039.513
1027.0258
1058.3017
1001.677
1013.0586
1024.1301
1016.2129
1032.9467
1033.3139
1051.1759
1048.4888
1061.3713
1055.2309
1066.8236
1029.9246
1057.1817
1038.2578
1036.429
1020.7559
1084.2788
1063.4244
1050.0234
1061.7852
1025.6871
1057.0396
1027.3917
1069.6053
1066.3501
1067.1999
1050.485
1082.3854
1071.0926
1043.1554
1040.5024
1042.5206
1051.6169
1022.6906
1054.4825
1031.2646
1094.3265
1001.6234
1058.5678
1053.9825
1044.62
1047.8196
1064.3588
1057.8577
1039.279
999.51493
1098.0061
1044.9291
1089.5678
1071.9437
1017.0908
1070.6816
1052.2957
1063.6241
1106.6761
1051.9309
1054.385
1054.6041
1050.7248
1063.5818
997.68037
1017.2686
1069.949
1056.0299
1020.5303
1032.0667
1050.103
1045.2351
1058.5346
1053.0139
1053.8757
1037.7073
1053.2475
1005.2862
1070.8743
1032.2361
1029.7169
1061.1244
1078.1219
1098.3678
1035.4462
1042.3159
1078.2257
1020.2506
1034.8309
1026.7243
1015.5165
1047.2268
1042.997
1072.6798
1011.6054
1043.7465
1065.8716
1052.3004
1070.6745
1061.9086
1111.6554
1082.5907
1051.8304
1059.3201
1046.4158
1069.7287
1004.7476
1065.1513
1033.3237
1022.6245
995.60377
1031.2535
1053.8223
1025.4627
1051.0653
1078.7588
1040.9169
994.9773
1074.7431
1009.5711
1046.4615
1077.9464
1057.7721
1023.9251
1010.6284
1019.4767
1007.0071
1034.901
1014.7514
1038.4259
1039.9114
1052.1121
1041.9552
1068.0715
1016.4513
1026.019
1011.2768
1018.847
1094.5762
1058.6372
1069.571
1066.8425
1042.0571
1089.1849
1006.2455
1045.4595
1072.1646
1063.5933
1011.1316
1051.2472
1090.5317
1073.1036
1041.2838
1030.0558
1080.432
1017.6507
1011.1724
1028.7783
1094.7133
1091.2601
1032.9868
1059.9603
1009.3957
1004.3837
1095.9319
1072.2989
1001.1401
994.55943
1034.6416
1043.3826
1076.2576
1005.1856
1067.7368
1024.6761
1089.0654
1057.7849
1049.8278
1050.9595
1064.5915
1020.8593
1027.8421
1028.2097
1052.8887
1028.546
1036.9753
1036.0535
1063.6463
1011.3173
1058.2561
1016.538
1033.7548
965.99011
1031.8722
1014.6538
1087.9131
965.29226
1064.1864
1095.4135
1068.843
1061.1349
1041.4214
1052.0043
1018.2514
1067.5508
1048.3645
1003.162
1011.1528
1019.4463
1041.8752
989.217
1042.2131
1024.8962
1052.4454
1041.4605
1082.8637
1009.2676
1040.2904
1012.6735
1027.6131
1064.6993
1006.3379
1029.0817
1043.8081
1060.5255
1056.1215
1066.3786
1057.5703
1094.0892
1077.419
1031.5216
1077.1995
1062.4883
1043.9636
1065.6805
1059.5885
1020.0299
1036.0031
1039.1378
1041.1632
1033.1615
1090.6877
1037.85
1030.7222
1046.728
1065.7117
1043.148
1070.2207
1055.7526
1072.9105
1042.7573
1052.3998
1061.2274
1067.6168
1073.2142
1131.0539
1043.3694
1039.7884
1030.9649
1041.2809
1064.5925
1041.3881
1063.4844
1078.9654
1024.1095
1027.8951
1064.505
1057.0465
1028.9681
1011.6819
1011.6968
1009.7465
1006.0197
1002.4465
1053.0034
1046.682
1040.3967
1049.0963
1069.9472
1076.3153
1043.7133
1047.1796
1027.4016
1037.9172
1018.0375
1035.884
1062.7039
1058.1937
1060.6531
1047.103
1043.1344
1044.7789
1069.2561
1067.5833
1047.6929
1005.273
1013.764
1049.9999
1069.2377
1038.7065
1048.2718
1041.9216
1039.9714
1065.8287
1032.2396
1081.4313
1049.8454
1083.9148
1095.5598
1043.7797
1022.6028
1044.0498
1032.6863
1056.4233
995.34445
1022.6479
1031.2347
1047.1005
1054.6593
1070.6847
1040.6509
1053.7023
1007.4656
1021.0978
1005.9912
1046.1424
998.02312
1029.3403
1027.3345
1047.2459
1060.2347
1037.021
994.96617
1039.7626
1049.8529
1020.9155
1057.8734
1081.6838
1062.2619
1065.3518
1071.1453
1003.9171
1047.5908
1028.9178
1031.1609
998.64273
1046.4253
959.35028
1025.5482
1048.1899
1037.6648
1005.3913
1057.2179
1070.0158
1066.8948
1019.89
1083.471
1031.8672
989.34859
1070.7874
1013.9463
1048.9212
1051.9271
1054.8108
1086.5085
1008.2454
1046.3036
1083.6904
1074.5893
1023.5746
1037.0128
1030.1082
1044.2897
1067.2819
1007.9277
969.7015
1031.0429
1020.7225
1066.4462
1079.3999
1068.793
1072.0234
1035.8979
1029.0258
1062.2491
1030.6695
1019.0177
1075.0768
1067.1243
1013.1321
1046.9918
1011.7629
1015.6932
1009.8607
1039.9134
1020.3987
1042.5825
1045.4215
968.21158
1053.8101
1016.6071
1038.2141
1100.0892
1034.7359
1061.3615
1058.4465
1023.2991
1041.4838
1041.6274
1064.6035
1043.6281
1080.018
1046.7669
1074.6553
1017.642
1001.9165
991.11998
1026.3021
1052.2548
1026.7157
1080.8653
1032.9034
1062.9209
1042.1395
1028.3096
1046.904
1041.9417
1013.9009
1055.7845
988.31825
1032.8267
1051.6581
1069.1965
1050.3484
1031.7883
1041.8182
1039.3659
1039.6502
1061.6777
1087.3703
1034.8646
1043.7853
1017.4255
1033.454
1058.0188
1019.1378
1058.1919
1038.8537
1042.0874
1075.529
1103.9315
1026.9741
1014.8529
1031.6576
1032.5405
1034.0895
1086.7078
1046.0059
1062.4538
1085.8993
1025.1516
1017.1693
1036.5537
1070.37
1069.306
1036.2547
1076.0489
1039.8182
1017.8089
1066.5743
1052.2578
1010.5488
1053.1009
1080.13
1125.0289
1044.7534
1069.6235
1043.7758
1031.413
1062.923
1079.8359
1092.3725
1059.635
1058.9636
1025.6389
1040.2196
1085.9391
994.42386
1030.9951
1051.7364
1021.1109
1062.5357
1019.7856
1050.6974
1005.5317
1036.9037
1038.3534
1081.7135
1045.4277
1055.6143
1027.6392
1042.5899
934.79184
1062.6083
1041.8562
1067.8846
1097.1852
1095.3688
1065.0014
1051.8559
1049.6856
1062.8836
1082.2637
1052.1041
1048.835
1058.4681
1056.3599
1022.6243
1033.1471
1052.643
1078.7821
1096.9841
1026.0451
985.92661
1055.0787
1048.4923
1052.364
1085.4927
1070.1738
1096.8126
1065.8683
1056.0384
1048.456
1077.8992
1067.5623
1012.8984
1040.695
1071.0509
1063.8294
1028.3667
1005.2811
1085.4614
1065.3313
1039.5711
1084.4291
1086.4466
1057.9267
1054.8413
1038.6343
1063.9222
1026.3967
1033.8408
1009.3285
1007.1563
1051.9457
1062.0235
1054.952
1017.5585
1010.3781
1014.1246
1047.7593
1069.2219
1085.9632
1053.3529
1030.0754
1084.5505
1071.9126
1047.8863
1033.9153
1036.1963
1066.1907
1028.2728
1023.8325
1049.4726
1051.0434
1057.5137
1029.1182
1080.0341
1040.3752
1076.4142
1023.58
1023.9251
1038.8658
1047.0532
1091.648
1018.6498
1073.0434
1022.6549
1057.4986
1048.2011
1047.7092
998.02452
1058.9678
1038.8533
1036.1564
1092.7033
1095.9706
1067.2634
1030.0123
1091.4839
1082.2914
992.30738
1046.3946
1038.43
1032.4823
1080.6852
1019.0916
1054.263
1065.7381
1022.4291
1086.8194
1055.3718
1049.1941
1040.9087
1042.0403
1074.0336
1055.7536
1066.7751
1012.2672
1031.6591
1009.8074
1022.4164
990.75878
1010.6154
1040.4274
1034.4707
1063.6403
1101.4647
1070.1938
1024.3406
1027.4642
1014.9334
997.47857
1006.5877
1072.3309
1026.7492
1088.8046
992.21722
1030.5139
1079.8729
994.83647
1067.069
1051.1827
1045.9499
1053.925
1064.181
1024.0527
1062.682
1009.41
1117.0651
1062.2601
1010.6024
1032.8866
1044.4828
1085.1131
1036.8703
989.97785
1080.4168
1025.0984
1027.8165
1069.8816
1103.0079
971.87072
1037.3774
1069.326
994.06592
1006.2768
1023.3039
1042.4092
995.70915
1051.8355
1015.0907
999.11248
995.18198
1041.3236
1047.1364
1029.0715
1003.9363
1021.5953
1082.0262
1035.3972
1041.3981
1073.8783
1008.7876
1020.0244
1010.9493
1031.7974
971.06955
1020.253
1048.4605
1041.4908
1015.7096
1070.4379
1034.9181
1057.0939
987.90175
1053.0885
1042.2696
1070.0161
1044.6836
1056.9104
1043.2631
1011.9525
1008.9665
1069.8355
1037.761
1020.0769
1057.4791
1051.135
1020.259
1061.7917
1078.9197
1052.4078
1069.3058
1080.3126
1090.2181
1061.4058
1026.6258
1022.0253
1078.8475
1080.7761
1047.848
1081.0994
1067.9404
1031.4763
1010.3167
1084.3701
1117.3238
1031.3798
1029.2243
1068.6782
1041.127
1066.4608
1038.7877
996.15285
1064.9134
1054.077
1024.7837
1074.2435
1042.0617
1017.0459
1053.724
1069.5525
1055.4124
1023.4332
1044.8513
1037.6456
1029.1255
1013.7457
1078.2509
1063.4627
1049.2562
1052.6833
1056.7722
1086.1495
1039.2412
1002.3823
1084.3541
1016.5357
1074.0927
1021.8597
1058.752
1055.5727
1035.6614
1021.2222
1049.8405
1062.479
1038.4618
1058.7775
1035.1691
1079.705
1043.1337
1031.5893
1080.6591
1068.199
1036.0694
1066.4535
991.61516
1026.604
1058.4455
1054.2166
996.98314
1018.4243
1064.9794
1063.1307
1099.4518
1103.3267
1060.5202
1029.325
1067.031
1065.3862
1016.9529
998.08193
1037.6552
1036.5992
1050.5071
994.361
994.96536
1067.704
1071.5995
1044.0163
1062.9765
1106.5796
1030.6856
1052.2393
1018.3395
1051.2376
1055.2744
1080.3864
1036.9433
1000.4267
1048.0445
1087.334
1023.2556
1067.2648
1045.2744
998.31386
1020.7603
1052.0363
1042.8542
1065.8941
1082.4865
1054.1729
1081.6668
1082.373
1087.4709
1007.467
1038.1705
1028.2303
1056.6367
1045.3605
1012.32
992.81477
1025.8515
1033.5084
1044.7894
1060.7784
1070.7828
978.65791
1057.9424
1032.2767
1019.1127
1039.4629
1050.709
1064.8649
1047.179
1017.2948
1016.7805
1025.1853
1042.6191
1039.8706
1053.3427
1073.3166
1032.2971
1080.3046
1052.9378
1087.176
1026.5599
1067.8928
1056.7708
1055.9696
1048.7685
1023.9687
1008.034
1053.8248
1033.0507
1049.5386
1025.9124
1007.1288
988.4006
1014.9253
1009.2222
1015.1788
1052.4674
1021.068
1033.5056
1009.9601
1038.4617
1027.6161
1087.4575
1035.387
1081.9208
1039.3189
1018.5306
1061.4229
1021.1259
1054.7147
1032.3816
1041.8868
1060.5012
1056.604
1027.8042
1077.1721
1030.607
1068.4092
1023.0641
1029.3949
1084.3484
1059.4055
1036.4477
1080.5471
1020.5276
1038.3006
1073.739
1021.508
1048.7452
1086.2791
1054.1368
1064.8231
1034.1097
1053.0904
1059.3744
1041.845
1051.4531
1099.3
1040.1257
1025.5069
1041.9747
1019.2807
1067.2919
1089.9471
1062.5541
1046.8728
1014.1221
1001.7555
1036.8762
1048.9995
1061.5397
1013.7041
1010.6377
1017.4883
1020.5969
1055.5884
996.72901
1067.2388
1043.6361
1060.4742
1037.2484
1076.8274
1054.2461
1049.3099
1081.3207
1000.0946
1041.4681
1002.5392
1039.4518
1048.0775
1054.2459
1035.3594
1050.2106
1029.6521
1034.6901
1062.747
1014.1445
1048.4523
1031.5556
1005.1222
1035.2777
1006.7263
1033.1787
1030.9292
1032.4006
1033.8063
1083.3377
1042.1257
1062.88
1089.4858
974.15601
1050.6453
1010.7461
1054.9105
1091.8117
1035.6857
1010.9964
1034.4621
1086.3391
1033.5328
1031.9254
1104.2307
1018.8581
1030.0979
1002.6396
1002.1937
1039.6269
1020.0724
1020.9342
1023.3425
1065.9654
1024.6762
1010.2789
979.96552
1026.7581
1046.212
1052.5186
1062.4456
1035.0084
1060.8981
1061.6599
1067.9386
1092.9008
1064.2892
1034.214
1056.6896
1031.3976
1020.5195
1068.3144
1066.7626
1059.4891
1048.2467
1038.5956
1044.9369
1057.5854
1046.1827
1027.4297
1021.6534
1090.3072
1111.8885
1060.3773
1094.6679
1034.7132
1015.4693
1023.8612
1037.2961
1046.2259
1080.2626
1041.9057
1107.6782
1014.6215
1038.2466
1071.9832
1090.6936
1071.2323
1080.3102
1051.9687
1069.1888
1038.1965
1057.8582
1017.1772
1081.4343
1049.4083
1111.7338
1034.2748
1050.95
1099.6227
1047.4416
1068.9865
1062.1214
1018.5578
1041.6058
997.69631
1023.4483
1060.8382
1020.487
1065.7203
1054.7007
1053.1933
1112.9208
1054.7881
1021.9281
1080.5474
1003.5742
1003.5279
1058.3608
1007.2289
1011.8084
1052.1949
999.76287
1064.9627
1086.9175
1042.4211
1028.5277
1012.3607
1007.0996
1049.3748
1043.2327
1018.5283
1070.8221
1069.9743
1014.6461
1013.6376
1079.6918
1046.3899
1054.0744
1062.1349
1075.0362
1044.3349
1018.7448
1049.9191
1029.1212
1040.0394
1016.9048
1038.0427
1026.3152
1044.1933
1029.4058
1022.6701
1070.2345
996.31808
1010.4572
1022.6422
1047.2758
1037.7371
1029.5635
1032.5614
1076.9118
1080.1294
1046.0883
1059.7284
1089.0179
1050.7101
1060.7521
985.46782
1062.827
1055.5328
997.98082
1018.0568
999.96976
1035.7258
1029.5247
1041.7513
1045.2407
1052.7411
987.68851
1048.806
1021.5167
1006.5754
1081.8179
1077.4101
1038.2139
1020.2355
1032.3683
989.57111
1039.6114
999.8347
1007.1953
1020.1512
1040.3651
1000.7981
1067.649
1057.699
1044.2803
1037.6373
1055.574
1022.5956
1050.4918
1078.1221
1002.0472
1068.7361
1037.9426
1063.368
1054.2123
1076.2567
1019.7398
1018.2442
1057.0029
1061.5396
1080.4215
1106.4565
1032.6507
1044.4545
1028.0573
1045.0877
1108.2604
1061.6316
1068.3545
1059.1047
1076.6447
1039.7867
1011.9956
1036.7452
1044.9058
1069.748
1011.9831
1051.7507
1017.5748
1014.2418
989.60154
1014.3527
1033.9619
1071.1511
1012.3302
1032.977
1042.1112
1025.215
1051.0316
1031.5629
1080.1313
1041.9256
1058.2798
1043.2333
1025.5846
1037.988
1028.7571
1097.6259
1036.8404
1052.2146
1020.1191
1006.6993
979.33815
1000.9344
1054.8681
1043.8094
1035.5908
1085.6825
1049.5735
1094.8194
1079.4783
1043.7464
1083.4363
1003.1124
991.3308
1079.2806
993.84775
1056.006
1044.2531
1046.4657
1023.351
1021.6627
1055.9266
1039.2802
1049.0838
1055.9056
1073.3826
1067.2675
1018.3956
1027.9146
1036.4329
1054.6015
1052.3504
1058.7383
1055.7825
1018.687
1046.8734
1062.0547
1107.2482
1047.5685
1125.3126
1063.9789
1062.6331
1060.1827
1054.1727
1044.8453
1038.0119
1070.2762
1077.1792
1056.5785
1058.7224
1017.4185
1092.1078
1073.6242
1073.3414
1044.9273
1015.6287
1050.0317
1075.6478
1083.6206
999.46502
1012.3924
1034.2501
1066.6416
1083.0429
1062.6177
1092.5274
1035.7773
1052.7196
1106.1998
1116.1957
1064.8044
1019.0972
1127.8287
1081.2861
1072.329
1047.4775
1024.3594
1054.021
1100.5383
1069.2382
1120.918
1041.0287
1075.689
1027.6519
1075.6182
1131.4832
1062.6048
1055.7459
1005.3443
1056.804
1102.1982
1059.2514
1048.7041
1072.7162
1087.8585
1041.0723
1003.4603
1002.0274
991.66155
1034.4433
1006.9824
1066.8889
1062.8681
1003.5302
1044.1
1094.7674
1020.2218
1013.947
1042.9787
1025.5478
1006.4731
1081.0306
1062.2524
995.66164
1014.4614
1041.6219
1026.8445
1006.5729
1074.6357
1037.2289
1021.5371
1055.4528
1022.2642
1073.7797
1091.5355
1068.8495
1093.3648
1104.4291
1059.3349
1055.6103
1004.8254
1035.2078
1077.4315
1054.8811
1076.7061
1005.392
1056.7624
1038.2805
1030.6755
1070.2312
1077.5223
1060.7705
1035.6155
994.413
1042.5882
1078.9003
1043.8035
1031.5616
1065.2976
1065.3304
1051.4348
1033.9413
1018.3058
1053.8807
1079.3085
1037.9678
1049.6628
1032.4577
1078.7592
1071.4993
1036.2634
1021.5953
1033.3689
1037.49
1048.9477
1033.7492
1038.8237
1035.6994
1065.7754
1028.7855
1076.2383
1050.414
1018.29
1032.7993
1056.2621
1007.3844
1023.6192
1066.4434
1090.9383
1080.0889
1100.5598
1082.2654
1042.4869
1071.911
1053.1305
1045.6312
1045.0569
1046.9254
1060.6531
1052.9343
1018.4904
1033.7377
1049.344
1044.8772
1010.9662
1011.8306
1104.9405
1022.0716
1079.741
1047.1542
1057.3262
1034.5962
1088.1747
1114.4887
1066.5489
1067.6992
1034.8853
1052.7469
1055.3568
1061.0851
998.85345
1024.5659
1078.9122
1012.6011
1039.1061
1081.7402
1060.5047
1007.2787
999.64263
1074.0353
999.62931
1048.6112
1064.0357
1047.9654
1020.4328
1039.9481
1092.5705
1080.2641
1091.527
1078.0143
1041.8151
1119.2223
1056.0395
1069.1881
1016.5076
1061.1715
1078.0935
1061.1743
1071.1028
1079.9107
1087.3214
1101.9218
1058.8832
1066.0705
1058.1747
1082.965
1068.9384
1076.6906
1014.5536
1022.7687
1072.8667
1008.3813
1018.477
1003.0158
1034.2689
1030.5255
1051.427
1040.3907
1036.2745
1060.6207
1022.6281
997.68018
1101.7754
1042.6269
1037.2463
1050.0541
1088.4226
1107.7074
1078.4844
1017.1649
1061.3105
1040.5723
1014.8728
1038.1047
1057.9764
1052.6516
1069.6596
988.77763
1005.0484
1044.6086
1042.6078
1018.1122
1012.221
995.74806
987.02742
1068.7736
1022.019
1058.3852
1025.4381
1048.0422
1033.6184
1053.22
1022.1314
1105.5978
1114.8302
1023.9889
1082.297
1081.0216
1041.6944
1050.2872
1028.846
1077.897
995.33308
980.24677
1061.4666
1063.9035
1086.9898
1103.6784
1066.0123
1068.9923
1077.8725
1042.7175
1067.5
1068.5818
1061.916
1067.6233
1058.0438
1036.9534
1098.7149
1051.9432
1069.5115
1075.6489
1108.536
1042.6853
1027.2241
1018.5874
1017.2325
986.63669
1055.4047
1056.528
1081.1355
1065.7352
1072.4592
1071.5716
1066.0793
1044.933
1015.1793
1024.7038
1040.4254
1052.7505
1052.4818
1084.7666
1017.3142
1058.0653
1015.0332
1058.2203
1051.2489
1038.714
1040.1805
1064.4312
1042.4898
1074.43
1019.4413
1031.119
1012.214
1021.4736
1047.377
1041.4844
983.89634
1028.9502
1025.8378
1000.3287
1051.6142
1065.7969
1071.25
1038.6877
1013.51
1073.3294
1018.8194
987.05698
1054.234
1066.7777
1107.5133
1048.4342
1046.8548
1045.5246
1033.5417
1047.8431
1040.309
1029.9185
1027.9157
1012.0277
1071.539
1026.2621
1044.8785
1029.8158
1059.7364
1046.2867
1087.2265
1040.2424
1008.6239
1034.1901
1039.1284
1028.0705
1040.5534
1040.774
975.34381
1003.2482
1032.1224
1060.4627
1068.536
1089.466
1024.0478
1076.8531
996.97875
1011.0822
1047.0097
1037.166
1024.5007
1028.3209
1079.6485
1025.9048
1087.0505
1076.4222
1036.0278
1042.0305
1055.7336
1052.6742
1046.5026
1040.7431
1062.9923
1064.4097
1037.1069
1072.9449
1065.1653
1017.3087
1056.1627
1044.2916
1080.1639
1028.7074
1029.9039
1048.1578
1084.4366
1002.3814
1064.7472
1034.7832
993.53755
1068.8265
1037.161
1008.6527
1016.3679
1010.8055
1000.2802
1057.2618
1032.1967
1044.902
1011.3436
1053.6975
1065.461
1064.1929
1032.4018
1022.6765
1045.9438
1065.4324
1021.059
1067.0412
1033.6389
1067.6534
1102.1466
1046.4208
1029.8369
1003.794
1007.899
1033.7733
1025.2419
1082.1091
1062.0041
1021.8371
1107.6756
1094.3309
1033.6538
1039.154
1073.6843
1023.9321
1051.5415
1016.9608
1112.3465
1043.9943
1018.3112
1053.142
1054.0208
1074.5966
1096.9532
1049.1049
1064.3399
1036.2449
1039.2088
1043.0912
1049.591
1085.9242
1067.4948
1027.9643
1052.4171
1035.1017
1087.7843
1131.1988
1050.0443
1054.5648
1016.2002
1059.5236
1086.8031
1053.7092
1069.3808
1100.2808
1044.4972
1050.4006
1068.6919
1092.5625
1031.4688
1085.0721
1040.9457
1068.3561
1059.2825
1082.808
1001.5888
1049.7108
1067.94
1083.7215
1029.2369
1002.9724
1038.3992
1053.5002
1034.0971
1042.6799
1044.4625
1055.3989
1063.711
1089.6434
1032.0416
1065.7826
1079.5182
1023.6749
1093.2077
1085.0206
1070.9364
1025.239
1019.6255
1109.7657
1015.1217
1049.2118
1044.3592
1061.1851
1028.2169
1055.874
1067.3989
1047.1311
1002.0688
1025.4286
1077.4815
1052.4232
1092.5559
1033.4729
1089.0876
1016.1682
1056.0747
1105.9409
1055.7026
1035.686
1076.8461
1047.0736
992.69821
1081.4311
1027.0698
1066.1296
1103.6515
1049.304
979.46421
1039.7168
1100.818
1023.4368
1086.8969
1065.1044
1070.8627
1043.7403
1022.3238
1040.1139
1039.1935
1065.3633
1078.9911
1100.4932
1043.9042
1056.8469
1088.3252
1061.6473
1012.8428
1034.0743
1049.452
1023.6686
993.27879
1073.0073
1087.6997
1049.837
1105.8249
1050.1289
1067.8704
1046.665
1044.637
1009.148
1021.9231
1021.9231
1081.3292
1038.5911
1014.3113
1052.4658
1004.0628
1041.1242
1069.7196
1060.1707
1071.2368
1104.1138
1036.4473
1060.5789
1041.3025
1101.4252
1044.7679
1067.449
1059.0418
1035.1931
1056.8434
1010.4247
1042.8747
1031.9982
1030.1827
1028.7698
1017.7121
1023.0491
1046.3497
992.08907
1053.3776
1036.9439
1051.8891
1056.0269
1023.5814
995.87134
1040.5725
1025.3248
1067.2668
1047.1692
1047.8068
1039.0173
1046.5352
1032.5306
1019.4239
1086.0224
1021.1696
1065.4684
1053.3958
1021.4083
1021.6993
1068.5892
1091.5987
1007.1682
1008.886
1075.7742
1056.1604
1041.2474
1031.4681
997.75926
1006.8401
1099.5159
989.81875
975.7548
1022.4927
1026.2916
988.77376
1011.9784
1033.2363
1041.6355
1018.0822
1028.6921
1030.7686
1067.8708
1081.1161
1053.8234
1065.3653
1065.9976
1054.2526
1046.667
1050.4627
1047.7721
1048.265
1029.9899
1038.31
1085.67
1055.7315
1048.6499
1053.1236
1098.8741
1053.0912
1040.9458
1028.5255
1034.6459
1057.0608
1042.2554
1023.6131
1017.9069
1030.8344
1048.2721
1029.8735
1061.8967
1042.5343
986.80746
1044.1947
1015.1753
1002.0501
992.83049
1061.0816
1090.9998
1061.9628
1092.6607
1020.6122
1077.2685
1073.6676
1053.4546
1030.1816
1032.2773
983.68965
1026.8372
1026.9398
1052.9399
1040.9371
1036.7976
993.02906
1059.9421
1053.0475
1071.609
1071.4964
1029.3989
1059.4176
1014.4861
1056.9467
1057.8546
1027.05
1041.9558
1058.005
1036.0119
1031.803
1007.5653
1047.4957
994.36253
1030.2767
1018.3251
1062.1805
992.83481
1070.61
1068.8442
1043.36
1052.444
1056.8624
1009.604
1033.8839
983.84247
1024.0951
1041.8461
1024.4878
1022.6414
1027.4813
1048.6726
1050.0477
1043.2509
1084.1343
1024.881
1060.8465
1077.8777
1007.4345
1076.0497
1088.0392
1050.8712
1040.455
1041.1562
1063.184
1052.1899
1065.7766
1083.175
1044.3812
1045.3731
1089.7544
1083.8674
1056.0978
1017.3071
1038.5642
1009.5046
1049.8481
1031.0575
988.71147
983.0765
1070.2082
1046.7107
998.18738
1047.3308
1054.9809
1089.0076
1034.5823
1025.67
1043.1928
1085.5265
1036.6924
1001.4831
1024.656
1011.3116
1082.9175
1054.8715
1053.4213
1017.9159
1010.8439
1035.5602
1100.6664
1037.9076
1015.8392
1101.0171
1013.6371
1027.7714
1079.1391
1030.637
1021.463
1013.9705
1039.5447
1018.8669
1027.1794
1034.3906
1000.54
1010.5625
1046.2483
1007.641
1086.2504
1006.8773
1043.6341
1074.3466
1055.6639
1052.9683
1036.4778
1034.5524
1026.2661
1059.0438
1050.1566
1060.4134
1026.9631
1085.2879
1025.2997
1076.8879
1039.5274
1050.7982
1058.0594
1065.305
1035.7273
1046.8409
1050.2778
1084.8357
1073.5882
1019.706
1033.0945
1059.4114
1033.9188
1032.1476
1025.3399
1035.1403
1033.3669
999.00724
1048.3457
1068.0118
1010.1109
1023.4115
1027.2282
1069.2401
1038.6231
1038.5481
1030.0584
1026.2731
1046.2748
1039.88
1068.5837
986.11348
1053.1081
1049.4385
1008.0791
1023.1035
1056.479
1028.7865
1051.616
1050.7176
1034.9966
1029.9826
1044.3641
1054.4931
1055.5469
1097.5007
1003.3702
1040.4193
1072.9925
1023.9321
1006.1104
1009.4022
1021.0115
959.88765
1016.7164
1054.0381
1040.7673
1058.6958
1069.234
1021.8362
1047.1729
1056.9074
990.25247
1023.6932
1062.7937
1054.1128
1059.0708
1036.8717
1033.8859
1057.2204
1093.7121
1041.7602
1052.8971
998.38476
1066.7183
1045.6579
1043.092
1066.1353
1027.2232
1084.8455
1047.0587
1019.1583
1038.6195
1085.7372
1015.4485
1046.5647
1009.5024
1061.4066
1028.1833
1043.3182
1121.7987
1106.1875
1100.6828
1050.3553
1059.0403
1083.1017
1058.9359
1027.7144
1012.6589
1013.6642
1040.6428
1059.0166
1059.3089
1072.6609
1067.5507
1035.9186
1018.5575
1015.5861
1031.38
1049.219
997.3067
1035.3967
1065.6135
1004.1179
1019.2986
988.66254
1073.1283
1068.3681
1069.8432
1023.0613
1022.7948
1019.7875
1067.0193
1040.8811
1003.1884
1067.5626
1091.9198
1064.4762
1047.503
1035.1204
1045.8012
1074.2702
1049.7024
1058.3993
1060.0749
1050.3675
1032.6048
1050.1172
1047.4967
1018.1984
1043.7479
1025
1073.466
1071.9822
1028.6421
1003.2211
1038.8784
1069.2302
1063.9988
1086.097
1035.8419
1048.9684
1039.4441
1081.9136
1005.034
1042.4352
1047.8245
1062.3199
1059.6433
1010.1982
1035.381
1053.4868
1021.7269
1067.2528
1055.3769
1082.4381
1067.9162
1069.4901
1068.9421
1051.8933
1012.0581
1033.7643
1032.2965
1058.6718
1042.9987
1047.4858
1005.0741
1042.7928
1048.9296
1069.6773
1022.0265
1005.667
1025.4909
1068.4208
988.20182
1053.5057
1069.9558
1041.1077
1022.126
998.99442
1043.2339
1076.4245
1062.1848
1040.1859
1050.4892
1028.7868
1057.3269
998.98047
1072.758
1029.9787
1067.2161
1071.2028
1068.5235
1057.6123
1038.5275
1072.6022
1011.6913
1041.1282
976.79712
1066.0083
1042.7681
1050.6525
1018.5925
1079.813
1060.5825
1037.2636
1032.8868
1089.0842
1021.6163
1018.7596
1065.5993
1096.7486
1051.1324
1103.3424
1042.7144
1066.2217
1088.7067
1073.5661
1038.3613
1030.5803
1023.5449
1005.0709
1008.8446
1040.5594
1033.0645
1024.8614
1042.018
1030.2196
1067.8968
1074.7314
1029.2293
1066.0489
1028.3332
1050.4689
1024.7286
1068.0547
1020.3177
1068.7764
1024.4186
1040.5739
1002.1906
1084.9312
976.26069
1044.6211
1069.9703
987.62215
1096.9057
1062.2039
1062.4943
1046.1952
1045.3584
998.93058
1008.6092
1057.7688
1024.761
1041.1403
1090.7319
1023.7488
1030.1259
1001.8812
993.17363
1011.9009
1036.3081
1063.0895
1032.5612
983.26351
1052.1656
1024.9934
1030.6116
1075.7349
1032.5601
1064.2112
1045.1224
1027.7012
1058.6418
1028.7529
1052.0763
1024.1737
1072.0061
1022.9041
1009.2432
1039.9235
1059.359
1092.2579
1017.3742
1011.1058
1007.8956
1050.1985
1064.5444
1088.0629
1038.3255
1062.7903
1057.7635
1044.9686
1057.2964
1027.011
1025.5873
1004.7237
1054.9074
1064.2881
1073.0488
1031.2332
1039.5702
1028.2821
1040.1806
1064.8089
1035.2
1033.772
1059.6049
1050.3392
1056.9268
1027.9922
1032.5777
1073.0561
1098.9858
1034.4899
1072.0869
1082.3916
1105.1712
1041.26
1063.7415
981.02524
1020.0764
1015.7655
1059.5814
987.89533
1003.7302
1014.4851
992.26755
1067.8312
1043.2339
1049.6466
1087.7999
1044.0975
1033.8406
1043.9755
1036.1013
1074.7365
1073.0365
1027.8937
1058.7766
1052.504
1010.9937
1009.2044
1096.0316
1077.0567
1061.9899
1029.8182
1036.4908
1046.7958
1034.709
1053.6654
1030.0448
1037.409
1041.7626
1070.7188
1079.136
1043.5954
1004.8057
1052.9061
1033.3949
1061.3369
1055.0798
1071.2901
1044.5514
1008.6052
1004.4438
978.33321
1013.134
1032.8418
1036.0682
1096.997
1066.1078
1068.0197
1054.7874
1053.5069
1072.7685
1042.159
1022.6302
1042.0736
1043.4636
1059.0163
1042.7112
1047.066
1017.2909
1071.7788
1031.6445
1067.5695
1019.8638
1054.5256
1021.661
1055.5896
1033.9948
980.16416
1047.7349
1018.4389
1078.4436
1119.2385
1068.9796
1004.54
1070.361
1069.3404
1050.9627
1021.4264
1050.7252
1053.0581
1020.1835
1049.0919
1063.7624
1062.1761
1027.0564
1057.0688
1014.4652
1039.9098
1058.1467
1025.2274
1049.6482
1033.3843
1051.9543
1017.6084
1085.7022
1046.9001
1055.7
1050.6012
1056.1701
1021.4437
1035.6225
1000.8998
998.26419
1008.7361
1057.9213
1058.9742
1019.9441
1083.4709
957.77017
1041.8947
1046.6873
1044.9314
1075.9518
1018.4209
1067.3238
1024.9012
1050.2533
1031.4676
1046.3685
1027.1639
1054.3101
1047.78
989.18087
1040.5078
988.53285
1047.1008
1039.2606
1023.6176
990.89517
1028.1785
1055.6498
1024.2213
1027.858
1029.8921
1048.4785
1039.6848
1022.8481
1082.9888
1032.975
1051.3208
1102.5634
1027.2433
1089.1031
1039.8219
1017.4699
1085.4471
1030.3086
1042.2906
1030.6444
991.89825
1039.3227
1050.9156
1051.4913
1064.4622
1006.4152
1040.5127
1047.8384
1127.7472
1073.0027
1056.2077
1065.1867
1024.9266
1068.6228
1039.7998
1023.8567
1072.6039
1100.3902
1070.3854
1050.4068
1042.2495
1048.1489
1057.0853
1052.2996
1072.6181
1093.5844
1028.3388
1046.4323
1031.9688
1022.2725
1063.1172
1045.5808
1008.2092
1032.7673
1053.4215
1041.0996
1010.2067
1064.7883
1082.9183
1036.8348
1068.4963
1087.5522
1021.3821
1022.2065
1015.0813
1064.0977
1032.9664
1047.839
1089.6276
1063.7107
1061.4448
1037.965
1043.7712
1027.7849
1005.4584
1071.3087
1077.0319
1038.6432
1052.8542
1045.689
1024.502
988.85099
1057.2875
1042.546
1023.7349
998.79255
1054.4665
1015.7865
1031.2057
1027.1941
1051.6996
1055.8283
1021.8023
989.77521
1114.6211
1075.0325
1035.5336
1023.1249
1062.0197
1010.9056
1059.3565
1011.9179
1009.2733
1037.0338
1028.4178
1005.808
1055.8754
1055.5825
1085.1683
1058.6657
1052.5815
1021.1448
1042.2523
1016.607
1064.6106
1025.9598
1080.128
1028.6822
997.09821
978.19958
999.6689
1059.5864
1004.655
1072.0162
1031.3804
1076.4464
1030.3906
1015.8978
1041.4784
1047.9437
1054.2715
1047.5316
1042.4609
1046.5483
1051.3259
1049.1246
1047.4829
1053.8518
1068.8474
1065.3868
1052.6282
1024.0478
1034.3512
1042.6359
1098.3735
1063.0094
994.85251
1070.1092
1025.0917
1049.1071
1038.8942
1050.6624
997.73771
1073.6628
1033.0318
1017.3255
1030.5576
1045.2301
1062.0382
1022.8101
997.92308
973.85595
1017.9799
1043.6068
1002.4757
1072.0594
1023.4328
1039.258
1066.2471
996.0109
1059.1932
1077.9471
1044.2552
1045.3454
1072.4158
1030.0723
1045.5304
1029.421
1010.7259
1030.475
1066.907
1027.4015
1037.0381
1000.8735
1012.633
1069.8979
1038.9122
1082.2987
1074.1803
1060.2405
994.32729
1021.0933
1064.3137
1062.8139
1056.3397
1049.2007
1064.9492
1043.9247
1053.5077
1051.5771
1055.7597
1033.9785
1045.2313
1049.2083
1031.5429
1044.6454
1034.9075
1090.8436
1012.1648
1050.6373
1064.506
1000.7103
1035.9606
1074.5797
1030.1255
1043.8979
1031.775
1014.6834
962.28097
942.69393
1015.3167
1003.3712
1052.8919
1019.0852
1039.1881
1016.1805
1052.9268
1032.6996
990.36611
1044.6276
1046.8576
1105.66
987.15483
1000.8162
961.16909
1055.5621
1031.7986
1009.4791
1014.5919
1018.7482
1074.5374
1032.7289
1014.9618
990.05654
1013.2677
1034.0709
1003.393
987.24803
1010.4841
1054.7008
1049.5174
998.91464
1053.6887
1046.7197
1101.6144
1032.12
1018.2739
1107.2816
1057.0712
1058.6386
1010.4507
1021.4483
1033.6684
1083.3338
1031.1293
1004.8306
1013.2643
1032.0363
1045.01
1016.8259
1021.8049
1048.5058
991.49901
998.89775
1076.919
1034.448
1045.1034
1035.5538
1036.2222
1054.8387
1049.7466
1022.6049
1068.2398
1058.7565
1042.0617
1061.4346
1012.1264
1071.3911
1120.1714
1061.2132
1088.0395
1042.7363
1037.4859
1072.6057
1027.4274
1031.347
1047.3944
1033.5879
1021.1153
1071.842
1006.4215
1009.7405
1034.0564
1017.5819
1064.8088
1058.974
1066.5678
1011.7743
1053.6907
1030.5665
1014.8096
1027.7771
1035.8944
1054.9127
1019.9972
1023.2899
1053.821
1063.299
1022.5648
1079.4122
1075.7499
1093.1931
1068.2199
1024.6175
1018.7896
1056.0988
1070.6109
1034.8529
1037.2872
1036.8276
1012.6598
1003.8918
1030.788
1020.128
1056.6307
1025.7037
1055.3064
1024.8787
1033.0524
1028.641
1059.5141
1053.0765
1047.2907
1047.0201
1083.9925
1075.012
1028.225
1039.3717
1039.711
1058.3689
1018.7364
1010.9788
983.19589
1085.3048
1048.7685
1041.1705
1053.5174
1007.6683
1062.2427
1090.0029
1064.4026
1095.8611
1010.6427
1029.8984
1071.1671
1012.3248
1041.9301
1033.7583
1126.8623
1050.2105
1090.8333
1023.4467
1036.8532
1050.376
1058.943
1024.0188
1051.7943
1053.0714
1066.7901
1082.3099
1020.1725
1022.4161
1060.1898
1039.8134
1037.1847
1031.8655
1039.4194
1033.4976
1001.9894
1019.7856
1028.901
1047.9545
1074.5393
1007.9805
1020.3192
1046.0596
1049.8918
1044.1088
1026.1643
1047.6417
1049.8086
1008.669
1050.1373
1039.3482
1053.8907
1013.0226
1095.7767
997.33238
1022.3972
1012.2372
1015.4752
1046.9083
1046.254
1116.3891
1065.0956
1067.2668
1031.7148
1068.5614
1028.9512
1041.1952
1047.2716
1048.1768
1065.7017
995.20532
1000.0044
1007.1316
1039.7191
1048.1137
987.9156
1057.8636
988.0101
1021.2728
1031.3474
1025.4461
1041.9594
1061.9257
1010.5053
1044.5781
1017.3264
1035.3849
1077.8594
1032.6198
1020.9502
1007.7282
1007.5935
1064.5442
1094.9173
1065.8343
1037.5624
1028.8341
1037.1821
1071.5355
1031.8959
1007.6582
1075.902
1014.5196
1065.2628
1048.3679
979.15488
1030.6463
1030.474
1029.9964
1046.131
1044.9316
1069.2586
1048.3413
1047.3843
1105.3389
1016.21
1068.9301
1048.2955
1051.7849
1052.6277
1075.5693
1027.8049
1038.9652
1006.5207
1033.1266
1040.2296
1102.2621
1035.5928
1057.837
1032.861
1060.1352
1082.83
1004.0774
1086.7343
1101.2082
1052.7659
1068.2501
996.7879
1017.6891
1063.3735
1043.3768
1030.1942
1001.5869
1017.9461
1030.181
1041.226
1033.3532
1043.6675
1026.2976
1055.2431
975.35328
1106.8801
1032.4049
985.92638
1032.5304
1017.7952
1010.1984
1036.8725
994.70821
1024.4698
1043.1948
1068.4368
1038.9557
1070.1902
1039.3631
986.90871
1034.943
1013.9377
1061.111
1059.6828
1072.6327
1061.5624
1046.1564
1033.4527
1046.9946
1059.8351
1050.0039
1096.87
1041.9904
1052.0452
1002.1128
1023.9146
1089.6662
1082.3975
1054.1175
1038.9888
1039.7328
1030.3847
1079.3658
1099.6862
1065.2532
1072.7081
1050.1915
1088.7225
1035.8257
1061.972
1038.7502
1073.2259
1034.5681
1073.0466
1067.0394
1033.0118
1020.2302
1051.4762
1057.6662
1053.3639
1055.1813
1084.0658
1083.9543
1044.2247
1068.4863
1057.8869
1061.7016
1046.0062
1039.685
1035.297
1077.9231
1066.703
1067.8535
1016.6041
1053.5587
1050.5532
1058.1521
1041.8836
1061.7288
1061.5642
1030.8251
1022.0628
1034.4499
1035.1065
1026.6868
1004.2712
1002.8004
1033.7968
1076.5407
1082.6362
979.85467
1062.412
1068.5642
1031.7772
1036.8505
1028.8187
1068.5755
1055.9791
1040.6385
1082.1658
1051.8102
1024.2304
1086.9986
1013.4432
1053.0189
1049.7564
1030.2732
1062.5931
1053.8477
1063.368
1007.1248
1034.1056
1041.9037
1084.2587
1035.3518
1071.4607
1022.984
1078.4105
1050.0545
1032.1809
1051.4904
1050.6935
981.91382
1009.7994
1041.6991
1076.2191
1056.8342
1037.0467
1016.8604
989.73718
1060.7327
1054.1444
1064.0979
1016.8987
1016.9618
1002.9256
1030.6335
1085.9296
1058.3518
1082.5362
1092.797
1083.4376
1051.205
1038.8964
1055.9451
1014.9645
1020.6268
1023.4837
1043.9946
1011.7965
1060.1966
1071.9374
1042.1001
1054.507
1024.1617
1079.0447
1052.6357
1046.9458
1065.8973
1082.018
1012.4941
1046.2451
1033.33
1036.0666
1081.4748
1053.2369
1070.3109
1060.1028
1029.944
1074.2317
1003.3852
1038.6457
982.24151
991.76331
1003.3491
1051.0869
1010.3551
1023.2025
1034.939
998.09642
1057.1218
1023.7806
1038.313
1040.3849
1087.5167
1064.0753
1052.0423
1092.2974
1065.0977
1045.6191
1063.4225
1052.6042
1063.8604
1052.9324
1016.1764
1060.5802
1041.2609
1032.9967
1074.3052
1070.0798
1064.6083
1058.5445
1033.5117
1032.25
1026.0241
1001.2489
985.73566
1067.4621
1065.3066
1037.4613
1042.5468
1025.561
1053.3176
982.07424
1029.2801
1000.2449
1048.7325
1027.8429
1033.7383
1057.4629
1013.6816
1061.2111
1077.196
1016.3056
1014.8699
1049.2872
1130.7818
1044.936
1066.4807
1048.8472
1035.7742
1031.9687
970.59551
967.00225
1017.2739
1049.0709
1006.6462
1044.9799
1030.2716
1045.0778
1042.3259
1065.2685
1014.8229
1021.1945
1027.4535
1044.1776
990.44925
1039.6609
1054.8186
1007.7329
1023.7567
1042.3925
1054.7334
1041.9572
988.84435
1040.4372
1016.2038
1126.6694
1034.7323
995.32459
1012.402
1037.834
1055.5847
1032.8568
999.77562
1004.4527
1038.4258
1021.124
1009.6254
1044.673
1039.6752
1020.6486
1051.7223
1064.6412
1044.3725
1055.5751
1058.5512
1047.3953
1014.6674
1048.5589
1040.4332
1040.9026
1070.1482
1035.5461
1044.1542
1010.8977
1029.5001
1058.2618
1013.705
1039.2461
1031.9716
1032.2902
1049.8118
1032.263
1008.6686
1000.2839
1079.5424
1003.0461
995.32843
1085.8948
1092.8659
1075.3966
1046.9945
1036.2229
1049.5023
1021.5869
1073.872
1081.0995
1013.0976
1031.0169
1062.6677
1063.3261
1027.6801
1098.2568
1007.6297
1038.7441
1094.9116
1034.3475
1035.3304
1091.3622
1042.2505
1027.5545
1072.9317
1062.0386
1024.1909
1058.3423
1020.0857
997.88337
1019.6116
1086.0144
1058.0298
1028.0293
1032.6336
1059.7857
1028.7514
1040.2963
1031.2709
1061.8168
1056.1495
1050.2412
1050.8274
1055.1183
1063.4996
1057.0811
1079.5003
1040.8473
1066.6131
1027.778
1046.2286
995.05385
1033.414
1072.4882
1050.4758
1064.5483
1014.7287
1062.2435
1038.8371
1048.6154
1106.6321
1019.9848
1016.5228
1101.7822
1022.5582
1005.346
984.57433
1040.1421
1076.722
1002.6907
1079.8165
1065.0405
1086.846
1035.2822
1076.792
1022.1378
1089.5131
1038.3857
1036.9886
1090.0604
1054.1245
1031.2453
1029.6993
1037.2035
1002.0107
1058.2637
1074.1806
1042.911
1044.2499
1071.6603
1092.4687
1047.0039
1071.9999
1016.4179
1050.8085
1080.5486
1028.2089
1059.6554
1086.9775
1074.5733
1030.8375
1040.0416
1079.9248
1015.3952
1018.7502
1008.1011
1059.5315
1042.1538
1028.3614
1038.3974
1040.2202
1084.2043
1067.246
1023.3257
1044.6555
1083.253
1038.1775
1008.1679
1033.7885
1028.3432
1023.5684
1024.5171
995.31876
1027.0476
1010.1015
1032.6617
1068.41
1031.2407
1060.6356
1067.4698
1040.1466
991.00798
1064.4657
1101.4879
1046.7754
1062.5951
990.64215
1066.971
1039.0843
1068.2896
1037.998
1061.5459
1044.9874
1011.3628
1077.7243
974.03854
1063.9232
1041.0608
1010.1847
1062.341
977.14282
1086.9573
1040.5466
1061.9521
1032.3198
976.23022
1014.2166
1049.2945
1060.1371
1016.7202
1022.6225
1067.821
1020.6203
1069.4652
1066.8766
1011.3535
1056.2315
1097.8419
974.17739
1103.584
1012.9989
1054.994
1070.0202
1034.0787
1057.8988
1098.1203
1052.8922
1063.5467
1061.0535
1041.4828
1040.1422
1063.0718
979.89058
1017.1878
1021.5755
1046.7708
1032.4149
967.50564
1027.1122
1050.2549
1042.2389
1074.5313
1006.338
1042.8242
1021.3198
1078.0256
1054.9288
1084.7039
1074.8059
991.38375
1040.7269
1036.1997
1030.5412
1012.4237
984.84354
1023.8889
1107.7191
1066.2784
1080.1776
1044.0802
1058.7783
993.86836
1069.6363
1059.4625
1005.5515
1047.1993
1004.3462
1033.006
1040.4848
1022.1177
1017.1412
1109.2289
982.25522
1031.7348
1028.2626
1040.7871
1027.0043
994.6803
1034.4096
1071.6075
1078.7964
1031.58
1059.2647
1050.5245
1025.4762
1027.4751
996.19662
1075.3741
1060.4007
1044.7814
1045.6625
1039.3019
1079.6306
1060.8692
1041.1676
1037.7075
1041.263
1098.0135
1058.961
1046.9664
1055.7528
1043.2803
1088.2008
1075.9356
1052.3602
1036.8551
1046.4688
1077.7778
1032.6649
1082.8326
1022.26
1039.8773
1056.4284
1133.7864
1047.4283
1043.5091
1076.5102
1020.4243
1056.0908
1005.1073
1038.2895
1058.5937
1069.4694
1005.1997
1071.5875
1042.4223
1057.9488
1040.2002
1020.9106
1048.322
1045.4432
1045.7191
998.83195
1052.0117
1033.0176
993.99592
1010.8163
1006.4218
1030.7071
1027.9347
1035.1399
1089.585
1048.159
993.13794
1067.8395
1068.8917
1046.465
1033.7334
1029.2096
1083.1635
1024.529
1056.0108
1034.3077
1087.202
1054.9552
1050.7549
1036.9339
1081.2667
1014.5389
1054.1373
1055.4531
976.84857
1005.3729
1041.0322
1008.5782
1035.9945
1053.6608
1045.4741
1053.7516
1018.8399
1054.354
1072.1907
1071.237
1037.3489
1023.6263
1023.2034
997.30534
1083.3428
1043.1373
1067.2076
1025.3695
1015.198
1023.3056
1074.3889
1037.9584
1027.6318
1055.4574
1044.5491
1049.2146
1022.5211
1052.253
1039.0136
1068.1732
1055.1003
1046.8097
1044.2075
1055.891
1049.3688
1059.5382
1047.9812
1035.3998
1007.2969
957.87177
1021.8515
1012.9704
1021.9242
1018.7789
1077.243
984.75351
1045.8691
1097.8719
1052.3699
1049.0602
1033.9154
1045.9128
1036.8219
1052.8615
1082.8514
1018.5212
1053.8936
1030.7282
1056.1678
1037.3616
1051.1042
1004.6833
1040.3045
1079.3974
1055.9741
1064.863
1009.0915
1035.1954
1088.4936
1031.1397
1056.5944
1021.6258
1029.3537
1037.1303
1068.578
1080.005
1017.6224
1029.9092
1068.495
1069.9069
1037.3017
1054.9114
1031.1192
1035.8654
1061.8156
1060.6256
1078.9619
1051.0749
977.99652
1030.9952
1082.1862
1045.405
1013.4777
992.85458
993.63396
991.16128
1021.7441
1035.2288
956.65316
971.34306
994.12992
1010.4285
1024.5244
1016.684
1030.0993
1051.613
1047.4422
1050.4748
1039.2826
1050.8467
985.20434
1024.0958
1034.7101
1117.6246
1099.3775
1012.0698
1014.989
1025.4907
1034.9235
1063.6799
1049.2523
1063.1907
1043.7151
1050.1345
1045.4616
1050.6501
1074.062
1043.7096
1082.5458
1044.9205
1052.6104
1068.3394
1041.4446
1023.7715
1041.2662
1069.7121
1019.4229
987.67252
1039.9922
1050.7336
1032.9915
1051.8016
1068.1949
1044.4529
1065.7288
1030.3611
1057.0262
1052.5018
998.25119
982.51546
1018.7882
1048.4465
964.62426
1029.8839
1059.7724
1021.9387
1054.407
1019.7175
1044.9216
1030.1644
1037.8659
1000.9135
995.8259
1068.4201
1046.2812
1066.8182
1122.6348
1028.0927
1105.6551
1043.4134
1096.6412
1077.2434
1019.5212
1072.8628
1060.0442
1057.7929
1012.6924
1033.1883
1004.2499
1013.2804
1087.4211
1078.6788
1075.5002
1022.6043
