# Time-averaged data for fix pave
# TimeStep v_pressure
279002000 864.025
279003000 840.562
279004000 837.548
279005000 857.914
279006000 897.776
279007000 903.644
279008000 904.781
279009000 904.561
279010000 898.272
279011000 891.775
279012000 890.448
279013000 885.319
279014000 886.483
279015000 888.644
279016000 896.674
279017000 905.103
279018000 910.125
279019000 910.656
279020000 909.301
279021000 905.683
279022000 907.462
279023000 908.24
279024000 914.111
279025000 918.174
279026000 921.653
279027000 919.941
279028000 923.726
279029000 923.705
279030000 924.673
279031000 924.447
279032000 926.731
279033000 928.477
279034000 928.34
279035000 929.551
279036000 930.985
279037000 930.942
279038000 931.827
279039000 935.133
279040000 937.861
279041000 940.522
279042000 941.458
279043000 943.077
279044000 944.925
279045000 945.547
279046000 946.348
279047000 948.131
279048000 949.872
279049000 952.755
279050000 953.307
279051000 953.411
279052000 954.481
279053000 954.662
279054000 957.498
279055000 955.896
279056000 955.53
279057000 953.948
279058000 952.854
279059000 953.483
279060000 953.529
279061000 953.134
279062000 953.507
279063000 955.669
279064000 955.967
279065000 955.413
279066000 955.307
279067000 955.36
279068000 957.003
279069000 957.178
279070000 957.471
279071000 958.533
279072000 959.8
279073000 961.165
279074000 963.292
279075000 966.141
279076000 966.638
279077000 968.674
279078000 970.257
279079000 970.034
279080000 972.136
279081000 974.072
279082000 973.976
279083000 975.845
279084000 977.476
279085000 978.668
279086000 978.239
279087000 978.674
279088000 978.547
279089000 979.222
279090000 980.631
279091000 982.048
279092000 982.753
279093000 983.993
279094000 985.935
279095000 987.121
279096000 987.942
279097000 989.298
279098000 990.431
279099000 991.03
279100000 991.992
279101000 993.939
279102000 994.794
279103000 995.038
279104000 996.342
279105000 997.557
279106000 998.295
279107000 999.241
279108000 1000.76
279109000 1002.02
279110000 1002.83
279111000 1004.33
279112000 1005.42
279113000 1005.63
279114000 1004.86
279115000 1005.48
279116000 1006.35
279117000 1006.05
279118000 1006.52
279119000 1007.04
279120000 1007.88
279121000 1008.37
279122000 1010.18
279123000 1010.56
279124000 1011.22
279125000 1011.46
279126000 1012.02
279127000 1012.89
279128000 1013.24
279129000 1013.98
279130000 1014.67
279131000 1015.19
279132000 1016.5
279133000 1016.85
279134000 1017.33
279135000 1018.18
279136000 1019.35
279137000 1019.34
279138000 1019.41
279139000 1018.93
279140000 1018.66
279141000 1018.91
279142000 1018.52
279143000 1018.24
279144000 1018.71
279145000 1018.92
279146000 1018.7
279147000 1018.53
279148000 1018.87
279149000 1019.55
279150000 1020
279151000 1019.59
279152000 1019.53
279153000 1019.74
279154000 1019.95
279155000 1019.83
279156000 1019.47
279157000 1019.32
279158000 1019.04
279159000 1018.29
279160000 1017.85
279161000 1017.78
279162000 1017.87
279163000 1017.39
279164000 1016.56
279165000 1016.58
279166000 1016.19
279167000 1015.95
279168000 1015.21
279169000 1014.38
279170000 1014.09
279171000 1013.76
279172000 1012.91
279173000 1012.26
279174000 1011.94
279175000 1012
279176000 1011.85
279177000 1011.1
279178000 1010.82
279179000 1010.27
279180000 1009.23
279181000 1008.7
279182000 1007.6
279183000 1006.83
279184000 1006.02
279185000 1005.35
279186000 1004.84
279187000 1004.7
279188000 1004.08
279189000 1003.8
279190000 1003.06
279191000 1002.63
279192000 1001.55
279193000 1000.85
279194000 1000.5
279195000 999.605
279196000 999.131
279197000 998.019
279198000 997.569
279199000 996.706
279200000 995.923
279201000 994.988
279202000 994.376
279203000 993.736
279204000 993.235
279205000 992.497
279206000 991.872
279207000 991.901
279208000 992.078
279209000 991.694
279210000 991.541
279211000 991.574
279212000 991.769
279213000 991.68
279214000 991.686
279215000 991.756
279216000 991.575
279217000 991.153
279218000 990.657
279219000 990.271
279220000 990.044
279221000 990.062
279222000 989.488
279223000 989.571
279224000 989.51
279225000 989.343
279226000 989.11
279227000 989.301
279228000 989.362
279229000 989.28
279230000 988.689
279231000 988.277
279232000 988.179
279233000 988.168
279234000 988.262
279235000 987.871
279236000 987.483
279237000 987.46
279238000 987.29
279239000 987.284
279240000 987.636
279241000 988.054
279242000 988.051
279243000 988.093
279244000 988.279
279245000 988.41
279246000 988.112
279247000 988.207
279248000 988.684
279249000 988.527
279250000 988.397
279251000 988.296
279252000 987.802
279253000 987.198
279254000 987.129
279255000 986.858
279256000 986.808
279257000 986.696
279258000 986.369
279259000 986.17
279260000 985.98
279261000 985.932
279262000 986.355
279263000 986.137
279264000 986.449
279265000 986.54
279266000 986.705
279267000 986.662
279268000 986.638
279269000 986.911
279270000 987.114
279271000 987.039
279272000 987.117
279273000 987.531
279274000 987.969
279275000 988.464
279276000 989.149
279277000 989.665
279278000 989.899
279279000 990.257
279280000 990.588
279281000 991.052
279282000 991.411
279283000 991.675
279284000 992.118
279285000 992.946
279286000 993.313
279287000 993.368
279288000 993.698
279289000 994.16
279290000 994.559
279291000 994.74
279292000 994.655
279293000 994.934
279294000 995.109
279295000 995.28
279296000 995.168
279297000 995.088
279298000 994.938
279299000 995.35
279300000 995.408
279301000 995.79
279302000 995.913
279303000 995.983
279304000 996.094
279305000 996.296
279306000 996.402
279307000 996.776
279308000 996.792
279309000 996.715
279310000 996.931
279311000 996.757
279312000 996.828
279313000 996.711
279314000 996.755
279315000 996.77
279316000 996.67
279317000 996.58
279318000 996.998
279319000 997.134
279320000 996.72
279321000 996.613
279322000 996.371
279323000 996.605
279324000 996.744
279325000 996.6
279326000 996.604
279327000 996.943
279328000 997.509
279329000 997.88
279330000 997.825
279331000 997.808
279332000 997.814
279333000 998.002
279334000 998.096
279335000 998.225
279336000 998.502
279337000 998.569
279338000 998.284
279339000 997.903
279340000 997.818
279341000 998.06
279342000 998.245
279343000 998.564
279344000 998.525
279345000 998.303
279346000 998.246
279347000 998.152
279348000 998.265
279349000 998.237
279350000 998.15
279351000 997.996
279352000 998.151
279353000 997.985
279354000 997.877
279355000 997.784
279356000 997.666
279357000 997.658
279358000 997.802
279359000 997.939
279360000 998.04
279361000 998.196
279362000 998.467
279363000 998.513
279364000 998.613
279365000 998.814
279366000 999.108
279367000 999.44
279368000 999.884
279369000 1000.02
279370000 1000.05
279371000 1000.04
279372000 999.962
279373000 1000.09
279374000 1000.32
279375000 1000.15
279376000 999.899
279377000 999.94
279378000 999.795
279379000 999.615
279380000 999.357
279381000 999.261
279382000 999.288
279383000 999.434
279384000 999.596
279385000 999.808
279386000 999.875
279387000 999.717
279388000 999.636
279389000 999.516
279390000 999.414
279391000 999.553
279392000 999.706
279393000 999.975
279394000 1000.19
279395000 1000.61
279396000 1000.9
279397000 1001.28
279398000 1001.35
279399000 1001.4
279400000 1001.4
279401000 1001.34
279402000 1001.49
279403000 1001.59
279404000 1001.6
279405000 1001.37
279406000 1001.14
279407000 1000.83
279408000 1000.66
279409000 1000.5
279410000 1000.57
279411000 1000.6
279412000 1000.65
279413000 1000.65
279414000 1000.33
279415000 1000.22
279416000 999.957
279417000 999.731
279418000 999.477
279419000 999.176
279420000 999.191
279421000 999.125
279422000 999.066
279423000 998.889
279424000 998.843
279425000 998.899
279426000 998.885
279427000 998.988
279428000 998.902
279429000 998.929
279430000 999.038
279431000 999.092
279432000 999.179
279433000 999.245
279434000 999.357
279435000 999.488
279436000 999.603
279437000 999.684
279438000 999.694
279439000 999.819
279440000 999.731
279441000 999.688
279442000 999.452
279443000 999.535
279444000 999.639
279445000 999.459
279446000 999.504
279447000 999.347
279448000 999.332
279449000 999.429
279450000 999.442
279451000 999.553
279452000 999.71
279453000 999.777
279454000 999.945
279455000 1000.03
279456000 999.903
279457000 999.781
279458000 999.769
279459000 999.653
279460000 999.894
279461000 1000.1
279462000 1000.16
279463000 1000.16
279464000 1000
279465000 1000.09
279466000 1000.04
279467000 999.826
279468000 999.852
279469000 999.842
279470000 999.873
279471000 1000.12
279472000 1000.3
279473000 1000.7
279474000 1000.87
279475000 1000.99
279476000 1001.08
279477000 1001.2
279478000 1001.25
279479000 1001.25
279480000 1001.26
279481000 1001.42
279482000 1001.56
279483000 1001.6
279484000 1001.76
279485000 1001.84
279486000 1001.9
279487000 1001.72
279488000 1001.53
279489000 1001.7
279490000 1001.66
279491000 1001.5
279492000 1001.41
279493000 1001.36
279494000 1001.49
279495000 1001.46
279496000 1001.55
279497000 1001.46
279498000 1001.52
279499000 1001.51
279500000 1001.5
279501000 1001.68
279502000 1001.71
279503000 1001.56
279504000 1001.5
279505000 1001.71
279506000 1001.72
279507000 1001.82
279508000 1001.73
279509000 1001.59
279510000 1001.57
279511000 1001.55
279512000 1001.52
279513000 1001.62
279514000 1001.58
279515000 1001.58
279516000 1001.84
279517000 1001.83
279518000 1001.94
279519000 1002.03
279520000 1002.22
279521000 1002.54
279522000 1002.87
279523000 1002.83
279524000 1002.99
279525000 1003.35
279526000 1003.41
279527000 1003.61
279528000 1003.83
279529000 1003.8
279530000 1003.83
279531000 1003.74
279532000 1003.72
279533000 1003.68
279534000 1003.8
279535000 1003.85
279536000 1003.96
279537000 1003.9
279538000 1003.93
279539000 1003.86
279540000 1003.7
279541000 1003.75
279542000 1003.66
279543000 1003.37
279544000 1003.18
279545000 1002.94
279546000 1002.83
279547000 1002.68
279548000 1002.48
279549000 1002.43
279550000 1002.46
279551000 1002.25
279552000 1002.27
279553000 1002.28
279554000 1002.33
279555000 1002.47
279556000 1002.45
279557000 1002.33
279558000 1002.36
279559000 1002.28
279560000 1002.38
279561000 1002.62
279562000 1002.91
279563000 1003.06
279564000 1003.18
279565000 1003.21
279566000 1003.32
279567000 1003.47
279568000 1003.52
279569000 1003.49
279570000 1003.45
279571000 1003.5
279572000 1003.48
279573000 1003.6
279574000 1003.75
279575000 1004.21
279576000 1004.42
279577000 1004.51
279578000 1004.68
279579000 1004.59
279580000 1004.4
279581000 1004.28
279582000 1004.38
279583000 1004.55
279584000 1004.74
279585000 1004.88
279586000 1004.86
279587000 1004.75
279588000 1004.7
279589000 1004.68
279590000 1004.78
279591000 1004.75
279592000 1004.71
279593000 1004.7
279594000 1004.83
279595000 1005
279596000 1005.06
279597000 1004.99
279598000 1005.06
279599000 1005.02
279600000 1005.14
279601000 1004.97
279602000 1004.85
279603000 1004.76
279604000 1004.85
279605000 1004.85
279606000 1004.9
279607000 1004.94
279608000 1004.89
279609000 1004.91
279610000 1004.79
279611000 1004.76
279612000 1004.73
279613000 1004.68
279614000 1004.66
279615000 1004.81
279616000 1005.02
279617000 1005.21
279618000 1005.47
279619000 1005.68
279620000 1005.92
279621000 1006.34
279622000 1006.36
279623000 1006.42
279624000 1006.41
279625000 1006.46
279626000 1006.63
279627000 1006.75
279628000 1006.79
279629000 1006.72
279630000 1006.9
279631000 1007.12
279632000 1007.15
279633000 1007.23
279634000 1007.33
279635000 1007.45
279636000 1007.47
279637000 1007.74
279638000 1007.96
279639000 1008.16
279640000 1008.31
279641000 1008.37
279642000 1008.47
279643000 1008.54
279644000 1008.68
279645000 1008.66
279646000 1008.6
279647000 1008.67
279648000 1008.71
279649000 1008.91
279650000 1008.97
279651000 1009
279652000 1009.08
279653000 1009.14
279654000 1009.23
279655000 1009.29
279656000 1009.42
279657000 1009.42
279658000 1009.64
279659000 1009.61
279660000 1009.64
279661000 1009.77
279662000 1009.91
279663000 1009.76
279664000 1009.58
279665000 1009.51
279666000 1009.45
279667000 1009.53
279668000 1009.57
279669000 1009.51
279670000 1009.35
279671000 1009.29
279672000 1009.2
279673000 1009.23
279674000 1009.33
279675000 1009.36
279676000 1009.31
279677000 1009.27
279678000 1009.27
279679000 1009.39
279680000 1009.53
279681000 1009.56
279682000 1009.52
279683000 1009.56
279684000 1009.55
279685000 1009.51
279686000 1009.54
279687000 1009.55
279688000 1009.66
279689000 1009.62
279690000 1009.62
279691000 1009.73
279692000 1009.84
279693000 1009.94
279694000 1010.12
279695000 1010.28
279696000 1010.39
279697000 1010.49
279698000 1010.73
279699000 1010.81
279700000 1010.95
279701000 1011
279702000 1011.06
279703000 1011.21
279704000 1011.21
279705000 1011.19
279706000 1011.18
279707000 1011.09
279708000 1011
279709000 1010.96
279710000 1010.88
279711000 1010.8
279712000 1010.93
279713000 1010.87
279714000 1010.91
279715000 1010.83
279716000 1010.86
279717000 1010.72
279718000 1010.6
279719000 1010.62
279720000 1010.6
279721000 1010.71
279722000 1010.8
279723000 1010.93
279724000 1011.04
279725000 1011.02
279726000 1011.25
279727000 1011.24
279728000 1011.35
279729000 1011.41
279730000 1011.48
279731000 1011.56
279732000 1011.74
279733000 1011.82
279734000 1011.79
279735000 1011.79
279736000 1011.79
279737000 1011.72
279738000 1011.76
279739000 1011.82
279740000 1011.9
279741000 1012.12
279742000 1012.19
279743000 1012.4
279744000 1012.55
279745000 1012.77
279746000 1012.98
279747000 1013.09
279748000 1013.33
279749000 1013.57
279750000 1013.75
279751000 1013.88
279752000 1013.91
279753000 1013.92
279754000 1013.93
279755000 1014.08
279756000 1014.23
279757000 1014.4
279758000 1014.46
279759000 1014.65
279760000 1014.77
279761000 1014.97
279762000 1015.18
279763000 1015.34
279764000 1015.45
279765000 1015.53
279766000 1015.58
279767000 1015.75
279768000 1015.9
279769000 1016.16
279770000 1016.37
279771000 1016.44
279772000 1016.46
279773000 1016.46
279774000 1016.61
279775000 1016.74
279776000 1016.8
279777000 1017.09
279778000 1017.28
279779000 1017.42
279780000 1017.58
279781000 1017.74
279782000 1017.94
279783000 1018.14
279784000 1018.3
279785000 1018.35
279786000 1018.46
279787000 1018.53
279788000 1018.51
279789000 1018.62
279790000 1018.64
279791000 1018.75
279792000 1018.87
279793000 1019.02
279794000 1019.24
279795000 1019.15
279796000 1019.2
279797000 1019.26
279798000 1019.38
279799000 1019.41
279800000 1019.62
279801000 1019.72
279802000 1019.78
279803000 1019.8
279804000 1019.9
279805000 1019.92
279806000 1019.87
279807000 1019.93
279808000 1019.98
279809000 1020.08
279810000 1020.21
279811000 1020.26
279812000 1020.35
279813000 1020.37
279814000 1020.43
279815000 1020.52
279816000 1020.61
279817000 1020.64
279818000 1020.7
279819000 1020.86
279820000 1020.9
279821000 1020.8
279822000 1020.83
279823000 1020.95
279824000 1021.06
279825000 1021.01
279826000 1021.1
279827000 1021.15
279828000 1021.16
279829000 1021.24
279830000 1021.33
279831000 1021.46
279832000 1021.5
279833000 1021.46
279834000 1021.4
279835000 1021.34
279836000 1021.4
279837000 1021.48
279838000 1021.48
279839000 1021.5
279840000 1021.45
279841000 1021.44
279842000 1021.27
279843000 1021.24
279844000 1021.11
279845000 1020.93
279846000 1020.86
279847000 1020.81
279848000 1020.82
279849000 1020.83
279850000 1020.68
279851000 1020.61
279852000 1020.49
279853000 1020.48
279854000 1020.48
279855000 1020.46
279856000 1020.37
279857000 1020.45
279858000 1020.41
279859000 1020.36
279860000 1020.37
279861000 1020.45
279862000 1020.57
279863000 1020.61
279864000 1020.69
279865000 1020.61
279866000 1020.43
279867000 1020.32
279868000 1020.22
279869000 1020.13
279870000 1020.16
279871000 1020.16
279872000 1020.11
279873000 1020.09
279874000 1020.09
279875000 1020.06
279876000 1020.11
279877000 1020.07
279878000 1020.04
279879000 1020.06
279880000 1019.96
279881000 1020.05
279882000 1020.08
279883000 1019.97
279884000 1019.84
279885000 1019.83
279886000 1019.82
279887000 1019.86
279888000 1019.81
279889000 1019.87
279890000 1019.75
279891000 1019.68
279892000 1019.66
279893000 1019.47
279894000 1019.37
279895000 1019.22
279896000 1019.28
279897000 1019.27
279898000 1019.12
279899000 1019.18
279900000 1019.06
279901000 1019.05
279902000 1019
279903000 1019.04
279904000 1019.09
279905000 1019.19
279906000 1019.25
279907000 1019.16
279908000 1019.11
279909000 1019.07
279910000 1019.11
279911000 1019.06
279912000 1019.08
279913000 1019.12
279914000 1019.09
279915000 1019.09
279916000 1019.05
279917000 1019.03
279918000 1019
279919000 1018.99
279920000 1018.93
279921000 1018.89
279922000 1018.79
279923000 1018.73
279924000 1018.62
279925000 1018.52
279926000 1018.47
279927000 1018.5
279928000 1018.5
279929000 1018.5
279930000 1018.6
279931000 1018.69
279932000 1018.84
279933000 1018.85
279934000 1018.9
279935000 1018.93
279936000 1018.9
279937000 1018.86
279938000 1018.78
279939000 1018.7
279940000 1018.7
279941000 1018.78
279942000 1018.71
279943000 1018.64
279944000 1018.56
279945000 1018.54
279946000 1018.48
279947000 1018.5
279948000 1018.49
279949000 1018.55
279950000 1018.53
279951000 1018.64
279952000 1018.77
279953000 1018.93
279954000 1019.02
279955000 1019.18
279956000 1019.3
279957000 1019.47
279958000 1019.45
279959000 1019.58
279960000 1019.72
279961000 1019.78
279962000 1019.76
279963000 1019.89
279964000 1020.02
279965000 1020.08
279966000 1020.02
279967000 1020.05
279968000 1020.11
279969000 1020.24
279970000 1020.29
279971000 1020.35
279972000 1020.32
279973000 1020.27
279974000 1020.3
279975000 1020.28
279976000 1020.38
279977000 1020.29
279978000 1020.31
279979000 1020.26
279980000 1020.35
279981000 1020.41
279982000 1020.44
279983000 1020.47
279984000 1020.49
279985000 1020.4
279986000 1020.42
279987000 1020.36
279988000 1020.38
279989000 1020.42
279990000 1020.46
279991000 1020.37
279992000 1020.28
279993000 1020.23
279994000 1020.19
279995000 1020.09
279996000 1020.1
279997000 1020.05
279998000 1020.01
279999000 1019.93
280000000 1019.8
280001000 1019.72
280002000 1019.64
280003000 1019.53
280004000 1019.42
280005000 1019.33
280006000 1019.29
280007000 1019.21
280008000 1019.07
280009000 1018.93
280010000 1018.79
280011000 1018.75
280012000 1018.64
280013000 1018.37
280014000 1018.21
280015000 1018.1
280016000 1017.92
280017000 1017.76
280018000 1017.6
280019000 1017.43
280020000 1017.24
280021000 1017.09
280022000 1016.97
280023000 1016.85
280024000 1016.74
280025000 1016.68
280026000 1016.6
280027000 1016.46
280028000 1016.29
280029000 1016.14
280030000 1016
280031000 1015.86
280032000 1015.74
280033000 1015.64
280034000 1015.54
280035000 1015.38
280036000 1015.3
280037000 1015.16
280038000 1015.04
280039000 1014.92
280040000 1014.73
280041000 1014.59
280042000 1014.5
280043000 1014.43
280044000 1014.3
280045000 1014.31
280046000 1014.15
280047000 1014.13
280048000 1014.05
280049000 1013.98
280050000 1013.86
280051000 1013.75
280052000 1013.62
280053000 1013.62
280054000 1013.57
280055000 1013.56
280056000 1013.51
280057000 1013.47
280058000 1013.38
280059000 1013.25
280060000 1013.26
280061000 1013.17
280062000 1013.13
280063000 1013.03
280064000 1013.02
280065000 1013
280066000 1012.96
280067000 1013.03
280068000 1013.05
280069000 1013.05
280070000 1013.02
280071000 1012.97
280072000 1013
280073000 1013.07
280074000 1013.07
280075000 1013.06
280076000 1013.09
280077000 1013.01
280078000 1013.04
280079000 1013.07
280080000 1013.02
280081000 1013.03
280082000 1012.95
280083000 1012.88
280084000 1012.87
280085000 1012.8
280086000 1012.72
280087000 1012.78
280088000 1012.84
280089000 1012.88
280090000 1012.86
280091000 1012.85
280092000 1012.86
280093000 1012.91
280094000 1012.94
280095000 1013.04
280096000 1013.1
280097000 1013.09
280098000 1012.99
280099000 1012.91
280100000 1012.88
280101000 1012.88
280102000 1012.84
280103000 1012.9
280104000 1012.9
280105000 1012.96
280106000 1013.02
280107000 1013.11
280108000 1013.15
280109000 1013.17
280110000 1013.16
280111000 1013.23
280112000 1013.25
280113000 1013.29
280114000 1013.3
280115000 1013.45
280116000 1013.56
280117000 1013.6
280118000 1013.8
280119000 1013.87
280120000 1013.94
280121000 1014.03
280122000 1014.15
280123000 1014.36
280124000 1014.53
280125000 1014.62
280126000 1014.77
280127000 1014.92
280128000 1014.99
280129000 1015.01
280130000 1015.15
280131000 1015.14
280132000 1015.13
280133000 1015.17
280134000 1015.21
280135000 1015.18
280136000 1015.2
280137000 1015.18
280138000 1015.21
280139000 1015.26
280140000 1015.41
280141000 1015.4
280142000 1015.36
280143000 1015.33
280144000 1015.32
280145000 1015.38
280146000 1015.46
280147000 1015.54
280148000 1015.51
280149000 1015.45
280150000 1015.45
280151000 1015.39
280152000 1015.42
280153000 1015.42
280154000 1015.45
280155000 1015.44
280156000 1015.5
280157000 1015.46
280158000 1015.48
280159000 1015.48
280160000 1015.48
280161000 1015.51
280162000 1015.49
280163000 1015.49
280164000 1015.51
280165000 1015.55
280166000 1015.61
280167000 1015.65
280168000 1015.68
280169000 1015.76
280170000 1015.73
280171000 1015.69
280172000 1015.68
280173000 1015.72
280174000 1015.65
280175000 1015.61
280176000 1015.59
280177000 1015.57
280178000 1015.6
280179000 1015.52
280180000 1015.68
280181000 1015.73
280182000 1015.79
280183000 1015.78
280184000 1015.74
280185000 1015.79
280186000 1015.82
280187000 1015.9
280188000 1015.94
280189000 1016.04
280190000 1016.07
280191000 1016.1
280192000 1016.04
280193000 1016.08
280194000 1016.07
280195000 1016.03
280196000 1016.01
280197000 1016.01
280198000 1015.98
280199000 1015.9
280200000 1015.95
280201000 1015.98
280202000 1015.95
280203000 1015.9
280204000 1015.86
280205000 1015.73
280206000 1015.61
280207000 1015.54
280208000 1015.53
280209000 1015.46
280210000 1015.4
280211000 1015.34
280212000 1015.3
280213000 1015.19
280214000 1015.17
280215000 1015.09
280216000 1015.02
280217000 1014.96
280218000 1014.97
280219000 1014.97
280220000 1014.95
280221000 1014.95
280222000 1014.93
280223000 1014.9
280224000 1014.84
280225000 1014.81
280226000 1014.71
280227000 1014.53
280228000 1014.45
280229000 1014.38
280230000 1014.29
280231000 1014.24
280232000 1014.24
280233000 1014.19
280234000 1014.2
280235000 1014.13
280236000 1014.17
280237000 1014.2
280238000 1014.1
280239000 1014.1
280240000 1014.05
280241000 1014.02
280242000 1013.95
280243000 1013.95
280244000 1014.01
280245000 1014
280246000 1013.95
280247000 1013.87
280248000 1013.8
280249000 1013.66
280250000 1013.62
280251000 1013.59
280252000 1013.62
280253000 1013.68
280254000 1013.58
280255000 1013.64
280256000 1013.59
280257000 1013.64
280258000 1013.57
280259000 1013.53
280260000 1013.54
280261000 1013.59
280262000 1013.61
280263000 1013.62
280264000 1013.69
280265000 1013.72
280266000 1013.81
280267000 1013.89
280268000 1013.95
280269000 1014
280270000 1013.99
280271000 1013.92
280272000 1013.89
280273000 1013.86
280274000 1014
280275000 1013.96
280276000 1013.95
280277000 1013.94
280278000 1013.96
280279000 1013.94
280280000 1013.94
280281000 1014.04
280282000 1014.07
280283000 1014.05
280284000 1014.02
280285000 1014.08
280286000 1014.16
280287000 1014.25
280288000 1014.26
280289000 1014.3
280290000 1014.34
280291000 1014.37
280292000 1014.36
280293000 1014.37
280294000 1014.35
280295000 1014.4
280296000 1014.51
280297000 1014.52
280298000 1014.58
280299000 1014.66
280300000 1014.79
280301000 1014.96
280302000 1015.08
280303000 1015.07
280304000 1015.14
280305000 1015.22
280306000 1015.23
280307000 1015.33
280308000 1015.46
280309000 1015.52
280310000 1015.6
280311000 1015.7
280312000 1015.79
280313000 1015.79
280314000 1015.84
280315000 1015.87
280316000 1015.99
280317000 1016.02
280318000 1016.01
280319000 1016.07
280320000 1016.07
280321000 1016.13
280322000 1016.13
280323000 1016.14
280324000 1016.17
280325000 1016.23
280326000 1016.35
280327000 1016.36
280328000 1016.38
280329000 1016.47
280330000 1016.52
280331000 1016.57
280332000 1016.62
280333000 1016.63
280334000 1016.68
280335000 1016.83
280336000 1016.9
280337000 1017
280338000 1017.1
280339000 1017.18
280340000 1017.3
280341000 1017.4
280342000 1017.5
280343000 1017.62
280344000 1017.63
280345000 1017.68
280346000 1017.69
280347000 1017.72
280348000 1017.89
280349000 1017.99
280350000 1018.08
280351000 1018.16
280352000 1018.2
280353000 1018.2
280354000 1018.31
280355000 1018.41
280356000 1018.53
280357000 1018.63
280358000 1018.72
280359000 1018.73
280360000 1018.78
280361000 1018.87
280362000 1018.95
280363000 1018.97
280364000 1019.09
280365000 1019.13
280366000 1019.18
280367000 1019.2
280368000 1019.33
280369000 1019.33
280370000 1019.38
280371000 1019.41
280372000 1019.41
280373000 1019.44
280374000 1019.49
280375000 1019.62
280376000 1019.65
280377000 1019.74
280378000 1019.82
280379000 1019.85
280380000 1019.89
280381000 1019.9
280382000 1019.84
280383000 1019.82
280384000 1019.74
280385000 1019.82
280386000 1019.83
280387000 1019.9
280388000 1019.93
280389000 1019.93
280390000 1019.95
280391000 1019.93
280392000 1019.93
280393000 1019.92
280394000 1019.98
280395000 1020.03
280396000 1020.12
280397000 1020.24
280398000 1020.29
280399000 1020.31
280400000 1020.31
280401000 1020.28
280402000 1020.23
280403000 1020.24
280404000 1020.22
280405000 1020.25
280406000 1020.22
280407000 1020.22
280408000 1020.3
280409000 1020.38
280410000 1020.43
280411000 1020.49
280412000 1020.48
280413000 1020.48
280414000 1020.48
280415000 1020.53
280416000 1020.55
280417000 1020.55
280418000 1020.57
280419000 1020.6
280420000 1020.66
280421000 1020.68
280422000 1020.72
280423000 1020.79
280424000 1020.78
280425000 1020.75
280426000 1020.69
280427000 1020.65
280428000 1020.68
280429000 1020.73
280430000 1020.82
280431000 1020.87
280432000 1020.83
280433000 1020.87
280434000 1020.89
280435000 1020.88
280436000 1020.89
280437000 1020.83
280438000 1020.79
280439000 1020.73
280440000 1020.73
280441000 1020.74
280442000 1020.75
280443000 1020.72
280444000 1020.72
280445000 1020.71
280446000 1020.74
280447000 1020.72
280448000 1020.7
280449000 1020.7
280450000 1020.74
280451000 1020.75
280452000 1020.79
280453000 1020.78
280454000 1020.84
280455000 1020.92
280456000 1021.06
280457000 1021.17
280458000 1021.27
280459000 1021.36
280460000 1021.42
280461000 1021.53
280462000 1021.62
280463000 1021.7
280464000 1021.85
280465000 1021.96
280466000 1022.03
280467000 1022.15
280468000 1022.26
280469000 1022.38
280470000 1022.5
280471000 1022.54
280472000 1022.57
280473000 1022.6
280474000 1022.65
280475000 1022.72
280476000 1022.75
280477000 1022.7
280478000 1022.75
280479000 1022.87
280480000 1022.95
280481000 1023.01
280482000 1023.05
280483000 1023.12
280484000 1023.16
280485000 1023.19
280486000 1023.21
280487000 1023.19
280488000 1023.23
280489000 1023.28
280490000 1023.35
280491000 1023.43
280492000 1023.46
280493000 1023.48
280494000 1023.53
280495000 1023.54
280496000 1023.57
280497000 1023.53
280498000 1023.5
280499000 1023.5
280500000 1023.42
280501000 1023.49
280502000 1023.5
280503000 1023.51
280504000 1023.56
280505000 1023.64
280506000 1023.68
280507000 1023.7
280508000 1023.74
280509000 1023.73
280510000 1023.7
280511000 1023.67
280512000 1023.7
280513000 1023.73
280514000 1023.59
280515000 1023.55
280516000 1023.48
280517000 1023.4
280518000 1023.32
280519000 1023.22
280520000 1023.1
280521000 1022.99
280522000 1022.96
280523000 1022.87
280524000 1022.88
280525000 1022.84
280526000 1022.8
280527000 1022.77
280528000 1022.79
280529000 1022.77
280530000 1022.82
280531000 1022.86
280532000 1022.87
280533000 1022.97
280534000 1022.98
280535000 1022.98
280536000 1022.95
280537000 1022.92
280538000 1022.95
280539000 1022.94
280540000 1022.98
280541000 1023.03
280542000 1023.02
280543000 1023.05
280544000 1023.08
280545000 1023.07
280546000 1023.08
280547000 1023.12
280548000 1023.18
280549000 1023.16
280550000 1023.19
280551000 1023.26
280552000 1023.21
280553000 1023.17
280554000 1023.16
280555000 1023.12
280556000 1023.11
280557000 1023.1
280558000 1023.05
280559000 1023.04
280560000 1023.06
280561000 1023
280562000 1022.98
280563000 1022.97
280564000 1022.94
280565000 1022.88
280566000 1022.83
280567000 1022.76
280568000 1022.77
280569000 1022.75
280570000 1022.75
280571000 1022.74
280572000 1022.76
280573000 1022.78
280574000 1022.72
280575000 1022.73
280576000 1022.75
280577000 1022.8
280578000 1022.81
280579000 1022.79
280580000 1022.72
280581000 1022.62
280582000 1022.58
280583000 1022.59
280584000 1022.62
280585000 1022.61
280586000 1022.65
280587000 1022.67
280588000 1022.69
280589000 1022.75
280590000 1022.8
280591000 1022.81
280592000 1022.84
280593000 1022.85
280594000 1022.89
280595000 1022.93
280596000 1022.94
280597000 1022.88
280598000 1022.88
280599000 1022.8
280600000 1022.77
280601000 1022.76
280602000 1022.81
280603000 1022.79
280604000 1022.74
280605000 1022.74
280606000 1022.64
280607000 1022.6
280608000 1022.56
280609000 1022.48
280610000 1022.46
280611000 1022.42
280612000 1022.43
280613000 1022.39
280614000 1022.34
280615000 1022.33
280616000 1022.35
280617000 1022.37
280618000 1022.37
280619000 1022.35
280620000 1022.36
280621000 1022.32
280622000 1022.29
280623000 1022.39
280624000 1022.43
280625000 1022.46
280626000 1022.5
280627000 1022.53
280628000 1022.58
280629000 1022.58
280630000 1022.56
280631000 1022.61
280632000 1022.59
280633000 1022.53
280634000 1022.52
280635000 1022.54
280636000 1022.5
280637000 1022.51
280638000 1022.56
280639000 1022.59
280640000 1022.67
280641000 1022.67
280642000 1022.73
280643000 1022.77
280644000 1022.73
280645000 1022.74
280646000 1022.72
280647000 1022.76
280648000 1022.81
280649000 1022.89
280650000 1022.97
280651000 1022.97
280652000 1022.97
280653000 1023.01
280654000 1023.03
280655000 1023.04
280656000 1023.02
280657000 1023.01
280658000 1022.92
280659000 1022.94
280660000 1022.94
280661000 1022.88
280662000 1022.88
280663000 1022.86
280664000 1022.83
280665000 1022.81
280666000 1022.77
280667000 1022.79
280668000 1022.81
280669000 1022.84
280670000 1022.75
280671000 1022.71
280672000 1022.65
280673000 1022.6
280674000 1022.56
280675000 1022.52
280676000 1022.47
280677000 1022.45
280678000 1022.46
280679000 1022.43
280680000 1022.41
280681000 1022.41
280682000 1022.46
280683000 1022.48
280684000 1022.48
280685000 1022.56
280686000 1022.55
280687000 1022.56
280688000 1022.57
280689000 1022.58
280690000 1022.6
280691000 1022.67
280692000 1022.67
280693000 1022.67
280694000 1022.62
280695000 1022.58
280696000 1022.62
280697000 1022.63
280698000 1022.61
280699000 1022.56
280700000 1022.51
280701000 1022.49
280702000 1022.42
280703000 1022.37
280704000 1022.28
280705000 1022.24
280706000 1022.21
280707000 1022.14
280708000 1022.11
280709000 1022.11
280710000 1022.1
280711000 1022.12
280712000 1022.09
280713000 1022.14
280714000 1022.19
280715000 1022.17
280716000 1022.19
280717000 1022.21
280718000 1022.21
280719000 1022.19
280720000 1022.19
280721000 1022.18
280722000 1022.15
280723000 1022.12
280724000 1022.19
280725000 1022.19
280726000 1022.16
280727000 1022.13
280728000 1022.11
280729000 1022.12
280730000 1022.13
280731000 1022.07
280732000 1022.05
280733000 1021.97
280734000 1021.98
280735000 1021.94
280736000 1021.95
280737000 1021.9
280738000 1021.86
280739000 1021.83
280740000 1021.82
280741000 1021.87
280742000 1021.93
280743000 1021.95
280744000 1021.98
280745000 1021.97
280746000 1021.98
280747000 1022
280748000 1021.96
280749000 1021.96
280750000 1021.93
280751000 1021.9
280752000 1021.87
280753000 1021.88
280754000 1021.89
280755000 1021.91
280756000 1021.89
280757000 1021.88
280758000 1021.89
280759000 1021.93
280760000 1021.97
280761000 1021.99
280762000 1022.02
280763000 1022.09
280764000 1022.11
280765000 1022.07
280766000 1022.08
280767000 1022.07
280768000 1022.07
280769000 1022.16
280770000 1022.18
280771000 1022.16
280772000 1022.12
280773000 1022.14
280774000 1022.24
280775000 1022.27
280776000 1022.31
280777000 1022.31
280778000 1022.33
280779000 1022.32
280780000 1022.27
280781000 1022.25
280782000 1022.2
280783000 1022.21
280784000 1022.26
280785000 1022.29
280786000 1022.25
280787000 1022.21
280788000 1022.14
280789000 1022.11
280790000 1022.08
280791000 1022.04
280792000 1022.1
280793000 1022.13
280794000 1022.08
280795000 1022.07
280796000 1022.1
280797000 1022.09
280798000 1022.12
280799000 1022.13
280800000 1022.13
280801000 1022.09
280802000 1022.02
280803000 1022.01
280804000 1021.98
280805000 1021.96
280806000 1021.9
280807000 1021.88
280808000 1021.87
280809000 1021.87
280810000 1021.84
280811000 1021.8
280812000 1021.81
280813000 1021.78
280814000 1021.74
280815000 1021.72
280816000 1021.7
280817000 1021.71
280818000 1021.75
280819000 1021.76
280820000 1021.8
280821000 1021.82
280822000 1021.83
280823000 1021.87
280824000 1021.91
280825000 1021.89
280826000 1021.85
280827000 1021.84
280828000 1021.81
280829000 1021.81
280830000 1021.74
280831000 1021.69
280832000 1021.64
280833000 1021.64
280834000 1021.66
280835000 1021.6
280836000 1021.55
280837000 1021.53
280838000 1021.49
280839000 1021.45
280840000 1021.44
280841000 1021.47
280842000 1021.45
280843000 1021.5
280844000 1021.51
280845000 1021.5
280846000 1021.5
280847000 1021.46
280848000 1021.37
280849000 1021.31
280850000 1021.27
280851000 1021.2
280852000 1021.13
280853000 1021.11
280854000 1021.1
280855000 1021.04
280856000 1021
280857000 1020.97
280858000 1020.96
280859000 1020.91
280860000 1020.84
280861000 1020.76
280862000 1020.76
280863000 1020.73
280864000 1020.71
280865000 1020.68
280866000 1020.63
280867000 1020.58
280868000 1020.54
280869000 1020.49
280870000 1020.43
280871000 1020.38
280872000 1020.33
280873000 1020.37
280874000 1020.32
280875000 1020.27
280876000 1020.25
280877000 1020.15
280878000 1020.11
280879000 1020.05
280880000 1019.98
280881000 1019.91
280882000 1019.81
280883000 1019.72
280884000 1019.65
280885000 1019.52
280886000 1019.41
280887000 1019.32
280888000 1019.24
280889000 1019.13
280890000 1019.04
280891000 1018.94
280892000 1018.83
280893000 1018.75
280894000 1018.7
280895000 1018.62
280896000 1018.56
280897000 1018.46
280898000 1018.41
280899000 1018.35
280900000 1018.3
280901000 1018.23
280902000 1018.15
280903000 1018.08
280904000 1017.98
280905000 1017.85
280906000 1017.74
280907000 1017.65
280908000 1017.58
280909000 1017.5
280910000 1017.46
280911000 1017.41
280912000 1017.36
280913000 1017.32
280914000 1017.24
280915000 1017.18
280916000 1017.09
280917000 1017.08
280918000 1017.02
280919000 1016.93
280920000 1016.96
280921000 1016.97
280922000 1016.94
280923000 1016.91
280924000 1016.88
280925000 1016.85
280926000 1016.83
280927000 1016.8
280928000 1016.78
280929000 1016.76
280930000 1016.7
280931000 1016.72
280932000 1016.66
280933000 1016.61
280934000 1016.57
280935000 1016.54
280936000 1016.5
280937000 1016.42
280938000 1016.36
280939000 1016.33
280940000 1016.26
280941000 1016.22
280942000 1016.21
280943000 1016.19
280944000 1016.18
280945000 1016.13
280946000 1016.07
280947000 1016.07
280948000 1016
280949000 1015.92
280950000 1015.84
280951000 1015.8
280952000 1015.69
280953000 1015.61
280954000 1015.55
280955000 1015.46
280956000 1015.42
280957000 1015.38
280958000 1015.34
280959000 1015.28
280960000 1015.29
280961000 1015.3
280962000 1015.31
280963000 1015.34
280964000 1015.29
280965000 1015.24
280966000 1015.19
280967000 1015.16
280968000 1015.14
280969000 1015.14
280970000 1015.1
280971000 1015.05
280972000 1014.98
280973000 1014.98
280974000 1014.98
280975000 1014.92
280976000 1014.88
280977000 1014.85
280978000 1014.81
280979000 1014.8
280980000 1014.79
280981000 1014.79
280982000 1014.82
280983000 1014.81
280984000 1014.8
280985000 1014.76
280986000 1014.77
280987000 1014.74
280988000 1014.71
280989000 1014.74
280990000 1014.74
280991000 1014.77
280992000 1014.82
280993000 1014.82
280994000 1014.82
280995000 1014.87
280996000 1014.85
280997000 1014.82
280998000 1014.82
280999000 1014.82
281000000 1014.82
281001000 1014.8
281002000 1014.84
281003000 1014.8
281004000 1014.73
281005000 1014.7
281006000 1014.66
281007000 1014.67
281008000 1014.67
281009000 1014.65
281010000 1014.67
281011000 1014.68
281012000 1014.65
281013000 1014.63
281014000 1014.63
281015000 1014.61
281016000 1014.56
281017000 1014.51
281018000 1014.49
281019000 1014.42
281020000 1014.39
281021000 1014.31
281022000 1014.24
281023000 1014.15
281024000 1014.07
281025000 1013.99
281026000 1013.95
281027000 1013.94
281028000 1013.89
281029000 1013.88
281030000 1013.85
281031000 1013.81
281032000 1013.79
281033000 1013.71
281034000 1013.64
281035000 1013.6
281036000 1013.48
281037000 1013.45
281038000 1013.37
281039000 1013.32
281040000 1013.28
281041000 1013.28
281042000 1013.24
281043000 1013.18
281044000 1013.05
281045000 1013
281046000 1012.95
281047000 1012.95
281048000 1012.92
281049000 1012.88
281050000 1012.84
281051000 1012.84
281052000 1012.82
281053000 1012.74
281054000 1012.73
281055000 1012.67
281056000 1012.63
281057000 1012.61
281058000 1012.57
281059000 1012.51
281060000 1012.53
281061000 1012.54
281062000 1012.57
281063000 1012.57
281064000 1012.55
281065000 1012.52
281066000 1012.49
281067000 1012.48
281068000 1012.46
281069000 1012.46
281070000 1012.42
281071000 1012.36
281072000 1012.34
281073000 1012.27
281074000 1012.2
281075000 1012.15
281076000 1012.12
281077000 1012.08
281078000 1012.04
281079000 1011.98
281080000 1011.94
281081000 1011.88
281082000 1011.87
281083000 1011.84
281084000 1011.81
281085000 1011.79
281086000 1011.79
281087000 1011.75
281088000 1011.74
281089000 1011.69
281090000 1011.63
281091000 1011.6
281092000 1011.54
281093000 1011.49
281094000 1011.38
281095000 1011.39
281096000 1011.41
281097000 1011.42
281098000 1011.38
281099000 1011.37
281100000 1011.35
281101000 1011.34
281102000 1011.34
281103000 1011.36
281104000 1011.35
281105000 1011.34
281106000 1011.34
281107000 1011.31
281108000 1011.29
281109000 1011.26
281110000 1011.21
281111000 1011.17
281112000 1011.16
281113000 1011.16
281114000 1011.1
281115000 1010.99
281116000 1010.93
281117000 1010.86
281118000 1010.84
281119000 1010.83
281120000 1010.81
281121000 1010.84
281122000 1010.8
281123000 1010.78
281124000 1010.78
281125000 1010.78
281126000 1010.76
281127000 1010.74
281128000 1010.73
281129000 1010.71
281130000 1010.69
281131000 1010.67
281132000 1010.58
281133000 1010.53
281134000 1010.51
281135000 1010.49
281136000 1010.44
281137000 1010.35
281138000 1010.28
281139000 1010.2
281140000 1010.16
281141000 1010.11
281142000 1010.07
281143000 1010.05
281144000 1010.07
281145000 1010.08
281146000 1010.07
281147000 1010.05
281148000 1010.08
281149000 1010.07
281150000 1010.03
281151000 1010.02
281152000 1010.02
281153000 1010.02
281154000 1010.02
281155000 1010
281156000 1009.97
281157000 1009.92
281158000 1009.87
281159000 1009.86
281160000 1009.84
281161000 1009.78
281162000 1009.75
281163000 1009.7
281164000 1009.7
281165000 1009.71
281166000 1009.71
281167000 1009.74
281168000 1009.73
281169000 1009.73
281170000 1009.72
281171000 1009.72
281172000 1009.78
281173000 1009.86
281174000 1009.93
281175000 1009.96
281176000 1009.98
281177000 1010.06
281178000 1010.13
281179000 1010.18
281180000 1010.23
281181000 1010.27
281182000 1010.32
281183000 1010.34
281184000 1010.37
281185000 1010.41
281186000 1010.46
281187000 1010.52
281188000 1010.54
281189000 1010.6
281190000 1010.63
281191000 1010.66
281192000 1010.71
281193000 1010.71
281194000 1010.75
281195000 1010.77
281196000 1010.77
281197000 1010.74
281198000 1010.73
281199000 1010.76
281200000 1010.75
281201000 1010.72
281202000 1010.76
281203000 1010.77
281204000 1010.8
281205000 1010.8
281206000 1010.77
281207000 1010.73
281208000 1010.76
281209000 1010.75
281210000 1010.76
281211000 1010.78
281212000 1010.79
281213000 1010.78
281214000 1010.75
281215000 1010.75
281216000 1010.72
281217000 1010.7
281218000 1010.69
281219000 1010.66
281220000 1010.62
281221000 1010.57
281222000 1010.54
281223000 1010.47
281224000 1010.44
281225000 1010.42
281226000 1010.44
281227000 1010.4
281228000 1010.32
281229000 1010.26
281230000 1010.24
281231000 1010.23
281232000 1010.2
281233000 1010.23
281234000 1010.27
281235000 1010.27
281236000 1010.27
281237000 1010.27
281238000 1010.27
281239000 1010.27
281240000 1010.24
281241000 1010.28
281242000 1010.34
281243000 1010.41
281244000 1010.41
281245000 1010.41
281246000 1010.41
281247000 1010.37
281248000 1010.38
281249000 1010.42
281250000 1010.47
281251000 1010.46
281252000 1010.49
281253000 1010.52
281254000 1010.53
281255000 1010.58
281256000 1010.63
281257000 1010.63
281258000 1010.6
281259000 1010.6
281260000 1010.59
281261000 1010.6
281262000 1010.61
281263000 1010.6
281264000 1010.58
281265000 1010.53
281266000 1010.53
281267000 1010.51
281268000 1010.47
281269000 1010.46
281270000 1010.41
281271000 1010.39
281272000 1010.39
281273000 1010.37
281274000 1010.34
281275000 1010.34
281276000 1010.34
281277000 1010.32
281278000 1010.3
281279000 1010.3
281280000 1010.25
281281000 1010.24
281282000 1010.22
281283000 1010.21
281284000 1010.2
281285000 1010.24
281286000 1010.23
281287000 1010.24
281288000 1010.21
281289000 1010.19
281290000 1010.21
281291000 1010.21
281292000 1010.18
281293000 1010.16
281294000 1010.2
281295000 1010.22
281296000 1010.2
281297000 1010.19
281298000 1010.17
281299000 1010.13
281300000 1010.12
281301000 1010.09
281302000 1010.08
281303000 1010.06
281304000 1010.01
281305000 1010.01
281306000 1010.02
281307000 1010.03
281308000 1010.06
281309000 1010.06
281310000 1010.12
281311000 1010.14
281312000 1010.14
281313000 1010.15
281314000 1010.18
281315000 1010.15
281316000 1010.2
281317000 1010.17
281318000 1010.16
281319000 1010.16
281320000 1010.16
281321000 1010.18
281322000 1010.19
281323000 1010.19
281324000 1010.18
281325000 1010.13
281326000 1010.12
281327000 1010.13
281328000 1010.18
281329000 1010.23
281330000 1010.27
281331000 1010.26
281332000 1010.25
281333000 1010.25
281334000 1010.24
281335000 1010.25
281336000 1010.21
281337000 1010.23
281338000 1010.25
281339000 1010.25
281340000 1010.27
281341000 1010.32
281342000 1010.39
281343000 1010.4
281344000 1010.42
281345000 1010.44
281346000 1010.44
281347000 1010.4
281348000 1010.35
281349000 1010.29
281350000 1010.25
281351000 1010.19
281352000 1010.15
281353000 1010.12
281354000 1010.03
281355000 1009.97
281356000 1009.91
281357000 1009.84
281358000 1009.77
281359000 1009.73
281360000 1009.66
281361000 1009.56
281362000 1009.52
281363000 1009.45
281364000 1009.4
281365000 1009.37
281366000 1009.32
281367000 1009.23
281368000 1009.18
281369000 1009.1
281370000 1009.03
281371000 1008.93
281372000 1008.86
281373000 1008.78
281374000 1008.71
281375000 1008.64
281376000 1008.58
281377000 1008.51
281378000 1008.45
281379000 1008.37
281380000 1008.34
281381000 1008.25
281382000 1008.2
281383000 1008.15
281384000 1008.06
281385000 1007.98
281386000 1007.92
281387000 1007.88
281388000 1007.84
281389000 1007.77
281390000 1007.72
281391000 1007.65
281392000 1007.65
281393000 1007.59
281394000 1007.59
281395000 1007.58
281396000 1007.54
281397000 1007.54
281398000 1007.57
281399000 1007.58
281400000 1007.55
281401000 1007.53
281402000 1007.5
281403000 1007.5
281404000 1007.48
281405000 1007.47
281406000 1007.45
281407000 1007.42
281408000 1007.36
281409000 1007.31
281410000 1007.26
281411000 1007.23
281412000 1007.17
281413000 1007.1
281414000 1007.05
281415000 1007.02
281416000 1006.95
281417000 1006.89
281418000 1006.82
281419000 1006.74
281420000 1006.65
281421000 1006.6
281422000 1006.53
281423000 1006.52
281424000 1006.53
281425000 1006.49
281426000 1006.48
281427000 1006.44
281428000 1006.4
281429000 1006.34
281430000 1006.26
281431000 1006.17
281432000 1006.08
281433000 1006
281434000 1005.93
281435000 1005.84
281436000 1005.76
281437000 1005.7
281438000 1005.59
281439000 1005.56
281440000 1005.45
281441000 1005.36
281442000 1005.3
281443000 1005.27
281444000 1005.2
281445000 1005.11
281446000 1005.06
281447000 1005.01
281448000 1004.97
281449000 1004.93
281450000 1004.9
281451000 1004.86
281452000 1004.84
281453000 1004.81
281454000 1004.8
281455000 1004.73
281456000 1004.69
281457000 1004.61
281458000 1004.53
281459000 1004.48
281460000 1004.39
281461000 1004.36
281462000 1004.3
281463000 1004.29
281464000 1004.23
281465000 1004.17
281466000 1004.14
281467000 1004.12
281468000 1004.13
281469000 1004.1
281470000 1004.09
281471000 1004.05
281472000 1003.98
281473000 1003.96
281474000 1003.93
281475000 1003.89
281476000 1003.86
281477000 1003.83
281478000 1003.8
281479000 1003.76
281480000 1003.73
281481000 1003.7
281482000 1003.68
281483000 1003.67
281484000 1003.62
281485000 1003.61
281486000 1003.6
281487000 1003.6
281488000 1003.56
281489000 1003.56
281490000 1003.57
281491000 1003.54
281492000 1003.52
281493000 1003.54
281494000 1003.47
281495000 1003.45
281496000 1003.41
281497000 1003.36
281498000 1003.28
281499000 1003.25
281500000 1003.16
281501000 1003.13
281502000 1003.1
281503000 1003.04
281504000 1003.01
281505000 1002.97
281506000 1002.92
281507000 1002.87
281508000 1002.89
281509000 1002.85
281510000 1002.82
281511000 1002.81
281512000 1002.79
281513000 1002.78
281514000 1002.75
281515000 1002.71
281516000 1002.67
281517000 1002.61
281518000 1002.59
281519000 1002.59
281520000 1002.56
281521000 1002.51
281522000 1002.48
281523000 1002.41
281524000 1002.39
281525000 1002.34
281526000 1002.28
281527000 1002.24
281528000 1002.15
281529000 1002.08
281530000 1002.01
281531000 1001.95
281532000 1001.9
281533000 1001.86
281534000 1001.81
281535000 1001.76
281536000 1001.74
281537000 1001.7
281538000 1001.67
281539000 1001.58
281540000 1001.55
281541000 1001.53
281542000 1001.51
281543000 1001.5
281544000 1001.51
281545000 1001.54
281546000 1001.55
281547000 1001.53
281548000 1001.49
281549000 1001.46
281550000 1001.42
281551000 1001.4
281552000 1001.34
281553000 1001.31
281554000 1001.29
281555000 1001.27
281556000 1001.24
281557000 1001.21
281558000 1001.19
281559000 1001.16
281560000 1001.17
281561000 1001.18
281562000 1001.19
281563000 1001.2
281564000 1001.16
281565000 1001.16
281566000 1001.12
281567000 1001.07
281568000 1001.07
281569000 1001.03
281570000 1001.01
281571000 1000.97
281572000 1000.93
281573000 1000.9
281574000 1000.88
281575000 1000.84
281576000 1000.8
281577000 1000.78
281578000 1000.73
281579000 1000.68
281580000 1000.62
281581000 1000.58
281582000 1000.52
281583000 1000.48
281584000 1000.42
281585000 1000.37
281586000 1000.25
281587000 1000.15
281588000 1000.1
281589000 1000.01
281590000 999.977
281591000 999.94
281592000 999.909
281593000 999.909
281594000 999.904
281595000 999.87
281596000 999.86
281597000 999.828
281598000 999.809
281599000 999.734
281600000 999.695
281601000 999.657
281602000 999.634
281603000 999.656
281604000 999.665
281605000 999.669
281606000 999.663
281607000 999.627
281608000 999.596
281609000 999.579
281610000 999.564
281611000 999.523
281612000 999.518
281613000 999.547
281614000 999.519
281615000 999.51
281616000 999.512
281617000 999.493
281618000 999.444
281619000 999.408
281620000 999.339
281621000 999.26
281622000 999.19
281623000 999.16
281624000 999.11
281625000 999.06
281626000 999.043
281627000 998.999
281628000 998.965
281629000 998.939
281630000 998.897
281631000 998.88
281632000 998.867
281633000 998.841
281634000 998.803
281635000 998.773
281636000 998.76
281637000 998.697
281638000 998.657
281639000 998.614
281640000 998.534
281641000 998.474
281642000 998.429
281643000 998.353
281644000 998.299
281645000 998.263
281646000 998.248
281647000 998.21
281648000 998.189
281649000 998.131
281650000 998.057
281651000 998.004
281652000 997.977
281653000 997.929
281654000 997.873
281655000 997.85
281656000 997.84
281657000 997.794
281658000 997.756
281659000 997.721
281660000 997.657
281661000 997.635
281662000 997.617
281663000 997.636
281664000 997.655
281665000 997.655
281666000 997.601
281667000 997.599
281668000 997.559
281669000 997.538
281670000 997.539
281671000 997.533
281672000 997.567
281673000 997.562
281674000 997.524
281675000 997.525
281676000 997.483
281677000 997.458
281678000 997.422
281679000 997.378
281680000 997.39
281681000 997.372
281682000 997.382
281683000 997.365
281684000 997.337
281685000 997.311
281686000 997.289
281687000 997.286
281688000 997.244
281689000 997.2
281690000 997.148
281691000 997.149
281692000 997.153
281693000 997.115
281694000 997.094
281695000 997.078
281696000 997.073
281697000 997.077
281698000 997.059
281699000 997.049
281700000 997.067
281701000 997.044
281702000 997.005
281703000 996.986
281704000 996.966
281705000 996.977
281706000 996.968
281707000 997.007
281708000 996.999
281709000 997
281710000 997.005
281711000 996.994
281712000 996.967
281713000 996.976
281714000 996.971
281715000 996.93
281716000 996.892
281717000 996.86
281718000 996.857
281719000 996.87
281720000 996.84
281721000 996.859
281722000 996.862
281723000 996.859
281724000 996.887
281725000 996.881
281726000 996.903
281727000 996.89
281728000 996.886
281729000 996.905
281730000 996.904
281731000 996.945
281732000 996.93
281733000 996.918
281734000 996.919
281735000 996.971
281736000 996.975
281737000 997.019
281738000 997.039
281739000 997.108
281740000 997.194
281741000 997.253
281742000 997.317
281743000 997.414
281744000 997.494
281745000 997.512
281746000 997.546
281747000 997.583
281748000 997.625
281749000 997.618
281750000 997.636
281751000 997.659
281752000 997.679
281753000 997.668
281754000 997.666
281755000 997.693
281756000 997.686
281757000 997.641
281758000 997.638
281759000 997.629
281760000 997.615
281761000 997.613
281762000 997.562
281763000 997.537
281764000 997.502
281765000 997.466
281766000 997.444
281767000 997.41
281768000 997.388
281769000 997.346
281770000 997.335
281771000 997.349
281772000 997.374
281773000 997.373
281774000 997.411
281775000 997.405
281776000 997.435
281777000 997.455
281778000 997.464
281779000 997.486
281780000 997.481
281781000 997.47
281782000 997.486
281783000 997.475
281784000 997.474
281785000 997.447
281786000 997.393
281787000 997.359
281788000 997.336
281789000 997.324
281790000 997.308
281791000 997.306
281792000 997.315
281793000 997.303
281794000 997.264
281795000 997.243
281796000 997.241
281797000 997.246
281798000 997.235
281799000 997.231
281800000 997.274
281801000 997.29
281802000 997.279
281803000 997.302
281804000 997.267
281805000 997.227
281806000 997.161
281807000 997.13
281808000 997.108
281809000 997.076
281810000 997.076
281811000 997.018
281812000 996.971
281813000 996.896
281814000 996.833
281815000 996.777
281816000 996.7
281817000 996.615
281818000 996.543
281819000 996.493
281820000 996.465
281821000 996.42
281822000 996.356
281823000 996.308
281824000 996.293
281825000 996.267
281826000 996.262
281827000 996.206
281828000 996.188
281829000 996.138
281830000 996.092
281831000 996.063
281832000 996.01
281833000 995.96
281834000 995.889
281835000 995.859
281836000 995.834
281837000 995.782
281838000 995.786
281839000 995.747
281840000 995.705
281841000 995.697
281842000 995.662
281843000 995.597
281844000 995.577
281845000 995.554
281846000 995.525
281847000 995.503
281848000 995.479
281849000 995.449
281850000 995.424
281851000 995.413
281852000 995.385
281853000 995.354
281854000 995.351
281855000 995.337
281856000 995.336
281857000 995.347
281858000 995.381
281859000 995.392
281860000 995.389
281861000 995.4
281862000 995.364
281863000 995.342
281864000 995.327
281865000 995.308
281866000 995.271
281867000 995.256
281868000 995.249
281869000 995.216
281870000 995.193
281871000 995.153
281872000 995.147
281873000 995.163
281874000 995.148
281875000 995.124
281876000 995.14
281877000 995.165
281878000 995.199
281879000 995.234
281880000 995.263
281881000 995.264
281882000 995.277
281883000 995.286
281884000 995.287
281885000 995.285
281886000 995.242
281887000 995.262
281888000 995.279
281889000 995.305
281890000 995.304
281891000 995.334
281892000 995.353
281893000 995.338
281894000 995.353
281895000 995.361
281896000 995.41
281897000 995.451
281898000 995.432
281899000 995.439
281900000 995.445
281901000 995.447
281902000 995.45
281903000 995.431
281904000 995.425
281905000 995.436
281906000 995.445
281907000 995.414
281908000 995.36
281909000 995.345
281910000 995.337
281911000 995.347
281912000 995.327
281913000 995.317
281914000 995.326
281915000 995.307
281916000 995.327
281917000 995.383
281918000 995.43
281919000 995.436
281920000 995.463
281921000 995.497
281922000 995.55
281923000 995.558
281924000 995.562
281925000 995.559
281926000 995.584
281927000 995.582
281928000 995.613
281929000 995.624
281930000 995.642
281931000 995.609
281932000 995.601
281933000 995.587
281934000 995.562
281935000 995.561
281936000 995.529
281937000 995.534
281938000 995.58
281939000 995.594
281940000 995.646
281941000 995.677
281942000 995.698
281943000 995.69
281944000 995.696
281945000 995.711
281946000 995.684
281947000 995.684
281948000 995.702
281949000 995.724
281950000 995.75
281951000 995.746
281952000 995.773
281953000 995.805
281954000 995.791
281955000 995.818
281956000 995.826
281957000 995.854
281958000 995.857
281959000 995.864
281960000 995.84
281961000 995.827
281962000 995.821
281963000 995.838
281964000 995.788
281965000 995.764
281966000 995.752
281967000 995.757
281968000 995.792
281969000 995.794
281970000 995.795
281971000 995.799
281972000 995.815
281973000 995.831
281974000 995.87
281975000 995.9
281976000 995.91
281977000 995.941
281978000 995.994
281979000 995.997
281980000 996.014
281981000 996.039
281982000 996.065
281983000 996.038
281984000 996.069
281985000 996.122
281986000 996.166
281987000 996.204
281988000 996.226
281989000 996.258
281990000 996.273
281991000 996.293
281992000 996.319
281993000 996.344
281994000 996.372
281995000 996.371
281996000 996.419
281997000 996.459
281998000 996.503
281999000 996.532
282000000 996.539
282001000 996.535
282002000 996.527
282003000 996.524
282004000 996.545
282005000 996.538
282006000 996.517
282007000 996.508
282008000 996.512
282009000 996.535
282010000 996.571
282011000 996.604
282012000 996.605
282013000 996.596
282014000 996.606
282015000 996.644
282016000 996.657
282017000 996.67
282018000 996.707
282019000 996.719
282020000 996.773
282021000 996.786
282022000 996.811
282023000 996.834
282024000 996.865
282025000 996.902
282026000 996.952
282027000 996.993
282028000 997.006
282029000 997.043
282030000 997.09
282031000 997.115
282032000 997.112
282033000 997.158
282034000 997.197
282035000 997.227
282036000 997.244
282037000 997.246
282038000 997.272
282039000 997.254
282040000 997.266
282041000 997.266
282042000 997.275
282043000 997.284
282044000 997.296
282045000 997.306
282046000 997.349
282047000 997.381
282048000 997.417
282049000 997.424
282050000 997.441
282051000 997.456
282052000 997.445
282053000 997.454
282054000 997.434
282055000 997.418
282056000 997.433
282057000 997.442
282058000 997.435
282059000 997.424
282060000 997.435
282061000 997.441
282062000 997.476
282063000 997.46
282064000 997.462
282065000 997.417
282066000 997.366
282067000 997.354
282068000 997.303
282069000 997.306
282070000 997.304
282071000 997.305
282072000 997.288
282073000 997.278
282074000 997.233
282075000 997.171
282076000 997.126
282077000 997.133
282078000 997.144
282079000 997.158
282080000 997.176
282081000 997.191
282082000 997.17
282083000 997.152
282084000 997.166
282085000 997.143
282086000 997.113
282087000 997.083
282088000 997.053
282089000 997.036
282090000 997.002
282091000 996.972
282092000 996.966
282093000 996.958
282094000 996.97
282095000 996.987
282096000 996.962
282097000 996.971
282098000 996.958
282099000 996.959
282100000 996.935
282101000 996.91
282102000 996.865
282103000 996.814
282104000 996.803
282105000 996.752
282106000 996.701
282107000 996.694
282108000 996.687
282109000 996.69
282110000 996.672
282111000 996.663
282112000 996.671
282113000 996.665
282114000 996.626
282115000 996.592
282116000 996.54
282117000 996.502
282118000 996.471
282119000 996.455
282120000 996.438
282121000 996.41
282122000 996.397
282123000 996.384
282124000 996.338
282125000 996.348
282126000 996.338
282127000 996.329
282128000 996.316
282129000 996.302
282130000 996.329
282131000 996.36
282132000 996.349
282133000 996.331
282134000 996.323
282135000 996.316
282136000 996.296
282137000 996.302
282138000 996.332
282139000 996.346
282140000 996.345
282141000 996.333
282142000 996.321
282143000 996.349
282144000 996.336
282145000 996.348
282146000 996.359
282147000 996.352
282148000 996.353
282149000 996.359
282150000 996.377
282151000 996.388
282152000 996.439
282153000 996.461
282154000 996.497
282155000 996.54
282156000 996.583
282157000 996.62
282158000 996.651
282159000 996.683
282160000 996.72
282161000 996.716
282162000 996.738
282163000 996.768
282164000 996.809
282165000 996.822
282166000 996.864
282167000 996.92
282168000 996.969
282169000 996.978
282170000 997.01
282171000 997.024
282172000 997.063
282173000 997.062
282174000 997.08
282175000 997.115
282176000 997.148
282177000 997.162
282178000 997.185
282179000 997.204
282180000 997.236
282181000 997.269
282182000 997.282
282183000 997.319
282184000 997.37
282185000 997.372
282186000 997.4
282187000 997.435
282188000 997.463
282189000 997.495
282190000 997.499
282191000 997.521
282192000 997.499
282193000 997.515
282194000 997.522
282195000 997.513
282196000 997.492
282197000 997.535
282198000 997.524
282199000 997.55
282200000 997.545
282201000 997.57
282202000 997.587
282203000 997.613
282204000 997.636
282205000 997.65
282206000 997.657
282207000 997.657
282208000 997.668
282209000 997.674
282210000 997.706
282211000 997.707
282212000 997.727
282213000 997.741
282214000 997.773
282215000 997.795
282216000 997.84
282217000 997.843
282218000 997.847
282219000 997.871
282220000 997.9
282221000 997.933
282222000 997.931
282223000 997.946
282224000 997.956
282225000 997.977
282226000 997.969
282227000 997.97
282228000 997.971
282229000 997.968
282230000 997.975
282231000 997.996
282232000 998.005
282233000 998.02
282234000 998.046
282235000 998.042
282236000 998.04
282237000 998.026
282238000 998.032
282239000 998.025
282240000 998.064
282241000 998.08
282242000 998.11
282243000 998.156
282244000 998.194
282245000 998.227
282246000 998.261
282247000 998.278
282248000 998.299
282249000 998.307
282250000 998.338
282251000 998.366
282252000 998.378
282253000 998.426
282254000 998.447
282255000 998.464
282256000 998.47
282257000 998.476
282258000 998.468
282259000 998.495
282260000 998.535
282261000 998.576
282262000 998.599
282263000 998.604
282264000 998.613
282265000 998.622
282266000 998.61
282267000 998.609
282268000 998.602
282269000 998.591
282270000 998.556
282271000 998.564
282272000 998.519
282273000 998.503
282274000 998.499
282275000 998.481
282276000 998.496
282277000 998.478
282278000 998.481
282279000 998.466
282280000 998.482
282281000 998.503
282282000 998.542
282283000 998.548
282284000 998.551
282285000 998.586
282286000 998.562
282287000 998.559
282288000 998.551
282289000 998.565
282290000 998.54
282291000 998.546
282292000 998.537
282293000 998.532
282294000 998.529
282295000 998.552
282296000 998.568
282297000 998.576
282298000 998.573
282299000 998.572
282300000 998.559
282301000 998.564
282302000 998.567
282303000 998.572
282304000 998.609
282305000 998.601
282306000 998.583
282307000 998.567
282308000 998.558
282309000 998.569
282310000 998.528
282311000 998.507
282312000 998.515
282313000 998.509
282314000 998.496
282315000 998.462
282316000 998.47
282317000 998.457
282318000 998.47
282319000 998.436
282320000 998.387
282321000 998.324
282322000 998.287
282323000 998.271
282324000 998.28
282325000 998.271
282326000 998.256
282327000 998.241
282328000 998.241
282329000 998.255
282330000 998.25
282331000 998.238
282332000 998.222
282333000 998.221
282334000 998.225
282335000 998.231
282336000 998.245
282337000 998.24
282338000 998.248
282339000 998.238
282340000 998.211
282341000 998.181
282342000 998.168
282343000 998.159
282344000 998.161
282345000 998.159
282346000 998.142
282347000 998.135
282348000 998.111
282349000 998.056
282350000 998.027
282351000 998.032
282352000 998.031
282353000 998.019
282354000 998.026
282355000 997.991
282356000 997.958
282357000 997.944
282358000 997.948
282359000 997.959
282360000 997.968
282361000 997.967
282362000 997.988
282363000 997.995
282364000 998.02
282365000 998.011
282366000 998
282367000 997.998
282368000 997.996
282369000 998.029
282370000 998.043
282371000 998.064
282372000 998.08
282373000 998.091
282374000 998.104
282375000 998.107
282376000 998.113
282377000 998.119
282378000 998.128
282379000 998.155
282380000 998.165
282381000 998.166
282382000 998.161
282383000 998.146
282384000 998.17
282385000 998.173
282386000 998.182
282387000 998.177
282388000 998.177
282389000 998.146
282390000 998.109
282391000 998.068
282392000 998.046
282393000 998.026
282394000 997.992
282395000 997.953
282396000 997.897
282397000 997.864
282398000 997.847
282399000 997.841
282400000 997.803
282401000 997.792
282402000 997.763
282403000 997.748
282404000 997.736
282405000 997.74
282406000 997.748
282407000 997.749
282408000 997.708
282409000 997.723
282410000 997.706
282411000 997.697
282412000 997.715
282413000 997.693
282414000 997.696
282415000 997.693
282416000 997.665
282417000 997.704
282418000 997.751
282419000 997.795
282420000 997.808
282421000 997.784
282422000 997.779
282423000 997.763
282424000 997.745
282425000 997.747
282426000 997.778
282427000 997.817
282428000 997.801
282429000 997.801
282430000 997.8
282431000 997.798
282432000 997.77
282433000 997.77
282434000 997.797
282435000 997.782
282436000 997.764
282437000 997.743
282438000 997.732
282439000 997.731
282440000 997.718
282441000 997.702
282442000 997.693
282443000 997.675
282444000 997.657
282445000 997.618
282446000 997.602
282447000 997.59
282448000 997.57
282449000 997.568
282450000 997.594
282451000 997.576
282452000 997.586
282453000 997.578
282454000 997.593
282455000 997.568
282456000 997.538
282457000 997.518
282458000 997.508
282459000 997.501
282460000 997.499
282461000 997.501
282462000 997.514
282463000 997.51
282464000 997.47
282465000 997.492
282466000 997.481
282467000 997.474
282468000 997.482
282469000 997.462
282470000 997.455
282471000 997.451
282472000 997.463
282473000 997.49
282474000 997.475
282475000 997.462
282476000 997.448
282477000 997.44
282478000 997.449
282479000 997.458
282480000 997.499
282481000 997.499
282482000 997.51
282483000 997.525
282484000 997.539
282485000 997.553
282486000 997.564
282487000 997.586
282488000 997.626
282489000 997.671
282490000 997.693
282491000 997.707
282492000 997.718
282493000 997.73
282494000 997.735
282495000 997.739
282496000 997.727
282497000 997.708
282498000 997.672
282499000 997.641
282500000 997.642
282501000 997.616
282502000 997.598
282503000 997.562
282504000 997.567
282505000 997.537
282506000 997.519
282507000 997.491
282508000 997.505
282509000 997.536
282510000 997.518
282511000 997.523
282512000 997.522
282513000 997.541
282514000 997.557
282515000 997.58
282516000 997.575
282517000 997.579
282518000 997.553
282519000 997.543
282520000 997.542
282521000 997.534
282522000 997.519
282523000 997.513
282524000 997.501
282525000 997.51
282526000 997.502
282527000 997.51
282528000 997.5
282529000 997.487
282530000 997.485
282531000 997.481
282532000 997.481
282533000 997.486
282534000 997.48
282535000 997.455
282536000 997.453
282537000 997.439
282538000 997.421
282539000 997.398
282540000 997.376
282541000 997.377
282542000 997.348
282543000 997.355
282544000 997.346
282545000 997.356
282546000 997.357
282547000 997.351
282548000 997.355
282549000 997.371
282550000 997.34
282551000 997.345
282552000 997.344
282553000 997.347
282554000 997.386
282555000 997.371
282556000 997.351
282557000 997.353
282558000 997.395
282559000 997.414
282560000 997.403
282561000 997.421
282562000 997.446
282563000 997.454
282564000 997.459
282565000 997.504
282566000 997.546
282567000 997.566
282568000 997.575
282569000 997.58
282570000 997.604
282571000 997.621
282572000 997.625
282573000 997.645
282574000 997.657
282575000 997.664
282576000 997.677
282577000 997.654
282578000 997.626
282579000 997.604
282580000 997.616
282581000 997.614
282582000 997.624
282583000 997.623
282584000 997.615
282585000 997.636
282586000 997.622
282587000 997.602
282588000 997.588
282589000 997.566
282590000 997.573
282591000 997.541
282592000 997.516
282593000 997.507
282594000 997.48
282595000 997.46
282596000 997.468
282597000 997.428
282598000 997.407
282599000 997.389
282600000 997.372
282601000 997.364
282602000 997.369
282603000 997.364
282604000 997.357
282605000 997.333
282606000 997.303
282607000 997.31
282608000 997.281
282609000 997.272
282610000 997.262
282611000 997.228
282612000 997.192
282613000 997.172
282614000 997.14
282615000 997.1
282616000 997.07
282617000 997.059
282618000 997.001
282619000 996.988
282620000 996.947
282621000 996.94
282622000 996.908
282623000 996.859
282624000 996.837
282625000 996.797
282626000 996.791
282627000 996.774
282628000 996.767
282629000 996.787
282630000 996.79
282631000 996.804
282632000 996.807
282633000 996.8
282634000 996.823
282635000 996.862
282636000 996.875
282637000 996.919
282638000 996.946
282639000 996.936
282640000 996.96
282641000 996.998
282642000 997.021
282643000 997.058
282644000 997.072
282645000 997.087
282646000 997.097
282647000 997.114
282648000 997.137
282649000 997.155
282650000 997.172
282651000 997.197
282652000 997.211
282653000 997.231
282654000 997.24
282655000 997.261
282656000 997.295
282657000 997.326
282658000 997.333
282659000 997.348
282660000 997.359
282661000 997.361
282662000 997.373
282663000 997.369
282664000 997.372
282665000 997.372
282666000 997.347
282667000 997.354
282668000 997.368
282669000 997.401
282670000 997.449
282671000 997.479
282672000 997.505
282673000 997.498
282674000 997.507
282675000 997.5
282676000 997.505
282677000 997.469
282678000 997.491
282679000 997.472
282680000 997.482
282681000 997.475
282682000 997.473
282683000 997.492
282684000 997.489
282685000 997.485
282686000 997.467
282687000 997.447
282688000 997.453
282689000 997.432
282690000 997.44
282691000 997.41
282692000 997.393
282693000 997.355
282694000 997.34
282695000 997.363
282696000 997.335
282697000 997.322
282698000 997.305
282699000 997.28
282700000 997.264
282701000 997.242
282702000 997.207
282703000 997.162
282704000 997.115
282705000 997.114
282706000 997.124
282707000 997.136
282708000 997.166
282709000 997.172
282710000 997.162
282711000 997.196
282712000 997.233
282713000 997.285
282714000 997.308
282715000 997.33
282716000 997.301
282717000 997.322
282718000 997.336
282719000 997.345
282720000 997.35
282721000 997.361
282722000 997.366
282723000 997.382
282724000 997.403
282725000 997.402
282726000 997.43
282727000 997.458
282728000 997.474
282729000 997.484
282730000 997.49
282731000 997.498
282732000 997.499
282733000 997.511
282734000 997.497
282735000 997.49
282736000 997.485
282737000 997.479
282738000 997.467
282739000 997.45
282740000 997.46
282741000 997.483
282742000 997.504
282743000 997.506
282744000 997.533
282745000 997.514
282746000 997.489
282747000 997.497
282748000 997.504
282749000 997.529
282750000 997.567
282751000 997.568
282752000 997.567
282753000 997.584
282754000 997.618
282755000 997.617
282756000 997.631
282757000 997.644
282758000 997.639
282759000 997.653
282760000 997.653
282761000 997.662
282762000 997.654
282763000 997.64
282764000 997.615
282765000 997.619
282766000 997.589
282767000 997.555
282768000 997.533
282769000 997.534
282770000 997.516
282771000 997.517
282772000 997.521
282773000 997.52
282774000 997.545
282775000 997.555
282776000 997.561
282777000 997.562
282778000 997.544
282779000 997.531
282780000 997.527
282781000 997.536
282782000 997.529
282783000 997.493
282784000 997.461
282785000 997.469
282786000 997.448
282787000 997.432
282788000 997.444
282789000 997.43
282790000 997.441
282791000 997.431
282792000 997.447
282793000 997.449
282794000 997.469
282795000 997.474
282796000 997.481
282797000 997.497
282798000 997.532
282799000 997.558
282800000 997.549
282801000 997.541
282802000 997.517
282803000 997.513
282804000 997.507
282805000 997.499
282806000 997.479
282807000 997.466
282808000 997.455
282809000 997.466
282810000 997.449
282811000 997.448
282812000 997.456
282813000 997.462
282814000 997.475
282815000 997.466
282816000 997.484
282817000 997.486
282818000 997.499
282819000 997.534
282820000 997.56
282821000 997.551
282822000 997.563
282823000 997.565
282824000 997.561
282825000 997.564
282826000 997.562
282827000 997.579
282828000 997.597
282829000 997.626
282830000 997.628
282831000 997.634
282832000 997.634
282833000 997.617
282834000 997.606
282835000 997.584
282836000 997.577
282837000 997.599
282838000 997.606
282839000 997.626
282840000 997.648
282841000 997.648
282842000 997.672
282843000 997.659
282844000 997.646
282845000 997.636
282846000 997.629
282847000 997.627
282848000 997.609
282849000 997.583
282850000 997.551
282851000 997.531
282852000 997.494
282853000 997.464
282854000 997.42
282855000 997.4
282856000 997.36
282857000 997.323
282858000 997.296
282859000 997.291
282860000 997.268
282861000 997.229
282862000 997.202
282863000 997.175
282864000 997.145
282865000 997.133
282866000 997.119
282867000 997.102
282868000 997.107
282869000 997.099
282870000 997.096
282871000 997.115
282872000 997.101
282873000 997.097
282874000 997.114
282875000 997.11
282876000 997.089
282877000 997.089
282878000 997.088
282879000 997.1
282880000 997.112
282881000 997.119
282882000 997.115
282883000 997.093
282884000 997.09
282885000 997.087
282886000 997.075
282887000 997.061
282888000 997.055
282889000 997.047
282890000 997.044
282891000 997.052
282892000 997.058
282893000 997.054
282894000 997.023
282895000 997.004
282896000 997.015
282897000 997.032
282898000 997.017
282899000 997.014
282900000 997.023
282901000 997.031
282902000 997.015
282903000 996.988
282904000 996.993
282905000 997
282906000 996.998
282907000 996.996
282908000 996.996
282909000 997.016
282910000 997.025
282911000 997.031
282912000 997.01
282913000 997.01
282914000 996.977
282915000 996.966
282916000 996.92
282917000 996.91
282918000 996.893
282919000 996.902
282920000 996.896
282921000 996.879
282922000 996.896
282923000 996.895
282924000 996.9
282925000 996.893
282926000 996.904
282927000 996.905
282928000 996.9
282929000 996.894
282930000 996.891
282931000 996.865
282932000 996.832
282933000 996.804
282934000 996.792
282935000 996.783
282936000 996.769
282937000 996.761
282938000 996.765
282939000 996.748
282940000 996.728
282941000 996.727
282942000 996.708
282943000 996.71
282944000 996.699
282945000 996.703
282946000 996.712
282947000 996.724
282948000 996.725
282949000 996.7
282950000 996.726
282951000 996.731
282952000 996.742
282953000 996.744
282954000 996.735
282955000 996.724
282956000 996.719
282957000 996.686
282958000 996.67
282959000 996.641
282960000 996.644
282961000 996.635
282962000 996.613
282963000 996.631
282964000 996.626
282965000 996.603
282966000 996.586
282967000 996.601
282968000 996.598
282969000 996.581
282970000 996.579
282971000 996.57
282972000 996.58
282973000 996.567
282974000 996.56
282975000 996.551
282976000 996.541
282977000 996.531
282978000 996.52
282979000 996.511
282980000 996.521
282981000 996.525
282982000 996.504
282983000 996.493
282984000 996.497
282985000 996.497
282986000 996.508
282987000 996.53
282988000 996.534
282989000 996.503
282990000 996.504
282991000 996.506
282992000 996.474
282993000 996.446
282994000 996.439
282995000 996.416
282996000 996.383
282997000 996.345
282998000 996.322
282999000 996.312
283000000 996.281
283001000 996.241
283002000 996.202
283003000 996.181
283004000 996.14
283005000 996.107
283006000 996.065
283007000 996.04
283008000 995.999
283009000 995.989
283010000 995.969
283011000 995.94
283012000 995.929
283013000 995.937
283014000 995.927
283015000 995.907
283016000 995.883
283017000 995.889
283018000 995.854
283019000 995.846
283020000 995.815
283021000 995.802
283022000 995.783
283023000 995.761
283024000 995.754
283025000 995.74
283026000 995.732
283027000 995.7
283028000 995.691
283029000 995.677
283030000 995.666
283031000 995.666
283032000 995.664
283033000 995.687
283034000 995.693
283035000 995.694
283036000 995.711
283037000 995.723
283038000 995.728
283039000 995.731
283040000 995.745
283041000 995.776
283042000 995.807
283043000 995.851
283044000 995.871
283045000 995.889
283046000 995.936
283047000 995.971
283048000 996.012
283049000 996.037
283050000 996.054
283051000 996.077
283052000 996.077
283053000 996.093
283054000 996.126
283055000 996.122
283056000 996.124
283057000 996.122
283058000 996.092
283059000 996.063
283060000 996.069
283061000 996.024
283062000 996.01
283063000 996.009
283064000 996.002
283065000 996.003
283066000 995.977
283067000 995.973
283068000 995.964
283069000 995.922
283070000 995.896
283071000 995.863
283072000 995.833
283073000 995.787
283074000 995.765
283075000 995.755
283076000 995.743
283077000 995.719
283078000 995.685
283079000 995.664
283080000 995.649
283081000 995.631
283082000 995.603
283083000 995.561
283084000 995.511
283085000 995.513
283086000 995.506
283087000 995.509
283088000 995.483
283089000 995.45
283090000 995.418
283091000 995.396
283092000 995.373
283093000 995.348
283094000 995.324
283095000 995.291
283096000 995.234
283097000 995.221
283098000 995.189
283099000 995.15
283100000 995.122
283101000 995.063
283102000 995.006
283103000 994.964
283104000 994.92
283105000 994.907
283106000 994.879
283107000 994.834
283108000 994.812
283109000 994.801
283110000 994.79
283111000 994.76
283112000 994.717
283113000 994.692
283114000 994.675
283115000 994.665
283116000 994.639
283117000 994.607
283118000 994.611
283119000 994.582
283120000 994.567
283121000 994.547
283122000 994.516
283123000 994.504
283124000 994.478
283125000 994.458
283126000 994.448
283127000 994.439
283128000 994.437
283129000 994.422
283130000 994.406
283131000 994.39
283132000 994.374
283133000 994.365
283134000 994.355
283135000 994.371
283136000 994.37
283137000 994.338
283138000 994.341
283139000 994.357
283140000 994.377
283141000 994.403
283142000 994.405
283143000 994.407
283144000 994.399
283145000 994.392
283146000 994.38
283147000 994.399
283148000 994.402
283149000 994.406
283150000 994.4
283151000 994.388
283152000 994.399
283153000 994.406
283154000 994.411
283155000 994.422
283156000 994.427
283157000 994.449
283158000 994.483
283159000 994.511
283160000 994.53
283161000 994.55
283162000 994.564
283163000 994.571
283164000 994.553
283165000 994.555
283166000 994.53
283167000 994.537
283168000 994.538
283169000 994.543
283170000 994.546
283171000 994.564
283172000 994.583
283173000 994.582
283174000 994.585
283175000 994.569
283176000 994.561
283177000 994.552
283178000 994.547
283179000 994.539
283180000 994.545
283181000 994.554
283182000 994.563
283183000 994.568
283184000 994.567
283185000 994.573
283186000 994.575
283187000 994.575
283188000 994.591
283189000 994.593
283190000 994.602
283191000 994.62
283192000 994.648
283193000 994.655
283194000 994.682
283195000 994.682
283196000 994.691
283197000 994.706
283198000 994.714
283199000 994.75
283200000 994.751
283201000 994.724
283202000 994.726
283203000 994.714
283204000 994.736
283205000 994.753
283206000 994.806
283207000 994.825
283208000 994.821
283209000 994.84
283210000 994.87
283211000 994.895
283212000 994.917
283213000 994.944
283214000 994.957
283215000 994.969
283216000 994.988
283217000 994.981
283218000 994.958
283219000 994.969
283220000 994.987
283221000 995.019
283222000 995.045
283223000 995.072
283224000 995.063
283225000 995.083
283226000 995.096
283227000 995.117
283228000 995.116
283229000 995.113
283230000 995.118
283231000 995.095
283232000 995.105
283233000 995.111
283234000 995.119
283235000 995.105
283236000 995.118
283237000 995.129
283238000 995.146
283239000 995.138
283240000 995.134
283241000 995.149
283242000 995.178
283243000 995.188
283244000 995.192
283245000 995.202
283246000 995.228
283247000 995.258
283248000 995.285
283249000 995.292
283250000 995.321
283251000 995.345
283252000 995.344
283253000 995.362
283254000 995.374
283255000 995.372
283256000 995.371
283257000 995.358
283258000 995.367
283259000 995.37
283260000 995.394
283261000 995.439
283262000 995.45
283263000 995.483
283264000 995.518
283265000 995.546
283266000 995.576
283267000 995.588
283268000 995.586
283269000 995.608
283270000 995.665
283271000 995.701
283272000 995.734
283273000 995.779
283274000 995.803
283275000 995.857
283276000 995.911
283277000 995.988
283278000 996.06
283279000 996.127
283280000 996.189
283281000 996.232
283282000 996.292
283283000 996.35
283284000 996.397
283285000 996.449
283286000 996.519
283287000 996.575
283288000 996.632
283289000 996.662
283290000 996.72
283291000 996.767
283292000 996.815
283293000 996.856
283294000 996.886
283295000 996.913
283296000 996.966
283297000 996.991
283298000 997.017
283299000 997.027
283300000 997.044
283301000 997.07
283302000 997.078
283303000 997.093
283304000 997.122
283305000 997.14
283306000 997.148
283307000 997.14
283308000 997.145
283309000 997.159
283310000 997.164
283311000 997.194
283312000 997.186
283313000 997.188
283314000 997.225
283315000 997.266
283316000 997.299
283317000 997.295
283318000 997.303
283319000 997.311
283320000 997.323
283321000 997.346
283322000 997.373
283323000 997.391
283324000 997.399
283325000 997.399
283326000 997.403
283327000 997.397
283328000 997.392
283329000 997.383
283330000 997.367
283331000 997.354
283332000 997.337
283333000 997.333
283334000 997.321
283335000 997.308
283336000 997.321
283337000 997.341
283338000 997.364
283339000 997.363
283340000 997.363
283341000 997.387
283342000 997.388
283343000 997.393
283344000 997.427
283345000 997.424
283346000 997.436
283347000 997.473
283348000 997.515
283349000 997.533
283350000 997.567
283351000 997.587
283352000 997.594
283353000 997.614
283354000 997.622
283355000 997.623
283356000 997.632
283357000 997.641
283358000 997.652
283359000 997.667
283360000 997.671
283361000 997.674
283362000 997.684
283363000 997.707
283364000 997.699
283365000 997.718
283366000 997.747
283367000 997.748
283368000 997.758
283369000 997.744
283370000 997.747
283371000 997.786
283372000 997.793
283373000 997.814
283374000 997.84
283375000 997.831
283376000 997.834
283377000 997.86
283378000 997.873
283379000 997.868
283380000 997.849
283381000 997.843
283382000 997.832
283383000 997.807
283384000 997.811
283385000 997.808
283386000 997.807
283387000 997.794
283388000 997.785
283389000 997.771
283390000 997.76
283391000 997.744
283392000 997.738
283393000 997.74
283394000 997.732
283395000 997.74
283396000 997.755
283397000 997.746
283398000 997.743
283399000 997.737
283400000 997.745
283401000 997.751
283402000 997.726
283403000 997.715
283404000 997.713
283405000 997.717
283406000 997.71
283407000 997.701
283408000 997.687
283409000 997.677
283410000 997.664
283411000 997.651
283412000 997.616
283413000 997.598
283414000 997.579
283415000 997.58
283416000 997.579
283417000 997.581
283418000 997.544
283419000 997.535
283420000 997.539
283421000 997.543
283422000 997.526
283423000 997.51
283424000 997.501
283425000 997.459
283426000 997.408
283427000 997.404
283428000 997.387
283429000 997.355
283430000 997.333
283431000 997.326
283432000 997.294
283433000 997.279
283434000 997.288
283435000 997.29
283436000 997.3
283437000 997.342
283438000 997.345
283439000 997.353
283440000 997.377
283441000 997.37
283442000 997.367
283443000 997.384
283444000 997.383
283445000 997.399
283446000 997.422
283447000 997.436
283448000 997.462
283449000 997.47
283450000 997.452
283451000 997.479
283452000 997.487
283453000 997.506
283454000 997.517
283455000 997.517
283456000 997.539
283457000 997.538
283458000 997.548
283459000 997.565
283460000 997.57
283461000 997.564
283462000 997.565
283463000 997.571
283464000 997.572
283465000 997.586
283466000 997.593
283467000 997.6
283468000 997.593
283469000 997.596
283470000 997.583
283471000 997.582
283472000 997.582
283473000 997.561
283474000 997.561
283475000 997.555
283476000 997.549
283477000 997.533
283478000 997.51
283479000 997.487
283480000 997.476
283481000 997.477
283482000 997.47
283483000 997.463
283484000 997.454
283485000 997.452
283486000 997.46
283487000 997.48
283488000 997.494
283489000 997.517
283490000 997.544
283491000 997.554
283492000 997.563
283493000 997.592
283494000 997.636
283495000 997.649
283496000 997.672
283497000 997.693
283498000 997.692
283499000 997.683
283500000 997.684
283501000 997.693
283502000 997.701
283503000 997.716
283504000 997.711
283505000 997.729
283506000 997.751
283507000 997.763
283508000 997.775
283509000 997.779
283510000 997.785
283511000 997.768
283512000 997.766
283513000 997.763
283514000 997.77
283515000 997.778
283516000 997.799
283517000 997.817
283518000 997.843
283519000 997.852
283520000 997.873
283521000 997.875
283522000 997.879
283523000 997.894
283524000 997.917
283525000 997.937
283526000 997.949
283527000 997.959
283528000 997.967
283529000 997.973
283530000 997.996
283531000 998.017
283532000 998.035
283533000 998.03
283534000 998.005
283535000 998.004
283536000 997.992
283537000 997.997
283538000 998.005
283539000 998.025
283540000 998.033
283541000 998.053
283542000 998.075
283543000 998.076
283544000 998.099
283545000 998.129
283546000 998.15
283547000 998.161
283548000 998.188
283549000 998.209
283550000 998.225
283551000 998.254
283552000 998.267
283553000 998.278
283554000 998.298
283555000 998.312
283556000 998.318
283557000 998.339
283558000 998.349
283559000 998.342
283560000 998.354
283561000 998.369
283562000 998.377
283563000 998.378
283564000 998.383
283565000 998.378
283566000 998.377
283567000 998.371
283568000 998.387
283569000 998.375
283570000 998.372
283571000 998.376
283572000 998.401
283573000 998.404
283574000 998.399
283575000 998.394
283576000 998.396
283577000 998.388
283578000 998.394
283579000 998.406
283580000 998.412
283581000 998.417
283582000 998.415
283583000 998.375
283584000 998.348
283585000 998.307
283586000 998.284
283587000 998.261
283588000 998.219
283589000 998.208
283590000 998.196
283591000 998.193
283592000 998.192
283593000 998.188
283594000 998.19
283595000 998.213
283596000 998.254
283597000 998.272
283598000 998.273
283599000 998.269
283600000 998.291
283601000 998.308
283602000 998.306
283603000 998.314
283604000 998.323
283605000 998.334
283606000 998.321
283607000 998.324
283608000 998.332
283609000 998.326
283610000 998.331
283611000 998.346
283612000 998.351
283613000 998.384
283614000 998.406
283615000 998.427
283616000 998.452
283617000 998.495
283618000 998.524
283619000 998.556
283620000 998.579
283621000 998.596
283622000 998.601
283623000 998.623
283624000 998.64
283625000 998.657
283626000 998.675
283627000 998.665
283628000 998.665
283629000 998.683
283630000 998.686
283631000 998.677
283632000 998.696
283633000 998.69
283634000 998.686
283635000 998.688
283636000 998.683
283637000 998.695
283638000 998.725
283639000 998.731
283640000 998.751
283641000 998.739
283642000 998.741
283643000 998.759
283644000 998.764
283645000 998.778
283646000 998.817
283647000 998.832
283648000 998.834
283649000 998.847
283650000 998.854
283651000 998.873
283652000 998.904
283653000 998.911
283654000 998.918
283655000 998.924
283656000 998.921
283657000 998.94
283658000 998.952
283659000 998.97
283660000 998.962
283661000 998.962
283662000 998.965
283663000 998.976
283664000 998.991
283665000 998.99
283666000 998.988
283667000 998.98
283668000 998.975
283669000 998.987
283670000 998.989
283671000 999.001
283672000 999.003
283673000 999.01
283674000 999.013
283675000 999.023
283676000 999.024
283677000 999.047
283678000 999.052
283679000 999.059
283680000 999.063
283681000 999.083
283682000 999.095
283683000 999.117
283684000 999.166
283685000 999.183
283686000 999.206
283687000 999.236
283688000 999.228
283689000 999.221
283690000 999.213
283691000 999.19
283692000 999.197
283693000 999.196
283694000 999.203
283695000 999.238
283696000 999.244
283697000 999.255
283698000 999.238
283699000 999.259
283700000 999.25
283701000 999.243
283702000 999.253
283703000 999.266
283704000 999.303
283705000 999.356
283706000 999.376
283707000 999.412
283708000 999.441
283709000 999.469
283710000 999.482
283711000 999.517
283712000 999.547
283713000 999.576
283714000 999.611
283715000 999.628
283716000 999.659
283717000 999.669
283718000 999.666
283719000 999.681
283720000 999.676
283721000 999.704
283722000 999.701
283723000 999.723
283724000 999.72
283725000 999.726
283726000 999.753
283727000 999.79
283728000 999.823
283729000 999.842
283730000 999.846
283731000 999.845
283732000 999.857
283733000 999.86
283734000 999.864
283735000 999.867
283736000 999.885
283737000 999.901
283738000 999.921
283739000 999.923
283740000 999.937
283741000 999.925
283742000 999.939
283743000 999.974
283744000 999.977
283745000 999.975
283746000 999.978
283747000 999.98
283748000 999.988
283749000 1000.01
283750000 999.999
283751000 1000.02
283752000 1000.01
283753000 1000
283754000 999.99
283755000 999.989
283756000 999.982
283757000 999.966
283758000 999.941
283759000 999.941
283760000 999.935
283761000 999.93
283762000 999.927
283763000 999.919
283764000 999.923
283765000 999.9
283766000 999.885
283767000 999.869
283768000 999.864
283769000 999.862
283770000 999.857
283771000 999.861
283772000 999.862
283773000 999.865
283774000 999.868
283775000 999.87
283776000 999.872
283777000 999.884
283778000 999.892
283779000 999.896
283780000 999.884
283781000 999.858
283782000 999.851
283783000 999.837
283784000 999.823
283785000 999.814
283786000 999.797
283787000 999.772
283788000 999.749
283789000 999.724
283790000 999.698
283791000 999.686
283792000 999.666
283793000 999.639
283794000 999.632
283795000 999.607
283796000 999.587
283797000 999.579
283798000 999.584
283799000 999.583
283800000 999.588
283801000 999.566
283802000 999.56
283803000 999.546
283804000 999.537
283805000 999.53
283806000 999.512
283807000 999.511
283808000 999.503
283809000 999.471
283810000 999.464
283811000 999.445
283812000 999.428
283813000 999.403
283814000 999.405
283815000 999.396
283816000 999.383
283817000 999.386
283818000 999.368
283819000 999.346
283820000 999.352
283821000 999.357
283822000 999.351
283823000 999.344
283824000 999.35
283825000 999.358
283826000 999.345
283827000 999.339
283828000 999.331
283829000 999.351
283830000 999.352
283831000 999.352
283832000 999.341
283833000 999.347
283834000 999.345
283835000 999.338
283836000 999.325
283837000 999.312
283838000 999.311
283839000 999.315
283840000 999.297
283841000 999.288
283842000 999.289
283843000 999.299
283844000 999.298
283845000 999.278
283846000 999.272
283847000 999.263
283848000 999.261
283849000 999.249
283850000 999.244
283851000 999.225
283852000 999.213
283853000 999.198
283854000 999.19
283855000 999.184
283856000 999.194
283857000 999.181
283858000 999.19
283859000 999.187
283860000 999.181
283861000 999.185
283862000 999.195
283863000 999.181
283864000 999.177
283865000 999.175
283866000 999.182
283867000 999.203
283868000 999.206
283869000 999.221
283870000 999.232
283871000 999.239
283872000 999.251
283873000 999.245
283874000 999.255
283875000 999.254
283876000 999.253
283877000 999.257
283878000 999.263
283879000 999.248
283880000 999.257
283881000 999.273
283882000 999.28
283883000 999.275
283884000 999.299
283885000 999.325
283886000 999.332
283887000 999.345
283888000 999.35
283889000 999.334
283890000 999.331
283891000 999.315
283892000 999.3
283893000 999.281
283894000 999.275
283895000 999.272
283896000 999.264
283897000 999.283
283898000 999.282
283899000 999.298
283900000 999.306
283901000 999.321
283902000 999.323
283903000 999.333
283904000 999.346
283905000 999.355
283906000 999.369
283907000 999.396
283908000 999.416
283909000 999.429
283910000 999.441
283911000 999.452
283912000 999.475
283913000 999.488
283914000 999.514
283915000 999.533
283916000 999.553
283917000 999.587
283918000 999.587
283919000 999.576
283920000 999.592
283921000 999.582
283922000 999.582
283923000 999.564
283924000 999.547
283925000 999.53
283926000 999.517
283927000 999.506
283928000 999.492
283929000 999.486
283930000 999.485
283931000 999.481
283932000 999.463
283933000 999.452
283934000 999.437
283935000 999.435
283936000 999.444
283937000 999.455
283938000 999.464
283939000 999.476
283940000 999.489
283941000 999.485
283942000 999.47
283943000 999.469
283944000 999.467
283945000 999.468
283946000 999.477
283947000 999.501
283948000 999.525
283949000 999.509
283950000 999.501
283951000 999.499
283952000 999.502
283953000 999.512
283954000 999.512
283955000 999.495
283956000 999.488
283957000 999.505
283958000 999.495
283959000 999.502
283960000 999.51
283961000 999.499
283962000 999.514
283963000 999.521
283964000 999.526
283965000 999.539
283966000 999.542
283967000 999.552
283968000 999.562
283969000 999.549
283970000 999.535
283971000 999.518
283972000 999.507
283973000 999.508
283974000 999.508
283975000 999.509
283976000 999.499
283977000 999.5
283978000 999.487
283979000 999.5
283980000 999.47
283981000 999.469
283982000 999.454
283983000 999.447
283984000 999.411
283985000 999.398
283986000 999.383
283987000 999.361
283988000 999.36
283989000 999.35
283990000 999.337
283991000 999.331
283992000 999.331
283993000 999.332
283994000 999.34
283995000 999.345
283996000 999.337
283997000 999.338
283998000 999.343
283999000 999.36
284000000 999.356
