# Time-averaged data for fix output_pressure
# TimeStep v_pxx v_pyy v_pzz v_pxy v_pxz v_pyz c_thermo_press
2000 -0.270606 0.479381 0.211455 0.403983 -0.358961 -0.261694 0.140076
3000 0.0864855 0.206454 0.871555 0.102469 -0.0801852 0.180293 0.388165
4000 0.280342 0.17355 0.304196 -0.0346068 -0.0490546 0.160485 0.252696
5000 0.492289 -0.0709344 -0.152282 -0.0709737 -0.135806 -0.172237 0.0896908
6000 -0.505326 0.503879 -0.187978 0.0173031 -0.0477592 -0.102906 -0.0631419
7000 0.798849 0.246169 -0.123103 -0.0710198 -0.331727 0.213623 0.307305
8000 -0.424978 -0.236101 -0.430446 0.126195 0.466866 -0.0138463 -0.363842
9000 0.0597167 -0.0400671 -0.140166 -0.0608802 -0.0374141 0.13399 -0.0401723
10000 -0.0233216 -0.606099 -0.344531 -0.0455107 0.180267 -0.224239 -0.324651
11000 0.0625831 0.416996 0.298297 0.157515 -0.0971597 -0.00622415 0.259292
12000 -0.00610708 -0.232344 0.278439 0.194003 -0.164619 0.271508 0.0133293
13000 0.61395 0.23313 0.151551 0.0979453 0.1584 0.287998 0.332877
14000 0.195916 0.464875 0.430549 0.360835 -0.219338 0.0241652 0.36378
15000 -0.284337 -0.112361 -0.0408039 0.335697 -0.168419 -0.302489 -0.145834
16000 0.165179 0.138937 0.396197 0.248604 0.173147 -0.197987 0.233438
17000 -0.00182477 -0.149741 -0.00106498 -0.0923634 -0.0725031 0.0745582 -0.050877
18000 0.293042 0.295755 0.478082 -0.160166 -0.196277 0.168614 0.355626
19000 0.782717 0.492828 0.503403 0.00965829 -0.07529 -0.175181 0.592983
20000 -0.809086 -0.161473 -0.0152624 -0.0082232 0.20195 0.0140395 -0.328607
21000 -0.237494 0.0948048 -0.0528236 -0.0847075 -0.0770838 -0.16055 -0.0651709
22000 -0.266328 0.410861 -0.0277652 0.0230479 -0.118304 0.242544 0.0389225
23000 -0.129194 0.437802 -0.381287 -0.213994 0.11944 0.200371 -0.0242267
24000 0.73038 0.347602 0.457939 0.158836 -0.202148 -0.0863145 0.511974
25000 0.246312 0.263357 0.256689 -0.163975 -0.385917 -0.079702 0.255452
26000 0.190588 0.735809 0.395187 0.113422 0.0275491 -0.264183 0.440528
27000 0.0996664 0.420256 -0.0046747 -0.150228 -0.085393 -0.0375553 0.171749
28000 0.400247 0.539874 1.01132 0.168671 0.241435 -0.413348 0.650482
29000 0.226476 0.0568397 0.88519 0.122298 0.0566734 -0.482268 0.389502
30000 0.0752718 -0.113091 0.749675 0.0194972 -0.00509019 -0.326132 0.237286
31000 -0.203237 0.0852873 0.4475 0.376861 0.195595 -0.0766948 0.10985
32000 0.203134 0.244127 0.618502 0.154567 -0.240402 -0.0319437 0.355254
33000 -0.259654 -0.178176 0.128173 -0.280335 -0.304457 -0.0719496 -0.103219
34000 -0.182037 0.0315656 -0.280591 0.0356064 -0.124416 -0.322681 -0.143687
35000 0.786342 0.616115 0.139449 -0.40941 0.0666897 -0.167074 0.513969
36000 0.531606 0.106834 0.724243 0.0989759 -0.124365 -0.139225 0.454227
37000 0.825129 0.229073 0.259559 -0.0248101 0.0385618 0.132845 0.43792
38000 0.172238 0.044334 -0.216622 0.34784 0.545555 0.467071 -1.67745e-05
39000 0.104316 0.0037705 0.200162 -0.0571683 -0.0806942 -0.051247 0.10275
40000 0.423023 -0.28798 0.278065 0.0485472 0.0251992 -0.0755641 0.137703
41000 0.0424535 0.3776 0.116759 0.00550991 0.0892447 -0.13993 0.178937
42000 -0.387113 -0.327853 -0.179269 -0.463277 -0.200622 -0.0926643 -0.298078
43000 -0.0326773 0.478192 0.226212 0.0217117 0.0951598 -0.125015 0.223909
44000 0.809275 0.339889 0.77153 -0.0799232 -0.237147 0.0372677 0.640231
45000 0.563529 0.696466 -0.00201081 -0.231606 -0.125969 0.0584387 0.419328
46000 -0.21975 -0.490353 -0.442622 -0.00860931 0.0270745 0.105167 -0.384242
47000 0.416446 0.847737 0.241281 0.0750359 -0.0597539 0.0366888 0.501822
48000 0.104431 -0.164459 -0.342474 -0.219604 -0.238615 -0.058051 -0.134167
49000 0.603127 0.071574 0.15991 0.164005 0.152534 -0.0124958 0.278204
50000 0.708015 0.152929 0.614945 -0.153884 0.0187318 0.150846 0.491963
51000 0.314069 1.16128 0.123632 -0.0344886 -0.0499979 0.14385 0.532995
52000 0.947911 0.66808 0.600932 -0.075718 -0.361263 -0.26772 0.738974
53000 0.182472 0.375279 -0.238748 -0.303726 -0.180881 0.191193 0.106334
54000 0.923968 0.287319 0.728459 -0.283345 0.275529 0.0704427 0.646582
55000 0.110643 -0.212348 0.0266022 -0.292476 -0.175237 0.031099 -0.0250342
56000 0.0201303 -0.387916 0.0488457 -0.357135 0.483032 0.27303 -0.106313
57000 0.555561 0.0998867 0.644366 -0.00202837 0.0561388 0.227551 0.433271
58000 -0.00303051 0.697496 0.236064 0.327718 -0.228862 0.131838 0.310177
59000 0.517489 0.162903 0.312191 -0.332618 -0.562538 0.28041 0.330861
60000 0.44394 0.423074 0.213401 0.108321 0.0788225 0.417254 0.360138
61000 0.55893 0.210846 0.08659 -0.199992 -0.355208 0.0857177 0.285455
62000 -0.053125 -0.120575 -0.000920539 0.0577595 -0.211358 -0.109337 -0.058207
63000 0.130365 0.386445 0.0258431 -0.0463647 0.110629 -0.18723 0.180884
64000 -0.0160359 0.177838 0.660099 0.299834 -0.158208 -0.317142 0.273967
65000 0.301146 0.0447495 0.730108 0.311013 -0.180994 -0.0261172 0.358668
66000 0.526911 0.181081 0.426018 -0.135942 -0.074788 -0.0188083 0.378004
67000 0.0662843 0.176956 0.108679 -0.30301 0.127032 -0.0874293 0.117307
68000 0.0539627 0.394875 0.371657 -0.17486 -0.113232 0.164596 0.273498
69000 0.256213 -0.689132 0.109387 0.28316 -0.052042 0.133121 -0.107844
70000 -0.10337 0.52718 -0.00548742 -0.193557 0.203768 -0.190705 0.139441
71000 0.247984 0.137544 0.0648174 -0.385071 0.0744682 0.118073 0.150115
72000 0.470873 0.642563 -0.0521625 -0.311672 -0.0243789 -0.0673068 0.353758
73000 0.375811 0.911025 0.27746 0.118473 0.0662427 -0.190322 0.521432
74000 0.266026 0.373939 0.529106 -0.313112 -0.445292 0.180672 0.389691
75000 0.786673 0.255077 0.292298 0.284638 -0.123592 -0.157285 0.444683
76000 0.61261 0.411433 0.595532 0.20312 -0.450789 -0.177716 0.539859
77000 0.171909 0.00887978 0.698476 -0.0668584 0.156923 0.115937 0.293089
78000 0.252423 -0.193832 -0.315652 -0.0916788 0.375755 -0.331221 -0.0856869
79000 0.147 0.0770965 0.041854 0.0163836 0.0311924 -0.0657783 0.0886503
80000 1.05264 0.797798 0.471465 -0.28851 0.360775 -0.0706942 0.773968
81000 0.462728 0.454269 -0.29184 0.0100377 -0.0397369 -0.241291 0.208386
82000 0.369197 0.643725 0.464438 0.0296102 -0.101785 0.405359 0.492453
83000 0.848656 0.209232 0.201027 -0.377469 0.278301 -0.0509087 0.419638
84000 0.53138 0.297365 0.0996367 -0.0525599 0.104799 0.139847 0.30946
85000 0.381435 1.10289 0.168634 0.0620718 -0.120662 0.222302 0.550988
86000 0.20848 0.687015 -0.210592 0.207231 0.0828527 0.111679 0.228301
87000 0.0356593 -0.181084 1.15423 0.0741265 -0.49564 0.115194 0.336268
88000 0.375184 0.0451694 0.393563 -0.183011 0.279003 -0.314407 0.271305
89000 0.138709 0.425906 0.380711 0.378801 0.123879 0.158676 0.315109
90000 0.0850297 0.295562 0.215302 0.21504 0.356716 0.251103 0.198631
91000 0.41154 0.330377 0.196525 0.087252 0.241059 0.692962 0.312814
92000 0.488524 -0.218458 -0.099495 -0.280232 0.344284 0.543016 0.056857
93000 -0.0213338 0.0825665 0.183083 0.227918 -0.339094 0.646831 0.0814385
94000 0.0654144 0.673724 0.0775947 -0.247888 0.41666 0.0583747 0.272244
95000 0.289697 0.29099 -0.391202 -0.421382 0.20734 -0.271113 0.0631618
96000 0.364592 0.329283 0.0143444 0.286288 0.208482 -0.0906243 0.236073
97000 -0.101638 0.273139 -0.0411098 0.091385 -0.30484 -0.0192879 0.0434639
98000 0.802652 0.964435 0.55032 -0.0557382 -0.170572 -0.152696 0.772469
99000 0.834525 0.734884 0.266936 0.308412 -0.0706499 0.00586569 0.612115
100000 0.559949 0.078216 0.387822 -0.036108 -0.209008 -0.160605 0.341996
101000 -0.0254412 0.441922 0.305244 -0.273485 -0.0390507 0.11208 0.240575
102000 -0.111878 -0.428198 0.540365 0.0478898 -0.0821944 -0.433254 9.62274e-05
103000 0.365223 0.222068 -1.04469 -0.0469205 -0.297431 -0.339043 -0.152465
104000 0.221224 0.0176833 0.451224 -0.244966 0.249952 -0.0159332 0.230044
105000 0.115684 0.0710154 -0.0607883 -0.0149288 0.0579751 -0.434484 0.0419703
106000 0.563925 0.207989 0.48528 -0.0656771 -0.105786 0.0433785 0.419065
107000 -0.211846 0.432984 0.768643 0.0105994 0.179022 0.181152 0.329927
108000 0.436002 0.303726 0.195836 0.180753 -0.219433 -0.123705 0.311855
109000 0.292482 0.824703 0.828429 -0.391037 -0.153435 0.0980006 0.648538
110000 0.838317 0.414547 0.264589 -0.201604 0.154397 -0.0646661 0.505818
111000 0.629086 0.662866 0.90923 -0.0831351 -0.143942 0.0194557 0.733727
112000 0.276347 0.728501 0.759198 -0.0824965 -0.0735371 0.0960608 0.588015
113000 -0.408532 0.0726593 0.630962 -0.253633 -0.161091 -0.164072 0.098363
114000 0.210284 0.815211 -0.206808 -0.204519 -0.0327117 -0.107087 0.272896
115000 0.804291 0.18254 0.0618475 0.430905 0.262589 -0.0913647 0.34956
116000 0.521033 0.548199 0.55649 0.00508841 -0.22977 -0.209665 0.541907
117000 0.279698 0.636493 0.69689 -0.103021 -0.101327 -0.0194647 0.537694
118000 -0.615506 -0.00624105 -0.960957 0.19087 -0.388171 -0.179146 -0.527568
119000 0.305078 0.770654 0.418003 0.136038 -0.203878 -0.0547961 0.497912
120000 0.222514 0.651471 -0.229744 0.140823 0.0139176 0.107196 0.214747
121000 0.619612 1.18754 0.485093 0.216595 0.0284841 0.0202118 0.76408
122000 0.329771 0.537991 -0.0156632 0.218076 0.244013 0.0496162 0.284033
123000 0.841878 0.973748 0.249327 -0.251132 -0.178462 -0.130963 0.688318
124000 0.44254 0.598328 0.109532 0.101988 -0.0904121 -0.501682 0.383466
125000 0.310369 0.211535 -0.421941 -0.487435 -0.252072 -0.215347 0.0333207
126000 0.118048 0.162603 0.143471 0.0399828 -0.170673 -0.0849079 0.141374
127000 1.1472 0.751077 0.596171 0.152835 -0.492816 -0.104382 0.831484
128000 0.86389 0.145013 1.34691 -0.330693 -0.215442 -0.0975747 0.785271
129000 0.358673 0.505961 0.933457 -0.271723 -0.230284 0.0407283 0.599364
130000 0.176814 -0.345574 0.971661 0.0442774 0.224647 -0.541271 0.267634
131000 0.754516 0.130099 0.0219473 -0.0737959 0.118841 -0.605935 0.302187
132000 0.347001 0.46311 1.23386 -0.328728 0.0587921 0.134513 0.681323
133000 0.889223 0.650431 0.310371 0.449731 0.348882 0.117679 0.616675
134000 0.190247 0.216963 0.0292734 0.132721 0.159548 -0.463126 0.145494
135000 0.0533576 0.550239 0.372295 -0.338364 -0.0313055 -0.115092 0.325297
136000 -0.28478 0.617999 0.133722 -0.0320866 0.286171 0.205324 0.155647
137000 0.27852 0.256691 0.570746 0.236035 -0.0462901 -0.38942 0.368652
138000 0.312165 -0.482696 0.382278 0.31352 -0.052956 0.0312222 0.0705825
139000 0.846571 -0.2602 0.989395 0.433801 -0.143905 -0.360382 0.525255
140000 0.832543 0.713877 0.375297 0.372572 0.14839 -0.281532 0.640572
141000 0.467996 -0.146768 0.230335 0.371293 0.0646199 -0.040993 0.183854
142000 1.23066 0.587693 0.93798 0.267466 -0.13076 0.10267 0.918776
143000 0.679812 0.467971 0.492449 -0.204338 0.0393402 -0.497227 0.546744
144000 0.774932 0.906253 0.785158 -0.364833 -0.278317 0.284391 0.822114
145000 0.030163 0.150917 1.05921 0.440124 0.190608 -0.0722987 0.413431
146000 0.158419 0.101642 0.116315 -0.00488559 -0.186032 -0.199788 0.125458
147000 0.232291 0.522245 0.184312 -0.412579 0.111909 -0.214989 0.31295
148000 -0.0633767 0.270837 -0.430811 -0.117011 -0.0543286 -0.0261784 -0.0744502
149000 0.402868 0.255744 0.634669 0.44492 -0.55779 0.383249 0.431094
150000 0.922599 0.518261 0.43915 -0.240759 -0.596227 0.0342782 0.62667
151000 -0.0313709 0.297596 0.0178123 0.0354188 0.368561 -0.290942 0.0946791
152000 0.405891 0.418323 0.657334 -0.050355 0.333756 -0.285373 0.493849
153000 0.497528 -0.467057 -0.0470061 0.416836 0.1073 0.0576664 -0.00551142
154000 0.2499 0.0964072 0.190948 0.248432 0.193464 -0.209554 0.179085
155000 0.157153 0.250395 0.284549 0.338954 0.0754636 -0.101839 0.230699
156000 0.675541 0.886315 0.785283 -0.330602 -0.0322406 -0.184304 0.78238
157000 1.05851 1.13769 0.586469 0.0434908 0.222921 0.401288 0.927557
158000 -0.0952472 0.350731 -0.478236 -0.490521 0.116271 -0.0581848 -0.0742509
159000 0.0371072 0.762693 0.125429 -0.155889 -0.0353038 -0.234172 0.30841
160000 0.502898 0.459966 0.577416 -0.418303 0.195538 -0.261729 0.513427
161000 0.842964 0.451136 0.4025 -0.142772 -0.188538 0.0418408 0.565533
162000 -1.03681 -0.241874 -1.03416 0.299407 0.331875 0.162925 -0.770948
163000 0.756327 0.361862 0.732725 0.572256 0.104884 0.0695561 0.616971
164000 1.00204 0.55245 0.698774 -0.232748 -0.267766 0.297403 0.75109
165000 -0.0104895 0.0864312 0.599997 -0.406645 -0.288929 -0.0497449 0.225313
166000 0.555814 0.242767 0.183562 -0.418334 -0.0784199 0.594687 0.327381
167000 0.327264 0.180543 -0.403646 -0.0807126 0.56314 0.123883 0.0347206
168000 -0.177218 0.513167 -0.551546 0.0437975 0.156334 -0.0949175 -0.0718655
169000 0.0627073 1.11798 0.552739 0.308002 -0.0490901 0.114943 0.57781
170000 -0.583924 0.214821 0.521638 0.322418 0.00474509 -0.354023 0.0508448
171000 0.499702 0.938703 -0.0433324 0.24151 0.0341088 0.372801 0.465024
172000 0.906675 0.824533 0.754332 0.192409 0.455146 -0.274105 0.828514
173000 1.00991 0.225921 0.407199 -0.0491315 0.0531998 -0.0241682 0.547676
174000 0.423046 0.239688 1.36671 0.355944 -0.206791 0.0507668 0.676482
175000 -0.835634 -0.200146 -0.239045 0.194591 0.15919 -0.269749 -0.424942
176000 -0.640211 0.272241 -0.561392 -0.369766 -0.0945726 0.196419 -0.309787
177000 0.205037 0.786842 1.51024 -0.0783583 -0.517501 0.257611 0.83404
178000 0.598397 1.14896 0.454501 -0.226757 0.238724 0.0284258 0.733953
179000 0.606274 0.14456 0.28236 0.206168 0.491911 0.0102758 0.344398
180000 0.55078 -0.00525603 -0.480536 0.0103672 0.29914 -0.231061 0.0216626
181000 1.2141 0.654062 0.305176 0.0608987 -0.109094 -0.26798 0.724446
182000 0.122545 0.362046 0.346689 -0.0543608 0.482105 -0.0714341 0.277094
183000 0.26242 0.667429 0.180906 -0.482074 -0.0322611 -0.776301 0.370252
184000 0.374686 0.168447 0.244716 -0.016001 -0.804898 -0.00748237 0.262616
185000 0.647517 0.734834 0.963462 -0.0902105 -0.216612 0.181538 0.781938
186000 -0.371494 0.987552 1.19818 0.109258 -0.304684 0.257646 0.604745
187000 -0.360145 0.117259 0.334655 -0.473114 0.0868894 0.0569735 0.0305895
188000 0.648686 0.820202 1.31925 -0.476654 0.24517 -0.231789 0.929379
189000 0.694457 0.490982 -0.0186281 -0.591107 0.332023 -0.14912 0.388937
190000 1.1162 0.401565 0.423713 0.0943007 0.123969 0.273196 0.647159
191000 1.63823 1.28402 0.692666 0.335155 -0.200591 -0.12682 1.20497
192000 1.53748 0.948769 0.606961 0.0649414 0.00332486 0.0835748 1.03107
193000 0.415694 0.464482 0.883608 -0.0830773 -0.0319179 0.129003 0.587928
194000 0.654278 -0.0209519 -0.399897 0.469299 -0.551259 -0.226671 0.0778096
195000 1.36494 0.731948 1.65435 0.266304 0.150601 0.0887441 1.25041
196000 0.322021 0.0505206 0.714476 0.217032 -0.221276 -0.242764 0.362339
197000 1.63664 1.35941 1.70906 0.312409 -0.0605705 -0.334488 1.56837
198000 1.20122 0.519087 0.716236 -0.0567914 0.165952 0.00745226 0.812183
199000 -0.587821 0.109484 0.44614 0.148378 -0.0349874 0.0813048 -0.0107325
200000 0.589302 1.22508 0.892448 0.0967471 0.0142394 -0.194968 0.902275
201000 1.37656 0.932731 1.27904 0.411826 -0.430714 -0.0107046 1.19611
202000 0.162826 -0.00614389 0.893906 -0.0612141 0.143621 -0.239282 0.350196
203000 -0.0876208 0.276131 0.462943 -0.443086 -0.633856 0.246363 0.217151
204000 1.07 -0.337614 0.114575 -0.275175 0.0133332 -0.536269 0.282319
205000 -0.723016 0.279731 0.159009 -0.0911863 0.180638 0.216305 -0.0947586
206000 0.148615 0.122902 -0.0683187 0.323186 -0.012436 0.546132 0.0677327
207000 -0.0854742 0.257645 0.431622 0.11956 0.418104 0.142585 0.201264
208000 1.02098 0.856759 0.839955 -0.0456903 0.0481397 -0.267604 0.905897
209000 0.466034 0.414703 0.704344 -0.0156827 -0.0787326 -0.239575 0.52836
210000 -0.173062 1.23869 0.31888 0.225187 0.380636 0.268634 0.461503
211000 -0.210328 0.313293 -0.338954 0.1795 0.167507 -0.454156 -0.078663
212000 0.275405 0.558371 0.0314054 0.1369 -0.130089 -0.0585882 0.288394
213000 0.372556 0.455191 -0.0213112 0.157777 0.0600614 -0.130943 0.268812
214000 -0.126011 0.40986 0.379153 0.401801 0.70428 -0.309514 0.221001
215000 0.153492 1.08485 0.926708 0.658008 -0.0383814 -0.240913 0.721685
216000 0.534221 1.00947 -0.602907 0.370643 -0.142869 -0.0303027 0.313596
217000 1.14175 1.07204 0.554271 0.362649 0.581122 0.49303 0.922689
218000 1.28849 0.909034 0.489384 0.740417 0.406193 0.386239 0.895636
219000 -0.224801 0.624325 0.728926 0.555699 0.105509 -0.0478973 0.37615
220000 0.824347 1.54258 1.10127 -0.157078 0.215911 0.289982 1.15606
221000 0.145686 0.756788 0.563424 -0.519704 0.571973 0.595999 0.488633
222000 0.171359 0.358751 -0.254927 0.664959 -0.172492 0.242445 0.0917279
223000 0.171368 0.280167 1.35111 0.312034 -0.245328 -0.0891114 0.600883
224000 0.211614 -0.101101 -0.14472 0.0745488 0.364006 0.353236 -0.0114022
225000 0.84296 0.630968 -0.361957 0.120499 -0.150409 0.594568 0.370657
226000 -0.304984 0.801618 -0.401757 -0.624418 -0.0802217 -0.19053 0.0316257
227000 -0.120155 0.316845 0.250858 0.441764 -0.351408 -0.0695189 0.149183
228000 0.0937666 0.502309 0.741776 -0.233186 0.504941 0.385292 0.445951
229000 1.17785 0.184825 0.409026 0.156326 -0.049629 -0.46899 0.590567
230000 0.0894199 -0.338589 0.62509 0.479192 -0.0237045 0.204249 0.125307
231000 0.160141 0.406488 0.327159 0.115073 -0.386405 -0.215423 0.297929
232000 0.931824 0.788353 1.67508 0.121226 -0.0832634 0.246586 1.13175
233000 0.0621671 0.931354 0.785739 -0.482255 -0.271199 0.140168 0.593087
234000 -1.04364 0.0927364 -0.0932464 -0.229066 0.206832 0.0832346 -0.34805
235000 0.728254 0.433339 0.880946 -0.068195 0.0851532 -0.189218 0.680846
236000 1.25029 0.557389 0.610341 -0.257592 0.170482 -0.173824 0.806005
237000 0.105855 0.0501149 0.0574547 0.449898 0.053462 0.082871 0.0711416
238000 0.383738 0.47373 -0.884335 0.147217 0.412543 0.0161741 -0.00895556
239000 0.838289 0.204623 0.339759 0.358601 0.0438216 -0.301972 0.46089
240000 0.307764 0.923153 -0.720847 0.504876 0.246026 0.0812445 0.170023
241000 0.251929 0.588819 0.447226 -0.292196 0.221037 -0.109293 0.429324
242000 0.410245 0.181658 -0.0402794 0.0985545 -0.0662837 0.0782618 0.183875
243000 -0.268592 0.530258 0.665182 0.190839 0.437816 -0.100663 0.308949
244000 -0.0410073 0.0995183 1.03853 0.367179 0.506801 0.517959 0.36568
245000 0.453033 0.748832 -0.203379 -0.49626 -0.0958677 0.0227143 0.332829
246000 0.834504 0.74469 0.905516 0.761658 -0.196664 0.205466 0.828237
247000 0.519437 0.678778 0.478399 0.0356446 0.157015 -0.0585901 0.558871
248000 0.0423008 -0.276239 -0.0568898 -0.16192 -0.554142 -0.01939 -0.0969425
249000 0.683591 0.0857359 0.740986 0.32255 -0.464485 0.220863 0.503438
250000 0.423058 -0.502203 0.580824 0.0913487 -0.202924 -0.0946586 0.167226
251000 1.16025 0.112062 0.801021 0.499142 0.290771 -0.632776 0.69111
252000 1.74576 1.66038 0.926374 0.288472 -0.187864 -0.658607 1.44417
253000 0.97412 0.640869 0.121943 0.27186 0.299378 -0.0232296 0.578977
254000 0.591049 -0.225009 0.324675 0.569866 0.0968443 0.53225 0.230238
255000 -0.120632 -0.584145 0.81269 -0.247141 0.25125 0.0373401 0.0359709
256000 0.757727 1.73506 1.04477 0.334153 0.641719 0.117015 1.17918
257000 0.749312 1.48718 1.09244 -0.0905733 -0.198412 -0.0207406 1.10964
258000 0.837787 0.958916 0.513791 -0.214495 -0.0441601 -0.509117 0.770165
259000 -0.676348 0.78704 1.01169 0.343878 -0.437411 0.0710217 0.374128
260000 -0.00134088 0.70671 1.28738 -0.0708282 0.139634 -0.497904 0.664251
261000 1.29149 1.33505 1.64287 -0.340987 -0.314293 -0.275038 1.42314
262000 1.1205 1.05126 0.715741 0.0973009 -0.430895 0.0592467 0.962499
263000 1.58689 1.49613 1.31721 0.391545 0.119615 0.175277 1.46674
264000 -0.520347 -0.50279 1.12226 0.0831671 0.87181 0.335054 0.033041
265000 0.523986 1.53571 1.37215 -0.24298 0.0636095 -0.254173 1.14395
266000 -1.0424 0.42243 -0.353383 -0.322766 -0.672942 -0.227263 -0.324449
267000 1.54908 1.08441 0.518879 0.12888 -0.455663 0.211008 1.05079
268000 0.72099 -0.587811 0.156247 0.199539 -0.256753 1.00508 0.0964753
269000 -0.269839 0.503575 0.954096 -0.526788 -0.522405 -0.0221172 0.395944
270000 0.728728 1.48741 0.208125 -0.314343 -0.169474 0.767881 0.808086
271000 0.0530679 0.375751 0.466483 0.286124 0.064549 0.488435 0.298434
272000 1.02437 0.585479 0.889386 -0.379321 -0.282937 0.586592 0.833078
273000 -0.0867678 -0.355852 0.235548 -0.327004 -0.0555172 0.323851 -0.0690242
274000 0.0935798 0.0987828 1.38825 0.0388348 0.289974 0.254617 0.526872
275000 -0.782424 -0.591091 -0.216789 0.705096 0.0336341 0.156396 -0.530101
276000 0.263516 0.22426 -0.546328 0.74714 0.223627 0.313189 -0.0195172
277000 0.783626 0.990524 1.03711 0.439032 0.359781 -0.0727239 0.937087
278000 0.14342 1.76584 -0.28081 -0.223842 -0.237081 0.297736 0.542815
279000 0.494835 0.287609 0.409834 -0.363833 -0.0671421 -0.255034 0.397426
280000 0.639723 1.95076 0.265425 -0.484065 -0.24149 0.424123 0.95197
281000 0.173389 1.16671 0.457466 -0.282714 -0.142377 0.627193 0.599188
282000 1.01648 1.46913 0.0979962 -0.318789 0.454043 0.444398 0.861203
283000 0.226058 1.72913 0.503949 -0.358734 -0.279421 0.734576 0.819712
284000 1.17257 1.43952 0.579838 -0.0264513 0.536045 0.0665172 1.06398
285000 0.145837 -0.591501 1.10649 0.362335 -0.377488 0.384924 0.220277
286000 0.568506 -0.03386 -0.648923 -0.196407 -0.055034 0.192939 -0.0380922
287000 0.262831 1.64569 0.0818554 -0.0486555 -0.386072 -0.187676 0.66346
288000 0.0278721 -0.099019 0.945271 0.524327 0.428666 0.102024 0.291375
289000 1.67569 0.473075 -0.334276 0.232942 0.209734 0.539468 0.60483
290000 0.905161 0.181801 -0.574737 0.460984 0.550379 0.0951308 0.170742
291000 0.00345923 0.573147 0.290973 -0.69234 0.37615 -0.231358 0.289193
292000 0.554407 1.19521 1.16277 0.460811 -0.219468 0.242121 0.970796
293000 0.506258 -0.0845379 0.951003 0.0906793 -0.929176 0.0359676 0.457575
294000 0.679426 0.364335 2.09344 1.12476 -0.351724 0.515156 1.04573
295000 -0.249864 0.185326 -0.83172 -0.290857 0.422536 -0.46082 -0.298753
296000 1.59461 1.28837 0.358651 -0.414402 0.317568 -0.10566 1.08054
297000 0.472404 0.560658 0.326655 -0.598909 -0.611612 -0.0773711 0.453239
298000 -0.688737 0.680758 0.0372388 -0.107825 0.270282 0.904445 0.00975352
299000 0.02148 1.81424 1.11095 -0.0618665 0.581668 -0.403212 0.982221
300000 1.1464 1.68796 1.26665 0.236053 0.221044 0.218576 1.367
301000 0.684768 1.14494 0.872854 0.000152177 0.732793 0.242947 0.900854
302000 1.00477 1.08379 1.39377 -0.311852 0.720361 -0.230568 1.16077
303000 0.891206 0.164111 1.20877 0.317009 0.227511 -0.0542268 0.754697
304000 0.663047 0.114063 0.835239 -0.252038 -0.540519 -0.463935 0.537449
305000 0.323307 -0.28331 1.66193 0.210231 -0.867243 -0.632894 0.56731
306000 0.580698 0.89098 2.26418 -0.402864 0.555796 0.116109 1.24528
307000 -0.390556 0.121955 1.05786 -0.296885 0.287093 -0.212491 0.263087
308000 0.283379 1.11132 -0.278508 0.0875879 0.157792 0.525696 0.372063
309000 0.0589153 0.424795 0.555197 -0.00309149 -0.560171 -0.0619574 0.346302
310000 0.614724 0.721202 0.249778 -0.631264 -1.37962 0.250457 0.528568
311000 0.61039 1.64228 1.16739 0.430246 -1.15819 -0.159335 1.14002
312000 -0.323904 1.03222 -0.244366 0.16145 0.216176 -0.121481 0.154651
313000 1.05234 0.646409 0.658384 0.184412 -0.557357 -0.0162097 0.78571
314000 -0.50439 0.63745 0.667314 -0.915349 -0.137589 -0.523205 0.266791
315000 0.16653 0.685952 0.215492 -0.18446 1.14155 0.209792 0.355991
316000 1.00381 0.666476 0.515802 0.373166 0.700329 -0.0986268 0.728695
317000 0.0742384 1.94821 1.55165 0.370463 -0.277507 -0.119113 1.19136
318000 0.337635 -0.425581 1.65513 0.376773 -0.23417 -0.491319 0.522394
319000 1.87731 0.901399 1.01025 0.0446758 -0.0262369 -0.204896 1.26299
320000 0.857733 1.39933 0.20878 -0.250898 -0.323258 0.609493 0.821948
321000 0.601149 0.491916 0.0730955 0.577352 -0.109197 0.016791 0.38872
322000 1.06215 1.23419 1.0847 -0.835351 -0.356667 -0.862583 1.12702
323000 2.77637 1.58612 0.61649 0.659088 -0.109933 0.637101 1.65966
324000 0.473806 -0.252081 -0.552581 0.358826 -0.22072 0.407199 -0.110286
325000 -0.0889701 1.13391 1.84855 0.930485 -0.0980934 -0.556967 0.964497
326000 0.630032 -0.0679251 0.624825 0.059632 0.110633 0.100254 0.395644
327000 -0.0288701 0.602527 0.192745 0.189743 0.522803 0.602828 0.255467
328000 0.261577 1.11247 0.775961 0.0616456 -0.332238 -0.0887774 0.71667
329000 -0.265037 -0.227607 0.70397 0.514589 -0.0321115 -0.42904 0.0704421
330000 0.477285 1.21221 0.661905 -0.248137 -0.0490655 -0.269193 0.783798
331000 0.983105 0.608982 0.703804 -0.287982 -0.277467 0.350969 0.765297
332000 0.471103 0.152206 2.09252 -0.325074 -0.420184 0.0209985 0.905276
333000 0.17183 0.323244 -0.0419536 0.634722 -0.24831 -0.115753 0.15104
334000 0.462481 -0.180097 -1.34436 0.497772 -0.0901049 -0.278817 -0.353991
335000 0.725325 -0.4636 -0.0965283 0.0583614 -0.0478981 0.220797 0.0550655
336000 0.0760891 0.0649392 1.54115 -0.117748 1.12471 -0.58403 0.560727
337000 0.646195 0.872193 0.411995 0.0714404 0.410538 0.249751 0.643461
338000 1.08854 0.913523 -0.44367 0.139985 -0.31047 0.964039 0.519466
339000 1.29094 0.763171 2.12838 0.0688805 0.0236532 0.489638 1.39416
340000 1.79244 0.837781 0.939333 -0.0438034 -0.0311198 -0.356159 1.18985
341000 -0.417451 0.149995 1.66791 0.234444 -0.632099 0.790202 0.466818
342000 0.381899 1.81843 1.46 -0.440217 -0.476441 -1.26214 1.22011
343000 0.878336 1.00934 0.773357 -0.9735 0.800583 -0.419921 0.887013
344000 1.24645 0.806603 -0.259566 -0.646603 0.326478 0.220781 0.597829
345000 0.98179 0.856875 1.03122 -0.433484 0.830039 -0.348392 0.956629
346000 -0.755857 -0.582656 1.35092 0.108435 -0.316375 -0.095308 0.00413474
347000 0.564646 0.609442 0.440555 -0.19385 -0.358773 0.00961953 0.538214
348000 -0.050151 0.557949 0.260521 -0.163789 1.06282 0.0597764 0.256106
349000 1.38145 0.933258 0.315209 -0.0165719 0.363346 -0.241687 0.876638
350000 0.0632465 0.569445 1.04416 -0.0314058 0.580465 0.0311926 0.558952
351000 0.659336 0.0800874 -0.311019 0.84876 -0.592172 0.0116673 0.142802
352000 -0.687941 -0.803451 0.57197 0.545592 -0.176668 0.0594184 -0.306474
353000 0.13527 0.458395 1.48183 -0.513208 -0.424001 0.751001 0.691833
354000 -0.355653 1.35898 1.08244 -1.56721 0.0567981 -0.00758787 0.695255
355000 1.06552 1.39009 1.24049 -0.742187 -0.000833981 -0.606786 1.23203
356000 -1.0386 -0.225569 0.65906 -0.819699 0.332318 0.261851 -0.201702
357000 0.123117 1.46246 0.54924 -0.0314808 -0.176027 -0.0801115 0.711606
358000 1.94362 1.83125 1.0439 -0.0859468 -1.13701 0.28209 1.60626
359000 0.201511 0.607213 1.18949 0.57892 -0.17981 0.0324383 0.666073
360000 1.50559 1.70031 0.189184 0.476289 0.991538 0.0371244 1.13169
361000 0.634396 2.49891 1.44828 0.838587 0.0310881 0.580406 1.52719
362000 -0.554998 -0.234574 0.433817 0.465397 0.224213 -0.379944 -0.118585
363000 1.42014 1.62405 1.30355 -0.295077 0.114998 0.468025 1.44925
364000 1.20693 0.204403 0.07305 -0.546665 -0.11921 -0.653329 0.494794
365000 0.986589 0.642734 0.333428 0.114089 0.402269 -0.0916493 0.654251
366000 0.815009 1.17968 1.58967 0.711391 -0.982113 0.798707 1.19479
367000 0.250315 1.79045 -0.161217 -0.384472 -1.27512 0.828107 0.626517
368000 1.02464 0.314426 0.714802 -0.510356 0.290848 0.595143 0.684621
369000 0.84873 0.0467887 0.529679 -0.382539 0.117096 -0.0283375 0.475066
370000 1.99674 2.62368 0.595824 -0.523339 -0.254113 -0.133229 1.73875
371000 0.852148 -0.173932 0.745659 -0.395633 -0.932732 -0.0154829 0.474625
372000 0.543402 1.00924 0.412142 -0.972455 0.507028 -0.488901 0.654928
373000 0.637689 1.17624 1.44814 -0.435503 -0.35372 -0.0639911 1.08735
374000 1.05256 1.87705 0.619331 0.0328753 -0.552433 0.81872 1.18298
375000 -0.515667 0.163331 -0.0184797 -0.0653118 0.259353 -0.601417 -0.123605
376000 1.62991 0.647697 0.969765 -0.119904 0.297974 0.380426 1.08246
377000 0.384467 1.20367 0.366955 -0.0983764 0.254053 -0.220662 0.651696
378000 1.67261 1.3447 0.897155 -0.570837 -0.920935 -0.350859 1.30482
379000 -0.525434 1.09754 -0.701456 -0.336201 0.417134 -1.36998 -0.0431155
380000 0.599138 1.4362 1.19319 -0.811598 1.09293 -0.114379 1.07618
381000 0.657052 0.00685619 -0.796439 -0.980908 0.154622 -0.408786 -0.044177
382000 -0.837406 1.04447 -0.529998 -0.247336 0.32721 0.888668 -0.107643
383000 0.657925 1.08052 -0.701539 -0.879654 -0.559066 0.0761864 0.345635
384000 -0.0523422 -0.070219 -0.937191 -0.0647808 -0.796116 -0.936516 -0.353251
385000 2.12364 2.02941 0.533171 -0.182323 -0.242713 -0.828348 1.56208
386000 0.210842 1.37852 0.710453 0.020093 0.508512 0.32505 0.766606
387000 1.17706 1.40599 1.11573 -0.287969 -0.442079 -0.0899065 1.23293
388000 0.754459 1.13255 1.36047 -0.0410319 0.0579817 -0.734167 1.08249
389000 0.769212 1.43863 -0.00139184 0.304287 0.76245 0.199622 0.735484
390000 1.61051 0.512272 -0.933585 -0.929026 -0.743899 0.594341 0.396399
391000 1.73745 1.55137 2.67288 -0.682634 -0.579821 -0.154577 1.98723
392000 1.54517 -0.142942 2.85214 -0.822974 -0.208349 0.364496 1.41812
393000 1.72516 1.70657 2.48395 -0.862021 -0.94697 -0.0226957 1.97189
394000 -0.168429 0.628353 0.0313675 -0.663998 1.31215 1.69307 0.163764
395000 0.301663 -0.304183 1.80958 0.0646239 0.652642 -0.311242 0.602354
396000 2.68087 0.556314 -0.875744 0.844144 0.394201 0.697912 0.787147
397000 3.12382 1.71817 -0.475213 -0.473905 -0.178693 -0.656924 1.45559
398000 1.21361 2.45757 1.21227 0.556418 0.0510557 -0.247648 1.62782
399000 0.496036 2.29377 1.97177 0.217902 -0.374601 0.186165 1.58719
400000 0.983021 0.797178 1.72603 -0.283953 0.733545 -0.380352 1.16874
401000 2.24133 1.40403 0.239586 -0.417997 0.13563 0.348887 1.29498
402000 0.366035 0.535135 1.21523 -0.183757 0.268765 0.514578 0.705467
403000 0.434493 0.369187 0.120351 -0.142256 0.600781 0.270871 0.30801
404000 -0.670403 -0.281713 0.126359 -0.071495 0.740535 0.478687 -0.275252
405000 -0.815429 -0.105081 0.337151 0.215072 0.425369 -0.732722 -0.194453
406000 1.7158 0.532778 0.71352 0.209974 -0.405054 0.719497 0.987365
407000 1.76435 -0.111928 -0.100713 0.466642 -0.33891 0.994423 0.517237
408000 1.35854 2.54257 2.49621 0.710768 0.217324 0.0495598 2.13244
409000 1.77349 1.37855 2.15097 -0.46533 0.701583 -1.02692 1.76767
410000 -1.24709 0.385439 1.45268 -0.184388 0.250495 0.346608 0.197009
411000 -0.543486 0.656499 0.379932 1.10462 -0.0427075 -0.0963595 0.164315
412000 0.945507 0.957618 1.13623 -0.405291 -0.121879 -0.762019 1.01312
413000 2.19444 2.474 -0.975374 -1.63586 -0.256651 -0.246196 1.23102
414000 0.174504 -0.421097 -0.653571 -0.262781 -0.598163 -0.700428 -0.300055
415000 2.06236 0.868982 0.852359 0.351917 1.53059 -0.335131 1.26123
416000 -0.833911 1.00334 1.14394 -0.247791 -0.953376 0.286301 0.43779
417000 0.434732 3.5065 3.38483 -0.829218 -1.05254 -0.123965 2.44202
418000 0.0172447 -0.106506 -0.736958 0.384203 0.346446 0.856954 -0.275407
419000 0.307262 0.0159468 0.282591 0.0223561 0.541835 -0.218936 0.201933
420000 -1.12197 1.01928 1.22242 -0.495756 -0.0904265 -0.105098 0.373243
421000 -0.528654 0.447763 1.44172 0.351748 0.836707 -0.0368236 0.453609
422000 1.88638 -0.245668 0.852914 -1.01431 -0.0385602 -0.744549 0.83121
423000 -0.0650243 0.34062 1.10717 -1.33115 1.11186 -1.72413 0.460922
424000 0.588807 1.64878 -1.47462 0.341962 -0.738271 0.0478485 0.254323
425000 0.755375 0.483481 0.741126 -0.996903 0.582305 -0.159415 0.659994
426000 2.04579 2.28191 1.03807 1.21667 0.0597177 -0.342164 1.78859
427000 2.15062 0.111432 1.45341 0.517486 -1.04204 -1.07592 1.23849
428000 0.447561 0.303218 0.774623 -0.975028 0.306446 -0.688365 0.508467
429000 1.92338 -0.99642 -0.00165058 0.495477 -0.542384 -0.407036 0.308437
430000 0.912421 0.267838 0.893792 0.21553 0.545464 -1.88349 0.691351
431000 1.05987 0.775109 0.913495 -0.917878 -0.456835 0.367112 0.916159
432000 0.567066 -0.373217 -1.217 -0.36186 -0.368084 -0.331493 -0.341052
433000 1.20039 1.54662 1.54093 0.802374 -0.659049 -0.57032 1.42931
434000 1.31859 2.01583 3.24889 0.183771 -0.109657 0.0987355 2.19443
435000 1.83307 0.568369 1.70163 1.86795 0.190404 -0.0931721 1.36769
436000 0.554534 1.16746 1.16646 -0.912881 0.280884 0.776214 0.962819
437000 0.495737 0.809163 -0.796787 -0.538237 0.779334 0.0874907 0.169371
438000 0.620055 1.91753 1.68714 0.949065 -0.102386 -0.130297 1.40824
439000 1.05338 -0.532801 1.39398 1.23903 0.523811 0.247274 0.638186
440000 1.06122 -0.316074 1.3617 0.0925613 0.659214 0.222824 0.702282
441000 -0.221726 0.882281 2.70889 -0.500503 -0.786997 0.596799 1.12315
442000 1.98221 1.70763 1.50845 -0.150844 0.396681 -0.0245513 1.73276
443000 0.788015 2.45084 2.58334 -0.592967 0.755648 0.580338 1.94073
444000 2.16646 -0.35237 -0.0979167 0.166778 -0.131427 0.576427 0.572057
445000 2.43325 2.8565 0.850122 -0.920008 0.243896 0.387023 2.04662
446000 1.1561 2.7164 0.147667 0.0158105 0.313443 -1.49111 1.34006
447000 -0.723792 -0.0879594 -0.376771 -0.845702 -0.231753 -1.04126 -0.396174
448000 -0.837511 -2.0961 1.99874 -0.439873 0.95559 -1.37208 -0.311626
449000 1.85017 0.206449 2.03215 0.0956373 -0.221124 -0.531623 1.36292
450000 0.586463 3.42389 1.92184 0.0521392 -0.549647 -0.33245 1.9774
451000 0.169797 2.27042 2.9679 0.262362 -0.70541 0.0935898 1.8027
452000 0.308556 3.18457 2.90075 -0.422815 -0.426525 -0.131734 2.13129
453000 1.70272 1.12957 1.79552 0.219168 -0.811561 -1.10584 1.5426
454000 0.149676 0.799347 0.775996 -1.29696 -0.45389 -0.740152 0.575006
455000 0.194083 -0.279839 0.356147 0.742889 0.254607 -1.09954 0.0901306
456000 -0.854592 0.649861 0.276699 0.544833 1.46624 -0.379169 0.0239893
457000 0.417571 -0.0636296 1.03485 -0.410874 0.0368618 -0.369378 0.462931
458000 2.25913 0.500245 2.47407 0.535211 0.84096 0.335559 1.74448
459000 1.5363 -1.91356 0.318734 0.803468 -0.766102 -0.866244 -0.0195088
460000 2.74246 -0.786554 1.55767 -1.01335 0.664297 -1.24347 1.17119
461000 2.93696 1.48729 2.51778 -0.246973 0.581866 0.55303 2.31401
462000 -1.27077 -1.57944 0.00481412 -0.144026 0.161229 -0.769075 -0.948462
463000 -1.26718 0.194971 1.86063 -0.960179 0.360893 -0.0480286 0.262808
464000 1.68501 -1.25458 2.11286 -0.482268 0.42387 0.481652 0.847762
465000 3.13603 1.06116 1.67811 0.179954 -0.457244 -0.215646 1.95843
466000 2.14224 3.03991 2.52604 -1.01127 0.179248 -0.266017 2.5694
467000 -0.525214 1.25727 0.138954 -1.77479 -0.817867 -0.287241 0.290338
468000 1.06344 2.54727 0.0649604 -0.43013 0.268134 -1.09293 1.22522
469000 1.71327 2.65113 -0.183935 1.01466 1.09074 0.284279 1.39349
470000 1.3358 2.48082 -0.116939 -0.506833 -0.391812 -0.41055 1.23323
471000 0.919698 1.54652 0.430681 -1.05973 -1.07757 0.0263028 0.965633
472000 1.84132 2.12671 2.00844 -0.341347 -0.342211 0.490114 1.99216
473000 2.09042 1.65271 2.79134 -0.448509 0.301478 0.960275 2.17815
474000 -1.38149 0.662621 -1.14209 -1.27456 -2.11384 -0.890294 -0.620319
475000 2.3331 1.0256 -0.95665 0.369368 0.444217 0.902164 0.800685
476000 1.99083 2.19065 0.685609 0.743331 -0.311171 0.664904 1.62236
477000 1.87361 1.70709 0.277803 0.522486 -0.136804 -0.794155 1.28617
478000 0.938462 0.535784 2.55612 2.5547 1.64846 -0.358497 1.34345
479000 0.219648 0.0146597 0.941372 -0.782139 0.197854 -0.219308 0.391893
480000 1.87987 1.7134 -1.13871 -0.413328 1.10288 1.01902 0.818188
481000 1.46285 2.09564 0.948293 -0.465676 0.783268 -1.01752 1.50226
482000 -0.164853 0.0502512 -0.545832 0.106876 -0.0338266 -1.65675 -0.220145
483000 1.19341 0.0961484 -0.709355 0.443766 -0.850893 0.663283 0.1934
484000 2.61541 0.357182 -0.675975 -0.429517 0.695529 0.772338 0.76554
485000 1.2178 3.09337 1.78932 -0.581127 0.919762 0.22319 2.0335
486000 1.67006 0.777974 0.240416 -0.338527 -1.05283 0.998163 0.89615
487000 2.89175 2.2705 0.641122 0.276567 0.57302 0.109543 1.93446
488000 1.25209 -0.151747 1.77967 -0.651065 -0.573783 1.53355 0.960004
489000 1.23629 2.23067 2.5398 -0.106484 -0.685223 0.972913 2.00225
490000 1.63853 0.443792 2.26153 0.834276 -0.284169 1.11813 1.44795
491000 3.27074 2.12045 0.724904 -0.553675 -1.1224 0.831055 2.0387
492000 -0.246542 -0.446773 -2.14555 -0.677417 -1.55374 -0.0246261 -0.946287
493000 1.50048 0.4664 -0.323048 0.916209 -1.94164 -0.465868 0.547945
494000 2.03199 -0.837434 -0.142936 -0.770563 0.669364 -0.506545 0.35054
495000 0.33002 -1.59687 -2.83045 -1.68391 0.73218 0.887299 -1.36577
496000 1.71212 -1.40767 -0.302746 -0.513231 0.54044 0.13963 0.000565723
497000 1.61166 3.15656 2.10902 0.865672 -0.228503 -1.14288 2.29242
498000 -0.36691 0.771556 0.432557 -0.537383 -1.7004 1.70486 0.279068
499000 -1.56398 1.52793 -1.93107 -0.134571 -0.509369 1.13977 -0.655703
500000 3.18079 0.994824 1.39313 1.70171 0.0698962 -0.963067 1.85625
501000 3.16936 1.02054 -0.485 -0.249643 -1.56325 -0.878186 1.23497
502000 1.12845 -0.241869 -0.868017 -0.054434 1.15433 -0.36338 0.00618887
503000 2.01084 4.56081 1.79508 0.586267 0.981396 1.24129 2.78891
504000 -0.0757584 0.446808 -0.588548 1.33401 -0.572316 -1.08574 -0.0724994
505000 1.56864 1.87978 2.13618 0.169536 0.216289 1.9367 1.86153
506000 0.538721 4.55283 0.486721 -0.662274 0.910626 0.890986 1.85942
507000 0.0772572 -0.887391 -0.5072 -0.879232 -0.214029 1.52678 -0.439111
508000 0.591142 0.651357 -0.792126 -1.34406 -1.77749 -0.606416 0.150124
509000 0.749812 1.48754 2.81189 -1.35468 -0.212305 0.470214 1.68308
510000 0.456299 2.39617 4.48795 -0.931637 -1.39162 -0.775592 2.44681
511000 -0.407375 1.58057 1.88536 -2.61042 1.31755 -1.3186 1.01952
512000 0.265827 -0.703976 2.54718 -0.0243163 -0.626537 -0.169526 0.703011
513000 -0.633405 0.558126 2.71018 0.773936 1.94438 1.25257 0.878301
514000 -0.724509 3.0633 -0.140265 0.494442 0.367759 -1.62718 0.732841
515000 1.8981 0.767965 4.99822 -0.275127 0.277529 -0.422872 2.55476
516000 2.47303 2.56413 3.83296 0.671391 -1.36228 0.389692 2.95671
517000 -0.0239683 3.52805 1.88477 2.83681 0.108341 -1.89852 1.79628
518000 -1.35978 3.44668 0.600242 -0.514781 0.947579 -1.48206 0.895714
519000 0.642287 -0.489441 -0.20487 -0.33056 -0.193609 -2.08726 -0.0173413
520000 1.08832 1.11698 2.07345 -0.647429 0.135677 0.972963 1.42625
521000 2.25039 -0.853944 3.85945 0.602041 -1.37489 0.281955 1.75197
522000 1.16666 -0.479788 3.2816 -0.0667844 0.409117 0.372823 1.32282
523000 -0.735325 0.433236 2.40547 -1.64088 -0.158211 0.24008 0.701126
524000 0.89021 1.44709 2.29995 -0.326277 -0.44088 -0.94873 1.54575
525000 1.49049 -0.927968 -0.564029 -0.0223784 0.0930887 -0.405121 -0.000503582
526000 -2.84175 1.42385 0.175834 0.202595 -0.75024 0.629997 -0.414022
527000 1.1017 -0.136914 1.05162 -1.56183 1.575 -0.397126 0.672136
528000 1.90271 1.51808 -2.37356 -0.428935 0.948062 -0.173088 0.349077
529000 2.45762 0.94855 0.502556 -0.180933 0.699369 -0.935758 1.30291
530000 -1.77367 0.398234 -1.62368 -0.289202 -0.858387 -0.820595 -0.999705
531000 1.65704 2.75965 -0.744307 0.14676 0.670912 -1.18183 1.22413
532000 -1.24074 0.931446 3.86945 1.37616 1.7281 0.149986 1.18672
533000 -0.77602 -2.19358 -0.130481 -0.21525 -1.38052 0.306297 -1.03336
534000 1.33613 0.679791 0.350072 -0.705816 0.0908002 -1.14151 0.788666
535000 0.54459 1.7809 2.77671 -0.0077661 0.0423486 -0.892622 1.70073
536000 1.6737 4.40664 2.52467 -0.741512 -0.56412 0.843638 2.86833
537000 5.14518 5.83474 2.06183 0.999572 -0.915014 -0.423432 4.34725
538000 4.47351 -0.969868 3.57382 -1.4872 -0.755938 -0.280424 2.35915
539000 2.82389 1.20079 2.50022 1.85734 -0.597669 0.877117 2.17496
540000 -0.096383 -1.52282 1.26463 -1.17671 -0.429273 -1.21112 -0.118191
541000 0.509424 -0.727957 3.77479 -1.01152 -1.51632 1.65525 1.18542
542000 1.38013 0.942365 2.87868 0.102695 -0.458849 -0.136797 1.73372
543000 2.9408 3.85417 3.33676 -0.858017 1.10994 3.21413 3.37725
544000 2.16831 0.459919 2.18904 -1.59794 0.977749 -1.44041 1.60576
545000 -0.0794676 0.74218 -1.69516 0.0328839 1.12064 -0.212575 -0.344148
546000 -1.23305 -2.5413 -3.01764 0.0754009 -1.11376 1.12582 -2.264
547000 0.293554 1.15389 -1.73291 -1.47633 -1.56759 -1.49392 -0.0951548
548000 1.12474 -2.60545 -2.34639 0.75907 0.43771 1.3784 -1.2757
549000 2.07517 3.95278 -0.826674 2.29981 -0.113025 0.458811 1.73376
550000 -0.836198 2.40707 0.243634 -1.04456 -2.04519 0.0381907 0.604835
551000 -1.22109 -0.303821 -0.489563 -1.38388 -0.244347 -0.722214 -0.67149
552000 0.170382 -1.4961 -1.53702 -0.537646 -1.01169 -0.847046 -0.954246
553000 1.87292 -1.6054 -0.570364 0.877641 -2.32961 1.07855 -0.100948
554000 2.21981 1.64062 -0.773919 -1.47243 1.48372 1.11151 1.02884
555000 -0.280257 2.09029 4.5881 -0.667356 -0.932394 -0.373022 2.13271
556000 1.26404 -0.570084 0.451368 0.321757 -1.71897 0.420253 0.381776
557000 5.11963 1.51883 -0.00191426 0.218203 1.80438 -0.869554 2.21218
558000 2.15501 -0.166721 -1.0696 1.09557 -0.535206 -1.22683 0.306229
559000 -0.546638 2.99581 -0.0869644 0.989517 0.208147 0.15499 0.787401
560000 0.974099 0.79474 -0.778351 0.950653 0.312184 2.49875 0.330163
561000 1.45084 0.225491 1.22164 0.222339 -0.0154482 2.58435 0.96599
562000 2.07241 -1.49945 -1.90058 0.91709 1.28521 -0.232845 -0.442539
563000 3.66578 1.36253 -1.38082 3.09402 -0.842486 4.34484 1.21583
564000 5.40062 0.573905 -0.570253 0.0244673 1.79362 -1.23489 1.80142
565000 -0.0298574 3.0972 1.73674 0.514837 2.1139 1.43268 1.60136
566000 -0.927708 2.2004 0.00966958 -1.38299 -0.904553 1.21672 0.427452
567000 -1.37988 0.867828 -1.65451 -2.4685 -0.442672 -0.244724 -0.722188
568000 1.74407 0.764259 0.470907 1.40154 -1.42368 -1.48276 0.993077
569000 1.54383 -0.098627 -0.705747 0.106294 0.940374 -2.02227 0.246484
570000 -1.45907 -2.30705 -5.28325 0.292558 0.636068 -1.34482 -3.01646
571000 1.91481 1.52691 1.25082 -0.509272 -0.141447 1.20013 1.56418
572000 -1.00243 2.65265 -1.16161 -0.0338665 -1.61081 0.202532 0.162869
573000 4.49484 -0.884425 -0.851859 0.102815 -3.66548 1.73749 0.919518
574000 1.05462 0.282261 -0.25316 -1.42063 1.21386 0.325626 0.361241
575000 2.23071 3.71332 4.72249 -1.67312 1.74 0.506559 3.55551
576000 -0.0851599 2.52499 3.40915 0.207445 2.01404 0.164414 1.94966
577000 3.64144 -1.31886 -0.435567 -0.615827 0.608938 -0.558506 0.629004
578000 1.27158 1.83357 3.43404 -0.104668 -0.988877 0.490962 2.17973
579000 -0.531001 0.853086 2.01473 2.87316 -2.57219 2.09757 0.778938
580000 4.46668 3.12559 3.85668 0.305051 1.229 1.79959 3.81632
581000 -0.912584 2.6016 -0.350757 0.332627 -0.843743 -2.01109 0.446086
582000 3.94903 3.75248 1.4041 -1.30264 0.739463 0.840499 3.0352
583000 2.28304 0.823293 2.9493 -0.310992 0.498332 -3.34406 2.01855
584000 4.07472 -1.5464 0.356899 -0.725019 -1.70826 1.4558 0.961742
585000 1.46004 -0.599957 -1.30275 2.83901 -0.771013 -1.50876 -0.147553
586000 3.39719 5.23899 8.4889 0.0365118 3.51171 -1.00161 5.70836
587000 0.106692 0.668799 3.24074 -0.214435 0.198948 -1.30835 1.33874
588000 1.60819 2.73944 2.97691 0.360643 2.47888 -0.152424 2.44152
589000 2.39446 -0.675179 2.10071 -1.99998 3.35543 0.26456 1.27333
590000 2.85518 -1.3255 0.948514 0.753041 1.94099 2.45107 0.826066
591000 0.871396 1.92547 -0.0666596 0.167168 0.238009 -4.03911 0.910068
592000 3.51512 4.70056 -1.97706 -0.919237 0.828761 -0.0369622 2.07954
593000 1.6274 -1.33504 -5.06736 0.585864 1.13122 -0.77151 -1.59166
594000 2.24889 4.98511 1.61583 -0.668469 -0.91823 -0.703666 2.94994
595000 -0.414092 2.68214 0.281465 -0.358042 0.303976 0.277436 0.849837
596000 0.530429 -0.249864 1.60329 -0.440119 -1.56045 1.30942 0.62795
597000 3.28262 1.86812 1.3133 -0.395612 0.506925 -0.141769 2.15468
598000 -0.391146 4.42443 1.75067 -0.696187 -0.1023 0.317118 1.92799
599000 -1.25258 -0.374977 -1.84981 -2.94885 1.394 0.954077 -1.15912
600000 4.74472 -0.502824 0.956635 1.45087 0.931118 0.851419 1.73285
601000 3.01638 2.91511 4.33551 0.910408 0.511916 1.22997 3.42233
602000 3.96086 2.51414 2.93108 3.38029 -0.68238 -0.122979 3.13536
603000 2.12668 3.00363 4.54962 1.41141 2.19558 0.803392 3.22665
604000 0.705992 1.83676 2.11273 0.552209 0.0671425 -1.86764 1.55183
605000 0.0361178 -2.5757 1.85452 0.365085 -1.73188 -1.25168 -0.228354
606000 -0.746335 -1.01966 3.65556 0.700914 -0.576123 2.66428 0.629854
607000 1.25465 0.674987 3.41097 -2.00576 -1.60094 0.924552 1.7802
608000 4.06102 4.08558 3.998 -1.92551 4.5731 1.19009 4.0482
609000 1.72871 1.50108 5.36729 -2.82399 1.57579 -0.227681 2.86569
610000 -1.55121 2.81813 2.65629 2.37929 2.03044 -1.23601 1.30774
611000 -0.687207 0.787472 -3.04676 0.0935667 -0.0879241 0.0561556 -0.982164
612000 -3.3212 1.64543 -3.59004 -1.26388 1.72802 -1.59032 -1.75527
613000 3.30497 2.50616 -0.611474 -0.254264 0.737103 0.578905 1.73322
614000 1.28423 -1.93077 -0.809496 0.737186 -0.347574 -2.99003 -0.485345
615000 -2.16463 1.33474 -0.549951 0.272151 1.97625 -0.851885 -0.459946
616000 0.25673 1.97613 4.76298 -3.74567 2.43183 -0.401311 2.33195
617000 0.575862 4.83157 -2.9148 -1.09986 0.0260103 -0.410927 0.830879
618000 1.68808 -0.589546 -1.83602 -2.84478 2.51323 -4.53103 -0.24583
619000 1.26999 0.126129 2.91361 1.05174 -0.242804 0.400206 1.43658
620000 2.15849 0.174386 -4.3191 0.457143 -1.81201 -0.908449 -0.662074
621000 -2.00964 -2.86099 -1.48162 0.131204 -0.671562 -1.3654 -2.11742
622000 1.93381 -1.1574 2.31325 -0.946353 2.87218 1.7335 1.02988
623000 9.10256 8.44748 5.5536 0.783549 0.665043 2.50436 7.70121
624000 6.11053 6.21451 -1.27803 -1.52401 -1.37987 -2.21763 3.68234
625000 -1.7477 -2.36092 -0.15744 -2.10026 -0.146633 0.547685 -1.42202
626000 -2.17897 0.742539 -2.07205 1.08949 -2.23354 -3.63897 -1.16949
627000 -0.44642 0.182676 -1.74666 4.68418 1.56408 -1.91711 -0.670134
628000 0.510345 -1.3897 0.0808768 0.226864 -0.888759 -2.82921 -0.266159
629000 5.05761 1.83414 -4.45711 2.55971 0.606162 -1.06907 0.811546
630000 0.0234924 -1.31913 -3.30254 1.08657 -0.435427 -0.485701 -1.53272
631000 -1.71203 -2.94252 4.02329 -1.74489 3.60496 -0.920339 -0.210419
632000 -2.88897 0.58191 -1.79288 -0.0768839 0.52843 1.31383 -1.36665
633000 0.122511 -1.61808 -5.51235 0.140543 1.14225 1.94548 -2.33597
634000 -2.87731 -0.87829 -2.54421 -0.692021 -3.09385 1.25248 -2.09994
635000 4.37384 7.22088 5.2495 0.127678 0.225496 -0.915486 5.61474
636000 -1.86992 -3.85523 -0.195311 1.27234 -0.633251 -0.386921 -1.97349
637000 1.4666 -0.863336 2.08241 -1.17826 -1.28587 -2.35049 0.895225
638000 2.1891 5.78712 3.757 2.03417 -0.549068 2.02285 3.91107
639000 4.93005 0.0338041 5.69948 4.54058 -4.25347 -1.47405 3.55444
640000 0.900954 -0.418588 1.01084 1.17953 -0.575621 -1.19613 0.497737
641000 4.37938 3.92471 4.62855 -0.80021 1.06153 0.168647 4.31088
642000 -0.156746 2.72915 -1.74828 2.24626 1.8233 -0.923698 0.27471
643000 4.33805 2.46654 3.8078 -0.317067 -3.79784 -3.28178 3.53746
644000 3.69595 -1.72658 -0.21962 -3.26537 1.80143 -2.29958 0.583252
645000 3.37061 6.45806 -0.713393 -0.475756 0.639218 2.5464 3.03843
646000 -0.292695 3.53588 0.835517 2.40204 -0.707691 2.00434 1.35957
647000 -0.61406 1.93517 5.08906 -1.92531 2.07211 0.528045 2.13672
648000 -3.25021 -1.1595 1.47802 -2.94134 0.575329 2.43086 -0.97723
649000 2.96601 2.0708 0.0922117 1.96075 1.17818 4.59825 1.70967
650000 -5.13615 -0.680723 -6.94486 2.28937 0.0202947 2.0858 -4.25391
651000 -3.7793 1.86794 -6.48951 -1.36281 -1.1005 2.40176 -2.80029
652000 1.14849 1.9451 -0.227461 -0.352729 -0.61237 3.67072 0.955377
653000 1.01303 1.30488 -0.151874 3.72549 -1.80833 0.761007 0.722013
654000 4.24713 2.07072 4.83073 -6.31645 2.2983 -0.308214 3.71619
655000 5.64628 9.4068 -1.42581 -2.44997 -4.07966 2.25482 4.54242
656000 -0.278646 4.4153 -2.30876 0.271951 0.0284786 -2.5083 0.609296
657000 5.29344 -1.90164 -1.30023 1.42273 4.9474 -3.33427 0.697191
658000 3.55948 3.0576 2.60176 -3.45198 4.11123 -0.767733 3.07295
659000 -1.29402 -1.63671 3.01977 4.26877 -0.660791 -0.522272 0.0296782
660000 3.92703 4.8745 3.35619 -3.68317 2.26773 1.27293 4.05257
661000 -4.40222 -1.85598 -0.0165432 -5.38997 -0.734149 4.18508 -2.09158
662000 1.5886 1.83568 -2.24095 -0.996595 2.2247 1.67455 0.394442
663000 -0.820503 1.04175 -4.75872 -1.63833 1.17667 0.501395 -1.51249
664000 -2.2678 -1.55918 -4.95948 0.0734152 2.48165 1.62124 -2.92882
665000 -1.19471 1.97122 1.3158 -2.85888 2.6769 -1.17598 0.697438
666000 3.30149 2.03734 0.510312 -1.07809 2.45011 2.57613 1.94971
667000 -5.83287 -1.18125 -2.76873 -4.34008 -4.88824 2.4534 -3.26095
668000 1.44925 1.82649 -7.72634 -0.968982 1.0361 2.53746 -1.48353
669000 0.246122 -0.129897 -5.56399 1.47084 0.184525 2.48153 -1.81592
670000 5.52943 1.83865 2.29177 0.465173 1.35567 -0.291214 3.21995
671000 -6.55669 2.69368 -5.44095 -1.14335 -2.41411 0.00349229 -3.10132
672000 -0.55968 -3.31126 -1.25132 -2.19271 3.92968 -2.36992 -1.70742
673000 -3.02439 2.42404 4.23229 -0.313854 1.2403 -2.2957 1.21065
674000 -1.68463 0.696367 0.553673 -2.25672 -2.8176 -2.99334 -0.144865
675000 -5.83431 0.76719 0.598436 -0.297433 0.430548 -1.03777 -1.48956
676000 -7.64715 -7.57438 -8.16105 -0.192333 -0.0520232 1.41976 -7.79419
677000 2.55145 -2.32288 3.56558 -1.72228 1.28624 -0.447739 1.26471
678000 -0.485857 5.52004 -1.83728 -4.82238 2.58831 -0.187083 1.06564
679000 1.81082 -0.453392 3.98229 0.255966 -0.923061 1.88055 1.77991
680000 -4.97169 -2.87785 -4.15967 -2.60908 -1.75421 -0.676672 -4.00307
681000 -3.71592 7.34095 -7.08582 1.47169 4.95672 -0.401174 -1.1536
682000 8.17261 4.36717 1.17842 3.38919 2.18296 -1.19593 4.57273
683000 -8.40166 -1.75718 -9.3554 -0.0752343 -0.382743 2.45787 -6.50475
684000 -5.48944 -5.17705 -8.20671 1.97403 -3.02983 0.272929 -6.29107
685000 11.6815 0.784923 12.086 -0.721453 -0.653687 4.1466 8.18416
686000 -3.86746 0.389686 2.30423 -4.83333 1.76581 1.09265 -0.391184
687000 2.64456 0.757251 3.07664 -4.9938 1.17403 1.63469 2.15948
688000 -7.72458 -4.41368 -4.08858 0.477384 -2.27472 2.51967 -5.40895
689000 -5.03181 2.61971 4.99146 -3.3515 1.26619 -0.0495389 0.859787
690000 -6.62827 -1.77278 -2.94502 3.40897 -1.98105 -1.54108 -3.78203
691000 -9.56111 5.53307 1.07708 3.18688 0.600764 -1.92783 -0.983655
692000 -0.308954 2.06034 0.153312 -0.718736 -2.50972 0.544165 0.6349
693000 -8.13964 -7.12784 -4.72555 -2.65149 -2.38708 -0.168785 -6.66434
694000 -4.96959 -3.07835 1.65418 0.0358551 0.313405 0.245941 -2.13125
695000 -6.46907 3.15412 5.48588 -0.9176 -1.17547 1.74629 0.723645
696000 -0.362223 1.46498 -0.66894 1.59362 -2.04591 -6.3755 0.144605
697000 -5.6825 4.13987 1.95882 -5.09521 -1.30119 2.55615 0.138729
698000 2.3128 0.0677911 0.161273 -2.1454 -0.310001 3.21753 0.847288
699000 1.68402 6.15108 -5.98985 -1.63269 -2.31062 0.917808 0.615083
700000 -0.631203 7.08852 -2.40511 4.09732 0.947885 3.03551 1.35074
701000 1.42899 5.44455 -3.94866 -1.57008 4.4185 -6.29327 0.974962
702000 8.11544 6.09127 0.411109 -2.1603 2.4418 -5.52671 4.87261
703000 -3.3956 -1.82904 5.21526 -3.38543 -4.07532 -3.68958 -0.00312886
704000 9.64314 2.07909 6.44941 -2.9964 3.67381 -4.64525 6.05721
705000 -3.74602 6.63403 3.09155 -5.3423 5.59656 2.64725 1.99319
706000 7.92554 5.22731 0.267734 -0.567043 -2.91805 -6.99367 4.47353
707000 -7.46387 2.37727 -3.05365 0.326259 1.01198 2.05384 -2.71342
708000 -8.51512 -3.71647 -6.50363 1.34759 -2.84848 -1.38391 -6.24507
709000 -5.24868 -2.53435 1.40716 -4.05562 -3.0579 -2.31711 -2.12529
710000 2.63672 0.875424 5.41621 0.0199482 5.78034 -0.0868781 2.97612
711000 -1.53081 0.690046 1.30375 -1.8084 -1.01848 -1.51532 0.154327
712000 -5.86299 -7.25422 4.70195 2.45612 0.854886 -1.90291 -2.80508
713000 -7.61712 -2.80646 -3.88262 -0.02002 -5.55397 2.01256 -4.76873
714000 3.15657 1.96915 4.13778 -2.9038 -1.13935 0.0677379 3.08783
715000 -3.36065 -3.71848 1.45589 1.96005 -2.19131 -7.16116 -1.87442
716000 -2.62079 4.22354 -0.449607 0.192677 -2.91764 -5.11246 0.38438
717000 -2.30564 2.57067 0.119515 -1.28613 -0.34538 -2.08962 0.128179
718000 -2.64009 -6.00218 -0.0644057 -1.06351 -3.97963 -3.45279 -2.90223
719000 -1.98391 -1.43058 -5.98855 4.30817 -0.918224 2.97021 -3.13435
720000 -1.44358 -1.67108 -2.91571 3.88057 1.06264 -2.77623 -2.01012
721000 -1.30034 0.592969 11.2981 -2.12866 -2.52278 2.35262 3.53025
722000 -12.4897 -4.01692 -2.73243 -6.35647 6.56394 0.745712 -6.41302
723000 10.4269 13.5005 4.34793 -2.09194 7.35854 -3.15733 9.42511
724000 5.37086 -0.76269 2.79038 -5.09023 1.07492 3.12874 2.46618
725000 -2.50489 5.5199 9.31124 -1.12904 1.77107 6.80154 4.10875
726000 -2.37382 2.90703 -6.89496 0.128035 2.2987 1.39634 -2.12058
727000 3.9485 2.83539 8.17042 3.56899 -5.71135 1.05442 4.98477
728000 -3.60186 -4.84549 -2.15984 -0.0297357 -6.52587 -5.39084 -3.53573
729000 -1.73389 -2.99215 7.75132 0.730004 -2.00692 -1.3817 1.00843
730000 -1.30639 -4.9493 -1.66173 2.48031 0.316568 0.318278 -2.63914
731000 -6.52722 -4.43839 4.75523 -1.56174 -0.430064 2.33509 -2.07013
732000 0.562191 -3.88875 -5.52869 -1.82891 1.69505 -5.09932 -2.95175
733000 2.60056 -6.01149 9.77236 -3.39023 -1.73698 -2.37745 2.12048
734000 5.0691 -1.37322 -1.41802 2.26069 0.0980308 -4.34427 0.759287
735000 2.56591 -1.57143 3.31622 -3.75838 0.373918 -0.421857 1.4369
736000 0.408487 0.141493 -0.414726 -1.08699 -1.77649 -5.42312 0.0450848
737000 1.34988 -2.12911 -1.9167 -2.16592 -2.99555 -6.62806 -0.898643
738000 -2.28774 -17.4517 -4.87914 0.356609 2.27552 1.28444 -8.20619
739000 5.63935 -12.8971 0.66348 4.18968 2.51644 2.36203 -2.19809
740000 -7.01288 -6.81913 -0.412776 -1.38632 -2.52894 -0.255212 -4.74826
741000 5.29958 2.7861 8.647 -5.22592 0.21228 0.30504 5.57756
742000 10.7625 3.52882 17.5731 1.69901 2.4502 5.78576 10.6215
743000 7.80736 0.0191518 5.84419 -2.30543 -1.33499 -4.06155 4.5569
744000 6.03275 -2.33905 9.52768 2.10769 0.0415748 -4.43998 4.40712
745000 1.3624 -2.91414 0.832996 9.86813 3.83784 2.49404 -0.239581
746000 -6.16495 -11.7453 -2.24271 -2.49415 0.982878 3.14037 -6.71767
747000 -0.792293 -1.18113 -5.13208 -2.36748 -2.23249 -4.96911 -2.3685
748000 1.48594 -3.58606 0.946881 6.54733 -7.86908 -8.51976 -0.384414
749000 -0.913385 -3.52905 7.01878 -0.972116 5.99922 1.89025 0.858782
750000 -11.5842 -6.79397 -8.2294 -3.28246 -2.11047 1.25563 -8.86919
751000 -11.2081 -0.699958 3.34528 0.300223 4.3541 4.25543 -2.85425
752000 -2.17657 -5.79959 -0.444974 2.19791 -8.2446 1.3367 -2.80704
753000 1.05001 1.12503 -3.45885 5.16285 -2.27912 -2.71083 -0.427939
754000 -8.76488 -4.16804 3.19241 -0.961531 2.21302 -3.22289 -3.24684
755000 -1.68083 2.18649 0.257465 -1.3523 -0.197148 -2.01893 0.254376
756000 -4.10965 -8.36833 -7.3047 -5.55314 0.593356 2.36635 -6.59423
757000 2.99548 -2.36804 2.11652 2.06382 0.63023 -3.78616 0.914652
758000 5.07892 -6.95307 -5.49205 2.74331 -0.402955 -7.501 -2.4554
759000 -4.16336 -5.13873 -6.32289 -6.77588 -5.23962 0.305022 -5.20833
760000 -2.81331 -0.263872 6.56112 3.78842 0.538413 -1.5759 1.16131
761000 -14.7669 -12.3629 -10.0723 2.4248 -5.81333 1.68539 -12.4007
762000 -9.65175 -8.18673 0.290813 -6.58537 0.587189 -0.605502 -5.84922
763000 -14.7445 -5.68372 -3.04373 -7.26835 -1.16967 5.74455 -7.82398
764000 -2.41059 -0.843861 -2.43535 -1.40463 -2.05073 1.39975 -1.8966
765000 -9.38074 -7.72093 -13.887 -2.99183 -4.4739 3.67864 -10.3295
766000 -21.228 -2.70466 8.84375 1.83876 -3.03751 -1.57602 -5.02965
767000 -10.4075 -0.623716 6.87836 2.14875 -1.9523 -0.353516 -1.38428
768000 -12.067 -5.90422 2.99873 3.78657 1.27782 -0.821719 -4.99083
769000 -12.7514 -13.2132 -15.1791 1.08833 -5.49379 2.39576 -13.7146
770000 -9.97987 5.9447 2.40125 -0.212064 1.76369 3.87349 -0.544638
771000 -13.2651 -5.80497 6.59081 -3.6921 3.07099 -9.54821 -4.15975
772000 -16.6451 8.01258 1.55402 -7.35113 2.0942 1.18345 -2.35951
773000 -2.0347 13.5056 15.1098 1.90193 -5.96571 4.43589 8.86025
774000 1.04695 -0.962478 -1.33027 -4.83556 -3.36848 2.20665 -0.415266
775000 9.50433 -8.4795 10.2326 -0.0630094 4.1184 -3.002 3.75246
776000 -6.13489 -23.4579 1.37482 -1.22005 1.33328 6.17217 -9.406
777000 5.40176 6.76709 0.304758 -5.4384 0.358719 1.4346 4.15787
778000 -6.84233 -3.47786 3.36541 -2.54125 -2.51492 2.63184 -2.31826
779000 -9.78141 -8.08966 -3.28588 9.26769 0.0166977 4.49387 -7.05232
780000 -5.46052 -5.73698 3.40857 1.1352 -5.75774 -3.16181 -2.59631
781000 -4.30591 -14.2064 0.245516 4.08506 8.74977 -6.66165 -6.08894
782000 -15.5569 -10.682 -2.59449 -5.78056 -0.615837 1.01605 -9.61114
783000 5.01295 10.6868 6.69734 3.11716 1.5236 -2.26882 7.46569
784000 3.32297 -7.96549 -14.5704 4.49677 -8.4984 1.94563 -6.40432
785000 -3.72441 -5.22599 3.28749 -2.15762 -3.86198 -8.21808 -1.88764
786000 4.81223 -5.35305 1.22731 4.74672 -8.58961 -6.64287 0.22883
787000 10.9626 -9.27166 -10.8791 6.11692 -8.71213 2.63637 -3.06273
788000 4.87095 -18.595 -3.375 -4.43033 0.0849174 6.94519 -5.69969
789000 -2.01884 -18.2951 -9.93031 0.143392 3.42192 -1.97883 -10.0814
790000 -21.8007 -17.6837 -13.2678 -3.97554 -3.25913 3.33024 -17.5841
791000 -5.62836 -3.57847 1.33671 -6.6644 -6.18753 -6.19516 -2.62337
792000 -7.69815 -8.84213 -10.9124 5.64376 9.55477 -8.394 -9.15088
793000 -7.35877 -18.0477 -9.925 -0.910993 5.77322 -6.54432 -11.7772
794000 -13.2157 -0.367884 -17.5721 1.61496 -2.54442 -3.26787 -10.3852
795000 -13.3679 -0.0110346 1.52608 1.09833 -4.45785 -6.0046 -3.95094
796000 11.9285 -7.80584 1.99293 -1.81425 -1.54996 -3.3661 2.03854
797000 -24.0369 -24.7692 -16.7197 1.52056 -0.443078 0.895452 -21.8419
798000 4.28616 -5.05304 -0.395138 -2.69787 -6.65863 -9.26698 -0.387339
799000 6.75274 3.34122 1.26395 -7.32495 -1.24225 0.480717 3.78597
800000 -0.30639 -16.3748 -1.73353 1.99052 -1.58821 -9.76853 -6.13825
801000 10.7555 -6.33462 -13.6403 0.322542 -1.93147 -9.15075 -3.07315
802000 -1.88078 -16.1127 -7.45341 4.6388 4.99807 2.10572 -8.48229
803000 -4.98483 -15.9885 -16.5388 -4.74427 0.345425 -15.8933 -12.504
804000 -9.03545 -17.1982 -12.9289 4.68536 2.92554 3.58658 -13.0542
805000 -5.02757 -5.20415 -3.85592 0.931636 8.91607 -0.494959 -4.69588
806000 3.48827 -16.0161 -12.5539 3.83288 -1.82975 2.90349 -8.36059
807000 -14.4508 -5.12544 -8.03853 10.3828 -2.08809 5.27802 -9.20494
808000 2.15384 -14.322 -3.81052 -0.72325 -0.33026 1.5697 -5.32622
809000 -7.13862 -7.61381 -8.50217 -2.45866 6.67519 8.27274 -7.75153
810000 2.52644 4.62537 -27.2706 8.25398 -1.18513 -1.94892 -6.70626
811000 -5.05282 17.0336 -4.83077 2.26373 7.25055 3.25132 2.38334
812000 -22.097 -27.9468 -16.6968 2.28132 3.66196 2.77506 -22.2469
813000 -11.5439 -10.3422 -10.1524 -4.7547 -11.666 -12.7696 -10.6795
814000 -27.0261 -3.68261 1.26787 0.253703 2.06505 -12.4108 -9.81362
815000 -17.2985 -5.10899 -2.46127 -4.11616 -2.51887 -2.36445 -8.2896
816000 -14.6292 -13.4335 -15.2403 -0.215972 -6.22586 1.12164 -14.4343
817000 -6.57761 -6.30255 -8.15327 2.30047 -12.6547 6.92086 -7.01115
818000 5.90806 21.1727 10.1661 2.37729 -2.24137 -12.2245 12.4156
819000 2.31908 2.00763 -5.18367 4.71514 -1.1798 -12.7277 -0.285653
820000 -14.775 17.8666 6.02294 0.707817 -1.83045 -1.59042 3.03816
821000 -23.7032 -8.59421 -26.728 6.53071 -7.92476 -5.61164 -19.6751
822000 2.3232 -11.9739 -22.9061 -3.4571 -0.800535 -0.421901 -10.8523
823000 11.9314 2.37816 1.21553 7.462 -0.974323 -1.85213 5.17504
824000 -2.93191 11.2382 7.96134 0.693687 4.15708 0.00946107 5.42255
825000 -16.9738 -13.5035 -20.5091 -2.90112 4.18616 1.50063 -16.9955
826000 -16.258 -6.56885 21.178 0.984983 0.743489 -11.502 -0.549618
827000 -13.1099 -19.6819 -10.2777 12.2796 -8.82891 -5.26229 -14.3565
828000 -22.1527 -18.3358 -26.3844 10.1915 -6.63273 -8.21057 -22.291
829000 0.979197 -15.0232 6.57442 -10.9998 -3.70557 -13.0631 -2.48986
830000 -15.1118 5.86275 5.94823 1.67017 -3.92439 -6.26842 -1.10028
831000 -0.388055 -15.5903 1.08984 6.29224 -5.23792 9.69188 -4.96282
832000 -0.0391612 -12.3855 -4.40496 -1.84896 -12.8947 0.617448 -5.60988
833000 0.723591 -4.92437 -9.35423 7.11811 1.01161 4.92693 -4.51833
834000 -16.6116 1.53938 -1.44662 2.97696 4.7152 4.08731 -5.50627
835000 -49.8159 -28.4628 -13.004 -6.99841 6.87692 -0.2728 -30.4276
836000 -24.0266 -18.0874 16.1568 -9.14788 6.6309 9.54382 -8.65241
837000 -31.1086 -38.6918 -9.67617 -12.1756 -7.67993 5.69109 -26.4922
838000 -5.28309 -0.33494 -18.2735 -0.934641 1.29816 -8.04308 -7.96384
839000 -26.7589 -22.1197 -14.0253 -16.9254 6.16449 -0.820347 -20.968
840000 -24.9833 -11.0346 -7.43358 -7.34928 6.12758 3.36897 -14.4838
841000 -3.24235 -21.6579 1.96806 -17.9436 6.52074 0.985557 -7.64405
842000 -56.947 -2.25041 -12.3228 -0.584523 10.6339 1.2532 -23.8401
843000 -17.1711 -16.8726 -14.9894 6.08848 4.33056 -11.3584 -16.3444
844000 -38.6081 -28.2213 1.91358 -13.2143 2.24578 -3.07628 -21.6386
845000 -18.7035 -25.682 -16.6408 -3.31908 -8.97517 -3.71749 -20.3421
846000 -34.0324 -27.8737 -5.13781 3.17414 7.16706 2.02261 -22.348
847000 -9.48505 4.83122 0.31921 -5.26738 1.61891 3.99643 -1.44487
848000 -8.47144 4.26602 -1.75827 7.36199 2.79097 1.82312 -1.9879
849000 -17.2076 10.1786 4.59179 -13.765 7.45179 18.3029 -0.812396
850000 -4.32033 -10.7978 7.14961 -2.74685 2.94914 13.1724 -2.65617
851000 -8.29535 -4.90081 14.6271 -0.524604 5.18912 8.45158 0.476965
852000 -5.42467 -12.1525 4.63631 4.06971 0.0905728 -5.73955 -4.31363
853000 -33.0044 -14.7322 -25.7913 -6.14401 -0.96574 2.01742 -24.5093
854000 -6.67139 -10.9762 -2.13019 -12.496 4.38055 -0.772337 -6.59259
855000 17.7554 -23.4413 -17.5922 -2.26874 1.84221 -9.9524 -7.75939
856000 -12.9343 -29.8799 -23.2301 -15.5346 -3.09118 2.30836 -22.0148
857000 1.10651 18.2694 -1.35743 -6.10396 -1.0462 7.11024 6.00615
858000 -6.32781 -31.7987 -23.8268 8.26351 8.42476 17.2158 -20.6511
859000 -18.072 -13.2177 -3.14889 -3.95102 -4.63011 1.69656 -11.4795
860000 -48.3585 -10.6094 -10.8948 -2.89491 -3.25462 14.5113 -23.2876
861000 -36.7679 -43.465 -15.6231 -5.23486 -10.3635 5.70529 -31.952
862000 -27.8175 -15.2303 -6.94305 -4.03138 5.81177 10.5221 -16.6636
863000 -31.6032 -17.879 -14.5484 -1.70841 -1.16759 0.985954 -21.3435
864000 -15.9007 -11.5929 -7.34334 -5.63708 2.81196 4.52704 -11.6123
865000 -34.9793 -12.5048 -18.2358 -12.814 0.148719 10.1416 -21.9067
866000 17.3425 5.80023 -7.56684 8.68445 -2.44478 0.928922 5.19195
867000 -37.8716 -13.8644 -5.90747 6.06986 13.8294 11.8355 -19.2145
868000 -28.5153 -15.2739 -29.1242 10.6043 -11.7249 17.788 -24.3045
869000 2.93331 -3.95647 8.62413 -3.71914 -1.81669 2.96396 2.53366
870000 -26.7371 -35.6752 -43.335 -3.07354 -18.5519 -8.24293 -35.2491
871000 0.911797 -33.0164 -36.5313 -11.3364 -5.54014 -0.174708 -22.8786
872000 4.8549 -16.8971 -13.8983 -9.78058 -4.37222 12.1811 -8.64685
873000 -13.1026 -7.59207 4.54747 7.34423 6.35535 -3.29236 -5.38239
874000 -40.6066 -18.5428 -29.2243 6.1091 -10.8719 -8.43125 -29.4579
875000 17.5265 -15.3678 -29.4077 32.9198 -22.2491 0.207359 -9.083
876000 -31.8414 -17.2013 -33.2812 7.24389 -23.7218 5.90342 -27.4413
877000 -22.3687 27.0954 -0.880159 1.90807 -11.3099 -8.99478 1.28216
878000 -21.1869 5.61127 -27.8875 13.4821 16.5372 8.21799 -14.4877
879000 -11.8495 -0.0158515 -8.42691 24.4212 9.11982 3.65914 -6.76408
880000 -46.3949 -28.9372 -81.3611 16.1709 22.8887 21.8812 -52.2311
881000 15.0994 -34.9532 -11.8801 3.05348 -8.84401 35.015 -10.578
882000 -1.34674 9.15675 -15.8709 19.5036 -17.3136 15.1583 -2.68697
883000 -37.4452 -27.1987 -35.9484 -12.6145 -2.85271 -8.69796 -33.5308
884000 -3.24432 3.9408 -15.9677 -9.74364 -10.1087 -21.6478 -5.09042
885000 -11.3202 33.5409 -27.2581 -4.90253 8.5158 -17.3131 -1.67916
886000 1.40236 -9.24627 -47.7343 14.7896 -25.1794 -16.8865 -18.5261
887000 29.1194 35.3857 0.705669 5.69331 -11.7582 -5.7036 21.7369
888000 -23.264 12.0907 -45.8186 -19.4558 -7.17778 -6.90725 -18.9973
889000 -4.51665 21.5471 -27.5318 -9.03192 -0.86475 -7.67438 -3.50045
890000 1.83289 9.313 12.8314 12.4177 21.9738 -20.6229 7.99241
891000 -36.8141 -11.9317 0.468413 10.23 -3.50863 -18.8281 -16.0925
892000 17.8672 45.4198 -15.1032 27.6645 9.59657 -14.2907 16.0613
893000 8.49062 -4.15558 -57.1456 28.1508 19.7828 -18.901 -17.6035
894000 -5.55644 -33.0787 -39.9194 8.14973 18.5547 -8.18277 -26.1849
895000 10.4601 -12.9317 17.0742 -15.9667 4.12453 -5.67851 4.86753
896000 -11.4262 -1.32567 -9.38756 7.54005 25.7266 -2.16622 -7.37982
897000 -41.0789 -38.3207 -54.1171 -36.4895 -3.86554 -23.8669 -44.5056
898000 -3.38353 -8.61198 -13.5481 -15.351 11.4033 9.65667 -8.51454
899000 51.1544 45.6275 8.12572 2.89128 3.62457 1.78486 34.9692
900000 6.1084 49.4763 3.9807 3.60775 -15.9846 5.6521 19.8551
901000 14.2202 59.739 19.2061 10.1279 -13.4229 1.41857 31.0551
902000 -20.8396 -12.7285 -58.0317 -14.8248 11.6695 -13.0376 -30.5333
903000 -5.29537 23.209 -29.7103 -19.0046 -5.24104 -6.74379 -3.93224
904000 1.25961 52.9873 8.6938 -18.9057 11.6537 -15.972 20.9802
905000 -40.4618 35.1644 5.38034 25.4634 13.4671 25.7343 0.0276575
906000 -59.2711 13.1248 -5.77703 -3.14082 -2.24658 11.6561 -17.3078
907000 -35.5783 9.27702 -34.771 -18.1335 -15.1069 34.0516 -20.3574
908000 -14.3828 28.1361 15.3657 -14.2554 -23.171 9.67053 9.70632
909000 9.13087 -8.16234 -15.8786 5.39774 -1.3737 -7.92845 -4.97003
910000 9.45327 21.3538 37.9649 9.90006 2.93447 18.6607 22.924
911000 -6.80053 22.2453 -14.2773 -18.3467 1.26838 10.8524 0.389154
912000 -13.8635 -11.1089 -9.43532 -35.8235 -12.3284 23.9562 -11.4692
913000 -56.4048 13.2218 -13.2815 -24.8153 -25.211 -16.3384 -18.8215
914000 -12.9676 3.4265 0.149393 -22.3461 12.2302 -46.4839 -3.13057
915000 -13.1873 6.38112 14.481 -48.8273 -0.359334 21.4031 2.55828
916000 -55.1679 -34.8844 22.4585 -52.0902 -33.9561 -56.3871 -22.5313
917000 -16.8278 -18.7545 39.1163 -34.3526 -46.3257 -41.6687 1.17797
918000 23.3169 14.4477 15.3194 -26.9413 -38.3771 -57.6209 17.6947
919000 -25.6904 -23.3511 -8.87885 18.754 -15.067 -21.4968 -19.3068
920000 -54.1149 -9.83286 1.99804 -36.1394 -43.2093 -11.2436 -20.6499
921000 -99.5592 -28.8506 -29.6176 -13.9067 -37.9467 -35.6885 -52.6758
922000 -46.0886 -24.1 14.4894 -43.2843 -22.463 -29.4677 -18.5664
923000 -22.8949 -4.95595 18.4292 -16.312 -6.27142 -25.3406 -3.14055
924000 -32.9199 20.1641 5.99321 -43.9193 -35.0334 -20.4029 -2.25418
925000 27.9291 63.3877 54.9713 -21.6373 3.07504 8.60355 48.7627
926000 -6.78675 -33.5373 35.9843 -10.3303 -18.51 -1.73546 -1.44656
927000 53.4717 75.2178 0.517425 14.3058 -14.1278 -12.9936 43.069
928000 -25.1636 1.35804 27.9337 2.71418 22.4723 8.48836 1.37607
929000 38.4373 -9.14096 38.2498 0.181056 -5.84173 -1.23746 22.5154
930000 0.770083 -69.4679 -9.17247 -33.8524 -15.4678 -36.943 -25.9568
931000 -24.1412 -4.20487 57.542 -22.4582 20.8877 -11.9131 9.73197
932000 32.1911 27.2921 51.2241 16.1809 11.7494 -29.792 36.9025
933000 111.358 -7.70142 69.2211 -17.5789 -7.30399 -6.34863 57.626
934000 69.517 53.6774 78.7936 9.81549 -6.43311 -21.7046 67.3293
935000 27.866 49.1137 90.1414 49.2129 12.2507 -22.5071 55.707
936000 66.1098 74.4255 10.5342 -15.7147 38.1041 -50.8222 50.3565
937000 24.6487 33.7949 20.022 -20.5382 17.1503 -11.1136 26.1552
938000 128.296 68.543 70.1858 29.2392 19.8093 -43.9233 89.0083
939000 111.283 123.537 112.948 17.9714 52.7415 -7.81744 115.923
940000 77.7474 32.2435 62.8344 7.29789 20.495 2.1024 57.6084
941000 150.334 -20.0157 177.769 44.1732 35.3759 2.72177 102.696
942000 144.326 87.7851 175.014 54.3532 37.7056 -12.6556 135.709
943000 154.736 81.6118 64.4464 12.0582 29.2551 -10.2865 100.265
944000 -7.17274 -26.9571 -29.974 34.0311 -25.2605 -13.5156 -21.368
945000 169.431 43.8943 139.551 30.3932 -33.7508 36.9104 117.625
946000 140.827 73.7532 100.273 59.075 -12.9591 34.6775 104.951
947000 166.179 62.2431 58.0855 72.4229 -7.691 37.9607 95.5024
948000 37.4067 0.365487 62.1891 12.5267 -54.9681 39.4408 33.3205
949000 130.72 38.4366 123.173 0.972814 -8.03042 35.2263 97.4433
950000 2.26934 52.463 43.5237 2.58938 19.8295 67.838 32.752
951000 175.038 163.788 66.4031 56.2589 23.8417 21.8474 135.076
952000 58.7021 -14.3306 103.049 -15.2163 30.088 8.06728 49.14
953000 116.184 116.84 118.385 -18.0348 -6.16291 14.1179 117.136
954000 18.4173 4.20935 2.92715 32.8655 5.56376 -11.8906 8.51795
955000 108.591 17.0882 85.4995 19.3776 -15.7364 30.2115 70.3928
956000 53.5951 89.3653 153.033 11.4702 46.2568 30.5247 98.6644
957000 10.0456 99.8368 56.2045 -28.0955 -13.3145 32.5243 55.3623
958000 49.7475 111.05 96.4798 -5.59534 -8.57033 1.92501 85.7591
959000 33.4003 115.192 111.293 -50.1774 -29.254 -39.3795 86.6287
960000 115.066 129.456 52.4034 7.3366 -2.75496 26.8817 98.975
961000 67.2374 79.9623 78.9655 -20.4614 -10.7787 23.5834 75.3884
962000 52.7016 97.8167 126.739 10.9559 -22.7336 26.7623 92.4191
963000 96.2205 94.2478 211.954 22.6637 -103.647 38.606 134.141
964000 163.86 135.926 156.31 19.3119 -30.9299 25.6077 152.032
965000 88.0067 82.1778 159.194 -27.3996 -9.72965 40.6641 109.793
966000 201.99 81.5782 58.689 -26.364 18.4912 10.611 114.086
967000 144.06 88.1759 25.5421 9.00928 -34.5372 19.0811 85.926
968000 201.515 94.0607 156.612 21.2936 -4.79302 73.8411 150.729
969000 274.38 306.371 201.862 -1.05106 -3.49186 53.9569 260.871
970000 223.582 234.196 154.673 25.0525 -21.8471 18.1385 204.15
971000 260.166 194.48 136.526 34.3933 27.039 -39.6538 197.057
972000 255.362 155.33 291.419 28.5352 -30.1036 6.13911 234.037
973000 183.93 173.907 290.354 55.7573 -16.7148 47.8894 216.064
974000 290.292 262.941 430.815 44.4471 41.3399 67.2718 328.016
975000 263.439 310.361 325.685 70.8469 9.14448 75.1941 299.829
976000 313.888 212.839 336.051 47.9753 -23.4059 12.6939 287.593
977000 430.034 303.802 396.155 76.9331 -0.856817 -8.70491 376.664
978000 436.305 265.564 305.32 29.8141 -31.2213 -8.04491 335.729
979000 382.814 180.15 313.139 -10.9129 -4.04845 -65.3921 292.034
980000 325.305 279.305 250.134 47.9524 30.1097 0.668962 284.915
981000 481.43 373.428 275.523 -36.7271 72.1449 -22.2289 376.794
982000 336.735 266.793 200.896 90.1466 73.697 21.7738 268.141
983000 245.733 426.759 350.463 -2.67956 -75.7854 -3.23959 340.985
984000 300.109 373.15 270.819 4.36845 19.1804 -6.36715 314.693
985000 305.637 482.172 277.652 39.9683 10.0141 61.5551 355.154
986000 329.68 363.558 177.196 37.1648 -9.7643 62.7809 290.144
987000 429.536 364.873 288.029 25.2982 -2.35888 110.131 360.813
988000 414.912 370.774 354.299 87.322 -33.7027 17.9358 379.995
989000 325.389 374.052 321.888 49.3306 -91.2208 37.9763 340.443
990000 577.291 404.18 397.866 59.5239 -42.6323 110.703 459.779
991000 557.501 540.125 697.973 -40.4251 -56.5358 116.328 598.533
992000 687.587 603.142 679.997 -5.76371 -91.0544 62.1918 656.908
993000 780.488 739.775 699.862 -72.8042 -97.6094 52.605 740.042
994000 955.331 814.257 842.561 -47.7249 -57.2232 23.6344 870.716
995000 833.282 728.392 872.455 -2.25513 -82.2884 -89.9959 811.376
996000 1051.47 921.552 951.901 -26.3779 83.0242 46.3503 974.976
997000 900.928 919.178 1166.68 31.1756 66.9161 19.7955 995.595
998000 1203.31 1213.76 1306 -57.6732 124.133 -83.6333 1241.02
999000 1156.64 1258.81 1334.19 -18.3328 86.0583 61.182 1249.88
1000000 1302.93 1415.13 1483.92 -54.1097 -27.7206 -103.644 1400.66
