# Time-averaged data for fix state_variables
# TimeStep c_thermo_temp v_vol v_rho v_etotal v_a v_b v_c
2000 293.755 1.96275e+07 0.00372956 5286.24 269.746 269.746 269.746
3000 291.848 1.95785e+07 0.0037389 5287.9 269.521 269.521 269.521
4000 292.679 1.95295e+07 0.00374828 5330.13 269.296 269.296 269.296
5000 294.997 1.94806e+07 0.00375769 5341.4 269.071 269.071 269.071
6000 291.959 1.94318e+07 0.00376712 5296.36 268.846 268.846 268.846
7000 295.826 1.93831e+07 0.00377659 5358.52 268.622 268.622 268.622
8000 294.174 1.93344e+07 0.0037861 5322.34 268.397 268.397 268.397
9000 292.093 1.92859e+07 0.00379563 5264.19 268.172 268.172 268.172
10000 293.549 1.92374e+07 0.0038052 5306.13 267.947 267.947 267.947
11000 294.186 1.9189e+07 0.00381479 5324.64 267.722 267.722 267.722
12000 292.592 1.91407e+07 0.00382443 5263.51 267.497 267.497 267.497
13000 292.699 1.90924e+07 0.00383409 5292.72 267.272 267.272 267.272
14000 291.278 1.90443e+07 0.00384378 5282.18 267.047 267.047 267.047
15000 294.95 1.89962e+07 0.00385351 5352.86 266.822 266.822 266.822
16000 293.628 1.89482e+07 0.00386327 5328.25 266.597 266.597 266.597
17000 292.249 1.89003e+07 0.00387307 5270.5 266.372 266.372 266.372
18000 293.178 1.88524e+07 0.00388289 5294.25 266.148 266.148 266.148
19000 292.326 1.88047e+07 0.00389275 5313.06 265.923 265.923 265.923
20000 294.713 1.8757e+07 0.00390265 5343.27 265.698 265.698 265.698
21000 292.869 1.87094e+07 0.00391258 5293.44 265.473 265.473 265.473
22000 290.869 1.86619e+07 0.00392254 5272.75 265.248 265.248 265.248
23000 294.547 1.86145e+07 0.00393253 5345.95 265.023 265.023 265.023
24000 293.188 1.85671e+07 0.00394256 5321.03 264.798 264.798 264.798
25000 292.79 1.85198e+07 0.00395262 5338.35 264.573 264.573 264.573
26000 294.801 1.84727e+07 0.00396272 5365.99 264.348 264.348 264.348
27000 292.515 1.84255e+07 0.00397285 5314.83 264.123 264.123 264.123
28000 293.476 1.83785e+07 0.00398302 5336.58 263.898 263.898 263.898
29000 294.7 1.83316e+07 0.00399322 5350.75 263.674 263.674 263.674
30000 292.159 1.82847e+07 0.00400346 5343.88 263.449 263.449 263.449
31000 294.817 1.82379e+07 0.00401373 5385.72 263.224 263.224 263.224
32000 294.584 1.81912e+07 0.00402403 5362.28 262.999 262.999 262.999
33000 294.563 1.81446e+07 0.00403438 5378.09 262.774 262.774 262.774
34000 293.246 1.8098e+07 0.00404475 5358.77 262.549 262.549 262.549
35000 292.774 1.80515e+07 0.00405516 5355.16 262.324 262.324 262.324
36000 294.333 1.80052e+07 0.00406561 5361.72 262.099 262.099 262.099
37000 293.06 1.79588e+07 0.0040761 5359.78 261.874 261.874 261.874
38000 291.385 1.79126e+07 0.00408662 5324.48 261.649 261.649 261.649
39000 292.901 1.78665e+07 0.00409717 5377.68 261.424 261.424 261.424
40000 292.317 1.78204e+07 0.00410777 5363.92 261.199 261.199 261.199
41000 291.566 1.77744e+07 0.0041184 5321.12 260.975 260.975 260.975
42000 292.086 1.77285e+07 0.00412906 5324.21 260.75 260.75 260.75
43000 292.2 1.76826e+07 0.00413977 5340.59 260.525 260.525 260.525
44000 292.358 1.76369e+07 0.00415051 5360.93 260.3 260.3 260.3
45000 294.712 1.75912e+07 0.00416128 5385 260.075 260.075 260.075
46000 292.556 1.75456e+07 0.0041721 5363.07 259.85 259.85 259.85
47000 293.093 1.75001e+07 0.00418295 5385.63 259.625 259.625 259.625
48000 295.673 1.74546e+07 0.00419384 5442.23 259.4 259.4 259.4
49000 293.267 1.74093e+07 0.00420477 5406.19 259.175 259.175 259.175
50000 292.797 1.7364e+07 0.00421573 5399.77 258.95 258.95 258.95
51000 293.067 1.73188e+07 0.00422674 5374.91 258.725 258.725 258.725
52000 291.905 1.72737e+07 0.00423778 5376.42 258.501 258.501 258.501
53000 292.745 1.72286e+07 0.00424886 5370.87 258.276 258.276 258.276
54000 294.538 1.71837e+07 0.00425998 5416.69 258.051 258.051 258.051
55000 293.301 1.71388e+07 0.00427114 5403.82 257.826 257.826 257.826
56000 293.548 1.70939e+07 0.00428233 5417.06 257.601 257.601 257.601
57000 293.72 1.70492e+07 0.00429357 5375.54 257.376 257.376 257.376
58000 294.036 1.70046e+07 0.00430485 5389.11 257.151 257.151 257.151
59000 294.113 1.696e+07 0.00431616 5376.22 256.926 256.926 256.926
60000 293.491 1.69155e+07 0.00432752 5368.82 256.701 256.701 256.701
61000 290.079 1.68711e+07 0.00433891 5324.92 256.476 256.476 256.476
62000 294.136 1.68267e+07 0.00435035 5401.58 256.251 256.251 256.251
63000 294.479 1.67824e+07 0.00436182 5409.17 256.027 256.027 256.027
64000 293.629 1.67383e+07 0.00437334 5422.15 255.802 255.802 255.802
65000 293.427 1.66941e+07 0.00438489 5388.52 255.577 255.577 255.577
66000 291.382 1.66501e+07 0.00439649 5324.88 255.352 255.352 255.352
67000 294.875 1.66062e+07 0.00440813 5397.92 255.127 255.127 255.127
68000 294.67 1.65623e+07 0.0044198 5375.09 254.902 254.902 254.902
69000 294.235 1.65185e+07 0.00443152 5379.99 254.677 254.677 254.677
70000 293.825 1.64747e+07 0.00444329 5384.5 254.452 254.452 254.452
71000 293.677 1.64311e+07 0.00445509 5392.34 254.227 254.227 254.227
72000 296.663 1.63875e+07 0.00446693 5439.94 254.002 254.002 254.002
73000 292.68 1.6344e+07 0.00447882 5362.04 253.777 253.777 253.777
74000 292.419 1.63006e+07 0.00449075 5381.27 253.553 253.553 253.553
75000 293.882 1.62573e+07 0.00450272 5394.76 253.328 253.328 253.328
76000 292.732 1.6214e+07 0.00451474 5385.85 253.103 253.103 253.103
77000 292.45 1.61708e+07 0.00452679 5366.65 252.878 252.878 252.878
78000 295.043 1.61277e+07 0.00453889 5422.64 252.653 252.653 252.653
79000 295.569 1.60847e+07 0.00455104 5448.11 252.428 252.428 252.428
80000 292.873 1.60417e+07 0.00456322 5384.94 252.203 252.203 252.203
81000 292.897 1.59989e+07 0.00457545 5381.76 251.978 251.978 251.978
82000 293.265 1.59561e+07 0.00458773 5400.81 251.753 251.753 251.753
83000 293.692 1.59133e+07 0.00460004 5387.86 251.528 251.528 251.528
84000 292.719 1.58707e+07 0.00461241 5369.49 251.303 251.303 251.303
85000 293.853 1.58281e+07 0.00462481 5394.48 251.079 251.079 251.079
86000 293.387 1.57856e+07 0.00463726 5390.71 250.854 250.854 250.854
87000 292.682 1.57432e+07 0.00464976 5378.49 250.629 250.629 250.629
88000 294.137 1.57008e+07 0.0046623 5404.24 250.404 250.404 250.404
89000 292.758 1.56586e+07 0.00467488 5359.06 250.179 250.179 250.179
90000 294.214 1.56164e+07 0.00468751 5413.62 249.954 249.954 249.954
91000 294.294 1.55743e+07 0.00470019 5389.47 249.729 249.729 249.729
92000 291.501 1.55322e+07 0.00471291 5359.32 249.504 249.504 249.504
93000 291.199 1.54903e+07 0.00472568 5361.82 249.279 249.279 249.279
94000 295.476 1.54484e+07 0.00473849 5426.71 249.054 249.054 249.054
95000 292.666 1.54066e+07 0.00475136 5354.79 248.829 248.829 248.829
96000 292.984 1.53648e+07 0.00476426 5368.33 248.605 248.605 248.605
97000 294.478 1.53231e+07 0.00477722 5426.46 248.38 248.38 248.38
98000 293.237 1.52816e+07 0.00479022 5399.34 248.155 248.155 248.155
99000 293.351 1.524e+07 0.00480327 5386.22 247.93 247.93 247.93
100000 292.401 1.51986e+07 0.00481636 5371.16 247.705 247.705 247.705
101000 294.311 1.51572e+07 0.0048295 5391.56 247.48 247.48 247.48
102000 293.293 1.5116e+07 0.0048427 5395.4 247.255 247.255 247.255
103000 292.389 1.50747e+07 0.00485594 5371.6 247.03 247.03 247.03
104000 292.733 1.50336e+07 0.00486922 5404.53 246.805 246.805 246.805
105000 293.334 1.49925e+07 0.00488256 5392.15 246.58 246.58 246.58
106000 292.308 1.49516e+07 0.00489594 5384.65 246.355 246.355 246.355
107000 293.281 1.49106e+07 0.00490938 5423.07 246.131 246.131 246.131
108000 291.665 1.48698e+07 0.00492286 5372.9 245.906 245.906 245.906
109000 293.35 1.4829e+07 0.00493639 5380.99 245.681 245.681 245.681
110000 293.382 1.47884e+07 0.00494997 5377.53 245.456 245.456 245.456
111000 293.657 1.47477e+07 0.00496361 5361.47 245.231 245.231 245.231
112000 292.474 1.47072e+07 0.00497729 5338.93 245.006 245.006 245.006
113000 291.439 1.46667e+07 0.00499102 5337.21 244.781 244.781 244.781
114000 291.978 1.46263e+07 0.0050048 5353.65 244.556 244.556 244.556
115000 294.565 1.4586e+07 0.00501864 5389.43 244.331 244.331 244.331
116000 293.317 1.45458e+07 0.00503252 5381.53 244.106 244.106 244.106
117000 293.748 1.45056e+07 0.00504646 5380.03 243.881 243.881 243.881
118000 292.653 1.44655e+07 0.00506045 5364.26 243.657 243.657 243.657
119000 291.945 1.44255e+07 0.00507448 5355.37 243.432 243.432 243.432
120000 295.193 1.43856e+07 0.00508858 5437.12 243.207 243.207 243.207
121000 293.595 1.43457e+07 0.00510272 5378.72 242.982 242.982 242.982
122000 293.546 1.43059e+07 0.00511692 5384.57 242.757 242.757 242.757
123000 293.867 1.42662e+07 0.00513116 5408.65 242.532 242.532 242.532
124000 289.691 1.42265e+07 0.00514547 5355.54 242.307 242.307 242.307
125000 291.95 1.41869e+07 0.00515982 5366.24 242.082 242.082 242.082
126000 292.895 1.41474e+07 0.00517423 5373.6 241.857 241.857 241.857
127000 294.081 1.4108e+07 0.00518869 5401.71 241.632 241.632 241.632
128000 292.311 1.40686e+07 0.00520321 5392.49 241.407 241.407 241.407
129000 291.559 1.40293e+07 0.00521778 5365.6 241.183 241.183 241.183
130000 296.257 1.39901e+07 0.0052324 5461.1 240.958 240.958 240.958
131000 293.257 1.3951e+07 0.00524708 5384.73 240.733 240.733 240.733
132000 290.561 1.39119e+07 0.00526181 5348.72 240.508 240.508 240.508
133000 294.005 1.38729e+07 0.0052766 5393.68 240.283 240.283 240.283
134000 291.725 1.3834e+07 0.00529145 5366.13 240.058 240.058 240.058
135000 294.065 1.37952e+07 0.00530635 5419.09 239.833 239.833 239.833
136000 293.194 1.37564e+07 0.00532131 5382.17 239.608 239.608 239.608
137000 295.043 1.37177e+07 0.00533632 5428.6 239.383 239.383 239.383
138000 294.622 1.36791e+07 0.00535139 5411.92 239.158 239.158 239.158
139000 293.105 1.36405e+07 0.00536651 5379.68 238.933 238.933 238.933
140000 293.537 1.3602e+07 0.0053817 5400.93 238.708 238.708 238.708
141000 292.568 1.35636e+07 0.00539694 5337.83 238.484 238.484 238.484
142000 293.372 1.35253e+07 0.00541224 5393.06 238.259 238.259 238.259
143000 293.718 1.3487e+07 0.00542759 5374.74 238.034 238.034 238.034
144000 293.3 1.34488e+07 0.00544301 5361.62 237.809 237.809 237.809
145000 293.579 1.34107e+07 0.00545848 5372.31 237.584 237.584 237.584
146000 291.421 1.33726e+07 0.00547401 5353.34 237.359 237.359 237.359
147000 293.42 1.33347e+07 0.0054896 5369.14 237.134 237.134 237.134
148000 292.151 1.32968e+07 0.00550525 5336.95 236.909 236.909 236.909
149000 292.909 1.32589e+07 0.00552096 5371.72 236.684 236.684 236.684
150000 293.265 1.32212e+07 0.00553673 5368.78 236.459 236.459 236.459
151000 291.51 1.31835e+07 0.00555256 5352.34 236.234 236.234 236.234
152000 291.874 1.31459e+07 0.00556845 5365.86 236.01 236.01 236.01
153000 293.037 1.31083e+07 0.0055844 5393.44 235.785 235.785 235.785
154000 293.405 1.30708e+07 0.00560041 5407.79 235.56 235.56 235.56
155000 292.944 1.30334e+07 0.00561648 5392.06 235.335 235.335 235.335
156000 292.982 1.29961e+07 0.00563261 5410.75 235.11 235.11 235.11
157000 293.31 1.29588e+07 0.00564881 5411.31 234.885 234.885 234.885
158000 291.94 1.29216e+07 0.00566507 5383.46 234.66 234.66 234.66
159000 292.599 1.28845e+07 0.00568139 5389.66 234.435 234.435 234.435
160000 293.231 1.28475e+07 0.00569777 5402.32 234.21 234.21 234.21
161000 295.788 1.28105e+07 0.00571422 5457.43 233.985 233.985 233.985
162000 291.733 1.27736e+07 0.00573073 5352.3 233.76 233.76 233.76
163000 291.689 1.27368e+07 0.0057473 5355.73 233.536 233.536 233.536
164000 294.259 1.27e+07 0.00576394 5402.42 233.311 233.311 233.311
165000 292.081 1.26633e+07 0.00578064 5348.16 233.086 233.086 233.086
166000 295.587 1.26267e+07 0.0057974 5429.84 232.861 232.861 232.861
167000 291.922 1.25901e+07 0.00581423 5359.78 232.636 232.636 232.636
168000 291.876 1.25537e+07 0.00583113 5375.86 232.411 232.411 232.411
169000 293.919 1.25172e+07 0.00584809 5397.52 232.186 232.186 232.186
170000 294.804 1.24809e+07 0.00586512 5376.37 231.961 231.961 231.961
171000 291.971 1.24446e+07 0.00588221 5340.42 231.736 231.736 231.736
172000 293.724 1.24084e+07 0.00589937 5364.62 231.511 231.511 231.511
173000 293.103 1.23723e+07 0.0059166 5342.49 231.286 231.286 231.286
174000 292.393 1.23363e+07 0.00593389 5352.35 231.062 231.062 231.062
175000 292.05 1.23003e+07 0.00595126 5344.31 230.837 230.837 230.837
176000 292.146 1.22643e+07 0.00596868 5355.26 230.612 230.612 230.612
177000 293.638 1.22285e+07 0.00598618 5361.58 230.387 230.387 230.387
178000 292.733 1.21927e+07 0.00600375 5359.67 230.162 230.162 230.162
179000 295.82 1.2157e+07 0.00602138 5404.98 229.937 229.937 229.937
180000 291.659 1.21214e+07 0.00603909 5341.66 229.712 229.712 229.712
181000 290.453 1.20858e+07 0.00605686 5328.25 229.487 229.487 229.487
182000 290.376 1.20503e+07 0.0060747 5332.96 229.262 229.262 229.262
183000 292.461 1.20149e+07 0.00609262 5362.38 229.037 229.037 229.037
184000 292.668 1.19795e+07 0.0061106 5379.72 228.812 228.812 228.812
185000 290.902 1.19442e+07 0.00612866 5370.58 228.588 228.588 228.588
186000 291.923 1.1909e+07 0.00614678 5357.71 228.363 228.363 228.363
187000 294.673 1.18738e+07 0.00616498 5381.73 228.138 228.138 228.138
188000 292.239 1.18388e+07 0.00618325 5360.22 227.913 227.913 227.913
189000 292.724 1.18037e+07 0.00620159 5376.53 227.688 227.688 227.688
190000 293.16 1.17688e+07 0.00622 5362.8 227.463 227.463 227.463
191000 291.904 1.17339e+07 0.00623849 5377.65 227.238 227.238 227.238
192000 294.693 1.16991e+07 0.00625705 5436.85 227.013 227.013 227.013
193000 292.742 1.16644e+07 0.00627568 5384.09 226.788 226.788 226.788
194000 293.324 1.16297e+07 0.00629439 5382.99 226.563 226.563 226.563
195000 292.682 1.15951e+07 0.00631318 5383.21 226.338 226.338 226.338
196000 291.022 1.15606e+07 0.00633203 5355.85 226.114 226.114 226.114
197000 293.972 1.15261e+07 0.00635097 5395.4 225.889 225.889 225.889
198000 292.68 1.14917e+07 0.00636997 5382.84 225.664 225.664 225.664
199000 291.357 1.14574e+07 0.00638906 5344.03 225.439 225.439 225.439
200000 291.743 1.14231e+07 0.00640822 5352.89 225.214 225.214 225.214
201000 292.55 1.1389e+07 0.00642746 5380.71 224.989 224.989 224.989
202000 295.122 1.13548e+07 0.00644677 5418.08 224.764 224.764 224.764
203000 291.644 1.13208e+07 0.00646616 5334.95 224.539 224.539 224.539
204000 290.931 1.12868e+07 0.00648563 5314.35 224.314 224.314 224.314
205000 293.309 1.12529e+07 0.00650518 5354.07 224.089 224.089 224.089
206000 293.544 1.1219e+07 0.00652481 5381.13 223.864 223.864 223.864
207000 294.183 1.11853e+07 0.00654451 5387.53 223.64 223.64 223.64
208000 292.04 1.11515e+07 0.0065643 5365.95 223.415 223.415 223.415
209000 292.747 1.11179e+07 0.00658416 5369.03 223.19 223.19 223.19
210000 292.306 1.10843e+07 0.00660411 5372.34 222.965 222.965 222.965
211000 289.493 1.10508e+07 0.00662413 5319.87 222.74 222.74 222.74
212000 292.131 1.10174e+07 0.00664424 5359.88 222.515 222.515 222.515
213000 291.033 1.0984e+07 0.00666443 5355.86 222.29 222.29 222.29
214000 291.578 1.09507e+07 0.0066847 5353.19 222.065 222.065 222.065
215000 291.517 1.09174e+07 0.00670505 5328.02 221.84 221.84 221.84
216000 294.246 1.08843e+07 0.00672548 5391.14 221.615 221.615 221.615
217000 291.528 1.08512e+07 0.006746 5371.3 221.39 221.39 221.39
218000 292.801 1.08181e+07 0.0067666 5374.55 221.166 221.166 221.166
219000 294.465 1.07852e+07 0.00678729 5405.42 220.941 220.941 220.941
220000 292.565 1.07523e+07 0.00680806 5370.41 220.716 220.716 220.716
221000 293.364 1.07194e+07 0.00682891 5399.41 220.491 220.491 220.491
222000 293.329 1.06867e+07 0.00684985 5381.81 220.266 220.266 220.266
223000 292.568 1.0654e+07 0.00687088 5367.73 220.041 220.041 220.041
224000 292.523 1.06213e+07 0.00689199 5373.68 219.816 219.816 219.816
225000 293.848 1.05887e+07 0.00691319 5395.3 219.591 219.591 219.591
226000 291.297 1.05562e+07 0.00693447 5353.66 219.366 219.366 219.366
227000 293.435 1.05238e+07 0.00695585 5382.03 219.141 219.141 219.141
228000 293.708 1.04914e+07 0.00697731 5364.26 218.916 218.916 218.916
229000 292.306 1.04591e+07 0.00699886 5336.71 218.692 218.692 218.692
230000 294.727 1.04269e+07 0.0070205 5400.59 218.467 218.467 218.467
231000 292.91 1.03947e+07 0.00704222 5359.5 218.242 218.242 218.242
232000 290.695 1.03626e+07 0.00706404 5334.39 218.017 218.017 218.017
233000 292.835 1.03306e+07 0.00708595 5384.37 217.792 217.792 217.792
234000 291.691 1.02986e+07 0.00710795 5349.61 217.567 217.567 217.567
235000 291.941 1.02667e+07 0.00713003 5369.29 217.342 217.342 217.342
236000 292.572 1.02349e+07 0.00715222 5367.89 217.117 217.117 217.117
237000 294.102 1.02031e+07 0.00717449 5400.38 216.892 216.892 216.892
238000 292.741 1.01714e+07 0.00719685 5374.5 216.667 216.667 216.667
239000 292.493 1.01397e+07 0.00721931 5376.22 216.442 216.442 216.442
240000 291.554 1.01082e+07 0.00724186 5346.72 216.217 216.217 216.217
241000 292.796 1.00767e+07 0.00726451 5362.96 215.993 215.993 215.993
242000 290.863 1.00452e+07 0.00728725 5342.93 215.768 215.768 215.768
243000 293.697 1.00138e+07 0.00731009 5396.48 215.543 215.543 215.543
244000 292.484 9.98252e+06 0.00733302 5398.04 215.318 215.318 215.318
245000 294.32 9.95127e+06 0.00735605 5426.59 215.093 215.093 215.093
246000 294.71 9.92009e+06 0.00737917 5429.99 214.868 214.868 214.868
247000 293.022 9.88897e+06 0.00740239 5381.54 214.643 214.643 214.643
248000 293.422 9.85792e+06 0.00742571 5411.99 214.418 214.418 214.418
249000 293.364 9.82693e+06 0.00744912 5412.61 214.193 214.193 214.193
250000 292.864 9.79601e+06 0.00747264 5371.44 213.968 213.968 213.968
251000 292.935 9.76515e+06 0.00749625 5356.49 213.743 213.743 213.743
252000 291.864 9.73435e+06 0.00751997 5363.38 213.519 213.519 213.519
253000 293.031 9.70362e+06 0.00754378 5382.2 213.294 213.294 213.294
254000 293.203 9.67296e+06 0.00756769 5392.87 213.069 213.069 213.069
255000 291.956 9.64236e+06 0.00759171 5392.2 212.844 212.844 212.844
256000 292.459 9.61183e+06 0.00761583 5402.57 212.619 212.619 212.619
257000 292.448 9.58136e+06 0.00764005 5379.36 212.394 212.394 212.394
258000 292.72 9.55095e+06 0.00766437 5384.3 212.169 212.169 212.169
259000 291.897 9.52061e+06 0.00768879 5372.95 211.944 211.944 211.944
260000 293.166 9.49033e+06 0.00771332 5422.47 211.719 211.719 211.719
261000 293.02 9.46012e+06 0.00773796 5427.88 211.494 211.494 211.494
262000 294.356 9.42997e+06 0.0077627 5425.15 211.269 211.269 211.269
263000 291.773 9.39989e+06 0.00778754 5363.23 211.045 211.045 211.045
264000 294.925 9.36987e+06 0.00781249 5434.12 210.82 210.82 210.82
265000 293.303 9.33991e+06 0.00783755 5405.16 210.595 210.595 210.595
266000 295.243 9.31002e+06 0.00786271 5408.35 210.37 210.37 210.37
267000 291.953 9.28019e+06 0.00788799 5393.08 210.145 210.145 210.145
268000 293.042 9.25042e+06 0.00791337 5402.34 209.92 209.92 209.92
269000 295.691 9.22072e+06 0.00793886 5433.42 209.695 209.695 209.695
270000 293.124 9.19109e+06 0.00796446 5365.83 209.47 209.47 209.47
271000 293.363 9.16151e+06 0.00799017 5364.79 209.245 209.245 209.245
272000 293.815 9.132e+06 0.00801599 5408.18 209.02 209.02 209.02
273000 294.05 9.10256e+06 0.00804192 5396 208.795 208.795 208.795
274000 293.03 9.07317e+06 0.00806796 5381.52 208.571 208.571 208.571
275000 292.495 9.04385e+06 0.00809412 5362.59 208.346 208.346 208.346
276000 293.623 9.01459e+06 0.00812039 5388.84 208.121 208.121 208.121
277000 293.01 8.9854e+06 0.00814677 5380.02 207.896 207.896 207.896
278000 290.852 8.95627e+06 0.00817327 5357.77 207.671 207.671 207.671
279000 293.293 8.9272e+06 0.00819988 5388.51 207.446 207.446 207.446
280000 293.522 8.8982e+06 0.00822661 5390.59 207.221 207.221 207.221
281000 294.954 8.86926e+06 0.00825346 5395.07 206.996 206.996 206.996
282000 291.981 8.84038e+06 0.00828042 5348.04 206.771 206.771 206.771
283000 294.753 8.81156e+06 0.0083075 5408.81 206.546 206.546 206.546
284000 292.495 8.78281e+06 0.0083347 5371.35 206.321 206.321 206.321
285000 292.505 8.75412e+06 0.00836201 5374.01 206.097 206.097 206.097
286000 292.277 8.72549e+06 0.00838945 5342.78 205.872 205.872 205.872
287000 294.531 8.69692e+06 0.008417 5411.3 205.647 205.647 205.647
288000 293.38 8.66842e+06 0.00844468 5389.33 205.422 205.422 205.422
289000 292.584 8.63998e+06 0.00847248 5350.15 205.197 205.197 205.197
290000 292.863 8.6116e+06 0.0085004 5390.3 204.972 204.972 204.972
291000 293.401 8.58328e+06 0.00852844 5373.98 204.747 204.747 204.747
292000 293.592 8.55503e+06 0.00855661 5374.98 204.522 204.522 204.522
293000 293.166 8.52683e+06 0.0085849 5385.72 204.297 204.297 204.297
294000 292.484 8.4987e+06 0.00861332 5353.49 204.072 204.072 204.072
295000 293.853 8.47063e+06 0.00864186 5386.43 203.847 203.847 203.847
296000 290.704 8.44263e+06 0.00867053 5334.85 203.623 203.623 203.623
297000 291.684 8.41468e+06 0.00869932 5359.1 203.398 203.398 203.398
298000 292.591 8.3868e+06 0.00872824 5375.42 203.173 203.173 203.173
299000 293.828 8.35898e+06 0.00875729 5396.41 202.948 202.948 202.948
300000 294.101 8.33122e+06 0.00878647 5410.33 202.723 202.723 202.723
301000 292.1 8.30352e+06 0.00881578 5362.58 202.498 202.498 202.498
302000 291.362 8.27588e+06 0.00884522 5360.19 202.273 202.273 202.273
303000 292.627 8.24831e+06 0.00887479 5362.26 202.048 202.048 202.048
304000 292.381 8.22079e+06 0.0089045 5380.07 201.823 201.823 201.823
305000 293.357 8.19334e+06 0.00893433 5372.94 201.598 201.598 201.598
306000 293.138 8.16595e+06 0.0089643 5363.83 201.373 201.373 201.373
307000 291.301 8.13862e+06 0.0089944 5324.77 201.149 201.149 201.149
308000 294.844 8.11135e+06 0.00902464 5384.72 200.924 200.924 200.924
309000 293.356 8.08414e+06 0.00905502 5374.39 200.699 200.699 200.699
310000 292.963 8.05699e+06 0.00908553 5379.13 200.474 200.474 200.474
311000 296.372 8.02991e+06 0.00911617 5455.67 200.249 200.249 200.249
312000 293.521 8.00288e+06 0.00914696 5384.78 200.024 200.024 200.024
313000 290.607 7.97591e+06 0.00917788 5337.69 199.799 199.799 199.799
314000 293.89 7.94901e+06 0.00920895 5373.21 199.574 199.574 199.574
315000 292.821 7.92217e+06 0.00924015 5356.81 199.349 199.349 199.349
316000 292.937 7.89538e+06 0.0092715 5359.95 199.124 199.124 199.124
317000 293.613 7.86866e+06 0.00930299 5387.27 198.899 198.899 198.899
318000 293.427 7.842e+06 0.00933462 5398.19 198.675 198.675 198.675
319000 293.266 7.81539e+06 0.00936639 5398.42 198.45 198.45 198.45
320000 294.758 7.78885e+06 0.00939831 5411.86 198.225 198.225 198.225
321000 290.568 7.76237e+06 0.00943037 5310.27 198 198 198
322000 293.803 7.73595e+06 0.00946258 5377.17 197.775 197.775 197.775
323000 294.414 7.70959e+06 0.00949494 5387.01 197.55 197.55 197.55
324000 293.856 7.68328e+06 0.00952744 5359.27 197.325 197.325 197.325
325000 294.917 7.65704e+06 0.00956009 5386.47 197.1 197.1 197.1
326000 290.679 7.63086e+06 0.00959289 5334.36 196.875 196.875 196.875
327000 291.454 7.60474e+06 0.00962585 5317.55 196.65 196.65 196.65
328000 291.702 7.57867e+06 0.00965895 5326.02 196.425 196.425 196.425
329000 295.28 7.55267e+06 0.0096922 5371.14 196.201 196.201 196.201
330000 292.603 7.52673e+06 0.00972561 5369.91 195.976 195.976 195.976
331000 292.786 7.50084e+06 0.00975917 5359.8 195.751 195.751 195.751
332000 293.022 7.47502e+06 0.00979289 5388.48 195.526 195.526 195.526
333000 291.674 7.44925e+06 0.00982676 5353.8 195.301 195.301 195.301
334000 290.674 7.42355e+06 0.00986079 5322.57 195.076 195.076 195.076
335000 291.327 7.3979e+06 0.00989498 5351.95 194.851 194.851 194.851
336000 293.572 7.37231e+06 0.00992932 5381.19 194.626 194.626 194.626
337000 292.52 7.34678e+06 0.00996382 5339.33 194.401 194.401 194.401
338000 290.392 7.32131e+06 0.00999848 5301.25 194.176 194.176 194.176
339000 292.437 7.2959e+06 0.0100333 5342.18 193.951 193.951 193.951
340000 293.753 7.27055e+06 0.0100683 5366.64 193.726 193.726 193.726
341000 293.446 7.24526e+06 0.0101034 5378.84 193.502 193.502 193.502
342000 292.127 7.22002e+06 0.0101388 5356.58 193.277 193.277 193.277
343000 293.338 7.19485e+06 0.0101742 5388.56 193.052 193.052 193.052
344000 291.082 7.16973e+06 0.0102099 5348.53 192.827 192.827 192.827
345000 293.097 7.14467e+06 0.0102457 5391.92 192.602 192.602 192.602
346000 293.697 7.11967e+06 0.0102817 5371.63 192.377 192.377 192.377
347000 290.959 7.09473e+06 0.0103178 5351.18 192.152 192.152 192.152
348000 291.351 7.06984e+06 0.0103541 5366.37 191.927 191.927 191.927
349000 291.097 7.04502e+06 0.0103906 5359.89 191.702 191.702 191.702
350000 296.608 7.02025e+06 0.0104273 5432.15 191.477 191.477 191.477
351000 290.607 6.99554e+06 0.0104641 5325.43 191.252 191.252 191.252
352000 292.321 6.97089e+06 0.0105011 5372.6 191.028 191.028 191.028
353000 290.416 6.9463e+06 0.0105383 5338.03 190.803 190.803 190.803
354000 292.7 6.92176e+06 0.0105756 5370.04 190.578 190.578 190.578
355000 293.66 6.89729e+06 0.0106132 5390.25 190.353 190.353 190.353
356000 290.487 6.87287e+06 0.0106509 5313.22 190.128 190.128 190.128
357000 291.333 6.84851e+06 0.0106888 5318.56 189.903 189.903 189.903
358000 292.419 6.8242e+06 0.0107268 5338.28 189.678 189.678 189.678
359000 291.235 6.79995e+06 0.0107651 5329.18 189.453 189.453 189.453
360000 294.171 6.77577e+06 0.0108035 5383.37 189.228 189.228 189.228
361000 293.161 6.75163e+06 0.0108421 5374.67 189.003 189.003 189.003
362000 293.281 6.72756e+06 0.0108809 5393.92 188.778 188.778 188.778
363000 294.338 6.70354e+06 0.0109199 5412.35 188.554 188.554 188.554
364000 292.839 6.67958e+06 0.0109591 5346.26 188.329 188.329 188.329
365000 290.479 6.65568e+06 0.0109984 5336.27 188.104 188.104 188.104
366000 295.11 6.63184e+06 0.011038 5405.95 187.879 187.879 187.879
367000 293.429 6.60805e+06 0.0110777 5338.12 187.654 187.654 187.654
368000 295.001 6.58432e+06 0.0111176 5377.12 187.429 187.429 187.429
369000 291.272 6.56064e+06 0.0111578 5331.05 187.204 187.204 187.204
370000 293.762 6.53702e+06 0.0111981 5374.46 186.979 186.979 186.979
371000 290.712 6.51346e+06 0.0112386 5333.73 186.754 186.754 186.754
372000 293.89 6.48996e+06 0.0112793 5385.57 186.529 186.529 186.529
373000 292.429 6.46651e+06 0.0113202 5324.65 186.304 186.304 186.304
374000 290.691 6.44312e+06 0.0113613 5301.99 186.08 186.08 186.08
375000 295.202 6.41978e+06 0.0114026 5420.85 185.855 185.855 185.855
376000 291.963 6.39651e+06 0.0114441 5332.46 185.63 185.63 185.63
377000 293.311 6.37328e+06 0.0114858 5400.5 185.405 185.405 185.405
378000 292.919 6.35012e+06 0.0115277 5389.36 185.18 185.18 185.18
379000 294.935 6.32701e+06 0.0115698 5406.54 184.955 184.955 184.955
380000 291.41 6.30396e+06 0.0116121 5324.22 184.73 184.73 184.73
381000 293.995 6.28096e+06 0.0116546 5341.31 184.505 184.505 184.505
382000 292.122 6.25802e+06 0.0116973 5318.33 184.28 184.28 184.28
383000 293.436 6.23513e+06 0.0117403 5347.67 184.055 184.055 184.055
384000 291.134 6.2123e+06 0.0117834 5295.3 183.83 183.83 183.83
385000 292.754 6.18953e+06 0.0118268 5317.47 183.606 183.606 183.606
386000 294.077 6.16681e+06 0.0118703 5363.44 183.381 183.381 183.381
387000 292.738 6.14415e+06 0.0119141 5354.66 183.156 183.156 183.156
388000 296.031 6.12154e+06 0.0119581 5391.48 182.931 182.931 182.931
389000 294.003 6.09899e+06 0.0120023 5369.38 182.706 182.706 182.706
390000 291.356 6.07649e+06 0.0120468 5298.09 182.481 182.481 182.481
391000 294.931 6.05405e+06 0.0120914 5369 182.256 182.256 182.256
392000 293.277 6.03167e+06 0.0121363 5333.91 182.031 182.031 182.031
393000 294.149 6.00934e+06 0.0121814 5327.8 181.806 181.806 181.806
394000 292.811 5.98706e+06 0.0122267 5300.39 181.581 181.581 181.581
395000 291.565 5.96484e+06 0.0122722 5288.55 181.356 181.356 181.356
396000 292.603 5.94268e+06 0.012318 5304.12 181.132 181.132 181.132
397000 294.753 5.92057e+06 0.012364 5329.96 180.907 180.907 180.907
398000 293.691 5.89852e+06 0.0124102 5320.87 180.682 180.682 180.682
399000 291.171 5.87652e+06 0.0124567 5271.03 180.457 180.457 180.457
400000 293.23 5.85457e+06 0.0125034 5323.68 180.232 180.232 180.232
401000 292.653 5.83268e+06 0.0125503 5316.47 180.007 180.007 180.007
402000 293.776 5.81085e+06 0.0125975 5330.85 179.782 179.782 179.782
403000 293.075 5.78906e+06 0.0126449 5312.1 179.557 179.557 179.557
404000 291.179 5.76734e+06 0.0126925 5252.04 179.332 179.332 179.332
405000 292.713 5.74567e+06 0.0127404 5276.58 179.107 179.107 179.107
406000 294.343 5.72405e+06 0.0127885 5298.06 178.882 178.882 178.882
407000 292.686 5.70248e+06 0.0128369 5303.19 178.658 178.658 178.658
408000 290.605 5.68098e+06 0.0128855 5274.12 178.433 178.433 178.433
409000 293.447 5.65952e+06 0.0129343 5310.37 178.208 178.208 178.208
410000 292.415 5.63812e+06 0.0129834 5316.89 177.983 177.983 177.983
411000 293.441 5.61677e+06 0.0130328 5326.52 177.758 177.758 177.758
412000 292.743 5.59548e+06 0.0130824 5326.02 177.533 177.533 177.533
413000 292.665 5.57424e+06 0.0131322 5330.32 177.308 177.308 177.308
414000 292.834 5.55305e+06 0.0131823 5343.58 177.083 177.083 177.083
415000 291.866 5.53192e+06 0.0132327 5350.08 176.858 176.858 176.858
416000 293.232 5.51084e+06 0.0132833 5343.52 176.633 176.633 176.633
417000 292.267 5.48982e+06 0.0133341 5323.88 176.408 176.408 176.408
418000 294.197 5.46885e+06 0.0133853 5370.98 176.184 176.184 176.184
419000 291.571 5.44793e+06 0.0134367 5320.82 175.959 175.959 175.959
420000 292.884 5.42707e+06 0.0134883 5318.37 175.734 175.734 175.734
421000 291.464 5.40626e+06 0.0135402 5271.8 175.509 175.509 175.509
422000 289.76 5.3855e+06 0.0135924 5241.15 175.284 175.284 175.284
423000 292.403 5.3648e+06 0.0136449 5264.06 175.059 175.059 175.059
424000 295.379 5.34415e+06 0.0136976 5339.11 174.834 174.834 174.834
425000 290.698 5.32355e+06 0.0137506 5268.33 174.609 174.609 174.609
426000 290.155 5.303e+06 0.0138039 5274.97 174.384 174.384 174.384
427000 293.146 5.28251e+06 0.0138574 5340.61 174.159 174.159 174.159
428000 293.891 5.26207e+06 0.0139113 5331.7 173.934 173.934 173.934
429000 294.828 5.24169e+06 0.0139654 5323.41 173.71 173.71 173.71
430000 292.472 5.22135e+06 0.0140197 5295.75 173.485 173.485 173.485
431000 293.577 5.20107e+06 0.0140744 5317.84 173.26 173.26 173.26
432000 292.611 5.18084e+06 0.0141294 5287.8 173.035 173.035 173.035
433000 291.567 5.16067e+06 0.0141846 5283.78 172.81 172.81 172.81
434000 293.757 5.14054e+06 0.0142401 5347.02 172.585 172.585 172.585
435000 293.865 5.12047e+06 0.014296 5341 172.36 172.36 172.36
436000 293.716 5.10045e+06 0.0143521 5329.28 172.135 172.135 172.135
437000 293.262 5.08049e+06 0.0144085 5318.94 171.91 171.91 171.91
438000 293.983 5.06057e+06 0.0144652 5326.43 171.685 171.685 171.685
439000 292.566 5.04071e+06 0.0145222 5326.75 171.46 171.46 171.46
440000 292.167 5.0209e+06 0.0145795 5307.13 171.235 171.235 171.235
441000 294.612 5.00114e+06 0.0146371 5353.68 171.011 171.011 171.011
442000 290.986 4.98144e+06 0.014695 5309.37 170.786 170.786 170.786
443000 295.238 4.96178e+06 0.0147532 5370.98 170.561 170.561 170.561
444000 292.378 4.94218e+06 0.0148117 5320.02 170.336 170.336 170.336
445000 293.223 4.92263e+06 0.0148705 5356.8 170.111 170.111 170.111
446000 294.817 4.90313e+06 0.0149297 5384.83 169.886 169.886 169.886
447000 292.082 4.88368e+06 0.0149891 5316.53 169.661 169.661 169.661
448000 290.916 4.86428e+06 0.0150489 5306.32 169.436 169.436 169.436
449000 294.498 4.84494e+06 0.015109 5384.02 169.211 169.211 169.211
450000 292.042 4.82565e+06 0.0151694 5348.86 168.986 168.986 168.986
451000 291.165 4.8064e+06 0.0152301 5329.53 168.761 168.761 168.761
452000 290.986 4.78721e+06 0.0152912 5340.62 168.537 168.537 168.537
453000 291.215 4.76807e+06 0.0153525 5302.23 168.312 168.312 168.312
454000 292.708 4.74898e+06 0.0154143 5326.07 168.087 168.087 168.087
455000 294.455 4.72995e+06 0.0154763 5355.47 167.862 167.862 167.862
456000 292.161 4.71096e+06 0.0155387 5319.03 167.637 167.637 167.637
457000 292.719 4.69202e+06 0.0156014 5331.04 167.412 167.412 167.412
458000 295.254 4.67314e+06 0.0156644 5392.79 167.187 167.187 167.187
459000 294.503 4.6543e+06 0.0157278 5350.8 166.962 166.962 166.962
460000 291.317 4.63552e+06 0.0157916 5312.91 166.737 166.737 166.737
461000 293.11 4.61679e+06 0.0158556 5346.56 166.512 166.512 166.512
462000 293.415 4.5981e+06 0.0159201 5349.34 166.287 166.287 166.287
463000 294.739 4.57947e+06 0.0159848 5378.35 166.063 166.063 166.063
464000 292.21 4.56089e+06 0.0160499 5338.65 165.838 165.838 165.838
465000 293.347 4.54236e+06 0.0161154 5332.03 165.613 165.613 165.613
466000 293.058 4.52388e+06 0.0161813 5343.69 165.388 165.388 165.388
467000 293.99 4.50545e+06 0.0162475 5356.99 165.163 165.163 165.163
468000 295.147 4.48707e+06 0.016314 5379.82 164.938 164.938 164.938
469000 292.485 4.46874e+06 0.0163809 5345.52 164.713 164.713 164.713
470000 292.641 4.45046e+06 0.0164482 5350.56 164.488 164.488 164.488
471000 293.646 4.43222e+06 0.0165159 5359.88 164.263 164.263 164.263
472000 294.626 4.41404e+06 0.0165839 5355.57 164.038 164.038 164.038
473000 292.284 4.39591e+06 0.0166523 5317.56 163.813 163.813 163.813
474000 292.86 4.37783e+06 0.0167211 5350.79 163.589 163.589 163.589
475000 294.699 4.3598e+06 0.0167902 5391.41 163.364 163.364 163.364
476000 294.453 4.34182e+06 0.0168598 5369.74 163.139 163.139 163.139
477000 293.709 4.32388e+06 0.0169297 5348.68 162.914 162.914 162.914
478000 293.321 4.306e+06 0.017 5334.28 162.689 162.689 162.689
479000 292.045 4.28817e+06 0.0170707 5311.67 162.464 162.464 162.464
480000 292.48 4.27038e+06 0.0171418 5300.22 162.239 162.239 162.239
481000 293.276 4.25265e+06 0.0172133 5338.93 162.014 162.014 162.014
482000 292.149 4.23496e+06 0.0172852 5304.49 161.789 161.789 161.789
483000 293.773 4.21732e+06 0.0173575 5362.78 161.564 161.564 161.564
484000 292.911 4.19974e+06 0.0174302 5327.17 161.339 161.339 161.339
485000 293.021 4.1822e+06 0.0175033 5350.84 161.115 161.115 161.115
486000 293.269 4.16471e+06 0.0175768 5352.16 160.89 160.89 160.89
487000 292.577 4.14727e+06 0.0176507 5303.85 160.665 160.665 160.665
488000 292.57 4.12987e+06 0.017725 5312.29 160.44 160.44 160.44
489000 292.626 4.11253e+06 0.0177998 5280.51 160.215 160.215 160.215
490000 294.624 4.09523e+06 0.0178749 5336.44 159.99 159.99 159.99
491000 290.184 4.07799e+06 0.0179505 5253.8 159.765 159.765 159.765
492000 292.817 4.06079e+06 0.0180266 5334.24 159.54 159.54 159.54
493000 293.976 4.04364e+06 0.018103 5344.62 159.315 159.315 159.315
494000 293.491 4.02654e+06 0.0181799 5298.2 159.09 159.09 159.09
495000 292.057 4.00948e+06 0.0182572 5298.48 158.865 158.865 158.865
496000 295.67 3.99248e+06 0.018335 5352.69 158.641 158.641 158.641
497000 292.45 3.97552e+06 0.0184132 5321.53 158.416 158.416 158.416
498000 293.368 3.95861e+06 0.0184918 5358.93 158.191 158.191 158.191
499000 291.795 3.94175e+06 0.0185709 5287.65 157.966 157.966 157.966
500000 293.304 3.92494e+06 0.0186505 5323.62 157.741 157.741 157.741
501000 292.482 3.90818e+06 0.0187305 5279.98 157.516 157.516 157.516
502000 293.247 3.89146e+06 0.018811 5316.52 157.291 157.291 157.291
503000 292.022 3.87479e+06 0.0188919 5284.16 157.066 157.066 157.066
504000 293.442 3.85817e+06 0.0189733 5303.59 156.841 156.841 156.841
505000 293.159 3.84159e+06 0.0190551 5274.51 156.616 156.616 156.616
506000 294.649 3.82507e+06 0.0191375 5321.06 156.391 156.391 156.391
507000 293.137 3.80859e+06 0.0192203 5274.26 156.167 156.167 156.167
508000 292.487 3.79216e+06 0.0193035 5277.57 155.942 155.942 155.942
509000 290.16 3.77577e+06 0.0193873 5235.25 155.717 155.717 155.717
510000 294.733 3.75944e+06 0.0194716 5332.43 155.492 155.492 155.492
511000 293.045 3.74315e+06 0.0195563 5301.16 155.267 155.267 155.267
512000 294.166 3.7269e+06 0.0196415 5299.66 155.042 155.042 155.042
513000 293.448 3.71071e+06 0.0197273 5289.03 154.817 154.817 154.817
514000 291.369 3.69456e+06 0.0198135 5240.95 154.592 154.592 154.592
515000 292.245 3.67846e+06 0.0199002 5263.33 154.367 154.367 154.367
516000 291.403 3.6624e+06 0.0199874 5234.18 154.142 154.142 154.142
517000 293.754 3.64639e+06 0.0200752 5290.85 153.917 153.917 153.917
518000 291.427 3.63043e+06 0.0201635 5259.63 153.693 153.693 153.693
519000 292.452 3.61452e+06 0.0202522 5252.47 153.468 153.468 153.468
520000 293.168 3.59865e+06 0.0203415 5300.85 153.243 153.243 153.243
521000 293.777 3.58283e+06 0.0204314 5302.22 153.018 153.018 153.018
522000 292.526 3.56705e+06 0.0205217 5261.03 152.793 152.793 152.793
523000 291.86 3.55132e+06 0.0206126 5240.44 152.568 152.568 152.568
524000 294.13 3.53564e+06 0.020704 5293.89 152.343 152.343 152.343
525000 293.375 3.52001e+06 0.020796 5257.21 152.118 152.118 152.118
526000 293.012 3.50442e+06 0.0208885 5241.12 151.893 151.893 151.893
527000 292.737 3.48887e+06 0.0209816 5239.63 151.668 151.668 151.668
528000 293.084 3.47337e+06 0.0210752 5228.47 151.443 151.443 151.443
529000 293.532 3.45792e+06 0.0211694 5256.45 151.219 151.219 151.219
530000 291.43 3.44251e+06 0.0212641 5243.23 150.994 150.994 150.994
531000 292.156 3.42715e+06 0.0213594 5235.81 150.769 150.769 150.769
532000 292.506 3.41184e+06 0.0214553 5247.65 150.544 150.544 150.544
533000 293.572 3.39657e+06 0.0215518 5243.64 150.319 150.319 150.319
534000 293.812 3.38135e+06 0.0216488 5247.5 150.094 150.094 150.094
535000 293.179 3.36617e+06 0.0217464 5238.94 149.869 149.869 149.869
536000 292.002 3.35104e+06 0.0218446 5216.18 149.644 149.644 149.644
537000 290.525 3.33595e+06 0.0219434 5198.83 149.419 149.419 149.419
538000 295.825 3.32091e+06 0.0220428 5292.42 149.194 149.194 149.194
539000 292.393 3.30591e+06 0.0221428 5233.58 148.969 148.969 148.969
540000 291.263 3.29096e+06 0.0222434 5226.69 148.744 148.744 148.744
541000 292.417 3.27606e+06 0.0223446 5220.41 148.52 148.52 148.52
542000 293.447 3.2612e+06 0.0224464 5259.06 148.295 148.295 148.295
543000 294.467 3.24638e+06 0.0225488 5244.66 148.07 148.07 148.07
544000 292.315 3.23161e+06 0.0226519 5223.35 147.845 147.845 147.845
545000 292.215 3.21688e+06 0.0227556 5228.65 147.62 147.62 147.62
546000 294.028 3.2022e+06 0.0228599 5253.1 147.395 147.395 147.395
547000 292.266 3.18757e+06 0.0229649 5206.6 147.17 147.17 147.17
548000 290.808 3.17297e+06 0.0230705 5167.66 146.945 146.945 146.945
549000 292.594 3.15843e+06 0.0231767 5193.53 146.72 146.72 146.72
550000 293.966 3.14393e+06 0.0232837 5229.19 146.495 146.495 146.495
551000 294.48 3.12947e+06 0.0233912 5223.48 146.27 146.27 146.27
552000 293.353 3.11505e+06 0.0234995 5195.3 146.046 146.046 146.046
553000 291.809 3.10068e+06 0.0236084 5166.37 145.821 145.821 145.821
554000 292.645 3.08636e+06 0.0237179 5180.48 145.596 145.596 145.596
555000 293.677 3.07208e+06 0.0238282 5188.16 145.371 145.371 145.371
556000 293.646 3.05784e+06 0.0239391 5200.72 145.146 145.146 145.146
557000 294.816 3.04365e+06 0.0240508 5207.22 144.921 144.921 144.921
558000 293.364 3.0295e+06 0.0241631 5199.2 144.696 144.696 144.696
559000 292.212 3.01539e+06 0.0242761 5205.08 144.471 144.471 144.471
560000 292.757 3.00133e+06 0.0243899 5196.4 144.246 144.246 144.246
561000 294.071 2.98732e+06 0.0245043 5243.73 144.021 144.021 144.021
562000 291.721 2.97334e+06 0.0246195 5167.49 143.796 143.796 143.796
563000 293.501 2.95941e+06 0.0247353 5174.04 143.572 143.572 143.572
564000 293.454 2.94553e+06 0.024852 5184.29 143.347 143.347 143.347
565000 290.911 2.93168e+06 0.0249693 5169.9 143.122 143.122 143.122
566000 292.611 2.91788e+06 0.0250874 5161.66 142.897 142.897 142.897
567000 292.38 2.90413e+06 0.0252062 5164.99 142.672 142.672 142.672
568000 291.346 2.89042e+06 0.0253258 5163.92 142.447 142.447 142.447
569000 294.446 2.87675e+06 0.0254461 5241.44 142.222 142.222 142.222
570000 293.726 2.86312e+06 0.0255672 5201.25 141.997 141.997 141.997
571000 290.689 2.84954e+06 0.0256891 5120.82 141.772 141.772 141.772
572000 291.515 2.836e+06 0.0258118 5117.93 141.547 141.547 141.547
573000 293.713 2.8225e+06 0.0259352 5164.54 141.322 141.322 141.322
574000 292.566 2.80905e+06 0.0260594 5162.08 141.098 141.098 141.098
575000 292.058 2.79563e+06 0.0261844 5139.65 140.873 140.873 140.873
576000 292.142 2.78227e+06 0.0263103 5161.55 140.648 140.648 140.648
577000 292.162 2.76894e+06 0.0264369 5136.34 140.423 140.423 140.423
578000 293.771 2.75566e+06 0.0265643 5169.15 140.198 140.198 140.198
579000 292.18 2.74241e+06 0.0266926 5150.9 139.973 139.973 139.973
580000 294.502 2.72922e+06 0.0268217 5178.95 139.748 139.748 139.748
581000 292.7 2.71606e+06 0.0269516 5168.63 139.523 139.523 139.523
582000 291.712 2.70295e+06 0.0270823 5124.05 139.298 139.298 139.298
583000 295.445 2.68988e+06 0.0272139 5209.57 139.073 139.073 139.073
584000 292.268 2.67685e+06 0.0273464 5118.96 138.848 138.848 138.848
585000 291.519 2.66386e+06 0.0274797 5091.58 138.624 138.624 138.624
586000 290.63 2.65091e+06 0.0276139 5070.52 138.399 138.399 138.399
587000 294.125 2.63801e+06 0.027749 5134.89 138.174 138.174 138.174
588000 293.286 2.62515e+06 0.0278849 5133.68 137.949 137.949 137.949
589000 292.839 2.61233e+06 0.0280217 5112.32 137.724 137.724 137.724
590000 292.68 2.59955e+06 0.0281595 5106.42 137.499 137.499 137.499
591000 292.135 2.58682e+06 0.0282981 5090.61 137.274 137.274 137.274
592000 293.711 2.57412e+06 0.0284377 5109.73 137.049 137.049 137.049
593000 292.205 2.56147e+06 0.0285781 5076.07 136.824 136.824 136.824
594000 292.151 2.54886e+06 0.0287195 5076.28 136.599 136.599 136.599
595000 291.504 2.53629e+06 0.0288619 5050.17 136.374 136.374 136.374
596000 292.841 2.52376e+06 0.0290051 5061.45 136.15 136.15 136.15
597000 294.919 2.51128e+06 0.0291493 5117.31 135.925 135.925 135.925
598000 292.311 2.49883e+06 0.0292945 5056.86 135.7 135.7 135.7
599000 292.98 2.48643e+06 0.0294407 5045.67 135.475 135.475 135.475
600000 291.088 2.47407e+06 0.0295878 5022.48 135.25 135.25 135.25
601000 292.807 2.46174e+06 0.0297359 5051.86 135.025 135.025 135.025
602000 290.281 2.44946e+06 0.029885 5003.09 134.8 134.8 134.8
603000 290.972 2.43722e+06 0.0300351 5000.16 134.575 134.575 134.575
604000 292.904 2.42502e+06 0.0301862 5061.12 134.35 134.35 134.35
605000 293.832 2.41286e+06 0.0303383 5072.77 134.125 134.125 134.125
606000 292.274 2.40075e+06 0.0304914 5067.9 133.9 133.9 133.9
607000 291.721 2.38867e+06 0.0306456 5065.5 133.676 133.676 133.676
608000 292.548 2.37663e+06 0.0308008 5086.09 133.451 133.451 133.451
609000 290.752 2.36464e+06 0.030957 5043.41 133.226 133.226 133.226
610000 292.111 2.35268e+06 0.0311143 5061.8 133.001 133.001 133.001
611000 292.721 2.34077e+06 0.0312727 5092.96 132.776 132.776 132.776
612000 293.988 2.32889e+06 0.0314322 5106.88 132.551 132.551 132.551
613000 293.451 2.31706e+06 0.0315927 5105.72 132.326 132.326 132.326
614000 290.718 2.30526e+06 0.0317544 5008.5 132.101 132.101 132.101
615000 293.375 2.29351e+06 0.0319171 5046.44 131.876 131.876 131.876
616000 293.306 2.28179e+06 0.032081 5049.67 131.651 131.651 131.651
617000 294.169 2.27012e+06 0.032246 5066.77 131.426 131.426 131.426
618000 292.902 2.25848e+06 0.0324121 5029.97 131.202 131.202 131.202
619000 291.977 2.24689e+06 0.0325793 5032.41 130.977 130.977 130.977
620000 290.77 2.23533e+06 0.0327477 5026.08 130.752 130.752 130.752
621000 290.991 2.22382e+06 0.0329173 5021.92 130.527 130.527 130.527
622000 293.057 2.21234e+06 0.0330881 5057.83 130.302 130.302 130.302
623000 292.416 2.20091e+06 0.03326 5059.73 130.077 130.077 130.077
624000 292.735 2.18951e+06 0.0334331 5031.47 129.852 129.852 129.852
625000 295.336 2.17815e+06 0.0336074 5104.05 129.627 129.627 129.627
626000 292.625 2.16683e+06 0.033783 5054.6 129.402 129.402 129.402
627000 293.295 2.15556e+06 0.0339597 5069.15 129.177 129.177 129.177
628000 295.492 2.14432e+06 0.0341377 5114.38 128.952 128.952 128.952
629000 294.088 2.13312e+06 0.034317 5088.72 128.728 128.728 128.728
630000 293.668 2.12195e+06 0.0344975 5045.16 128.503 128.503 128.503
631000 290.628 2.11083e+06 0.0346793 5004.77 128.278 128.278 128.278
632000 291.897 2.09975e+06 0.0348623 5031.69 128.053 128.053 128.053
633000 291.377 2.0887e+06 0.0350467 5013.46 127.828 127.828 127.828
634000 291.628 2.0777e+06 0.0352323 4992.42 127.603 127.603 127.603
635000 292.262 2.06673e+06 0.0354193 4964.41 127.378 127.378 127.378
636000 292.213 2.0558e+06 0.0356076 4955.86 127.153 127.153 127.153
637000 291.667 2.04491e+06 0.0357972 4983.42 126.928 126.928 126.928
638000 290.416 2.03406e+06 0.0359881 4951.3 126.703 126.703 126.703
639000 294.142 2.02325e+06 0.0361805 5004.91 126.478 126.478 126.478
640000 293.015 2.01248e+06 0.0363742 5022.73 126.253 126.253 126.253
641000 292.12 2.00174e+06 0.0365693 4981.8 126.029 126.029 126.029
642000 291.871 1.99104e+06 0.0367657 4989.73 125.804 125.804 125.804
643000 291.146 1.98038e+06 0.0369636 4951.24 125.579 125.579 125.579
644000 291.836 1.96976e+06 0.037163 4977.2 125.354 125.354 125.354
645000 292.638 1.95918e+06 0.0373637 4999.09 125.129 125.129 125.129
646000 294.22 1.94863e+06 0.0375659 4993.84 124.904 124.904 124.904
647000 291.523 1.93812e+06 0.0377696 4953.16 124.679 124.679 124.679
648000 292.247 1.92765e+06 0.0379747 4943.49 124.454 124.454 124.454
649000 292.198 1.91722e+06 0.0381813 4941.14 124.229 124.229 124.229
650000 292.747 1.90683e+06 0.0383895 4954.29 124.004 124.004 124.004
651000 291.343 1.89647e+06 0.0385991 4911.3 123.779 123.779 123.779
652000 292.492 1.88615e+06 0.0388103 4927.52 123.555 123.555 123.555
653000 289.828 1.87587e+06 0.039023 4890.49 123.33 123.33 123.33
654000 293.369 1.86563e+06 0.0392373 4947.54 123.105 123.105 123.105
655000 293.707 1.85542e+06 0.0394531 4972.4 122.88 122.88 122.88
656000 294.438 1.84525e+06 0.0396706 5012.56 122.655 122.655 122.655
657000 293.269 1.83512e+06 0.0398896 4980.77 122.43 122.43 122.43
658000 294.68 1.82502e+06 0.0401102 5001.1 122.205 122.205 122.205
659000 293.416 1.81497e+06 0.0403325 4979.71 121.98 121.98 121.98
660000 291.274 1.80494e+06 0.0405564 4933.13 121.755 121.755 121.755
661000 291.615 1.79496e+06 0.040782 4921.21 121.53 121.53 121.53
662000 295.035 1.78501e+06 0.0410093 4986.9 121.305 121.305 121.305
663000 293.096 1.7751e+06 0.0412382 4933.15 121.081 121.081 121.081
664000 293.944 1.76523e+06 0.0414689 4972.7 120.856 120.856 120.856
665000 292.771 1.75539e+06 0.0417013 4952.19 120.631 120.631 120.631
666000 294.616 1.74559e+06 0.0419354 4980.82 120.406 120.406 120.406
667000 293.021 1.73583e+06 0.0421713 4930.93 120.181 120.181 120.181
668000 294.852 1.7261e+06 0.0424089 4958.91 119.956 119.956 119.956
669000 292.9 1.71641e+06 0.0426484 4921.98 119.731 119.731 119.731
670000 291.95 1.70676e+06 0.0428896 4920.21 119.506 119.506 119.506
671000 292.768 1.69714e+06 0.0431327 4908.44 119.281 119.281 119.281
672000 292.744 1.68756e+06 0.0433776 4921.74 119.056 119.056 119.056
673000 292.657 1.67801e+06 0.0436244 4918.76 118.831 118.831 118.831
674000 293.616 1.6685e+06 0.043873 4969.04 118.607 118.607 118.607
675000 292.558 1.65903e+06 0.0441235 4938.7 118.382 118.382 118.382
676000 294.518 1.64959e+06 0.044376 4953.83 118.157 118.157 118.157
677000 292.655 1.64019e+06 0.0446304 4924.63 117.932 117.932 117.932
678000 291.927 1.63082e+06 0.0448867 4896.8 117.707 117.707 117.707
679000 295.167 1.62149e+06 0.045145 4935.63 117.482 117.482 117.482
680000 294.823 1.6122e+06 0.0454052 4974.76 117.257 117.257 117.257
681000 291.496 1.60294e+06 0.0456675 4908.9 117.032 117.032 117.032
682000 291.764 1.59371e+06 0.0459318 4910.63 116.807 116.807 116.807
683000 290.317 1.58452e+06 0.0461982 4876.49 116.582 116.582 116.582
684000 292.508 1.57537e+06 0.0464666 4911.66 116.357 116.357 116.357
685000 293.457 1.56625e+06 0.0467371 4931.47 116.133 116.133 116.133
686000 294.047 1.55717e+06 0.0470097 4924.9 115.908 115.908 115.908
687000 295.606 1.54812e+06 0.0472844 4961.78 115.683 115.683 115.683
688000 292.007 1.53911e+06 0.0475613 4894.88 115.458 115.458 115.458
689000 293.333 1.53014e+06 0.0478403 4905.43 115.233 115.233 115.233
690000 292.441 1.52119e+06 0.0481215 4895.58 115.008 115.008 115.008
691000 293.571 1.51229e+06 0.048405 4896.67 114.783 114.783 114.783
692000 291.646 1.50341e+06 0.0486906 4850.43 114.558 114.558 114.558
693000 293.314 1.49458e+06 0.0489785 4879.07 114.333 114.333 114.333
694000 293.11 1.48577e+06 0.0492687 4887.69 114.108 114.108 114.108
695000 292.368 1.47701e+06 0.0495612 4879.19 113.883 113.883 113.883
696000 291.611 1.46827e+06 0.049856 4888.27 113.659 113.659 113.659
697000 294.322 1.45957e+06 0.0501531 4917.96 113.434 113.434 113.434
698000 294.101 1.45091e+06 0.0504526 4901.91 113.209 113.209 113.209
699000 293.826 1.44228e+06 0.0507545 4900.11 112.984 112.984 112.984
700000 293.33 1.43368e+06 0.0510589 4868.62 112.759 112.759 112.759
701000 294.058 1.42512e+06 0.0513656 4892.36 112.534 112.534 112.534
702000 291.732 1.41659e+06 0.0516748 4849.36 112.309 112.309 112.309
703000 292.204 1.4081e+06 0.0519865 4850.47 112.084 112.084 112.084
704000 294.615 1.39964e+06 0.0523007 4914.65 111.859 111.859 111.859
705000 294.744 1.39121e+06 0.0526175 4921.72 111.634 111.634 111.634
706000 293.86 1.38282e+06 0.0529368 4879.8 111.409 111.409 111.409
707000 294.265 1.37446e+06 0.0532587 4900.75 111.185 111.185 111.185
708000 294.455 1.36614e+06 0.0535832 4936.02 110.96 110.96 110.96
709000 293.745 1.35785e+06 0.0539104 4893.63 110.735 110.735 110.735
710000 294.888 1.34959e+06 0.0542402 4889.28 110.51 110.51 110.51
711000 291.021 1.34137e+06 0.0545727 4834.95 110.285 110.285 110.285
712000 291.844 1.33318e+06 0.054908 4807.35 110.06 110.06 110.06
713000 292.846 1.32502e+06 0.055246 4809.34 109.835 109.835 109.835
714000 292.501 1.3169e+06 0.0555867 4818.16 109.61 109.61 109.61
715000 292.587 1.30881e+06 0.0559303 4790.54 109.385 109.385 109.385
716000 293.03 1.30075e+06 0.0562767 4794.22 109.16 109.16 109.16
717000 292.763 1.29273e+06 0.056626 4797.38 108.935 108.935 108.935
718000 294.619 1.28474e+06 0.0569782 4813.64 108.711 108.711 108.711
719000 292.633 1.27678e+06 0.0573333 4768.2 108.486 108.486 108.486
720000 290.457 1.26886e+06 0.0576914 4736.39 108.261 108.261 108.261
721000 293.262 1.26097e+06 0.0580525 4787.13 108.036 108.036 108.036
722000 292.642 1.25311e+06 0.0584165 4771.09 107.811 107.811 107.811
723000 293.218 1.24528e+06 0.0587837 4789.15 107.586 107.586 107.586
724000 293.703 1.23749e+06 0.0591539 4808.74 107.361 107.361 107.361
725000 295.112 1.22973e+06 0.0595272 4824.3 107.136 107.136 107.136
726000 292.334 1.222e+06 0.0599037 4782.7 106.911 106.911 106.911
727000 292.334 1.2143e+06 0.0602833 4787.18 106.686 106.686 106.686
728000 290.611 1.20664e+06 0.0606662 4727.6 106.461 106.461 106.461
729000 293.384 1.19901e+06 0.0610523 4767.04 106.237 106.237 106.237
730000 292.463 1.19141e+06 0.0614417 4772.73 106.012 106.012 106.012
731000 291.753 1.18384e+06 0.0618345 4747.27 105.787 105.787 105.787
732000 292.782 1.17631e+06 0.0622305 4789.44 105.562 105.562 105.562
733000 291.565 1.1688e+06 0.06263 4755.27 105.337 105.337 105.337
734000 293.639 1.16133e+06 0.0630329 4788.32 105.112 105.112 105.112
735000 291.431 1.15389e+06 0.0634393 4763.91 104.887 104.887 104.887
736000 293.203 1.14649e+06 0.0638491 4816.45 104.662 104.662 104.662
737000 291.365 1.13911e+06 0.0642625 4792.24 104.437 104.437 104.437
738000 293.3 1.13177e+06 0.0646795 4803.84 104.212 104.212 104.212
739000 291.975 1.12446e+06 0.0651001 4767.36 103.987 103.987 103.987
740000 291.701 1.11718e+06 0.0655243 4754.38 103.762 103.762 103.762
741000 294.761 1.10993e+06 0.0659522 4804.53 103.538 103.538 103.538
742000 293.952 1.10271e+06 0.0663839 4765.74 103.313 103.313 103.313
743000 292.606 1.09552e+06 0.0668194 4740.43 103.088 103.088 103.088
744000 293.165 1.08837e+06 0.0672586 4767.05 102.863 102.863 102.863
745000 294.495 1.08125e+06 0.0677017 4787.9 102.638 102.638 102.638
746000 293.591 1.07415e+06 0.0681488 4764.82 102.413 102.413 102.413
747000 292.187 1.06709e+06 0.0685997 4741.86 102.188 102.188 102.188
748000 295.117 1.06006e+06 0.0690547 4814.69 101.963 101.963 101.963
749000 291.292 1.05306e+06 0.0695137 4725.8 101.738 101.738 101.738
750000 292.698 1.04609e+06 0.0699767 4749.94 101.513 101.513 101.513
751000 293.776 1.03916e+06 0.0704439 4780.45 101.288 101.288 101.288
752000 296.089 1.03225e+06 0.0709153 4800.02 101.064 101.064 101.064
753000 294.24 1.02537e+06 0.0713908 4781.47 100.839 100.839 100.839
754000 292.264 1.01853e+06 0.0718707 4744.48 100.614 100.614 100.614
755000 294.712 1.01171e+06 0.0723548 4782.02 100.389 100.389 100.389
756000 293.68 1.00493e+06 0.0728433 4736.96 100.164 100.164 100.164
757000 295.607 998173 0.0733362 4774.62 99.939 99.939 99.939
758000 295.936 991449 0.0738336 4790.78 99.7141 99.7141 99.7141
759000 294.405 984756 0.0743354 4785.76 99.4892 99.4892 99.4892
760000 292.726 978092 0.0748419 4734.63 99.2643 99.2643 99.2643
761000 291.783 971459 0.0753529 4708.78 99.0394 99.0394 99.0394
762000 293.744 964856 0.0758686 4735.72 98.8145 98.8145 98.8145
763000 293.843 958282 0.076389 4733.53 98.5896 98.5896 98.5896
764000 290.698 951739 0.0769142 4633.58 98.3647 98.3647 98.3647
765000 292.734 945225 0.0774442 4682.64 98.1397 98.1397 98.1397
766000 295.503 938742 0.0779791 4712.6 97.9148 97.9148 97.9148
767000 292.619 932288 0.0785189 4663.93 97.6899 97.6899 97.6899
768000 293.636 925863 0.0790638 4717.49 97.465 97.465 97.465
769000 291.101 919469 0.0796137 4656.17 97.2401 97.2401 97.2401
770000 290.425 913103 0.0801686 4618.58 97.0152 97.0152 97.0152
771000 292.101 906767 0.0807288 4647.23 96.7903 96.7903 96.7903
772000 293.552 900461 0.0812942 4665.89 96.5654 96.5654 96.5654
773000 293.834 894184 0.0818649 4662.41 96.3405 96.3405 96.3405
774000 292.671 887936 0.0824409 4655.89 96.1156 96.1156 96.1156
775000 293.315 881717 0.0830224 4659.77 95.8906 95.8906 95.8906
776000 292.519 875528 0.0836093 4631.36 95.6657 95.6657 95.6657
777000 295.756 869367 0.0842018 4700.02 95.4408 95.4408 95.4408
778000 294.125 863235 0.0847999 4672.21 95.2159 95.2159 95.2159
779000 290.881 857133 0.0854036 4574.78 94.991 94.991 94.991
780000 291.089 851059 0.0860132 4565.55 94.7661 94.7661 94.7661
781000 292.085 845014 0.0866285 4607.71 94.5412 94.5412 94.5412
782000 292.479 838997 0.0872497 4610.54 94.3163 94.3163 94.3163
783000 294.603 833009 0.0878769 4636 94.0914 94.0914 94.0914
784000 294.458 827050 0.0885101 4623.92 93.8665 93.8665 93.8665
785000 294.755 821119 0.0891494 4621.78 93.6415 93.6415 93.6415
786000 292.86 815217 0.0897948 4605.46 93.4166 93.4166 93.4166
787000 292.512 809343 0.0904465 4578.63 93.1917 93.1917 93.1917
788000 291.051 803497 0.0911045 4584.06 92.9668 92.9668 92.9668
789000 292.762 797680 0.091769 4642.51 92.7419 92.7419 92.7419
790000 294.299 791891 0.0924399 4630.33 92.517 92.517 92.517
791000 293.994 786129 0.0931173 4669.85 92.2921 92.2921 92.2921
792000 291.192 780396 0.0938014 4581.62 92.0672 92.0672 92.0672
793000 294.359 774691 0.0944922 4647.32 91.8423 91.8423 91.8423
794000 294.778 769013 0.0951899 4640.81 91.6174 91.6174 91.6174
795000 292.757 763364 0.0958944 4569.87 91.3924 91.3924 91.3924
796000 293.696 757742 0.0966058 4588.23 91.1675 91.1675 91.1675
797000 293.161 752148 0.0973244 4581.6 90.9426 90.9426 90.9426
798000 291.681 746581 0.09805 4537.95 90.7177 90.7177 90.7177
799000 293.554 741042 0.0987829 4591.2 90.4928 90.4928 90.4928
800000 293.596 735530 0.0995231 4561.86 90.2679 90.2679 90.2679
801000 293.801 730046 0.100271 4575.84 90.043 90.043 90.043
802000 290.723 724589 0.101026 4509.8 89.8181 89.8181 89.8181
803000 295.288 719160 0.101789 4598.57 89.5932 89.5932 89.5932
804000 292.84 713757 0.102559 4509.8 89.3683 89.3683 89.3683
805000 295.186 708382 0.103337 4543.88 89.1433 89.1433 89.1433
806000 291.744 703034 0.104123 4457.55 88.9184 88.9184 88.9184
807000 289.786 697712 0.104918 4438.56 88.6935 88.6935 88.6935
808000 293.749 692418 0.10572 4505.8 88.4686 88.4686 88.4686
809000 290.484 687151 0.10653 4436.32 88.2437 88.2437 88.2437
810000 291.056 681910 0.107349 4432.99 88.0188 88.0188 88.0188
811000 294.518 676696 0.108176 4499.29 87.7939 87.7939 87.7939
812000 293.666 671509 0.109012 4452.85 87.569 87.569 87.569
813000 292.168 666348 0.109856 4460.47 87.3441 87.3441 87.3441
814000 292.204 661213 0.110709 4442.11 87.1192 87.1192 87.1192
815000 290.51 656106 0.111571 4395.35 86.8942 86.8942 86.8942
816000 291.146 651024 0.112442 4396.35 86.6693 86.6693 86.6693
817000 292.445 645969 0.113322 4442.16 86.4444 86.4444 86.4444
818000 292.82 640940 0.114211 4403.06 86.2195 86.2195 86.2195
819000 291.911 635937 0.115109 4394.58 85.9946 85.9946 85.9946
820000 293.607 630961 0.116017 4386.15 85.7697 85.7697 85.7697
821000 292.583 626010 0.116935 4411.99 85.5448 85.5448 85.5448
822000 292.088 621086 0.117862 4395.67 85.3199 85.3199 85.3199
823000 290.928 616187 0.118799 4362.97 85.095 85.095 85.095
824000 292.942 611314 0.119746 4382.9 84.8701 84.8701 84.8701
825000 292.182 606467 0.120703 4349.46 84.6451 84.6451 84.6451
826000 292.21 601645 0.12167 4321.51 84.4202 84.4202 84.4202
827000 293.394 596849 0.122648 4372.83 84.1953 84.1953 84.1953
828000 294.502 592079 0.123636 4388.58 83.9704 83.9704 83.9704
829000 293.87 587334 0.124635 4336.63 83.7455 83.7455 83.7455
830000 293.48 582615 0.125644 4328.54 83.5206 83.5206 83.5206
831000 292.966 577921 0.126665 4339.84 83.2957 83.2957 83.2957
832000 292.443 573252 0.127697 4310.58 83.0708 83.0708 83.0708
833000 290.317 568608 0.128739 4249.91 82.8459 82.8459 82.8459
834000 292.665 563990 0.129794 4310.35 82.621 82.621 82.621
835000 291.864 559397 0.130859 4298.84 82.396 82.396 82.396
836000 295.281 554828 0.131937 4382.62 82.1711 82.1711 82.1711
837000 290.182 550285 0.133026 4303.28 81.9462 81.9462 81.9462
838000 292.83 545767 0.134128 4317.95 81.7213 81.7213 81.7213
839000 293.765 541273 0.135241 4305.92 81.4964 81.4964 81.4964
840000 294.596 536804 0.136367 4333.13 81.2715 81.2715 81.2715
841000 294.389 532360 0.137506 4317.62 81.0466 81.0466 81.0466
842000 291.834 527940 0.138657 4268.8 80.8217 80.8217 80.8217
843000 291.852 523545 0.139821 4262.89 80.5968 80.5968 80.5968
844000 293.459 519174 0.140998 4304.57 80.3719 80.3719 80.3719
845000 292.297 514828 0.142188 4244.26 80.1469 80.1469 80.1469
846000 293.347 510506 0.143392 4248.6 79.922 79.922 79.922
847000 294.566 506208 0.144609 4279.07 79.6971 79.6971 79.6971
848000 293.079 501934 0.145841 4231.33 79.4722 79.4722 79.4722
849000 291.267 497685 0.147086 4186.26 79.2473 79.2473 79.2473
850000 292.052 493459 0.148345 4177.59 79.0224 79.0224 79.0224
851000 292.566 489258 0.149619 4166.73 78.7975 78.7975 78.7975
852000 291.071 485081 0.150908 4144.75 78.5726 78.5726 78.5726
853000 294.518 480927 0.152211 4220.1 78.3477 78.3477 78.3477
854000 293.535 476797 0.153529 4159.22 78.1228 78.1228 78.1228
855000 292.101 472691 0.154863 4153.47 77.8978 77.8978 77.8978
856000 292.681 468608 0.156212 4159.27 77.6729 77.6729 77.6729
857000 293.218 464549 0.157577 4116.88 77.448 77.448 77.448
858000 292.85 460514 0.158958 4138.55 77.2231 77.2231 77.2231
859000 291.566 456502 0.160355 4096.7 76.9982 76.9982 76.9982
860000 291.617 452513 0.161769 4072.83 76.7733 76.7733 76.7733
861000 292.116 448548 0.163199 4084.25 76.5484 76.5484 76.5484
862000 293.863 444606 0.164646 4106.7 76.3235 76.3235 76.3235
863000 292.377 440687 0.16611 4089.71 76.0986 76.0986 76.0986
864000 294.072 436791 0.167591 4125.51 75.8737 75.8737 75.8737
865000 293.621 432919 0.169091 4074.48 75.6487 75.6487 75.6487
866000 293.172 429069 0.170608 4080.43 75.4238 75.4238 75.4238
867000 293.396 425242 0.172143 4107.44 75.1989 75.1989 75.1989
868000 293.121 421438 0.173697 4087.47 74.974 74.974 74.974
869000 295.002 417656 0.17527 4117.14 74.7491 74.7491 74.7491
870000 293.518 413898 0.176861 4074.58 74.5242 74.5242 74.5242
871000 296.351 410162 0.178472 4120.39 74.2993 74.2993 74.2993
872000 291.937 406448 0.180103 4001 74.0744 74.0744 74.0744
873000 293.699 402757 0.181753 4062.48 73.8495 73.8495 73.8495
874000 292.418 399088 0.183424 4038.42 73.6246 73.6246 73.6246
875000 290.403 395442 0.185116 4013.8 73.3996 73.3996 73.3996
876000 292.073 391818 0.186828 4021.57 73.1747 73.1747 73.1747
877000 293.274 388216 0.188561 4045.1 72.9498 72.9498 72.9498
878000 294.02 384637 0.190316 4064.57 72.7249 72.7249 72.7249
879000 294.755 381079 0.192093 4064.6 72.5 72.5 72.5
880000 293.43 377544 0.193891 4043.36 72.2751 72.2751 72.2751
881000 293.305 374030 0.195713 4049.85 72.0502 72.0502 72.0502
882000 294.079 370538 0.197557 4045.67 71.8253 71.8253 71.8253
883000 291.646 367068 0.199425 3997.11 71.6004 71.6004 71.6004
884000 292.88 363620 0.201316 4010.59 71.3755 71.3755 71.3755
885000 293.935 360193 0.203231 4006.85 71.1505 71.1505 71.1505
886000 291.551 356788 0.205171 3939.86 70.9256 70.9256 70.9256
887000 293.82 353405 0.207135 3952.35 70.7007 70.7007 70.7007
888000 294.423 350043 0.209124 3967.51 70.4758 70.4758 70.4758
889000 291.329 346702 0.211139 3907.94 70.2509 70.2509 70.2509
890000 292.492 343383 0.21318 3913.13 70.026 70.026 70.026
891000 292.08 340085 0.215248 3875.62 69.8011 69.8011 69.8011
892000 293.199 336808 0.217342 3905.57 69.5762 69.5762 69.5762
893000 296.628 333553 0.219463 3947.22 69.3513 69.3513 69.3513
894000 293.692 330318 0.221612 3887.62 69.1264 69.1264 69.1264
895000 293.843 327104 0.22379 3847.56 68.9014 68.9014 68.9014
896000 292.512 323911 0.225996 3851.77 68.6765 68.6765 68.6765
897000 293.18 320740 0.228231 3861.98 68.4516 68.4516 68.4516
898000 291.654 317588 0.230495 3841.43 68.2267 68.2267 68.2267
899000 292.245 314458 0.23279 3825.49 68.0018 68.0018 68.0018
900000 294.127 311348 0.235115 3818.79 67.7769 67.7769 67.7769
901000 293.661 308259 0.237471 3820.65 67.552 67.552 67.552
902000 291.811 305190 0.239859 3804.36 67.3271 67.3271 67.3271
903000 292.132 302142 0.242279 3777.63 67.1022 67.1022 67.1022
904000 293.015 299114 0.244731 3795.93 66.8773 66.8773 66.8773
905000 294.814 296106 0.247217 3807.58 66.6523 66.6523 66.6523
906000 291.569 293119 0.249737 3736.65 66.4274 66.4274 66.4274
907000 292.939 290152 0.252291 3765.86 66.2025 66.2025 66.2025
908000 292.091 287204 0.25488 3733.69 65.9776 65.9776 65.9776
909000 294.436 284277 0.257504 3755.81 65.7527 65.7527 65.7527
910000 292.785 281370 0.260165 3747.79 65.5278 65.5278 65.5278
911000 292.24 278483 0.262862 3716.45 65.3029 65.3029 65.3029
912000 291.883 275615 0.265597 3704.17 65.078 65.078 65.078
913000 292.52 272768 0.26837 3736.43 64.8531 64.8531 64.8531
914000 292.398 269940 0.271181 3730.82 64.6282 64.6282 64.6282
915000 295.315 267131 0.274032 3766.03 64.4032 64.4032 64.4032
916000 295.568 264342 0.276924 3747.9 64.1783 64.1783 64.1783
917000 292.966 261573 0.279856 3741.93 63.9534 63.9534 63.9534
918000 294.869 258823 0.282829 3751.69 63.7285 63.7285 63.7285
919000 293.774 256092 0.285845 3698.32 63.5036 63.5036 63.5036
920000 294.232 253381 0.288904 3677.59 63.2787 63.2787 63.2787
921000 292.793 250689 0.292006 3671.49 63.0538 63.0538 63.0538
922000 295.004 248016 0.295153 3695.96 62.8289 62.8289 62.8289
923000 294.16 245362 0.298346 3682.6 62.604 62.604 62.604
924000 293.481 242727 0.301585 3644.8 62.3791 62.3791 62.3791
925000 292.972 240111 0.30487 3646.02 62.1541 62.1541 62.1541
926000 291.399 237514 0.308204 3598.48 61.9292 61.9292 61.9292
927000 292.156 234935 0.311587 3619.43 61.7043 61.7043 61.7043
928000 294.904 232376 0.315019 3648.69 61.4794 61.4794 61.4794
929000 290.217 229835 0.318501 3553.68 61.2545 61.2545 61.2545
930000 293.462 227312 0.322036 3586.51 61.0296 61.0296 61.0296
931000 293.549 224808 0.325623 3576.03 60.8047 60.8047 60.8047
932000 294.712 222323 0.329263 3611.34 60.5798 60.5798 60.5798
933000 294.158 219856 0.332957 3585.34 60.3549 60.3549 60.3549
934000 294.134 217407 0.336708 3572.35 60.13 60.13 60.13
935000 293.627 214977 0.340514 3573.43 59.905 59.905 59.905
936000 291.108 212565 0.344379 3495.46 59.6801 59.6801 59.6801
937000 291.207 210170 0.348302 3485.14 59.4552 59.4552 59.4552
938000 292.982 207794 0.352285 3476.27 59.2303 59.2303 59.2303
939000 292.389 205436 0.356328 3469.06 59.0054 59.0054 59.0054
940000 291.898 203096 0.360434 3457.76 58.7805 58.7805 58.7805
941000 292.966 200774 0.364604 3456.43 58.5556 58.5556 58.5556
942000 290.967 198469 0.368837 3429.47 58.3307 58.3307 58.3307
943000 293.51 196182 0.373137 3467.9 58.1058 58.1058 58.1058
944000 291.94 193913 0.377504 3441.38 57.8809 57.8809 57.8809
945000 295.15 191661 0.381939 3458.94 57.6559 57.6559 57.6559
946000 292.591 189427 0.386444 3412.32 57.431 57.431 57.431
947000 291.619 187210 0.391019 3382.95 57.2061 57.2061 57.2061
948000 294.09 185011 0.395668 3394.05 56.9812 56.9812 56.9812
949000 294.624 182829 0.40039 3389.97 56.7563 56.7563 56.7563
950000 292.777 180664 0.405188 3363.07 56.5314 56.5314 56.5314
951000 292.575 178516 0.410063 3360.4 56.3065 56.3065 56.3065
952000 291.595 176385 0.415017 3295.91 56.0816 56.0816 56.0816
953000 292.69 174272 0.42005 3290.67 55.8567 55.8567 55.8567
954000 294.775 172175 0.425165 3332.37 55.6318 55.6318 55.6318
955000 293.711 170095 0.430364 3304.71 55.4068 55.4068 55.4068
956000 293.154 168032 0.435648 3300.8 55.1819 55.1819 55.1819
957000 293.759 165986 0.441018 3301.12 54.957 54.957 54.957
958000 293.39 163956 0.446478 3293.41 54.7321 54.7321 54.7321
959000 293.029 161944 0.452027 3284.46 54.5072 54.5072 54.5072
960000 290.399 159947 0.457669 3223.23 54.2823 54.2823 54.2823
961000 291.866 157967 0.463406 3236.59 54.0574 54.0574 54.0574
962000 293.233 156004 0.469238 3224.13 53.8325 53.8325 53.8325
963000 291.757 154057 0.475169 3185.3 53.6076 53.6076 53.6076
964000 290.796 152126 0.4812 3151.43 53.3827 53.3827 53.3827
965000 296.155 150211 0.487334 3245.35 53.1577 53.1577 53.1577
966000 293.858 148312 0.493573 3204.24 52.9328 52.9328 52.9328
967000 292.834 146430 0.499918 3195.05 52.7079 52.7079 52.7079
968000 292.069 144563 0.506373 3165.34 52.483 52.483 52.483
969000 291.569 142713 0.512939 3131.1 52.2581 52.2581 52.2581
970000 292.104 140878 0.519619 3130.5 52.0332 52.0332 52.0332
971000 293.845 139059 0.526416 3174.51 51.8083 51.8083 51.8083
972000 293.36 137256 0.533332 3160.39 51.5834 51.5834 51.5834
973000 294.799 135468 0.540369 3182.98 51.3585 51.3585 51.3585
974000 292.018 133697 0.547531 3122.81 51.1336 51.1336 51.1336
975000 291.328 131940 0.55482 3072.47 50.9086 50.9086 50.9086
976000 291.923 130199 0.562239 3085.07 50.6837 50.6837 50.6837
977000 290.508 128474 0.569791 3057.6 50.4588 50.4588 50.4588
978000 293.731 126763 0.577479 3104.53 50.2339 50.2339 50.2339
979000 292.856 125068 0.585305 3098.41 50.009 50.009 50.009
980000 296.325 123388 0.593274 3132.91 49.7841 49.7841 49.7841
981000 291.832 121724 0.601388 3051.16 49.5592 49.5592 49.5592
982000 293.704 120074 0.60965 3063.62 49.3343 49.3343 49.3343
983000 290.976 118439 0.618065 3021.54 49.1094 49.1094 49.1094
984000 293.541 116819 0.626635 3006.18 48.8845 48.8845 48.8845
985000 292.275 115214 0.635365 2958.14 48.6595 48.6595 48.6595
986000 292.444 113624 0.644257 2958.17 48.4346 48.4346 48.4346
987000 291.604 112049 0.653316 2949.74 48.2097 48.2097 48.2097
988000 293.669 110488 0.662546 2979.14 47.9848 47.9848 47.9848
989000 291.96 108941 0.67195 2922.05 47.7599 47.7599 47.7599
990000 292.884 107410 0.681533 2920.65 47.535 47.535 47.535
991000 292.005 105892 0.6913 2874.55 47.3101 47.3101 47.3101
992000 293.71 104389 0.701253 2879.21 47.0852 47.0852 47.0852
993000 294.063 102900 0.711399 2861.55 46.8603 46.8603 46.8603
994000 292.16 101426 0.721742 2799.25 46.6354 46.6354 46.6354
995000 292.374 99965.4 0.732286 2796.84 46.4104 46.4104 46.4104
996000 293.494 98519.1 0.743036 2803.32 46.1855 46.1855 46.1855
997000 291.605 97086.9 0.753998 2753.46 45.9606 45.9606 45.9606
998000 292.54 95668.5 0.765176 2775.38 45.7357 45.7357 45.7357
999000 292.42 94264.1 0.776577 2749.06 45.5108 45.5108 45.5108
1000000 294.206 92873.5 0.788205 2749.17 45.2859 45.2859 45.2859
