# Time-averaged data for fix output_pressure
# TimeStep v_pxx v_pyy v_pzz v_pxy v_pxz v_pyz c_thermo_press
23001000 995.47 1237.27 1186.25 33.1224 73.5193 -95.9285 1139.66
23002000 1126.78 1138.2 1459.75 -59.494 6.49116 -99.8681 1241.58
23003000 967.63 861.003 930.666 -33.0344 5.42755 -25.0052 919.766
23004000 961.79 1164.58 1223.91 -29.9198 36.4389 -11.1845 1116.76
23005000 922.534 1024.78 1121.15 -13.1103 -16.6901 20.9824 1022.82
23006000 1022.83 1194.36 1352.16 19.7607 94.1347 25.6826 1189.79
23007000 1072.84 1027.12 1264.4 101.853 36.4235 2.7581 1121.45
23008000 1107.06 1096.61 1411.6 -50.4433 -91.4858 43.2391 1205.09
23009000 915.611 1000.61 1182.02 -74.4945 -63.5651 62.7252 1032.75
23010000 835.977 1015.4 1161.68 81.636 -58.6229 40.0541 1004.35
23011000 1022.06 1011.32 1047.97 46.2738 -103.984 -19.009 1027.12
23012000 995.773 1129.09 1005.43 73.5826 -57.3364 -45.4862 1043.43
23013000 1012 1301.32 1105.05 130.604 -7.75926 27.9851 1139.45
23014000 1015.15 1025.09 1081.85 19.3078 -90.0876 27.6437 1040.7
23015000 998.607 1267.44 1217.82 66.1568 -85.1844 22.5441 1161.29
23016000 1030.39 1221.37 1129.57 110.08 -35.5272 -41.3633 1127.11
23017000 1032.66 1173.72 867.174 134.648 49.7865 -120.978 1024.52
23018000 1101.43 1239.94 1154.55 136.098 -38.9641 -140.92 1165.31
23019000 1030.57 1140.57 1189.14 99.9102 -74.1186 -17.2236 1120.09
23020000 1122.79 1074.05 1143.99 160.505 -27.2984 -114.49 1113.61
23021000 1187.74 1095.76 1200.39 117.683 -134.515 -75.4761 1161.3
23022000 832.085 1060.62 1166.39 85.9579 -29.3605 14.6935 1019.7
23023000 911.167 1160.53 1185.08 86.517 -23.9199 -29.2301 1085.59
23024000 1021.99 1005.25 1043.71 112.626 -160.359 -109.778 1023.65
23025000 1036.16 1054.17 928.038 47.2249 -118.679 -60.0651 1006.12
23026000 938.281 1005.57 1070.56 69.5472 -42.9013 -176.04 1004.8
23027000 1014.18 923.607 1118.71 117.904 -14.5554 -141.758 1018.83
23028000 976.576 852.396 1182.44 -74.9093 22.145 -34.477 1003.8
23029000 910.65 1147.14 911.507 -13.2085 -150.019 -65.415 989.767
23030000 1079.67 1259.83 1204.61 -46.5554 -86.3514 -63.1803 1181.37
23031000 1056.23 1248.51 1288.1 -42.0684 -102.028 -57.3913 1197.61
23032000 919.768 1151.07 1288.82 26.5051 -72.2284 47.6761 1119.89
23033000 874.507 1131.91 1249.15 2.99443 -60.5224 29.4943 1085.19
23034000 1038.9 1178.53 1037.88 17.7725 -95.291 -52.4819 1085.11
23035000 1085.95 1135.59 1078.77 6.97438 -77.3515 -62.5146 1100.11
23036000 1141.22 1141.56 1056.17 -44.9441 -37.3258 -89.5617 1112.98
23037000 1062.2 1145.18 958.963 -40.999 -14.8592 50.1335 1055.45
23038000 1173.42 990.628 1092.78 -10.271 -163.267 108.711 1085.61
23039000 1047.49 1173.93 1250.44 6.57371 -128.415 -2.13881 1157.29
23040000 1130.23 899.058 947.809 38.9503 -112.587 -2.24986 992.367
23041000 1119.98 1005.65 1088.17 29.632 -113.468 -54.2733 1071.27
23042000 876.21 1020.38 1095.07 -74.643 -11.6626 -33.4928 997.222
23043000 1079.86 1198.59 1000.62 -39.0309 -164.03 -105.055 1093.02
23044000 1091.4 1268.92 963.307 -67.5482 -227.053 -50.7823 1107.88
23045000 863.095 1163.8 1157.58 -38.9352 -127.64 -155.914 1061.49
23046000 865.18 1009.29 1017.98 62.9078 -130.373 -134.904 964.151
23047000 877.492 999.429 960.497 -78.0659 -117.784 -47.6994 945.806
23048000 883.045 930.628 1168.73 -8.96336 -167.827 -67.1864 994.134
23049000 916.809 1217.36 1118.21 -69.4977 -225.896 -136.01 1084.13
23050000 863.772 1365.74 1125.86 -142.245 -54.7523 -135.954 1118.46
23051000 1097.97 1175.72 1216.44 -83.638 -128.157 -91.4577 1163.38
23052000 1089.47 1066.05 1362.29 -49.7701 -123.091 -88.5433 1172.6
23053000 1116.63 1187.76 1285.04 -7.98663 -103.292 -150.54 1196.47
23054000 973.14 1163.7 1210.6 -70.6813 -153.463 82.7008 1115.81
23055000 1081.36 1073.36 1191.68 5.55199 -117.869 -31.1171 1115.47
23056000 992.173 1036.33 1304.63 -53.3176 -150.585 -22.2143 1111.05
23057000 1159.7 1070.96 1250.09 -201.324 -80.0949 -49.8713 1160.25
23058000 981.297 961.638 921.367 -37.7657 -76.1549 -33.9849 954.767
23059000 931.765 1066.13 1061.94 53.7647 -139.836 -91.782 1019.95
23060000 1008.52 988.134 1120.17 124.995 -170.887 -17.8528 1038.94
23061000 1185.29 1039.62 1177.83 28.6224 -109.232 -74.0952 1134.25
23062000 1102.1 1110.84 949.85 71.9381 -121.872 8.4381 1054.26
23063000 1239.13 1101.53 1010.73 10.6551 -122.474 -4.86094 1117.13
23064000 921.998 1063.7 1040.1 11.4935 -131.872 57.4344 1008.6
23065000 1070.85 1126.93 1086.09 26.6407 -40.4476 13.6035 1094.63
23066000 1145.06 1263.61 1131.46 -91.186 31.92 -25.4666 1180.04
23067000 999.578 1193.81 1254.01 -175.374 -154.592 121.728 1149.13
23068000 998.271 1011.87 1147.14 -42.755 -114.692 43.6293 1052.43
23069000 987.692 1047.35 1122.47 -122.205 -111.696 33.4536 1052.5
23070000 967.478 1165.37 1198.22 -188.942 -141.481 94.5064 1110.36
23071000 1010.94 1166.39 1157.91 -81.4249 -135.507 26.0092 1111.75
23072000 1096.23 927.743 1039.89 -111.34 -165.019 49.5101 1021.29
23073000 1003.06 1024.1 1064.47 -30.6546 -188.241 99.6421 1030.54
23074000 1023.81 1114.09 1251.63 53.4166 -184.893 -6.87131 1129.85
23075000 1077.69 1276.15 1106.31 -25.0987 -246.572 -53.7717 1153.38
23076000 994.786 1102.57 1233.77 -37.1822 -150.403 124.517 1110.38
23077000 1179.22 1241.34 1160.84 -168.4 -134.401 -2.63184 1193.8
23078000 1112.28 1145.03 1212.96 -166.424 6.03033 -9.41354 1156.75
23079000 1133.76 1255.64 1106.31 -34.019 -138.711 19.3548 1165.24
23080000 1234.81 1292.21 1037.08 -104.37 -81.5653 37.7536 1188.04
23081000 1051.67 1045.23 1264.64 -125.123 -150.9 131.679 1120.51
23082000 917.06 1199.45 1175.6 41.4894 -209.414 122.041 1097.37
23083000 1197.96 1162.05 1105.51 5.69475 -91.7271 125.457 1155.17
23084000 1050.69 1156.36 1185.85 24.6723 -32.2368 -31.6616 1130.97
23085000 1180.25 1236.71 1114.39 -97.5038 -117.512 81.3014 1177.12
23086000 1104.05 1152.45 1034.81 -67.591 -172.559 -31.1124 1097.11
23087000 1056.68 881.474 1106.55 -87.7632 -89.2432 70.486 1014.9
23088000 1166.96 1200.06 1192.81 -31.1923 -51.7767 -23.8163 1186.61
23089000 1025.46 1129.19 1120.22 27.4888 -162.625 -65.9483 1091.63
23090000 1056.85 1018.75 1094.29 32.7612 -168.497 57.1417 1056.63
23091000 1186.95 1008.96 1348.38 -53.1116 -146.056 -70.7347 1181.43
23092000 1217.15 1115.54 1266.2 22.4543 -215.044 -53.0905 1199.63
23093000 1222.87 1139.67 1233.64 7.58432 -151.759 -24.2335 1198.73
23094000 909.13 860.046 963.658 -4.21329 -126.867 -39.3422 910.945
23095000 1132.92 927.128 1201.14 -17.5739 -133.129 50.5481 1087.06
23096000 1223.19 1129.94 1276.99 2.49908 -36.0807 49.7941 1210.04
23097000 1210.12 1086.83 1195.48 75.3663 -67.556 19.1653 1164.15
23098000 1028.3 1030.19 1144.11 81.713 -54.9173 4.50604 1067.53
23099000 945.383 883.989 1119.52 128.594 -69.3997 -3.23727 982.963
23100000 1100.59 1180.75 1165.45 91.3554 -165.047 48.1267 1148.93
23101000 1024.89 808.3 1139.48 -13.373 -228.211 -41.6617 990.891
23102000 868.403 1113.53 1374.94 12.9776 -61.4321 14.7826 1118.96
23103000 1038.15 1242.77 1447.47 71.4238 -128.602 69.594 1242.8
23104000 1032.59 1153.73 1193.59 -9.63753 -66.6539 95.0959 1126.64
23105000 1162.11 1403.69 1184.91 61.7281 -98.27 30.6836 1250.24
23106000 1062.97 981.154 1275.73 -45.372 -116.812 -65.2198 1106.62
23107000 951.729 1309.64 1165.71 -60.7241 -90.2132 -51.7143 1142.36
23108000 932.408 1058.47 1192.81 82.3258 -59.2504 64.6949 1061.23
23109000 1135.99 1036.39 1277.27 3.18781 16.1446 71.1983 1149.88
23110000 1081.02 1132.14 1302.28 13.1279 -101.926 75.3543 1171.81
23111000 1008.8 1116.15 1222.73 -71.8986 -74.1493 -4.55427 1115.9
23112000 910.681 1267.73 1276.27 24.8905 -59.3876 -62.7795 1151.56
23113000 1017.31 1068.01 1099.09 70.2834 -17.8406 69.363 1061.47
23114000 1107.46 1357.77 1183.13 -33.4404 -129.256 -3.23971 1216.12
23115000 949.101 1041.77 996.134 99.2563 -228.261 17.1565 995.67
23116000 1114.2 1276.58 1264.55 36.2335 -258.122 -90.7876 1218.45
23117000 1037.38 1188.22 1287.63 39.5385 -174.127 12.0765 1171.08
23118000 1093.4 1154.01 1286.83 -22.6241 6.87357 -0.507493 1178.08
23119000 979.473 1032.3 1125.01 -21.0893 -87.8317 119.017 1045.6
23120000 1087.21 1184.08 1367.96 45.6735 -143.549 45.5962 1213.08
23121000 1052.74 1247.87 1311.7 12.0676 -120.933 72.3028 1204.1
23122000 1130.16 1088.7 1172.4 38.1934 -101.37 128.09 1130.42
23123000 1087.87 1117.63 1145.05 -18.1053 -92.4283 25.2701 1116.85
23124000 1275.75 1063.43 1154.6 18.9284 -106.381 122.07 1164.59
23125000 1112.17 1089.52 1166.61 -15.087 -117.303 7.8172 1122.77
23126000 1285.4 1326.51 1135.35 -107.705 -124.683 -27.9383 1249.08
23127000 1041.71 1301.24 988.871 97.1943 -14.0428 -40.5771 1110.61
23128000 992.947 1225.82 1357.09 -139.671 -115.435 -6.42899 1191.95
23129000 1094.09 1246.83 1247.3 -120.73 -21.3848 -59.6151 1196.08
23130000 1050.37 1279.24 1269.29 -163.968 -42.7087 -12.753 1199.63
23131000 1087.63 1307.04 1118.58 -127.583 -12.3209 -21.4944 1171.08
23132000 1022.49 1413.3 1296.43 -84.7025 -2.388 -76.6683 1244.07
23133000 983.315 1275.69 1163.14 -23.8445 31.2804 -179.731 1140.72
23134000 1012.07 1137.02 1240.77 -96.901 14.475 -103.266 1129.96
23135000 1070.03 1219.25 1271.55 -59.8808 50.2104 -82.8848 1186.95
23136000 1095.92 1353.46 1423.94 -23.8926 102.477 -101.911 1291.11
23137000 930.438 1102.96 1114.71 43.2451 21.3662 -25.5466 1049.37
23138000 979.486 1315.37 1246.71 8.99298 -33.0704 -52.8639 1180.52
23139000 945.908 1420.16 966.099 -31.9042 -15.757 -25.3703 1110.72
23140000 1110.8 1279.34 1220.43 -66.9007 -101.382 -13.1077 1203.52
23141000 1143.93 1156.08 1403.12 -128.224 -49.8655 35.6283 1234.38
23142000 1118.5 1280.36 1355.09 -96.0378 -60.1908 -82.8578 1251.31
23143000 1126.91 1118.34 1293.23 -12.0889 -245.632 20.9873 1179.49
23144000 1073.79 1291.22 1190.68 -115.981 -37.9531 -33.8064 1185.23
23145000 882.496 1240 1097.29 -88.3868 -113.36 3.37856 1073.26
23146000 944.086 1182.73 1175.59 -75.4836 -145.001 -40.4782 1100.8
23147000 1020.19 1266.59 1313.84 -110.093 -3.85872 -66.4481 1200.2
23148000 1109.47 1294.18 1302.9 -47.6164 -162.831 -55.7223 1235.52
23149000 1019.61 1243.16 1244.91 -6.45348 -2.69122 -50.678 1169.23
23150000 920.845 1334.91 1197.99 -85.8923 -107.77 -90.3168 1151.25
23151000 940.909 1230.35 1216.13 -79.3117 -123.33 32.35 1129.13
23152000 982.794 1233.35 1130.24 -12.1632 -55.4677 -34.848 1115.46
23153000 966.844 1192.9 1172.9 -13.7122 -69.1931 -5.45461 1110.88
23154000 1098.94 1345.65 1220.11 -26.7973 -42.7883 -21.2447 1221.56
23155000 922.174 1322.35 1246.14 -16.5359 -133.098 -77.8714 1163.55
23156000 1185.44 1361.76 1272.84 -60.9673 -99.6504 -90.3896 1273.35
23157000 1116.04 1296 1173.2 -132.721 -77.673 -22.1215 1195.08
23158000 1035.4 1426.96 1463.97 -82.4195 -105.686 16.3206 1308.78
23159000 1085.1 1393.54 1199.25 -25.0415 -21.0056 38.5383 1225.96
23160000 936.297 1180.75 1164.79 -28.9146 -38.056 -3.457 1093.95
23161000 826.98 1123.61 1078.62 -69.9755 -132.162 -56.7838 1009.74
23162000 933.468 1027.32 1286.13 65.3741 -149.896 -59.7202 1082.3
23163000 1192.58 1061.77 1215.88 -53.2956 -85.0045 -128.438 1156.75
23164000 1026.5 1192.3 1180.23 -84.0307 -66.2523 16.1077 1133.01
23165000 996.622 1359.43 1344.35 -128.38 -109.687 -41.0387 1233.47
23166000 1015.86 1420.3 1309.13 -95.4766 -47.0592 -127.458 1248.43
23167000 877.736 1333.98 1250.24 -51.1555 -97.9166 -28.4928 1153.99
23168000 1044.13 1404.21 1454.91 34.7159 -34.3316 -69.9406 1301.08
23169000 939.65 1194.52 1353.26 -45.5435 -163.405 -112.615 1162.48
23170000 821.222 1038 1251.08 13.2485 -112.023 -62.9158 1036.77
23171000 1217.26 1333.8 1287.16 -8.34514 -58.2627 -171.96 1279.4
23172000 943.81 1454.36 1389.78 19.8086 -190.129 -131.069 1262.65
23173000 930.417 1578.79 1437.99 7.23357 -90.3657 -70.5711 1315.73
23174000 904.292 1273.9 1217.54 -89.4491 -193.927 -297.519 1131.91
23175000 768.434 1262.91 943.172 -125.647 -128.031 -164.446 991.504
23176000 892.354 1340.01 1130.1 -88.0409 -140.758 -205.359 1120.82
23177000 853.276 1250.08 1065.55 -52.2162 -167.18 -179.554 1056.3
23178000 1010.95 1302.52 1258.37 -27.3184 -84.5909 -114.997 1190.61
23179000 1171.39 1313.63 1143.14 -60.3144 -54.3624 -11.0713 1209.38
23180000 977.067 1301.59 1204.88 -63.2157 -82.9751 -45.9712 1161.18
23181000 1286.49 1550.71 1416.4 -42.8838 -139.616 32.8448 1417.87
23182000 1016.65 1253.54 1192.35 -131.271 -34.3956 -53.4747 1154.18
23183000 931.75 1264.46 1233.03 -140.781 -195.097 -123.911 1143.08
23184000 1155.02 1277.08 1385.75 -35.729 -117.171 31.4373 1272.62
23185000 1054.68 1371.32 1282.76 -171.088 -16.513 -55.9248 1236.25
23186000 1123.53 1445.27 1243.04 -173.252 -124.398 2.35386 1270.61
23187000 899.659 1252.55 1478.87 -12.8148 -5.80466 -16.2589 1210.36
23188000 998.778 1193.2 1198.53 -47.7425 -79.4733 -172.165 1130.17
23189000 838.649 1213.84 1206.02 -98.832 -76.0557 -205.173 1086.17
23190000 862.6 1121.1 1441.47 -75.0225 -4.42907 29.1673 1141.72
23191000 985.239 1281.09 1443.73 11.2443 -96.2685 20.3974 1236.68
23192000 906.006 1238.21 1322.31 -85.7494 -90.0889 -95.5713 1155.51
23193000 785.749 1141.86 1221.53 -166.254 23.0016 -136.168 1049.71
23194000 832.647 1153.82 1150.13 -20.4349 1.06103 -106.753 1045.53
23195000 1039 1200 1233.8 -17.4883 -55.168 6.61583 1157.6
23196000 848.131 1208.46 1192.4 -149.346 -131.791 -69.7991 1083
23197000 982.299 1208.62 1097.31 -112.028 -75.4884 -55.0727 1096.08
23198000 1036.41 1080.41 1150.88 -129.425 -87.5069 -90.1819 1089.23
23199000 849.096 1156.6 1165.62 -132.258 -49.3401 -27.1926 1057.11
23200000 908.355 1240.56 1188.58 -161.682 -121.207 -134.545 1112.5
23201000 1032.62 1234.03 1084.48 -51.5899 24.958 31.5681 1117.04
23202000 994.663 1150.62 1235.11 -195.411 23.0261 12.8837 1126.8
23203000 957.094 1316.46 1069.79 -234.595 7.97032 -34.7696 1114.45
23204000 944.19 1368.8 1077.58 -203.757 -72.4973 -78.0784 1130.19
23205000 1053.93 1190.44 970.438 -144.516 -67.6394 -123.84 1071.6
23206000 1053.03 1250.67 1266.13 -24.4519 -89.1824 0.62155 1189.94
23207000 1134.7 1084.57 1125.2 -9.00387 -108.254 -78.4378 1114.83
23208000 932.034 1065.54 1203.82 -201.362 -42.2016 41.6057 1067.13
23209000 1027.91 1229.37 1138.47 -180.73 -62.924 -64.5545 1131.92
23210000 1155.86 1318.41 1402.01 -126.521 -130.071 -6.55272 1292.09
23211000 1094.74 1178.98 1207.21 2.02109 -31.888 96.3103 1160.31
23212000 1092.17 1147.16 1163.5 -2.21318 -141.715 -41.6469 1134.28
23213000 1003.94 1230.23 1151.84 -91.608 -42.0697 80.3874 1128.67
23214000 1091.12 1241.03 1171.95 -122.984 -5.89308 37.0104 1168.03
23215000 1172.8 1280.8 1115.5 -106.571 -76.4618 51.1149 1189.7
23216000 1162.32 1191.76 1092.93 -101.216 -46.9375 -7.94808 1149
23217000 1126.99 1238.32 1287.9 -64.3961 -97.925 130.09 1217.73
23218000 1169.42 1260.87 1210.59 -9.08118 -80.2792 12.7937 1213.63
23219000 1153.26 1211.68 1445.3 -36.5696 -70.7124 60.4796 1270.08
23220000 1131.82 1315.87 1013.01 -189.565 -101.881 20.48 1153.56
23221000 1173.99 1254.24 1105.63 -103.108 -71.4385 -28.9922 1177.95
23222000 1091.96 1251.14 1190.2 -109.188 -62.1508 -78.5084 1177.77
23223000 971.51 1042.94 1009.66 -32.8054 -5.60043 136.156 1008.04
23224000 1126.81 1100.39 1123.39 -86.6575 -83.0301 -37.7023 1116.86
23225000 1199.26 1225.67 1189.74 -75.459 -98.3187 58.1845 1204.89
23226000 1190.01 1340.8 1271.4 -106.38 -23.7912 64.7816 1267.4
23227000 1291.17 1396.93 1188.74 -35.4447 -10.0298 -6.30001 1292.28
23228000 1178.21 1349.6 1135.71 -168.242 54.6104 -72.1866 1221.18
23229000 1364.28 1389.08 1059.73 -20.5169 -59.7792 -83.4179 1271.03
23230000 1155.49 1013.11 938.964 -122.658 -57.9051 -53.981 1035.86
23231000 919.679 993.285 996.641 -55.2434 -66.3013 46.8182 969.868
23232000 1177.35 1114.89 1036.07 -54.4977 -108.509 -5.94017 1109.44
23233000 1132.41 1187.92 968.532 -91.8366 -78.9484 -118.392 1096.29
23234000 912.743 1090.01 782.308 -41.7902 -5.70044 -87.7243 928.354
23235000 1118.84 1173.21 1220.02 -90.6385 -65.3866 -57.3591 1170.69
23236000 1044.76 1042.13 1134.7 -83.9361 -56.0445 -139.889 1073.86
23237000 1107.39 1106.48 1003.7 -134.582 -52.8521 -168.531 1072.52
23238000 926.808 1128.91 1164.22 -172.466 -0.246939 -91.3266 1073.31
23239000 1108.87 1274.91 1162.11 -183.482 -95.7018 -21.8055 1181.96
23240000 1258.86 1331.04 1111.45 -152.106 -66.2622 -15.4684 1233.78
23241000 1230.44 1249.91 1258.17 -68.1527 -48.1074 -3.36335 1246.17
23242000 1161 1149.17 1051.7 -182.326 16.7745 -49.5241 1120.62
23243000 1083.7 1049.66 983.383 -99.2024 4.06581 -72.7701 1038.92
23244000 969.23 915.995 985.434 -36.9745 -115.216 -12.8465 956.887
23245000 1354.2 1136.63 1150.17 -25.6009 -107.032 11.2704 1213.67
23246000 1141.66 915.077 936.416 -123.587 -33.2699 14.1836 997.719
23247000 1053.98 1278.49 1260.68 -147.072 -124.665 -65.9422 1197.72
23248000 1170.33 1154.57 1063.96 -68.0393 -162.154 40.0891 1129.62
23249000 1109.17 986.563 1025.83 52.0921 -55.0339 -83.2252 1040.52
23250000 967.244 875.926 970.469 -110.194 -138.515 -49.1032 937.879
23251000 1212.56 1104.18 1139.43 13.6788 -22.3848 -96.3319 1152.06
23252000 977.34 1177.9 921.54 -29.5841 -28.9537 -69.3167 1025.59
23253000 1137.83 1297.07 1125.56 -116.281 -158.777 -15.697 1186.82
23254000 1008.26 1041.61 1252.38 -22.7407 -128.171 -102.944 1100.75
23255000 856.617 1270.16 1060.01 -100.907 -169.689 -47.6334 1062.26
23256000 935.501 1086.56 1039.84 -61.829 -125.5 -89.1519 1020.63
23257000 1108.87 1151.3 1051.13 -49.9711 -51.0384 17.5193 1103.77
23258000 998.783 1249.66 1182.95 -255.117 4.02918 -196.885 1143.8
23259000 1122.94 1120.97 1220.33 -273.596 -76.3171 -100.297 1154.75
23260000 1237.79 1133.89 1177.52 -213.2 -134.385 -94.1202 1183.07
23261000 813.514 1243.3 1212.78 -252.862 -72.2046 10.79 1089.87
23262000 1061.34 1177.64 1012.89 -192.62 -146.13 -89.7742 1083.96
23263000 1248.6 1259.08 1297.32 -176.736 -88.5713 34.4471 1268.34
23264000 1009.34 1159.34 1090.51 -135.409 -170.671 -36.8393 1086.4
23265000 995.657 1218.74 1053.8 -106.661 -64.2037 -26.1301 1089.4
23266000 975.35 1255.35 1217.07 -74.892 -108.401 -74.9391 1149.26
23267000 1112.27 1040.55 1066.52 -69.7403 -12.2123 -17.4335 1073.11
23268000 829.263 1087.94 1135.51 -59.8415 -7.1958 97.4348 1017.57
23269000 1005.05 1250.6 1006.33 -160.138 -122.734 -53.3471 1087.33
23270000 726.145 1005.54 1042.34 -201.245 -9.61604 84.4291 924.675
23271000 1071.64 1108.08 1159.99 -154.571 47.3018 13.0422 1113.24
23272000 981.682 1111.66 1117.74 -125.567 37.3358 138.697 1070.36
23273000 905.105 948.694 1067.69 -130.614 33.381 46.3829 973.83
23274000 1165.85 1064.52 1202.27 -120.975 79.4754 22.8772 1144.22
23275000 959.172 924.159 1105.6 -193.987 66.8072 -4.5071 996.31
23276000 992.854 1162.02 1279.48 -199.967 59.6697 82.4288 1144.79
23277000 967.572 1147.49 1195.75 -165.587 28.7771 -18.3721 1103.61
23278000 1002.75 1117.45 1185.16 -201.661 54.9441 65.0058 1101.79
23279000 864.645 1303.78 1262.58 -250.895 32.4612 40.8722 1143.67
23280000 772.992 1057.14 1324.45 -197.748 20.0907 73.8478 1051.53
23281000 962.11 1082.54 1307.61 -108.764 10.1903 123.349 1117.42
23282000 930.387 1001.96 1142.4 -225.274 -105.743 10.4092 1024.92
23283000 1010 1158.6 1202.5 -179.304 -53.967 96.9414 1123.7
23284000 1074.83 1171.33 966.201 -137.101 -10.2547 46.0096 1070.79
23285000 917.953 1101.98 1020.85 -181.727 -11.8389 -76.4479 1013.59
23286000 906.624 1150.54 994.833 -93.5969 -18.2347 -121.344 1017.33
23287000 844.346 1310.37 892.468 -132.315 -22.1229 -87.5871 1015.73
23288000 910.213 1120.12 1116.55 -130.365 -40.2124 -46.8853 1048.96
23289000 846.188 1132.48 1176.84 -92.5575 -14.5944 -114.193 1051.84
23290000 854.501 1173.78 1270.58 -162.547 47.0099 -165.651 1099.62
23291000 1021.57 1169.66 1161.59 -181.878 73.4618 -78.6487 1117.61
23292000 854.395 1188.94 974.915 -195.715 47.5809 4.7117 1006.08
23293000 864.932 980.269 1036.58 -229.319 -57.8475 -72.1609 960.593
23294000 989.812 1374.1 1107.74 -155.628 -78.5371 -45.5606 1157.22
23295000 1073.42 1254.9 870.397 -199.146 -104.713 -85.5965 1066.24
23296000 957.253 938.668 963.762 -242.707 23.103 1.13408 953.228
23297000 1158.57 1305.02 1084.09 -224.106 -40.0957 -104.213 1182.56
23298000 989.995 1143.37 1171.99 -176.108 -61.296 -8.98389 1101.79
23299000 952.762 1273.01 1154.08 -87.045 28.5866 -73.8077 1126.62
23300000 861.42 1326.53 1091.32 -89.3176 19.7357 -127.453 1093.09
23301000 819.826 1373.8 1020.44 -216.329 60.4293 -79.2231 1071.35
23302000 763.545 1464.24 1097.47 -138.575 15.8101 -70.4121 1108.42
23303000 855.612 1322.26 1042.58 -183.133 -118.024 -157.374 1073.48
23304000 852.107 1306.02 1019.77 -183.257 -44.5061 -174.594 1059.3
23305000 817.964 1290.53 1047.74 -284.057 -40.9571 -133.935 1052.08
23306000 824.681 1245.78 1185.69 -209.003 78.7034 -28.9649 1085.38
23307000 819.772 1161.07 1094.12 -192.24 -29.2623 -22.0437 1024.99
23308000 977.013 1342.28 1032.15 -137.808 54.6641 -11.0912 1117.15
23309000 961.096 1283.71 927.78 -132.611 -47.8296 -4.73307 1057.53
23310000 844.386 1014.16 954.925 -108.523 -23.3804 -69.576 937.824
23311000 789.779 1087.9 1093.18 -199.217 -109.238 -88.4365 990.286
23312000 990.866 1176.64 1085.46 -220.087 -118.513 -79.1983 1084.32
23313000 1064.54 1060.82 1131.72 -174.034 -105.71 -140.395 1085.69
23314000 997.585 1229.26 1151.48 -178.667 -145.042 -54.431 1126.11
23315000 906.38 1367.45 1176.27 -193.301 -36.5463 -28.9572 1150.03
23316000 792.313 1197.17 956.966 -127.715 -173.207 18.4695 982.15
23317000 729.038 960.565 1050.31 -174.037 -161.302 -39.0038 913.303
23318000 721.895 824.029 1177.87 -131.642 -187.136 17.6251 907.932
23319000 918.159 989.312 1178.76 -51.4627 -65.0561 -104.575 1028.74
23320000 1027.37 1037.44 930.621 -130.504 -40.0118 -40.7123 998.477
23321000 895.644 1165.75 1049.89 -22.2487 -23.3227 -116.581 1037.09
23322000 1177 1396.7 1133.5 -76.1211 -34.4613 -25.9549 1235.73
23323000 1020.59 1117.66 1016.82 -0.105519 10.5721 -141.397 1051.69
23324000 903.867 1195.97 1050.37 -195.894 -66.353 -128.894 1050.07
23325000 984.346 1025.83 1179.14 -32.8992 -76.8545 -34.7194 1063.11
23326000 732.509 983.852 965.231 39.0193 -85.5021 -65.8458 893.864
23327000 902.185 1104.78 914.621 -100.714 -42.9161 -6.61714 973.862
23328000 964.482 1178.23 920.814 -123.866 -50.5721 29.0395 1021.18
23329000 806.523 1166.19 861.502 -88.4496 -18.2654 -48.5919 944.74
23330000 1097.77 1345.39 1023.49 -51.8997 -9.3927 -28.9538 1155.55
23331000 828.186 1205.67 945.019 -137.719 49.0076 -60.0058 992.959
23332000 959.317 1070.87 1124.55 -7.51918 -51.1918 60.0309 1051.58
23333000 836.047 1197.99 1108.73 -142.12 -29.2904 25.3215 1047.59
23334000 680.948 1041.02 939.05 -120.268 -89.3422 -8.46724 887.006
23335000 924.651 1181.38 1116.79 -130.75 -139.301 -51.4423 1074.27
23336000 934.912 1276.25 911.246 -117.22 -116.306 -20.9698 1040.8
23337000 886.509 1260.73 947.396 -192.554 -94.9856 -59.1594 1031.55
23338000 895.722 1272.7 980.624 -196.71 -14.8786 -24.2067 1049.68
23339000 898.573 1162.56 920.447 -173.53 -37.3217 -69.5301 993.859
23340000 937.407 1132.96 979.145 -175.17 -137.895 -21.6438 1016.5
23341000 820.853 1230.14 1037.05 -135.363 -155.796 86.126 1029.35
23342000 843.921 1082 813.716 -122.005 -139.602 -0.61232 913.213
23343000 876.465 1238.17 903.839 -165.925 -109.582 58.3209 1006.16
23344000 817.774 1108.49 756.873 -141.96 -76.1271 1.31057 894.378
23345000 732.255 1093.52 758.347 -104.293 -65.4909 7.98954 861.374
23346000 665.911 1077.65 794.309 -146.611 -37.6648 39.1398 845.958
23347000 589.687 1039.48 880.578 -53.7529 -3.48408 42.7253 836.58
23348000 911.481 1124.9 879.759 -90.1882 -3.33569 134.36 972.046
23349000 776.722 1041.72 836.4 -112.478 -26.32 -26.3498 884.946
23350000 868.318 964.146 797.838 -60.5894 14.2386 106.485 876.767
23351000 680.84 1153.77 852.657 -161.661 -82.098 40.6417 895.756
23352000 659.134 1178.37 690.325 -110.603 -100.754 75.6226 842.61
23353000 787.227 1267.92 1010.58 -98.2675 21.479 101.571 1021.91
23354000 831.415 1349.42 987.762 -117.199 40.6114 37.0813 1056.2
23355000 773.08 1344.11 934.494 -106.83 -3.22286 11.3561 1017.23
23356000 885.427 1193.27 1025.01 -62.2179 123.376 61.4395 1034.57
23357000 913.611 1135.08 875.812 -169.897 48.8232 -72.8809 974.833
23358000 824.51 1158.39 925.269 -20.3558 114.607 4.36572 969.39
23359000 809.125 1188.86 900.931 -38.9966 2.66019 -78.5713 966.307
23360000 1001.79 1350.61 952.097 -92.1056 1.49345 24.537 1101.5
23361000 960.947 1148.35 885.958 -176.611 20.7291 -27.6621 998.417
23362000 1039.63 1260.11 1051.71 -148.937 -8.71493 -1.96348 1117.15
23363000 916.022 1027.82 965.275 -135.099 -36.1182 -80.4037 969.705
23364000 773.221 943.584 937.728 -64.1935 22.9886 7.59402 884.844
23365000 764.608 1230.7 842.731 -98.9875 73.0386 20.5171 946.014
23366000 868.679 1055.65 940.91 -37.9383 93.3239 -1.67815 955.081
23367000 905.717 1137.22 1109.6 -55.8612 35.2237 -14.7809 1050.84
23368000 817.906 1023.94 1047.05 -50.14 -18.9085 24.1803 962.966
23369000 828.13 921.912 1011.09 5.90659 -80.9102 66.3795 920.379
23370000 858.927 1125.76 1005.03 21.6846 -18.7643 40.5525 996.571
23371000 841.475 1045.89 971.77 -23.0236 35.7947 31.4751 953.044
23372000 765.615 1093.01 1057.01 35.945 29.5819 -35.8325 971.879
23373000 797.338 1158.51 890.482 5.16758 -38.664 1.12883 948.778
23374000 826.527 1285.81 1123.03 -13.3908 11.6171 48.1303 1078.46
23375000 803.616 1192.38 1117.16 18.5374 -110.824 90.8956 1037.72
23376000 721.336 1182.25 950.193 -41.1699 -135.899 201.223 951.26
23377000 763.554 1189.61 1070.42 -181.199 -120.496 106.86 1007.86
23378000 966.612 1094.63 1093.99 -99.5226 -72.6486 31.0479 1051.75
23379000 764.57 1260.18 1067.82 -73.5903 -28.3703 -19.9069 1030.86
23380000 799.913 1142.36 981.596 -16.481 102.397 24.1884 974.625
23381000 768.138 1021.61 972.799 -69.6426 -14.3916 55.2653 920.849
23382000 815.297 1065.89 952.793 -56.6268 36.5524 2.63227 944.66
23383000 755.12 1045.36 950.729 -140.098 37.4063 -24.8614 917.07
23384000 865.905 1175.32 982.834 -31.2626 138.054 -27.5812 1008.02
23385000 791.026 1207.78 1002.12 -77.7921 69.2749 -18.8602 1000.31
23386000 713.973 1066.91 900.453 -181.046 -7.86347 -35.7914 893.78
23387000 819.781 1044.14 1043.64 -63.5756 56.8711 -34.1468 969.188
23388000 937.521 1290.6 1071.08 36.937 -6.49139 -45.6456 1099.73
23389000 898.297 1010.63 1101.26 -41.1133 2.47975 -146.585 1003.4
23390000 793.771 1102.67 944.14 -69.7762 56.3419 -114.053 946.861
23391000 761.223 1114.39 874.488 -49.0753 -42.3837 -142.635 916.7
23392000 765.953 1158.87 1009.85 -98.2357 26.9793 -72.1472 978.222
23393000 809.952 1085.41 1124.62 4.72269 -70.7726 -65.2736 1006.66
23394000 754.357 1139.55 996.126 -31.9 30.5446 -44.6932 963.344
23395000 776.517 1139.47 1101.56 -74.3938 -98.7799 -145.253 1005.85
23396000 850.707 1049.93 1130.58 -56.2173 -72.5606 -45.1644 1010.41
23397000 815.917 1114.07 1138.72 -19.4772 -59.4451 11.5861 1022.9
23398000 1061.92 964.11 1057.45 -39.6015 23.5281 -3.34461 1027.83
23399000 1059.9 865.809 1133.02 -43.3387 22.0488 -49.6048 1019.57
23400000 1152.76 1145.75 1185.09 -75.1534 42.5968 -91.6477 1161.2
23401000 1101.67 1061.9 975.079 -142.797 -53.1854 -70.084 1046.22
23402000 1067.58 1022.15 1182.81 -29.116 -24.23 -34.7363 1090.85
23403000 940.099 1116.94 1076.52 -141.921 87.0464 57.4115 1044.52
23404000 803.831 1041.7 1128.63 -183.535 -93.1491 64.3594 991.387
23405000 1108.21 1021.34 1047.63 -56.8034 -8.27413 60.4846 1059.06
23406000 943.01 1099.07 1120.69 -22.9073 -35.1073 96.267 1054.26
23407000 932.219 1262.29 1159.74 -161.301 74.033 91.4099 1118.08
23408000 903.916 1022.38 1089.23 -58.8199 -42.8 27.6878 1005.18
23409000 1027.17 1181.12 1127.47 -31.812 17.2721 129.373 1111.92
23410000 970.007 1127.73 1258.79 -14.9938 -30.0431 167.404 1118.84
23411000 907.531 1010.43 1263.27 -126.57 -102.59 9.76428 1060.41
23412000 961.247 1050.04 978.618 -17.4625 -25.919 21.8292 996.636
23413000 1011.61 882.673 896.942 -30.5906 78.2348 139.633 930.407
23414000 613.388 988.94 901.617 -113.094 99.7925 -72.1042 834.649
23415000 831.205 1182.38 1143.66 -52.3732 60.2647 -19.7179 1052.41
23416000 836.071 1014.21 989.227 50.3572 25.6382 67.0283 946.503
23417000 819.027 1230.07 1342 -48.2413 7.00173 157.058 1130.36
23418000 750.829 1196.87 1124.06 0.477159 91.349 85.7864 1023.92
23419000 783.704 1047.43 1100.89 -36.9783 25.6025 -76.7486 977.343
23420000 864.557 1030.8 1041.61 -102.166 -103.482 -94.0071 978.988
23421000 871.37 1291.44 1092.9 -29.99 -68.5245 -0.938498 1085.24
23422000 741.082 1293.86 1230.04 -129.796 52.2463 -134.071 1088.33
23423000 828.283 1063.02 1245.47 7.56404 54.0622 -28.3088 1045.59
23424000 826.728 1193.99 1112.42 58.9382 -99.095 -134.721 1044.38
23425000 765.306 805.275 945.155 -16.151 6.60157 -18.8588 838.579
23426000 899.252 966.676 1095.26 -123.91 8.1065 -52.1082 987.062
23427000 701.166 954.949 1055.55 -53.4051 -99.5902 30.3013 903.887
23428000 800.431 989.116 1055.11 -38.6946 -79.7811 -10.9889 948.22
23429000 800.992 803.73 1020.93 29.9826 -72.3555 -10.3558 875.216
23430000 970.174 678.636 764.963 0.231711 -53.085 108.058 804.591
23431000 868.942 853.432 963.599 -0.0940453 -117.538 -77.1768 895.324
23432000 929.378 958.734 944.32 61.902 -66.7592 -55.5935 944.144
23433000 723.75 943.689 1110.3 -77.5221 -174.661 -71.7812 925.912
23434000 940.011 938.959 1277.82 75.3986 -69.9668 26.9485 1052.26
23435000 834.22 933.811 1024.41 -24.4928 -43.1143 120.208 930.813
23436000 787.446 860.642 1009.94 -38.7452 -122.449 59.0091 886.01
23437000 823.008 982.046 1192.62 -83.5032 -93.2995 -117.654 999.226
23438000 878.512 906.401 1020.36 -76.0912 3.56307 41.3565 935.093
23439000 858.865 998.199 1216.24 -38.7866 -129.372 112.211 1024.44
23440000 650.531 824.311 938.261 -59.5882 -97.7809 51.1834 804.368
23441000 911.306 995.358 1037.54 -79.3511 -87.9637 59.401 981.402
23442000 825.914 902.8 979.535 -100.759 -58.785 -61.0709 902.75
23443000 920.297 930.07 943.958 -39.9315 -111.335 -94.7762 931.442
23444000 895.649 1033.24 1005.89 -89.812 -27.8465 -32.5708 978.261
23445000 785.6 885.415 949.165 24.9831 -41.2452 -56.9438 873.393
23446000 980.204 974.127 1040.01 -108.47 -24.5444 -84.9743 998.113
23447000 907.422 904.496 1085.8 -129.357 -52.7157 30.0668 965.906
23448000 936.79 934.131 1053.55 -122.416 -40.6373 -78.9563 974.822
23449000 861.149 976.449 900.483 -97.2072 -17.4729 -113.118 912.694
23450000 1004.66 767.632 1230.33 -16.9188 -25.8383 -172.721 1000.87
23451000 932.465 937.838 905.696 34.5017 -52.2835 -25.8348 925.333
23452000 833.69 931.797 953.464 -45.905 -123.043 -31.6737 906.317
23453000 904.517 987.726 1023.3 -22.9233 -89.4886 -31.7142 971.847
23454000 993.589 1105.26 1101.36 -28.1651 -49.7647 54.7326 1066.74
23455000 1034.95 1135.37 1062.36 84.2831 -43.5902 130.299 1077.56
23456000 864.319 994.754 1023.35 -17.6627 -46.0807 20.9727 960.807
23457000 781.368 1028.5 908.166 -62.921 -59.146 107.157 906.012
23458000 920.888 1190.12 1245.81 -132.691 -40.9947 87.1062 1118.94
23459000 779.003 1115.03 1257.9 -27.0556 -154.201 21.9407 1050.64
23460000 974.551 889.468 1052.64 -109.57 -72.3569 18.915 972.218
23461000 1127.24 1060.39 1194.27 -122.802 -33.7201 33.3151 1127.3
23462000 969.002 1080.42 892.39 -182.897 -162.469 -0.359644 980.603
23463000 1039.14 1239.36 1170.37 -194.204 -126.025 116.536 1149.62
23464000 945.532 1246.78 1187.41 -145.112 -106.66 80.657 1126.57
23465000 1006.83 1197.72 1048.7 -14.3714 -75.7342 140.131 1084.42
23466000 924.545 1158.53 1024.43 -37.0684 -55.8872 121.002 1035.83
23467000 800.834 1111.01 1024.63 -6.05717 -138.16 138.552 978.826
23468000 843.873 924.091 882.665 -51.5606 -54.9723 36.5343 883.543
23469000 962.349 990.95 1162.57 -72.46 -57.4141 48.0019 1038.62
23470000 912.27 1046.35 1152.73 -150.859 -9.54737 14.3437 1037.12
23471000 967.761 1055.32 1218.93 -82.2621 -62.7057 16.9012 1080.67
23472000 952.269 1293.56 1328.97 -94.1536 28.9537 42.6109 1191.6
23473000 963.894 1111.1 1115.88 -36.105 -154.836 -42.7299 1063.62
23474000 1029.14 1175.56 1153.94 -55.9122 -76.9355 26.3171 1119.54
23475000 972.455 999.063 1022.2 -75.4075 -48.5155 -34.7806 997.905
23476000 817.067 898.058 941.815 -97.8357 -72.5696 -59.8049 885.647
23477000 740.311 818.441 1024.66 59.0462 -149.968 36.8803 861.136
23478000 855.506 1108.43 869.756 -19.5272 -75.5859 -95.737 944.563
23479000 865.423 1085.93 1028.18 -159.367 -29.1069 -19.178 993.18
23480000 813.387 1053.88 927.105 -34.9912 -141.09 1.8269 931.459
23481000 1046.38 986.244 1140.8 -87.3885 -141.829 -25.5708 1057.81
23482000 975.747 924.306 1054.04 26.632 -46.1559 178.181 984.697
23483000 934.839 874.793 1115.32 -133.13 -68.8801 8.49806 974.983
23484000 815.335 1121.77 1054.68 -186.382 -99.524 24.8357 997.261
23485000 1003.76 1013.82 1136.53 -70.8638 -55.0138 22.3618 1051.37
23486000 993.25 1097.39 1074.65 -132.233 -46.1205 158.151 1055.1
23487000 747.887 1078.23 1039.73 -64.4477 -113.457 80.8317 955.281
23488000 854.693 1095.74 1087.19 -0.577468 -96.7617 81.3967 1012.54
23489000 854.93 963.34 1134.29 15.5591 -180.469 5.12726 984.185
23490000 821.896 966.973 1004.04 79.2679 -160.372 32.975 930.969
23491000 821.894 1062.33 1003.23 -45.6478 -56.9549 63.9706 962.482
23492000 971.654 1096.78 1082.97 -105.722 -67.4788 46.7255 1050.47
23493000 864.329 1046.93 1078.09 -31.9219 29.6749 143.832 996.446
23494000 963.268 1006.37 1211.98 -136.785 -57.4552 89.6107 1060.54
23495000 949.045 1259.89 1006.18 -32.1806 -131.472 58.6273 1071.71
23496000 955.772 905.354 1205.7 -116.925 54.0907 151.773 1022.28
23497000 792.619 1027.99 1097.81 -30.5391 43.4756 136.811 972.807
23498000 714.318 1016.41 962.81 -5.5576 39.247 125.007 897.846
23499000 616.661 1042.61 848.746 -105.458 -7.84178 156.889 836.005
23500000 846.182 1106.82 998.59 -65.3688 59.5674 16.9378 983.864
23501000 959.47 1037.94 1034.38 -33.7486 -33.259 -16.2765 1010.6
23502000 1027.03 1197.62 1153.8 -141.385 55.56 82.757 1126.15
23503000 812.701 1045.34 1119.5 -117.129 -33.6879 126.139 992.514
23504000 949.852 1032.49 1113.95 -61.768 -87.9803 149.625 1032.09
23505000 1075.14 1080.79 1157.32 61.794 -107.267 132.485 1104.42
23506000 867.976 1203.28 1028.19 -87.3474 -77.9608 79.0392 1033.15
23507000 934.741 1070.52 1120.77 -101.843 -148.124 129.627 1042.01
23508000 1029.7 1046.04 1025.66 -35.3363 -143.674 8.26122 1033.8
23509000 873.14 1003.51 1077.47 -53.8738 -157.36 6.6543 984.707
23510000 824.144 1153.44 1010.73 -73.4653 -22.7419 14.6313 996.106
23511000 824.885 1083.84 904.242 -148.797 -86.9384 -99.576 937.656
23512000 942.764 1206.5 1079.74 -125.196 -184.847 -0.345145 1076.33
23513000 1058.44 1224.39 979.315 -156.192 -113.611 15.3692 1087.38
23514000 951.977 1129.16 944.453 -77.6555 -113.352 101.475 1008.53
23515000 803.212 1038.03 1052.82 -118.823 -81.8871 26.5199 964.688
23516000 942.87 900.689 1146.67 -83.6586 -162.878 -86.6638 996.745
23517000 1003.48 899.766 1127.98 -114.354 -50.4069 -66.2802 1010.41
23518000 917.646 871.19 1126.81 -2.64602 -35.8125 85.4061 971.881
23519000 1089.55 1111.75 1093.98 17.497 -78.2744 42.0677 1098.43
23520000 976.991 887.494 1100.01 -39.3176 -168.881 69.4112 988.164
23521000 965.462 943.585 971.809 -84.8297 -151.768 -0.0648369 960.285
23522000 805.129 864.982 808.641 -96.2247 -85.3894 55.9035 826.251
23523000 866.752 812.668 863.52 -129.077 -171.843 -34.2208 847.647
23524000 851.703 854.866 809.984 -101.247 -156.283 -27.8779 838.851
23525000 1008.2 930.582 877.108 -93.1755 -288.467 16.0234 938.629
23526000 843.095 850.81 875.665 76.3591 -193.734 47.6394 856.523
23527000 870.872 1166.84 961.442 -1.70438 -178.032 -13.0451 999.718
23528000 934.862 805.864 985.696 -143.515 -164.642 -2.92047 908.807
23529000 843.009 810.369 954.416 -147.721 -124.892 10.8383 869.265
23530000 894.221 923.009 879.426 34.2626 -85.3118 -49.7625 898.885
23531000 666.376 870.857 824.505 -59.235 -48.6784 -39.4135 787.246
23532000 901.71 942.67 1032.49 -134.597 -106.94 -90.078 958.956
23533000 944.364 1005.07 907.382 -33.4333 -58.9607 -111.011 952.273
23534000 800.18 773.251 740.211 -29.9935 -46.6608 -3.03706 771.214
23535000 721.62 960.097 1045.32 -81.2648 -117.803 36.2415 909.012
23536000 820.317 927.442 884.143 -87.6326 -148.484 0.233265 877.3
23537000 877.301 1052.96 1225.83 -83.1217 -199.834 49.593 1052.03
23538000 852.831 1082.11 870.128 -73.3218 -131.702 -30.696 935.022
23539000 858.522 800.17 942.067 -103.524 -147.738 27.6765 866.919
23540000 840.379 894.831 743.998 -79.7905 -116.664 -2.16705 826.402
23541000 764.812 1031.99 983.793 -81.1337 1.82659 38.7237 926.866
23542000 778.805 1019.97 876.47 -133.089 -50.703 -100.283 891.748
23543000 770.862 938.445 874.351 -109.905 -60.006 -17.8455 861.219
23544000 882.441 1007.34 832.86 -106.705 -76.9515 -56.0946 907.546
23545000 796.83 946.543 1045.85 -88.2397 -54.6961 -71.693 929.739
23546000 872.495 1109.57 1221.62 -93.4466 24.4535 -30.6982 1067.9
23547000 833.015 1029.18 953.655 -153.025 68.4494 40.9738 938.618
23548000 865.483 1036.99 968.263 -200.315 2.98591 108.909 956.912
23549000 943.916 923.58 1002.62 -157.999 -5.61795 -35.8598 956.706
23550000 1014.27 996.356 1084.51 -29.3368 -150.968 101.813 1031.71
23551000 935.585 839.38 828.684 -42.5517 53.3726 6.28595 867.883
23552000 751.458 763.309 946.911 -124.045 -75.251 10.1986 820.56
23553000 715.559 835.863 1068.41 -64.3554 -18.9119 69.3369 873.278
23554000 727.761 771.688 967.491 -78.5272 -124.506 -49.0683 822.313
23555000 940.243 886.378 991.316 1.91169 -23.9808 -29.1991 939.312
23556000 827.343 878.512 1010.22 -70.4525 -29.0252 99.4175 905.359
23557000 832.458 921.203 862.926 -99.5959 -169.576 67.8912 872.196
23558000 790.686 922.035 1018.88 -104.264 -58.8819 59.4696 910.535
23559000 694.551 881.713 998.191 -144.089 -46.1851 30.992 858.152
23560000 773.637 918.752 1005.6 -184.766 -111.494 -29.4517 899.33
23561000 747.439 913.781 866.28 -140.383 -78.0797 -101.682 842.5
23562000 686.777 935.871 796.441 10.585 -215.558 -64.8621 806.363
23563000 765.868 873.17 730.944 -132.347 -176.632 27.638 789.994
23564000 789.005 870.803 1033.12 17.2908 -18.8667 4.71396 897.642
23565000 869.729 1089.32 1088.94 8.39884 -120.157 78.1726 1016
23566000 718.634 914.734 975.163 -51.8063 -85.0578 -13.8371 869.51
23567000 1117.04 1068.83 1037.24 -188.278 -75.9021 46.4864 1074.37
23568000 817.66 820.419 785.647 -211.002 -112.284 1.64576 807.909
23569000 710.896 1119.68 910.683 -59.0287 -152.572 -26.076 913.752
23570000 776.106 1088.19 1047.73 -73.7002 -95.2025 23.7519 970.674
23571000 954.185 992.174 1134.53 -63.9502 -143.048 70.046 1026.96
23572000 1122.35 1065.92 1334.38 -110.418 -78.7461 50.8332 1174.22
23573000 1087.64 1086.25 1174.72 -36.1605 -81.6812 53.0424 1116.21
23574000 1063.72 1083.08 1093.13 -169.261 -60.5156 25.3218 1079.98
23575000 905.321 970.079 991.914 -198.005 -205.195 -22.9981 955.771
23576000 927.727 1038 1106.21 -139.369 -85.7642 -9.86123 1023.98
23577000 759.392 947.265 1127.8 -137.51 -81.0436 -29.9647 944.818
23578000 946.624 996.506 1063.08 -107.945 -227.904 144.526 1002.07
23579000 873.748 1145.6 955.258 -9.50282 -178.514 68.3718 991.535
23580000 1111.08 1232.23 1077.93 -126.129 -191.528 95.3413 1140.41
23581000 796.619 1005.48 959.863 -81.4298 -143.47 72.373 920.653
23582000 884.863 1051.45 1057.71 -102.819 -133.931 36.2614 998.009
23583000 1014.92 1000.39 1092.26 -84.5065 -114 -31.2822 1035.86
23584000 735.471 930.593 1083.35 -72.5478 -180.248 -65.4263 916.473
23585000 978.596 929.562 1060.4 -76.1378 -75.6494 95.4684 989.518
23586000 923.225 976.066 1021.77 -143.669 -15.0062 87.5123 973.685
23587000 902.906 990.317 1068.72 32.9991 -21.3678 -94.0929 987.315
23588000 868.438 981.255 1075.56 -58.1732 -71.0008 -38.4087 975.084
23589000 848.42 1101.8 959.455 -68.3917 0.629964 -82.6787 969.892
23590000 793.326 1110.87 1152.01 -77.2206 1.04579 -41.3094 1018.73
23591000 953.848 1032.94 961.449 -160.669 -52.132 -69.2096 982.744
23592000 976.425 981.421 886.93 -160.554 -84.374 21.9156 948.259
23593000 1036.89 1255.67 945.404 -127.111 5.46586 47.4213 1079.32
23594000 1051.59 1089.45 920.972 -108.222 -77.7714 61.7682 1020.67
23595000 953.385 1130.35 993.191 -24.0062 0.267322 34.9201 1025.64
23596000 874.9 933.629 967.525 -58.578 -65.1246 34.6787 925.351
23597000 908.528 1251.58 1049.64 0.0534718 -79.4485 126.295 1069.91
23598000 882.67 966.671 950.793 49.7483 -104.786 -4.96604 933.378
23599000 784.569 1019.23 906.807 -72.8235 -44.2151 -72.3066 903.536
23600000 1071.2 1088.8 981.68 20.1309 -18.4207 15.8695 1047.22
23601000 1050.7 1023.07 940.468 -49.784 -170.58 23.7215 1004.75
23602000 1000.6 1038.07 913.287 -36.4319 16.0817 56.8268 983.986
23603000 814.328 901.927 807.074 -40.4821 -6.73819 -25.9973 841.11
23604000 978.494 1021.57 775.492 -7.2864 52.8574 -14.0162 925.184
23605000 846.95 908.814 824.006 -73.3328 -9.83041 97.378 859.923
23606000 975.222 961.6 891.281 -28.2718 -83.3285 216.222 942.701
23607000 824.585 972.874 785.471 -91.2906 18.5892 -44.1097 860.976
23608000 757.647 794.345 776.27 -134.662 -7.4569 178.018 776.088
23609000 1141.78 1223.28 947.606 -136.181 18.9062 36.1852 1104.22
23610000 861.044 1032.51 869.805 -64.5036 7.42249 96.8019 921.121
23611000 639.04 781.559 869.739 -145.23 -53.8567 -77.9662 763.446
23612000 834.47 947.547 891.098 -138.804 -30.6528 86.6684 891.038
23613000 863.177 907.174 821.521 -158.803 -59.204 34.1072 863.958
23614000 886.906 909.206 831.935 -99.3283 -111.359 73.3652 876.016
23615000 912.804 1077.62 799.338 -112.058 -93.9643 47.729 929.92
23616000 1047.92 877.169 716.492 -123.863 -115.798 -16.0972 880.528
23617000 1097.42 947.908 761.643 -113.566 -138.242 9.57061 935.657
23618000 1114.51 916.994 696.997 -116.021 -123.638 45.5043 909.499
23619000 1002.59 982.094 844.608 -129.401 -122.752 -22.3166 943.096
23620000 1226.35 1069.71 946.579 -73.9172 -90.7435 13.5087 1080.88
23621000 1170.91 1036.86 979.07 -33.8127 -89.4725 -29.8201 1062.28
23622000 1055.77 1077.91 979.442 -33.9356 -46.612 28.4395 1037.71
23623000 1088.74 1085.21 1185.5 23.9179 -81.9668 88.383 1119.82
23624000 1078.52 1086.28 1118.31 11.5163 18.1386 13.0672 1094.37
23625000 1001.9 891.164 1034.97 -32.8923 -6.48977 96.1739 976.011
23626000 881.022 910.944 1013.45 -13.5944 -97.4266 140.329 935.139
23627000 1122.7 971.934 1054.84 -23.9506 -93.8123 276.157 1049.82
23628000 890.132 968.987 910.132 58.2089 -57.0525 226.833 923.084
23629000 928.914 996.683 935.162 167.125 -71.2026 212.978 953.586
23630000 802.276 788.651 996.314 64.6091 -6.20179 83.2486 862.414
23631000 747.549 786.077 793.62 -123.139 -33.3307 124.247 775.748
23632000 818.322 976.915 1060.26 -12.0378 -66.3019 155.697 951.833
23633000 824.897 962.348 906.112 -94.2843 -24.3907 48.8822 897.786
23634000 778.893 979.862 836.83 -118.705 -92.9507 -0.109221 865.195
23635000 906.524 865.654 890.871 -17.3763 26.4846 3.55515 887.683
23636000 1145.61 876.859 1025.12 43.5765 24.7583 96.1397 1015.86
23637000 993.217 909.4 1098.41 -32.7445 -78.5676 116.659 1000.34
23638000 917.555 867.549 1146.77 -32.495 2.95758 -3.12805 977.29
23639000 833.345 852.401 939.458 -76.7261 -134.723 84.8996 875.068
23640000 866.167 850.491 993.743 -70.1793 -143.524 13.4474 903.467
23641000 879.22 951.561 1117.36 -93.1393 30.4982 18.264 982.715
23642000 950.293 1165.45 1100.5 -223.333 -103.928 -20.07 1072.08
23643000 871.685 905.956 1095.32 -186.662 -216.272 -40.6098 957.653
23644000 936.711 1091.63 1225.25 -134.811 -193.963 -36.1817 1084.53
23645000 865.25 853.1 1198.23 10.7977 -64.4053 -44.5519 972.194
23646000 899.769 768.65 1236.7 -82.9518 -63.4476 -97.2258 968.373
23647000 840.849 883.754 1310.14 -117.873 -37.0072 106.092 1011.58
23648000 1061.29 876.28 1177.82 -75.6898 -131.564 1.62963 1038.46
23649000 1039.79 1020.65 1098.3 -56.2137 6.64692 -48.3701 1052.92
23650000 991.215 864.193 828.381 -154.868 -13.4826 -8.94235 894.596
23651000 861.579 890.821 897.54 -128.325 9.94013 -93.5527 883.313
23652000 928.466 961.69 964.654 -64.9643 -59.6297 -78.7599 951.603
23653000 786.599 824.904 888.512 -12.361 -50.2996 18.1705 833.338
23654000 816.352 872.557 932.385 -58.0441 -142.09 -109.354 873.765
23655000 833.125 877.907 1097.85 4.0721 -159.736 -143.615 936.296
23656000 926.01 681.791 906.69 -51.5431 -169.688 -27.4019 838.164
23657000 964.028 994.057 1031.18 -105.777 -31.5732 100.901 996.422
23658000 815.65 987.638 956.833 -99.7903 -91.9996 3.65432 920.04
23659000 888.505 1002.34 1090.07 -58.8644 -77.4699 39.5366 993.638
23660000 858.789 987.327 1198.88 -93.06 -14.0521 -6.00851 1015
23661000 900.315 986.342 917.952 -60.8677 -49.5407 38.3371 934.87
23662000 974.904 907.381 1018.48 -213.231 -72.5899 -71.6028 966.92
23663000 981.852 949.318 984.159 -122.252 -15.9558 -105.567 971.776
23664000 1022.01 981.928 1250.57 -195.113 -104.61 -25.0104 1084.84
23665000 960.357 927.79 1031.57 -143.567 -82.3607 -145.665 973.239
23666000 994.77 987.344 1215.74 -99.4843 -114.962 1.08662 1065.95
23667000 1035.15 1129.68 1310.58 -62.1035 -43.7757 -63.2244 1158.47
23668000 949.918 801.514 941.647 -114.257 -54.0294 -34.3352 897.693
23669000 886.095 996.909 939.504 37.9761 -66.9883 37.7313 940.836
23670000 981.977 959.653 834.174 -89.487 2.85719 -1.28826 925.268
23671000 982.218 874.761 1048.56 -34.9041 -200.01 -53.6438 968.511
23672000 1056.78 1093.54 1111.37 2.38399 -79.4239 -57.3022 1087.23
23673000 1005.81 1141.08 1029.78 -1.63998 -60.8486 -54.944 1058.89
23674000 914.386 1030.09 1152.58 43.6973 -92.7002 -120.795 1032.35
23675000 884.578 977.609 1063.94 -141.325 -83.9505 -9.04691 975.375
23676000 967.937 946.28 1131.8 -75.4132 -128.122 -17.2279 1015.34
23677000 1008.81 838.147 1239.18 -48.3633 -117.833 11.5293 1028.71
23678000 920.674 1094.78 1075.22 -112.151 -167.537 -11.8474 1030.22
23679000 1051.56 921.29 1148.09 -162.655 -224.157 36.2592 1040.31
23680000 837.53 1053.97 992.891 -110.581 -57.819 134.436 961.465
23681000 1037.74 1077.07 1185.09 -102.102 -162.142 13.0117 1099.97
23682000 856.889 1115.13 1031.96 -225.754 -51.6889 38.9392 1001.33
23683000 838.741 1165.7 812.24 -108.258 -27.2521 -7.57453 938.892
23684000 886.59 1029.9 878.086 -53.21 -47.7395 108.15 931.524
23685000 975.629 1050.45 929.717 -63.5476 -137.965 21.0773 985.264
23686000 930.073 1090.98 936.612 -32.1566 -163.729 123.09 985.889
23687000 1041.1 937.66 1010.33 -184.222 -196.139 49.5855 996.363
23688000 982.495 1034.07 996.562 -114.919 -135.16 -5.87118 1004.37
23689000 985.577 1143.93 943.962 -102.729 -165.136 -75.5217 1024.49
23690000 883.357 1118.27 1068.96 -68.7165 -162.882 -43.9405 1023.53
23691000 866.934 979.567 910.085 -191.034 -84.1656 -1.88414 918.862
23692000 1001.75 883.986 906.939 -57.8402 -120.907 -37.957 930.891
23693000 942.608 1140.73 832.273 -164.499 -52.607 127.847 971.869
23694000 882.369 1086.45 965.798 -160.025 -102.315 70.4011 978.205
23695000 944.246 1209.06 798.365 -219.005 -202.883 34.2842 983.891
23696000 827.106 998.039 903.938 -75.2903 -112.517 -23.5899 909.695
23697000 901.609 1149.29 881.057 -233.237 -126.556 27.1001 977.318
23698000 1035.12 1118.44 1199.3 -209.746 -134.561 98.7343 1117.62
23699000 1006.43 1065.99 1129.04 -132.788 -26.3099 -94.4407 1067.16
23700000 1037.06 868.798 1042.73 -129.4 -45.1839 -44.9265 982.864
23701000 849.299 848.277 784.994 -146.031 -111.865 11.2291 827.523
23702000 908.532 864.333 867.073 -101.992 -49.2189 12.4152 879.979
23703000 990.234 984.084 1108.54 -26.8799 -119.964 27.8111 1027.62
23704000 965.114 1230.45 1259.49 -47.0365 -36.6626 46.0451 1151.68
23705000 1046.74 1124.97 1312.35 -103.064 -32.7497 -36.5931 1161.36
23706000 1049.15 1155.27 1141.07 -174.965 -18.8838 -78.6019 1115.16
23707000 1048.12 1173.35 1191.99 -189.113 -66.7667 65.7901 1137.82
23708000 1152.27 1382.2 968.923 -203.238 -43.7354 58.0721 1167.8
23709000 956.122 1117.77 922 -153.75 -43.9091 19.887 998.629
23710000 1172.28 1311.87 1152.83 -160.939 -41.3819 13.0738 1212.33
23711000 1164.79 1269.76 1285.88 -207.384 -19.8954 -66.7982 1240.14
23712000 1049.59 1290.6 1157.95 -164.037 -21.565 -55.2511 1166.05
23713000 918.728 1312.7 1107.02 -161.92 -209.417 20.7056 1112.82
23714000 992.627 1081.01 806.954 -109.225 -101.016 104.39 960.196
23715000 939.758 1097.09 1080.12 -175.526 -59.436 84.6038 1038.99
23716000 943.092 1015.31 915.559 5.36741 -56.4609 87.6597 957.988
23717000 1139.89 1263.61 979.539 -40.8013 -114.18 130.486 1127.68
23718000 900.871 1068.2 840.551 -71.5654 -154.851 -49.4896 936.54
23719000 805.369 968.302 794.577 -171.485 -172.636 10.8855 856.083
23720000 824.587 1091.31 870.947 -137.459 -119.941 25.394 928.949
23721000 1000.25 1083.06 1060.43 -64.5193 -79.335 57.437 1047.91
23722000 979.871 1090.82 1159.86 -108.603 -67.5434 -122.032 1076.85
23723000 921.47 1220.37 1000.81 -139.569 -108.649 -13.4614 1047.55
23724000 881.28 1137.43 903.975 -133.56 -171.156 -23.025 974.23
23725000 906.503 1137.45 828.732 -158.736 -65.4043 -41.6056 957.562
23726000 866.626 930.783 925.8 -112.545 -93.9788 -94.8644 907.736
23727000 931.417 905.408 914.952 -73.3311 -93.5787 -7.16426 917.259
23728000 922.079 1018.33 987.768 -5.111 -13.821 -64.7577 976.06
23729000 858.962 915.036 1077.8 -24.1107 -62.2291 -66.4717 950.6
23730000 869.024 908.804 1154.76 50.1951 -16.3291 -33.8446 977.529
23731000 1065.73 1024.58 1027.06 -78.4085 -121.848 33.6855 1039.12
23732000 1150.55 1084.07 968.083 -197.998 -78.7711 49.5276 1067.57
23733000 1181.56 1006.1 918.756 -85.3682 -146.986 21.7843 1035.47
23734000 1297.42 1096.63 1040.98 -116.369 -85.4504 -106.783 1145.01
23735000 1291 1259.58 1370.58 -142.964 -95.9319 -10.0526 1307.05
23736000 1255.36 982.16 1117.92 -161.675 -210.774 43.2532 1118.48
23737000 1209.73 1140.66 1000.83 -154.936 -207.028 -95.4289 1117.07
23738000 1125.92 998.874 942.546 -156.709 -303.804 -98.4828 1022.45
23739000 963.582 947.951 941.293 -31.9123 -223.215 -149.284 950.942
23740000 978.483 1136.56 983.586 -120.667 -161.117 -32.0677 1032.87
23741000 901.501 999.247 984.077 -69.6099 -185.349 -42.1203 961.608
23742000 1030.96 1027.29 1113.29 -83.0834 -203.424 -1.09979 1057.18
23743000 1018.61 1126.84 1292 -19.9138 -328.873 -82.1162 1145.82
23744000 1041.91 1117.74 1147.37 -73.8637 -210.23 19.5256 1102.34
23745000 1095.98 947.379 1049.37 -47.3333 -199.338 22.9989 1030.91
23746000 1043.94 1006.73 1057.43 -102.645 -298.501 100.028 1036.04
23747000 1095.17 978.987 815.912 -136.516 -203.239 123.353 963.355
23748000 968.859 1004.8 928.558 -89.3759 -165.703 148.753 967.405
23749000 952.505 853.828 882.411 -73.3032 -151.612 117.228 896.248
23750000 1081.87 963.141 983.009 8.96318 -104.593 37.7638 1009.34
23751000 950.451 967.849 824.507 -81.0744 -132.009 -4.83983 914.269
23752000 921.044 963.04 981.847 -103.649 -124.272 -42.4717 955.31
23753000 957.34 1021.34 976.919 -71.5666 -28.2874 26.415 985.199
23754000 965.195 964.932 913.326 -76.6646 -92.3797 70.0585 947.818
23755000 959.595 982.814 964.179 -215.685 -198.984 -82.4191 968.863
23756000 948.275 1086.68 1056.49 -4.88037 -186.109 -49.3239 1030.48
23757000 1024.5 1094.89 1009.41 -28.0864 -213.198 55.7831 1042.93
23758000 761.492 1013.07 886.08 -86.916 -109.253 -2.57236 886.882
23759000 928.097 928.523 943.877 -51.4882 -170.155 71.1525 933.499
23760000 991.228 913.891 933.762 -57.7687 -219.564 -49.9649 946.294
23761000 930.873 835.098 966.939 -46.5072 -110.529 -46.7936 910.97
23762000 1055 1028.69 967.033 -28.5502 -137.562 -51.5641 1016.91
23763000 1092.83 980.882 1090.79 -107.8 -33.8283 -128.511 1054.83
23764000 1167.92 885.972 1003.77 -70.944 -71.7234 21.2329 1019.22
23765000 1026.59 989.035 1012.76 -81.6371 -147.229 -95.8777 1009.46
23766000 1057.52 830.027 898.413 -131.393 -115.644 -61.2626 928.654
23767000 1111.64 1083.54 1211.92 -65.5139 -63.8385 -43.0918 1135.7
23768000 1153.59 941.88 1115.69 46.9509 -95.0469 123.904 1070.39
23769000 1066.53 858.028 887.72 21.0253 -45.5433 163.673 937.427
23770000 1087.09 1014.48 1052.6 -18.391 -33.2297 86.1985 1051.39
23771000 1095.22 850.255 1033.7 31.1796 37.4752 55.9634 993.06
23772000 922.115 772.592 851.642 -158.237 -97.9747 44.8768 848.783
23773000 897.569 982.643 994.142 -180.744 -49.2214 -53.3508 958.118
23774000 935.952 674.51 803.779 -63.821 -175.722 -103.887 804.747
23775000 1014.44 707.788 900.223 -125.53 -141.106 -71.0853 874.152
23776000 895.147 766.835 946.168 -195.505 -117.164 -73.3756 869.383
23777000 1030.63 849.561 1055.65 -97.7845 -76.743 -103.141 978.617
23778000 1035.75 1099.75 1121.38 -69.9817 66.8542 -78.6597 1085.63
23779000 955.036 905.559 1041.16 29.0717 -99.2375 -38.1965 967.252
23780000 902.595 693.376 930.058 -100.775 -46.2073 -5.73246 842.01
23781000 756.703 821.245 922.668 -14.3561 -95.5956 -58.6002 833.539
23782000 1028.79 843.567 1025 7.73371 -119.72 -30.7926 965.783
23783000 882.812 820.521 980.915 4.17778 -66.5626 106.318 894.749
23784000 759.053 888.91 976.617 -120.108 9.83189 11.1666 874.86
23785000 898.277 884.184 1031.17 -129.858 -88.2282 121.145 937.878
23786000 808.652 752.729 784.816 -69.7346 0.0515829 68.0356 782.066
23787000 771.853 720.592 831.112 -28.7824 -42.3289 136.822 774.519
23788000 777.842 842.633 971.964 13.2825 -42.1982 98.3303 864.146
23789000 760.378 832.698 1004.59 -54.394 -11.9674 58.9113 865.888
23790000 919.314 1144.57 1066.09 -87.7725 1.76095 12.1605 1043.32
23791000 813.178 949.769 817.137 -29.0207 -10.8925 134.098 860.028
23792000 900.506 946.528 817.311 36.9594 -72.4679 36.2587 888.115
23793000 861.804 872.425 903.672 -6.08946 0.354393 -36.3915 879.3
23794000 976.512 850.186 950.654 130.862 -105.124 -54.6827 925.784
23795000 870.416 793.001 997.482 -52.8163 83.257 -4.1506 886.966
23796000 810.775 841.907 1003.09 85.0205 -71.5511 83.0387 885.258
23797000 825.797 1019.63 1158.99 50.1635 -102.852 -30.7709 1001.47
23798000 876.315 989.35 1277.65 -54.9781 -129.858 -6.42628 1047.77
23799000 821.302 853.019 911.064 -80.6172 -50.3379 35.2449 861.795
23800000 964.926 931.692 884.323 5.65532 -97.9902 130.954 926.98
23801000 925.412 777.888 1097.22 -48.7694 -42.9753 160.908 933.507
23802000 859.719 947.862 946.682 -82.3139 61.7622 38.8077 918.088
23803000 852.976 794.16 633.231 -150.214 10.3703 69.2726 760.122
23804000 880.338 857.818 839.369 -125.328 -163.861 63.6146 859.175
23805000 819.966 1041.28 752.751 -18.2175 45.3333 135.43 871.331
23806000 761.382 920.1 949.005 -31.7758 -85.3666 189.731 876.829
23807000 802.832 951.134 905.985 -80.3667 -21.0698 113.577 886.65
23808000 922.653 588.61 1056.36 -60.6379 23.2104 181.706 855.875
23809000 760.798 562.326 692.272 -65.2175 -88.8562 77.6781 671.798
23810000 946.099 494.383 991.493 -40.1768 -30.0655 92.317 810.658
23811000 911.583 759.429 871.43 82.9395 -43.8208 78.3671 847.481
23812000 1150.38 797.161 941.036 31.0105 -120.286 137.468 962.858
23813000 1106.54 923.239 936.585 -15.3589 -159.307 -76.4516 988.787
23814000 964.869 946.326 974.064 -11.6568 -207.465 -17.1509 961.753
23815000 1089.42 948.04 1055.47 -35.1901 -142.896 81.1909 1030.98
23816000 781.714 845.442 1056.99 1.63676 -93.2774 57.8215 894.715
23817000 966.487 1029.15 1081.42 -114.532 -169.864 -23.2067 1025.69
23818000 922.287 813.426 1075.12 -59.5206 -193.102 180.612 936.946
23819000 882.212 750.414 1023.7 -87.703 -64.7652 15.1569 885.441
23820000 945.152 723.659 1126.71 -96.2519 -141.928 115.437 931.839
23821000 883.93 764.256 1006.28 -166.825 -63.6973 161.48 884.823
23822000 797.357 823.319 1018.96 -16.0285 -14.6671 75.8242 879.878
23823000 812.651 824.735 1152.55 -63.6929 -6.42426 70.7012 929.98
23824000 1002.99 1102.21 1114.16 -56.483 -95.1675 -36.0084 1073.12
23825000 760.003 912.765 872.791 -36.5235 -106.846 9.82766 848.52
23826000 810.504 988.56 1230.67 -61.513 -52.7458 71.8097 1009.91
23827000 1080.51 848.416 1005.15 -78.2717 -96.0941 109.955 978.025
23828000 1130.42 985.152 1042.93 -196.05 6.10352 11.7585 1052.83
23829000 845.407 932.865 1051.31 -21.977 -51.5704 -40.1471 943.196
23830000 791.649 1033.35 955.101 -75.3907 67.2048 26.3792 926.701
23831000 902.607 925.15 997.482 -71.0067 10.1433 -16.0216 941.746
23832000 901.083 936.394 914.892 15.5223 64.3583 0.746191 917.456
23833000 973.809 844.34 1113.4 -54.269 62.7482 -39.1599 977.183
23834000 897.011 832.878 914.482 -63.3059 -0.0595525 36.2093 881.457
23835000 1023.2 1022.32 970.534 -33.9051 -82.0527 97.5636 1005.35
23836000 989.81 1021.55 1182.67 -26.971 -71.5794 119.277 1064.68
23837000 813.946 998.099 977.015 -29.1659 -29.4472 19.958 929.687
23838000 825.272 1003.88 920.574 36.1109 -15.4345 28.4193 916.574
23839000 891.295 1006.55 1095.88 -40.3527 -7.10761 36.8879 997.906
23840000 967.559 988.508 1079.39 -46.069 115.519 -38.0576 1011.82
23841000 812.07 837.352 892.627 -47.7574 -39.2421 2.23467 847.35
23842000 902.849 791.362 1210.2 -13.4228 -59.6661 -13.9404 968.136
23843000 890.256 856.508 1199.98 -32.2446 -48.4653 -24.0713 982.248
23844000 744.752 927.38 1021.21 -63.9653 -124.866 -75.1176 897.782
23845000 984.275 702.155 1056.27 71.1742 -35.8786 -21.3303 914.233
23846000 1004 928.172 1150.38 18.7073 -83.0042 31.2417 1027.52
23847000 1035.97 743.612 1177.61 3.74404 -54.8179 -62.4971 985.73
23848000 1135.49 1085.49 1266.98 -23.0603 -105.545 26.0841 1162.65
23849000 927.067 1008.82 1073.6 -5.61362 -38.4843 -16.1058 1003.16
23850000 1045.58 981.093 1053.24 -27.1104 -45.6096 69.5279 1026.64
23851000 1113.91 996.537 1048.3 1.09241 14.8856 19.4569 1052.91
23852000 861.619 1302.1 1043.21 35.7226 -28.9303 25.7415 1068.98
23853000 972.132 972.353 991.593 58.563 -15.6406 26.8652 978.692
23854000 974.072 924.502 1199.89 63.3204 24.8063 -19.2173 1032.82
23855000 1015.4 865.572 1273.62 -40.4564 -41.5545 7.97037 1051.53
23856000 932.86 937.905 1115.05 11.2124 -30.1405 -87.6044 995.272
23857000 1047.4 1092.62 1084.08 97.311 -9.14656 -5.55825 1074.7
23858000 985.872 939.41 1078.4 66.6112 -132.726 27.7586 1001.23
23859000 966.299 869.746 1158.88 48.7884 -12.0106 -2.95125 998.309
23860000 849.041 927.469 1123.89 64.921 -43.1695 -140.706 966.799
23861000 934.448 1027.47 1030.6 -82.2038 -26.0278 -119.586 997.506
23862000 977.299 958.526 1060.31 54.7229 -44.4634 -185.589 998.712
23863000 939.397 1004.32 868.287 67.697 -7.20101 -192.641 937.336
23864000 1089.42 894.732 994.044 39.0327 -11.3923 -67.0623 992.733
23865000 958.506 654.784 859.002 -8.73199 -53.0269 -138.893 824.097
23866000 1083.85 887.208 1033.94 -30.997 8.42699 -30.9374 1001.66
23867000 918.849 891.717 1115.29 -61.5104 -12.3217 25.7035 975.286
23868000 882.688 641.3 978.874 29.9396 24.5585 -36.8823 834.287
23869000 1064.47 895.796 1146.54 101.831 -16.7364 -68.8322 1035.6
23870000 1026.19 870.273 1079.86 51.5073 19.4514 -8.51158 992.109
23871000 904.756 990.058 1202.07 102.205 -59.3388 -53.8892 1032.3
23872000 973.729 1056.08 1102.81 52.335 11.9728 -39.1736 1044.21
23873000 993.563 986.547 930.36 -74.7047 -68.5681 -23.6391 970.157
23874000 1056.15 976.245 1250.74 -113.747 -117.439 -111.697 1094.38
23875000 1152.72 1063.35 1186.39 -114.683 -164.977 -61.4349 1134.16
23876000 1008.35 1117.57 1112.16 -49.8732 -131.87 -44.6708 1079.36
23877000 1041.62 932.986 895.387 32.0886 -147.783 -29.1047 956.663
23878000 982.778 980.501 919.193 -150.111 -78.4548 -44.9168 960.824
23879000 845.631 1022.36 883.774 -44.9573 -125.757 -60.0769 917.256
23880000 988.739 929.164 1126.61 -55.1772 -76.1442 -87.5592 1014.84
23881000 808.136 827.035 1006.53 -95.5709 -142.232 -75.7551 880.566
23882000 744.237 841.269 1061.11 -81.3329 -61.5166 -4.75289 882.207
23883000 930.456 916.038 1085 -10.1206 -82.5306 53.5337 977.164
23884000 981.414 851.762 1124.59 54.3328 -93.9827 -159.257 985.921
23885000 856.433 899.188 945.046 -30.5995 -84.6466 -133.003 900.222
23886000 868.284 991.586 1042.28 -44.7193 -0.875717 -164.087 967.385
23887000 945.088 1087.1 1239.02 -174.939 -36.3129 -146.314 1090.4
23888000 939.045 1014.8 1342.61 -126.315 -209.871 -169.218 1098.82
23889000 791.738 994.192 1175.57 -110.634 -174.032 -99.1822 987.166
23890000 752.763 1009.32 1239.77 -27.6755 -151.565 -28.2236 1000.62
23891000 1009.09 1037.04 1250.43 36.5372 -135.653 -13.8273 1098.86
23892000 880.613 990.464 1272.02 -70.0208 -98.0191 22.0166 1047.7
23893000 968.04 1085.93 1399.44 -11.8655 -93.6065 -98.5078 1151.14
23894000 693.375 934.655 1051.33 26.7352 73.4853 -49.5258 893.118
23895000 823.856 882.184 1036.77 -13.4685 33.2153 1.41842 914.27
23896000 720.83 1028.21 1056.12 68.3217 24.03 -37.7345 935.053
23897000 769.185 882.118 985.026 23.6572 8.25151 -71.121 878.776
23898000 897.353 1214.7 962.434 38.8026 -44.6141 -72.7975 1024.83
23899000 580.086 610.442 805.71 78.4842 -40.4266 34.9848 665.413
23900000 674.816 884.94 895.242 45.8105 -137.632 -21.0857 818.333
23901000 721.417 906.912 985.636 106.706 -87.457 -23.2706 871.322
23902000 712.095 1056.11 942.306 23.8254 -167.862 13.0241 903.504
23903000 674.868 1001.21 993.082 71.7552 -105.015 49.9558 889.719
23904000 797.121 994.515 1016.16 94.6851 -110.664 0.994633 935.931
23905000 1005.07 923.261 902.697 20.9786 -83.2678 -23.2446 943.677
23906000 1043.26 977.163 1019.23 63.3211 -54.62 110.197 1013.22
23907000 902.897 1107.64 1150.23 43.248 -44.4853 -12.6726 1053.59
23908000 815.357 991.819 887.301 -8.23367 -74.171 -15.6619 898.159
23909000 817.339 957.316 1046.64 -39.0402 -120.661 -94.2917 940.433
23910000 817.197 978.266 1049.46 64.2454 41.5265 -19.0007 948.308
23911000 827.06 931.31 1107.68 -55.7574 -122.093 76.967 955.35
23912000 707.534 999.164 1055.87 -79.1143 -47.3233 -7.23071 920.856
23913000 919.032 718.379 1180.87 -13.5634 24.8947 -59.671 939.425
23914000 597.938 730.33 839.838 -19.1728 78.761 -40.0695 722.702
23915000 554.392 833.832 850.562 -13.6312 110.202 117.608 746.262
23916000 774.864 957.73 926.103 -44.9593 -28.6327 -36.7011 886.233
23917000 549.338 722.22 964.017 35.9916 -55.6793 27.9439 745.192
23918000 765.633 984.135 1034.62 -159.62 121.421 -39.4899 928.131
23919000 781.182 809.8 888.186 30.0784 -42.6406 -125.477 826.389
23920000 841.039 1039.17 866.226 -26.3796 -19.8496 -59.2281 915.477
23921000 682.474 864.66 856.646 -21.9886 24.4278 -78.0154 801.26
23922000 818.614 868.65 899.821 -9.40365 -86.2493 -44.4312 862.362
23923000 918.715 1101.07 1096.09 -102.177 -63.6751 6.85901 1038.62
23924000 755.662 1027.09 1055.45 -55.3931 41.7285 -0.805406 946.067
23925000 811.891 1083.53 1264.33 -66.1143 -34.3548 23.0461 1053.25
23926000 741.959 1054.05 998.113 -13.1828 -96.3946 -113.182 931.375
23927000 825.37 1149.6 1203.72 -13.8663 6.57456 -68.4655 1059.56
23928000 1025.39 973.221 1194.72 17.8321 35.0547 -110.546 1064.44
23929000 933.834 936.315 1017.3 93.7213 7.5089 -97.4647 962.482
23930000 1017.98 983.703 1118.25 9.55728 79.3905 -55.1029 1039.98
23931000 695.187 836.131 771.91 75.9401 -15.5959 -43.2495 767.743
23932000 858.476 924.454 827.022 111.861 -6.10441 -66.8524 869.984
23933000 887.645 1003.42 1016.1 95.0412 -11.7523 -34.0084 969.054
23934000 906.951 939.312 890.162 -27.5851 9.53233 -42.1475 912.142
23935000 1020.07 1000.33 903.272 71.9065 2.71684 -25.0091 974.558
23936000 896.684 982.399 1094.23 85.5908 -18.6366 17.6985 991.105
23937000 834.712 941.069 1108.8 115.189 -42.5681 -20.045 961.526
23938000 921.342 940.802 985.751 172.379 3.61634 -77.4534 949.298
23939000 755.882 830.101 1028.06 -89.7661 -44.659 -179.723 871.347
23940000 734.947 915.905 949.187 -39.4049 67.5827 -42.0103 866.679
23941000 667.599 843.784 1043.34 -26.2364 80.2319 -44.0838 851.575
23942000 662.833 1071.74 1087.28 26.6169 23.0825 -13.0426 940.619
23943000 721.836 1046.5 1289.94 76.4916 0.886107 -15.0148 1019.43
23944000 687.607 862.526 1188.26 46.4666 27.6642 -68.2903 912.797
23945000 610.421 901.502 1101.2 1.83237 -9.54304 -70.1332 871.039
23946000 720.579 932.205 1043.55 -46.6161 -117.45 -94.9896 898.779
23947000 497.639 870.085 774.04 -23.9444 -89.5381 -40.8387 713.921
23948000 574.661 886.66 940.519 -24.3054 -23.2409 -96.9123 800.613
23949000 554.814 1034.11 1082.3 -68.7563 0.237287 15.3512 890.408
23950000 559.943 829.81 971.694 -46.4514 38.2293 -163.267 787.149
23951000 793.536 1111.07 1270.83 -26.3359 89.265 -15.6671 1058.48
23952000 857.827 1036.03 992.113 -99.4303 103.413 -59.2415 961.99
23953000 913.775 1163.04 1080.84 -99.7362 47.9175 -129.991 1052.55
23954000 784.304 1098.64 1085.33 -130.345 48.7545 -46.4376 989.423
23955000 830.677 1121.83 1099.49 -33.5616 -159.571 -71.1552 1017.33
23956000 642.63 894.194 1004.13 -31.4227 -85.628 -17.9899 846.985
23957000 751.228 1069.69 977.134 0.0867251 -19.3397 44.1885 932.683
23958000 725.049 985.666 1014.85 -76.2049 0.447131 -12.8702 908.522
23959000 857.27 1090.86 1006.69 -25.772 29.1622 1.46074 984.939
23960000 783.967 997.125 1162.82 55.735 74.3151 39.1379 981.305
23961000 794.337 978.448 1178.8 5.67977 -2.65875 158.162 983.861
23962000 861.829 981.666 1098.64 24.0654 78.1561 -12.6338 980.712
23963000 848.285 956.148 1083.16 -6.05113 38.4713 64.6042 962.532
23964000 827.629 1072.47 947.645 -88.7831 95.0398 -40.9839 949.249
23965000 834.968 1021.29 1175.2 37.5431 56.1545 58.9305 1010.48
23966000 998.665 1047.14 1009.29 -96.2054 125.689 54.7901 1018.37
23967000 791.81 888.72 912.669 -44.7533 -15.4567 15.8655 864.4
23968000 1074.17 1049.4 959.346 -89.149 64.7414 -4.16054 1027.64
23969000 957.604 1035.59 1192.72 -80.7958 -48.0317 74.9544 1061.97
23970000 980.458 993.75 1066.8 -35.2157 47.4429 54.6317 1013.67
23971000 735.423 1119.4 1090.85 -97.4452 32.9738 10.4643 981.891
23972000 965.613 1083.16 1161.96 -174.376 28.0794 -59.346 1070.24
23973000 760.305 931.796 1023 -150.239 48.4295 -27.7011 905.034
23974000 1038.89 1040.23 1235.15 -110.899 131.529 1.43154 1104.76
23975000 838.988 877.446 929.181 -100.073 -51.3791 41.7499 881.871
23976000 872.378 931.44 881.769 45.1011 48.4187 -10.2665 895.196
23977000 835.499 976.031 965.916 -34.3501 -91.9001 -55.4434 925.815
23978000 1057.16 1083.72 1113.22 -59.8495 -41.0716 -52.3421 1084.7
23979000 829.954 927.828 1068.86 -95.7453 -55.753 -30.3274 942.212
23980000 893.65 1098.12 1137.92 -73.6032 41.8957 -33.162 1043.23
23981000 904.627 1027.14 944.078 -183.91 125.817 -61.9925 958.614
23982000 927.813 1166.76 935.697 -208.097 74.7332 -41.8969 1010.09
23983000 945.969 986.521 900.699 -141.293 -94.247 -89.4268 944.396
23984000 1004.72 832.65 1116.15 -30.7349 -22.0187 5.58716 984.506
23985000 1067.45 822.595 1185.62 72.379 153.801 -84.1576 1025.22
23986000 928.279 752.268 1108.63 -32.7857 86.6643 -102.756 929.726
23987000 1033.48 866.78 1034.22 -55.5351 30.76 0.0112146 978.158
23988000 816.939 974.974 1196.72 -16.145 36.5897 -87.2321 996.213
23989000 892.094 1058.98 1173.23 9.95869 3.19629 45.4003 1041.43
23990000 881.631 786.52 1021.01 -15.8324 40.3843 -86.4965 896.388
23991000 922.141 909.265 1049.43 3.51886 -40.9028 -58.178 960.277
23992000 904.563 765.417 877.57 -19.7253 -89.626 -128.101 849.183
23993000 943.188 1026.23 1153.97 -116.881 43.6028 -176.044 1041.13
23994000 849.256 899.963 1017.44 31.9632 -69.3794 -44.32 922.218
23995000 753.981 987.069 1023.48 -1.31953 31.4646 -33.8898 921.51
23996000 762.112 926.442 948.468 11.9365 50.2796 -7.23686 879.007
23997000 910.893 1043.5 1106.41 -85.2433 28.7699 -8.20685 1020.27
23998000 678.359 937.653 1074.13 4.09258 -20.9264 -98.4297 896.713
23999000 794.178 1061.41 1103.48 -46.6311 8.85433 -61.4737 986.358
24000000 676.276 1039.16 982.653 -147.879 -11.4407 -61.5761 899.362
