# Time-averaged data for fix tave
# TimeStep v_temperature
18001000 291.699
18002000 291.842
18003000 292.056
18004000 292.242
18005000 292.662
18006000 292.666
18007000 292.46
18008000 292.474
18009000 292.431
18010000 292.481
18011000 292.473
18012000 292.561
18013000 292.712
18014000 292.713
18015000 292.722
18016000 292.811
18017000 292.794
18018000 292.764
18019000 292.842
18020000 292.908
18021000 292.93
18022000 292.933
18023000 292.86
18024000 292.894
18025000 292.938
18026000 292.975
18027000 292.989
18028000 292.951
18029000 292.997
18030000 292.996
18031000 292.954
18032000 292.895
18033000 292.885
18034000 292.888
18035000 292.919
18036000 292.951
18037000 292.972
18038000 292.983
18039000 292.986
18040000 293.032
18041000 293.062
18042000 293.074
18043000 293.068
18044000 293.055
18045000 293.03
18046000 293.047
18047000 293.074
18048000 293.09
18049000 293.073
18050000 293.081
18051000 293.092
18052000 293.095
18053000 293.1
18054000 293.077
18055000 293.048
18056000 293.082
18057000 293.078
18058000 293.066
18059000 293.099
18060000 293.112
18061000 293.128
18062000 293.131
18063000 293.135
18064000 293.125
18065000 293.096
18066000 293.109
18067000 293.106
18068000 293.099
18069000 293.096
18070000 293.1
18071000 293.095
18072000 293.061
18073000 293.063
18074000 293.074
18075000 293.074
18076000 293.067
18077000 293.094
18078000 293.097
18079000 293.097
18080000 293.074
18081000 293.061
18082000 293.074
18083000 293.081
18084000 293.052
18085000 293.05
18086000 293.044
18087000 293.037
18088000 293.033
18089000 293.035
18090000 293.034
18091000 293.045
18092000 293.041
18093000 293.037
18094000 293.054
18095000 293.046
18096000 293.068
18097000 293.076
18098000 293.09
18099000 293.093
18100000 293.075
18101000 293.074
18102000 293.084
18103000 293.1
18104000 293.112
18105000 293.119
18106000 293.124
18107000 293.123
18108000 293.126
18109000 293.134
18110000 293.136
18111000 293.135
18112000 293.136
18113000 293.137
18114000 293.129
18115000 293.135
18116000 293.137
18117000 293.12
18118000 293.114
18119000 293.108
18120000 293.109
18121000 293.087
18122000 293.08
18123000 293.079
18124000 293.082
18125000 293.091
18126000 293.094
18127000 293.1
18128000 293.108
18129000 293.106
18130000 293.12
18131000 293.12
18132000 293.116
18133000 293.122
18134000 293.124
18135000 293.127
18136000 293.132
18137000 293.143
18138000 293.146
18139000 293.153
18140000 293.144
18141000 293.133
18142000 293.125
18143000 293.114
18144000 293.099
18145000 293.098
18146000 293.089
18147000 293.089
18148000 293.076
18149000 293.068
18150000 293.079
18151000 293.077
18152000 293.06
18153000 293.058
18154000 293.071
18155000 293.075
18156000 293.079
18157000 293.087
18158000 293.08
18159000 293.071
18160000 293.072
18161000 293.058
18162000 293.057
18163000 293.056
18164000 293.052
18165000 293.052
18166000 293.05
18167000 293.054
18168000 293.05
18169000 293.05
18170000 293.049
18171000 293.059
18172000 293.053
18173000 293.052
18174000 293.052
18175000 293.059
18176000 293.061
18177000 293.062
18178000 293.064
18179000 293.073
18180000 293.076
18181000 293.082
18182000 293.077
18183000 293.074
18184000 293.073
18185000 293.076
18186000 293.08
18187000 293.088
18188000 293.091
18189000 293.091
18190000 293.091
18191000 293.089
18192000 293.089
18193000 293.089
18194000 293.092
18195000 293.09
18196000 293.086
18197000 293.087
18198000 293.083
18199000 293.075
18200000 293.08
18201000 293.08
18202000 293.074
18203000 293.075
18204000 293.07
18205000 293.073
18206000 293.075
18207000 293.072
18208000 293.069
18209000 293.065
18210000 293.064
18211000 293.068
18212000 293.072
18213000 293.074
18214000 293.069
18215000 293.064
18216000 293.053
18217000 293.059
18218000 293.058
18219000 293.052
18220000 293.051
18221000 293.057
18222000 293.057
18223000 293.058
18224000 293.051
18225000 293.05
18226000 293.056
18227000 293.058
18228000 293.058
18229000 293.05
18230000 293.047
18231000 293.049
18232000 293.054
18233000 293.051
18234000 293.047
18235000 293.046
18236000 293.046
18237000 293.046
18238000 293.04
18239000 293.042
18240000 293.042
18241000 293.047
18242000 293.045
18243000 293.043
18244000 293.042
18245000 293.042
18246000 293.044
18247000 293.047
18248000 293.039
18249000 293.037
18250000 293.033
18251000 293.032
18252000 293.034
18253000 293.031
18254000 293.036
18255000 293.038
18256000 293.044
18257000 293.049
18258000 293.044
18259000 293.048
18260000 293.05
18261000 293.051
18262000 293.043
18263000 293.043
18264000 293.046
18265000 293.047
18266000 293.05
18267000 293.052
18268000 293.053
18269000 293.051
18270000 293.043
18271000 293.038
18272000 293.032
18273000 293.032
18274000 293.034
18275000 293.031
18276000 293.025
18277000 293.023
18278000 293.023
18279000 293.022
18280000 293.013
18281000 293.011
18282000 293.014
18283000 293.013
18284000 293.01
18285000 293.005
18286000 293.001
18287000 293.001
18288000 293.002
18289000 293.003
18290000 293
18291000 292.997
18292000 292.998
18293000 293.001
18294000 293.001
18295000 293.002
18296000 293.005
18297000 293.004
18298000 292.996
18299000 292.998
18300000 293.004
18301000 293.004
18302000 293
18303000 292.997
18304000 292.996
18305000 292.999
18306000 293.001
18307000 293
18308000 292.997
18309000 292.993
18310000 292.989
18311000 292.988
18312000 292.992
18313000 292.994
18314000 292.996
18315000 292.994
18316000 292.999
18317000 293.003
18318000 293.002
18319000 293.005
18320000 293.006
18321000 293.012
18322000 293.012
18323000 293.01
18324000 293.01
18325000 293.013
18326000 293.015
18327000 293.015
18328000 293.02
18329000 293.02
18330000 293.019
18331000 293.016
18332000 293.021
18333000 293.018
18334000 293.016
18335000 293.013
18336000 293.006
18337000 293.01
18338000 293.005
18339000 293.005
18340000 293.007
18341000 293.004
18342000 293.003
18343000 293.001
18344000 293
18345000 292.997
18346000 292.993
18347000 292.996
18348000 292.994
18349000 292.991
18350000 292.988
18351000 292.991
18352000 292.99
18353000 292.985
18354000 292.986
18355000 292.981
18356000 292.981
18357000 292.984
18358000 292.985
18359000 292.987
18360000 292.993
18361000 292.992
18362000 292.994
18363000 292.991
18364000 292.992
18365000 292.988
18366000 292.995
18367000 292.996
18368000 292.998
18369000 292.999
18370000 292.997
18371000 293
18372000 293.001
18373000 292.997
18374000 292.999
18375000 292.998
18376000 292.998
18377000 292.999
18378000 292.995
18379000 292.995
18380000 292.999
18381000 293.001
18382000 293.004
18383000 293.003
18384000 293.006
18385000 293.005
18386000 293.002
18387000 293.005
18388000 293.005
18389000 293.003
18390000 292.997
18391000 292.994
18392000 292.993
18393000 292.994
18394000 292.999
18395000 293.004
18396000 293.005
18397000 293.005
18398000 293.004
18399000 293.002
18400000 293.008
18401000 293.006
18402000 293.007
18403000 293.006
18404000 293.001
18405000 292.999
18406000 292.997
18407000 292.995
18408000 292.994
18409000 292.993
18410000 292.994
18411000 292.992
18412000 292.99
18413000 292.988
18414000 292.988
18415000 292.988
18416000 292.987
18417000 292.986
18418000 292.989
18419000 292.982
18420000 292.984
18421000 292.985
18422000 292.987
18423000 292.991
18424000 292.992
18425000 292.992
18426000 292.99
18427000 292.99
18428000 292.99
18429000 292.994
18430000 292.992
18431000 292.994
18432000 292.992
18433000 292.992
18434000 292.992
18435000 292.991
18436000 292.993
18437000 292.993
18438000 292.995
18439000 292.993
18440000 292.989
18441000 292.992
18442000 292.99
18443000 292.992
18444000 292.993
18445000 292.995
18446000 292.994
18447000 292.992
18448000 292.986
18449000 292.987
18450000 292.986
18451000 292.983
18452000 292.983
18453000 292.984
18454000 292.984
18455000 292.982
18456000 292.982
18457000 292.982
18458000 292.982
18459000 292.982
18460000 292.979
18461000 292.979
18462000 292.983
18463000 292.979
18464000 292.978
18465000 292.977
18466000 292.977
18467000 292.975
18468000 292.976
18469000 292.976
18470000 292.98
18471000 292.98
18472000 292.984
18473000 292.982
18474000 292.984
18475000 292.984
18476000 292.984
18477000 292.983
18478000 292.985
18479000 292.987
18480000 292.986
18481000 292.985
18482000 292.986
18483000 292.989
18484000 292.989
18485000 292.988
18486000 292.989
18487000 292.992
18488000 292.988
18489000 292.987
18490000 292.984
18491000 292.983
18492000 292.984
18493000 292.985
18494000 292.987
18495000 292.986
18496000 292.988
18497000 292.986
18498000 292.984
18499000 292.981
18500000 292.981
18501000 292.981
18502000 292.978
18503000 292.977
18504000 292.974
18505000 292.973
18506000 292.972
18507000 292.974
18508000 292.977
18509000 292.977
18510000 292.976
18511000 292.976
18512000 292.975
18513000 292.973
18514000 292.971
18515000 292.972
18516000 292.972
18517000 292.967
18518000 292.968
18519000 292.97
18520000 292.974
18521000 292.975
18522000 292.974
18523000 292.975
18524000 292.973
18525000 292.976
18526000 292.976
18527000 292.977
18528000 292.973
18529000 292.972
18530000 292.972
18531000 292.971
18532000 292.973
18533000 292.975
18534000 292.974
18535000 292.974
18536000 292.975
18537000 292.976
18538000 292.975
18539000 292.978
18540000 292.976
18541000 292.973
18542000 292.971
18543000 292.973
18544000 292.975
18545000 292.975
18546000 292.976
18547000 292.973
18548000 292.972
18549000 292.975
18550000 292.971
18551000 292.97
18552000 292.967
18553000 292.966
18554000 292.967
18555000 292.968
18556000 292.968
18557000 292.968
18558000 292.963
18559000 292.962
18560000 292.962
18561000 292.963
18562000 292.964
18563000 292.965
18564000 292.966
18565000 292.964
18566000 292.961
18567000 292.961
18568000 292.961
18569000 292.959
18570000 292.956
18571000 292.954
18572000 292.956
18573000 292.958
18574000 292.959
18575000 292.959
18576000 292.959
18577000 292.958
18578000 292.958
18579000 292.961
18580000 292.962
18581000 292.96
18582000 292.959
18583000 292.959
18584000 292.962
18585000 292.96
18586000 292.962
18587000 292.961
18588000 292.963
18589000 292.966
18590000 292.966
18591000 292.968
18592000 292.968
18593000 292.971
18594000 292.971
18595000 292.969
18596000 292.968
18597000 292.969
18598000 292.97
18599000 292.971
18600000 292.973
18601000 292.972
18602000 292.973
18603000 292.974
18604000 292.975
18605000 292.974
18606000 292.973
18607000 292.972
18608000 292.97
18609000 292.971
18610000 292.974
18611000 292.976
18612000 292.979
18613000 292.977
18614000 292.975
18615000 292.976
18616000 292.976
18617000 292.974
18618000 292.976
18619000 292.977
18620000 292.979
18621000 292.978
18622000 292.978
18623000 292.976
18624000 292.974
18625000 292.973
18626000 292.972
18627000 292.975
18628000 292.975
18629000 292.973
18630000 292.972
18631000 292.973
18632000 292.975
18633000 292.974
18634000 292.972
18635000 292.974
18636000 292.973
18637000 292.973
18638000 292.973
18639000 292.977
18640000 292.977
18641000 292.975
18642000 292.977
18643000 292.978
18644000 292.979
18645000 292.979
18646000 292.978
18647000 292.977
18648000 292.979
18649000 292.978
18650000 292.977
18651000 292.977
18652000 292.977
18653000 292.978
18654000 292.976
18655000 292.975
18656000 292.977
18657000 292.975
18658000 292.974
18659000 292.975
18660000 292.972
18661000 292.974
18662000 292.976
18663000 292.975
18664000 292.974
18665000 292.976
18666000 292.977
18667000 292.977
18668000 292.975
18669000 292.978
18670000 292.978
18671000 292.978
18672000 292.976
18673000 292.973
18674000 292.974
18675000 292.973
18676000 292.972
18677000 292.973
18678000 292.973
18679000 292.973
18680000 292.973
18681000 292.975
18682000 292.977
18683000 292.978
18684000 292.979
18685000 292.979
18686000 292.979
18687000 292.978
18688000 292.976
18689000 292.974
18690000 292.975
18691000 292.976
18692000 292.977
18693000 292.975
18694000 292.977
18695000 292.975
18696000 292.973
18697000 292.973
18698000 292.972
18699000 292.973
18700000 292.975
18701000 292.974
18702000 292.975
18703000 292.973
18704000 292.973
18705000 292.973
18706000 292.974
18707000 292.975
18708000 292.974
18709000 292.972
18710000 292.971
18711000 292.971
18712000 292.97
18713000 292.972
18714000 292.972
18715000 292.971
18716000 292.975
18717000 292.974
18718000 292.973
18719000 292.971
18720000 292.97
18721000 292.969
18722000 292.969
18723000 292.97
18724000 292.969
18725000 292.967
18726000 292.966
18727000 292.967
18728000 292.964
18729000 292.963
18730000 292.962
18731000 292.964
18732000 292.966
18733000 292.968
18734000 292.969
18735000 292.97
18736000 292.97
18737000 292.971
18738000 292.97
18739000 292.97
18740000 292.972
18741000 292.973
18742000 292.974
18743000 292.972
18744000 292.972
18745000 292.975
18746000 292.976
18747000 292.977
18748000 292.978
18749000 292.979
18750000 292.98
18751000 292.981
18752000 292.98
18753000 292.98
18754000 292.979
18755000 292.979
18756000 292.98
18757000 292.982
18758000 292.982
18759000 292.984
18760000 292.983
18761000 292.982
18762000 292.981
18763000 292.979
18764000 292.978
18765000 292.979
18766000 292.979
18767000 292.98
18768000 292.98
18769000 292.979
18770000 292.978
18771000 292.981
18772000 292.982
18773000 292.981
18774000 292.98
18775000 292.98
18776000 292.979
18777000 292.979
18778000 292.98
18779000 292.979
18780000 292.979
18781000 292.978
18782000 292.976
18783000 292.976
18784000 292.973
18785000 292.974
18786000 292.973
18787000 292.974
18788000 292.972
18789000 292.972
18790000 292.976
18791000 292.977
18792000 292.977
18793000 292.978
18794000 292.978
18795000 292.977
18796000 292.978
18797000 292.978
18798000 292.98
18799000 292.98
18800000 292.981
18801000 292.982
18802000 292.984
18803000 292.983
18804000 292.984
18805000 292.986
18806000 292.985
18807000 292.985
18808000 292.983
18809000 292.982
18810000 292.979
18811000 292.977
18812000 292.978
18813000 292.979
18814000 292.979
18815000 292.979
18816000 292.981
18817000 292.98
18818000 292.982
18819000 292.983
18820000 292.983
18821000 292.983
18822000 292.984
18823000 292.985
18824000 292.985
18825000 292.984
18826000 292.985
18827000 292.985
18828000 292.985
18829000 292.985
18830000 292.987
18831000 292.986
18832000 292.989
18833000 292.989
18834000 292.988
18835000 292.989
18836000 292.99
18837000 292.991
18838000 292.992
18839000 292.992
18840000 292.992
18841000 292.991
18842000 292.993
18843000 292.992
18844000 292.994
18845000 292.995
18846000 292.994
18847000 292.994
18848000 292.995
18849000 292.996
18850000 292.994
18851000 292.995
18852000 292.996
18853000 292.996
18854000 292.995
18855000 292.993
18856000 292.993
18857000 292.995
18858000 292.996
18859000 292.997
18860000 292.997
18861000 292.997
18862000 292.998
18863000 292.997
18864000 292.999
18865000 292.998
18866000 293
18867000 293
18868000 293.001
18869000 293.003
18870000 293.004
18871000 293.005
18872000 293.007
18873000 293.008
18874000 293.009
18875000 293.008
18876000 293.008
18877000 293.007
18878000 293.006
18879000 293.007
18880000 293.009
18881000 293.008
18882000 293.007
18883000 293.006
18884000 293.006
18885000 293.005
18886000 293.006
18887000 293.006
18888000 293.005
18889000 293.005
18890000 293.004
18891000 293.003
18892000 293.003
18893000 293.002
18894000 293.003
18895000 293.001
18896000 293.001
18897000 293.001
18898000 292.998
18899000 292.997
18900000 292.994
18901000 292.995
18902000 292.996
18903000 292.997
18904000 292.996
18905000 292.994
18906000 292.996
18907000 292.995
18908000 292.994
18909000 292.995
18910000 292.994
18911000 292.994
18912000 292.995
18913000 292.995
18914000 292.996
18915000 292.995
18916000 292.996
18917000 292.997
18918000 292.998
18919000 293
18920000 292.999
18921000 292.998
18922000 293
18923000 293.001
18924000 293.001
18925000 293.002
18926000 293.003
18927000 293.003
18928000 293.005
18929000 293.004
18930000 293.002
18931000 293.003
18932000 293.002
18933000 293.001
18934000 293.003
18935000 293.004
18936000 293.004
18937000 293.005
18938000 293.007
18939000 293.008
18940000 293.008
18941000 293.007
18942000 293.007
18943000 293.007
18944000 293.005
18945000 293.004
18946000 293.003
18947000 293.004
18948000 293.005
18949000 293.005
18950000 293.007
18951000 293.006
18952000 293.007
18953000 293.007
18954000 293.008
18955000 293.01
18956000 293.01
18957000 293.01
18958000 293.01
18959000 293.01
18960000 293.01
18961000 293.011
18962000 293.012
18963000 293.011
18964000 293.011
18965000 293.01
18966000 293.011
18967000 293.009
18968000 293.009
18969000 293.008
18970000 293.009
18971000 293.011
18972000 293.01
18973000 293.01
18974000 293.01
18975000 293.013
18976000 293.013
18977000 293.014
18978000 293.014
18979000 293.013
18980000 293.012
18981000 293.012
18982000 293.011
18983000 293.011
18984000 293.011
18985000 293.012
18986000 293.011
18987000 293.012
18988000 293.01
18989000 293.01
18990000 293.012
18991000 293.011
18992000 293.01
18993000 293.01
18994000 293.012
18995000 293.013
18996000 293.014
18997000 293.016
18998000 293.016
18999000 293.018
19000000 293.017
19001000 293.016
19002000 293.017
19003000 293.018
19004000 293.018
19005000 293.017
19006000 293.017
19007000 293.018
19008000 293.017
19009000 293.018
19010000 293.018
19011000 293.019
19012000 293.017
19013000 293.017
19014000 293.019
19015000 293.019
19016000 293.017
19017000 293.016
19018000 293.017
19019000 293.017
19020000 293.018
19021000 293.017
19022000 293.015
19023000 293.014
19024000 293.014
19025000 293.015
19026000 293.015
19027000 293.016
19028000 293.015
19029000 293.013
19030000 293.014
19031000 293.015
19032000 293.016
19033000 293.016
19034000 293.016
19035000 293.013
19036000 293.012
19037000 293.012
19038000 293.011
19039000 293.01
19040000 293.01
19041000 293.01
19042000 293.011
19043000 293.011
19044000 293.012
19045000 293.015
19046000 293.015
19047000 293.016
19048000 293.016
19049000 293.015
19050000 293.014
19051000 293.014
19052000 293.016
19053000 293.016
19054000 293.017
19055000 293.018
19056000 293.018
19057000 293.02
19058000 293.02
19059000 293.02
19060000 293.02
19061000 293.019
19062000 293.02
19063000 293.02
19064000 293.019
19065000 293.021
19066000 293.019
19067000 293.018
19068000 293.018
19069000 293.019
19070000 293.019
19071000 293.017
19072000 293.018
19073000 293.018
19074000 293.019
19075000 293.018
19076000 293.018
19077000 293.017
19078000 293.018
19079000 293.016
19080000 293.017
19081000 293.018
19082000 293.018
19083000 293.017
19084000 293.017
19085000 293.019
19086000 293.019
19087000 293.019
19088000 293.02
19089000 293.02
19090000 293.021
19091000 293.021
19092000 293.019
19093000 293.019
19094000 293.018
19095000 293.016
19096000 293.016
19097000 293.016
19098000 293.015
19099000 293.017
19100000 293.018
19101000 293.019
19102000 293.02
19103000 293.02
19104000 293.021
19105000 293.02
19106000 293.019
19107000 293.02
19108000 293.02
19109000 293.021
19110000 293.021
19111000 293.021
19112000 293.021
19113000 293.021
19114000 293.02
19115000 293.02
19116000 293.021
19117000 293.02
19118000 293.021
19119000 293.02
19120000 293.019
19121000 293.018
19122000 293.019
19123000 293.021
19124000 293.021
19125000 293.022
19126000 293.022
19127000 293.021
19128000 293.022
19129000 293.022
19130000 293.022
19131000 293.021
19132000 293.02
19133000 293.018
19134000 293.019
19135000 293.018
19136000 293.017
19137000 293.017
19138000 293.017
19139000 293.018
19140000 293.018
19141000 293.017
19142000 293.017
19143000 293.017
19144000 293.017
19145000 293.016
19146000 293.017
19147000 293.017
19148000 293.017
19149000 293.019
19150000 293.018
19151000 293.017
19152000 293.016
19153000 293.016
19154000 293.015
19155000 293.015
19156000 293.015
19157000 293.013
19158000 293.013
19159000 293.013
19160000 293.011
19161000 293.012
19162000 293.012
19163000 293.012
19164000 293.012
19165000 293.01
19166000 293.011
19167000 293.009
19168000 293.009
19169000 293.008
19170000 293.007
19171000 293.008
19172000 293.009
19173000 293.009
19174000 293.01
19175000 293.011
19176000 293.012
19177000 293.012
19178000 293.012
19179000 293.014
19180000 293.014
19181000 293.014
19182000 293.015
19183000 293.015
19184000 293.014
19185000 293.014
19186000 293.013
19187000 293.013
19188000 293.012
19189000 293.011
19190000 293.011
19191000 293.011
19192000 293.011
19193000 293.011
19194000 293.011
19195000 293.011
19196000 293.011
19197000 293.011
19198000 293.01
19199000 293.01
19200000 293.008
19201000 293.008
19202000 293.007
19203000 293.008
19204000 293.008
19205000 293.009
19206000 293.009
19207000 293.011
19208000 293.011
19209000 293.012
19210000 293.012
19211000 293.012
19212000 293.011
19213000 293.01
19214000 293.009
19215000 293.009
19216000 293.009
19217000 293.009
19218000 293.009
19219000 293.009
19220000 293.009
19221000 293.01
19222000 293.011
19223000 293.01
19224000 293.009
19225000 293.01
19226000 293.01
19227000 293.01
19228000 293.01
19229000 293.011
19230000 293.011
19231000 293.011
19232000 293.011
19233000 293.012
19234000 293.012
19235000 293.013
19236000 293.014
19237000 293.014
19238000 293.014
19239000 293.013
19240000 293.011
19241000 293.011
19242000 293.011
19243000 293.011
19244000 293.011
19245000 293.011
19246000 293.009
19247000 293.009
19248000 293.01
19249000 293.011
19250000 293.011
19251000 293.01
19252000 293.011
19253000 293.011
19254000 293.011
19255000 293.01
19256000 293.009
19257000 293.009
19258000 293.008
19259000 293.008
19260000 293.007
19261000 293.007
19262000 293.008
19263000 293.007
19264000 293.007
19265000 293.006
19266000 293.006
19267000 293.007
19268000 293.007
19269000 293.007
19270000 293.006
19271000 293.006
19272000 293.007
19273000 293.006
19274000 293.005
19275000 293.005
19276000 293.005
19277000 293.007
19278000 293.007
19279000 293.008
19280000 293.01
19281000 293.009
19282000 293.009
19283000 293.009
19284000 293.01
19285000 293.011
19286000 293.01
19287000 293.011
19288000 293.011
19289000 293.012
19290000 293.01
19291000 293.011
19292000 293.009
19293000 293.008
19294000 293.008
19295000 293.009
19296000 293.009
19297000 293.01
19298000 293.01
19299000 293.01
19300000 293.01
19301000 293.012
19302000 293.013
19303000 293.012
19304000 293.012
19305000 293.014
19306000 293.014
19307000 293.015
19308000 293.015
19309000 293.015
19310000 293.015
19311000 293.015
19312000 293.015
19313000 293.013
19314000 293.013
19315000 293.014
19316000 293.013
19317000 293.012
19318000 293.012
19319000 293.012
19320000 293.012
19321000 293.013
19322000 293.013
19323000 293.014
19324000 293.014
19325000 293.014
19326000 293.015
19327000 293.014
19328000 293.013
19329000 293.013
19330000 293.013
19331000 293.013
19332000 293.013
19333000 293.013
19334000 293.012
19335000 293.013
19336000 293.012
19337000 293.011
19338000 293.011
19339000 293.011
19340000 293.009
19341000 293.009
19342000 293.009
19343000 293.009
19344000 293.008
19345000 293.008
19346000 293.008
19347000 293.007
19348000 293.007
19349000 293.008
19350000 293.007
19351000 293.006
19352000 293.006
19353000 293.006
19354000 293.006
19355000 293.005
19356000 293.005
19357000 293.007
19358000 293.007
19359000 293.007
19360000 293.007
19361000 293.006
19362000 293.005
19363000 293.005
19364000 293.005
19365000 293.004
19366000 293.005
19367000 293.006
19368000 293.007
19369000 293.005
19370000 293.006
19371000 293.007
19372000 293.007
19373000 293.008
19374000 293.008
19375000 293.008
19376000 293.009
19377000 293.009
19378000 293.008
19379000 293.008
19380000 293.009
19381000 293.008
19382000 293.008
19383000 293.009
19384000 293.009
19385000 293.01
19386000 293.011
19387000 293.012
19388000 293.012
19389000 293.011
19390000 293.012
19391000 293.013
19392000 293.012
19393000 293.013
19394000 293.012
19395000 293.011
19396000 293.012
19397000 293.011
19398000 293.01
19399000 293.009
19400000 293.01
19401000 293.011
19402000 293.012
19403000 293.013
19404000 293.013
19405000 293.013
19406000 293.013
19407000 293.012
19408000 293.013
19409000 293.013
19410000 293.013
19411000 293.013
19412000 293.012
19413000 293.012
19414000 293.011
19415000 293.01
19416000 293.009
19417000 293.008
19418000 293.009
19419000 293.01
19420000 293.011
19421000 293.011
19422000 293.011
19423000 293.011
19424000 293.011
19425000 293.012
19426000 293.013
19427000 293.013
19428000 293.013
19429000 293.012
19430000 293.011
19431000 293.012
19432000 293.013
19433000 293.014
19434000 293.014
19435000 293.015
19436000 293.015
19437000 293.016
19438000 293.015
19439000 293.015
19440000 293.015
19441000 293.013
19442000 293.013
19443000 293.013
19444000 293.012
19445000 293.011
19446000 293.01
19447000 293.011
19448000 293.011
19449000 293.01
19450000 293.01
19451000 293.01
19452000 293.01
19453000 293.009
19454000 293.009
19455000 293.009
19456000 293.009
19457000 293.008
19458000 293.008
19459000 293.008
19460000 293.008
19461000 293.007
19462000 293.007
19463000 293.007
19464000 293.007
19465000 293.008
19466000 293.009
19467000 293.009
19468000 293.009
19469000 293.009
19470000 293.009
19471000 293.009
19472000 293.008
19473000 293.008
19474000 293.008
19475000 293.009
19476000 293.009
19477000 293.009
19478000 293.009
19479000 293.009
19480000 293.01
19481000 293.01
19482000 293.009
19483000 293.008
19484000 293.008
19485000 293.006
19486000 293.006
19487000 293.005
19488000 293.005
19489000 293.004
19490000 293.005
19491000 293.005
19492000 293.003
19493000 293.004
19494000 293.005
19495000 293.006
19496000 293.006
19497000 293.005
19498000 293.005
19499000 293.007
19500000 293.007
19501000 293.009
19502000 293.008
19503000 293.008
19504000 293.008
19505000 293.008
19506000 293.008
19507000 293.008
19508000 293.007
19509000 293.006
19510000 293.006
19511000 293.006
19512000 293.007
19513000 293.007
19514000 293.006
19515000 293.007
19516000 293.006
19517000 293.006
19518000 293.006
19519000 293.007
19520000 293.006
19521000 293.006
19522000 293.007
19523000 293.007
19524000 293.007
19525000 293.006
19526000 293.006
19527000 293.006
19528000 293.005
19529000 293.005
19530000 293.005
19531000 293.005
19532000 293.006
19533000 293.006
19534000 293.005
19535000 293.005
19536000 293.006
19537000 293.006
19538000 293.006
19539000 293.006
19540000 293.006
19541000 293.007
19542000 293.008
19543000 293.008
19544000 293.008
19545000 293.008
19546000 293.009
19547000 293.008
19548000 293.008
19549000 293.009
19550000 293.009
19551000 293.008
19552000 293.008
19553000 293.008
19554000 293.009
19555000 293.01
19556000 293.01
19557000 293.009
19558000 293.01
19559000 293.009
19560000 293.009
19561000 293.01
19562000 293.009
19563000 293.01
19564000 293.01
19565000 293.011
19566000 293.011
19567000 293.011
19568000 293.012
19569000 293.012
19570000 293.012
19571000 293.012
19572000 293.012
19573000 293.013
19574000 293.013
19575000 293.014
19576000 293.013
19577000 293.012
19578000 293.013
19579000 293.012
19580000 293.013
19581000 293.012
19582000 293.012
19583000 293.01
19584000 293.011
19585000 293.01
19586000 293.01
19587000 293.01
19588000 293.01
19589000 293.011
19590000 293.011
19591000 293.012
19592000 293.012
19593000 293.013
19594000 293.014
19595000 293.014
19596000 293.013
19597000 293.012
19598000 293.011
19599000 293.011
19600000 293.011
19601000 293.011
19602000 293.011
19603000 293.011
19604000 293.01
19605000 293.009
19606000 293.01
19607000 293.01
19608000 293.009
19609000 293.008
19610000 293.008
19611000 293.009
19612000 293.008
19613000 293.008
19614000 293.007
19615000 293.007
19616000 293.008
19617000 293.007
19618000 293.007
19619000 293.007
19620000 293.007
19621000 293.007
19622000 293.006
19623000 293.006
19624000 293.006
19625000 293.007
19626000 293.008
19627000 293.007
19628000 293.007
19629000 293.007
19630000 293.008
19631000 293.008
19632000 293.009
19633000 293.009
19634000 293.009
19635000 293.009
19636000 293.009
19637000 293.009
19638000 293.01
19639000 293.01
19640000 293.01
19641000 293.009
19642000 293.009
19643000 293.008
19644000 293.008
19645000 293.008
19646000 293.008
19647000 293.007
19648000 293.007
19649000 293.007
19650000 293.008
19651000 293.008
19652000 293.008
19653000 293.007
19654000 293.007
19655000 293.007
19656000 293.006
19657000 293.006
19658000 293.006
19659000 293.005
19660000 293.006
19661000 293.006
19662000 293.006
19663000 293.007
19664000 293.005
19665000 293.004
19666000 293.004
19667000 293.004
19668000 293.005
19669000 293.005
19670000 293.006
19671000 293.006
19672000 293.006
19673000 293.006
19674000 293.007
19675000 293.008
19676000 293.009
19677000 293.009
19678000 293.008
19679000 293.008
19680000 293.007
19681000 293.008
19682000 293.009
19683000 293.008
19684000 293.008
19685000 293.008
19686000 293.009
19687000 293.01
19688000 293.009
19689000 293.009
19690000 293.01
19691000 293.011
19692000 293.011
19693000 293.011
19694000 293.011
19695000 293.011
19696000 293.012
19697000 293.011
19698000 293.011
19699000 293.01
19700000 293.011
19701000 293.009
19702000 293.009
19703000 293.008
19704000 293.008
19705000 293.009
19706000 293.009
19707000 293.009
19708000 293.008
19709000 293.008
19710000 293.009
19711000 293.009
19712000 293.01
19713000 293.01
19714000 293.01
19715000 293.009
19716000 293.009
19717000 293.009
19718000 293.008
19719000 293.007
19720000 293.007
19721000 293.006
19722000 293.006
19723000 293.006
19724000 293.007
19725000 293.008
19726000 293.008
19727000 293.008
19728000 293.008
19729000 293.008
19730000 293.007
19731000 293.008
19732000 293.008
19733000 293.008
19734000 293.009
19735000 293.009
19736000 293.008
19737000 293.008
19738000 293.007
19739000 293.007
19740000 293.006
19741000 293.006
19742000 293.007
19743000 293.008
19744000 293.009
19745000 293.009
19746000 293.008
19747000 293.009
19748000 293.01
19749000 293.01
19750000 293.01
19751000 293.009
19752000 293.009
19753000 293.009
19754000 293.01
19755000 293.009
19756000 293.009
19757000 293.01
19758000 293.01
19759000 293.01
19760000 293.009
19761000 293.009
19762000 293.008
19763000 293.008
19764000 293.007
19765000 293.007
19766000 293.007
19767000 293.007
19768000 293.008
19769000 293.009
19770000 293.009
19771000 293.009
19772000 293.01
19773000 293.009
19774000 293.009
19775000 293.01
19776000 293.01
19777000 293.01
19778000 293.01
19779000 293.01
19780000 293.01
19781000 293.01
19782000 293.01
19783000 293.009
19784000 293.009
19785000 293.009
19786000 293.009
19787000 293.008
19788000 293.009
19789000 293.01
19790000 293.01
19791000 293.008
19792000 293.009
19793000 293.01
19794000 293.01
19795000 293.01
19796000 293.011
19797000 293.011
19798000 293.011
19799000 293.01
19800000 293.01
19801000 293.01
19802000 293.01
19803000 293.011
19804000 293.009
19805000 293.01
19806000 293.011
19807000 293.01
19808000 293.01
19809000 293.009
19810000 293.009
19811000 293.01
19812000 293.01
19813000 293.01
19814000 293.01
19815000 293.009
19816000 293.009
19817000 293.009
19818000 293.008
19819000 293.008
19820000 293.008
19821000 293.007
19822000 293.007
19823000 293.007
19824000 293.008
19825000 293.008
19826000 293.008
19827000 293.008
19828000 293.008
19829000 293.008
19830000 293.008
19831000 293.007
19832000 293.007
19833000 293.007
19834000 293.008
19835000 293.008
19836000 293.008
19837000 293.009
19838000 293.009
19839000 293.009
19840000 293.01
19841000 293.011
19842000 293.011
19843000 293.011
19844000 293.01
19845000 293.01
19846000 293.01
19847000 293.009
19848000 293.008
19849000 293.009
19850000 293.009
19851000 293.009
19852000 293.01
19853000 293.01
19854000 293.01
19855000 293.01
19856000 293.011
19857000 293.011
19858000 293.012
19859000 293.012
19860000 293.013
19861000 293.013
19862000 293.013
19863000 293.013
19864000 293.014
19865000 293.014
19866000 293.014
19867000 293.013
19868000 293.013
19869000 293.012
19870000 293.012
19871000 293.013
19872000 293.012
19873000 293.012
19874000 293.013
19875000 293.014
19876000 293.013
19877000 293.012
19878000 293.012
19879000 293.011
19880000 293.01
19881000 293.01
19882000 293.01
19883000 293.011
19884000 293.011
19885000 293.01
19886000 293.01
19887000 293.01
19888000 293.01
19889000 293.009
19890000 293.009
19891000 293.01
19892000 293.01
19893000 293.01
19894000 293.01
19895000 293.009
19896000 293.009
19897000 293.009
19898000 293.009
19899000 293.008
19900000 293.008
19901000 293.007
19902000 293.008
19903000 293.008
19904000 293.009
19905000 293.009
19906000 293.009
19907000 293.008
19908000 293.009
19909000 293.009
19910000 293.009
19911000 293.01
19912000 293.009
19913000 293.008
19914000 293.009
19915000 293.008
19916000 293.009
19917000 293.008
19918000 293.008
19919000 293.009
19920000 293.01
19921000 293.01
19922000 293.01
19923000 293.01
19924000 293.011
19925000 293.011
19926000 293.011
19927000 293.01
19928000 293.009
19929000 293.009
19930000 293.009
19931000 293.009
19932000 293.008
19933000 293.009
19934000 293.01
19935000 293.01
19936000 293.011
19937000 293.011
19938000 293.012
19939000 293.011
19940000 293.01
19941000 293.011
19942000 293.011
19943000 293.011
19944000 293.011
19945000 293.011
19946000 293.011
19947000 293.012
19948000 293.012
19949000 293.013
19950000 293.011
19951000 293.011
19952000 293.011
19953000 293.011
19954000 293.011
19955000 293.011
19956000 293.011
19957000 293.01
19958000 293.01
19959000 293.01
19960000 293.01
19961000 293.01
19962000 293.01
19963000 293.011
19964000 293.011
19965000 293.011
19966000 293.012
19967000 293.012
19968000 293.013
19969000 293.012
19970000 293.012
19971000 293.013
19972000 293.012
19973000 293.013
19974000 293.013
19975000 293.013
19976000 293.013
19977000 293.013
19978000 293.013
19979000 293.013
19980000 293.013
19981000 293.013
19982000 293.012
19983000 293.013
19984000 293.013
19985000 293.013
19986000 293.013
19987000 293.014
19988000 293.014
19989000 293.014
19990000 293.014
19991000 293.014
19992000 293.013
19993000 293.013
19994000 293.014
19995000 293.014
19996000 293.015
19997000 293.015
19998000 293.015
19999000 293.015
20000000 293.014
20001000 293.014
20002000 293.013
20003000 293.013
20004000 293.013
20005000 293.012
20006000 293.012
20007000 293.013
20008000 293.013
20009000 293.013
20010000 293.012
20011000 293.012
20012000 293.012
20013000 293.012
20014000 293.013
20015000 293.013
20016000 293.014
20017000 293.014
20018000 293.014
20019000 293.014
20020000 293.014
20021000 293.015
20022000 293.016
20023000 293.016
20024000 293.017
20025000 293.017
20026000 293.017
20027000 293.016
20028000 293.017
20029000 293.017
20030000 293.018
20031000 293.018
20032000 293.018
20033000 293.017
20034000 293.017
20035000 293.017
20036000 293.017
20037000 293.018
20038000 293.018
20039000 293.018
20040000 293.019
20041000 293.018
20042000 293.017
20043000 293.018
20044000 293.018
20045000 293.019
20046000 293.018
20047000 293.019
20048000 293.019
20049000 293.02
20050000 293.019
20051000 293.02
20052000 293.02
20053000 293.021
20054000 293.021
20055000 293.021
20056000 293.021
20057000 293.022
20058000 293.022
20059000 293.022
20060000 293.023
20061000 293.023
20062000 293.022
20063000 293.022
20064000 293.022
20065000 293.021
20066000 293.021
20067000 293.02
20068000 293.02
20069000 293.02
20070000 293.02
20071000 293.02
20072000 293.019
20073000 293.019
20074000 293.019
20075000 293.02
20076000 293.019
20077000 293.019
20078000 293.019
20079000 293.02
20080000 293.02
20081000 293.019
20082000 293.02
20083000 293.02
20084000 293.02
20085000 293.019
20086000 293.019
20087000 293.019
20088000 293.019
20089000 293.019
20090000 293.019
20091000 293.02
20092000 293.02
20093000 293.019
20094000 293.019
20095000 293.018
20096000 293.018
20097000 293.017
20098000 293.018
20099000 293.018
20100000 293.019
20101000 293.019
20102000 293.019
20103000 293.019
20104000 293.02
20105000 293.02
20106000 293.02
20107000 293.02
20108000 293.02
20109000 293.02
20110000 293.02
20111000 293.02
20112000 293.02
20113000 293.02
20114000 293.019
20115000 293.019
20116000 293.018
20117000 293.019
20118000 293.018
20119000 293.018
20120000 293.019
20121000 293.019
20122000 293.018
20123000 293.018
20124000 293.019
20125000 293.018
20126000 293.019
20127000 293.019
20128000 293.019
20129000 293.019
20130000 293.018
20131000 293.017
20132000 293.017
20133000 293.017
20134000 293.016
20135000 293.016
20136000 293.015
20137000 293.015
20138000 293.015
20139000 293.015
20140000 293.014
20141000 293.014
20142000 293.014
20143000 293.014
20144000 293.015
20145000 293.014
20146000 293.015
20147000 293.015
20148000 293.015
20149000 293.016
20150000 293.016
20151000 293.016
20152000 293.015
20153000 293.014
20154000 293.014
20155000 293.015
20156000 293.015
20157000 293.015
20158000 293.016
20159000 293.016
20160000 293.015
20161000 293.015
20162000 293.014
20163000 293.014
20164000 293.014
20165000 293.014
20166000 293.013
20167000 293.012
20168000 293.012
20169000 293.013
20170000 293.013
20171000 293.014
20172000 293.014
20173000 293.014
20174000 293.013
20175000 293.013
20176000 293.013
20177000 293.014
20178000 293.014
20179000 293.015
20180000 293.014
20181000 293.013
20182000 293.013
20183000 293.013
20184000 293.013
20185000 293.013
20186000 293.014
20187000 293.014
20188000 293.014
20189000 293.014
20190000 293.014
20191000 293.014
20192000 293.014
20193000 293.014
20194000 293.013
20195000 293.013
20196000 293.013
20197000 293.014
20198000 293.014
20199000 293.014
20200000 293.014
20201000 293.014
20202000 293.015
20203000 293.014
20204000 293.014
20205000 293.014
20206000 293.014
20207000 293.013
20208000 293.012
20209000 293.012
20210000 293.012
20211000 293.013
20212000 293.013
20213000 293.013
20214000 293.013
20215000 293.014
20216000 293.014
20217000 293.014
20218000 293.015
20219000 293.015
20220000 293.015
20221000 293.015
20222000 293.015
20223000 293.016
20224000 293.016
20225000 293.016
20226000 293.017
20227000 293.017
20228000 293.016
20229000 293.016
20230000 293.015
20231000 293.015
20232000 293.015
20233000 293.015
20234000 293.015
20235000 293.015
20236000 293.014
20237000 293.013
20238000 293.014
20239000 293.014
20240000 293.015
20241000 293.015
20242000 293.016
20243000 293.016
20244000 293.016
20245000 293.017
20246000 293.017
20247000 293.018
20248000 293.018
20249000 293.018
20250000 293.017
20251000 293.017
20252000 293.017
20253000 293.017
20254000 293.017
20255000 293.017
20256000 293.017
20257000 293.017
20258000 293.016
20259000 293.016
20260000 293.015
20261000 293.015
20262000 293.016
20263000 293.016
20264000 293.016
20265000 293.016
20266000 293.016
20267000 293.016
20268000 293.016
20269000 293.016
20270000 293.016
20271000 293.017
20272000 293.016
20273000 293.016
20274000 293.015
20275000 293.015
20276000 293.015
20277000 293.016
20278000 293.016
20279000 293.016
20280000 293.016
20281000 293.016
20282000 293.016
20283000 293.017
20284000 293.017
20285000 293.017
20286000 293.018
20287000 293.017
20288000 293.017
20289000 293.018
20290000 293.017
20291000 293.017
20292000 293.017
20293000 293.017
20294000 293.017
20295000 293.017
20296000 293.017
20297000 293.018
20298000 293.018
20299000 293.019
20300000 293.019
20301000 293.018
20302000 293.018
20303000 293.019
20304000 293.018
20305000 293.018
20306000 293.019
20307000 293.019
20308000 293.018
20309000 293.017
20310000 293.017
20311000 293.017
20312000 293.017
20313000 293.016
20314000 293.016
20315000 293.017
20316000 293.017
20317000 293.017
20318000 293.017
20319000 293.017
20320000 293.016
20321000 293.016
20322000 293.016
20323000 293.016
20324000 293.015
20325000 293.015
20326000 293.015
20327000 293.015
20328000 293.015
20329000 293.015
20330000 293.014
20331000 293.015
20332000 293.014
20333000 293.015
20334000 293.014
20335000 293.015
20336000 293.015
20337000 293.014
20338000 293.013
20339000 293.013
20340000 293.012
20341000 293.012
20342000 293.012
20343000 293.013
20344000 293.012
20345000 293.012
20346000 293.011
20347000 293.012
20348000 293.011
20349000 293.011
20350000 293.01
20351000 293.009
20352000 293.009
20353000 293.009
20354000 293.009
20355000 293.009
20356000 293.009
20357000 293.009
20358000 293.009
20359000 293.01
20360000 293.01
20361000 293.01
20362000 293.009
20363000 293.009
20364000 293.008
20365000 293.007
20366000 293.007
20367000 293.007
20368000 293.007
20369000 293.007
20370000 293.007
20371000 293.007
20372000 293.007
20373000 293.007
20374000 293.007
20375000 293.007
20376000 293.006
20377000 293.007
20378000 293.007
20379000 293.008
20380000 293.008
20381000 293.008
20382000 293.007
20383000 293.007
20384000 293.007
20385000 293.007
20386000 293.006
20387000 293.006
20388000 293.006
20389000 293.006
20390000 293.006
20391000 293.006
20392000 293.005
20393000 293.004
20394000 293.004
20395000 293.003
20396000 293.003
20397000 293.004
20398000 293.003
20399000 293.004
20400000 293.004
20401000 293.004
20402000 293.004
20403000 293.004
20404000 293.003
20405000 293.003
20406000 293.003
20407000 293.003
20408000 293.003
20409000 293.003
20410000 293.003
20411000 293.003
20412000 293.002
20413000 293.002
20414000 293.002
20415000 293.002
20416000 293.002
20417000 293.002
20418000 293.002
20419000 293.002
20420000 293.002
20421000 293.003
20422000 293.003
20423000 293.003
20424000 293.003
20425000 293.004
20426000 293.004
20427000 293.004
20428000 293.003
20429000 293.003
20430000 293.004
20431000 293.004
20432000 293.005
20433000 293.004
20434000 293.005
20435000 293.005
20436000 293.005
20437000 293.005
20438000 293.005
20439000 293.005
20440000 293.004
20441000 293.004
20442000 293.004
20443000 293.004
20444000 293.004
20445000 293.004
20446000 293.004
20447000 293.004
20448000 293.004
20449000 293.003
20450000 293.004
20451000 293.004
20452000 293.003
20453000 293.002
20454000 293.002
20455000 293.002
20456000 293.002
20457000 293.002
20458000 293.002
20459000 293.003
20460000 293.003
20461000 293.003
20462000 293.003
20463000 293.002
20464000 293.002
20465000 293.003
20466000 293.002
20467000 293.002
20468000 293.002
20469000 293.003
20470000 293.003
20471000 293.003
20472000 293.003
20473000 293.003
20474000 293.003
20475000 293.002
20476000 293.001
20477000 293.002
20478000 293.001
20479000 293.001
20480000 293.001
20481000 293.001
20482000 293.001
20483000 293.001
20484000 293.002
20485000 293.002
20486000 293.001
20487000 293.001
20488000 293.001
20489000 293.001
20490000 293.001
20491000 293.001
20492000 293.001
20493000 293.002
20494000 293.001
20495000 293.001
20496000 293
20497000 293.001
20498000 293.001
20499000 293.001
20500000 293
20501000 293
20502000 293
20503000 292.999
20504000 292.999
20505000 293
20506000 293
20507000 293
20508000 293
20509000 293
20510000 293
20511000 293
20512000 293
20513000 293
20514000 293
20515000 293
20516000 292.999
20517000 292.999
20518000 292.999
20519000 292.999
20520000 292.999
20521000 292.999
20522000 292.999
20523000 292.999
20524000 292.999
20525000 292.999
20526000 292.998
20527000 292.998
20528000 292.998
20529000 292.998
20530000 292.998
20531000 292.997
20532000 292.997
20533000 292.997
20534000 292.997
20535000 292.997
20536000 292.996
20537000 292.996
20538000 292.996
20539000 292.996
20540000 292.996
20541000 292.996
20542000 292.997
20543000 292.997
20544000 292.997
20545000 292.997
20546000 292.997
20547000 292.997
20548000 292.996
20549000 292.997
20550000 292.996
20551000 292.996
20552000 292.997
20553000 292.997
20554000 292.998
20555000 292.997
20556000 292.997
20557000 292.997
20558000 292.997
20559000 292.998
20560000 292.998
20561000 292.998
20562000 292.998
20563000 292.999
20564000 292.999
20565000 292.999
20566000 292.999
20567000 293
20568000 293
20569000 293
20570000 293.001
20571000 293.001
20572000 293
20573000 293
20574000 293.001
20575000 293.001
20576000 293.002
20577000 293.002
20578000 293.001
20579000 293.001
20580000 293.001
20581000 293.001
20582000 293.001
20583000 293.002
20584000 293.002
20585000 293.003
20586000 293.002
20587000 293.002
20588000 293.001
20589000 293.001
20590000 293.001
20591000 293.001
20592000 293.001
20593000 293.002
20594000 293.002
20595000 293.002
20596000 293.001
20597000 293.002
20598000 293.002
20599000 293.002
20600000 293.001
20601000 293.001
20602000 293.001
20603000 293.001
20604000 293.001
20605000 293.001
20606000 293.002
20607000 293.001
20608000 293.001
20609000 293.001
20610000 293.002
20611000 293.002
20612000 293.002
20613000 293.003
20614000 293.002
20615000 293.002
20616000 293.001
20617000 293.002
20618000 293.002
20619000 293.002
20620000 293.002
20621000 293.002
20622000 293.002
20623000 293.002
20624000 293.003
20625000 293.002
20626000 293.002
20627000 293.003
20628000 293.002
20629000 293.002
20630000 293.001
20631000 293.001
20632000 293.001
20633000 293.001
20634000 293
20635000 293
20636000 293
20637000 293
20638000 293
20639000 293
20640000 292.999
20641000 293
20642000 293
20643000 293
20644000 293
20645000 293
20646000 293
20647000 293
20648000 293
20649000 293
20650000 293
20651000 293.001
20652000 293.001
20653000 293
20654000 293
20655000 293
20656000 293
20657000 293
20658000 293
20659000 293
20660000 292.999
20661000 292.999
20662000 292.998
20663000 292.998
20664000 292.998
20665000 292.998
20666000 292.998
20667000 292.998
20668000 292.997
20669000 292.997
20670000 292.997
20671000 292.996
20672000 292.996
20673000 292.995
20674000 292.995
20675000 292.995
20676000 292.995
20677000 292.995
20678000 292.995
20679000 292.994
20680000 292.994
20681000 292.995
20682000 292.995
20683000 292.996
20684000 292.996
20685000 292.996
20686000 292.996
20687000 292.997
20688000 292.996
20689000 292.996
20690000 292.997
20691000 292.996
20692000 292.997
20693000 292.997
20694000 292.996
20695000 292.997
20696000 292.997
20697000 292.997
20698000 292.997
20699000 292.996
20700000 292.996
20701000 292.996
20702000 292.996
20703000 292.996
20704000 292.996
20705000 292.996
20706000 292.996
20707000 292.996
20708000 292.996
20709000 292.996
20710000 292.995
20711000 292.995
20712000 292.995
20713000 292.995
20714000 292.994
20715000 292.994
20716000 292.994
20717000 292.994
20718000 292.994
20719000 292.994
20720000 292.993
20721000 292.994
20722000 292.994
20723000 292.995
20724000 292.994
20725000 292.994
20726000 292.994
20727000 292.993
20728000 292.993
20729000 292.993
20730000 292.993
20731000 292.994
20732000 292.994
20733000 292.994
20734000 292.993
20735000 292.993
20736000 292.993
20737000 292.994
20738000 292.994
20739000 292.994
20740000 292.995
20741000 292.995
20742000 292.995
20743000 292.995
20744000 292.995
20745000 292.996
20746000 292.995
20747000 292.996
20748000 292.995
20749000 292.995
20750000 292.995
20751000 292.995
20752000 292.995
20753000 292.995
20754000 292.995
20755000 292.995
20756000 292.995
20757000 292.994
20758000 292.995
20759000 292.995
20760000 292.995
20761000 292.994
20762000 292.995
20763000 292.995
20764000 292.995
20765000 292.994
20766000 292.994
20767000 292.995
20768000 292.995
20769000 292.995
20770000 292.995
20771000 292.995
20772000 292.995
20773000 292.996
20774000 292.996
20775000 292.995
20776000 292.995
20777000 292.996
20778000 292.996
20779000 292.995
20780000 292.996
20781000 292.996
20782000 292.995
20783000 292.995
20784000 292.995
20785000 292.995
20786000 292.995
20787000 292.995
20788000 292.995
20789000 292.994
20790000 292.994
20791000 292.994
20792000 292.994
20793000 292.994
20794000 292.993
20795000 292.993
20796000 292.993
20797000 292.993
20798000 292.993
20799000 292.993
20800000 292.993
20801000 292.993
20802000 292.993
20803000 292.993
20804000 292.993
20805000 292.993
20806000 292.993
20807000 292.993
20808000 292.993
20809000 292.994
20810000 292.993
20811000 292.992
20812000 292.992
20813000 292.993
20814000 292.993
20815000 292.992
20816000 292.992
20817000 292.992
20818000 292.992
20819000 292.992
20820000 292.992
20821000 292.991
20822000 292.991
20823000 292.991
20824000 292.991
20825000 292.991
20826000 292.991
20827000 292.991
20828000 292.991
20829000 292.992
20830000 292.992
20831000 292.992
20832000 292.993
20833000 292.993
20834000 292.993
20835000 292.992
20836000 292.993
20837000 292.993
20838000 292.993
20839000 292.993
20840000 292.993
20841000 292.993
20842000 292.993
20843000 292.993
20844000 292.993
20845000 292.993
20846000 292.993
20847000 292.993
20848000 292.993
20849000 292.992
20850000 292.992
20851000 292.992
20852000 292.991
20853000 292.991
20854000 292.991
20855000 292.99
20856000 292.99
20857000 292.991
20858000 292.991
20859000 292.991
20860000 292.991
20861000 292.991
20862000 292.991
20863000 292.991
20864000 292.99
20865000 292.991
20866000 292.991
20867000 292.99
20868000 292.99
20869000 292.991
20870000 292.991
20871000 292.99
20872000 292.99
20873000 292.99
20874000 292.991
20875000 292.991
20876000 292.99
20877000 292.99
20878000 292.989
20879000 292.989
20880000 292.989
20881000 292.989
20882000 292.99
20883000 292.99
20884000 292.99
20885000 292.989
20886000 292.989
20887000 292.989
20888000 292.989
20889000 292.99
20890000 292.989
20891000 292.99
20892000 292.989
20893000 292.989
20894000 292.989
20895000 292.989
20896000 292.989
20897000 292.989
20898000 292.989
20899000 292.988
20900000 292.988
20901000 292.988
20902000 292.988
20903000 292.988
20904000 292.987
20905000 292.987
20906000 292.987
20907000 292.987
20908000 292.987
20909000 292.988
20910000 292.988
20911000 292.989
20912000 292.989
20913000 292.989
20914000 292.989
20915000 292.989
20916000 292.989
20917000 292.989
20918000 292.989
20919000 292.989
20920000 292.989
20921000 292.989
20922000 292.989
20923000 292.989
20924000 292.99
20925000 292.99
20926000 292.99
20927000 292.99
20928000 292.991
20929000 292.991
20930000 292.991
20931000 292.991
20932000 292.99
20933000 292.99
20934000 292.99
20935000 292.99
20936000 292.991
20937000 292.991
20938000 292.99
20939000 292.99
20940000 292.99
20941000 292.99
20942000 292.99
20943000 292.99
20944000 292.989
20945000 292.989
20946000 292.989
20947000 292.989
20948000 292.989
20949000 292.99
20950000 292.99
20951000 292.99
20952000 292.99
20953000 292.991
20954000 292.99
20955000 292.99
20956000 292.989
20957000 292.989
20958000 292.989
20959000 292.988
20960000 292.988
20961000 292.988
20962000 292.989
20963000 292.989
20964000 292.989
20965000 292.989
20966000 292.989
20967000 292.989
20968000 292.989
20969000 292.989
20970000 292.989
20971000 292.989
20972000 292.989
20973000 292.989
20974000 292.989
20975000 292.989
20976000 292.989
20977000 292.99
20978000 292.99
20979000 292.99
20980000 292.99
20981000 292.99
20982000 292.99
20983000 292.99
20984000 292.99
20985000 292.99
20986000 292.99
20987000 292.99
20988000 292.99
20989000 292.99
20990000 292.99
20991000 292.99
20992000 292.99
20993000 292.991
20994000 292.99
20995000 292.99
20996000 292.99
20997000 292.991
20998000 292.991
20999000 292.991
21000000 292.992
21001000 292.991
21002000 292.991
21003000 292.99
21004000 292.991
21005000 292.99
21006000 292.99
21007000 292.99
21008000 292.99
21009000 292.99
21010000 292.99
21011000 292.989
21012000 292.99
21013000 292.99
21014000 292.991
21015000 292.991
21016000 292.991
21017000 292.991
21018000 292.991
21019000 292.991
21020000 292.991
21021000 292.991
21022000 292.991
21023000 292.991
21024000 292.992
21025000 292.992
21026000 292.992
21027000 292.991
21028000 292.991
21029000 292.991
21030000 292.991
21031000 292.991
21032000 292.991
21033000 292.991
21034000 292.991
21035000 292.991
21036000 292.991
21037000 292.991
21038000 292.991
21039000 292.991
21040000 292.991
21041000 292.992
21042000 292.992
21043000 292.992
21044000 292.992
21045000 292.992
21046000 292.992
21047000 292.992
21048000 292.992
21049000 292.992
21050000 292.992
21051000 292.992
21052000 292.992
21053000 292.992
21054000 292.992
21055000 292.992
21056000 292.992
21057000 292.992
21058000 292.992
21059000 292.992
21060000 292.992
21061000 292.992
21062000 292.992
21063000 292.993
21064000 292.992
21065000 292.992
21066000 292.991
21067000 292.992
21068000 292.992
21069000 292.991
21070000 292.992
21071000 292.992
21072000 292.992
21073000 292.992
21074000 292.991
21075000 292.991
21076000 292.991
21077000 292.99
21078000 292.99
21079000 292.991
21080000 292.991
21081000 292.991
21082000 292.991
21083000 292.992
21084000 292.992
21085000 292.992
21086000 292.992
21087000 292.993
21088000 292.993
21089000 292.993
21090000 292.994
21091000 292.994
21092000 292.994
21093000 292.994
21094000 292.994
21095000 292.995
21096000 292.995
21097000 292.994
21098000 292.995
21099000 292.994
21100000 292.995
21101000 292.995
21102000 292.995
21103000 292.995
21104000 292.995
21105000 292.995
21106000 292.996
21107000 292.996
21108000 292.996
21109000 292.996
21110000 292.996
21111000 292.995
21112000 292.996
21113000 292.996
21114000 292.996
21115000 292.996
21116000 292.996
21117000 292.996
21118000 292.995
21119000 292.995
21120000 292.994
21121000 292.995
21122000 292.995
21123000 292.995
21124000 292.996
21125000 292.996
21126000 292.996
21127000 292.996
21128000 292.996
21129000 292.996
21130000 292.996
21131000 292.996
21132000 292.996
21133000 292.996
21134000 292.995
21135000 292.995
21136000 292.995
21137000 292.995
21138000 292.995
21139000 292.995
21140000 292.995
21141000 292.995
21142000 292.996
21143000 292.995
21144000 292.995
21145000 292.995
21146000 292.995
21147000 292.994
21148000 292.994
21149000 292.994
21150000 292.995
21151000 292.994
21152000 292.994
21153000 292.994
21154000 292.994
21155000 292.993
21156000 292.994
21157000 292.994
21158000 292.993
21159000 292.994
21160000 292.994
21161000 292.994
21162000 292.993
21163000 292.994
21164000 292.994
21165000 292.994
21166000 292.993
21167000 292.994
21168000 292.994
21169000 292.994
21170000 292.994
21171000 292.995
21172000 292.995
21173000 292.994
21174000 292.994
21175000 292.994
21176000 292.994
21177000 292.995
21178000 292.995
21179000 292.995
21180000 292.994
21181000 292.995
21182000 292.995
21183000 292.995
21184000 292.994
21185000 292.994
21186000 292.994
21187000 292.994
21188000 292.993
21189000 292.993
21190000 292.993
21191000 292.993
21192000 292.993
21193000 292.992
21194000 292.992
21195000 292.993
21196000 292.993
21197000 292.992
21198000 292.992
21199000 292.992
21200000 292.992
21201000 292.992
21202000 292.992
21203000 292.992
21204000 292.992
21205000 292.992
21206000 292.992
21207000 292.992
21208000 292.992
21209000 292.992
21210000 292.992
21211000 292.992
21212000 292.992
21213000 292.992
21214000 292.991
21215000 292.991
21216000 292.991
21217000 292.991
21218000 292.99
21219000 292.991
21220000 292.991
21221000 292.991
21222000 292.991
21223000 292.991
21224000 292.991
21225000 292.991
21226000 292.991
21227000 292.991
21228000 292.991
21229000 292.991
21230000 292.991
21231000 292.991
21232000 292.991
21233000 292.991
21234000 292.991
21235000 292.991
21236000 292.992
21237000 292.992
21238000 292.992
21239000 292.992
21240000 292.993
21241000 292.993
21242000 292.993
21243000 292.993
21244000 292.994
21245000 292.994
21246000 292.994
21247000 292.994
21248000 292.994
21249000 292.994
21250000 292.995
21251000 292.995
21252000 292.994
21253000 292.994
21254000 292.994
21255000 292.994
21256000 292.995
21257000 292.994
21258000 292.994
21259000 292.994
21260000 292.994
21261000 292.995
21262000 292.994
21263000 292.994
21264000 292.994
21265000 292.994
21266000 292.994
21267000 292.994
21268000 292.994
21269000 292.995
21270000 292.995
21271000 292.995
21272000 292.995
21273000 292.995
21274000 292.995
21275000 292.994
21276000 292.994
21277000 292.994
21278000 292.994
21279000 292.994
21280000 292.994
21281000 292.994
21282000 292.993
21283000 292.993
21284000 292.993
21285000 292.992
21286000 292.993
21287000 292.992
21288000 292.993
21289000 292.993
21290000 292.992
21291000 292.993
21292000 292.992
21293000 292.992
21294000 292.992
21295000 292.992
21296000 292.992
21297000 292.992
21298000 292.992
21299000 292.992
21300000 292.992
21301000 292.991
21302000 292.991
21303000 292.992
21304000 292.992
21305000 292.992
21306000 292.992
21307000 292.992
21308000 292.991
21309000 292.991
21310000 292.991
21311000 292.991
21312000 292.992
21313000 292.992
21314000 292.992
21315000 292.992
21316000 292.991
21317000 292.992
21318000 292.992
21319000 292.992
21320000 292.992
21321000 292.992
21322000 292.991
21323000 292.991
21324000 292.991
21325000 292.991
21326000 292.99
21327000 292.99
21328000 292.99
21329000 292.99
21330000 292.989
21331000 292.989
21332000 292.99
21333000 292.989
21334000 292.99
21335000 292.99
21336000 292.99
21337000 292.99
21338000 292.989
21339000 292.99
21340000 292.989
21341000 292.989
21342000 292.989
21343000 292.989
21344000 292.989
21345000 292.989
21346000 292.989
21347000 292.989
21348000 292.989
21349000 292.989
21350000 292.99
21351000 292.99
21352000 292.99
21353000 292.99
21354000 292.99
21355000 292.99
21356000 292.99
21357000 292.99
21358000 292.99
21359000 292.99
21360000 292.99
21361000 292.99
21362000 292.99
21363000 292.99
21364000 292.989
21365000 292.99
21366000 292.99
21367000 292.99
21368000 292.99
21369000 292.99
21370000 292.99
21371000 292.99
21372000 292.99
21373000 292.99
21374000 292.99
21375000 292.99
21376000 292.989
21377000 292.99
21378000 292.989
21379000 292.989
21380000 292.989
21381000 292.989
21382000 292.989
21383000 292.989
21384000 292.989
21385000 292.989
21386000 292.989
21387000 292.989
21388000 292.989
21389000 292.989
21390000 292.988
21391000 292.988
21392000 292.988
21393000 292.988
21394000 292.988
21395000 292.989
21396000 292.989
21397000 292.989
21398000 292.989
21399000 292.989
21400000 292.989
21401000 292.989
21402000 292.989
21403000 292.989
21404000 292.989
21405000 292.989
21406000 292.99
21407000 292.99
21408000 292.99
21409000 292.991
21410000 292.99
21411000 292.991
21412000 292.991
21413000 292.991
21414000 292.991
21415000 292.991
21416000 292.991
21417000 292.991
21418000 292.99
21419000 292.991
21420000 292.99
21421000 292.99
21422000 292.991
21423000 292.991
21424000 292.99
21425000 292.99
21426000 292.99
21427000 292.991
21428000 292.99
21429000 292.99
21430000 292.99
21431000 292.991
21432000 292.99
21433000 292.991
21434000 292.991
21435000 292.992
21436000 292.991
21437000 292.991
21438000 292.991
21439000 292.991
21440000 292.992
21441000 292.992
21442000 292.992
21443000 292.992
21444000 292.992
21445000 292.992
21446000 292.992
21447000 292.992
21448000 292.992
21449000 292.992
21450000 292.992
21451000 292.991
21452000 292.991
21453000 292.991
21454000 292.991
21455000 292.991
21456000 292.991
21457000 292.99
21458000 292.991
21459000 292.991
21460000 292.991
21461000 292.991
21462000 292.992
21463000 292.992
21464000 292.992
21465000 292.992
21466000 292.992
21467000 292.992
21468000 292.992
21469000 292.992
21470000 292.992
21471000 292.992
21472000 292.992
21473000 292.993
21474000 292.993
21475000 292.993
21476000 292.993
21477000 292.992
21478000 292.992
21479000 292.992
21480000 292.993
21481000 292.993
21482000 292.993
21483000 292.992
21484000 292.992
21485000 292.992
21486000 292.992
21487000 292.992
21488000 292.992
21489000 292.992
21490000 292.992
21491000 292.992
21492000 292.992
21493000 292.992
21494000 292.992
21495000 292.992
21496000 292.993
21497000 292.993
21498000 292.993
21499000 292.993
21500000 292.994
21501000 292.993
21502000 292.993
21503000 292.993
21504000 292.993
21505000 292.993
21506000 292.993
21507000 292.993
21508000 292.993
21509000 292.993
21510000 292.993
21511000 292.993
21512000 292.993
21513000 292.993
21514000 292.992
21515000 292.992
21516000 292.992
21517000 292.992
21518000 292.992
21519000 292.992
21520000 292.992
21521000 292.992
21522000 292.992
21523000 292.993
21524000 292.992
21525000 292.993
21526000 292.992
21527000 292.993
21528000 292.993
21529000 292.993
21530000 292.992
21531000 292.993
21532000 292.993
21533000 292.992
21534000 292.993
21535000 292.993
21536000 292.992
21537000 292.992
21538000 292.992
21539000 292.993
21540000 292.993
21541000 292.992
21542000 292.992
21543000 292.992
21544000 292.993
21545000 292.993
21546000 292.993
21547000 292.992
21548000 292.993
21549000 292.992
21550000 292.992
21551000 292.992
21552000 292.992
21553000 292.992
21554000 292.992
21555000 292.992
21556000 292.992
21557000 292.992
21558000 292.992
21559000 292.992
21560000 292.992
21561000 292.992
21562000 292.992
21563000 292.992
21564000 292.992
21565000 292.992
21566000 292.992
21567000 292.992
21568000 292.992
21569000 292.992
21570000 292.992
21571000 292.991
21572000 292.991
21573000 292.991
21574000 292.991
21575000 292.991
21576000 292.991
21577000 292.991
21578000 292.991
21579000 292.991
21580000 292.991
21581000 292.991
21582000 292.99
21583000 292.99
21584000 292.99
21585000 292.99
21586000 292.991
21587000 292.99
21588000 292.99
21589000 292.99
21590000 292.99
21591000 292.989
21592000 292.989
21593000 292.989
21594000 292.989
21595000 292.989
21596000 292.989
21597000 292.989
21598000 292.989
21599000 292.989
21600000 292.989
21601000 292.99
21602000 292.99
21603000 292.99
21604000 292.989
21605000 292.989
21606000 292.989
21607000 292.989
21608000 292.989
21609000 292.989
21610000 292.989
21611000 292.989
21612000 292.989
21613000 292.989
21614000 292.989
21615000 292.989
21616000 292.988
21617000 292.988
21618000 292.989
21619000 292.989
21620000 292.989
21621000 292.989
21622000 292.989
21623000 292.99
21624000 292.99
21625000 292.991
21626000 292.991
21627000 292.991
21628000 292.99
21629000 292.99
21630000 292.991
21631000 292.991
21632000 292.991
21633000 292.991
21634000 292.99
21635000 292.99
21636000 292.99
21637000 292.99
21638000 292.99
21639000 292.99
21640000 292.99
21641000 292.99
21642000 292.99
21643000 292.99
21644000 292.99
21645000 292.99
21646000 292.99
21647000 292.991
21648000 292.991
21649000 292.991
21650000 292.991
21651000 292.991
21652000 292.991
21653000 292.991
21654000 292.991
21655000 292.991
21656000 292.991
21657000 292.991
21658000 292.991
21659000 292.991
21660000 292.991
21661000 292.99
21662000 292.99
21663000 292.991
21664000 292.991
21665000 292.991
21666000 292.991
21667000 292.991
21668000 292.991
21669000 292.991
21670000 292.991
21671000 292.991
21672000 292.991
21673000 292.991
21674000 292.991
21675000 292.991
21676000 292.991
21677000 292.991
21678000 292.992
21679000 292.992
21680000 292.992
21681000 292.992
21682000 292.992
21683000 292.992
21684000 292.991
21685000 292.991
21686000 292.992
21687000 292.992
21688000 292.992
21689000 292.992
21690000 292.992
21691000 292.992
21692000 292.993
21693000 292.993
21694000 292.994
21695000 292.993
21696000 292.993
21697000 292.994
21698000 292.994
21699000 292.994
21700000 292.994
21701000 292.994
21702000 292.994
21703000 292.995
21704000 292.994
21705000 292.994
21706000 292.995
21707000 292.995
21708000 292.995
21709000 292.995
21710000 292.995
21711000 292.995
21712000 292.996
21713000 292.996
21714000 292.995
21715000 292.996
21716000 292.996
21717000 292.996
21718000 292.996
21719000 292.995
21720000 292.995
21721000 292.995
21722000 292.995
21723000 292.995
21724000 292.996
21725000 292.995
21726000 292.995
21727000 292.995
21728000 292.995
21729000 292.995
21730000 292.995
21731000 292.995
21732000 292.995
21733000 292.995
21734000 292.996
21735000 292.996
21736000 292.996
21737000 292.996
21738000 292.996
21739000 292.996
21740000 292.996
21741000 292.996
21742000 292.996
21743000 292.995
21744000 292.995
21745000 292.996
21746000 292.996
21747000 292.996
21748000 292.995
21749000 292.995
21750000 292.995
21751000 292.995
21752000 292.996
21753000 292.995
21754000 292.995
21755000 292.995
21756000 292.995
21757000 292.994
21758000 292.994
21759000 292.993
21760000 292.993
21761000 292.993
21762000 292.993
21763000 292.993
21764000 292.992
21765000 292.992
21766000 292.992
21767000 292.992
21768000 292.992
21769000 292.992
21770000 292.992
21771000 292.993
21772000 292.993
21773000 292.993
21774000 292.992
21775000 292.992
21776000 292.992
21777000 292.992
21778000 292.992
21779000 292.992
21780000 292.992
21781000 292.992
21782000 292.992
21783000 292.991
21784000 292.992
21785000 292.992
21786000 292.992
21787000 292.992
21788000 292.992
21789000 292.992
21790000 292.992
21791000 292.993
21792000 292.993
21793000 292.993
21794000 292.993
21795000 292.992
21796000 292.993
21797000 292.993
21798000 292.993
21799000 292.993
21800000 292.992
21801000 292.992
21802000 292.992
21803000 292.992
21804000 292.993
21805000 292.993
21806000 292.992
21807000 292.993
21808000 292.992
21809000 292.992
21810000 292.992
21811000 292.992
21812000 292.992
21813000 292.992
21814000 292.991
21815000 292.991
21816000 292.992
21817000 292.992
21818000 292.992
21819000 292.992
21820000 292.993
21821000 292.992
21822000 292.992
21823000 292.992
21824000 292.992
21825000 292.992
21826000 292.992
21827000 292.992
21828000 292.992
21829000 292.993
21830000 292.993
21831000 292.993
21832000 292.993
21833000 292.993
21834000 292.993
21835000 292.993
21836000 292.993
21837000 292.993
21838000 292.994
21839000 292.993
21840000 292.993
21841000 292.993
21842000 292.993
21843000 292.993
21844000 292.993
21845000 292.993
21846000 292.993
21847000 292.993
21848000 292.993
21849000 292.993
21850000 292.993
21851000 292.993
21852000 292.993
21853000 292.993
21854000 292.992
21855000 292.992
21856000 292.992
21857000 292.992
21858000 292.992
21859000 292.992
21860000 292.992
21861000 292.992
21862000 292.992
21863000 292.991
21864000 292.991
21865000 292.991
21866000 292.991
21867000 292.991
21868000 292.991
21869000 292.992
21870000 292.992
21871000 292.992
21872000 292.992
21873000 292.992
21874000 292.992
21875000 292.992
21876000 292.992
21877000 292.992
21878000 292.992
21879000 292.992
21880000 292.992
21881000 292.991
21882000 292.991
21883000 292.991
21884000 292.991
21885000 292.991
21886000 292.991
21887000 292.991
21888000 292.991
21889000 292.991
21890000 292.991
21891000 292.991
21892000 292.991
21893000 292.991
21894000 292.991
21895000 292.991
21896000 292.991
21897000 292.991
21898000 292.991
21899000 292.991
21900000 292.991
21901000 292.992
21902000 292.992
21903000 292.992
21904000 292.992
21905000 292.992
21906000 292.992
21907000 292.993
21908000 292.993
21909000 292.992
21910000 292.992
21911000 292.992
21912000 292.992
21913000 292.992
21914000 292.991
21915000 292.991
21916000 292.991
21917000 292.991
21918000 292.991
21919000 292.991
21920000 292.991
21921000 292.99
21922000 292.99
21923000 292.99
21924000 292.99
21925000 292.99
21926000 292.99
21927000 292.99
21928000 292.99
21929000 292.99
21930000 292.99
21931000 292.99
21932000 292.99
21933000 292.99
21934000 292.99
21935000 292.99
21936000 292.99
21937000 292.99
21938000 292.99
21939000 292.99
21940000 292.99
21941000 292.99
21942000 292.99
21943000 292.99
21944000 292.99
21945000 292.99
21946000 292.99
21947000 292.99
21948000 292.99
21949000 292.99
21950000 292.99
21951000 292.99
21952000 292.989
21953000 292.989
21954000 292.99
21955000 292.989
21956000 292.989
21957000 292.989
21958000 292.989
21959000 292.989
21960000 292.989
21961000 292.989
21962000 292.989
21963000 292.99
21964000 292.99
21965000 292.989
21966000 292.989
21967000 292.989
21968000 292.989
21969000 292.989
21970000 292.989
21971000 292.989
21972000 292.989
21973000 292.988
21974000 292.989
21975000 292.989
21976000 292.989
21977000 292.989
21978000 292.989
21979000 292.988
21980000 292.988
21981000 292.988
21982000 292.988
21983000 292.988
21984000 292.988
21985000 292.988
21986000 292.988
21987000 292.989
21988000 292.988
21989000 292.988
21990000 292.989
21991000 292.989
21992000 292.988
21993000 292.989
21994000 292.989
21995000 292.989
21996000 292.989
21997000 292.989
21998000 292.989
21999000 292.989
22000000 292.989
22001000 292.989
22002000 292.989
22003000 292.989
22004000 292.99
22005000 292.99
22006000 292.99
22007000 292.99
22008000 292.991
22009000 292.991
22010000 292.99
22011000 292.99
22012000 292.99
22013000 292.99
22014000 292.99
22015000 292.991
22016000 292.99
22017000 292.99
22018000 292.99
22019000 292.99
22020000 292.991
22021000 292.991
22022000 292.991
22023000 292.991
22024000 292.991
22025000 292.991
22026000 292.99
22027000 292.99
22028000 292.991
22029000 292.991
22030000 292.991
22031000 292.991
22032000 292.991
22033000 292.991
22034000 292.991
22035000 292.991
22036000 292.991
22037000 292.991
22038000 292.991
22039000 292.991
22040000 292.991
22041000 292.991
22042000 292.991
22043000 292.99
22044000 292.99
22045000 292.99
22046000 292.99
22047000 292.99
22048000 292.99
22049000 292.99
22050000 292.989
22051000 292.989
22052000 292.989
22053000 292.989
22054000 292.989
22055000 292.989
22056000 292.989
22057000 292.989
22058000 292.989
22059000 292.989
22060000 292.989
22061000 292.989
22062000 292.99
22063000 292.99
22064000 292.99
22065000 292.99
22066000 292.99
22067000 292.989
22068000 292.989
22069000 292.989
22070000 292.989
22071000 292.99
22072000 292.99
22073000 292.99
22074000 292.99
22075000 292.99
22076000 292.991
22077000 292.991
22078000 292.991
22079000 292.991
22080000 292.991
22081000 292.991
22082000 292.991
22083000 292.991
22084000 292.99
22085000 292.99
22086000 292.99
22087000 292.991
22088000 292.991
22089000 292.99
22090000 292.99
22091000 292.99
22092000 292.99
22093000 292.99
22094000 292.99
22095000 292.99
22096000 292.991
22097000 292.991
22098000 292.99
22099000 292.991
22100000 292.991
22101000 292.991
22102000 292.992
22103000 292.991
22104000 292.991
22105000 292.991
22106000 292.991
22107000 292.991
22108000 292.991
22109000 292.991
22110000 292.991
22111000 292.991
22112000 292.991
22113000 292.991
22114000 292.991
22115000 292.991
22116000 292.991
22117000 292.991
22118000 292.991
22119000 292.991
22120000 292.991
22121000 292.991
22122000 292.991
22123000 292.991
22124000 292.991
22125000 292.991
22126000 292.992
22127000 292.992
22128000 292.992
22129000 292.992
22130000 292.992
22131000 292.992
22132000 292.992
22133000 292.992
22134000 292.992
22135000 292.992
22136000 292.992
22137000 292.992
22138000 292.992
22139000 292.992
22140000 292.992
22141000 292.992
22142000 292.992
22143000 292.992
22144000 292.992
22145000 292.992
22146000 292.992
22147000 292.992
22148000 292.992
22149000 292.992
22150000 292.992
22151000 292.992
22152000 292.992
22153000 292.992
22154000 292.992
22155000 292.992
22156000 292.992
22157000 292.992
22158000 292.992
22159000 292.992
22160000 292.992
22161000 292.992
22162000 292.993
22163000 292.992
22164000 292.992
22165000 292.992
22166000 292.992
22167000 292.992
22168000 292.991
22169000 292.992
22170000 292.992
22171000 292.992
22172000 292.992
22173000 292.992
22174000 292.992
22175000 292.992
22176000 292.992
22177000 292.992
22178000 292.992
22179000 292.992
22180000 292.992
22181000 292.992
22182000 292.992
22183000 292.992
22184000 292.992
22185000 292.992
22186000 292.992
22187000 292.992
22188000 292.992
22189000 292.993
22190000 292.993
22191000 292.992
22192000 292.992
22193000 292.992
22194000 292.992
22195000 292.992
22196000 292.992
22197000 292.992
22198000 292.992
22199000 292.992
22200000 292.992
22201000 292.992
22202000 292.991
22203000 292.991
22204000 292.991
22205000 292.992
22206000 292.992
22207000 292.991
22208000 292.991
22209000 292.991
22210000 292.991
22211000 292.991
22212000 292.99
22213000 292.99
22214000 292.99
22215000 292.991
22216000 292.991
22217000 292.99
22218000 292.99
22219000 292.99
22220000 292.991
22221000 292.991
22222000 292.99
22223000 292.991
22224000 292.99
22225000 292.99
22226000 292.99
22227000 292.99
22228000 292.99
22229000 292.99
22230000 292.99
22231000 292.99
22232000 292.99
22233000 292.99
22234000 292.99
22235000 292.99
22236000 292.99
22237000 292.99
22238000 292.99
22239000 292.989
22240000 292.989
22241000 292.989
22242000 292.989
22243000 292.989
22244000 292.989
22245000 292.989
22246000 292.989
22247000 292.989
22248000 292.989
22249000 292.989
22250000 292.989
22251000 292.989
22252000 292.989
22253000 292.989
22254000 292.989
22255000 292.989
22256000 292.989
22257000 292.989
22258000 292.989
22259000 292.989
22260000 292.989
22261000 292.989
22262000 292.989
22263000 292.988
22264000 292.988
22265000 292.988
22266000 292.989
22267000 292.989
22268000 292.989
22269000 292.989
22270000 292.989
22271000 292.989
22272000 292.989
22273000 292.989
22274000 292.989
22275000 292.989
22276000 292.989
22277000 292.989
22278000 292.989
22279000 292.989
22280000 292.989
22281000 292.989
22282000 292.989
22283000 292.989
22284000 292.989
22285000 292.989
22286000 292.989
22287000 292.989
22288000 292.989
22289000 292.989
22290000 292.989
22291000 292.988
22292000 292.988
22293000 292.988
22294000 292.988
22295000 292.988
22296000 292.988
22297000 292.988
22298000 292.987
22299000 292.988
22300000 292.988
22301000 292.988
22302000 292.988
22303000 292.988
22304000 292.988
22305000 292.988
22306000 292.988
22307000 292.988
22308000 292.988
22309000 292.988
22310000 292.988
22311000 292.988
22312000 292.988
22313000 292.988
22314000 292.987
22315000 292.987
22316000 292.987
22317000 292.987
22318000 292.988
22319000 292.988
22320000 292.988
22321000 292.987
22322000 292.987
22323000 292.987
22324000 292.986
22325000 292.987
22326000 292.987
22327000 292.987
22328000 292.987
22329000 292.988
22330000 292.988
22331000 292.988
22332000 292.988
22333000 292.988
22334000 292.988
22335000 292.988
22336000 292.988
22337000 292.988
22338000 292.988
22339000 292.988
22340000 292.988
22341000 292.988
22342000 292.988
22343000 292.988
22344000 292.988
22345000 292.988
22346000 292.987
22347000 292.987
22348000 292.987
22349000 292.987
22350000 292.988
22351000 292.988
22352000 292.988
22353000 292.988
22354000 292.987
22355000 292.988
22356000 292.988
22357000 292.988
22358000 292.988
22359000 292.988
22360000 292.988
22361000 292.988
22362000 292.988
22363000 292.988
22364000 292.988
22365000 292.987
22366000 292.987
22367000 292.988
22368000 292.988
22369000 292.987
22370000 292.987
22371000 292.987
22372000 292.987
22373000 292.987
22374000 292.987
22375000 292.988
22376000 292.987
22377000 292.988
22378000 292.988
22379000 292.988
22380000 292.988
22381000 292.988
22382000 292.988
22383000 292.988
22384000 292.988
22385000 292.989
22386000 292.989
22387000 292.989
22388000 292.988
22389000 292.989
22390000 292.988
22391000 292.988
22392000 292.988
22393000 292.988
22394000 292.987
22395000 292.987
22396000 292.987
22397000 292.988
22398000 292.988
22399000 292.988
22400000 292.988
22401000 292.988
22402000 292.989
22403000 292.989
22404000 292.989
22405000 292.99
22406000 292.99
22407000 292.99
22408000 292.99
22409000 292.989
22410000 292.989
22411000 292.99
22412000 292.99
22413000 292.99
22414000 292.989
22415000 292.99
22416000 292.99
22417000 292.99
22418000 292.99
22419000 292.989
22420000 292.989
22421000 292.989
22422000 292.989
22423000 292.989
22424000 292.989
22425000 292.99
22426000 292.99
22427000 292.99
22428000 292.99
22429000 292.99
22430000 292.991
22431000 292.991
22432000 292.991
22433000 292.991
22434000 292.991
22435000 292.99
22436000 292.99
22437000 292.99
22438000 292.99
22439000 292.99
22440000 292.99
22441000 292.99
22442000 292.99
22443000 292.991
22444000 292.991
22445000 292.991
22446000 292.991
22447000 292.991
22448000 292.991
22449000 292.992
22450000 292.992
22451000 292.991
22452000 292.991
22453000 292.991
22454000 292.991
22455000 292.991
22456000 292.991
22457000 292.992
22458000 292.991
22459000 292.991
22460000 292.991
22461000 292.991
22462000 292.991
22463000 292.991
22464000 292.991
22465000 292.991
22466000 292.991
22467000 292.991
22468000 292.991
22469000 292.991
22470000 292.991
22471000 292.991
22472000 292.991
22473000 292.991
22474000 292.991
22475000 292.991
22476000 292.991
22477000 292.991
22478000 292.992
22479000 292.991
22480000 292.991
22481000 292.991
22482000 292.991
22483000 292.991
22484000 292.991
22485000 292.991
22486000 292.991
22487000 292.991
22488000 292.992
22489000 292.992
22490000 292.992
22491000 292.992
22492000 292.993
22493000 292.993
22494000 292.993
22495000 292.993
22496000 292.994
22497000 292.994
22498000 292.994
22499000 292.994
22500000 292.994
22501000 292.994
22502000 292.994
22503000 292.993
22504000 292.994
22505000 292.994
22506000 292.994
22507000 292.994
22508000 292.994
22509000 292.994
22510000 292.994
22511000 292.993
22512000 292.993
22513000 292.993
22514000 292.993
22515000 292.992
22516000 292.993
22517000 292.993
22518000 292.992
22519000 292.993
22520000 292.993
22521000 292.993
22522000 292.993
22523000 292.993
22524000 292.993
22525000 292.993
22526000 292.993
22527000 292.993
22528000 292.993
22529000 292.993
22530000 292.993
22531000 292.993
22532000 292.993
22533000 292.993
22534000 292.993
22535000 292.993
22536000 292.993
22537000 292.993
22538000 292.993
22539000 292.994
22540000 292.993
22541000 292.994
22542000 292.993
22543000 292.993
22544000 292.993
22545000 292.993
22546000 292.993
22547000 292.993
22548000 292.993
22549000 292.993
22550000 292.992
22551000 292.993
22552000 292.993
22553000 292.993
22554000 292.993
22555000 292.993
22556000 292.993
22557000 292.993
22558000 292.993
22559000 292.993
22560000 292.993
22561000 292.993
22562000 292.993
22563000 292.992
22564000 292.992
22565000 292.992
22566000 292.992
22567000 292.992
22568000 292.992
22569000 292.992
22570000 292.992
22571000 292.992
22572000 292.992
22573000 292.992
22574000 292.992
22575000 292.992
22576000 292.992
22577000 292.992
22578000 292.992
22579000 292.992
22580000 292.992
22581000 292.992
22582000 292.992
22583000 292.992
22584000 292.992
22585000 292.992
22586000 292.992
22587000 292.992
22588000 292.992
22589000 292.993
22590000 292.992
22591000 292.992
22592000 292.992
22593000 292.993
22594000 292.992
22595000 292.993
22596000 292.993
22597000 292.993
22598000 292.993
22599000 292.993
22600000 292.992
22601000 292.992
22602000 292.992
22603000 292.992
22604000 292.992
22605000 292.993
22606000 292.993
22607000 292.993
22608000 292.993
22609000 292.993
22610000 292.993
22611000 292.993
22612000 292.993
22613000 292.993
22614000 292.993
22615000 292.993
22616000 292.992
22617000 292.992
22618000 292.992
22619000 292.992
22620000 292.992
22621000 292.992
22622000 292.992
22623000 292.992
22624000 292.992
22625000 292.993
22626000 292.992
22627000 292.992
22628000 292.992
22629000 292.992
22630000 292.992
22631000 292.993
22632000 292.993
22633000 292.993
22634000 292.993
22635000 292.993
22636000 292.994
22637000 292.994
22638000 292.994
22639000 292.994
22640000 292.994
22641000 292.994
22642000 292.994
22643000 292.994
22644000 292.993
22645000 292.994
22646000 292.993
22647000 292.994
22648000 292.994
22649000 292.994
22650000 292.994
22651000 292.995
22652000 292.995
22653000 292.995
22654000 292.995
22655000 292.995
22656000 292.995
22657000 292.994
22658000 292.995
22659000 292.994
22660000 292.994
22661000 292.994
22662000 292.994
22663000 292.994
22664000 292.994
22665000 292.994
22666000 292.994
22667000 292.994
22668000 292.994
22669000 292.994
22670000 292.993
22671000 292.993
22672000 292.993
22673000 292.993
22674000 292.993
22675000 292.993
22676000 292.993
22677000 292.993
22678000 292.993
22679000 292.992
22680000 292.992
22681000 292.993
22682000 292.993
22683000 292.993
22684000 292.993
22685000 292.993
22686000 292.993
22687000 292.993
22688000 292.994
22689000 292.994
22690000 292.994
22691000 292.994
22692000 292.994
22693000 292.995
22694000 292.994
22695000 292.994
22696000 292.994
22697000 292.994
22698000 292.994
22699000 292.994
22700000 292.994
22701000 292.994
22702000 292.994
22703000 292.994
22704000 292.994
22705000 292.994
22706000 292.994
22707000 292.994
22708000 292.995
22709000 292.995
22710000 292.994
22711000 292.994
22712000 292.994
22713000 292.994
22714000 292.994
22715000 292.994
22716000 292.994
22717000 292.994
22718000 292.994
22719000 292.994
22720000 292.994
22721000 292.994
22722000 292.994
22723000 292.994
22724000 292.994
22725000 292.994
22726000 292.994
22727000 292.994
22728000 292.994
22729000 292.994
22730000 292.995
22731000 292.995
22732000 292.995
22733000 292.995
22734000 292.995
22735000 292.995
22736000 292.995
22737000 292.995
22738000 292.995
22739000 292.995
22740000 292.995
22741000 292.995
22742000 292.995
22743000 292.995
22744000 292.995
22745000 292.995
22746000 292.996
22747000 292.996
22748000 292.996
22749000 292.995
22750000 292.995
22751000 292.995
22752000 292.995
22753000 292.995
22754000 292.995
22755000 292.995
22756000 292.995
22757000 292.995
22758000 292.995
22759000 292.995
22760000 292.995
22761000 292.995
22762000 292.996
22763000 292.995
22764000 292.996
22765000 292.995
22766000 292.995
22767000 292.995
22768000 292.995
22769000 292.995
22770000 292.995
22771000 292.995
22772000 292.995
22773000 292.995
22774000 292.995
22775000 292.995
22776000 292.995
22777000 292.995
22778000 292.994
22779000 292.994
22780000 292.994
22781000 292.994
22782000 292.994
22783000 292.994
22784000 292.994
22785000 292.994
22786000 292.994
22787000 292.994
22788000 292.994
22789000 292.994
22790000 292.994
22791000 292.994
22792000 292.994
22793000 292.995
22794000 292.995
22795000 292.995
22796000 292.995
22797000 292.995
22798000 292.995
22799000 292.995
22800000 292.995
22801000 292.995
22802000 292.995
22803000 292.995
22804000 292.995
22805000 292.995
22806000 292.995
22807000 292.996
22808000 292.996
22809000 292.995
22810000 292.995
22811000 292.995
22812000 292.995
22813000 292.995
22814000 292.995
22815000 292.995
22816000 292.995
22817000 292.995
22818000 292.995
22819000 292.994
22820000 292.994
22821000 292.994
22822000 292.994
22823000 292.994
22824000 292.994
22825000 292.994
22826000 292.994
22827000 292.994
22828000 292.994
22829000 292.995
22830000 292.995
22831000 292.995
22832000 292.995
22833000 292.995
22834000 292.994
22835000 292.994
22836000 292.994
22837000 292.995
22838000 292.995
22839000 292.995
22840000 292.995
22841000 292.995
22842000 292.995
22843000 292.995
22844000 292.995
22845000 292.994
22846000 292.994
22847000 292.995
22848000 292.995
22849000 292.994
22850000 292.995
22851000 292.995
22852000 292.995
22853000 292.995
22854000 292.995
22855000 292.995
22856000 292.995
22857000 292.995
22858000 292.995
22859000 292.995
22860000 292.995
22861000 292.995
22862000 292.995
22863000 292.995
22864000 292.995
22865000 292.995
22866000 292.995
22867000 292.995
22868000 292.995
22869000 292.995
22870000 292.996
22871000 292.996
22872000 292.996
22873000 292.996
22874000 292.996
22875000 292.996
22876000 292.996
22877000 292.996
22878000 292.996
22879000 292.997
22880000 292.997
22881000 292.996
22882000 292.996
22883000 292.997
22884000 292.997
22885000 292.997
22886000 292.997
22887000 292.997
22888000 292.997
22889000 292.997
22890000 292.997
22891000 292.997
22892000 292.997
22893000 292.997
22894000 292.997
22895000 292.997
22896000 292.997
22897000 292.996
22898000 292.996
22899000 292.996
22900000 292.996
22901000 292.996
22902000 292.996
22903000 292.996
22904000 292.996
22905000 292.996
22906000 292.996
22907000 292.996
22908000 292.995
22909000 292.995
22910000 292.995
22911000 292.995
22912000 292.995
22913000 292.995
22914000 292.995
22915000 292.995
22916000 292.995
22917000 292.995
22918000 292.995
22919000 292.995
22920000 292.995
22921000 292.995
22922000 292.995
22923000 292.995
22924000 292.995
22925000 292.996
22926000 292.996
22927000 292.996
22928000 292.996
22929000 292.996
22930000 292.996
22931000 292.996
22932000 292.996
22933000 292.996
22934000 292.996
22935000 292.996
22936000 292.995
22937000 292.995
22938000 292.995
22939000 292.995
22940000 292.996
22941000 292.996
22942000 292.996
22943000 292.996
22944000 292.996
22945000 292.996
22946000 292.997
22947000 292.997
22948000 292.997
22949000 292.997
22950000 292.997
22951000 292.997
22952000 292.997
22953000 292.997
22954000 292.997
22955000 292.997
22956000 292.998
22957000 292.997
22958000 292.997
22959000 292.997
22960000 292.997
22961000 292.997
22962000 292.997
22963000 292.997
22964000 292.997
22965000 292.997
22966000 292.998
22967000 292.998
22968000 292.998
22969000 292.998
22970000 292.998
22971000 292.998
22972000 292.998
22973000 292.998
22974000 292.998
22975000 292.998
22976000 292.998
22977000 292.998
22978000 292.998
22979000 292.999
22980000 292.999
22981000 292.999
22982000 292.999
22983000 292.999
22984000 292.998
22985000 292.998
22986000 292.998
22987000 292.998
22988000 292.998
22989000 292.998
22990000 292.998
22991000 292.998
22992000 292.998
22993000 292.998
22994000 292.998
22995000 292.998
22996000 292.998
22997000 292.997
22998000 292.997
22999000 292.997
23000000 292.997
