# Time-averaged data for fix dave
# TimeStep v_rho
116002000 0.908213
116003000 0.909944
116004000 0.90977
116005000 0.909232
116006000 0.908673
116007000 0.908138
116008000 0.907686
116009000 0.90728
116010000 0.906914
116011000 0.90661
116012000 0.906339
116013000 0.906088
116014000 0.905857
116015000 0.905642
116016000 0.905434
116017000 0.905233
116018000 0.905041
116019000 0.904857
116020000 0.904676
116021000 0.904506
116022000 0.904347
116023000 0.904197
116024000 0.904054
116025000 0.903918
116026000 0.903789
116027000 0.903666
116028000 0.903549
116029000 0.903438
116030000 0.903331
116031000 0.903229
116032000 0.903131
116033000 0.903037
116034000 0.902948
116035000 0.902863
116036000 0.902782
116037000 0.902705
116038000 0.902631
116039000 0.90256
116040000 0.902492
116041000 0.902427
116042000 0.902365
116043000 0.902304
116044000 0.902246
116045000 0.90219
116046000 0.902134
116047000 0.902081
116048000 0.902029
116049000 0.901979
116050000 0.901929
116051000 0.901882
116052000 0.901835
116053000 0.90179
116054000 0.901747
116055000 0.901704
116056000 0.901663
116057000 0.901624
116058000 0.901588
116059000 0.901552
116060000 0.901518
116061000 0.901484
116062000 0.901451
116063000 0.901419
116064000 0.901388
116065000 0.901358
116066000 0.901328
116067000 0.901299
116068000 0.901271
116069000 0.901243
116070000 0.901216
116071000 0.901189
116072000 0.901163
116073000 0.901138
116074000 0.901113
116075000 0.901088
116076000 0.901064
116077000 0.901041
116078000 0.901018
116079000 0.900996
116080000 0.900974
116081000 0.900952
116082000 0.900931
116083000 0.90091
116084000 0.90089
116085000 0.90087
116086000 0.90085
116087000 0.900831
116088000 0.900812
116089000 0.900793
116090000 0.900776
116091000 0.900759
116092000 0.900742
116093000 0.900726
116094000 0.90071
116095000 0.900695
116096000 0.90068
116097000 0.900665
116098000 0.90065
116099000 0.900636
116100000 0.900622
116101000 0.900608
116102000 0.900595
116103000 0.900582
116104000 0.900569
116105000 0.900557
116106000 0.900545
116107000 0.900533
116108000 0.900522
116109000 0.900512
116110000 0.900503
116111000 0.900494
116112000 0.900485
116113000 0.900478
116114000 0.900471
116115000 0.900464
116116000 0.900458
116117000 0.900452
116118000 0.900447
116119000 0.900442
116120000 0.900437
116121000 0.900433
116122000 0.900429
116123000 0.900426
116124000 0.900422
116125000 0.900419
116126000 0.900417
116127000 0.900414
116128000 0.900412
116129000 0.900409
116130000 0.900407
116131000 0.900405
116132000 0.900403
116133000 0.900401
116134000 0.9004
116135000 0.900398
116136000 0.900397
116137000 0.900395
116138000 0.900394
116139000 0.900393
116140000 0.900392
116141000 0.900391
116142000 0.90039
116143000 0.900389
116144000 0.900389
116145000 0.900388
116146000 0.900387
116147000 0.900386
116148000 0.900385
116149000 0.900384
116150000 0.900383
116151000 0.900382
116152000 0.900382
116153000 0.900381
116154000 0.90038
116155000 0.900379
116156000 0.900378
116157000 0.900377
116158000 0.900376
116159000 0.900375
116160000 0.900374
116161000 0.900373
116162000 0.900372
116163000 0.900371
116164000 0.90037
116165000 0.900369
116166000 0.900368
116167000 0.900367
116168000 0.900366
116169000 0.900365
116170000 0.900364
116171000 0.900363
116172000 0.900362
116173000 0.900361
116174000 0.90036
116175000 0.900359
116176000 0.900358
116177000 0.900357
116178000 0.900356
116179000 0.900354
116180000 0.900353
116181000 0.900351
116182000 0.90035
116183000 0.900348
116184000 0.900347
116185000 0.900346
116186000 0.900344
116187000 0.900343
116188000 0.900342
116189000 0.90034
116190000 0.900339
116191000 0.900338
116192000 0.900336
116193000 0.900335
116194000 0.900334
116195000 0.900333
116196000 0.900331
116197000 0.90033
116198000 0.900329
116199000 0.900328
116200000 0.900326
116201000 0.900325
116202000 0.900324
116203000 0.900323
116204000 0.900322
116205000 0.900321
116206000 0.900319
116207000 0.900318
116208000 0.900317
116209000 0.900316
116210000 0.900315
116211000 0.900314
116212000 0.900313
116213000 0.900312
116214000 0.900311
116215000 0.900309
116216000 0.900308
116217000 0.900307
116218000 0.900306
116219000 0.900305
116220000 0.900304
116221000 0.900303
116222000 0.900302
116223000 0.900301
116224000 0.9003
116225000 0.900299
116226000 0.900298
116227000 0.900297
116228000 0.900296
116229000 0.900295
116230000 0.900294
116231000 0.900293
116232000 0.900293
116233000 0.900292
116234000 0.900291
116235000 0.90029
116236000 0.900289
116237000 0.900288
116238000 0.900287
116239000 0.900286
116240000 0.900285
116241000 0.900285
116242000 0.900284
116243000 0.900283
116244000 0.900282
116245000 0.900281
116246000 0.90028
116247000 0.90028
116248000 0.900279
116249000 0.900278
116250000 0.900277
116251000 0.900276
116252000 0.900276
116253000 0.900275
116254000 0.900274
116255000 0.900274
116256000 0.900273
116257000 0.900272
116258000 0.900271
116259000 0.900271
116260000 0.90027
116261000 0.900269
116262000 0.900269
116263000 0.900268
116264000 0.900267
116265000 0.900267
116266000 0.900266
116267000 0.900265
116268000 0.900265
116269000 0.900264
116270000 0.900264
116271000 0.900263
116272000 0.900262
116273000 0.900262
116274000 0.900261
116275000 0.900261
116276000 0.90026
116277000 0.90026
116278000 0.900259
116279000 0.900259
116280000 0.900258
116281000 0.900257
116282000 0.900257
116283000 0.900256
116284000 0.900256
116285000 0.900256
116286000 0.900255
116287000 0.900255
116288000 0.900254
116289000 0.900254
116290000 0.900253
116291000 0.900253
116292000 0.900252
116293000 0.900252
116294000 0.900251
116295000 0.900251
116296000 0.900251
116297000 0.90025
116298000 0.90025
116299000 0.900249
116300000 0.900249
116301000 0.900249
116302000 0.900248
116303000 0.900248
116304000 0.900247
116305000 0.900247
116306000 0.900247
116307000 0.900246
116308000 0.900246
116309000 0.900246
116310000 0.900245
116311000 0.900245
116312000 0.900245
116313000 0.900244
116314000 0.900244
116315000 0.900244
116316000 0.900243
116317000 0.900243
116318000 0.900243
116319000 0.900242
116320000 0.900242
116321000 0.900242
116322000 0.900241
116323000 0.900241
116324000 0.900241
116325000 0.900241
116326000 0.90024
116327000 0.90024
116328000 0.90024
116329000 0.900239
116330000 0.900239
116331000 0.900239
116332000 0.900239
116333000 0.900238
116334000 0.900238
116335000 0.900238
116336000 0.900238
116337000 0.900237
116338000 0.900237
116339000 0.900237
116340000 0.900237
116341000 0.900236
116342000 0.900236
116343000 0.900236
116344000 0.900236
116345000 0.900235
116346000 0.900235
116347000 0.900235
116348000 0.900235
116349000 0.900235
116350000 0.900234
116351000 0.900234
116352000 0.900234
116353000 0.900234
116354000 0.900234
116355000 0.900233
116356000 0.900233
116357000 0.900233
116358000 0.900233
116359000 0.900233
116360000 0.900232
116361000 0.900232
116362000 0.900232
116363000 0.900232
116364000 0.900232
116365000 0.900231
116366000 0.900231
116367000 0.900231
116368000 0.900231
116369000 0.900231
116370000 0.900231
116371000 0.90023
116372000 0.90023
116373000 0.90023
116374000 0.90023
116375000 0.90023
116376000 0.90023
116377000 0.900229
116378000 0.900229
116379000 0.900229
116380000 0.900229
116381000 0.900229
116382000 0.900229
116383000 0.900228
116384000 0.900228
116385000 0.900228
116386000 0.900228
116387000 0.900228
116388000 0.900228
116389000 0.900228
116390000 0.900227
116391000 0.900227
116392000 0.900227
116393000 0.900227
116394000 0.900227
116395000 0.900227
116396000 0.900227
116397000 0.900227
116398000 0.900226
116399000 0.900226
116400000 0.900226
116401000 0.900226
116402000 0.900226
116403000 0.900226
116404000 0.900226
116405000 0.900226
116406000 0.900226
116407000 0.900225
116408000 0.900225
116409000 0.900225
116410000 0.900225
116411000 0.900225
116412000 0.900225
116413000 0.900225
116414000 0.900225
116415000 0.900225
116416000 0.900225
116417000 0.900224
116418000 0.900224
116419000 0.900224
116420000 0.900224
116421000 0.900224
116422000 0.900224
116423000 0.900224
116424000 0.900224
116425000 0.900224
116426000 0.900224
116427000 0.900224
116428000 0.900224
116429000 0.900224
116430000 0.900223
116431000 0.900223
116432000 0.900223
116433000 0.900223
116434000 0.900223
116435000 0.900223
116436000 0.900223
116437000 0.900223
116438000 0.900223
116439000 0.900223
116440000 0.900223
116441000 0.900223
116442000 0.900223
116443000 0.900223
116444000 0.900223
116445000 0.900223
116446000 0.900223
116447000 0.900223
116448000 0.900223
116449000 0.900223
116450000 0.900223
116451000 0.900222
116452000 0.900222
116453000 0.900222
116454000 0.900222
116455000 0.900222
116456000 0.900222
116457000 0.900222
116458000 0.900222
116459000 0.900222
116460000 0.900222
116461000 0.900222
116462000 0.900222
116463000 0.900222
116464000 0.900222
116465000 0.900223
116466000 0.900223
116467000 0.900223
116468000 0.900223
116469000 0.900223
116470000 0.900223
116471000 0.900223
116472000 0.900223
116473000 0.900223
116474000 0.900223
116475000 0.900223
116476000 0.900223
116477000 0.900223
116478000 0.900223
116479000 0.900223
116480000 0.900223
116481000 0.900224
116482000 0.900224
116483000 0.900224
116484000 0.900224
116485000 0.900224
116486000 0.900224
116487000 0.900224
116488000 0.900224
116489000 0.900224
116490000 0.900224
116491000 0.900224
116492000 0.900224
116493000 0.900224
116494000 0.900225
116495000 0.900225
116496000 0.900225
116497000 0.900225
116498000 0.900225
116499000 0.900225
116500000 0.900225
116501000 0.900225
116502000 0.900225
116503000 0.900225
116504000 0.900225
116505000 0.900226
116506000 0.900226
116507000 0.900226
116508000 0.900226
116509000 0.900226
116510000 0.900226
116511000 0.900226
116512000 0.900226
116513000 0.900226
116514000 0.900226
116515000 0.900226
116516000 0.900227
116517000 0.900227
116518000 0.900227
116519000 0.900227
116520000 0.900227
116521000 0.900227
116522000 0.900227
116523000 0.900227
116524000 0.900227
116525000 0.900228
116526000 0.900228
116527000 0.900228
116528000 0.900228
116529000 0.900228
116530000 0.900228
116531000 0.900228
116532000 0.900228
116533000 0.900228
116534000 0.900228
116535000 0.900229
116536000 0.900229
116537000 0.900229
116538000 0.900229
116539000 0.900229
116540000 0.900229
116541000 0.900229
116542000 0.900229
116543000 0.900229
116544000 0.90023
116545000 0.90023
116546000 0.90023
116547000 0.90023
116548000 0.90023
116549000 0.90023
116550000 0.90023
116551000 0.90023
116552000 0.90023
116553000 0.90023
116554000 0.900231
116555000 0.900231
116556000 0.900231
116557000 0.900231
116558000 0.900231
116559000 0.900231
116560000 0.900231
116561000 0.900231
116562000 0.900231
116563000 0.900232
116564000 0.900232
116565000 0.900232
116566000 0.900232
116567000 0.900232
116568000 0.900232
116569000 0.900232
116570000 0.900232
116571000 0.900232
116572000 0.900232
116573000 0.900233
116574000 0.900233
116575000 0.900233
116576000 0.900233
116577000 0.900233
116578000 0.900233
116579000 0.900233
116580000 0.900233
116581000 0.900233
116582000 0.900233
116583000 0.900233
116584000 0.900234
116585000 0.900234
116586000 0.900234
116587000 0.900234
116588000 0.900234
116589000 0.900234
116590000 0.900234
116591000 0.900234
116592000 0.900234
116593000 0.900234
116594000 0.900235
116595000 0.900235
116596000 0.900235
116597000 0.900235
116598000 0.900235
116599000 0.900235
116600000 0.900235
116601000 0.900235
116602000 0.900235
116603000 0.900235
116604000 0.900235
116605000 0.900236
116606000 0.900236
116607000 0.900236
116608000 0.900236
116609000 0.900236
116610000 0.900236
116611000 0.900236
116612000 0.900236
116613000 0.900236
116614000 0.900236
116615000 0.900236
116616000 0.900236
116617000 0.900237
116618000 0.900237
116619000 0.900237
116620000 0.900237
116621000 0.900237
116622000 0.900237
116623000 0.900237
116624000 0.900237
116625000 0.900237
116626000 0.900237
116627000 0.900237
116628000 0.900237
116629000 0.900238
116630000 0.900238
116631000 0.900238
116632000 0.900238
116633000 0.900238
116634000 0.900238
116635000 0.900238
116636000 0.900238
116637000 0.900238
116638000 0.900238
116639000 0.900238
116640000 0.900238
116641000 0.900239
116642000 0.900239
116643000 0.900239
116644000 0.900239
116645000 0.900239
116646000 0.900239
116647000 0.900239
116648000 0.900239
116649000 0.900239
116650000 0.900239
116651000 0.900239
116652000 0.900239
116653000 0.900239
116654000 0.90024
116655000 0.90024
116656000 0.90024
116657000 0.90024
116658000 0.90024
116659000 0.90024
116660000 0.90024
116661000 0.90024
116662000 0.90024
116663000 0.90024
116664000 0.90024
116665000 0.90024
116666000 0.90024
116667000 0.900241
116668000 0.900241
116669000 0.900241
116670000 0.900241
116671000 0.900241
116672000 0.900241
116673000 0.900241
116674000 0.900241
116675000 0.900241
116676000 0.900241
116677000 0.900241
116678000 0.900241
116679000 0.900241
116680000 0.900241
116681000 0.900242
116682000 0.900242
116683000 0.900242
116684000 0.900242
116685000 0.900242
116686000 0.900242
116687000 0.900242
116688000 0.900242
116689000 0.900242
116690000 0.900242
116691000 0.900242
116692000 0.900242
116693000 0.900242
116694000 0.900242
116695000 0.900242
116696000 0.900243
116697000 0.900243
116698000 0.900243
116699000 0.900243
116700000 0.900243
116701000 0.900243
116702000 0.900243
116703000 0.900243
116704000 0.900243
116705000 0.900243
116706000 0.900243
116707000 0.900243
116708000 0.900243
116709000 0.900243
116710000 0.900243
116711000 0.900244
116712000 0.900244
116713000 0.900244
116714000 0.900244
116715000 0.900244
116716000 0.900244
116717000 0.900244
116718000 0.900244
116719000 0.900244
116720000 0.900244
116721000 0.900244
116722000 0.900244
116723000 0.900244
116724000 0.900244
116725000 0.900244
116726000 0.900245
116727000 0.900245
116728000 0.900245
116729000 0.900245
116730000 0.900245
116731000 0.900245
116732000 0.900245
116733000 0.900245
116734000 0.900245
116735000 0.900245
116736000 0.900245
116737000 0.900245
116738000 0.900245
116739000 0.900245
116740000 0.900245
116741000 0.900245
116742000 0.900245
116743000 0.900246
116744000 0.900246
116745000 0.900246
116746000 0.900246
116747000 0.900246
116748000 0.900246
116749000 0.900246
116750000 0.900246
116751000 0.900246
116752000 0.900246
116753000 0.900246
116754000 0.900246
116755000 0.900246
116756000 0.900246
116757000 0.900246
116758000 0.900246
116759000 0.900246
116760000 0.900247
116761000 0.900247
116762000 0.900247
116763000 0.900247
116764000 0.900247
116765000 0.900247
116766000 0.900247
116767000 0.900247
116768000 0.900247
116769000 0.900247
116770000 0.900247
116771000 0.900247
116772000 0.900247
116773000 0.900247
116774000 0.900247
116775000 0.900247
116776000 0.900247
116777000 0.900247
116778000 0.900248
116779000 0.900248
116780000 0.900248
116781000 0.900248
116782000 0.900248
116783000 0.900248
116784000 0.900248
116785000 0.900248
116786000 0.900248
116787000 0.900248
116788000 0.900248
116789000 0.900248
116790000 0.900248
116791000 0.900248
116792000 0.900248
116793000 0.900248
116794000 0.900248
116795000 0.900248
116796000 0.900248
116797000 0.900249
116798000 0.900249
116799000 0.900249
116800000 0.900249
116801000 0.900249
116802000 0.900249
116803000 0.900249
116804000 0.900249
116805000 0.900249
116806000 0.900249
116807000 0.900249
116808000 0.900249
116809000 0.900249
116810000 0.900249
116811000 0.900249
116812000 0.900249
116813000 0.900249
116814000 0.900249
116815000 0.900249
116816000 0.900249
116817000 0.90025
116818000 0.90025
116819000 0.90025
116820000 0.90025
116821000 0.90025
116822000 0.90025
116823000 0.90025
116824000 0.90025
116825000 0.90025
116826000 0.90025
116827000 0.90025
116828000 0.90025
116829000 0.90025
116830000 0.90025
116831000 0.90025
116832000 0.90025
116833000 0.90025
116834000 0.90025
116835000 0.90025
116836000 0.90025
116837000 0.90025
116838000 0.900251
116839000 0.900251
116840000 0.900251
116841000 0.900251
116842000 0.900251
116843000 0.900251
116844000 0.900251
116845000 0.900251
116846000 0.900251
116847000 0.900251
116848000 0.900251
116849000 0.900251
116850000 0.900251
116851000 0.900251
116852000 0.900251
116853000 0.900251
116854000 0.900251
116855000 0.900251
116856000 0.900251
116857000 0.900251
116858000 0.900251
116859000 0.900251
116860000 0.900252
116861000 0.900252
116862000 0.900252
116863000 0.900252
116864000 0.900252
116865000 0.900252
116866000 0.900252
116867000 0.900252
116868000 0.900252
116869000 0.900252
116870000 0.900252
116871000 0.900252
116872000 0.900252
116873000 0.900252
116874000 0.900252
116875000 0.900252
116876000 0.900252
116877000 0.900252
116878000 0.900252
116879000 0.900252
116880000 0.900252
116881000 0.900252
116882000 0.900252
116883000 0.900252
116884000 0.900253
116885000 0.900253
116886000 0.900253
116887000 0.900253
116888000 0.900253
116889000 0.900253
116890000 0.900253
116891000 0.900253
116892000 0.900253
116893000 0.900253
116894000 0.900253
116895000 0.900253
116896000 0.900253
116897000 0.900253
116898000 0.900253
116899000 0.900253
116900000 0.900253
116901000 0.900253
116902000 0.900253
116903000 0.900253
116904000 0.900253
116905000 0.900253
116906000 0.900253
116907000 0.900253
116908000 0.900254
116909000 0.900254
116910000 0.900254
116911000 0.900254
116912000 0.900254
116913000 0.900254
116914000 0.900254
116915000 0.900254
116916000 0.900254
116917000 0.900254
116918000 0.900254
116919000 0.900254
116920000 0.900254
116921000 0.900254
116922000 0.900254
116923000 0.900254
116924000 0.900254
116925000 0.900254
116926000 0.900254
116927000 0.900254
116928000 0.900254
116929000 0.900254
116930000 0.900254
116931000 0.900254
116932000 0.900254
116933000 0.900254
116934000 0.900255
116935000 0.900255
116936000 0.900255
116937000 0.900255
116938000 0.900255
116939000 0.900255
116940000 0.900255
116941000 0.900255
116942000 0.900255
116943000 0.900255
116944000 0.900255
116945000 0.900255
116946000 0.900255
116947000 0.900255
116948000 0.900255
116949000 0.900255
116950000 0.900255
116951000 0.900255
116952000 0.900255
116953000 0.900255
116954000 0.900255
116955000 0.900255
116956000 0.900255
116957000 0.900255
116958000 0.900255
116959000 0.900255
116960000 0.900255
116961000 0.900255
116962000 0.900256
116963000 0.900256
116964000 0.900256
116965000 0.900256
116966000 0.900256
116967000 0.900256
116968000 0.900256
116969000 0.900256
116970000 0.900256
116971000 0.900256
116972000 0.900256
116973000 0.900256
116974000 0.900256
116975000 0.900256
116976000 0.900256
116977000 0.900256
116978000 0.900256
116979000 0.900256
116980000 0.900256
116981000 0.900256
116982000 0.900256
116983000 0.900256
116984000 0.900256
116985000 0.900256
116986000 0.900256
116987000 0.900256
116988000 0.900256
116989000 0.900256
116990000 0.900256
116991000 0.900257
116992000 0.900257
116993000 0.900257
116994000 0.900257
116995000 0.900257
116996000 0.900257
116997000 0.900257
116998000 0.900257
116999000 0.900257
117000000 0.900257
117001000 0.900257
117002000 0.900257
117003000 0.900257
117004000 0.900257
117005000 0.900257
117006000 0.900257
117007000 0.900257
117008000 0.900257
117009000 0.900257
117010000 0.900257
117011000 0.900257
117012000 0.900257
117013000 0.900257
117014000 0.900257
117015000 0.900257
117016000 0.900257
117017000 0.900258
117018000 0.900258
117019000 0.900258
117020000 0.900258
117021000 0.900258
117022000 0.900258
117023000 0.900258
117024000 0.900258
117025000 0.900258
117026000 0.900258
117027000 0.900258
117028000 0.900258
117029000 0.900258
117030000 0.900258
117031000 0.900258
117032000 0.900258
117033000 0.900258
117034000 0.900258
117035000 0.900258
117036000 0.900258
117037000 0.900258
117038000 0.900258
117039000 0.900258
117040000 0.900258
117041000 0.900258
117042000 0.900258
117043000 0.900259
117044000 0.900259
117045000 0.900259
117046000 0.900259
117047000 0.900259
117048000 0.900259
117049000 0.900259
117050000 0.900259
117051000 0.900259
117052000 0.900259
117053000 0.900259
117054000 0.900259
117055000 0.900259
117056000 0.900259
117057000 0.900259
117058000 0.900259
117059000 0.900259
117060000 0.900259
117061000 0.900259
117062000 0.900259
117063000 0.900259
117064000 0.900259
117065000 0.900259
117066000 0.900259
117067000 0.900259
117068000 0.900259
117069000 0.900259
117070000 0.900259
117071000 0.900259
117072000 0.90026
117073000 0.90026
117074000 0.90026
117075000 0.90026
117076000 0.90026
117077000 0.90026
117078000 0.90026
117079000 0.90026
117080000 0.90026
117081000 0.90026
117082000 0.90026
117083000 0.90026
117084000 0.90026
117085000 0.90026
117086000 0.90026
117087000 0.90026
117088000 0.90026
117089000 0.90026
117090000 0.90026
117091000 0.90026
117092000 0.90026
117093000 0.90026
117094000 0.90026
117095000 0.90026
117096000 0.90026
117097000 0.90026
117098000 0.90026
117099000 0.90026
117100000 0.90026
117101000 0.90026
117102000 0.900261
117103000 0.900261
117104000 0.900261
117105000 0.900261
117106000 0.900261
117107000 0.900261
117108000 0.900261
117109000 0.900261
117110000 0.900261
117111000 0.900261
117112000 0.900261
117113000 0.900261
117114000 0.900261
117115000 0.900261
117116000 0.900261
117117000 0.900261
117118000 0.900261
117119000 0.900261
117120000 0.900261
117121000 0.900261
117122000 0.900261
117123000 0.900261
117124000 0.900261
117125000 0.900261
117126000 0.900261
117127000 0.900261
117128000 0.900261
117129000 0.900261
117130000 0.900261
117131000 0.900261
117132000 0.900261
117133000 0.900261
117134000 0.900261
117135000 0.900261
117136000 0.900262
117137000 0.900262
117138000 0.900262
117139000 0.900262
117140000 0.900262
117141000 0.900262
117142000 0.900262
117143000 0.900262
117144000 0.900262
117145000 0.900262
117146000 0.900262
117147000 0.900262
117148000 0.900262
117149000 0.900262
117150000 0.900262
117151000 0.900262
117152000 0.900262
117153000 0.900262
117154000 0.900262
117155000 0.900262
117156000 0.900262
117157000 0.900262
117158000 0.900262
117159000 0.900262
117160000 0.900262
117161000 0.900262
117162000 0.900262
117163000 0.900262
117164000 0.900262
117165000 0.900262
117166000 0.900262
117167000 0.900262
117168000 0.900262
117169000 0.900262
117170000 0.900262
117171000 0.900262
117172000 0.900262
117173000 0.900262
117174000 0.900262
117175000 0.900263
117176000 0.900263
117177000 0.900263
117178000 0.900263
117179000 0.900263
117180000 0.900263
117181000 0.900263
117182000 0.900263
117183000 0.900263
117184000 0.900263
117185000 0.900263
117186000 0.900263
117187000 0.900263
117188000 0.900263
117189000 0.900263
117190000 0.900263
117191000 0.900263
117192000 0.900263
117193000 0.900263
117194000 0.900263
117195000 0.900263
117196000 0.900263
117197000 0.900263
117198000 0.900263
117199000 0.900263
117200000 0.900263
117201000 0.900263
117202000 0.900263
117203000 0.900263
117204000 0.900263
117205000 0.900263
117206000 0.900263
117207000 0.900263
117208000 0.900263
117209000 0.900263
117210000 0.900263
117211000 0.900263
117212000 0.900263
117213000 0.900263
117214000 0.900263
117215000 0.900263
117216000 0.900263
117217000 0.900263
117218000 0.900264
117219000 0.900264
117220000 0.900264
117221000 0.900264
117222000 0.900264
117223000 0.900264
117224000 0.900264
117225000 0.900264
117226000 0.900264
117227000 0.900264
117228000 0.900264
117229000 0.900264
117230000 0.900264
117231000 0.900264
117232000 0.900264
117233000 0.900264
117234000 0.900264
117235000 0.900264
117236000 0.900264
117237000 0.900264
117238000 0.900264
117239000 0.900264
117240000 0.900264
117241000 0.900264
117242000 0.900264
117243000 0.900264
117244000 0.900264
117245000 0.900264
117246000 0.900264
117247000 0.900264
117248000 0.900264
117249000 0.900264
117250000 0.900264
117251000 0.900264
117252000 0.900264
117253000 0.900264
117254000 0.900264
117255000 0.900264
117256000 0.900264
117257000 0.900264
117258000 0.900264
117259000 0.900264
117260000 0.900264
117261000 0.900264
117262000 0.900264
117263000 0.900264
117264000 0.900264
117265000 0.900264
117266000 0.900264
117267000 0.900264
117268000 0.900265
117269000 0.900265
117270000 0.900265
117271000 0.900265
117272000 0.900265
117273000 0.900265
117274000 0.900265
117275000 0.900265
117276000 0.900265
117277000 0.900265
117278000 0.900265
117279000 0.900265
117280000 0.900265
117281000 0.900265
117282000 0.900265
117283000 0.900265
117284000 0.900265
117285000 0.900265
117286000 0.900265
117287000 0.900265
117288000 0.900265
117289000 0.900265
117290000 0.900265
117291000 0.900265
117292000 0.900265
117293000 0.900265
117294000 0.900265
117295000 0.900265
117296000 0.900265
117297000 0.900265
117298000 0.900265
117299000 0.900265
117300000 0.900265
117301000 0.900265
117302000 0.900265
117303000 0.900265
117304000 0.900265
117305000 0.900265
117306000 0.900265
117307000 0.900265
117308000 0.900265
117309000 0.900265
117310000 0.900265
117311000 0.900265
117312000 0.900265
117313000 0.900265
117314000 0.900265
117315000 0.900265
117316000 0.900265
117317000 0.900265
117318000 0.900265
117319000 0.900265
117320000 0.900265
117321000 0.900265
117322000 0.900265
117323000 0.900265
117324000 0.900265
117325000 0.900265
117326000 0.900265
117327000 0.900265
117328000 0.900265
117329000 0.900266
117330000 0.900266
117331000 0.900266
117332000 0.900266
117333000 0.900266
117334000 0.900266
117335000 0.900266
117336000 0.900266
117337000 0.900266
117338000 0.900266
117339000 0.900266
117340000 0.900266
117341000 0.900266
117342000 0.900266
117343000 0.900266
117344000 0.900266
117345000 0.900266
117346000 0.900266
117347000 0.900266
117348000 0.900266
117349000 0.900266
117350000 0.900266
117351000 0.900266
117352000 0.900266
117353000 0.900266
117354000 0.900266
117355000 0.900266
117356000 0.900266
117357000 0.900266
117358000 0.900266
117359000 0.900266
117360000 0.900266
117361000 0.900266
117362000 0.900266
117363000 0.900266
117364000 0.900266
117365000 0.900266
117366000 0.900266
117367000 0.900266
117368000 0.900266
117369000 0.900266
117370000 0.900266
117371000 0.900266
117372000 0.900266
117373000 0.900266
117374000 0.900266
117375000 0.900266
117376000 0.900266
117377000 0.900266
117378000 0.900266
117379000 0.900266
117380000 0.900266
117381000 0.900266
117382000 0.900266
117383000 0.900266
117384000 0.900266
117385000 0.900266
117386000 0.900266
117387000 0.900266
117388000 0.900266
117389000 0.900266
117390000 0.900266
117391000 0.900266
117392000 0.900266
117393000 0.900266
117394000 0.900266
117395000 0.900266
117396000 0.900266
117397000 0.900266
117398000 0.900266
117399000 0.900266
117400000 0.900266
117401000 0.900266
117402000 0.900266
117403000 0.900266
117404000 0.900266
117405000 0.900266
117406000 0.900266
117407000 0.900267
117408000 0.900267
117409000 0.900267
117410000 0.900267
117411000 0.900267
117412000 0.900267
117413000 0.900267
117414000 0.900267
117415000 0.900267
117416000 0.900267
117417000 0.900267
117418000 0.900267
117419000 0.900267
117420000 0.900267
117421000 0.900267
117422000 0.900267
117423000 0.900267
117424000 0.900267
117425000 0.900267
117426000 0.900267
117427000 0.900267
117428000 0.900267
117429000 0.900267
117430000 0.900267
117431000 0.900267
117432000 0.900267
117433000 0.900267
117434000 0.900267
117435000 0.900267
117436000 0.900267
117437000 0.900267
117438000 0.900267
117439000 0.900267
117440000 0.900267
117441000 0.900267
117442000 0.900267
117443000 0.900267
117444000 0.900267
117445000 0.900267
117446000 0.900267
117447000 0.900267
117448000 0.900267
117449000 0.900267
117450000 0.900267
117451000 0.900267
117452000 0.900267
117453000 0.900267
117454000 0.900267
117455000 0.900267
117456000 0.900267
117457000 0.900267
117458000 0.900267
117459000 0.900267
117460000 0.900267
117461000 0.900267
117462000 0.900267
117463000 0.900267
117464000 0.900267
117465000 0.900267
117466000 0.900267
117467000 0.900267
117468000 0.900267
117469000 0.900267
117470000 0.900267
117471000 0.900267
117472000 0.900267
117473000 0.900267
117474000 0.900267
117475000 0.900267
117476000 0.900267
117477000 0.900267
117478000 0.900267
117479000 0.900267
117480000 0.900267
117481000 0.900267
117482000 0.900267
117483000 0.900267
117484000 0.900267
117485000 0.900267
117486000 0.900267
117487000 0.900267
117488000 0.900267
117489000 0.900267
117490000 0.900267
117491000 0.900267
117492000 0.900267
117493000 0.900267
117494000 0.900267
117495000 0.900267
117496000 0.900267
117497000 0.900267
117498000 0.900267
117499000 0.900267
117500000 0.900267
117501000 0.900267
117502000 0.900267
117503000 0.900267
117504000 0.900267
117505000 0.900267
117506000 0.900267
117507000 0.900267
117508000 0.900267
117509000 0.900267
117510000 0.900267
117511000 0.900267
117512000 0.900267
117513000 0.900267
117514000 0.900267
117515000 0.900267
117516000 0.900267
117517000 0.900267
117518000 0.900267
117519000 0.900267
117520000 0.900267
117521000 0.900267
117522000 0.900267
117523000 0.900267
117524000 0.900267
117525000 0.900267
117526000 0.900267
117527000 0.900268
117528000 0.900268
117529000 0.900268
117530000 0.900268
117531000 0.900268
117532000 0.900268
117533000 0.900268
117534000 0.900268
117535000 0.900268
117536000 0.900268
117537000 0.900268
117538000 0.900268
117539000 0.900268
117540000 0.900268
117541000 0.900268
117542000 0.900268
117543000 0.900268
117544000 0.900268
117545000 0.900268
117546000 0.900268
117547000 0.900268
117548000 0.900268
117549000 0.900268
117550000 0.900268
117551000 0.900268
117552000 0.900268
117553000 0.900268
117554000 0.900268
117555000 0.900268
117556000 0.900268
117557000 0.900268
117558000 0.900268
117559000 0.900268
117560000 0.900268
117561000 0.900268
117562000 0.900268
117563000 0.900268
117564000 0.900268
117565000 0.900268
117566000 0.900268
117567000 0.900268
117568000 0.900268
117569000 0.900268
117570000 0.900268
117571000 0.900268
117572000 0.900268
117573000 0.900268
117574000 0.900268
117575000 0.900268
117576000 0.900268
117577000 0.900268
117578000 0.900268
117579000 0.900268
117580000 0.900268
117581000 0.900268
117582000 0.900268
117583000 0.900268
117584000 0.900268
117585000 0.900268
117586000 0.900268
117587000 0.900268
117588000 0.900268
117589000 0.900268
117590000 0.900268
117591000 0.900268
117592000 0.900268
117593000 0.900268
117594000 0.900268
117595000 0.900268
117596000 0.900268
117597000 0.900268
117598000 0.900268
117599000 0.900268
117600000 0.900268
117601000 0.900268
117602000 0.900268
117603000 0.900268
117604000 0.900268
117605000 0.900268
117606000 0.900268
117607000 0.900268
117608000 0.900268
117609000 0.900268
117610000 0.900268
117611000 0.900268
117612000 0.900268
117613000 0.900268
117614000 0.900268
117615000 0.900268
117616000 0.900268
117617000 0.900268
117618000 0.900268
117619000 0.900268
117620000 0.900268
117621000 0.900268
117622000 0.900268
117623000 0.900268
117624000 0.900268
117625000 0.900268
117626000 0.900268
117627000 0.900268
117628000 0.900268
117629000 0.900268
117630000 0.900268
117631000 0.900268
117632000 0.900268
117633000 0.900268
117634000 0.900268
117635000 0.900268
117636000 0.900268
117637000 0.900268
117638000 0.900268
117639000 0.900268
117640000 0.900268
117641000 0.900268
117642000 0.900268
117643000 0.900268
117644000 0.900268
117645000 0.900268
117646000 0.900268
117647000 0.900268
117648000 0.900268
117649000 0.900268
117650000 0.900268
117651000 0.900268
117652000 0.900268
117653000 0.900268
117654000 0.900268
117655000 0.900268
117656000 0.900268
117657000 0.900268
117658000 0.900268
117659000 0.900268
117660000 0.900268
117661000 0.900268
117662000 0.900268
117663000 0.900268
117664000 0.900268
117665000 0.900268
117666000 0.900268
117667000 0.900268
117668000 0.900268
117669000 0.900268
117670000 0.900268
117671000 0.900268
117672000 0.900268
117673000 0.900268
117674000 0.900268
117675000 0.900268
117676000 0.900268
117677000 0.900268
117678000 0.900268
117679000 0.900268
117680000 0.900268
117681000 0.900268
117682000 0.900268
117683000 0.900268
117684000 0.900268
117685000 0.900268
117686000 0.900268
117687000 0.900268
117688000 0.900268
117689000 0.900268
117690000 0.900268
117691000 0.900268
117692000 0.900268
117693000 0.900268
117694000 0.900268
117695000 0.900268
117696000 0.900268
117697000 0.900268
117698000 0.900268
117699000 0.900268
117700000 0.900268
117701000 0.900268
117702000 0.900268
117703000 0.900268
117704000 0.900268
117705000 0.900268
117706000 0.900268
117707000 0.900268
117708000 0.900268
117709000 0.900268
117710000 0.900268
117711000 0.900268
117712000 0.900268
117713000 0.900268
117714000 0.900268
117715000 0.900268
117716000 0.900268
117717000 0.900268
117718000 0.900268
117719000 0.900268
117720000 0.900268
117721000 0.900268
117722000 0.900268
117723000 0.900268
117724000 0.900268
117725000 0.900268
117726000 0.900268
117727000 0.900268
117728000 0.900268
117729000 0.900268
117730000 0.900268
117731000 0.900268
117732000 0.900268
117733000 0.900268
117734000 0.900268
117735000 0.900268
117736000 0.900268
117737000 0.900268
117738000 0.900268
117739000 0.900268
117740000 0.900268
117741000 0.900268
117742000 0.900268
117743000 0.900268
117744000 0.900268
117745000 0.900268
117746000 0.900268
117747000 0.900268
117748000 0.900268
117749000 0.900268
117750000 0.900268
117751000 0.900268
117752000 0.900268
117753000 0.900268
117754000 0.900268
117755000 0.900268
117756000 0.900268
117757000 0.900268
117758000 0.900268
117759000 0.900268
117760000 0.900268
117761000 0.900268
117762000 0.900268
117763000 0.900268
117764000 0.900268
117765000 0.900268
117766000 0.900268
117767000 0.900268
117768000 0.900268
117769000 0.900268
117770000 0.900268
117771000 0.900268
117772000 0.900268
117773000 0.900268
117774000 0.900268
117775000 0.900268
117776000 0.900268
117777000 0.900268
117778000 0.900268
117779000 0.900268
117780000 0.900268
117781000 0.900268
117782000 0.900268
117783000 0.900268
117784000 0.900268
117785000 0.900268
117786000 0.900268
117787000 0.900268
117788000 0.900268
117789000 0.900268
117790000 0.900268
117791000 0.900268
117792000 0.900268
117793000 0.900268
117794000 0.900268
117795000 0.900268
117796000 0.900268
117797000 0.900268
117798000 0.900268
117799000 0.900268
117800000 0.900268
117801000 0.900268
117802000 0.900268
117803000 0.900268
117804000 0.900268
117805000 0.900268
117806000 0.900268
117807000 0.900268
117808000 0.900268
117809000 0.900268
117810000 0.900268
117811000 0.900268
117812000 0.900268
117813000 0.900268
117814000 0.900268
117815000 0.900268
117816000 0.900268
117817000 0.900268
117818000 0.900268
117819000 0.900268
117820000 0.900268
117821000 0.900268
117822000 0.900268
117823000 0.900268
117824000 0.900268
117825000 0.900268
117826000 0.900268
117827000 0.900268
117828000 0.900268
117829000 0.900268
117830000 0.900268
117831000 0.900268
117832000 0.900268
117833000 0.900268
117834000 0.900268
117835000 0.900268
117836000 0.900268
117837000 0.900268
117838000 0.900268
117839000 0.900268
117840000 0.900268
117841000 0.900268
117842000 0.900268
117843000 0.900268
117844000 0.900268
117845000 0.900268
117846000 0.900268
117847000 0.900268
117848000 0.900268
117849000 0.900268
117850000 0.900268
117851000 0.900268
117852000 0.900268
117853000 0.900268
117854000 0.900268
117855000 0.900268
117856000 0.900268
117857000 0.900268
117858000 0.900268
117859000 0.900268
117860000 0.900268
117861000 0.900268
117862000 0.900268
117863000 0.900268
117864000 0.900268
117865000 0.900268
117866000 0.900268
117867000 0.900268
117868000 0.900268
117869000 0.900268
117870000 0.900268
117871000 0.900268
117872000 0.900268
117873000 0.900268
117874000 0.900268
117875000 0.900268
117876000 0.900268
117877000 0.900268
117878000 0.900268
117879000 0.900268
117880000 0.900268
117881000 0.900268
117882000 0.900268
117883000 0.900268
117884000 0.900268
117885000 0.900268
117886000 0.900268
117887000 0.900268
117888000 0.900268
117889000 0.900268
117890000 0.900268
117891000 0.900268
117892000 0.900268
117893000 0.900268
117894000 0.900268
117895000 0.900268
117896000 0.900268
117897000 0.900268
117898000 0.900268
117899000 0.900268
117900000 0.900268
117901000 0.900268
117902000 0.900268
117903000 0.900268
117904000 0.900268
117905000 0.900268
117906000 0.900268
117907000 0.900268
117908000 0.900268
117909000 0.900268
117910000 0.900268
117911000 0.900268
117912000 0.900268
117913000 0.900268
117914000 0.900268
117915000 0.900268
117916000 0.900268
117917000 0.900268
117918000 0.900268
117919000 0.900268
117920000 0.900268
117921000 0.900268
117922000 0.900268
117923000 0.900268
117924000 0.900268
117925000 0.900268
117926000 0.900268
117927000 0.900268
117928000 0.900268
117929000 0.900268
117930000 0.900268
117931000 0.900268
117932000 0.900268
117933000 0.900268
117934000 0.900268
117935000 0.900268
117936000 0.900268
117937000 0.900268
117938000 0.900268
117939000 0.900268
117940000 0.900268
117941000 0.900268
117942000 0.900268
117943000 0.900268
117944000 0.900268
117945000 0.900268
117946000 0.900268
117947000 0.900268
117948000 0.900268
117949000 0.900268
117950000 0.900268
117951000 0.900268
117952000 0.900268
117953000 0.900268
117954000 0.900268
117955000 0.900268
117956000 0.900268
117957000 0.900268
117958000 0.900268
117959000 0.900268
117960000 0.900268
117961000 0.900268
117962000 0.900268
117963000 0.900268
117964000 0.900268
117965000 0.900268
117966000 0.900267
117967000 0.900267
117968000 0.900267
117969000 0.900267
117970000 0.900267
117971000 0.900267
117972000 0.900267
117973000 0.900267
117974000 0.900267
117975000 0.900267
117976000 0.900267
117977000 0.900267
117978000 0.900267
117979000 0.900267
117980000 0.900267
117981000 0.900267
117982000 0.900267
117983000 0.900267
117984000 0.900267
117985000 0.900267
117986000 0.900267
117987000 0.900267
117988000 0.900267
117989000 0.900267
117990000 0.900267
117991000 0.900267
117992000 0.900267
117993000 0.900267
117994000 0.900267
117995000 0.900267
117996000 0.900267
117997000 0.900267
117998000 0.900267
117999000 0.900267
118000000 0.900267
