# Time-averaged data for fix output_pressure
# TimeStep v_pxx v_pyy v_pzz v_pxy v_pxz v_pyz c_thermo_press
10002000 821.615 345.083 583.05 -8.64479 -30.1175 64.5648 583.249
10003000 983.249 720.037 820.913 -24.1435 -27.4122 -10.4668 841.4
10004000 802.643 604.805 804.039 -190.104 35.8905 -37.3516 737.162
10005000 781.412 491.269 872.374 -105.71 -21.4256 43.5854 715.018
10006000 531.634 449.279 650.122 -161.055 -12.2506 46.4549 543.678
10007000 535.528 397.071 665.114 -38.5007 70.5557 -28.6127 532.571
10008000 590.829 380.859 642.4 -49.2309 91.2473 -84.1999 538.029
10009000 432.402 421.727 518.418 -122.016 -81.4009 -2.81333 457.515
10010000 351.648 412.295 563.813 -4.73458 41.1121 61.3707 442.586
10011000 354.94 358.645 558.672 -88.3487 10.8848 -102.798 424.086
10012000 556.473 403.99 664.011 -78.2538 -42.9724 69.1652 541.491
10013000 339.389 348.435 590.734 -27.6662 -11.5934 45.6435 426.186
10014000 477.957 381.534 678.767 -146.822 9.88735 50.5733 512.753
10015000 462.699 312.434 655.409 -83.5443 -18.723 1.47642 476.847
10016000 738.858 548.247 768.713 -21.0824 123.475 117.147 685.272
10017000 447.9 484.718 650.531 -72.201 129.497 101.36 527.716
10018000 447.956 378.835 766.94 -26.9309 15.4519 106.799 531.244
10019000 567.276 330.445 670.624 -10.1358 -55.9043 -36.8746 522.782
10020000 434.917 227.803 614.339 -39.509 -63.2036 71.3935 425.687
10021000 537.979 313.116 603.937 -8.68638 -13.1831 67.8786 485.011
10022000 426.319 204.598 636.728 50.7163 -65.6256 19.1911 422.548
10023000 426.085 323.796 822.332 47.165 -121.844 35.8126 524.071
10024000 612.686 391.231 741.088 24.1209 -149.046 105.411 581.668
10025000 624.999 427.385 655.766 144.424 -124.247 -29.7603 569.383
10026000 420.277 551.603 680.158 29.0392 -132.935 21.4798 550.679
10027000 492.218 372.755 715.721 -38.0465 -93.9755 -39.347 526.898
10028000 380.723 241.705 744.45 -63.6794 -92.5088 -14.1004 455.626
10029000 408.15 190.357 714.004 14.0063 -78.317 -122.502 437.504
10030000 332.589 151.691 538.409 -57.5553 -72.1158 -62.2063 340.896
10031000 281.714 158.741 600.312 -12.3452 -110.131 -44.2135 346.922
10032000 298.707 288.254 464.818 36.847 -90.9879 -119.485 350.593
10033000 196.559 223.708 496.63 27.726 -105.477 -71.2185 305.633
10034000 337.886 193.831 612.593 18.0722 -95.0038 -106.35 381.437
10035000 416.558 236.658 474.974 78.5432 16.948 -105.393 376.063
10036000 244.617 344.446 410.467 -63.1154 -68.049 -18.4073 333.177
10037000 223.021 255.07 414.133 -96.1587 -157.127 -82.4972 297.408
10038000 354.139 231.778 553.354 119.959 -151.643 -99.7185 379.757
10039000 481.024 261.879 649.358 87.9493 -63.5808 -44.1257 464.087
10040000 345.212 268.433 640.899 94.5886 -104.868 -31.4824 418.181
10041000 323.706 239.245 531.68 0.939114 -71.3859 -19.1748 364.877
10042000 308.411 29.8823 551.913 -50.0295 -94.7386 -103.034 296.735
10043000 150.82 71.8929 367.46 -33.2813 0.299955 -16.1852 196.724
10044000 175.719 72.2175 410.068 -80.7999 -82.2937 -109.585 219.335
10045000 164.665 6.13619 395.11 -46.8417 -29.4433 -25.8851 188.637
10046000 271.253 282.108 468.386 -131.293 -48.6575 -69.3828 340.582
10047000 205.379 110.177 455.372 -101.41 -43.0488 -81.1645 256.976
10048000 275.431 215.891 537.508 -177.594 -9.91525 -46.9892 342.943
10049000 167.721 81.7349 444.506 -19.5266 -99.339 -88.9473 231.321
10050000 235.771 263.83 558.417 -135.084 -93.7513 30.03 352.672
10051000 207.109 210.572 506.338 -22.7591 -59.7969 -51.293 308.006
10052000 287.725 160.165 438.813 18.3963 -139.135 -122.378 295.568
10053000 239.905 247.937 347.08 -53.2516 -172.281 -80.6186 278.308
10054000 276.497 155.113 377.518 -97.2557 -151.12 -77.7786 269.709
10055000 70.0985 78.5987 404.455 -162.772 -37.3901 -93.4594 184.384
10056000 254.141 100.592 345.934 -152.723 -44.841 -123.268 233.556
10057000 224.141 36.6511 156.398 -119.202 -51.6971 -102.723 139.063
10058000 364.082 125.557 419.262 -111.245 -84.6405 -141.513 302.967
10059000 153.343 86.7463 91.9832 -100.85 -108.356 -34.5357 110.691
10060000 175.889 -171.063 312.508 -90.0154 -73.4907 -95.0775 105.778
10061000 194.888 22.7867 351.697 -138.211 -116.769 -149.798 189.791
10062000 320.228 -64.0265 377.751 -76.4733 -43.0811 -90.9185 211.317
10063000 248.994 80.9608 322.193 -172.298 -25.9358 -141.567 217.383
10064000 169.465 -76.4333 238.254 -149.679 -42.4703 -124.891 110.428
10065000 -21.3774 -121.046 292.224 -10.8794 18.1095 -131.072 49.9335
10066000 222.403 51.7634 316.005 -173.012 -98.9429 -86.8454 196.724
10067000 72.8786 177.299 280.935 -157.309 -179.012 -123.967 177.038
10068000 269.616 129.357 141.977 -135.861 -134.456 -88.5073 180.317
10069000 177.888 84.4358 127.622 -101.184 -123.605 -102.17 129.982
10070000 207.953 106.895 156.097 -52.7135 -148.182 -84.5864 156.982
10071000 104.224 -71.3064 381.322 8.45753 -95.7561 -77.6015 138.08
10072000 177.146 -38.6382 280.22 -81.4176 -137.697 -98.6271 139.576
10073000 222.273 128.046 153.949 -148.871 -163.781 -13.3295 168.089
10074000 202.904 210.765 153.154 -51.5208 -75.9203 -87.3094 188.941
10075000 117.074 193.987 90.0139 6.09071 22.9984 15.2769 133.692
10076000 196.397 227.038 237.446 -135.875 -100.934 -9.92114 220.293
10077000 181.887 66.3564 165.455 -65.3558 -102.595 -75.8994 137.9
10078000 229.995 197.399 403.879 -12.383 -120.884 -152.326 277.091
10079000 193.132 158.83 159.456 -27.1224 -118.62 -67.7299 170.472
10080000 196.973 276.504 110.367 3.58393 -71.8833 -38.2977 194.615
10081000 111.081 106.513 182.964 -83.4169 -66.6543 -24.9478 133.52
10082000 175.462 258.364 140.65 -32.6523 -83.7057 -30.9435 191.492
10083000 37.6043 154.901 138.983 -8.89805 -131.104 -223.377 110.496
10084000 225.539 126.399 180.145 -118.346 -32.4576 -29.4578 177.361
10085000 233.918 85.1528 121.318 -7.15729 -43.9563 -106.517 146.796
10086000 51.5244 138.933 -126.22 -70.2319 -87.4815 -29.0366 21.4123
10087000 194.856 283.651 -8.64318 2.11785 4.58143 -98.9485 156.621
10088000 205.806 338.436 240.24 -41.9147 -54.9769 -43.8272 261.494
10089000 84.8609 98.4547 323.154 -39.7036 -32.9067 22.7243 168.823
10090000 167.845 525.085 342.034 -55.2403 -51.6396 18.1832 344.988
10091000 147.133 388.152 334.083 -41.2823 -79.3426 0.170434 289.789
10092000 82.9636 73.9317 283.681 -29.0447 -150.687 -63.77 146.859
10093000 132.87 139.006 134.313 47.9655 -59.7078 120.047 135.396
10094000 34.0028 116.875 149.03 -39.893 -88.3273 7.40165 99.9691
10095000 128.755 300.16 295.527 11.1335 -16.7009 58.2671 241.481
10096000 91.2138 288.314 372.821 -39.679 38.1842 -33.3043 250.783
10097000 41.4667 96.9112 308.79 10.1821 -56.755 -128.861 149.056
10098000 98.1898 123.38 166.553 -33.306 -93.5967 -94.0797 129.374
10099000 50.5958 27.0801 235.5 -80.0231 -8.24386 -21.767 104.392
10100000 -30.6695 38.7067 69.1306 -39.3654 26.1553 -63.5144 25.7226
10101000 -79.4434 108.835 262.983 -92.2312 -38.3766 -123.906 97.458
10102000 58.6661 52.4788 165.923 -7.85556 -105.088 -175.987 92.356
10103000 30.6627 129.914 102.676 -91.5495 -137.409 -71.6494 87.7511
10104000 154.808 184.764 59.5787 -89.7067 -101.328 -53.8357 133.05
10105000 5.88528 -42.8496 64.1581 -70.104 -92.3296 -87.3735 9.0646
10106000 95.3992 -73.5685 152.142 0.751184 -54.6555 17.1336 57.9908
10107000 25.0705 -166.209 289.886 -11.3388 -138.147 -43.8639 49.5827
10108000 153.67 82.8357 179.25 41.5734 -74.5462 -73.7508 138.585
10109000 68.822 116.924 110.39 -45.1982 -144.765 -17.0615 98.712
10110000 193.608 228.137 287.113 16.2347 9.64301 30.3086 236.286
10111000 157.937 81.1259 271.709 -108.902 -35.6162 -128.129 170.257
10112000 191.014 -3.96446 43.1241 93.2794 -13.8915 1.15732 76.7247
10113000 59.4093 67.8755 78.8619 32.364 -95.9456 39.6451 68.7156
10114000 102.543 -11.6276 49.7968 37.784 -62.8749 -35.2293 46.9041
10115000 134.336 137.027 150.959 -66.1507 -88.9979 62.4576 140.774
10116000 233.889 118.971 -1.33527 -26.813 59.367 -62.6588 117.175
10117000 234.715 114.198 74.5388 -242.396 0.120346 92.8193 141.151
10118000 292.509 159.513 172.654 -48.7521 -84.6644 -46.9415 208.225
10119000 215.738 10.9483 69.3171 -93.4951 -50.2637 -100.279 98.6679
10120000 249.068 84.9446 17.1212 -62.8931 -106.349 -9.34097 117.045
10121000 -18.6327 -2.92864 56.1722 -16.4293 -149.46 -119.135 11.5369
10122000 69.6158 -82.1868 -16.0091 -45.3968 -117.502 63.298 -9.52669
10123000 -1.42645 -58.7699 -32.3874 -118.127 -89.9643 8.48508 -30.8612
10124000 57.5813 -144.699 -17.353 -53.4377 -52.3529 46.9424 -34.8237
10125000 126.432 -11.4379 91.8893 -74.8564 -122.751 46.8442 68.961
10126000 140.49 78.0304 21.4056 -120.102 -84.1261 -32.9425 79.9754
10127000 49.7204 96.5276 -44.1693 -161.673 -62.3382 36.4406 34.0262
10128000 -60.4531 -80.6057 -31.8372 -157.632 47.6085 -9.22661 -57.632
10129000 35.5817 226.327 169.118 -26.1528 -97.8474 -92.3167 143.676
10130000 -8.69275 85.0132 238.293 -35.0196 -55.7194 -53.829 104.871
10131000 -36.5993 85.3658 115.567 -45.334 -75.5923 -3.55965 54.7777
10132000 3.69185 88.0834 130.732 -48.584 -136.245 -104.906 74.1689
10133000 107.692 -18.2282 112.587 -169.585 -52.5912 -117.708 67.3502
10134000 138.211 111.229 128.605 -22.6769 -88.4106 -118.287 126.015
10135000 161.153 148.368 224.375 -204.484 -69.1446 -79.6389 177.965
10136000 18.5729 -124.229 14.3885 -63.1433 -95.6791 -48.8836 -30.4225
10137000 -93.5084 -76.3532 114.613 -63.6903 -47.5741 -4.89851 -18.4163
10138000 -6.85175 50.143 20.2177 -1.15502 -97.4022 -25.0394 21.1696
10139000 -52.2914 -1.824 29.0556 -84.1772 -128.871 28.0088 -8.35327
10140000 -25.2416 137.343 138.581 -11.746 -24.7921 -84.2422 83.5608
10141000 199.48 172.673 151.757 -115.534 -38.1169 -137.619 174.637
10142000 -99.5204 36.6706 87.0167 -54.1245 -3.08652 -66.9767 8.05563
10143000 99.4082 122.874 170.097 -107.544 15.5868 -138.877 130.793
10144000 8.5622 36.3 123.672 -81.3596 -30.7407 -102.865 56.1782
10145000 48.9414 106.007 133.397 -2.52638 -127.488 -121.708 96.1151
10146000 101.357 -144.759 220.092 9.50892 -117.634 -110.705 58.8968
10147000 87.6838 29.8247 152.538 81.6202 -118.359 -33.1617 90.0156
10148000 -65.7712 -11.7827 -18.8242 37.7371 -12.0483 -17.3789 -32.126
10149000 -146.957 -73.9866 -22.7823 -18.6178 -54.687 25.214 -81.2418
10150000 -76.9123 -41.6027 73.9035 -11.2072 50.6785 125.124 -14.8705
10151000 -32.087 25.0422 13.9791 -32.453 -112.983 91.1219 2.31142
10152000 -27.3594 -99.6617 -25.506 26.3148 -57.5383 56.285 -50.8424
10153000 46.8815 209.679 118.273 -42.261 -17.2892 41.4531 124.944
10154000 -89.1834 -130.637 -26.9111 22.8734 -62.6474 6.61801 -82.244
10155000 -32.877 -112.603 12.8102 87.0568 -108.03 -48.6734 -44.2234
10156000 -164.146 50.5844 41.553 90.0247 -114.128 -62.5436 -24.0028
10157000 -189.127 -97.3089 -148.925 30.4846 -52.0458 54.3518 -145.12
10158000 -111.639 -179.919 -48.9327 -121.368 -117.209 41.9701 -113.497
10159000 -99.6868 55.6965 -44.9301 -59.061 -132.557 9.01971 -29.6401
10160000 -124.899 -137.547 10.9482 20.9488 46.3477 -10.3884 -83.8325
10161000 -158.365 -187.721 -58.8 -86.7557 15.8928 16.3183 -134.962
10162000 0.517663 -71.5628 -201.757 -4.42487 -53.4537 -21.3343 -90.9339
10163000 -255.945 -207.116 -27.1 22.23 -8.68114 21.7435 -163.387
10164000 -97.766 -261.273 68.9316 -11.3251 -65.5539 -49.5126 -96.7024
10165000 8.24069 32.2387 42.853 -38.7227 -61.8696 7.04697 27.7774
10166000 -25.2043 -143.721 86.0206 0.743033 -44.1645 -47.1152 -27.6349
10167000 -77.8651 -210.538 -48.2656 -6.85519 -2.03274 -36.3267 -112.223
10168000 -122.459 -40.9593 -77.458 6.76028 -44.6198 -20.8859 -80.2922
10169000 -104.597 -133.081 -68.0338 -43.7743 -83.5445 -92.5028 -101.904
10170000 -33.684 -37.0011 -14.39 -103.852 -26.3652 -49.2481 -28.3584
10171000 -147.3 -174.379 -201.902 -110.206 -3.92488 -53.7049 -174.527
10172000 -135.594 -188.651 -84.984 2.88538 -22.7418 -0.0483838 -136.41
10173000 43.3858 -89.221 -15.6321 2.05432 81.485 -57.1994 -20.4891
10174000 9.32997 93.5572 -179.591 30.8715 78.6049 -58.0708 -25.5679
10175000 -89.8619 -5.4002 -51.0685 20.8142 -7.1242 -24.4827 -48.7769
10176000 -68.7774 66.1694 -10.8388 -8.21347 65.9449 53.1085 -4.48227
10177000 -57.9838 103.94 -34.9874 -20.4023 29.705 153.966 3.65609
10178000 -151.481 -72.3039 -39.4544 -85.9521 -57.4502 177.432 -87.7464
10179000 -157.028 -293.081 -123.914 -57.4862 -82.4145 35.6567 -191.341
10180000 -285.162 -59.1808 -25.4271 -95.273 -0.00080907 3.20439 -123.257
10181000 -164.988 44.7944 -54.6388 -21.5182 -61.7799 46.3974 -58.2774
10182000 -104.796 -60.0407 -59.6385 -149.788 -53.4362 44.0024 -74.825
10183000 -125.825 -77.5725 -111.454 -48.8384 -76.8793 -37.5279 -104.95
10184000 -18.5973 -110.101 -64.6509 -152.176 -38.6537 -92.3529 -64.4497
10185000 -103.165 40.0065 -33.9904 -116.679 -72.9798 -71.3721 -32.3831
10186000 -55.0632 -29.2635 30.2845 -80.9443 -97.1519 -43.5614 -18.0141
10187000 -102.341 -95.9856 6.66588 -1.79845 -49.6775 -10.1205 -63.887
10188000 -42.7636 -66.1091 -28.9864 31.6666 -63.4504 -79.0858 -45.953
10189000 81.7482 -129.368 25.3395 -5.40947 5.08202 -9.04397 -7.42686
10190000 -126.459 -144.167 33.1287 -63.6905 -25.6237 -33.8865 -79.1658
10191000 103.102 98.3949 143.978 38.1438 -23.9377 5.47131 115.158
10192000 -82.359 -181.321 -72.137 -21.5288 -88.0535 4.53293 -111.939
10193000 -198.849 -131.7 89.1803 -120.097 -77.8765 -83.7948 -80.4563
10194000 -119.868 -134.1 17.691 -155.29 -94.1761 -37.7438 -78.7588
10195000 -153.187 -90.9593 -25.2514 -58.9179 -25.0958 -3.79207 -89.7993
10196000 -168.398 -6.88388 -99.9419 -50.0829 23.3087 -20.8525 -91.7412
10197000 -13.0477 -175.931 -74.2193 -50.2497 30.9396 -24.4502 -87.7327
10198000 -53.2313 -121.409 -11.9032 -147.964 72.81 -72.479 -62.1812
10199000 -176.873 54.0532 -66.9699 1.88608 -18.6216 -34.0712 -63.2631
10200000 -22.508 -37.2303 -145.414 -23.4856 -24.6838 0.737968 -68.3841
10201000 -253.519 -146.347 -400.69 0.796469 28.2816 -21.6274 -266.852
10202000 -211.798 -79.5424 -65.6121 -79.0753 -26.8469 -126.761 -118.984
10203000 -69.9888 -192.62 11.276 -102.092 -31.1028 -66.8189 -83.7775
10204000 -107.155 -92.2997 -202.54 -1.78304 -17.4356 -114.131 -133.998
10205000 19.0706 -127.606 -66.4167 -120.965 -57.8926 -76.5153 -58.3172
10206000 37.1132 141.896 -153.289 -60.3384 36.6398 -121.598 8.57339
10207000 -2.79795 122.946 -15.9119 -54.2637 68.4495 -58.6494 34.7453
10208000 -256.708 -116.237 -86.6769 -5.55331 -24.6923 -83.5392 -153.207
10209000 15.3005 -62.7194 -51.3582 45.9449 60.9708 41.0667 -32.9257
10210000 -12.2176 -47.2719 36.7045 -120.402 63.1857 15.1605 -7.59502
10211000 1.9475 -37.7987 -161.56 -98.9505 -1.14672 95.2576 -65.8037
10212000 154.149 59.1219 -86.3097 -61.8201 -47.0854 4.45366 42.3203
10213000 103.433 144.684 -162.25 80.2883 -42.9052 -4.87117 28.6225
10214000 -33.3089 46.825 -73.363 -66.685 -99.7557 2.09803 -19.949
10215000 50.7405 105.387 8.17573 -84.6135 -125.627 39.0398 54.7679
10216000 -100.575 -22.4435 -85.0716 -155.252 -73.4615 1.48333 -69.3634
10217000 -177.011 156.696 71.9084 -15.3163 6.29242 -2.32542 17.1979
10218000 -208.009 20.0859 -13.6403 -106.236 36.3558 0.575423 -67.1877
10219000 -211.225 22.4639 -83.1963 -80.9195 -39.9503 -14.3159 -90.6524
10220000 -155.749 -87.2241 -38.1012 -131.787 -48.8548 -17.0831 -93.6915
10221000 -42.5003 -196.71 -122.939 -35.0193 -107.77 -18.8556 -120.716
10222000 -224.219 -63.0292 -39.2931 -27.1991 -66.4391 68.3702 -108.847
10223000 -288.516 -216.018 -27.3952 31.5661 -57.6781 105.407 -177.31
10224000 -237.348 -90.803 -74.7524 -31.8512 -7.70468 -43.0857 -134.301
10225000 -19.659 -50.4679 -84.7754 -65.2163 23.8202 -11.4015 -51.6341
10226000 -150.837 -58.9899 -60.5369 21.4137 -21.9018 -8.41681 -90.1213
10227000 -204.364 -59.6806 -141.699 -124.586 -122.773 20.175 -135.248
10228000 -207.213 -140.284 -258.934 -68.657 -124.918 94.7475 -202.144
10229000 -120.222 -136.055 -49.8414 -97.0718 -96.6672 73.4106 -102.039
10230000 -276.305 -0.068642 -162.701 -170.235 -17.57 18.2041 -146.358
10231000 -274.614 38.0286 -157.598 -155.639 -71.5963 126.868 -131.395
10232000 -203.615 -228.604 -25.5582 -143.302 -78.2115 96.5212 -152.592
10233000 -377.946 -166.374 -187.116 -94.8537 -86.071 108.476 -243.812
10234000 -208.294 -76.4878 21.5558 -80.0547 -71.6133 156.199 -87.7422
10235000 -272.384 -218.963 -63.2286 -166.605 -85.7378 129.8 -184.859
10236000 -358.858 -152.579 -35.4028 -81.7656 22.9311 157.246 -182.28
10237000 -375.919 -124.948 -178.904 -138.52 -5.30953 48.4774 -226.59
10238000 -105.399 -10.7079 -177.764 -119.797 -54.774 109.787 -97.9571
10239000 -293.219 -76.8222 -67.6473 -74.0342 68.2368 82.1484 -145.896
10240000 -239.619 -107.027 -140.167 -183.677 11.4273 97.7616 -162.271
10241000 -279.333 -56.5252 -117.718 -71.7389 -0.900865 93.6163 -151.192
10242000 -240.81 -197.449 -193.55 -126.976 54.4624 156.29 -210.603
10243000 -159.298 -41.2178 -130.551 -102.025 17.8823 151.63 -110.355
10244000 -189.251 -284.555 -61.4371 -244.127 -21.4797 125.761 -178.415
10245000 -284.915 -219.83 -106.182 -118.269 -17.8279 72.2084 -203.642
10246000 -309.294 -82.0497 -144.915 -174.795 -29.2323 46.5863 -178.753
10247000 -334.595 -315.444 -274.366 -103.361 29.1874 37.1216 -308.135
10248000 -161.846 -225.963 -114.003 -166.979 40.2018 32.5153 -167.271
10249000 -129.546 -154.91 -174.965 -188.52 -48.4679 139.634 -153.14
10250000 -45.3505 -97.9749 -66.7897 -211.744 -48.9255 116.782 -70.0384
10251000 -315.102 -324.099 -251.07 -177.237 -46.2409 41.7398 -296.757
10252000 -233.153 -216.789 -123.265 -205.347 -89.3021 80.0914 -191.069
10253000 -111.116 -213.948 -278.229 -43.0677 -54.5706 97.3207 -201.098
10254000 -87.3673 -57.2295 -190.669 -12.6539 -67.4533 61.4337 -111.755
10255000 -109.221 -129.459 -114.096 -58.4872 -49.6601 49.3776 -117.592
10256000 -265.862 -357.476 -242.597 -61.7414 -32.2855 -7.93499 -288.645
10257000 -205.842 -112.283 -58.5307 -45.0698 -85.5773 54.8103 -125.552
10258000 -44.6202 0.397314 -235.534 27.371 -164.238 49.1736 -93.2523
10259000 -141.386 -83.5611 -246.606 -33.9946 -121.432 3.46449 -157.184
10260000 -199.208 -71.0696 -176.604 5.4915 -65.3943 9.57956 -148.961
10261000 -198.494 -123.75 -235.189 24.1694 -53.8093 76.5905 -185.811
10262000 -103.079 -188.418 -224.813 77.0411 -134.219 58.9109 -172.103
10263000 -48.8796 -82.4319 -125.146 -14.1519 -30.8262 34.5897 -85.486
10264000 -133.015 -147.395 -157.465 101.539 -91.6503 -28.4529 -145.958
10265000 -237.126 10.6338 -81.414 80.2467 -173.689 -68.864 -102.636
10266000 -294.829 -99.4975 -325.592 4.33781 -225.769 -4.01692 -239.973
10267000 -65.9176 -149.349 -182.987 -10.4966 -116.008 -50.4859 -132.751
10268000 -226.062 -257.13 -86.4662 37.5713 -150.817 -51.9398 -189.886
10269000 -158.802 -243.686 -64.1816 44.8716 -102.508 -2.68023 -155.557
10270000 -101.55 -167.148 -136.139 50.721 -22.5762 129.655 -134.946
10271000 -218.125 -122.042 -154.674 -35.0939 -58.4281 22.1969 -164.947
10272000 -299.201 -94.6759 -256.643 -29.4657 -36.2791 -13.5165 -216.84
10273000 -95.6448 -58.5411 -186.024 3.74756 -29.7776 13.0631 -113.403
10274000 -322.322 -186.993 -278.536 -15.5133 -59.3562 -80.563 -262.617
10275000 -292.488 -152.837 -185.215 -38.0594 34.7894 22.5022 -210.18
10276000 -265.561 7.43265 -127.818 9.36682 40.7258 37.7176 -128.649
10277000 -322.749 -154.723 -224.433 -82.5471 -5.0221 1.347 -233.969
10278000 -262.476 -300.138 -292.35 -55.2391 -22.9888 -2.62153 -284.988
10279000 -265.114 -219.292 -290.932 -1.72349 -5.35276 47.6733 -258.446
10280000 -330.671 -85.6714 -391.167 -89.1379 -43.0466 -52.4169 -269.17
10281000 -63.1249 -18.8869 -178.358 -52.2685 -61.1797 63.5198 -86.7899
10282000 -42.8022 57.9211 -149.344 -46.2367 -28.3135 -108.115 -44.7417
10283000 -94.5452 121.858 -151.909 -148.438 -49.5272 -27.8657 -41.5322
10284000 -139.131 -89.5115 -205.899 -142.48 33.0173 24.5683 -144.847
10285000 -65.477 -66.0506 -119.277 -95.0894 -52.4317 -17.5409 -83.6014
10286000 -80.8278 -183.086 -177.543 -76.6862 -47.0125 34.7346 -147.152
10287000 -121.894 -184.942 -150.367 -62.5113 -33.6857 47.3562 -152.401
10288000 -231.651 -242.326 -282.044 -81.914 -57.4487 -30.4895 -252.007
10289000 -64.4493 -53.84 -262.284 -42.7467 50.3564 34.0515 -126.858
10290000 -193.733 -292.653 -356.832 -88.8026 -28.2957 57.0923 -281.073
10291000 -61.5353 -292.633 -132.428 -42.5684 -37.6853 162.35 -162.199
10292000 -22.4077 -139.418 -70.1958 -9.65369 -58.669 155.854 -77.3405
10293000 -18.8614 -68.6336 -128.624 -38.5007 -64.352 118.078 -72.0396
10294000 -141.435 -124.283 -194.825 -134.4 -26.8268 105.125 -153.515
10295000 15.6443 -50.7932 -149.82 -56.1268 -36.8887 73.2486 -61.6564
10296000 -16.8916 -125.912 -142.746 -94.6868 -15.5061 99.0837 -95.1832
10297000 -214.873 -225.436 -228.03 -46.13 -27.7921 99.1166 -222.78
10298000 2.67145 19.3321 -104.884 -30.9968 -34.7498 49.4967 -27.6267
10299000 -25.7426 75.9642 -63.0854 -89.56 19.0472 221.27 -4.28791
10300000 -81.4375 134.139 28.2524 8.083 -66.7031 96.8234 26.9848
10301000 -37.1958 -18.6944 -4.55763 1.92181 -126.151 95.2298 -20.1493
10302000 -94.0485 47.8695 -133.218 -46.3356 -89.336 151.805 -59.7991
10303000 -172.244 -85.3729 -59.1115 -32.1963 -132.38 -56.0658 -105.576
10304000 -151.137 35.9081 -188.293 -91.0514 83.5883 9.45059 -101.174
10305000 -128.002 -14.3162 -63.2449 -79.8016 -32.6163 35.303 -68.521
10306000 -139.179 6.54265 -77.6333 -40.7399 -29.153 108.263 -70.09
10307000 -191.393 -80.3871 -268.758 -72.5243 -83.5495 104.282 -180.179
10308000 2.73835 -180.966 -218.2 -124.209 -79.2103 70.4593 -132.143
10309000 -64.5886 -212.634 -180.799 -161.42 -49.0917 32.0596 -152.674
10310000 -206.439 -128.297 -247.855 -124.261 -73.0696 44.5491 -194.197
10311000 -47.2512 4.82623 -298.53 -36.0551 -14.601 16.0049 -113.652
10312000 -174.811 -356.641 -308.362 -38.5163 11.7132 -28.1605 -279.938
10313000 -249.788 -192.884 -179.302 22.2483 -32.6202 30.0327 -207.325
10314000 78.1387 99.0393 -25.8323 -5.71907 49.6678 127.777 50.4486
10315000 -59.1552 11.8917 -210.04 -27.6281 -9.08368 22.3038 -85.7678
10316000 -275.651 -63.5469 -318.829 -38.7405 -59.5073 -50.4766 -219.342
10317000 -81.5748 -152.865 -245.933 -6.82796 62.1378 -55.9367 -160.124
10318000 -108.883 -36.0388 -98.3975 54.1003 31.1471 -72.525 -81.1064
10319000 -90.1332 -91.8317 -128.6 49.1201 -26.1343 -33.9636 -103.522
10320000 -205.848 -176.52 -254.229 -53.3023 15.6762 -77.1134 -212.199
10321000 -204.168 -81.0642 -241.862 -64.4081 -60.2881 -116.794 -175.698
10322000 -236.207 116.235 -158.807 -2.66917 74.1829 -49.1231 -92.9262
10323000 -182.098 -3.93621 -304.396 -85.5771 -31.8584 -72.6034 -163.477
10324000 -31.5518 89.178 4.30264 -32.9574 -61.1198 -58.3744 20.643
10325000 -12.9374 34.6399 -80.5614 -54.6219 15.6671 -43.7198 -19.6196
10326000 -112.705 -205.98 -249.436 -79.5703 -99.0789 -33.183 -189.374
10327000 -97.7587 -276.526 -286.272 14.4468 -78.2286 -167.109 -220.186
10328000 -166.461 -155.198 -121.842 -32.0235 -1.06679 -76.1207 -147.834
10329000 -218.544 -180.137 9.75432 22.9621 -3.68307 -112.557 -129.642
10330000 -217.149 -239.839 -261.779 -84.9124 15.4856 -10.9398 -239.589
10331000 -156.972 -136.27 -298.639 -24.2492 -127.914 -18.1857 -197.294
10332000 -229.333 -167.678 -205.073 -84.5255 -81.7286 -0.736376 -200.695
10333000 -269.18 -159.396 -295.567 -71.9904 23.6639 -23.5666 -241.381
10334000 -26.645 -233.171 -162.701 51.1898 71.77 -42.3191 -140.839
10335000 -295.911 -378.761 -268.513 19.0695 -1.84446 -8.68594 -314.395
10336000 -193.587 -265.582 -318.424 -12.5568 -77.208 -22.5713 -259.198
10337000 -204.207 -134.519 -337.781 -15.605 -65.2476 -19.386 -225.502
10338000 -307.839 -283.647 -250.915 -45.3478 -46.4068 24.7225 -280.8
10339000 -400.293 -197.951 -373.861 -47.3981 -81.8695 39.9383 -324.035
10340000 -295.871 -185.387 -202.048 -14.0947 -165.926 35.4516 -227.768
10341000 -132.179 -231.097 -123.059 -66.9463 -161.253 -26.3838 -162.112
10342000 -177.072 -329.62 -246.97 -46.4955 -66.7194 -125.439 -251.221
10343000 -332.721 -319.794 -110.642 -26.1442 -41.871 -39.2962 -254.386
10344000 -158.534 -374.197 22.6373 -170.594 -157.481 -23.5968 -170.031
10345000 -99.0143 -173.173 11.21 -21.901 -81.8521 -65.8207 -86.9924
10346000 -109.986 -201.868 -80.8255 27.966 -91.8259 -72.74 -130.893
10347000 -214.571 -235.135 55.6623 -41.6895 -175.946 -41.7501 -131.348
10348000 -51.8608 -233.446 60.1366 22.3191 -74.0053 -12.5844 -75.0567
10349000 84.7826 -159.695 -25.9425 -59.895 -184.821 -95.6155 -33.6183
10350000 -101.645 -209.405 -133.626 -47.6762 -145.308 -87.9343 -148.226
10351000 -166.066 -116.241 -99.2868 9.35274 -46.5013 -142.213 -127.198
10352000 -36.0731 -255.018 40.4975 -53.5133 -18.808 -2.7353 -83.5311
10353000 -159.255 -227.257 -73.3361 -104.402 -9.85355 -62.371 -153.283
10354000 -149.343 -185.427 -21.168 -37.6807 2.73867 -28.4191 -118.646
10355000 -193.954 -269.524 -103.656 -129.041 -44.0425 43.1142 -189.045
10356000 -58.7031 -234.742 -33.9736 -47.3891 4.63578 30.1399 -109.14
10357000 -135.094 -183.328 -36.0865 -33.7782 -25.5414 9.12408 -118.169
10358000 -37.6765 -309.45 9.8289 -19.5596 -39.1892 -84.5545 -112.432
10359000 -97.3724 -111.22 71.6928 -4.56204 26.5035 -100.843 -45.6333
10360000 -88.1829 -114.084 50.2806 35.1042 -30.967 -58.3083 -50.6622
10361000 18.1111 -95.8265 110.174 54.2972 -26.082 39.3554 10.8194
10362000 -67.7348 -243.288 -227.338 10.3278 -90.2994 -53.1012 -179.454
10363000 -15.9573 -168.947 -126.344 -37.3877 -15.6657 -70.522 -103.749
10364000 -88.6729 -150.874 -41.3712 -68.4734 -16.2612 29.5689 -93.6395
10365000 -92.0826 -205.433 -29.4327 -72.1789 -73.6318 16.0147 -108.983
10366000 -185.843 -346.184 -193.889 -156.359 -46.6231 -55.4035 -241.972
10367000 -35.2988 -175.353 36.6921 14.6128 -8.59224 -89.1134 -57.9865
10368000 -51.8976 -202.043 53.0425 -27.4964 -87.0391 29.3185 -66.966
10369000 -234.087 -292.704 23.7486 14.1136 -62.3033 -21.6429 -167.681
10370000 -338.755 -259.303 -170.302 -36.2653 -36.4844 80.6675 -256.12
10371000 -341.433 -212.398 -101.32 -33.9168 -130.915 4.81467 -218.384
10372000 -211.871 -268.234 -86.7388 -32.5294 -49.4511 -22.78 -188.948
10373000 -252.353 -42.2214 -196.883 -93.8115 16.6109 5.56927 -163.819
10374000 -160.498 -198.83 -201.581 141.905 -16.6164 -101.024 -186.97
10375000 -257.761 -229.275 -159.634 134.49 -37.633 -37.7353 -215.557
10376000 -298.201 -295.02 -178.862 79.5367 -8.74982 -39.9154 -257.361
10377000 -244.608 -269.558 -165.158 21.0458 -26.3539 -66.4834 -226.441
10378000 -306.123 -288.874 -61.1758 29.382 -25.5639 -22.4356 -218.724
10379000 -245.645 -76.1983 65.5744 8.85484 -77.0196 -11.9956 -85.423
10380000 -152.173 -140.217 -28.3134 -16.6989 -74.5718 2.96469 -106.901
10381000 -185.224 -148.017 -68.172 -37.9905 -13.8685 -50.3033 -133.804
10382000 -179.992 -177.041 27.3435 -52.4133 -1.35624 -34.1339 -109.896
10383000 -148.891 -232.797 18.3665 11.0085 71.8267 -69.597 -121.107
10384000 -159.105 -207.352 -135.584 65.9721 50.6098 -82.4643 -167.347
10385000 -356.211 -285.061 -169.938 38.958 -7.63063 20.1911 -270.403
10386000 -243.549 -99.7184 -263.791 -0.52001 -15.3972 -34.1532 -202.353
10387000 -211.004 -102.287 -232.793 57.2653 -20.0874 -76.007 -182.028
10388000 -224.137 -306.748 -199.211 103.843 20.1299 -57.6378 -243.366
10389000 -181.331 -257.513 30.4884 44.3544 60.9931 15.8075 -136.119
10390000 -119.694 -253.58 -16.2029 57.5645 23.8719 9.22411 -129.825
10391000 -82.4714 -230.464 -46.9394 -76.7589 -20.8302 15.5914 -119.958
10392000 -320.467 -267.632 -93.4714 105.276 -54.1192 -66.8168 -227.19
10393000 -259.098 -152.585 -215.607 -28.2209 -4.74986 -90.6556 -209.097
10394000 -154.746 -149.531 -44.303 8.92607 -58.9068 -83.6652 -116.194
10395000 -194.245 -339.928 -115.565 2.88629 -57.6726 86.5882 -216.579
10396000 -273.761 -156.017 -80.6546 8.57063 -65.91 -70.226 -170.144
10397000 -61.0729 -164.248 -47.1518 -15.5583 66.5003 -62.1312 -90.8241
10398000 -95.6299 -95.0378 -54.9168 -96.0551 2.12327 -63.3034 -81.8615
10399000 -148.473 -175.237 -75.4186 93.3567 59.6074 34.5907 -133.043
10400000 -228.264 -167.957 -155.34 93.7988 95.0542 -135.178 -183.854
10401000 -179.623 -202.244 -299.029 105.932 17.548 -8.86495 -226.965
10402000 -253.519 -194.966 -41.4654 -55.7271 29.3248 -80.7307 -163.317
10403000 -265.566 -252.432 -178.754 65.6342 1.65753 -7.18187 -232.25
10404000 -188.306 -154.941 -121.083 1.74432 -12.9643 -22.5638 -154.777
10405000 -255.751 -205.684 -109.128 -16.8038 8.38371 -54.2295 -190.188
10406000 -259.579 -185.564 -231.536 61.8128 -64.1671 -11.1025 -225.56
10407000 -326.023 -228.528 -206.54 58.2983 2.00912 -38.3572 -253.697
10408000 -223.686 -122.788 -73.6725 -14.4057 8.80619 -56.1377 -140.049
10409000 -206.599 -52.215 -175.723 -21.4938 48.6195 -12.7071 -144.846
10410000 -291.813 -1.58524 46.9698 -100.528 -29.5923 -40.73 -82.1428
10411000 -253.063 -189.653 -71.1177 -42.2126 -15.9356 -15.6625 -171.278
10412000 -399.873 -335.258 -201.901 -14.6836 -23.6971 -96.4543 -312.344
10413000 -488.485 -196.259 -102.611 -7.30729 -49.8668 -86.6004 -262.452
10414000 -429.583 -203.517 -132.125 7.42149 -48.8373 -99.7533 -255.075
10415000 -172.85 -290.563 -250.884 113.219 -73.7252 -115.024 -238.099
10416000 -227.788 -129.286 -38.1028 -41.9183 -94.9713 -46.4451 -131.726
10417000 -267.869 -206.483 -16.3496 -148.203 -25.6612 -25.6049 -163.567
10418000 -142.694 -202.289 -255.611 -54.7899 -17.9172 -24.4142 -200.198
10419000 -72.0805 -193.402 -296.385 -60.5227 -96.8974 -75.4907 -187.289
10420000 -159.424 -162.94 -173.757 -94.6219 -13.0268 -111.234 -165.374
10421000 -188.817 -161.999 -265.201 -13.4261 -123.068 -94.5077 -205.339
10422000 -162.682 -79.6161 -280.574 88.6371 -148.444 -121.972 -174.291
10423000 -238.736 -279.826 -147.479 37.6881 -135.335 -99.3329 -222.013
10424000 -183.81 -350.148 -211.23 56.6673 -125.756 -63.8423 -248.396
10425000 -216.155 -237.732 -146.425 35.7482 -99.4121 -166.887 -200.104
10426000 -288.906 -369.636 -223.818 -59.6642 -112.187 -176.547 -294.12
10427000 -292.188 -250.742 -199.121 -37.2741 -6.73336 -67.7612 -247.351
10428000 -155.948 -177.792 -271.71 36.0565 -54.1704 -108.65 -201.816
10429000 -8.47205 -137.67 -209.013 -60.3056 -100.494 -82.7223 -118.385
10430000 -55.7755 -112.212 -147.309 1.58972 29.3098 -21.9857 -105.099
10431000 -163.525 -145.729 -203.82 70.4345 -65.7791 1.12343 -171.025
10432000 -115.213 -122.794 -211.852 32.5526 -59.5507 -9.86354 -149.953
10433000 -340.386 -309.182 -364.206 3.23732 -117.92 -12.2519 -337.925
10434000 -188.027 -454.74 -257.05 -91.4433 -76.4407 -65.6859 -299.939
10435000 -260.456 -326.897 -148.693 -155.988 -94.6416 -72.1879 -245.349
10436000 -290.924 -378.964 -264.076 -27.7224 -135.731 45.0678 -311.321
10437000 -418.106 -249.187 -263.311 -114.415 -102.108 8.23699 -310.201
10438000 -303.158 -327.903 -308.515 -71.156 -194.777 -100.179 -313.192
10439000 -380.211 -129.016 -291.203 -54.6557 -53.8102 -104.086 -266.81
10440000 -344.517 -289.191 -394.35 -33.3445 -40.6959 -105.932 -342.686
10441000 -296.249 -273.585 -273.853 -136.696 -51.1985 -118.151 -281.229
10442000 -323.819 -265.93 -292.706 -63.226 -43.1786 -165.392 -294.152
10443000 -105.738 -54.2692 -173.824 -53.4763 -206.226 -74.5743 -111.277
10444000 -302.17 -186.695 -103.431 -31.1968 -6.65142 -37.3308 -197.432
10445000 -195.378 -90.6668 -277.427 3.42591 -46.8923 -61.6864 -187.824
10446000 -203.453 -142.256 -237.11 55.5805 -108.48 -104.127 -194.273
10447000 -110.113 -23.9822 -130.602 60.8336 -158.968 -192.881 -88.2324
10448000 -164.526 -73.7354 -161.358 -53.2494 -132.304 -163.863 -133.206
10449000 -173.878 -133.011 -186.271 -20.6019 -34.3995 -204.317 -164.387
10450000 -144.772 -39.6074 25.7649 53.484 -20.856 -80.6419 -52.8715
10451000 -311.667 -96.0066 -155.199 30.8028 -118.519 -151.688 -187.624
10452000 -225.251 -56.0205 -238.66 47.4243 -56.6573 -106.899 -173.31
10453000 -264.679 -172.062 -223.263 -89.1434 -113.64 -12.9919 -220.001
10454000 -251.94 -131.429 -246.183 -0.729171 0.293471 38.5193 -209.851
10455000 -214.202 154.28 -180.958 -12.2548 -57.2508 -5.05872 -80.2935
10456000 -147.521 -15.2612 -18.8246 -44.4856 -68.8811 -10.5939 -60.5357
10457000 -229.903 -179.93 -190.319 -37.1145 -44.4223 15.3094 -200.051
10458000 -242.844 39.7409 -109.323 -52.5683 116.416 7.95114 -104.142
10459000 -165.323 -13.187 -42.2176 -41.6131 34.8354 14.2795 -73.5759
10460000 -151.382 -199.178 -209.881 34.5646 -9.96797 26.3496 -186.814
10461000 -178.516 -219.103 -287.48 67.7465 -47.1596 -64.2888 -228.367
10462000 -151.107 -213.786 -252.568 -94.7386 -29.5957 -40.2488 -205.821
10463000 -181.16 -274.623 -224.674 -98.8439 -126.468 -75.356 -226.819
10464000 -22.0106 15.3202 -92.3603 -49.3417 -48.0432 -93.183 -33.0169
10465000 -266.303 -267.513 -321.296 -13.1683 -11.7976 24.9862 -285.037
10466000 -190.392 -32.6626 -310.381 12.1132 -72.0431 -0.976809 -177.812
10467000 -152.045 -45.3297 -245.555 6.95084 -37.0175 40.5815 -147.643
10468000 -291.434 -229.683 -219.303 88.4726 -39.1348 58.3917 -246.807
10469000 -100.333 -121.777 -337.847 -52.7621 13.5468 7.37148 -186.652
10470000 -129.618 -139.825 -261.697 -18.7231 -64.8929 -41.7738 -177.047
10471000 -265.551 -155.942 -253.562 -31.2256 -49.0938 -18.3618 -225.019
10472000 -222.411 -96.647 -372.373 18.6518 -4.71091 31.4336 -230.477
10473000 -336.423 -192.992 -226.413 -102.569 -12.6957 73.1231 -251.943
10474000 -275.965 -190.385 -245.76 -54.7071 -24.0417 12.7149 -237.37
10475000 -242.008 -269.198 -290.569 10.6122 -17.3988 -47.3225 -267.258
10476000 -46.7882 -57.9754 35.7467 -21.0977 -96.0449 -82.9649 -23.0057
10477000 9.12868 -19.5677 -206.823 -39.0952 -15.6827 -98.4083 -72.4207
10478000 -38.0881 101.176 -93.5737 57.5408 -57.1314 7.87336 -10.162
10479000 -16.0089 123.661 16.5868 9.77606 72.6498 11.428 41.4129
10480000 -125.098 -153.897 -164.063 -3.62158 11.4597 -48.2203 -147.686
10481000 -43.4255 -165.489 -72.338 2.18672 73.1575 -116.348 -93.751
10482000 -42.9236 -64.9002 35.3117 47.6441 -72.5907 -120.241 -24.1707
10483000 -104.142 -242.775 -340.546 46.0487 -106.846 -81.8362 -229.154
10484000 -135.181 -250.602 -176.911 16.5508 -61.7375 -63.3078 -187.565
10485000 -96.0625 -80.6341 -20.1318 -1.31517 -31.2865 51.9637 -65.6095
10486000 -83.2794 -171.954 -63.8776 0.261045 -63.0953 78.0058 -106.37
10487000 -142.076 -34.7802 85.8216 -79.8605 -7.76935 63.1097 -30.3448
10488000 -184.543 -174.849 -47.7755 6.98321 -23.1636 27.5982 -135.722
10489000 -193.094 -70.6186 -129.834 -3.45942 -103.874 -1.65196 -131.182
10490000 -204.329 -217.919 -230.024 -22.3133 -46.0058 -41.284 -217.424
10491000 32.6219 -122.62 -107.318 13.6586 23.5411 -77.255 -65.7721
10492000 -40.1159 -258.686 -209.684 34.1593 18.9988 9.8224 -169.495
10493000 -92.5616 -307.722 -163.449 41.9782 8.40096 93.4564 -187.911
10494000 -181.194 -107.119 -175.39 -39.736 -11.2796 23.9067 -154.568
10495000 -0.281215 -105.938 -271.857 -12.8716 24.0381 135.807 -126.025
10496000 100.031 -298.93 -298.9 92.012 -15.2438 80.1186 -165.933
10497000 -53.0719 -79.1341 -223.855 33.7598 -6.0099 63.7839 -118.687
10498000 -98.9915 -137.781 -308.87 -76.6771 -96.1697 -46.6118 -181.881
10499000 99.3294 -17.0714 -26.5573 84.5176 -57.145 -12.2118 18.5669
10500000 -12.0751 -248.492 -127.387 80.6343 -9.70265 69.2261 -129.318
10501000 39.1965 -63.3594 80.8682 90.0968 -32.5402 111.174 18.9018
10502000 29.5481 -90.955 53.7182 -13.6434 -55.72 95.9521 -2.56287
10503000 -48.7366 -169.305 52.6583 104.61 -97.5359 23.8512 -55.1278
10504000 -79.9862 -231.346 -92.4632 85.0756 -136.274 62.671 -134.598
10505000 -56.3721 -155.052 43.3615 -8.96158 -99.0018 97.5142 -56.021
10506000 -46.9598 -66.4181 96.2624 39.315 -66.1014 -1.8021 -5.7052
10507000 -86.9041 -63.6989 -87.2023 -92.3007 11.6534 18.5511 -79.2684
10508000 76.2545 -190.712 -111.218 -76.5074 -30.6723 -18.4993 -75.2253
10509000 2.80387 -173.976 -120.747 51.6255 -79.8491 -79.0133 -97.3065
10510000 -86.8563 35.7407 -30.1217 155.321 -64.0655 30.5283 -27.0791
10511000 -67.0073 -132.863 -40.6585 62.9837 -34.158 27.6971 -80.1764
10512000 -38.4483 -102.903 -83.3991 166.012 -110.292 -6.15776 -74.9167
10513000 109.254 144.83 45.3935 44.1157 -71.916 16.2423 99.8256
10514000 -70.6949 30.2705 -15.5245 79.756 -143.337 39.4457 -18.6496
10515000 -42.5808 52.9441 -59.7418 97.1354 -201.095 10.6901 -16.4595
10516000 -119.893 -97.6629 -246.343 -34.0166 -47.3301 69.4871 -154.633
10517000 -103.485 -8.84509 -278.304 56.1347 -65.7459 117.985 -130.212
10518000 -149.689 -154.24 -242.83 -11.5095 104.62 54.5753 -182.253
10519000 -24.3993 -78.9114 -197.376 45.8374 -21.6335 104.136 -100.229
10520000 -88.4578 -22.1738 -101.147 96.9389 -80.4031 16.3239 -70.5929
10521000 -19.0657 -132.333 -104.786 67.3646 -22.5305 65.1438 -85.395
10522000 -80.4465 -37.6245 -154.633 38.0812 -106.542 34.8232 -90.9015
10523000 90.1348 82.697 -19.6637 52.7595 -37.6802 -35.7358 51.056
10524000 -105.097 0.879383 -255.584 56.3377 18.7514 -92.8473 -119.934
10525000 34.8819 -18.6834 -37.9562 19.8164 -72.4877 -61.8969 -7.25258
10526000 -129.809 -43.7455 -11.7082 126.051 -21.2071 -66.5048 -61.7541
10527000 -252.729 -131.675 -229.661 155.827 56.1959 -35.3744 -204.688
10528000 -226.081 -128.317 -292.952 36.487 -37.7132 2.80127 -215.784
10529000 -255.201 -109.146 -255.036 93.8726 14.9444 24.3222 -206.461
10530000 -162.238 -171.097 -84.5976 46.256 -15.03 -164.711 -139.311
10531000 -209.912 71.0381 -122.835 9.69004 0.684909 -8.40397 -87.2364
10532000 -91.8694 -195.581 -161.858 2.38424 -53.3155 66.6294 -149.769
10533000 -88.0782 -35.0301 -95.4521 19.566 -4.67701 38.1524 -72.8535
10534000 -54.1667 -36.8411 -53.2599 83.3813 -53.3987 -13.4904 -48.0892
10535000 33.3363 -35.6455 14.1283 78.9564 18.8688 -53.7784 3.93973
10536000 -136.738 -118.24 -115.198 48.5917 28.512 -23.5126 -123.392
10537000 -244.075 -206.369 -148.336 -24.8506 31.7098 0.695996 -199.593
10538000 -152.807 -235.739 -8.3027 -45.8596 148.958 -18.4399 -132.283
10539000 -152.573 -163.899 -221.063 -48.0541 73.8869 -1.97043 -179.178
10540000 -256.451 -236.144 -189.611 -69.4309 -23.2726 -41.462 -227.402
10541000 -325.844 -152.826 -120.542 -121.981 -23.225 104.835 -199.737
10542000 -360.141 -143.691 -137.766 -26.2171 -15.1192 -14.3248 -213.866
10543000 -126.914 -114.471 -132.862 -139.591 60.814 -79.6665 -124.749
10544000 -163.058 -80.8345 -43.7374 -95.5364 6.64591 -0.277581 -95.8766
10545000 -150.771 -290.517 -231.37 -111.986 108.744 78.2934 -224.219
10546000 -225.403 -292.838 -85.0731 -55.2601 0.447244 -17.1664 -201.105
10547000 -99.9031 -156.631 10.2069 -94.1338 82.6729 -149.156 -82.109
10548000 -42.6519 -209.83 -152.224 -85.2905 104.703 -19.0015 -134.902
10549000 -169.148 -296.145 -110.705 7.25231 -27.588 -143.889 -191.999
10550000 -101.573 -283.171 -36.4348 -111.13 9.58449 -150.042 -140.393
10551000 -295.616 -247.487 -167.593 -23.4736 -46.1145 -84.1184 -236.899
10552000 -318.366 -284.847 -226.261 -7.0254 -0.74976 -41.618 -276.491
10553000 -305.677 -175.874 -116.632 27.3302 -55.2359 23.8622 -199.394
10554000 -201.134 -363.54 -315.842 -24.9934 -137.895 36.2868 -293.505
10555000 -187.737 -147.156 -149.745 0.90151 -89.5414 35.7999 -161.546
10556000 -285.893 -409.838 -164.349 -118.444 27.5643 74.9409 -286.693
10557000 -221.34 -356.678 -106.237 -2.37713 -65.0065 31.1661 -228.085
10558000 -169.803 -209.538 -203.128 -74.5323 -26.565 -37.8026 -194.157
10559000 -359.563 -226.151 -184.51 -26.2419 -18.8287 -9.3733 -256.741
10560000 -245.348 -233.747 -165.112 -80.3501 -34.6212 -29.5033 -214.736
10561000 -223.81 -361.839 -241.386 -36.2915 -37.9589 23.5761 -275.678
10562000 -271.446 -297.021 -203.619 -43.2246 -11.5751 25.6692 -257.362
10563000 -258.556 -404.426 -363.21 -89.2868 -35.7799 17.3907 -342.064
10564000 -202.542 -445.046 -312.904 -85.5605 -19.3781 -39.0287 -320.164
10565000 -219.657 -383.448 -282.646 -75.9581 69.8706 13.1712 -295.25
10566000 -64.6924 -195.424 -185.198 42.1436 -91.1656 56.0148 -148.438
10567000 -208.122 -476.084 -350.324 8.04742 -31.3496 10.0761 -344.843
10568000 -219.165 -414.661 -181.917 -60.7006 80.3547 -75.4604 -271.915
10569000 -213.803 -397.518 -130.036 -17.3631 37.6606 9.50395 -247.119
10570000 -151.356 -317.892 -264.301 -57.1551 -47.2997 -122.82 -244.516
10571000 84.7629 -292.75 -235.392 -89.5239 -17.1931 -31.8163 -147.793
10572000 -127.201 -263.14 -260.394 -139.411 58.747 14.5195 -216.912
10573000 -199.511 -336.781 -466.415 -178.015 44.2548 -43.4706 -334.236
10574000 -247.317 -240.101 -352.217 -11.709 32.681 1.22124 -279.878
10575000 -235.529 -303.796 -193.785 -84.9186 1.67993 3.52747 -244.37
10576000 -195.185 -215.235 -261.628 52.4329 -23.5857 17.8876 -224.016
10577000 -163.137 -213.677 -229.953 56.3971 63.0018 10.6668 -202.256
10578000 12.269 -333.968 -270.412 -18.0918 -71.774 68.199 -197.37
10579000 -181.671 -299.242 -190.659 -38.5765 -66.898 22.1505 -223.857
10580000 -149.583 -448.392 -235.933 15.8823 -107.346 20.4485 -277.969
10581000 -69.0733 -307.64 -250.366 57.5165 -108.758 125.346 -209.027
10582000 -198.792 -282.433 -407.258 -67.3001 -126.458 118.314 -296.161
10583000 -195.722 -262.157 -298.597 -17.4837 2.11305 44.5049 -252.158
10584000 -157.045 -368.253 -313.785 6.49205 -29.5842 13.7424 -279.694
10585000 -189.107 -243.164 -451.742 -117.151 -70.6376 -56.2962 -294.671
10586000 -415.272 -394.599 -481.094 -124.436 -41.4187 -6.88054 -430.322
10587000 -319.626 -357.827 -371.271 -104.374 -27.2522 28.291 -349.575
10588000 -243.04 -227.531 -86.2759 -107.928 -145.444 -2.55176 -185.616
10589000 -172.948 -313.026 -313.889 -54.8988 -10.9339 21.4442 -266.621
10590000 -280.508 -335.214 -346.257 -63.0851 -101.591 108.519 -320.66
10591000 -395.56 -340.769 -271.419 -88.7204 -40.4096 13.8923 -335.916
10592000 -438.484 -467.129 -189.402 -98.3624 -8.4013 -0.965487 -365.005
10593000 -374.308 -431.719 -440.282 -161.869 87.9775 -31.243 -415.436
10594000 -285.002 -331.077 -229.929 -92.9064 102.793 -13.7057 -282.003
10595000 -389.812 -191.979 -267.298 -134.841 121.655 3.91012 -283.03
10596000 -274.992 -138.357 -158.425 -77.4594 -26.4923 27.3725 -190.591
10597000 -336.986 -183.749 -333.914 -63.7717 -37.8869 21.2557 -284.883
10598000 -427.047 -220.347 -292.457 -118.078 24.2448 106.363 -313.283
10599000 -378.724 -166.296 -311.67 -125.829 -12.9079 -21.5902 -285.563
10600000 -322.566 -281.375 -397.952 -182.975 -91.6775 37.353 -333.964
10601000 -444.423 -566.266 -391.786 -105.318 37.1579 -11.8417 -467.492
10602000 -330.609 -369.465 -399.946 -57.6582 34.0071 40.4136 -366.673
10603000 -226.116 -350.124 -391.512 -110.685 8.70179 17.7769 -322.584
10604000 -225.231 -295.032 -181.717 -37.1944 44.9951 -65.3409 -233.994
10605000 -137.301 -67.906 -156.232 -32.001 80.7265 -11.0853 -120.48
10606000 -218.577 -182.63 -288.622 -47.7846 10.2879 -0.0245227 -229.943
10607000 -273.376 -248.883 -214.126 -43.9679 -32.2983 95.3486 -245.462
10608000 -148.8 -373.101 -396.84 -54.0893 -1.81007 -42.0524 -306.247
10609000 -199.648 -383.234 -290.873 -105.826 -41.4562 -110.014 -291.252
10610000 -293.584 -367.956 -345.123 -75.9947 39.5563 6.68431 -335.554
10611000 -200.303 -295.099 -261.888 -29.052 74.4258 3.92132 -252.43
10612000 -146.183 -244.181 -329.599 -60.4117 4.51367 21.2073 -239.987
10613000 -206.965 -303.897 -334.266 -103.801 -34.3895 -53.9855 -281.709
10614000 -147.653 -133.599 -453.758 -56.8391 2.24821 -47.0868 -245.003
10615000 -181.201 -244.813 -212.297 -27.1858 62.315 22.1613 -212.77
10616000 -183.704 -305.862 -382.315 -82.2532 -50.1238 -10.1096 -290.627
10617000 -64.7071 -157.443 -139.96 -56.1519 -92.5162 -1.71008 -120.703
10618000 -155.755 -217.884 -223.335 -66.1703 -39.2941 50.168 -198.991
10619000 -265.725 -338.898 -283.864 -177.654 -27.2136 43.8948 -296.162
10620000 -102.381 -303.16 -309.996 -88.2127 -53.5202 3.13068 -238.512
10621000 -268.078 -360.996 -382.918 -46.2688 -133.177 -31.5913 -337.331
10622000 -194.825 -307.815 -191.635 -33.8276 -15.5589 7.64719 -231.425
10623000 -158.763 -314.06 -218.38 -21.8485 -68.2893 -12.0895 -230.401
10624000 -121.998 -368.439 -93.198 -7.80315 -122.5 21.5766 -194.545
10625000 -234.58 -295.626 -126.722 -12.2184 21.2023 -24.0957 -218.976
10626000 -321.94 -249.96 -416.794 -4.65381 -86.4579 -77.1181 -329.565
10627000 -373.41 -274.544 -280.106 -54.9816 -51.1488 -107.845 -309.354
10628000 -388.057 -241.815 -340.06 -65.1689 -25.0565 0.116233 -323.311
10629000 32.5299 -318.138 -244.122 -12.3299 -30.7478 31.8659 -176.577
10630000 -218.644 -400.002 -375.972 21.4846 -41.4711 39.4115 -331.539
10631000 -270.007 -264.464 -160.259 -7.13048 44.1874 -5.32537 -231.577
10632000 -226.21 -434.745 -100.316 5.6837 32.993 -78.4381 -253.757
10633000 -298.081 -462.414 -157.687 76.1828 -51.8157 104.931 -306.061
10634000 -496.005 -497.1 -476.458 87.5321 74.342 72.0419 -489.854
10635000 -113.546 -248.789 -189.018 -33.096 111.421 -47.3596 -183.784
10636000 -92.0524 -382.765 -158.711 -9.5649 21.3006 32.1467 -211.176
10637000 -363.787 -523.027 -212.982 -38.5298 -21.8528 100.037 -366.599
10638000 -306.177 -429.636 -197.563 -9.47414 62.1171 -40.1282 -311.125
10639000 -348.631 -420.112 -355.327 -105.792 63.1074 23.6092 -374.69
10640000 -349.445 -299.073 -230.063 -144.331 -26.8957 -55.0529 -292.86
10641000 -298.303 -527.136 -331.815 -11.2792 19.9828 28.2886 -385.751
10642000 -131.17 -414.984 -354.213 -91.2275 48.0844 -42.414 -300.123
10643000 -160.88 -421.301 -467.247 -95.11 -47.8856 80.1125 -349.809
10644000 -260.769 -494.656 -301.011 -130.095 -122.701 -64.6345 -352.145
10645000 -161.424 -423.954 -167.81 -130.421 44.3861 -32.0459 -251.062
10646000 -52.2442 -267.811 -56.1002 -77.7128 -133.891 -53.2394 -125.385
10647000 -260.979 -291.952 -203.762 -84.3165 -10.2437 -77.6186 -252.231
10648000 -336.337 -426.844 -388.451 -128.812 8.18665 94.0385 -383.877
10649000 -260.162 -464.106 -408.804 -107.086 -37.7996 -8.69399 -377.691
10650000 -311.447 -165.864 -202.576 -80.8257 14.8543 -47.7269 -226.629
10651000 -211.951 -287.447 -146.496 -136.183 28.0552 -20.8665 -215.298
10652000 -246.553 -334.916 -216.537 -61.8661 -27.5998 -17.2751 -266.002
10653000 -152.276 -227.67 -228.298 -67.5871 29.4386 34.9114 -202.748
10654000 15.9606 -269.016 -128.582 -43.3022 78.7766 117.217 -127.213
10655000 -199.045 -270.056 -327.543 -86.0734 18.1273 38.597 -265.548
10656000 -245.057 -321.447 -264.821 -122.781 -2.37781 22.9227 -277.108
10657000 -174.908 -341.695 -210.533 -117.732 49.3053 -0.699273 -242.379
10658000 -201.552 -240.537 -171.402 -81.6928 -36.9831 -65.3028 -204.497
10659000 -238.185 -173.17 -142.441 -40.3674 -2.47763 17.7732 -184.598
10660000 -194.593 -286.195 -151.315 -126.916 14.7589 39.8255 -210.701
10661000 -165.306 -155.353 -66.2956 -10.4199 -5.28978 26.8462 -128.985
10662000 -218.775 -302.183 -282.524 64.204 44.0603 114.936 -267.827
10663000 -145.735 -186.917 -67.6782 -34.4467 39.011 -46.2979 -133.443
10664000 -359.384 -341.786 -244.021 -60.6693 122.361 -52.0703 -315.064
10665000 -97.3477 -304.833 -164.047 -44.0259 128.372 -48.203 -188.743
10666000 -9.87814 -242.316 -324.424 9.02472 86.0949 110.786 -192.206
10667000 -308.956 -476.569 -257.601 -24.5288 146.802 88.2429 -347.709
10668000 -366.888 -501.238 -354.392 -48.666 30.2589 19.7445 -407.506
10669000 -146.138 -347.497 -286.214 -71.8167 -5.41305 -14.5842 -259.95
10670000 -315.818 -324.233 -333.502 -19.3367 25.0952 -99.1995 -324.517
10671000 -372.177 -409.558 -228.165 2.01213 42.2016 -59.7684 -336.633
10672000 -352.959 -295.891 -104.586 56.7176 -27.4913 -80.6943 -251.145
10673000 -390.902 -187.307 -227.395 90.9403 38.9305 -46.5519 -268.535
10674000 -387.402 -369.115 -278.897 131.008 28.6731 0.0979647 -345.138
10675000 -341.491 -464.607 -268.538 102.117 -64.6333 25.7739 -358.212
10676000 -301.153 -248.656 -269.339 15.756 -26.4647 -4.40151 -273.05
10677000 -307.546 -354.249 -285.001 122.965 11.0449 17.8211 -315.599
10678000 -97.5531 -310.591 -220.246 104.286 24.197 -28.0026 -209.463
10679000 -178.842 -332.625 -290.032 -146.339 109.278 56.4134 -267.166
10680000 -420.332 -328.878 -279.928 41.2593 22.1225 20.8751 -343.046
10681000 -163.469 -327.614 -260.347 -2.75431 12.501 -81.0693 -250.477
10682000 -148.371 -348.392 -242.584 -34.1762 54.804 57.9903 -246.449
10683000 -129.692 -416.496 -365.55 -120.35 -36.3439 -77.7703 -303.913
10684000 -232.333 -282.401 -185.061 -93.008 -43.4634 -71.2996 -233.265
10685000 -193.058 -218.016 -130.879 -82.1392 -31.3617 16.1269 -180.651
10686000 -83.5129 -100.899 -217.561 -92.2214 -112.97 44.1306 -133.991
10687000 -125.885 -170.906 -240.375 -9.20883 -15.418 34.0664 -179.055
10688000 11.3988 -130.619 -181.646 -2.57284 36.4328 -96.8131 -100.289
10689000 -125.549 -106.207 -179.784 28.4588 59.9971 -72.4352 -137.18
10690000 -139.34 -107.234 -330.988 -121.216 -27.4988 -51.6092 -192.521
10691000 -165.216 11.7283 -247.513 -54.1044 -71.0626 -57.383 -133.667
10692000 -155.937 -223.94 -168.046 -64.7537 -63.3065 49.2832 -182.641
10693000 -356.008 -284.481 -222.078 -61.4757 -97.5784 -60.3124 -287.522
10694000 -46.5363 -300.511 -228.682 -146.918 -111.044 19.3249 -191.91
10695000 -53.7151 -286.349 -263.32 -67.7002 -78.6717 -54.8403 -201.128
10696000 -234.355 -488.723 -302.365 -76.4908 -111.058 -39.7706 -341.814
10697000 -276.475 -382.285 -261.211 16.816 -102.926 -11.6473 -306.657
10698000 -192.853 -262.984 -178.932 -16.5851 -101.106 68.9482 -211.59
10699000 -244.187 -225.081 -203.201 -11.1058 -2.65984 58.9645 -224.156
10700000 -261.798 -333.287 -201.3 -68.7893 -16.1135 46.654 -265.462
10701000 -211.535 -338.266 -138.601 -62.9891 -17.0685 31.8987 -229.467
10702000 -325.507 -505.409 -414.181 -76.2085 -70.0866 44.5553 -415.033
10703000 -297.068 -294.659 -203.56 -4.92818 -68.5658 58.0451 -265.096
10704000 -318.795 -398.111 -361.063 -97.027 -59.0888 125.231 -359.323
10705000 -227.056 -236.039 -234.465 -179.555 36.8932 0.42834 -232.52
10706000 -197.729 -174.794 -238.401 -52.346 -85.9779 -1.12759 -203.641
10707000 -164.964 -186.571 -182.107 -102.412 -151.547 -6.33299 -177.881
10708000 -304.666 -357.337 -311.923 -111.895 4.58755 34.7482 -324.642
10709000 -178.294 -213.675 -226.769 -96.4842 38.7021 -66.4135 -206.246
10710000 -296.136 -377.644 -389.824 -109.87 -128.718 5.71857 -354.535
10711000 -270.928 -411.094 -255.357 -161.759 -129.015 -21.8773 -312.46
10712000 -324.238 -389.118 -319.667 -166.231 -70.2685 13.1108 -344.341
10713000 -236.543 -273.23 -157.192 -86.8039 -90.1814 -31.2341 -222.321
10714000 -186.216 -272.546 -202.47 -165.532 -41.9393 -131.856 -220.411
10715000 -201.328 -140.042 -262.16 -42.9075 19.0387 -42.3159 -201.177
10716000 -213.266 -307.031 -353.173 18.6904 -97.6022 -15.6335 -291.157
10717000 -138.985 -161.391 -231.584 -37.1541 -6.14302 -72.7097 -177.32
10718000 -101.754 -240.279 -135.862 -3.10958 30.34 -9.51042 -159.298
10719000 -252.495 -224.456 -382.801 -122.379 -35.0092 -60.9391 -286.584
10720000 -196.214 -290.142 -258.313 -109.888 -59.2788 -14.42 -248.223
10721000 -92.3512 -245.186 -104.857 -118.913 -109.214 -14.9708 -147.465
10722000 -390.913 -427.593 -228.129 -91.1772 -1.95183 -31.1215 -348.878
10723000 -113.759 -203.807 -185.031 24.3552 22.407 24.7723 -167.532
10724000 -115.322 -335.029 -132.757 -76.5496 -132.446 -6.96047 -194.369
10725000 -241.785 -153.611 -345.922 -13.9726 -21.8152 -96.9126 -247.106
10726000 -259.159 -332.045 -282.719 -27.2247 -98.1393 -29.5585 -291.308
10727000 -132.8 -245.697 -267.348 -104.124 -163.507 -47.2517 -215.282
10728000 -87.3334 -267.574 -175.706 -35.3596 -21.2531 -53.2651 -176.871
10729000 -228.202 -30.602 -146.773 -39.5694 -94.8842 -55.0479 -135.192
10730000 -174.665 -172.558 -208.153 47.0432 -99.0779 29.2457 -185.126
10731000 -236.517 -259.716 -194.177 -6.56188 -3.96242 -69.9222 -230.136
10732000 -160.028 -208.106 -249.297 -13.363 -0.793834 37.5351 -205.81
10733000 -189.456 -251.158 -279.907 160.706 37.941 -26.2838 -240.174
10734000 -168.546 -259.887 -352.307 6.33484 17.0759 -97.3563 -260.247
10735000 -156.484 -195.533 -191.742 1.70303 21.7592 40.2817 -181.253
10736000 -248.438 -346.81 -272.114 -62.2772 -127.276 49.8536 -289.12
10737000 -485.708 -294.541 -415.42 -112.031 -58.1034 -62.1119 -398.557
10738000 -226.189 -339.953 -266.504 -59.5951 -75.6066 -57.4446 -277.549
10739000 -104.487 -201.297 -299.744 -199.938 -35.6707 6.05912 -201.843
10740000 -218.5 -352.924 -373.767 -107.401 -44.5401 59.7586 -315.063
10741000 -171.7 -236.326 -355.412 -79.485 -55.9832 3.35801 -254.48
10742000 -225.058 -237.364 -207.767 19.8312 37.158 87.1797 -223.396
10743000 -148.221 -126.543 -213.566 -31.1077 -31.1408 60.2401 -162.776
10744000 -200.398 -128.886 -334.749 44.0206 -23.8737 49.2418 -221.345
10745000 -162.203 -45.6887 -176.088 -50.9893 109.449 55.3023 -127.993
10746000 -307.638 -128.132 -235.459 15.2689 141.525 7.96933 -223.743
10747000 -132.628 -163.817 -221.955 -107.104 -32.2486 -47.4513 -172.8
10748000 -254.006 -412.232 -308.284 -48.5824 -34.0614 43.6337 -324.841
10749000 -411.712 -407.414 -238.367 -33.8273 90.9537 108.175 -352.498
10750000 -404.959 -339.006 -329.156 -49.4118 36.7247 9.2252 -357.707
10751000 -419.9 -354.404 -243.682 14.2482 -27.2633 -29.9616 -339.329
10752000 -446.622 -279.258 -343.093 -71.5508 -0.233266 -7.10907 -356.324
10753000 -313.641 -61.6049 -219.103 -52.2964 -21.4627 -7.83147 -198.116
10754000 -183.009 -284.684 -240.376 -30.0283 -69.7972 43.3316 -236.023
10755000 -273.488 -352.326 -354.218 -43.5901 -86.5497 42.7405 -326.677
10756000 -68.6444 -0.573195 -278.68 90.445 -72.1579 61.3014 -115.966
10757000 -171.973 -207.096 -397.607 -42.3081 -111.39 30.6047 -258.892
10758000 -226.08 -163.248 -311.348 -102.908 -47.4966 9.82792 -233.559
10759000 -190.669 84.5586 -102.433 61.8331 -17.3984 114.335 -69.5144
10760000 -395.607 -262.227 -341.735 61.3293 -2.20635 -24.9049 -333.19
10761000 -125.786 -138.857 -235.288 -32.2743 -85.2272 -42.5873 -166.643
10762000 -135.255 -198.291 -155.155 1.10498 -65.0833 -8.60231 -162.9
10763000 -151.601 -46.8012 -35.4061 101.5 -75.5406 54.5989 -77.936
10764000 -33.3439 -145.154 -145.452 52.227 -126.263 1.83665 -107.983
10765000 -363.439 -398.353 -178.164 -57.437 -89.1842 -79.6469 -313.319
10766000 -286.238 -92.8699 -246.912 -60.7247 -47.1632 46.9029 -208.673
10767000 -227.553 -102.044 -317.326 -39.1806 -10.9691 50.5664 -215.641
10768000 -413.866 -431.842 -265.858 11.8571 -143.103 6.77274 -370.522
10769000 -310.933 -212.465 -331.545 56.026 -75.9911 20.3435 -284.981
10770000 -47.516 -51.0286 -135.48 -5.7575 -77.694 -20.9935 -78.0082
10771000 -226.188 -3.41807 -131.059 -5.04915 -22.4421 -8.53618 -120.222
10772000 -249.235 -135.456 -170.319 -40.6391 -43.7628 -9.56685 -185.003
10773000 -163.989 -65.3498 -81.2405 41.8319 -32.2145 -14.9661 -103.526
10774000 -137.648 -231.094 -99.4202 -44.4098 -130.594 38.6375 -156.054
10775000 -176.725 -210.783 -148.998 -51.9724 -126.408 -22.4665 -178.835
10776000 -290.18 -231.268 -289.479 -87.5002 -53.4438 -74.6518 -270.309
10777000 -382.384 -213.65 -306.285 -92.4517 -61.7833 14.0565 -300.773
10778000 -171.124 -79.8869 -211.479 -1.25794 -115.937 -12.4591 -154.163
10779000 -323.229 -181.031 -222.745 -33.3662 -87.697 74.0747 -242.335
10780000 -208.262 -126.932 -85.3264 -10.9675 -57.8985 154.097 -140.173
10781000 -107.131 -136.397 -94.8891 99.6103 -64.4885 157.517 -112.806
10782000 -18.9219 -196.907 -157.977 -26.7078 -118.723 44.5995 -124.602
10783000 -247.028 -379.484 -94.9491 96.3969 -165.719 149.076 -240.487
10784000 -286.117 -104.68 -166.773 67.5769 -189.802 -115.045 -185.856
10785000 -85.3852 -76.9003 -164.311 -0.0857118 -93.8998 -91.8368 -108.865
10786000 -253.698 -208.893 -205.595 -46.9403 -22.239 34.2707 -222.729
10787000 -305.353 -143.331 -53.3537 -17.9539 -23.4108 27.8405 -167.346
10788000 -224.773 -272.288 -210.947 44.7169 -67.5351 78.2765 -236.003
10789000 -250.411 -208.654 -364.95 30.0683 -17.0339 -42.2319 -274.672
10790000 -245.162 -261.846 -192.699 -106.714 -26.0304 74.3207 -233.236
10791000 -267.845 -2.09201 -174.739 18.8768 -72.951 152.349 -148.225
10792000 -386.703 -141.912 -297.067 37.272 34.7466 64.3103 -275.227
10793000 -204.5 -140.039 -69.3319 -1.83242 -4.67401 52.815 -137.957
10794000 -311.048 -297.65 -48.526 70.7146 19.4271 85.6613 -219.075
10795000 -377.824 -332.035 -277.487 -77.0737 -8.47503 51.2427 -329.115
10796000 -214.511 -218.28 -6.8724 73.7236 9.97126 70.6444 -146.554
10797000 -161.193 -352.562 -118.947 27.9008 36.0272 12.9348 -210.9
10798000 -392.523 -521.511 -272.789 105.724 8.27969 144.545 -395.608
10799000 -246.643 -407.248 -161.232 -40.0425 -8.59194 -26.5582 -271.708
10800000 -72.82 -254.392 -145.479 4.02386 -58.3399 -19.758 -157.564
10801000 -132.027 -145.178 -288.454 -9.58828 -46.587 -59.8433 -188.553
10802000 -99.7906 -226.853 -132.75 -41.7116 8.99764 -14.9817 -153.131
10803000 -301.759 -278.582 -441.591 -78.1944 -61.2625 29.2102 -340.644
10804000 -173.516 -270.981 -35.3866 -81.3198 86.239 26.9811 -159.961
10805000 -272.141 -260.076 -91.8183 -134.817 8.13109 67.2874 -208.012
10806000 -287.626 -113.765 -153.32 -2.82771 -76.1529 141.831 -184.903
10807000 -290.703 -165.999 -103.868 -12.7852 -14.5455 55.4175 -186.856
10808000 -346.028 -351.337 -199.659 -53.2972 26.5645 -44.3956 -299.008
10809000 -291.489 -215.382 -43.7239 -121.102 129.862 -44.8763 -183.532
10810000 -143.524 -64.2744 -39.012 25.5437 107.292 -39.3392 -82.2701
10811000 -244.382 -14.514 -129.768 -70.8205 36.1766 -83.8701 -129.555
10812000 -351.586 -86.4654 -302.565 -3.71142 90.1863 -78.9001 -246.872
10813000 -271.313 -204.52 -237.476 -65.5895 138.805 -13.4442 -237.77
10814000 -160.925 -220.236 -290.962 -48.0627 145.618 2.70166 -224.041
10815000 -98.2718 19.5871 -159.933 18.3718 19.04 -12.5895 -79.5394
10816000 -430.377 -343.929 -101.121 -84.7353 102.496 -52.7736 -291.809
10817000 -451.499 -370.256 -284.675 -32.0695 7.73287 -64.5782 -368.81
10818000 -98.9696 -162.812 -137.404 -11.1159 15.7187 -26.9884 -133.062
10819000 -23.8358 -74.0489 -244.704 55.8228 -49.4002 -47.7656 -114.196
10820000 -135.562 -282.819 -258.155 26.102 -37.4384 -59.3722 -225.512
10821000 -144.95 -98.757 -217.606 -14.1367 28.5194 -66.2808 -153.771
10822000 -91.9982 -76.4401 -225.385 89.0671 20.1404 17.845 -131.274
10823000 -168.29 -268.691 -297.586 15.5367 0.861156 -69.0579 -244.856
10824000 -109.907 -298.314 -257.643 4.74218 19.0861 9.65176 -221.955
10825000 -74.6456 -79.3616 -338.262 -33.4838 -16.294 -57.1532 -164.09
10826000 -131.708 -294.359 -273.265 -103.709 -20.567 -33.6752 -233.111
10827000 -271.397 -130.102 -313.954 -64.2019 -61.7509 -36.125 -238.484
10828000 -333.074 -298.467 -321.306 -72.6039 -17.9508 40.1746 -317.616
10829000 -13.6544 -122.792 -180.831 -117.786 19.7787 36.8329 -105.759
10830000 -95.238 -33.4959 -177.041 -13.6265 11.0381 -47.074 -101.925
10831000 -317.862 -256.498 -384.871 -79.8954 0.785345 30.7274 -319.744
10832000 -300.142 -183.732 -156.466 -142.523 -35.1484 51.2906 -213.447
10833000 -144.727 -343.125 -115.076 -129.811 -3.33767 -30.2575 -200.976
10834000 -205.303 -419.576 -225.453 -86.9396 3.26795 -33.513 -283.444
10835000 26.0827 -253.283 -212.219 -20.5995 53.8617 82.3993 -146.473
10836000 -219.239 -402.62 -309.261 -113.059 45.5577 -10.8312 -310.373
10837000 -168.506 -183.272 -225.457 17.4671 -1.41848 -18.3931 -192.412
10838000 -235.311 -260.477 -265.727 -32.4736 83.2156 -103.569 -253.838
10839000 -162.557 -210.887 -314.59 18.373 -53.1088 -71.5693 -229.345
10840000 -116.966 -282.536 -278.756 -88.673 -24.4569 2.13605 -226.086
10841000 -114.615 -117.689 -275.784 -38.5944 1.98241 69.1199 -169.363
10842000 -138.483 -202.459 -150.351 -119.451 4.52293 18.4794 -163.764
10843000 -144.557 -401.494 -349.498 84.421 -29.0818 -131.363 -298.517
10844000 -48.9582 -400.784 -406.809 4.66464 24.2362 -43.9628 -285.517
10845000 -60.3775 -208.085 -162.046 46.5964 -93.6114 -99.5632 -143.503
10846000 -76.2879 -214.541 -34.3377 -27.4139 -123.966 -34.2051 -108.389
10847000 -185.054 -297.783 -266.125 -17.1206 -57.1934 -36.4526 -249.654
10848000 -119.794 -209.496 -190.312 -7.80138 58.7281 -94.3829 -173.201
10849000 -55.0075 -357.96 -232.394 -43.1057 49.1539 26.2501 -215.12
10850000 -215.415 -303.475 -239.136 62.7775 -19.7824 -12.7074 -252.676
10851000 -181.907 -361.688 -210.425 9.7885 -69.6499 -92.8336 -251.34
10852000 -44.3886 -186.717 -153.736 26.6506 66.0924 -89.98 -128.281
10853000 -243.622 -309.554 -278.791 -21.4575 30.1548 -48.5074 -277.322
10854000 -112.125 -379.339 -250.313 -90.6157 -87.9426 -85.66 -247.259
10855000 -155.061 -155.631 -222.512 -6.56645 -31.3602 -16.8724 -177.735
10856000 -208.039 -325.898 -343.332 -12.3144 -86.4625 -0.031478 -292.423
10857000 -269.709 -240.601 -341.703 15.7982 14.8192 48.7126 -284.004
10858000 -325.786 -302.172 -272.101 -11.6846 29.8288 42.5681 -300.02
10859000 -358.145 -256.16 -325.606 -52.1671 -46.2754 56.4393 -313.304
10860000 -233.649 -246.285 -267.448 32.2546 -102.745 10.4342 -249.127
10861000 -327.817 -102.985 -204.256 -55.3209 -7.64993 41.1417 -211.686
10862000 -196.081 -183.631 -275.16 -62.7635 6.88818 85.9896 -218.29
10863000 -199.87 -394.012 -112.581 -111.405 3.51738 -61.2013 -235.488
10864000 -219.725 -307.978 -115.405 -44.3946 -61.7034 39.393 -214.369
10865000 -298.105 -345.359 -192.082 9.1462 27.4629 12.8057 -278.515
10866000 -207.303 -135.275 -235.365 -107.699 -22.5899 -24.3664 -192.647
10867000 -183.765 -220.041 -296.07 -100.728 -4.45065 66.0234 -233.292
10868000 -301.934 -229.046 -183.268 -30.1684 -51.7204 31.7732 -238.082
10869000 -170.493 -277.049 -323.355 -78.2122 56.6009 29.9874 -256.966
10870000 -287.199 -230.861 -340.185 -94.328 -126.144 -144.292 -286.081
10871000 -394.846 -287.083 -433.384 -75.2036 -24.2916 -14.9479 -371.771
10872000 -130.189 -72.1264 -107.552 -54.0745 -65.6847 -113.234 -103.289
10873000 -130.826 -147.991 -218.006 -29.248 -111.358 -13.0457 -165.608
10874000 37.6554 -162.381 -207.857 -48.4545 -43.0476 -86.6274 -110.861
10875000 -249.58 -224.626 -373.6 -25.6284 -32.1698 -44.4843 -282.602
10876000 -117.551 -90.63 -294.338 -111.771 -106.347 -140.477 -167.506
10877000 -64.1083 -368.573 -321.314 -166.678 32.4453 -74.6911 -251.332
10878000 -203.997 -142.342 -127.367 -84.2503 -85.362 -28.6255 -157.902
10879000 -148.211 -94.9328 -213.959 -17.2127 -6.34009 12.1632 -152.367
10880000 -220.067 -131.156 -223.09 -109.141 5.82785 -126.955 -191.437
10881000 -292.319 -192.054 -316.052 -65.739 -56.6691 -86.5617 -266.808
10882000 -303.565 -330.085 -394.621 -95.1921 12.8627 -13.671 -342.757
10883000 -212.622 -371.371 -188.898 -38.6605 57.7157 -43.5415 -257.63
10884000 -259.98 -389.625 -213.974 -133.839 -26.5096 -33.861 -287.859
10885000 -379.759 -279.641 -154.765 -56.0987 73.1595 -101.711 -271.388
10886000 -179.982 -94.5048 8.84594 -97.0182 -18.3166 -23.6466 -88.5469
10887000 -501.45 -344.372 -302.667 -98.9226 3.256 47.0687 -382.83
10888000 -230.205 -317.789 -124.324 -161.4 6.92149 -79.7173 -224.106
10889000 -17.6569 -233.503 -165.463 -88.884 -12.2528 -100.125 -138.874
10890000 -232.414 -231.408 -176.64 -73.7929 36.3631 -9.33913 -213.487
10891000 -397.522 -295.332 -297.168 -142.436 -29.1022 9.21255 -330.007
10892000 -361.133 -147.926 -333.821 -144.175 -49.9084 -26.3921 -280.96
10893000 -313.019 -150.351 -183.489 -2.92252 -17.694 -89.1287 -215.62
10894000 -221.435 -112.542 -249.591 -31.5095 -71.035 -6.54835 -194.523
10895000 -272.311 -123.558 -258.376 -124.495 -18.9428 -40.5895 -218.082
10896000 -77.1915 -122.173 -152.242 -172.235 77.1589 -82.4175 -117.202
10897000 -336.658 -309.509 -346.93 -48.0325 -77.547 -142.968 -331.033
10898000 -360.27 -331.269 -404.849 -121.214 -53.972 -44.0969 -365.463
10899000 -338.608 -304.288 -370.59 -118.231 -38.8259 -12.5188 -337.829
10900000 -152.26 -267.428 -286.956 -137.122 -84.1552 -41.3396 -235.548
10901000 -209.178 -266.175 -325.318 -149.788 4.46175 -48.4124 -266.89
10902000 -147.026 -344.174 -454.461 -87.5205 -23.6574 -25.0447 -315.22
10903000 -91.9887 -292.851 -277.485 -132.282 -90.7324 48.2711 -220.775
10904000 -51.7185 -314.083 -263.356 -163.32 -38.1555 55.0098 -209.719
10905000 -182.828 -206.515 -270.778 -145.587 24.6932 -24.7061 -220.04
10906000 -189.904 -243.601 -220.105 -70.0423 -33.1254 7.08607 -217.87
10907000 -315.617 -436.417 -430.322 -36.7227 11.5343 23.2071 -394.119
10908000 -400.974 -270.906 -267.739 -23.0365 37.4688 -66.1194 -313.206
10909000 -265.27 -280.84 -175.034 -104.058 2.76479 -51.8957 -240.381
10910000 -335.53 -229.655 -254.386 -26.5152 -27.0018 10.1683 -273.19
10911000 -262.898 -153.951 -193.964 -2.65246 -35.5121 -63.4847 -203.604
10912000 -395.566 -223.856 -327.97 -2.8047 -41.8152 -49.9636 -315.797
10913000 -119.273 -24.5627 -149.105 -43.6246 41.4011 -22.2236 -97.6468
10914000 -257.725 -247.017 -270.816 -30.4159 -37.3125 -11.8379 -258.519
10915000 -306.242 -316.173 -215.779 -24.5181 -28.5608 61.0087 -279.398
10916000 -322.876 -281.513 -387.899 8.33834 -94.669 -107.267 -330.763
10917000 -72.9731 -397.37 -235.954 -66.911 -42.3254 -31.3345 -235.432
10918000 -14.93 -327.102 -147.189 -108.179 -11.0727 -48.3121 -163.074
10919000 -89.1565 -136.489 -125.418 -77.6784 -29.0548 -29.071 -117.021
10920000 -127.378 -137.587 -202.54 -73.3926 72.7616 -84.976 -155.835
10921000 -341.532 -220.745 -313.748 -31.3818 101.769 -73.6698 -292.008
10922000 -289.983 -133.949 -409.601 -53.9394 22.8366 0.941839 -277.844
10923000 -132.099 -155.802 -50.6264 -63.4754 40.6077 -93.3174 -112.843
10924000 -238.113 -287.292 -188.072 -23.0692 -0.183123 -128.688 -237.826
10925000 -185.641 -215.092 -154.196 -43.3244 -4.05696 -18.2338 -184.976
10926000 -320.707 -278.217 -317.583 -84.4719 10.3281 -102.036 -305.502
10927000 -382.276 -319.211 -352.461 -70.9864 39.8659 -35.8408 -351.316
10928000 -323.847 -301.421 -298.678 -34.3734 26.8241 -59.0024 -307.982
10929000 -402.005 -307.803 -319.647 -110.281 -27.1363 -70.5023 -343.152
10930000 -227.608 -243.183 -326.045 -130.792 -36.2523 1.22094 -265.612
10931000 -280.588 -342.481 -101.568 -67.0345 -54.3439 -69.0078 -241.546
10932000 -200.977 -233.104 -348.419 -154.316 -27.6552 -54.6783 -260.833
10933000 -154.528 -195.091 -309.962 -192.526 47.7747 18.5617 -219.86
10934000 -152.739 -165.336 -307.679 -195.435 99.7313 -16.7333 -208.585
10935000 -105.665 -182.495 -267.003 -130.284 53.8305 -68.9546 -185.055
10936000 -240.47 -13.9957 -376.872 -24.6028 -14.1168 -83.82 -210.446
10937000 -215.036 -168.303 -221.463 -94.3385 70.7763 9.95417 -201.601
10938000 -214.448 -234.513 -389.388 -127.724 -83.478 -15.8302 -279.45
10939000 -59.2406 -280.868 -479.345 -167.354 -22.4846 40.341 -273.151
10940000 -163.413 -302.784 -423.072 -167.878 15.1741 69.4507 -296.423
10941000 -107.337 -196.022 -344.423 -142.552 2.06897 0.82444 -215.928
10942000 -286.265 -278.786 -394.506 -61.5013 -40.1122 72.5131 -319.852
10943000 -143.885 -48.8355 -280.488 -76.5345 31.9665 51.6914 -157.736
10944000 -162.876 -184.007 -262.031 -72.9619 33.5741 -17.3671 -202.971
10945000 -80.7586 -54.5412 -88.6548 -169.231 -34.7062 -108.193 -74.6515
10946000 -54.7903 -221.385 -66.7163 -185.841 29.9035 -70.6926 -114.297
10947000 -64.3477 -207.772 -264.337 -173.218 -17.5355 -146.654 -178.819
10948000 -126.409 -284.508 -278.233 -170.192 -33.8947 23.6775 -229.717
10949000 -124.239 -94.1568 -278.373 -193.079 -52.9425 -31.9002 -165.59
10950000 -45.1725 6.84996 -166.807 -172.653 4.59466 -141.85 -68.3766
10951000 -227.11 -81.5757 -234.801 -145.245 76.0958 -117.917 -181.162
10952000 -139.841 -17.9013 -283.971 -140.876 19.351 -15.055 -147.238
10953000 -23.3266 -91.4987 -241.143 -149.155 65.4908 -29.5911 -118.656
10954000 -107.746 -221.292 -216.289 -139.77 -27.0003 -16.2173 -181.776
10955000 -209.427 -306.869 -234.95 -212.104 53.0725 -45.3495 -250.415
10956000 -163.858 -131.636 -45.7057 -88.9088 92.5293 -30.1597 -113.733
10957000 -0.613981 -42.7414 -41.826 -134.046 82.2946 138.142 -28.3938
10958000 -186.201 -342.922 -14.3811 -171.451 20.0892 39.9335 -181.168
10959000 -357.017 -308.042 -271.441 -76.0372 31.8501 41.9561 -312.167
10960000 -221.247 -248.168 -301.389 -110.856 55.3233 -15.3374 -256.935
10961000 -280.641 -404.62 -394.093 -108.204 16.1361 -11.1468 -359.785
10962000 -124.553 -215.554 -395.108 -31.0901 95.8698 19.2327 -245.071
10963000 -14.1339 45.7 -122.199 -101.517 22.3618 31.1848 -30.2109
10964000 8.27111 -67.4569 -277.143 -223.559 45.238 -55.8341 -112.11
10965000 -233.243 -192.912 -342.598 -73.5661 7.19618 61.3463 -256.251
10966000 -158.684 -241.063 -315.426 -49.7838 13.8466 13.9287 -238.391
10967000 -342.239 -168.114 -388.42 -146.005 97.6522 145.102 -299.591
10968000 -248.969 -229.769 -380.745 -68.988 -12.308 50.1621 -286.494
10969000 -204.439 -196.299 -187.263 -157.277 -11.8006 -65.1757 -196
10970000 -195.885 -237.396 -298.026 -63.6609 159.369 -27.2864 -243.769
10971000 -126.393 -81.1761 -173.697 -17.5622 63.3734 12.0092 -127.089
10972000 -198.984 -240.194 -251.924 -146.513 3.04557 -3.62822 -230.367
10973000 -153.15 -357.032 -237.808 -119.822 49.1119 90.593 -249.33
10974000 -94.2117 -241.462 -273.674 -27.937 -33.9491 41.1725 -203.116
10975000 -63.3789 -249.94 -290.505 -43.059 -88.1243 75.5825 -201.275
10976000 -210.061 -186.799 -253.491 -111.429 5.32928 113.156 -216.784
10977000 -208.076 -394.987 -276.848 -225.627 -19.8837 49.1644 -293.304
10978000 -214.473 -277.238 -299.908 -90.2024 79.2128 15.2214 -263.873
10979000 -311.295 -394.78 -393.199 -96.9806 -28.5341 4.74075 -366.425
10980000 -140.24 -228.896 -288.816 -81.4847 44.413 38.3337 -219.318
10981000 -371.054 -275.531 -241.441 -73.3054 -21.8432 -15.6893 -296.009
10982000 -312.4 -267.737 -343.944 -81.7869 -1.03939 4.41299 -308.027
10983000 -338.006 -134.572 -219.953 27.3757 -16.883 -73.9201 -230.844
10984000 -167.671 -253.513 -266.58 -25.3981 39.3615 -33.9497 -229.255
10985000 -280.329 -140.576 -321.188 -16.119 64.1805 18.6845 -247.364
10986000 -142.733 -222.272 -330.414 -6.66917 22.2884 -34.6129 -231.806
10987000 -147.416 -328.863 -361.939 23.2194 19.5522 28.1409 -279.406
10988000 -236.346 -143.425 -283.143 81.9226 2.22635 -57.4923 -220.971
10989000 -283.125 -146.078 -261.45 -32.6096 3.11461 63.0549 -230.218
10990000 -386.885 -222.433 -377.036 -67.9353 -72.183 9.40822 -328.785
10991000 -350.616 -260.243 -279.799 37.8866 15.8211 13.4572 -296.886
10992000 -244.26 -76.1785 -289.96 -4.12792 21.9836 93.7238 -203.466
10993000 -281.916 -80.9988 -251.601 4.03125 -128.442 -19.2264 -204.838
10994000 -360.409 -233.085 -254.345 -86.1568 -79.1066 58.5788 -282.613
10995000 -373.288 -260.183 -268.813 -157.248 -88.8943 -14.3482 -300.761
10996000 -263.116 -121.781 -346.753 -102.765 48.8127 -38.305 -243.883
10997000 -317.715 -123.244 -354.653 5.28864 65.7514 -86.9376 -265.204
10998000 -411.936 -371.212 -385.175 -139.377 48.847 -30.8661 -389.441
10999000 -116.239 -220.623 -276.791 -88.3548 24.1993 61.4661 -204.551
11000000 -132.744 -16.278 -280.212 -130.236 45.2916 35.3886 -143.078
