# Time-averaged data for fix state_variables
# TimeStep c_thermo_temp v_vol v_rho v_etotal v_a v_b v_c
10002000 291.906 111004 0.790587 2474.7 48.0596 48.0596 48.0596
10003000 293.307 111002 0.790606 2519.41 48.0592 48.0592 48.0592
10004000 296.095 110999 0.790625 2587.92 48.0588 48.0588 48.0588
10005000 291.133 110996 0.790644 2490.13 48.0584 48.0584 48.0584
10006000 291.881 110994 0.790663 2486.5 48.0581 48.0581 48.0581
10007000 292.195 110991 0.790682 2515.13 48.0577 48.0577 48.0577
10008000 291.37 110988 0.790701 2509.94 48.0573 48.0573 48.0573
10009000 293.652 110986 0.79072 2541.42 48.0569 48.0569 48.0569
10010000 293.325 110983 0.790739 2508.76 48.0565 48.0565 48.0565
10011000 293.983 110980 0.790759 2555.3 48.0561 48.0561 48.0561
10012000 293.06 110978 0.790778 2536.88 48.0557 48.0557 48.0557
10013000 291.247 110975 0.790797 2498.83 48.0553 48.0553 48.0553
10014000 291.919 110972 0.790816 2503.62 48.055 48.055 48.055
10015000 293.461 110970 0.790835 2545.08 48.0546 48.0546 48.0546
10016000 292.672 110967 0.790854 2545.72 48.0542 48.0542 48.0542
10017000 294.166 110964 0.790873 2570.16 48.0538 48.0538 48.0538
10018000 291.559 110962 0.790893 2535.89 48.0534 48.0534 48.0534
10019000 291.786 110959 0.790912 2529.84 48.053 48.053 48.053
10020000 291.5 110956 0.790931 2473.03 48.0526 48.0526 48.0526
10021000 294.36 110953 0.79095 2550.43 48.0522 48.0522 48.0522
10022000 291.603 110951 0.790969 2474.53 48.0519 48.0519 48.0519
10023000 294.259 110948 0.790988 2547.94 48.0515 48.0515 48.0515
10024000 294.594 110945 0.791007 2567.09 48.0511 48.0511 48.0511
10025000 292.983 110943 0.791026 2533.64 48.0507 48.0507 48.0507
10026000 291.956 110940 0.791046 2507.17 48.0503 48.0503 48.0503
10027000 291.88 110937 0.791065 2537.98 48.0499 48.0499 48.0499
10028000 295.573 110935 0.791084 2619.21 48.0495 48.0495 48.0495
10029000 291.882 110932 0.791103 2520.52 48.0491 48.0491 48.0491
10030000 293.062 110929 0.791122 2530.32 48.0488 48.0488 48.0488
10031000 292.632 110927 0.791141 2532.77 48.0484 48.0484 48.0484
10032000 292.307 110924 0.79116 2526.99 48.048 48.048 48.048
10033000 292.504 110921 0.79118 2517.79 48.0476 48.0476 48.0476
10034000 293.655 110919 0.791199 2538.82 48.0472 48.0472 48.0472
10035000 292.704 110916 0.791218 2545.63 48.0468 48.0468 48.0468
10036000 294.092 110913 0.791237 2566.35 48.0464 48.0464 48.0464
10037000 291.671 110911 0.791256 2512.07 48.046 48.046 48.046
10038000 293.314 110908 0.791275 2518.86 48.0457 48.0457 48.0457
10039000 292.351 110905 0.791294 2527.76 48.0453 48.0453 48.0453
10040000 292.323 110902 0.791314 2518.59 48.0449 48.0449 48.0449
10041000 293.427 110900 0.791333 2529.04 48.0445 48.0445 48.0445
10042000 294.249 110897 0.791352 2539.04 48.0441 48.0441 48.0441
10043000 293.148 110894 0.791371 2556.63 48.0437 48.0437 48.0437
10044000 294.689 110892 0.79139 2577.98 48.0433 48.0433 48.0433
10045000 293.781 110889 0.791409 2567.85 48.0429 48.0429 48.0429
10046000 293.34 110886 0.791428 2522.48 48.0426 48.0426 48.0426
10047000 292.697 110884 0.791448 2513.88 48.0422 48.0422 48.0422
10048000 293.578 110881 0.791467 2522.22 48.0418 48.0418 48.0418
10049000 293.636 110878 0.791486 2532.63 48.0414 48.0414 48.0414
10050000 293.661 110876 0.791505 2532.13 48.041 48.041 48.041
10051000 295.366 110873 0.791524 2559.2 48.0406 48.0406 48.0406
10052000 293.638 110870 0.791543 2503.61 48.0402 48.0402 48.0402
10053000 291.861 110868 0.791562 2479.8 48.0398 48.0398 48.0398
10054000 289.978 110865 0.791582 2423.29 48.0395 48.0395 48.0395
10055000 289.739 110862 0.791601 2431.2 48.0391 48.0391 48.0391
10056000 292.15 110860 0.79162 2476.27 48.0387 48.0387 48.0387
10057000 291.974 110857 0.791639 2466.02 48.0383 48.0383 48.0383
10058000 294.958 110854 0.791658 2540.43 48.0379 48.0379 48.0379
10059000 292.093 110852 0.791677 2485.64 48.0375 48.0375 48.0375
10060000 293.91 110849 0.791697 2554.25 48.0371 48.0371 48.0371
10061000 295.253 110846 0.791716 2568.13 48.0367 48.0367 48.0367
10062000 292.462 110843 0.791735 2502.64 48.0364 48.0364 48.0364
10063000 291.596 110841 0.791754 2480.93 48.036 48.036 48.036
10064000 292.882 110838 0.791773 2502.56 48.0356 48.0356 48.0356
10065000 292.613 110835 0.791792 2515.86 48.0352 48.0352 48.0352
10066000 293.665 110833 0.791812 2523.93 48.0348 48.0348 48.0348
10067000 293.417 110830 0.791831 2557.3 48.0344 48.0344 48.0344
10068000 292.124 110827 0.79185 2524.94 48.034 48.034 48.034
10069000 290.667 110825 0.791869 2470.05 48.0336 48.0336 48.0336
10070000 293.102 110822 0.791888 2520.79 48.0333 48.0333 48.0333
10071000 294.801 110819 0.791907 2585.75 48.0329 48.0329 48.0329
10072000 291.899 110817 0.791927 2493.78 48.0325 48.0325 48.0325
10073000 291.639 110814 0.791946 2506.93 48.0321 48.0321 48.0321
10074000 291.351 110811 0.791965 2496.35 48.0317 48.0317 48.0317
10075000 293.376 110809 0.791984 2517.86 48.0313 48.0313 48.0313
10076000 293.509 110806 0.792003 2521.79 48.0309 48.0309 48.0309
10077000 292.239 110803 0.792022 2508.53 48.0305 48.0305 48.0305
10078000 295.574 110801 0.792042 2572.27 48.0302 48.0302 48.0302
10079000 294.72 110798 0.792061 2562 48.0298 48.0298 48.0298
10080000 292.989 110795 0.79208 2525.08 48.0294 48.0294 48.0294
10081000 291.104 110793 0.792099 2473.57 48.029 48.029 48.029
10082000 292.86 110790 0.792118 2521.23 48.0286 48.0286 48.0286
10083000 293.499 110787 0.792137 2523.13 48.0282 48.0282 48.0282
10084000 293.539 110784 0.792157 2523.62 48.0278 48.0278 48.0278
10085000 293.371 110782 0.792176 2523.27 48.0274 48.0274 48.0274
10086000 292.545 110779 0.792195 2512.66 48.0271 48.0271 48.0271
10087000 295.459 110776 0.792214 2601.05 48.0267 48.0267 48.0267
10088000 293.673 110774 0.792233 2574.11 48.0263 48.0263 48.0263
10089000 293.545 110771 0.792252 2548.05 48.0259 48.0259 48.0259
10090000 293.678 110768 0.792272 2545.68 48.0255 48.0255 48.0255
10091000 292.31 110766 0.792291 2525.34 48.0251 48.0251 48.0251
10092000 291.804 110763 0.79231 2497.5 48.0247 48.0247 48.0247
10093000 291.97 110760 0.792329 2521.25 48.0243 48.0243 48.0243
10094000 292.424 110758 0.792348 2548.44 48.024 48.024 48.024
10095000 294.187 110755 0.792367 2571.49 48.0236 48.0236 48.0236
10096000 293.846 110752 0.792387 2587.07 48.0232 48.0232 48.0232
10097000 293.722 110750 0.792406 2594.94 48.0228 48.0228 48.0228
10098000 292.917 110747 0.792425 2557.11 48.0224 48.0224 48.0224
10099000 293.584 110744 0.792444 2556.52 48.022 48.022 48.022
10100000 293.682 110742 0.792463 2555.66 48.0216 48.0216 48.0216
10101000 294.75 110739 0.792483 2551.5 48.0212 48.0212 48.0212
10102000 292.924 110736 0.792502 2525.94 48.0209 48.0209 48.0209
10103000 292.593 110734 0.792521 2491.59 48.0205 48.0205 48.0205
10104000 292.543 110731 0.79254 2512.03 48.0201 48.0201 48.0201
10105000 293.907 110728 0.792559 2556.48 48.0197 48.0197 48.0197
10106000 292.016 110726 0.792578 2510.22 48.0193 48.0193 48.0193
10107000 293.048 110723 0.792598 2550.81 48.0189 48.0189 48.0189
10108000 293.617 110720 0.792617 2513.19 48.0185 48.0185 48.0185
10109000 293.172 110717 0.792636 2528.06 48.0181 48.0181 48.0181
10110000 293.033 110715 0.792655 2553.44 48.0178 48.0178 48.0178
10111000 292.766 110712 0.792674 2516.39 48.0174 48.0174 48.0174
10112000 292.924 110709 0.792694 2516.95 48.017 48.017 48.017
10113000 293.537 110707 0.792713 2521.32 48.0166 48.0166 48.0166
10114000 291.959 110704 0.792732 2483.55 48.0162 48.0162 48.0162
10115000 293.622 110701 0.792751 2523.33 48.0158 48.0158 48.0158
10116000 292.461 110699 0.79277 2501.38 48.0154 48.0154 48.0154
10117000 293.429 110696 0.79279 2508.33 48.015 48.015 48.015
10118000 292.805 110693 0.792809 2543.47 48.0147 48.0147 48.0147
10119000 293.813 110691 0.792828 2565.28 48.0143 48.0143 48.0143
10120000 295.337 110688 0.792847 2570.38 48.0139 48.0139 48.0139
10121000 291.642 110685 0.792866 2468.72 48.0135 48.0135 48.0135
10122000 294.615 110683 0.792886 2549.57 48.0131 48.0131 48.0131
10123000 293.454 110680 0.792905 2516.99 48.0127 48.0127 48.0127
10124000 293.485 110677 0.792924 2514.26 48.0123 48.0123 48.0123
10125000 292.62 110675 0.792943 2482.52 48.0119 48.0119 48.0119
10126000 294.399 110672 0.792962 2515.66 48.0116 48.0116 48.0116
10127000 293.14 110669 0.792981 2481.11 48.0112 48.0112 48.0112
10128000 293.705 110667 0.793001 2498.13 48.0108 48.0108 48.0108
10129000 293.263 110664 0.79302 2503.93 48.0104 48.0104 48.0104
10130000 290.946 110661 0.793039 2465.89 48.01 48.01 48.01
10131000 291.671 110659 0.793058 2492.14 48.0096 48.0096 48.0096
10132000 293.499 110656 0.793077 2525.68 48.0092 48.0092 48.0092
10133000 292.648 110653 0.793097 2502.63 48.0088 48.0088 48.0088
10134000 295.984 110650 0.793116 2587.06 48.0085 48.0085 48.0085
10135000 293.807 110648 0.793135 2558.47 48.0081 48.0081 48.0081
10136000 293.369 110645 0.793154 2529.04 48.0077 48.0077 48.0077
10137000 292.958 110642 0.793174 2522.33 48.0073 48.0073 48.0073
10138000 293.621 110640 0.793193 2534.88 48.0069 48.0069 48.0069
10139000 293.461 110637 0.793212 2558.51 48.0065 48.0065 48.0065
10140000 292.038 110634 0.793231 2537.67 48.0061 48.0061 48.0061
10141000 293.197 110632 0.79325 2542.95 48.0057 48.0057 48.0057
10142000 294.364 110629 0.79327 2581.77 48.0054 48.0054 48.0054
10143000 292.104 110626 0.793289 2522.03 48.005 48.005 48.005
10144000 291.42 110624 0.793308 2505.28 48.0046 48.0046 48.0046
10145000 293.913 110621 0.793327 2560.17 48.0042 48.0042 48.0042
10146000 294.264 110618 0.793346 2566.42 48.0038 48.0038 48.0038
10147000 294.713 110616 0.793366 2585.24 48.0034 48.0034 48.0034
10148000 292.579 110613 0.793385 2511.59 48.003 48.003 48.003
10149000 294.583 110610 0.793404 2539.74 48.0026 48.0026 48.0026
10150000 294.138 110608 0.793423 2541.6 48.0023 48.0023 48.0023
10151000 295.692 110605 0.793442 2602.99 48.0019 48.0019 48.0019
10152000 294.034 110602 0.793462 2548.65 48.0015 48.0015 48.0015
10153000 294.034 110600 0.793481 2580.06 48.0011 48.0011 48.0011
10154000 292.741 110597 0.7935 2545.8 48.0007 48.0007 48.0007
10155000 294.222 110594 0.793519 2565.3 48.0003 48.0003 48.0003
10156000 292.377 110592 0.793539 2525.58 47.9999 47.9999 47.9999
10157000 291.514 110589 0.793558 2499.31 47.9995 47.9995 47.9995
10158000 295.503 110586 0.793577 2581.37 47.9992 47.9992 47.9992
10159000 294.152 110584 0.793596 2566.45 47.9988 47.9988 47.9988
10160000 293.108 110581 0.793615 2532.33 47.9984 47.9984 47.9984
10161000 293.049 110578 0.793635 2528.24 47.998 47.998 47.998
10162000 292.769 110575 0.793654 2524.75 47.9976 47.9976 47.9976
10163000 292.854 110573 0.793673 2519.09 47.9972 47.9972 47.9972
10164000 292.702 110570 0.793692 2516.13 47.9968 47.9968 47.9968
10165000 292.821 110567 0.793711 2524.64 47.9964 47.9964 47.9964
10166000 292.975 110565 0.793731 2552.52 47.9961 47.9961 47.9961
10167000 291.54 110562 0.79375 2505.83 47.9957 47.9957 47.9957
10168000 293.531 110559 0.793769 2538.44 47.9953 47.9953 47.9953
10169000 293.693 110557 0.793788 2536.91 47.9949 47.9949 47.9949
10170000 294.157 110554 0.793808 2566.02 47.9945 47.9945 47.9945
10171000 295.843 110551 0.793827 2597.52 47.9941 47.9941 47.9941
10172000 292.495 110549 0.793846 2508.53 47.9937 47.9937 47.9937
10173000 292.861 110546 0.793865 2514.67 47.9933 47.9933 47.9933
10174000 293.66 110543 0.793884 2532.07 47.993 47.993 47.993
10175000 292.264 110541 0.793904 2489.97 47.9926 47.9926 47.9926
10176000 294.968 110538 0.793923 2544.34 47.9922 47.9922 47.9922
10177000 293.819 110535 0.793942 2520.47 47.9918 47.9918 47.9918
10178000 294.312 110533 0.793961 2523.13 47.9914 47.9914 47.9914
10179000 296.276 110530 0.793981 2551.89 47.991 47.991 47.991
10180000 290.942 110527 0.794 2414.66 47.9906 47.9906 47.9906
10181000 292.892 110525 0.794019 2483.66 47.9902 47.9902 47.9902
10182000 293.413 110522 0.794038 2497.13 47.9899 47.9899 47.9899
10183000 294.148 110519 0.794058 2518.03 47.9895 47.9895 47.9895
10184000 293.725 110517 0.794077 2513.77 47.9891 47.9891 47.9891
10185000 293.803 110514 0.794096 2499.53 47.9887 47.9887 47.9887
10186000 294.513 110511 0.794115 2526.86 47.9883 47.9883 47.9883
10187000 292.558 110509 0.794135 2483.87 47.9879 47.9879 47.9879
10188000 291.42 110506 0.794154 2466.7 47.9875 47.9875 47.9875
10189000 292.379 110503 0.794173 2476.85 47.9871 47.9871 47.9871
10190000 293.66 110501 0.794192 2507.95 47.9868 47.9868 47.9868
10191000 291.801 110498 0.794211 2459.97 47.9864 47.9864 47.9864
10192000 292.429 110495 0.794231 2485.2 47.986 47.986 47.986
10193000 291.786 110492 0.79425 2464.59 47.9856 47.9856 47.9856
10194000 289.646 110490 0.794269 2432.85 47.9852 47.9852 47.9852
10195000 294.82 110487 0.794288 2527.06 47.9848 47.9848 47.9848
10196000 293.04 110484 0.794308 2487.66 47.9844 47.9844 47.9844
10197000 294.099 110482 0.794327 2504.28 47.984 47.984 47.984
10198000 293.615 110479 0.794346 2507.78 47.9837 47.9837 47.9837
10199000 293.426 110476 0.794365 2491.19 47.9833 47.9833 47.9833
10200000 291.97 110474 0.794385 2425.23 47.9829 47.9829 47.9829
10201000 292.166 110471 0.794404 2422.35 47.9825 47.9825 47.9825
10202000 293.839 110468 0.794423 2505.98 47.9821 47.9821 47.9821
10203000 292.398 110466 0.794442 2479.37 47.9817 47.9817 47.9817
10204000 293.273 110463 0.794462 2497.89 47.9813 47.9813 47.9813
10205000 294.222 110460 0.794481 2535.09 47.9809 47.9809 47.9809
10206000 293.13 110458 0.7945 2515.65 47.9806 47.9806 47.9806
10207000 292.859 110455 0.794519 2514.98 47.9802 47.9802 47.9802
10208000 290.589 110452 0.794539 2435.17 47.9798 47.9798 47.9798
10209000 292.825 110450 0.794558 2505.89 47.9794 47.9794 47.9794
10210000 294.705 110447 0.794577 2530.91 47.979 47.979 47.979
10211000 290.883 110444 0.794596 2429.24 47.9786 47.9786 47.9786
10212000 292.268 110442 0.794616 2504.54 47.9782 47.9782 47.9782
10213000 292.088 110439 0.794635 2501.01 47.9778 47.9778 47.9778
10214000 292.716 110436 0.794654 2509.56 47.9775 47.9775 47.9775
10215000 293.824 110434 0.794673 2522.17 47.9771 47.9771 47.9771
10216000 292.86 110431 0.794693 2477.03 47.9767 47.9767 47.9767
10217000 291.378 110428 0.794712 2455.92 47.9763 47.9763 47.9763
10218000 293.509 110426 0.794731 2513.17 47.9759 47.9759 47.9759
10219000 294.514 110423 0.79475 2522.22 47.9755 47.9755 47.9755
10220000 292.427 110420 0.79477 2489.81 47.9751 47.9751 47.9751
10221000 290.867 110418 0.794789 2466.42 47.9747 47.9747 47.9747
10222000 291.909 110415 0.794808 2485.95 47.9744 47.9744 47.9744
10223000 294.223 110412 0.794827 2541.05 47.974 47.974 47.974
10224000 292.308 110410 0.794847 2486.93 47.9736 47.9736 47.9736
10225000 293.607 110407 0.794866 2527.64 47.9732 47.9732 47.9732
10226000 293.233 110404 0.794885 2517.44 47.9728 47.9728 47.9728
10227000 290.023 110402 0.794904 2440.66 47.9724 47.9724 47.9724
10228000 294.136 110399 0.794924 2524.85 47.972 47.972 47.972
10229000 293.35 110396 0.794943 2536.59 47.9717 47.9717 47.9717
10230000 294.3 110393 0.794962 2553.88 47.9713 47.9713 47.9713
10231000 293.777 110391 0.794981 2549.37 47.9709 47.9709 47.9709
10232000 292.59 110388 0.795001 2519.2 47.9705 47.9705 47.9705
10233000 293.398 110385 0.79502 2522.32 47.9701 47.9701 47.9701
10234000 293.611 110383 0.795039 2523.8 47.9697 47.9697 47.9697
10235000 294.755 110380 0.795059 2559.84 47.9693 47.9693 47.9693
10236000 292.031 110377 0.795078 2494.08 47.9689 47.9689 47.9689
10237000 291.551 110375 0.795097 2483.72 47.9686 47.9686 47.9686
10238000 291.494 110372 0.795116 2468.12 47.9682 47.9682 47.9682
10239000 292.752 110369 0.795136 2496.04 47.9678 47.9678 47.9678
10240000 294.644 110367 0.795155 2521.63 47.9674 47.9674 47.9674
10241000 292.65 110364 0.795174 2487.71 47.967 47.967 47.967
10242000 292.563 110361 0.795193 2503.03 47.9666 47.9666 47.9666
10243000 291.964 110359 0.795213 2483.93 47.9662 47.9662 47.9662
10244000 293.4 110356 0.795232 2518.9 47.9658 47.9658 47.9658
10245000 292.488 110353 0.795251 2490.33 47.9655 47.9655 47.9655
10246000 293.102 110351 0.79527 2513.31 47.9651 47.9651 47.9651
10247000 295.829 110348 0.79529 2598.82 47.9647 47.9647 47.9647
10248000 293.292 110345 0.795309 2499.86 47.9643 47.9643 47.9643
10249000 293.753 110343 0.795328 2520.19 47.9639 47.9639 47.9639
10250000 294.489 110340 0.795348 2520.89 47.9635 47.9635 47.9635
10251000 294.193 110337 0.795367 2544.65 47.9631 47.9631 47.9631
10252000 292.921 110335 0.795386 2519.39 47.9627 47.9627 47.9627
10253000 291.571 110332 0.795405 2470.65 47.9624 47.9624 47.9624
10254000 291.959 110329 0.795425 2491.22 47.962 47.962 47.962
10255000 293.452 110327 0.795444 2535.54 47.9616 47.9616 47.9616
10256000 293.254 110324 0.795463 2524.13 47.9612 47.9612 47.9612
10257000 294.145 110321 0.795483 2553.66 47.9608 47.9608 47.9608
10258000 294.44 110319 0.795502 2554.76 47.9604 47.9604 47.9604
10259000 292.51 110316 0.795521 2495.34 47.96 47.96 47.96
10260000 292.938 110313 0.79554 2515.34 47.9596 47.9596 47.9596
10261000 292.141 110311 0.79556 2514.53 47.9593 47.9593 47.9593
10262000 294.367 110308 0.795579 2567.91 47.9589 47.9589 47.9589
10263000 292.293 110305 0.795598 2498.94 47.9585 47.9585 47.9585
10264000 294.935 110303 0.795618 2545.4 47.9581 47.9581 47.9581
10265000 295.335 110300 0.795637 2552.75 47.9577 47.9577 47.9577
10266000 292.641 110297 0.795656 2459.75 47.9573 47.9573 47.9573
10267000 293.117 110295 0.795675 2472.35 47.9569 47.9569 47.9569
10268000 291.686 110292 0.795695 2456.84 47.9565 47.9565 47.9565
10269000 291.912 110289 0.795714 2478.18 47.9562 47.9562 47.9562
10270000 295.004 110287 0.795733 2578.31 47.9558 47.9558 47.9558
10271000 295.189 110284 0.795753 2570.68 47.9554 47.9554 47.9554
10272000 291.629 110281 0.795772 2485.94 47.955 47.955 47.955
10273000 294.863 110279 0.795791 2585.06 47.9546 47.9546 47.9546
10274000 293.75 110276 0.79581 2554.87 47.9542 47.9542 47.9542
10275000 293.904 110273 0.79583 2546.86 47.9538 47.9538 47.9538
10276000 291.302 110270 0.795849 2500.57 47.9534 47.9534 47.9534
10277000 294.382 110268 0.795868 2582.06 47.9531 47.9531 47.9531
10278000 292.188 110265 0.795888 2522.86 47.9527 47.9527 47.9527
10279000 292.611 110262 0.795907 2524.92 47.9523 47.9523 47.9523
10280000 293.194 110260 0.795926 2535.99 47.9519 47.9519 47.9519
10281000 294.28 110257 0.795945 2575.65 47.9515 47.9515 47.9515
10282000 295.079 110254 0.795965 2594.3 47.9511 47.9511 47.9511
10283000 293.478 110252 0.795984 2554.09 47.9507 47.9507 47.9507
10284000 292.122 110249 0.796003 2504.63 47.9503 47.9503 47.9503
10285000 294.696 110246 0.796023 2562.56 47.95 47.95 47.95
10286000 292.658 110244 0.796042 2492.86 47.9496 47.9496 47.9496
10287000 292.135 110241 0.796061 2499.96 47.9492 47.9492 47.9492
10288000 291.793 110238 0.79608 2510.22 47.9488 47.9488 47.9488
10289000 293.682 110236 0.7961 2538.35 47.9484 47.9484 47.9484
10290000 292.532 110233 0.796119 2533.35 47.948 47.948 47.948
10291000 291.331 110230 0.796138 2510.65 47.9476 47.9476 47.9476
10292000 293.48 110228 0.796158 2547.88 47.9472 47.9472 47.9472
10293000 292.335 110225 0.796177 2521.25 47.9469 47.9469 47.9469
10294000 292.122 110222 0.796196 2515.33 47.9465 47.9465 47.9465
10295000 294.277 110220 0.796216 2589.47 47.9461 47.9461 47.9461
10296000 291.863 110217 0.796235 2524.12 47.9457 47.9457 47.9457
10297000 292.019 110214 0.796254 2531.35 47.9453 47.9453 47.9453
10298000 293.91 110212 0.796274 2572.18 47.9449 47.9449 47.9449
10299000 292.472 110209 0.796293 2560.18 47.9445 47.9445 47.9445
10300000 292.57 110206 0.796312 2546.13 47.9441 47.9441 47.9441
10301000 293.043 110204 0.796331 2554.6 47.9438 47.9438 47.9438
10302000 291.732 110201 0.796351 2524.74 47.9434 47.9434 47.9434
10303000 291.985 110198 0.79637 2507.33 47.943 47.943 47.943
10304000 293.054 110196 0.796389 2558.09 47.9426 47.9426 47.9426
10305000 293.348 110193 0.796409 2568.06 47.9422 47.9422 47.9422
10306000 293.096 110190 0.796428 2577.58 47.9418 47.9418 47.9418
10307000 292.565 110188 0.796447 2546.83 47.9414 47.9414 47.9414
10308000 292.276 110185 0.796467 2531.9 47.941 47.941 47.941
10309000 291.984 110182 0.796486 2521.97 47.9407 47.9407 47.9407
10310000 293.526 110180 0.796505 2551.62 47.9403 47.9403 47.9403
10311000 292.225 110177 0.796525 2519.91 47.9399 47.9399 47.9399
10312000 291.89 110174 0.796544 2526.61 47.9395 47.9395 47.9395
10313000 293.462 110172 0.796563 2544.77 47.9391 47.9391 47.9391
10314000 293.347 110169 0.796582 2542.47 47.9387 47.9387 47.9387
10315000 294.903 110166 0.796602 2564.88 47.9383 47.9383 47.9383
10316000 293.887 110164 0.796621 2558.24 47.9379 47.9379 47.9379
10317000 292.715 110161 0.79664 2529.56 47.9376 47.9376 47.9376
10318000 294.168 110158 0.79666 2573.57 47.9372 47.9372 47.9372
10319000 292.399 110156 0.796679 2508.62 47.9368 47.9368 47.9368
10320000 292.328 110153 0.796698 2497.79 47.9364 47.9364 47.9364
10321000 292.996 110150 0.796718 2525.17 47.936 47.936 47.936
10322000 293.068 110148 0.796737 2538.09 47.9356 47.9356 47.9356
10323000 292.931 110145 0.796756 2542.95 47.9352 47.9352 47.9352
10324000 291.172 110142 0.796776 2482.22 47.9348 47.9348 47.9348
10325000 295.072 110140 0.796795 2560.52 47.9345 47.9345 47.9345
10326000 293.923 110137 0.796814 2530.64 47.9341 47.9341 47.9341
10327000 294.933 110134 0.796834 2541.18 47.9337 47.9337 47.9337
10328000 292.95 110132 0.796853 2512.11 47.9333 47.9333 47.9333
10329000 293.622 110129 0.796872 2526.44 47.9329 47.9329 47.9329
10330000 292.101 110126 0.796892 2484.17 47.9325 47.9325 47.9325
10331000 291.552 110124 0.796911 2480.84 47.9321 47.9321 47.9321
10332000 292.597 110121 0.79693 2516.88 47.9317 47.9317 47.9317
10333000 291.563 110118 0.79695 2478.69 47.9314 47.9314 47.9314
10334000 294.096 110116 0.796969 2547.82 47.931 47.931 47.931
10335000 293.804 110113 0.796988 2543.87 47.9306 47.9306 47.9306
10336000 292.493 110110 0.797008 2523.05 47.9302 47.9302 47.9302
10337000 292.971 110108 0.797027 2533.69 47.9298 47.9298 47.9298
10338000 291.336 110105 0.797046 2475.83 47.9294 47.9294 47.9294
10339000 293.174 110102 0.797066 2498.9 47.929 47.929 47.929
10340000 290.924 110100 0.797085 2475.84 47.9286 47.9286 47.9286
10341000 293.72 110097 0.797104 2545.83 47.9283 47.9283 47.9283
10342000 292.344 110094 0.797124 2513.15 47.9279 47.9279 47.9279
10343000 292.007 110091 0.797143 2504.83 47.9275 47.9275 47.9275
10344000 291.865 110089 0.797162 2507.36 47.9271 47.9271 47.9271
10345000 292.881 110086 0.797182 2532.94 47.9267 47.9267 47.9267
10346000 291.133 110083 0.797201 2496.39 47.9263 47.9263 47.9263
10347000 293.326 110081 0.79722 2544.8 47.9259 47.9259 47.9259
10348000 292.551 110078 0.79724 2550.03 47.9255 47.9255 47.9255
10349000 294.19 110075 0.797259 2568.32 47.9252 47.9252 47.9252
10350000 293.637 110073 0.797278 2530.93 47.9248 47.9248 47.9248
10351000 294.08 110070 0.797298 2545.1 47.9244 47.9244 47.9244
10352000 293.508 110067 0.797317 2546.82 47.924 47.924 47.924
10353000 296.078 110065 0.797336 2573.58 47.9236 47.9236 47.9236
10354000 293.525 110062 0.797356 2530.42 47.9232 47.9232 47.9232
10355000 295.307 110059 0.797375 2579.85 47.9228 47.9228 47.9228
10356000 293.312 110057 0.797394 2525.75 47.9224 47.9224 47.9224
10357000 293.873 110054 0.797414 2528.74 47.9221 47.9221 47.9221
10358000 292.176 110051 0.797433 2488 47.9217 47.9217 47.9217
10359000 293.148 110049 0.797452 2531.38 47.9213 47.9213 47.9213
10360000 292.217 110046 0.797472 2484.68 47.9209 47.9209 47.9209
10361000 292.804 110043 0.797491 2531.62 47.9205 47.9205 47.9205
10362000 294.441 110041 0.79751 2547.03 47.9201 47.9201 47.9201
10363000 293.052 110038 0.79753 2510.59 47.9197 47.9197 47.9197
10364000 292.797 110035 0.797549 2505.24 47.9193 47.9193 47.9193
10365000 294.718 110033 0.797568 2555.11 47.919 47.919 47.919
10366000 293.859 110030 0.797588 2536.95 47.9186 47.9186 47.9186
10367000 294.314 110027 0.797607 2565.42 47.9182 47.9182 47.9182
10368000 292.915 110025 0.797626 2514.49 47.9178 47.9178 47.9178
10369000 293.37 110022 0.797646 2513.37 47.9174 47.9174 47.9174
10370000 294.574 110019 0.797665 2534.31 47.917 47.917 47.917
10371000 290.955 110017 0.797684 2483.87 47.9166 47.9166 47.9166
10372000 293.105 110014 0.797704 2509.47 47.9162 47.9162 47.9162
10373000 293.142 110011 0.797723 2511.94 47.9159 47.9159 47.9159
10374000 293.813 110009 0.797742 2509.43 47.9155 47.9155 47.9155
10375000 293.103 110006 0.797762 2510.52 47.9151 47.9151 47.9151
10376000 293.998 110003 0.797781 2525.5 47.9147 47.9147 47.9147
10377000 294.559 110001 0.797801 2534.55 47.9143 47.9143 47.9143
10378000 294.156 109998 0.79782 2548.35 47.9139 47.9139 47.9139
10379000 292.512 109995 0.797839 2507.32 47.9135 47.9135 47.9135
10380000 294.152 109993 0.797859 2522.98 47.9131 47.9131 47.9131
10381000 295.178 109990 0.797878 2547.26 47.9128 47.9128 47.9128
10382000 295.412 109987 0.797897 2571.66 47.9124 47.9124 47.9124
10383000 294.203 109985 0.797917 2524.22 47.912 47.912 47.912
10384000 292.726 109982 0.797936 2482.08 47.9116 47.9116 47.9116
10385000 291.68 109979 0.797955 2449.38 47.9112 47.9112 47.9112
10386000 292.284 109977 0.797975 2499.81 47.9108 47.9108 47.9108
10387000 291.361 109974 0.797994 2479.81 47.9104 47.9104 47.9104
10388000 293.827 109971 0.798013 2492.97 47.91 47.91 47.91
10389000 292.913 109969 0.798033 2480.53 47.9097 47.9097 47.9097
10390000 292.738 109966 0.798052 2491.3 47.9093 47.9093 47.9093
10391000 294.807 109963 0.798072 2555.89 47.9089 47.9089 47.9089
10392000 292.464 109961 0.798091 2488.63 47.9085 47.9085 47.9085
10393000 292.865 109958 0.79811 2498.67 47.9081 47.9081 47.9081
10394000 294.037 109955 0.79813 2525.31 47.9077 47.9077 47.9077
10395000 290.884 109953 0.798149 2431.27 47.9073 47.9073 47.9073
10396000 290.347 109950 0.798168 2432.53 47.9069 47.9069 47.9069
10397000 295.051 109947 0.798188 2528.11 47.9066 47.9066 47.9066
10398000 292.9 109945 0.798207 2502.31 47.9062 47.9062 47.9062
10399000 292.844 109942 0.798226 2528.8 47.9058 47.9058 47.9058
10400000 293.143 109939 0.798246 2518.68 47.9054 47.9054 47.9054
10401000 294.206 109937 0.798265 2537.27 47.905 47.905 47.905
10402000 291.764 109934 0.798285 2467.47 47.9046 47.9046 47.9046
10403000 293.671 109931 0.798304 2513.43 47.9042 47.9042 47.9042
10404000 292.246 109929 0.798323 2502.73 47.9038 47.9038 47.9038
10405000 293.662 109926 0.798343 2518.19 47.9035 47.9035 47.9035
10406000 293.589 109923 0.798362 2517.88 47.9031 47.9031 47.9031
10407000 292.799 109921 0.798381 2500.22 47.9027 47.9027 47.9027
10408000 293.946 109918 0.798401 2530.73 47.9023 47.9023 47.9023
10409000 295.773 109915 0.79842 2580.46 47.9019 47.9019 47.9019
10410000 294.058 109913 0.79844 2549.98 47.9015 47.9015 47.9015
10411000 292.088 109910 0.798459 2480.88 47.9011 47.9011 47.9011
10412000 291.719 109907 0.798478 2471.51 47.9007 47.9007 47.9007
10413000 293.364 109905 0.798498 2512.6 47.9004 47.9004 47.9004
10414000 293.456 109902 0.798517 2502.97 47.9 47.9 47.9
10415000 290.733 109899 0.798536 2476.63 47.8996 47.8996 47.8996
10416000 292.72 109897 0.798556 2527.82 47.8992 47.8992 47.8992
10417000 292.397 109894 0.798575 2523.7 47.8988 47.8988 47.8988
10418000 293.174 109891 0.798595 2511.72 47.8984 47.8984 47.8984
10419000 292.909 109889 0.798614 2514.72 47.898 47.898 47.898
10420000 292.309 109886 0.798633 2505.39 47.8976 47.8976 47.8976
10421000 292.152 109883 0.798653 2502.46 47.8973 47.8973 47.8973
10422000 293.571 109881 0.798672 2512.26 47.8969 47.8969 47.8969
10423000 293.884 109878 0.798691 2519.18 47.8965 47.8965 47.8965
10424000 294.922 109875 0.798711 2535.12 47.8961 47.8961 47.8961
10425000 292.192 109873 0.79873 2498.46 47.8957 47.8957 47.8957
10426000 295.346 109870 0.79875 2529.28 47.8953 47.8953 47.8953
10427000 292.365 109867 0.798769 2493.15 47.8949 47.8949 47.8949
10428000 294.027 109865 0.798788 2525.16 47.8945 47.8945 47.8945
10429000 293.845 109862 0.798808 2519.42 47.8942 47.8942 47.8942
10430000 292.827 109859 0.798827 2502.4 47.8938 47.8938 47.8938
10431000 294.418 109857 0.798847 2534.22 47.8934 47.8934 47.8934
10432000 291.188 109854 0.798866 2464.64 47.893 47.893 47.893
10433000 292.311 109851 0.798885 2488.64 47.8926 47.8926 47.8926
10434000 292.585 109849 0.798905 2476.6 47.8922 47.8922 47.8922
10435000 292.325 109846 0.798924 2489.98 47.8918 47.8918 47.8918
10436000 292.485 109843 0.798944 2491.24 47.8914 47.8914 47.8914
10437000 293.726 109841 0.798963 2506.49 47.8911 47.8911 47.8911
10438000 293.694 109838 0.798982 2521.04 47.8907 47.8907 47.8907
10439000 293.503 109835 0.799002 2515.63 47.8903 47.8903 47.8903
10440000 290.211 109833 0.799021 2428.23 47.8899 47.8899 47.8899
10441000 293.684 109830 0.79904 2517.08 47.8895 47.8895 47.8895
10442000 292.639 109827 0.79906 2498.65 47.8891 47.8891 47.8891
10443000 291.4 109825 0.799079 2471.74 47.8887 47.8887 47.8887
10444000 293.432 109822 0.799099 2533.33 47.8883 47.8883 47.8883
10445000 292.801 109819 0.799118 2503.17 47.888 47.888 47.888
10446000 294.221 109817 0.799137 2559.62 47.8876 47.8876 47.8876
10447000 294.237 109814 0.799157 2568.34 47.8872 47.8872 47.8872
10448000 292.644 109811 0.799176 2536.19 47.8868 47.8868 47.8868
10449000 291.743 109809 0.799196 2509.59 47.8864 47.8864 47.8864
10450000 295.986 109806 0.799215 2608.79 47.886 47.886 47.886
10451000 294.895 109803 0.799234 2573.82 47.8856 47.8856 47.8856
10452000 296.064 109801 0.799254 2595.67 47.8852 47.8852 47.8852
10453000 293.642 109798 0.799273 2536.98 47.8849 47.8849 47.8849
10454000 293.815 109795 0.799293 2578.45 47.8845 47.8845 47.8845
10455000 293.103 109793 0.799312 2564.6 47.8841 47.8841 47.8841
10456000 292.274 109790 0.799331 2555.57 47.8837 47.8837 47.8837
10457000 290.718 109787 0.799351 2502.76 47.8833 47.8833 47.8833
10458000 293.451 109785 0.79937 2575.81 47.8829 47.8829 47.8829
10459000 294.404 109782 0.79939 2582.92 47.8825 47.8825 47.8825
10460000 295.26 109779 0.799409 2582.95 47.8821 47.8821 47.8821
10461000 294.4 109777 0.799429 2577.82 47.8818 47.8818 47.8818
10462000 291.471 109774 0.799448 2527.42 47.8814 47.8814 47.8814
10463000 290.702 109771 0.799467 2487.31 47.881 47.881 47.881
10464000 292.013 109769 0.799487 2517.65 47.8806 47.8806 47.8806
10465000 294.381 109766 0.799506 2548.63 47.8802 47.8802 47.8802
10466000 292.54 109763 0.799526 2527.38 47.8798 47.8798 47.8798
10467000 292.891 109761 0.799545 2557.89 47.8794 47.8794 47.8794
10468000 291.917 109758 0.799564 2519.54 47.879 47.879 47.879
10469000 292.258 109755 0.799584 2506.69 47.8787 47.8787 47.8787
10470000 293.451 109753 0.799603 2549.21 47.8783 47.8783 47.8783
10471000 293.928 109750 0.799623 2548.57 47.8779 47.8779 47.8779
10472000 293.748 109747 0.799642 2538.18 47.8775 47.8775 47.8775
10473000 294.156 109745 0.799661 2571.74 47.8771 47.8771 47.8771
10474000 294.438 109742 0.799681 2572.92 47.8767 47.8767 47.8767
10475000 290.945 109739 0.7997 2502.74 47.8763 47.8763 47.8763
10476000 292.959 109737 0.79972 2558.24 47.8759 47.8759 47.8759
10477000 292.628 109734 0.799739 2544.75 47.8756 47.8756 47.8756
10478000 291.272 109731 0.799759 2545.08 47.8752 47.8752 47.8752
10479000 293.682 109729 0.799778 2601.79 47.8748 47.8748 47.8748
10480000 292.72 109726 0.799797 2538.32 47.8744 47.8744 47.8744
10481000 294.888 109723 0.799817 2594.74 47.874 47.874 47.874
10482000 292.199 109721 0.799836 2520.24 47.8736 47.8736 47.8736
10483000 292.414 109718 0.799856 2547.96 47.8732 47.8732 47.8732
10484000 293.923 109715 0.799875 2579.13 47.8728 47.8728 47.8728
10485000 290.994 109713 0.799894 2504.51 47.8725 47.8725 47.8725
10486000 291.558 109710 0.799914 2520.46 47.8721 47.8721 47.8721
10487000 293.932 109707 0.799933 2557.37 47.8717 47.8717 47.8717
10488000 293.606 109705 0.799953 2530.3 47.8713 47.8713 47.8713
10489000 291.039 109702 0.799972 2484.78 47.8709 47.8709 47.8709
10490000 292.799 109699 0.799992 2519.95 47.8705 47.8705 47.8705
10491000 291.032 109697 0.800011 2501.23 47.8701 47.8701 47.8701
10492000 292.059 109694 0.80003 2517.86 47.8697 47.8697 47.8697
10493000 295.598 109691 0.80005 2590.12 47.8694 47.8694 47.8694
10494000 294.506 109689 0.800069 2563.22 47.869 47.869 47.869
10495000 292.669 109686 0.800089 2531.73 47.8686 47.8686 47.8686
10496000 293.219 109683 0.800108 2532.31 47.8682 47.8682 47.8682
10497000 296.267 109681 0.800128 2619.18 47.8678 47.8678 47.8678
10498000 293.685 109678 0.800147 2525.32 47.8674 47.8674 47.8674
10499000 294.706 109675 0.800166 2546.14 47.867 47.867 47.867
10500000 292.917 109673 0.800186 2508.86 47.8666 47.8666 47.8666
10501000 291.654 109670 0.800205 2489.16 47.8663 47.8663 47.8663
10502000 293.669 109668 0.800225 2543.62 47.8659 47.8659 47.8659
10503000 293.268 109665 0.800244 2518.42 47.8655 47.8655 47.8655
10504000 291.443 109662 0.800264 2480.67 47.8651 47.8651 47.8651
10505000 294.959 109660 0.800283 2553.72 47.8647 47.8647 47.8647
10506000 294.241 109657 0.800302 2527.66 47.8643 47.8643 47.8643
10507000 293.687 109654 0.800322 2527.51 47.8639 47.8639 47.8639
10508000 291.812 109652 0.800341 2479.5 47.8635 47.8635 47.8635
10509000 292.867 109649 0.800361 2480.21 47.8632 47.8632 47.8632
10510000 292.748 109646 0.80038 2495.91 47.8628 47.8628 47.8628
10511000 291.591 109644 0.8004 2480.73 47.8624 47.8624 47.8624
10512000 293.691 109641 0.800419 2521.63 47.862 47.862 47.862
10513000 292.976 109638 0.800439 2493.23 47.8616 47.8616 47.8616
10514000 292.749 109636 0.800458 2487.4 47.8612 47.8612 47.8612
10515000 292.809 109633 0.800477 2507.51 47.8608 47.8608 47.8608
10516000 293.477 109630 0.800497 2528.39 47.8604 47.8604 47.8604
10517000 291.184 109628 0.800516 2465.32 47.8601 47.8601 47.8601
10518000 292.336 109625 0.800536 2509.28 47.8597 47.8597 47.8597
10519000 294.246 109622 0.800555 2546.19 47.8593 47.8593 47.8593
10520000 293.26 109620 0.800575 2537.66 47.8589 47.8589 47.8589
10521000 292.759 109617 0.800594 2563.6 47.8585 47.8585 47.8585
10522000 293.233 109614 0.800613 2548.19 47.8581 47.8581 47.8581
10523000 293.334 109612 0.800633 2555.7 47.8577 47.8577 47.8577
10524000 292.602 109609 0.800652 2515.37 47.8574 47.8574 47.8574
10525000 293.984 109606 0.800672 2559.02 47.857 47.857 47.857
10526000 292.275 109604 0.800691 2499.75 47.8566 47.8566 47.8566
10527000 290.624 109601 0.800711 2478.46 47.8562 47.8562 47.8562
10528000 293.807 109598 0.80073 2538.9 47.8558 47.8558 47.8558
10529000 293.173 109596 0.80075 2529.25 47.8554 47.8554 47.8554
10530000 293.193 109593 0.800769 2529.17 47.855 47.855 47.855
10531000 291.951 109590 0.800789 2514.36 47.8546 47.8546 47.8546
10532000 292.765 109588 0.800808 2533.75 47.8543 47.8543 47.8543
10533000 294.539 109585 0.800827 2577.73 47.8539 47.8539 47.8539
10534000 292.674 109582 0.800847 2514.29 47.8535 47.8535 47.8535
10535000 292.452 109580 0.800866 2501.43 47.8531 47.8531 47.8531
10536000 294.272 109577 0.800886 2563.16 47.8527 47.8527 47.8527
10537000 293.78 109574 0.800905 2535.23 47.8523 47.8523 47.8523
10538000 291.438 109572 0.800925 2479.55 47.8519 47.8519 47.8519
10539000 292.572 109569 0.800944 2527.97 47.8515 47.8515 47.8515
10540000 291.047 109566 0.800964 2472.54 47.8512 47.8512 47.8512
10541000 294.362 109564 0.800983 2548.7 47.8508 47.8508 47.8508
10542000 292.245 109561 0.801003 2494.8 47.8504 47.8504 47.8504
10543000 296.032 109558 0.801022 2602.33 47.85 47.85 47.85
10544000 292.781 109556 0.801041 2512.96 47.8496 47.8496 47.8496
10545000 291.588 109553 0.801061 2471.68 47.8492 47.8492 47.8492
10546000 292.261 109550 0.80108 2495.28 47.8488 47.8488 47.8488
10547000 292.959 109548 0.8011 2504.32 47.8484 47.8484 47.8484
10548000 290.682 109545 0.801119 2462.45 47.8481 47.8481 47.8481
10549000 294.307 109542 0.801139 2555.63 47.8477 47.8477 47.8477
10550000 294.023 109540 0.801158 2537.87 47.8473 47.8473 47.8473
10551000 295.179 109537 0.801178 2542.38 47.8469 47.8469 47.8469
10552000 293.343 109534 0.801197 2503.7 47.8465 47.8465 47.8465
10553000 294.053 109532 0.801217 2530.97 47.8461 47.8461 47.8461
10554000 294.121 109529 0.801236 2523.06 47.8457 47.8457 47.8457
10555000 293.258 109526 0.801256 2520.55 47.8453 47.8453 47.8453
10556000 292.659 109524 0.801275 2501.5 47.845 47.845 47.845
10557000 290.942 109521 0.801294 2460.38 47.8446 47.8446 47.8446
10558000 290.492 109518 0.801314 2460.16 47.8442 47.8442 47.8442
10559000 293.36 109516 0.801333 2498.87 47.8438 47.8438 47.8438
10560000 292.416 109513 0.801353 2503.7 47.8434 47.8434 47.8434
10561000 293.59 109510 0.801372 2536.15 47.843 47.843 47.843
10562000 292.62 109508 0.801392 2505.31 47.8426 47.8426 47.8426
10563000 292.239 109505 0.801411 2465.97 47.8422 47.8422 47.8422
10564000 292.784 109502 0.801431 2469.01 47.8419 47.8419 47.8419
10565000 293.148 109500 0.80145 2498.61 47.8415 47.8415 47.8415
10566000 293.942 109497 0.80147 2518.33 47.8411 47.8411 47.8411
10567000 292.124 109494 0.801489 2494.88 47.8407 47.8407 47.8407
10568000 294.251 109492 0.801509 2528.15 47.8403 47.8403 47.8403
10569000 291.537 109489 0.801528 2469.05 47.8399 47.8399 47.8399
10570000 291.129 109487 0.801548 2463.94 47.8395 47.8395 47.8395
10571000 291.405 109484 0.801567 2476.7 47.8391 47.8391 47.8391
10572000 295.38 109481 0.801587 2536.34 47.8388 47.8388 47.8388
10573000 291.656 109479 0.801606 2481.1 47.8384 47.8384 47.8384
10574000 294.279 109476 0.801625 2529.12 47.838 47.838 47.838
10575000 292.493 109473 0.801645 2495.96 47.8376 47.8376 47.8376
10576000 292.66 109471 0.801664 2491.04 47.8372 47.8372 47.8372
10577000 293.325 109468 0.801684 2491.19 47.8368 47.8368 47.8368
10578000 293.374 109465 0.801703 2516.13 47.8364 47.8364 47.8364
10579000 294.235 109463 0.801723 2512 47.836 47.836 47.836
10580000 292.521 109460 0.801742 2500.64 47.8357 47.8357 47.8357
10581000 294.821 109457 0.801762 2547.26 47.8353 47.8353 47.8353
10582000 293.035 109455 0.801781 2503 47.8349 47.8349 47.8349
10583000 292.431 109452 0.801801 2473.86 47.8345 47.8345 47.8345
10584000 292.976 109449 0.80182 2491.48 47.8341 47.8341 47.8341
10585000 292.99 109447 0.80184 2492.91 47.8337 47.8337 47.8337
10586000 293.141 109444 0.801859 2491.88 47.8333 47.8333 47.8333
10587000 292.531 109441 0.801879 2489.84 47.8329 47.8329 47.8329
10588000 294.291 109439 0.801898 2538.96 47.8326 47.8326 47.8326
10589000 293.484 109436 0.801918 2501.63 47.8322 47.8322 47.8322
10590000 293.069 109433 0.801937 2510.59 47.8318 47.8318 47.8318
10591000 294.623 109431 0.801957 2509.47 47.8314 47.8314 47.8314
10592000 292.424 109428 0.801976 2451.9 47.831 47.831 47.831
10593000 292.754 109425 0.801996 2465.98 47.8306 47.8306 47.8306
10594000 293.625 109423 0.802015 2511.14 47.8302 47.8302 47.8302
10595000 294.029 109420 0.802035 2505.02 47.8298 47.8298 47.8298
10596000 293.037 109417 0.802054 2493.74 47.8295 47.8295 47.8295
10597000 291.855 109415 0.802074 2467.98 47.8291 47.8291 47.8291
10598000 294.612 109412 0.802093 2498.75 47.8287 47.8287 47.8287
10599000 293.24 109409 0.802113 2479.85 47.8283 47.8283 47.8283
10600000 292.938 109407 0.802132 2466.95 47.8279 47.8279 47.8279
10601000 292.363 109404 0.802152 2466.39 47.8275 47.8275 47.8275
10602000 292.42 109401 0.802171 2468.89 47.8271 47.8271 47.8271
10603000 293.257 109399 0.802191 2483.82 47.8267 47.8267 47.8267
10604000 290.701 109396 0.80221 2448.74 47.8264 47.8264 47.8264
10605000 293.629 109393 0.80223 2471.02 47.826 47.826 47.826
10606000 292.02 109391 0.802249 2453.58 47.8256 47.8256 47.8256
10607000 293.503 109388 0.802269 2507.41 47.8252 47.8252 47.8252
10608000 292.992 109385 0.802288 2492.24 47.8248 47.8248 47.8248
10609000 292.99 109383 0.802308 2483.61 47.8244 47.8244 47.8244
10610000 291.826 109380 0.802327 2439.61 47.824 47.824 47.824
10611000 292.069 109377 0.802347 2457.01 47.8236 47.8236 47.8236
10612000 294.268 109375 0.802366 2523.03 47.8233 47.8233 47.8233
10613000 291.648 109372 0.802386 2433.95 47.8229 47.8229 47.8229
10614000 292.959 109370 0.802405 2475.45 47.8225 47.8225 47.8225
10615000 291.826 109367 0.802425 2453.7 47.8221 47.8221 47.8221
10616000 291.998 109364 0.802444 2475.35 47.8217 47.8217 47.8217
10617000 292.184 109362 0.802464 2477.11 47.8213 47.8213 47.8213
10618000 292.705 109359 0.802483 2482.65 47.8209 47.8209 47.8209
10619000 293.746 109356 0.802503 2485.79 47.8205 47.8205 47.8205
10620000 293.703 109354 0.802522 2515.78 47.8202 47.8202 47.8202
10621000 292.038 109351 0.802542 2458.45 47.8198 47.8198 47.8198
10622000 295.157 109348 0.802561 2552.63 47.8194 47.8194 47.8194
10623000 293.905 109346 0.802581 2525.55 47.819 47.819 47.819
10624000 294.947 109343 0.8026 2553.7 47.8186 47.8186 47.8186
10625000 291.054 109340 0.80262 2450.57 47.8182 47.8182 47.8182
10626000 292.514 109338 0.802639 2473.96 47.8178 47.8178 47.8178
10627000 292.482 109335 0.802659 2473.02 47.8174 47.8174 47.8174
10628000 292.716 109332 0.802678 2502.35 47.8171 47.8171 47.8171
10629000 294.143 109330 0.802698 2540.67 47.8167 47.8167 47.8167
10630000 293.692 109327 0.802717 2507.97 47.8163 47.8163 47.8163
10631000 292.524 109324 0.802737 2476.54 47.8159 47.8159 47.8159
10632000 295.26 109322 0.802756 2540.78 47.8155 47.8155 47.8155
10633000 291.051 109319 0.802776 2441.65 47.8151 47.8151 47.8151
10634000 293.205 109316 0.802795 2461.88 47.8147 47.8147 47.8147
10635000 291.56 109314 0.802815 2434.76 47.8143 47.8143 47.8143
10636000 294.264 109311 0.802834 2495.75 47.814 47.814 47.814
10637000 293.327 109308 0.802854 2487.53 47.8136 47.8136 47.8136
10638000 294.504 109306 0.802873 2513.05 47.8132 47.8132 47.8132
10639000 294.671 109303 0.802893 2495.74 47.8128 47.8128 47.8128
10640000 292.399 109300 0.802912 2435.39 47.8124 47.8124 47.8124
10641000 293.47 109298 0.802932 2454.09 47.812 47.812 47.812
10642000 294.811 109295 0.802951 2488.46 47.8116 47.8116 47.8116
10643000 292.529 109292 0.802971 2431.08 47.8112 47.8112 47.8112
10644000 293.791 109290 0.802991 2465.08 47.8109 47.8109 47.8109
10645000 292.445 109287 0.80301 2475.88 47.8105 47.8105 47.8105
10646000 292.411 109284 0.80303 2445.49 47.8101 47.8101 47.8101
10647000 293.001 109282 0.803049 2478.15 47.8097 47.8097 47.8097
10648000 293.975 109279 0.803069 2508.31 47.8093 47.8093 47.8093
10649000 291.897 109276 0.803088 2439.64 47.8089 47.8089 47.8089
10650000 292.465 109274 0.803108 2456.92 47.8085 47.8085 47.8085
10651000 294.044 109271 0.803127 2497.38 47.8081 47.8081 47.8081
10652000 294.179 109269 0.803147 2487.29 47.8078 47.8078 47.8078
10653000 294.808 109266 0.803166 2492.99 47.8074 47.8074 47.8074
10654000 291.638 109263 0.803186 2434.74 47.807 47.807 47.807
10655000 293.033 109261 0.803205 2455.76 47.8066 47.8066 47.8066
10656000 294.24 109258 0.803225 2492.12 47.8062 47.8062 47.8062
10657000 293.385 109255 0.803244 2479.77 47.8058 47.8058 47.8058
10658000 295.285 109253 0.803264 2539.25 47.8054 47.8054 47.8054
10659000 294.837 109250 0.803283 2505.66 47.805 47.805 47.805
10660000 292.838 109247 0.803303 2478.67 47.8047 47.8047 47.8047
10661000 293.486 109245 0.803322 2483.63 47.8043 47.8043 47.8043
10662000 291.971 109242 0.803342 2432.41 47.8039 47.8039 47.8039
10663000 293.442 109239 0.803362 2458.32 47.8035 47.8035 47.8035
10664000 294.272 109237 0.803381 2482.22 47.8031 47.8031 47.8031
10665000 297.058 109234 0.803401 2546.46 47.8027 47.8027 47.8027
10666000 291.639 109231 0.80342 2428.37 47.8023 47.8023 47.8023
10667000 291.427 109229 0.80344 2417.75 47.8019 47.8019 47.8019
10668000 291.112 109226 0.803459 2425.68 47.8016 47.8016 47.8016
10669000 292.122 109223 0.803479 2434.43 47.8012 47.8012 47.8012
10670000 293.13 109221 0.803498 2448.37 47.8008 47.8008 47.8008
10671000 291.881 109218 0.803518 2448.13 47.8004 47.8004 47.8004
10672000 291.103 109215 0.803537 2420.67 47.8 47.8 47.8
10673000 292.345 109213 0.803557 2474.42 47.7996 47.7996 47.7996
10674000 292.25 109210 0.803576 2483.11 47.7992 47.7992 47.7992
10675000 291.685 109207 0.803596 2457.15 47.7988 47.7988 47.7988
10676000 294.378 109205 0.803616 2520.63 47.7985 47.7985 47.7985
10677000 292.936 109202 0.803635 2458.58 47.7981 47.7981 47.7981
10678000 290.783 109199 0.803655 2438.46 47.7977 47.7977 47.7977
10679000 290.543 109197 0.803674 2422.14 47.7973 47.7973 47.7973
10680000 294.778 109194 0.803694 2504.36 47.7969 47.7969 47.7969
10681000 294.459 109191 0.803713 2538.05 47.7965 47.7965 47.7965
10682000 291.924 109189 0.803733 2461.85 47.7961 47.7961 47.7961
10683000 293.344 109186 0.803752 2487.37 47.7957 47.7957 47.7957
10684000 294.621 109184 0.803772 2530.75 47.7954 47.7954 47.7954
10685000 295.329 109181 0.803791 2530.16 47.795 47.795 47.795
10686000 293.566 109178 0.803811 2504.56 47.7946 47.7946 47.7946
10687000 294.145 109176 0.803831 2522.71 47.7942 47.7942 47.7942
10688000 291.66 109173 0.80385 2481.72 47.7938 47.7938 47.7938
10689000 290.516 109170 0.80387 2413.74 47.7934 47.7934 47.7934
10690000 294.341 109168 0.803889 2499.93 47.793 47.793 47.793
10691000 292.628 109165 0.803909 2450.96 47.7926 47.7926 47.7926
10692000 292.498 109162 0.803928 2445.95 47.7923 47.7923 47.7923
10693000 292.527 109160 0.803948 2446.74 47.7919 47.7919 47.7919
10694000 294.004 109157 0.803967 2491.45 47.7915 47.7915 47.7915
10695000 292.234 109154 0.803987 2459.29 47.7911 47.7911 47.7911
10696000 292.168 109152 0.804007 2446.88 47.7907 47.7907 47.7907
10697000 294.092 109149 0.804026 2472.6 47.7903 47.7903 47.7903
10698000 293.16 109146 0.804046 2461.74 47.7899 47.7899 47.7899
10699000 292.608 109144 0.804065 2450.52 47.7895 47.7895 47.7895
10700000 293.972 109141 0.804085 2464.02 47.7892 47.7892 47.7892
10701000 291.06 109138 0.804104 2425.93 47.7888 47.7888 47.7888
10702000 291.707 109136 0.804124 2430.21 47.7884 47.7884 47.7884
10703000 291.223 109133 0.804143 2430.33 47.788 47.788 47.788
10704000 290.82 109130 0.804163 2416.16 47.7876 47.7876 47.7876
10705000 293.817 109128 0.804183 2482.86 47.7872 47.7872 47.7872
10706000 294.114 109125 0.804202 2489.25 47.7868 47.7868 47.7868
10707000 294.159 109122 0.804222 2501.49 47.7864 47.7864 47.7864
10708000 292.189 109120 0.804241 2439.01 47.7861 47.7861 47.7861
10709000 292.247 109117 0.804261 2458.25 47.7857 47.7857 47.7857
10710000 291.552 109115 0.80428 2423.69 47.7853 47.7853 47.7853
10711000 293.582 109112 0.8043 2474 47.7849 47.7849 47.7849
10712000 293.138 109109 0.804319 2438.38 47.7845 47.7845 47.7845
10713000 294.06 109107 0.804339 2493.46 47.7841 47.7841 47.7841
10714000 293.256 109104 0.804359 2453.6 47.7837 47.7837 47.7837
10715000 293.678 109101 0.804378 2462.33 47.7833 47.7833 47.7833
10716000 294.298 109099 0.804398 2499.87 47.783 47.783 47.783
10717000 293.29 109096 0.804417 2470.53 47.7826 47.7826 47.7826
10718000 291.684 109093 0.804437 2426.48 47.7822 47.7822 47.7822
10719000 292.963 109091 0.804456 2438.96 47.7818 47.7818 47.7818
10720000 291.557 109088 0.804476 2432.56 47.7814 47.7814 47.7814
10721000 294.635 109085 0.804496 2505.52 47.781 47.781 47.781
10722000 294.829 109083 0.804515 2478.1 47.7806 47.7806 47.7806
10723000 293.949 109080 0.804535 2491.56 47.7802 47.7802 47.7802
10724000 291.872 109077 0.804554 2418.85 47.7799 47.7799 47.7799
10725000 292.591 109075 0.804574 2443.5 47.7795 47.7795 47.7795
10726000 292.447 109072 0.804593 2448.54 47.7791 47.7791 47.7791
10727000 294.142 109069 0.804613 2471.8 47.7787 47.7787 47.7787
10728000 291.503 109067 0.804633 2423.1 47.7783 47.7783 47.7783
10729000 293.072 109064 0.804652 2457.95 47.7779 47.7779 47.7779
10730000 293.393 109061 0.804672 2446.18 47.7775 47.7775 47.7775
10731000 291.991 109059 0.804691 2444.44 47.7771 47.7771 47.7771
10732000 293.963 109056 0.804711 2475.74 47.7768 47.7768 47.7768
10733000 292.753 109053 0.80473 2458.05 47.7764 47.7764 47.7764
10734000 295.586 109051 0.80475 2504.43 47.776 47.776 47.776
10735000 292.974 109048 0.80477 2460.58 47.7756 47.7756 47.7756
10736000 293.866 109046 0.804789 2473.33 47.7752 47.7752 47.7752
10737000 292.128 109043 0.804809 2422.09 47.7748 47.7748 47.7748
10738000 292.554 109040 0.804828 2424.94 47.7744 47.7744 47.7744
10739000 294.698 109038 0.804848 2465.06 47.774 47.774 47.774
10740000 293.209 109035 0.804868 2435.96 47.7737 47.7737 47.7737
10741000 293.458 109032 0.804887 2444.72 47.7733 47.7733 47.7733
10742000 294.937 109030 0.804907 2503.87 47.7729 47.7729 47.7729
10743000 292.102 109027 0.804926 2464.68 47.7725 47.7725 47.7725
10744000 294.711 109024 0.804946 2494.4 47.7721 47.7721 47.7721
10745000 293.218 109022 0.804965 2457.14 47.7717 47.7717 47.7717
10746000 292.439 109019 0.804985 2430.18 47.7713 47.7713 47.7713
10747000 293.336 109016 0.805005 2450.52 47.7709 47.7709 47.7709
10748000 294.473 109014 0.805024 2461.23 47.7706 47.7706 47.7706
10749000 291.956 109011 0.805044 2399.3 47.7702 47.7702 47.7702
10750000 293.947 109008 0.805063 2430.21 47.7698 47.7698 47.7698
10751000 291.663 109006 0.805083 2386.01 47.7694 47.7694 47.7694
10752000 291.318 109003 0.805103 2376.22 47.769 47.769 47.769
10753000 291.592 109000 0.805122 2395.82 47.7686 47.7686 47.7686
10754000 292.801 108998 0.805142 2410.38 47.7682 47.7682 47.7682
10755000 293.313 108995 0.805161 2427.03 47.7678 47.7678 47.7678
10756000 290.917 108992 0.805181 2401.34 47.7675 47.7675 47.7675
10757000 291.962 108990 0.805201 2416.86 47.7671 47.7671 47.7671
10758000 293.172 108987 0.80522 2445.24 47.7667 47.7667 47.7667
10759000 295.604 108984 0.80524 2514.77 47.7663 47.7663 47.7663
10760000 293.353 108982 0.805259 2469.11 47.7659 47.7659 47.7659
10761000 292.587 108979 0.805279 2441.7 47.7655 47.7655 47.7655
10762000 295.987 108977 0.805299 2522.28 47.7651 47.7651 47.7651
10763000 292.095 108974 0.805318 2414.52 47.7647 47.7647 47.7647
10764000 292.52 108971 0.805338 2424.51 47.7644 47.7644 47.7644
10765000 292.074 108969 0.805357 2413.25 47.764 47.764 47.764
10766000 290.426 108966 0.805377 2385.54 47.7636 47.7636 47.7636
10767000 293.679 108963 0.805397 2436.74 47.7632 47.7632 47.7632
10768000 292.789 108961 0.805416 2435.25 47.7628 47.7628 47.7628
10769000 294.535 108958 0.805436 2462.2 47.7624 47.7624 47.7624
10770000 294.626 108955 0.805455 2478.57 47.762 47.762 47.762
10771000 292.375 108953 0.805475 2434.24 47.7616 47.7616 47.7616
10772000 292.696 108950 0.805495 2437.14 47.7613 47.7613 47.7613
10773000 292.062 108947 0.805514 2428.27 47.7609 47.7609 47.7609
10774000 293.721 108945 0.805534 2475.27 47.7605 47.7605 47.7605
10775000 291.706 108942 0.805553 2410.87 47.7601 47.7601 47.7601
10776000 292.38 108939 0.805573 2438.2 47.7597 47.7597 47.7597
10777000 292.333 108937 0.805593 2428.73 47.7593 47.7593 47.7593
10778000 292.209 108934 0.805612 2416.42 47.7589 47.7589 47.7589
10779000 294.08 108931 0.805632 2474.46 47.7585 47.7585 47.7585
10780000 292.07 108929 0.805651 2430.08 47.7582 47.7582 47.7582
10781000 292.145 108926 0.805671 2433.47 47.7578 47.7578 47.7578
10782000 292.937 108924 0.805691 2429.42 47.7574 47.7574 47.7574
10783000 294.739 108921 0.80571 2461.02 47.757 47.757 47.757
10784000 291.938 108918 0.80573 2404.35 47.7566 47.7566 47.7566
10785000 293.407 108916 0.805749 2452.71 47.7562 47.7562 47.7562
10786000 293.191 108913 0.805769 2447.06 47.7558 47.7558 47.7558
10787000 294.85 108910 0.805789 2475.11 47.7554 47.7554 47.7554
10788000 291.856 108908 0.805808 2424.55 47.7551 47.7551 47.7551
10789000 292.049 108905 0.805828 2416.16 47.7547 47.7547 47.7547
10790000 293.593 108902 0.805848 2455.51 47.7543 47.7543 47.7543
10791000 293.878 108900 0.805867 2468.81 47.7539 47.7539 47.7539
10792000 294.236 108897 0.805887 2447.17 47.7535 47.7535 47.7535
10793000 292.087 108894 0.805906 2402.66 47.7531 47.7531 47.7531
10794000 292.92 108892 0.805926 2420.37 47.7527 47.7527 47.7527
10795000 294.438 108889 0.805946 2452.43 47.7523 47.7523 47.7523
10796000 295.008 108886 0.805965 2478.05 47.752 47.752 47.752
10797000 294.652 108884 0.805985 2456.5 47.7516 47.7516 47.7516
10798000 292.535 108881 0.806004 2416.75 47.7512 47.7512 47.7512
10799000 293.544 108878 0.806024 2438.75 47.7508 47.7508 47.7508
10800000 294.475 108876 0.806044 2475.54 47.7504 47.7504 47.7504
10801000 294.61 108873 0.806063 2485.88 47.75 47.75 47.75
10802000 293.549 108870 0.806083 2463.05 47.7496 47.7496 47.7496
10803000 292.181 108868 0.806103 2425.12 47.7492 47.7492 47.7492
10804000 293.974 108865 0.806122 2491.27 47.7489 47.7489 47.7489
10805000 294.386 108863 0.806142 2498.29 47.7485 47.7485 47.7485
10806000 293.919 108860 0.806161 2447.42 47.7481 47.7481 47.7481
10807000 293.454 108857 0.806181 2446.41 47.7477 47.7477 47.7477
10808000 294.186 108855 0.806201 2456.47 47.7473 47.7473 47.7473
10809000 291.899 108852 0.80622 2435.28 47.7469 47.7469 47.7469
10810000 293.427 108849 0.80624 2473.44 47.7465 47.7465 47.7465
10811000 293.117 108847 0.80626 2464.32 47.7461 47.7461 47.7461
10812000 292.597 108844 0.806279 2449.52 47.7458 47.7458 47.7458
10813000 292.728 108841 0.806299 2452.07 47.7454 47.7454 47.7454
10814000 292.297 108839 0.806318 2425.79 47.745 47.745 47.745
10815000 293.235 108836 0.806338 2454.03 47.7446 47.7446 47.7446
10816000 292.78 108833 0.806358 2426.89 47.7442 47.7442 47.7442
10817000 292.135 108831 0.806377 2424.25 47.7438 47.7438 47.7438
10818000 293.885 108828 0.806397 2486.89 47.7434 47.7434 47.7434
10819000 291.537 108825 0.806417 2402.69 47.743 47.743 47.743
10820000 293.231 108823 0.806436 2445.81 47.7427 47.7427 47.7427
10821000 294.218 108820 0.806456 2454.69 47.7423 47.7423 47.7423
10822000 294.596 108818 0.806476 2496.41 47.7419 47.7419 47.7419
10823000 294.546 108815 0.806495 2497.43 47.7415 47.7415 47.7415
10824000 292.996 108812 0.806515 2469.67 47.7411 47.7411 47.7411
10825000 292.34 108810 0.806534 2433.8 47.7407 47.7407 47.7407
10826000 294.636 108807 0.806554 2469.66 47.7403 47.7403 47.7403
10827000 293.508 108804 0.806574 2451.93 47.74 47.74 47.74
10828000 292.847 108802 0.806593 2437.93 47.7396 47.7396 47.7396
10829000 290.903 108799 0.806613 2416.32 47.7392 47.7392 47.7392
10830000 295.355 108796 0.806633 2494.79 47.7388 47.7388 47.7388
10831000 290.874 108794 0.806652 2405.06 47.7384 47.7384 47.7384
10832000 290.503 108791 0.806672 2362.36 47.738 47.738 47.738
10833000 294.27 108788 0.806692 2474.86 47.7376 47.7376 47.7376
10834000 292.969 108786 0.806711 2439.96 47.7372 47.7372 47.7372
10835000 292.541 108783 0.806731 2449.09 47.7369 47.7369 47.7369
10836000 291.517 108780 0.80675 2416.64 47.7365 47.7365 47.7365
10837000 293.901 108778 0.80677 2479.15 47.7361 47.7361 47.7361
10838000 292.717 108775 0.80679 2434.31 47.7357 47.7357 47.7357
10839000 292.719 108772 0.806809 2425.37 47.7353 47.7353 47.7353
10840000 291.595 108770 0.806829 2397.64 47.7349 47.7349 47.7349
10841000 294.309 108767 0.806849 2457.3 47.7345 47.7345 47.7345
10842000 292.625 108765 0.806868 2443.9 47.7341 47.7341 47.7341
10843000 293.039 108762 0.806888 2423.33 47.7338 47.7338 47.7338
10844000 292.345 108759 0.806908 2418.07 47.7334 47.7334 47.7334
10845000 292.652 108757 0.806927 2440.4 47.733 47.733 47.733
10846000 294.703 108754 0.806947 2478.86 47.7326 47.7326 47.7326
10847000 293.501 108751 0.806967 2443.73 47.7322 47.7322 47.7322
10848000 290.429 108749 0.806986 2381.26 47.7318 47.7318 47.7318
10849000 293.227 108746 0.807006 2447.86 47.7314 47.7314 47.7314
10850000 291.61 108743 0.807026 2427.92 47.731 47.731 47.731
10851000 293.249 108741 0.807045 2448.19 47.7307 47.7307 47.7307
10852000 293.291 108738 0.807065 2458.62 47.7303 47.7303 47.7303
10853000 291.207 108735 0.807085 2419.94 47.7299 47.7299 47.7299
10854000 294.531 108733 0.807104 2477.26 47.7295 47.7295 47.7295
10855000 293.511 108730 0.807124 2457.16 47.7291 47.7291 47.7291
10856000 294.326 108727 0.807143 2457.89 47.7287 47.7287 47.7287
10857000 294.94 108725 0.807163 2487.31 47.7283 47.7283 47.7283
10858000 294.464 108722 0.807183 2467.14 47.7279 47.7279 47.7279
10859000 293.08 108720 0.807202 2444.04 47.7276 47.7276 47.7276
10860000 293.163 108717 0.807222 2437.46 47.7272 47.7272 47.7272
10861000 292.279 108714 0.807242 2409.79 47.7268 47.7268 47.7268
10862000 293.539 108712 0.807261 2434.27 47.7264 47.7264 47.7264
10863000 294.495 108709 0.807281 2467.91 47.726 47.726 47.726
10864000 292.612 108706 0.807301 2433.16 47.7256 47.7256 47.7256
10865000 293.262 108704 0.80732 2457.1 47.7252 47.7252 47.7252
10866000 292.304 108701 0.80734 2434.69 47.7248 47.7248 47.7248
10867000 294.064 108698 0.80736 2459.42 47.7245 47.7245 47.7245
10868000 292.053 108696 0.807379 2399.6 47.7241 47.7241 47.7241
10869000 292.428 108693 0.807399 2420.56 47.7237 47.7237 47.7237
10870000 294.916 108690 0.807419 2442.28 47.7233 47.7233 47.7233
10871000 295.48 108688 0.807438 2475.72 47.7229 47.7229 47.7229
10872000 292.565 108685 0.807458 2437.55 47.7225 47.7225 47.7225
10873000 294.138 108682 0.807478 2485.82 47.7221 47.7221 47.7221
10874000 293.412 108680 0.807497 2471.71 47.7217 47.7217 47.7217
10875000 294.446 108677 0.807517 2470.68 47.7214 47.7214 47.7214
10876000 293.41 108674 0.807537 2471.85 47.721 47.721 47.721
10877000 292.557 108672 0.807556 2421.37 47.7206 47.7206 47.7206
10878000 294.152 108669 0.807576 2471.73 47.7202 47.7202 47.7202
10879000 293.605 108667 0.807596 2435.17 47.7198 47.7198 47.7198
10880000 289.281 108664 0.807615 2335.97 47.7194 47.7194 47.7194
10881000 294.174 108661 0.807635 2458.06 47.719 47.719 47.719
10882000 291.623 108659 0.807655 2402.46 47.7186 47.7186 47.7186
10883000 290.967 108656 0.807674 2381.76 47.7183 47.7183 47.7183
10884000 292.409 108653 0.807694 2419.4 47.7179 47.7179 47.7179
10885000 293.423 108651 0.807714 2432.47 47.7175 47.7175 47.7175
10886000 293.816 108648 0.807733 2440.91 47.7171 47.7171 47.7171
10887000 292.793 108645 0.807753 2427.17 47.7167 47.7167 47.7167
10888000 293.934 108643 0.807773 2454.32 47.7163 47.7163 47.7163
10889000 292.832 108640 0.807793 2435.86 47.7159 47.7159 47.7159
10890000 292.973 108637 0.807812 2432.25 47.7155 47.7155 47.7155
10891000 293.359 108635 0.807832 2440.67 47.7152 47.7152 47.7152
10892000 292.033 108632 0.807852 2406.7 47.7148 47.7148 47.7148
10893000 293.81 108630 0.807871 2464.1 47.7144 47.7144 47.7144
10894000 293.038 108627 0.807891 2439.51 47.714 47.714 47.714
10895000 294.224 108624 0.807911 2451.13 47.7136 47.7136 47.7136
10896000 293.929 108622 0.80793 2442.68 47.7132 47.7132 47.7132
10897000 290.866 108619 0.80795 2381.03 47.7128 47.7128 47.7128
10898000 293.162 108616 0.80797 2428.16 47.7124 47.7124 47.7124
10899000 292.144 108614 0.807989 2432.4 47.7121 47.7121 47.7121
10900000 291.332 108611 0.808009 2418.73 47.7117 47.7117 47.7117
10901000 291.819 108608 0.808029 2431.06 47.7113 47.7113 47.7113
10902000 293.138 108606 0.808048 2459.38 47.7109 47.7109 47.7109
10903000 293.226 108603 0.808068 2478.43 47.7105 47.7105 47.7105
10904000 293.573 108600 0.808088 2481.76 47.7101 47.7101 47.7101
10905000 293.492 108598 0.808107 2472.78 47.7097 47.7097 47.7097
10906000 292.059 108595 0.808127 2436.98 47.7093 47.7093 47.7093
10907000 291.927 108592 0.808147 2431.7 47.709 47.709 47.709
10908000 294.069 108590 0.808167 2487 47.7086 47.7086 47.7086
10909000 293.329 108587 0.808186 2463.07 47.7082 47.7082 47.7082
10910000 292.665 108585 0.808206 2464.8 47.7078 47.7078 47.7078
10911000 294.37 108582 0.808226 2492.12 47.7074 47.7074 47.7074
10912000 292.845 108579 0.808245 2420.98 47.707 47.707 47.707
10913000 295.569 108577 0.808265 2497.05 47.7066 47.7066 47.7066
10914000 294.519 108574 0.808285 2467.34 47.7062 47.7062 47.7062
10915000 293.452 108571 0.808304 2462.41 47.7059 47.7059 47.7059
10916000 293.658 108569 0.808324 2462.88 47.7055 47.7055 47.7055
10917000 294.829 108566 0.808344 2489.66 47.7051 47.7051 47.7051
10918000 291.713 108563 0.808363 2426.03 47.7047 47.7047 47.7047
10919000 290.952 108561 0.808383 2425.39 47.7043 47.7043 47.7043
10920000 292.702 108558 0.808403 2454.08 47.7039 47.7039 47.7039
10921000 293.314 108555 0.808423 2453.57 47.7035 47.7035 47.7035
10922000 294.03 108553 0.808442 2460.79 47.7031 47.7031 47.7031
10923000 293.427 108550 0.808462 2446.87 47.7028 47.7028 47.7028
10924000 294.264 108547 0.808482 2452.57 47.7024 47.7024 47.7024
10925000 293.445 108545 0.808501 2452.43 47.702 47.702 47.702
10926000 293.171 108542 0.808521 2440.13 47.7016 47.7016 47.7016
10927000 292.322 108540 0.808541 2421.94 47.7012 47.7012 47.7012
10928000 294.413 108537 0.80856 2455.79 47.7008 47.7008 47.7008
10929000 290.891 108534 0.80858 2385.42 47.7004 47.7004 47.7004
10930000 293.687 108532 0.8086 2443.63 47.7 47.7 47.7
10931000 293.611 108529 0.80862 2440.96 47.6997 47.6997 47.6997
10932000 295.706 108526 0.808639 2503.3 47.6993 47.6993 47.6993
10933000 292.989 108524 0.808659 2423.47 47.6989 47.6989 47.6989
10934000 292.341 108521 0.808679 2440.37 47.6985 47.6985 47.6985
10935000 294.764 108518 0.808698 2468.3 47.6981 47.6981 47.6981
10936000 291.644 108516 0.808718 2416.14 47.6977 47.6977 47.6977
10937000 293.394 108513 0.808738 2446.6 47.6973 47.6973 47.6973
10938000 293.236 108510 0.808758 2426.7 47.6969 47.6969 47.6969
10939000 292.224 108508 0.808777 2395 47.6966 47.6966 47.6966
10940000 291.41 108505 0.808797 2364.74 47.6962 47.6962 47.6962
10941000 291.977 108503 0.808817 2383.18 47.6958 47.6958 47.6958
10942000 292.607 108500 0.808836 2394.03 47.6954 47.6954 47.6954
10943000 292.284 108497 0.808856 2374.39 47.695 47.695 47.695
10944000 293.309 108495 0.808876 2426.5 47.6946 47.6946 47.6946
10945000 292.66 108492 0.808895 2407.61 47.6942 47.6942 47.6942
10946000 293.703 108489 0.808915 2443.53 47.6938 47.6938 47.6938
10947000 293.161 108487 0.808935 2415.39 47.6935 47.6935 47.6935
10948000 293.006 108484 0.808955 2415.12 47.6931 47.6931 47.6931
10949000 294.895 108481 0.808974 2469.69 47.6927 47.6927 47.6927
10950000 292.909 108479 0.808994 2435.48 47.6923 47.6923 47.6923
10951000 295.824 108476 0.809014 2493.24 47.6919 47.6919 47.6919
10952000 294.851 108473 0.809034 2444.07 47.6915 47.6915 47.6915
10953000 292.261 108471 0.809053 2423.95 47.6911 47.6911 47.6911
10954000 291.631 108468 0.809073 2408.17 47.6907 47.6907 47.6907
10955000 292.939 108466 0.809093 2409.17 47.6904 47.6904 47.6904
10956000 292.95 108463 0.809112 2413.53 47.69 47.69 47.69
10957000 294.507 108460 0.809132 2449.54 47.6896 47.6896 47.6896
10958000 292.254 108458 0.809152 2420.95 47.6892 47.6892 47.6892
10959000 292.234 108455 0.809172 2411.2 47.6888 47.6888 47.6888
10960000 295.138 108452 0.809191 2479.07 47.6884 47.6884 47.6884
10961000 293.516 108450 0.809211 2418.21 47.688 47.688 47.688
10962000 293.312 108447 0.809231 2412.12 47.6876 47.6876 47.6876
10963000 294.65 108444 0.80925 2470.09 47.6873 47.6873 47.6873
10964000 293.09 108442 0.80927 2418.05 47.6869 47.6869 47.6869
10965000 294.364 108439 0.80929 2449.71 47.6865 47.6865 47.6865
10966000 293.328 108436 0.80931 2409.77 47.6861 47.6861 47.6861
10967000 293.127 108434 0.809329 2413.09 47.6857 47.6857 47.6857
10968000 294.354 108431 0.809349 2458.36 47.6853 47.6853 47.6853
10969000 294 108429 0.809369 2464.51 47.6849 47.6849 47.6849
10970000 293.59 108426 0.809389 2468.56 47.6845 47.6845 47.6845
10971000 294.248 108423 0.809408 2462.97 47.6842 47.6842 47.6842
10972000 289.955 108421 0.809428 2392.24 47.6838 47.6838 47.6838
10973000 294.798 108418 0.809448 2475.81 47.6834 47.6834 47.6834
10974000 292.686 108415 0.809467 2428.81 47.683 47.683 47.683
10975000 291.24 108413 0.809487 2383.13 47.6826 47.6826 47.6826
10976000 295.463 108410 0.809507 2472.37 47.6822 47.6822 47.6822
10977000 293.653 108407 0.809527 2437.59 47.6818 47.6818 47.6818
10978000 294.012 108405 0.809546 2457.13 47.6814 47.6814 47.6814
10979000 295.915 108402 0.809566 2467.76 47.6811 47.6811 47.6811
10980000 294.423 108399 0.809586 2439.74 47.6807 47.6807 47.6807
10981000 292.744 108397 0.809606 2400.4 47.6803 47.6803 47.6803
10982000 292.824 108394 0.809625 2424.84 47.6799 47.6799 47.6799
10983000 293.231 108392 0.809645 2415.07 47.6795 47.6795 47.6795
10984000 294.375 108389 0.809665 2422.84 47.6791 47.6791 47.6791
10985000 292.813 108386 0.809685 2397.8 47.6787 47.6787 47.6787
10986000 293.911 108384 0.809704 2434.53 47.6783 47.6783 47.6783
10987000 295.052 108381 0.809724 2422.76 47.678 47.678 47.678
10988000 294.893 108378 0.809744 2452.66 47.6776 47.6776 47.6776
10989000 294.529 108376 0.809764 2466.18 47.6772 47.6772 47.6772
10990000 292.85 108373 0.809783 2420.82 47.6768 47.6768 47.6768
10991000 293.989 108370 0.809803 2417.79 47.6764 47.6764 47.6764
10992000 295.397 108368 0.809823 2477.59 47.676 47.676 47.676
10993000 294.616 108365 0.809842 2465.09 47.6756 47.6756 47.6756
10994000 293.261 108362 0.809862 2430.96 47.6752 47.6752 47.6752
10995000 294.325 108360 0.809882 2455.22 47.6749 47.6749 47.6749
10996000 290.783 108357 0.809902 2376.18 47.6745 47.6745 47.6745
10997000 294.587 108355 0.809921 2460.72 47.6741 47.6741 47.6741
10998000 291.82 108352 0.809941 2392.58 47.6737 47.6737 47.6737
10999000 292.356 108349 0.809961 2397.32 47.6733 47.6733 47.6733
11000000 293.016 108347 0.809981 2404.41 47.6729 47.6729 47.6729
