5e9 10 256.287 5.51196301783674887529
5e9 20 264.074 2.89161000367154168782
5e9 30 267.576 2.21073934420139182540
5e9 40 268.096 1.90245509952647390050
5e9 50 267.618 1.63934474579191412844
5e9 60 270.528 1.50924460816420585704
5e9 70 270.675 1.36383068399834171474
5e9 80 271.016 1.26050988201864830388
5e9 90 272.133 1.17664285925479279119
5e9 100 271.979 1.11270735713914417676
5e9 110 271.281 1.05769719291712309278
5e9 120 271.093 1.00121347048382288011
5e9 130 270.206 .96231337182853278691
5e9 140 270.472 .92010410361082592091
5e9 150 270.612 .88501810930234837103
5e9 160 270.42 .85283655734753015849
5e9 170 270.92 .83123741275500609148
5e9 180 270.64 .80878928917593504794
5e9 190 270.481 .79180407059841275875
5e9 200 271.032 .77450645591654706129
