1010000 5.02525 282.137
1020000 5.07525 244.727
1030000 5.12525 288.354
1040000 5.17525 354.717
1050000 5.22525 302.519
1060000 5.27525 275.889
1070000 5.32525 273.336
1080000 5.37525 287.462
1090000 5.42525 217.323
1100000 5.47525 230.041
1110000 5.52525 267.445
1120000 5.57525 275.757
1130000 5.62525 223.652
1140000 5.67525 242.846
1150000 5.72525 309.874
1160000 5.77525 369.462
1170000 5.82525 240.152
1180000 5.87525 282.259
1190000 5.92525 240.777
1200000 5.97525 272.096
1210000 6.02525 310.974
1220000 6.07525 380.157
1230000 6.12525 293.642
1240000 6.17525 255.588
1250000 6.22525 277.655
1260000 6.27525 324.674
1270000 6.32525 275.983
1280000 6.37525 352.264
1290000 6.42525 371.164
1300000 6.47525 364.799
1310000 6.52525 343.024
1320000 6.57525 338.499
1330000 6.62525 285.462
1340000 6.67525 279.91
1350000 6.72525 208.832
1360000 6.77525 231.641
1370000 6.82525 238.53
1380000 6.87525 173.329
1390000 6.92525 142.233
1400000 6.97525 188.073
1410000 7.02525 271.466
1420000 7.07525 308.609
1430000 7.12525 159.219
1440000 7.17525 162.546
1450000 7.22525 196.873
1460000 7.27525 328.12
1470000 7.32525 219.336
1480000 7.37525 263.64
1490000 7.42525 277.491
1500000 7.47525 238.652
1510000 7.52525 149.984
1520000 7.57525 249.086
1530000 7.62525 267.344
1540000 7.67525 300.284
1550000 7.72525 245.091
1560000 7.77525 220.321
1570000 7.82525 276.985
1580000 7.87525 292.967
1590000 7.92525 272.778
1600000 7.97525 261.319
1610000 8.02525 176.308
1620000 8.07525 239.267
1630000 8.12525 149.757
1640000 8.17525 168.022
1650000 8.22525 196.022
1660000 8.27525 222.251
1670000 8.32525 262.905
1680000 8.37525 322.059
1690000 8.42525 232.682
1700000 8.47525 226.682
1710000 8.52525 274.911
1720000 8.57525 262.678
1730000 8.62525 258.959
1740000 8.67525 182.951
1750000 8.72525 201.653
1760000 8.77525 225.462
1770000 8.82525 331.403
1780000 8.87525 191.959
1790000 8.92525 174.024
1800000 8.97525 185.256
1810000 9.02525 186.708
1820000 9.07525 180.822
1830000 9.12525 280.573
1840000 9.17525 256.729
1850000 9.22525 295.673
1860000 9.27525 272.299
1870000 9.32525 301.916
1880000 9.37525 260.344
1890000 9.42525 303.799
1900000 9.47525 135.183
1910000 9.52525 191.995
1920000 9.57525 203.89
1930000 9.62525 274.38
1940000 9.67525 265.598
1950000 9.72525 314.101
1960000 9.77525 321.441
1970000 9.82525 245.616
1980000 9.87525 272.137
1990000 9.92525 268.54
2000000 9.97525 232.413
2010000 10.0253 238.034
2020000 10.0753 288.038
2030000 10.1252 147.368
2040000 10.1753 234.498
2050000 10.2252 301.238
2060000 10.2753 285.301
2070000 10.3253 237.029
2080000 10.3753 291.734
2090000 10.4253 310.214
2100000 10.4753 302.778
2110000 10.5253 208.277
2120000 10.5752 225.499
2130000 10.6253 310.224
2140000 10.6753 263.66
2150000 10.7252 280.771
2160000 10.7753 276.903
2170000 10.8253 237.619
2180000 10.8753 280.496
2190000 10.9253 282.971
2200000 10.9753 284.313
2210000 11.0252 242.165
2220000 11.0753 293.049
2230000 11.1253 322.38
2240000 11.1753 300.076
2250000 11.2253 276.532
2260000 11.2752 343.038
2270000 11.3253 283.27
2280000 11.3753 215.546
2290000 11.4252 217.935
2300000 11.4753 224.223
2310000 11.5253 263.853
2320000 11.5753 315.703
2330000 11.6253 314.053
2340000 11.6753 219.105
2350000 11.7252 252.924
2360000 11.7753 241.506
2370000 11.8253 260.063
2380000 11.8753 195.4
2390000 11.9253 244.767
2400000 11.9752 259.837
2410000 12.0253 194.656
2420000 12.0753 225.751
2430000 12.1253 223.6
2440000 12.1753 223.086
2450000 12.2252 258.159
2460000 12.2753 203.19
2470000 12.3253 161.968
2480000 12.3753 233.832
2490000 12.4253 275.924
2500000 12.4752 325.3
2510000 12.5252 393.8
2520000 12.5753 341.413
2530000 12.6253 184.451
2540000 12.6753 237.78
2550000 12.7253 307.247
2560000 12.7752 273.613
2570000 12.8253 392.392
2580000 12.8753 244.06
2590000 12.9253 190.287
2600000 12.9753 256.666
2610000 13.0252 328.154
2620000 13.0752 311.15
2630000 13.1253 249.109
2640000 13.1753 268.531
2650000 13.2252 232.799
2660000 13.2753 292.714
2670000 13.3252 327.483
2680000 13.3753 382.172
2690000 13.4253 301.073
2700000 13.4752 225.423
2710000 13.5253 207.032
2720000 13.5753 285.749
2730000 13.6253 209.246
2740000 13.6753 281.338
2750000 13.7253 295.151
2760000 13.7753 333.271
2770000 13.8253 299.583
2780000 13.8753 203.727
2790000 13.9253 233.704
2800000 13.9753 290.916
2810000 14.0252 276.124
2820000 14.0753 277.09
2830000 14.1253 226.325
2840000 14.1753 254.183
2850000 14.2253 324.678
2860000 14.2752 321.401
2870000 14.3253 301.46
2880000 14.3753 223.421
2890000 14.4253 268.96
2900000 14.4753 291.878
2910000 14.5253 291.098
2920000 14.5753 229.931
2930000 14.6253 221.099
2940000 14.6753 316.787
2950000 14.7253 247.98
2960000 14.7753 256.932
2970000 14.8253 281.837
2980000 14.8753 255.567
2990000 14.9253 247.171
3000000 14.9752 298.87
3010000 15.0253 277.036
3020000 15.0753 269.878
3030000 15.1253 205.807
3040000 15.1753 256.401
3050000 15.2252 255.592
3060000 15.2753 278.587
3070000 15.3252 241.502
3080000 15.3753 329.067
3090000 15.4253 222.979
3100000 15.4752 270.191
3110000 15.5253 187.663
3120000 15.5752 228.988
3130000 15.6253 293.444
3140000 15.6753 229.802
3150000 15.7252 280.617
3160000 15.7753 324.781
3170000 15.8253 278.109
3180000 15.8753 279.067
3190000 15.9253 218.311
3200000 15.9752 235.554
3210000 16.0252 253.745
3220000 16.0753 237.99
3230000 16.1253 256.674
3240000 16.1753 297.981
3250000 16.2253 270.012
3260000 16.2752 288.727
3270000 16.3253 283.474
3280000 16.3753 133.952
3290000 16.4253 289.089
3300000 16.4753 235.807
3310000 16.5252 190.619
3320000 16.5753 193.217
3330000 16.6253 296.605
3340000 16.6753 294.495
3350000 16.7253 345.248
3360000 16.7752 315.513
3370000 16.8253 253.356
3380000 16.8753 357.238
3390000 16.9253 337.136
3400000 16.9753 355.415
3410000 17.0252 362.002
3420000 17.0753 354.271
3430000 17.1253 240.058
3440000 17.1753 319.674
3450000 17.2252 317.643
3460000 17.2753 317.536
3470000 17.3253 311.692
3480000 17.3753 262.009
3490000 17.4253 226.669
3500000 17.4752 249.867
3510000 17.5253 329.5
3520000 17.5753 355.878
3530000 17.6253 322.172
3540000 17.6753 270.475
3550000 17.7252 319.667
3560000 17.7753 320.792
3570000 17.8253 233.662
3580000 17.8753 201.681
3590000 17.9253 239.392
3600000 17.9752 280.98
3610000 18.0253 302.378
3620000 18.0753 268.016
3630000 18.1253 272.861
3640000 18.1753 347.77
3650000 18.2252 327.047
3660000 18.2753 240.334
3670000 18.3253 305.218
3680000 18.3753 303.283
3690000 18.4253 287.604
3700000 18.4753 271.415
3710000 18.5252 264.552
3720000 18.5753 239.763
3730000 18.6253 258.07
3740000 18.6753 239.663
3750000 18.7253 236.074
3760000 18.7752 207.359
3770000 18.8253 297.921
3780000 18.8753 281.721
3790000 18.9253 304.606
3800000 18.9753 324.009
3810000 19.0252 221.722
3820000 19.0753 271.372
3830000 19.1253 301.602
3840000 19.1753 272.741
3850000 19.2253 222.551
3860000 19.2752 229.611
3870000 19.3253 200.299
3880000 19.3753 175.493
3890000 19.4253 243.12
3900000 19.4753 180.726
3910000 19.5252 193.706
3920000 19.5753 201.15
3930000 19.6253 240.461
3940000 19.6753 225.275
3950000 19.7253 331.971
3960000 19.7752 314.867
3970000 19.8253 272.076
3980000 19.8753 212.612
3990000 19.9253 260.248
4000000 19.9753 266.135
4010000 20.0252 291.213
4020000 20.0753 304.379
4030000 20.1253 336.314
4040000 20.1753 259.958
4050000 20.2253 257.481
4060000 20.2752 271.865
4070000 20.3253 299.761
4080000 20.3753 312.917
4090000 20.4253 286.367
4100000 20.4753 306.655
4110000 20.5252 320.349
4120000 20.5753 313.84
4130000 20.6253 265.196
4140000 20.6753 340.342
4150000 20.7253 295.988
4160000 20.7752 213.312
4170000 20.8253 244.709
4180000 20.8753 272.633
4190000 20.9253 243.898
4200000 20.9752 237.093
4210000 21.0253 258.035
4220000 21.0753 331.778
4230000 21.1253 341.391
4240000 21.1753 327.392
4250000 21.2252 295.977
4260000 21.2753 176.48
4270000 21.3253 211.301
4280000 21.3753 277.025
4290000 21.4253 266.436
4300000 21.4752 301.696
4310000 21.5253 265.456
4320000 21.5753 239.193
4330000 21.6253 202.192
4340000 21.6753 230.681
4350000 21.7253 317.051
4360000 21.7753 224.433
4370000 21.8253 328.958
4380000 21.8753 262.362
4390000 21.9253 316.135
4400000 21.9752 228.579
4410000 22.0253 265.728
4420000 22.0753 288.102
4430000 22.1253 231.078
4440000 22.1753 205.187
4450000 22.2252 231.155
4460000 22.2753 240.456
4470000 22.3253 280.665
4480000 22.3753 300.546
4490000 22.4253 300.281
4500000 22.4753 267.549
4510000 22.5253 292.557
4520000 22.5753 296.688
4530000 22.6253 235.543
4540000 22.6753 301.565
4550000 22.7253 335.867
4560000 22.7753 287.226
4570000 22.8253 262.458
4580000 22.8753 273.166
4590000 22.9253 283.525
4600000 22.9753 294.238
4610000 23.0253 328.847
4620000 23.0753 417.699
4630000 23.1253 258.855
4640000 23.1753 210.742
4650000 23.2253 290.215
4660000 23.2753 274.83
4670000 23.3253 330.019
4680000 23.3752 296.668
4690000 23.4253 281.8
4700000 23.4753 346.4
4710000 23.5252 282.808
4720000 23.5753 250.95
4730000 23.6252 273.804
4740000 23.6753 318.148
4750000 23.7253 298.937
4760000 23.7752 291.991
4770000 23.8253 286.473
4780000 23.8752 366.612
4790000 23.9253 289.08
4800000 23.9753 267.324
4810000 24.0253 268.374
4820000 24.0753 206.28
4830000 24.1253 212.396
4840000 24.1753 247.486
4850000 24.2253 300.556
4860000 24.2753 360.824
4870000 24.3253 294.561
4880000 24.3753 265.456
4890000 24.4253 224.302
4900000 24.4753 279.754
4910000 24.5253 203.571
4920000 24.5753 258.791
4930000 24.6252 288.543
4940000 24.6753 262.69
4950000 24.7253 274.962
4960000 24.7753 262.268
4970000 24.8253 201.225
4980000 24.8752 277.478
4990000 24.9253 238.134
5000000 24.9753 319.138
5010000 25.0253 291.583
5020000 25.0753 311.828
5030000 25.1252 313.678
5040000 25.1753 287.763
5050000 25.2253 248.99
5060000 25.2753 349.656
5070000 25.3253 284.183
5080000 25.3753 288.907
5090000 25.4253 258.034
5100000 25.4753 208.217
5110000 25.5253 260.427
5120000 25.5753 254.539
5130000 25.6252 205.921
5140000 25.6753 351.415
5150000 25.7252 270.321
5160000 25.7753 283.904
5170000 25.8253 204.951
5180000 25.8752 221.904
5190000 25.9253 352.308
5200000 25.9752 257.145
5210000 26.0253 213.08
5220000 26.0753 252.869
5230000 26.1252 227.119
5240000 26.1753 168.36
5250000 26.2252 248.098
5260000 26.2753 258.156
5270000 26.3253 229.037
5280000 26.3753 291.845
5290000 26.4253 262.599
5300000 26.4752 155.67
5310000 26.5253 184.637
5320000 26.5753 284.551
5330000 26.6253 232.822
5340000 26.6753 183.456
5350000 26.7253 202.869
5360000 26.7753 222.363
5370000 26.8253 184.764
5380000 26.8753 221.257
5390000 26.9253 344.624
5400000 26.9752 189.861
5410000 27.0253 226.436
5420000 27.0753 203.939
5430000 27.1253 312.978
5440000 27.1753 290.359
5450000 27.2252 392.129
5460000 27.2753 359.312
5470000 27.3253 281.991
5480000 27.3753 283.507
5490000 27.4253 273.894
5500000 27.4752 260.679
5510000 27.5253 254.553
5520000 27.5753 339.339
5530000 27.6253 291.094
5540000 27.6753 289.892
5550000 27.7252 263.844
5560000 27.7753 315.265
5570000 27.8253 352.824
5580000 27.8753 366.924
5590000 27.9253 293.145
5600000 27.9752 269.293
5610000 28.0253 225.888
5620000 28.0753 255.41
5630000 28.1253 321.272
5640000 28.1753 255.684
5650000 28.2253 245.159
5660000 28.2753 223.603
5670000 28.3253 302.318
5680000 28.3753 258.775
5690000 28.4253 254.302
5700000 28.4752 270.622
5710000 28.5253 237.759
5720000 28.5753 282.641
5730000 28.6253 251.56
5740000 28.6753 225.504
5750000 28.7252 290.067
5760000 28.7753 294.87
5770000 28.8253 207.457
5780000 28.8753 230.219
5790000 28.9253 321.872
5800000 28.9752 283.369
5810000 29.0253 255.168
5820000 29.0753 272.484
5830000 29.1253 236.813
5840000 29.1753 237.127
5850000 29.2252 266.836
5860000 29.2753 266.915
5870000 29.3253 330.077
5880000 29.3753 324.201
5890000 29.4253 346.42
5900000 29.4752 396.536
5910000 29.5253 336.468
5920000 29.5753 332.22
5930000 29.6253 326.675
5940000 29.6753 360.694
5950000 29.7252 302.756
5960000 29.7753 214.77
5970000 29.8253 135.021
5980000 29.8753 248.977
5990000 29.9253 150.214
6000000 29.9752 242.754
6010000 30.0253 265.415
6020000 30.0753 218.013
6030000 30.1253 267.185
6040000 30.1753 167.633
6050000 30.2253 220.385
6060000 30.2753 222.85
6070000 30.3253 206.848
6080000 30.3753 241.133
6090000 30.4253 163.012
6100000 30.4753 229.397
6110000 30.5253 271.676
6120000 30.5753 308.133
6130000 30.6253 301.377
6140000 30.6753 371.263
6150000 30.7252 263.349
6160000 30.7753 245.555
6170000 30.8253 277.11
6180000 30.8753 290.312
6190000 30.9253 229.506
6200000 30.9752 270.184
6210000 31.0253 365.071
6220000 31.0753 367.873
6230000 31.1253 270.156
6240000 31.1753 236.692
6250000 31.2252 309.742
6260000 31.2753 342.174
6270000 31.3253 283.744
6280000 31.3753 211.659
6290000 31.4253 309.828
6300000 31.4752 318.332
6310000 31.5253 333.67
6320000 31.5753 287.739
6330000 31.6253 289.235
6340000 31.6753 353.426
6350000 31.7252 335.968
6360000 31.7753 213.535
6370000 31.8253 200.005
6380000 31.8753 306.894
6390000 31.9253 273.918
6400000 31.9752 252.262
6410000 32.0253 277.24
6420000 32.0753 216.217
6430000 32.1253 241.495
6440000 32.1752 233.5
6450000 32.2252 242.648
6460000 32.2753 306.654
6470000 32.3253 267.394
6480000 32.3753 230.039
6490000 32.4252 315.615
6500000 32.4752 270.771
6510000 32.5253 325.211
6520000 32.5753 358.816
6530000 32.6253 331.237
6540000 32.6752 268.421
6550000 32.7252 309.023
6560000 32.7753 324.444
6570000 32.8253 317.248
6580000 32.8753 278.538
6590000 32.9252 219.576
6600000 32.9752 283.12
6610000 33.0253 315.581
6620000 33.0753 267.59
6630000 33.1253 187.801
6640000 33.1752 326.451
6650000 33.2252 311.962
6660000 33.2753 310.32
6670000 33.3253 248.571
6680000 33.3753 215.394
6690000 33.4252 216.107
6700000 33.4752 239.319
6710000 33.5253 205.951
6720000 33.5753 182.884
6730000 33.6253 229.379
6740000 33.6753 182.722
6750000 33.7252 259.963
6760000 33.7753 234.405
6770000 33.8253 239.658
6780000 33.8753 179.16
6790000 33.9253 249.951
6800000 33.9752 236.363
6810000 34.0253 213.834
6820000 34.0753 209.025
6830000 34.1253 267.684
6840000 34.1752 250.817
6850000 34.2252 232.735
6860000 34.2753 260.656
6870000 34.3253 196.189
6880000 34.3753 250.896
6890000 34.4253 286.042
6900000 34.4752 158.027
6910000 34.5253 251.718
6920000 34.5753 240.666
6930000 34.6253 247.418
6940000 34.6753 323.445
6950000 34.7252 349.195
6960000 34.7753 352.875
6970000 34.8253 240.909
6980000 34.8753 200.124
6990000 34.9253 213.184
7000000 34.9752 223.359
7010000 35.0253 221.817
7020000 35.0753 255.937
7030000 35.1253 138.117
7040000 35.1753 190.474
7050000 35.2252 298.952
7060000 35.2753 299.789
7070000 35.3253 219.975
7080000 35.3753 151.278
7090000 35.4253 242.405
7100000 35.4752 232.249
7110000 35.5253 275.097
7120000 35.5753 341.977
7130000 35.6253 265.294
7140000 35.6753 201.069
7150000 35.7252 215.123
7160000 35.7753 243.334
7170000 35.8253 245.732
7180000 35.8753 223.252
7190000 35.9253 198.827
7200000 35.9752 244.506
7210000 36.0253 193.983
7220000 36.0753 226.395
7230000 36.1253 240.621
7240000 36.1753 245.744
7250000 36.2252 290.31
7260000 36.2753 350.763
7270000 36.3253 240.419
7280000 36.3753 243.01
7290000 36.4253 334.298
7300000 36.4752 312.62
7310000 36.5253 324.899
7320000 36.5753 339.143
7330000 36.6253 316.784
7340000 36.6753 292.553
7350000 36.7252 339.692
7360000 36.7753 322.16
7370000 36.8253 315.869
7380000 36.8753 250.633
7390000 36.9253 240.306
7400000 36.9752 228.372
7410000 37.0253 285.02
7420000 37.0753 312.642
7430000 37.1253 346.404
7440000 37.1753 389.477
7450000 37.2252 341.821
7460000 37.2753 382.512
7470000 37.3253 275.548
7480000 37.3753 275.611
7490000 37.4252 329.243
7500000 37.4752 367.535
7510000 37.5253 256.251
7520000 37.5753 234.7
7530000 37.6253 223.032
7540000 37.6752 263.92
7550000 37.7252 293.757
7560000 37.7753 279.564
7570000 37.8253 317.314
7580000 37.8753 266.753
7590000 37.9252 304.789
7600000 37.9752 334.228
7610000 38.0253 231.163
7620000 38.0753 305.461
7630000 38.1253 347.167
7640000 38.1752 319.798
7650000 38.2252 299.717
7660000 38.2753 208.223
7670000 38.3253 282.72
7680000 38.3753 302.539
7690000 38.4252 247.495
7700000 38.4752 254.728
7710000 38.5253 225.992
7720000 38.5753 217.239
7730000 38.6253 241.032
7740000 38.6752 318.239
7750000 38.7252 236.503
7760000 38.7753 273.653
7770000 38.8253 201.705
7780000 38.8753 263.046
7790000 38.9252 189.295
7800000 38.9752 243.774
7810000 39.0253 170.739
7820000 39.0753 301.362
7830000 39.1253 368.025
7840000 39.1752 258.254
7850000 39.2252 290.313
7860000 39.2753 345.416
7870000 39.3253 314.561
7880000 39.3753 377.972
7890000 39.4253 368.848
7900000 39.4752 303.56
7910000 39.5253 244.075
7920000 39.5753 298.34
7930000 39.6253 319.793
7940000 39.6753 348.788
7950000 39.7252 352.944
7960000 39.7753 298.965
7970000 39.8253 233.738
7980000 39.8753 222.565
7990000 39.9253 244.722
8000000 39.9752 255.282
8010000 40.0253 304.288
8020000 40.0753 170.265
8030000 40.1253 272.16
8040000 40.1752 252.17
8050000 40.2252 308.031
8060000 40.2753 357.336
8070000 40.3253 330.015
8080000 40.3753 233.855
8090000 40.4252 238.284
8100000 40.4752 199.093
8110000 40.5253 236.643
8120000 40.5753 218.197
8130000 40.6253 177.944
8140000 40.6752 134.181
8150000 40.7252 238.302
8160000 40.7753 213.739
8170000 40.8253 226.487
8180000 40.8753 269.255
8190000 40.9252 304.112
8200000 40.9752 263.128
8210000 41.0253 292.568
8220000 41.0753 298.247
8230000 41.1253 270.109
8240000 41.1753 290.45
8250000 41.2252 251.692
8260000 41.2753 231.295
8270000 41.3253 256.392
8280000 41.3753 263.008
8290000 41.4252 338.472
8300000 41.4752 368.812
8310000 41.5253 337.608
8320000 41.5753 302.998
8330000 41.6253 293.775
8340000 41.6752 290.877
8350000 41.7252 291.237
8360000 41.7753 258.761
8370000 41.8253 194.355
8380000 41.8753 282.219
8390000 41.9252 259.675
8400000 41.9752 267.933
8410000 42.0253 288.3
8420000 42.0753 294.29
8430000 42.1253 290.961
8440000 42.1752 323.361
8450000 42.2252 316.779
8460000 42.2753 263.899
8470000 42.3253 260.639
8480000 42.3753 270.111
8490000 42.4252 241.501
8500000 42.4752 207.027
8510000 42.5253 197.113
8520000 42.5753 263.387
8530000 42.6253 213.293
8540000 42.6752 215.329
8550000 42.7252 224.115
8560000 42.7753 255.231
8570000 42.8253 252.711
8580000 42.8753 300.614
8590000 42.9253 312.217
8600000 42.9752 266.859
8610000 43.0253 299.783
8620000 43.0753 322.866
8630000 43.1253 261.407
8640000 43.1753 219.813
8650000 43.2252 199.563
8660000 43.2753 191.415
8670000 43.3253 248.165
8680000 43.3753 228.203
8690000 43.4253 266.711
8700000 43.4752 236.695
8710000 43.5253 314.135
8720000 43.5753 246.996
8730000 43.6253 321.224
8740000 43.6752 293.561
8750000 43.7253 226.35
8760000 43.7752 248.622
8770000 43.8253 214.781
8780000 43.8753 293.098
8790000 43.9252 256.288
8800000 43.9753 232.019
8810000 44.0252 243.259
8820000 44.0753 320.144
8830000 44.1253 258.322
8840000 44.1752 259.768
8850000 44.2253 248.868
8860000 44.2752 238.914
8870000 44.3253 226.609
8880000 44.3753 119.155
8890000 44.4252 153.961
8900000 44.4753 228.961
8910000 44.5252 274.707
8920000 44.5752 274.597
8930000 44.6253 216.597
8940000 44.6753 249.782
8950000 44.7253 190.372
8960000 44.7752 254.157
8970000 44.8252 266.332
8980000 44.8753 286.93
8990000 44.9253 310.818
9000000 44.9753 321.558
9010000 45.0252 363.74
9020000 45.0752 300.606
9030000 45.1253 246.372
9040000 45.1753 321.622
9050000 45.2253 281.919
9060000 45.2752 295.781
9070000 45.3252 230.797
9080000 45.3753 314.451
9090000 45.4253 302.81
9100000 45.4753 249.673
9110000 45.5252 333.336
9120000 45.5753 282.17
9130000 45.6253 336.174
9140000 45.6753 400.048
9150000 45.7253 297.314
9160000 45.7752 293.394
9170000 45.8253 276.236
9180000 45.8753 184.368
9190000 45.9253 243.309
9200000 45.9753 259.037
9210000 46.0253 325.581
9220000 46.0753 237.981
9230000 46.1253 243.445
9240000 46.1752 302.074
9250000 46.2253 345.759
9260000 46.2753 273.996
9270000 46.3253 283.381
9280000 46.3753 287.988
9290000 46.4252 307.971
9300000 46.4753 270.525
9310000 46.5253 336.466
9320000 46.5753 303.125
9330000 46.6253 260.691
9340000 46.6752 280.16
9350000 46.7253 285.962
9360000 46.7753 246.244
9370000 46.8253 327.632
9380000 46.8753 316.05
9390000 46.9252 282.867
9400000 46.9753 353.644
9410000 47.0253 284.857
9420000 47.0753 305.712
9430000 47.1253 247.322
9440000 47.1753 243.168
9450000 47.2252 217.376
9460000 47.2753 248.226
9470000 47.3253 357.735
9480000 47.3753 219.82
9490000 47.4253 218.25
9500000 47.4752 212.979
9510000 47.5253 197.092
9520000 47.5753 322
9530000 47.6253 303.531
9540000 47.6753 258.779
9550000 47.7252 276.962
9560000 47.7752 235.758
9570000 47.8253 327.104
9580000 47.8753 286.75
9590000 47.9253 234.791
9600000 47.9752 253.38
9610000 48.0252 213.722
9620000 48.0753 287.186
9630000 48.1253 269.525
9640000 48.1753 244.855
9650000 48.2253 300.863
9660000 48.2752 308.33
9670000 48.3253 259.846
9680000 48.3753 257.986
9690000 48.4253 229.894
9700000 48.4753 213.58
9710000 48.5252 257.554
9720000 48.5753 259.13
9730000 48.6253 267.285
9740000 48.6753 254.282
9750000 48.7253 246.401
9760000 48.7752 169.978
9770000 48.8252 236.344
9780000 48.8753 282.068
9790000 48.9253 167.614
9800000 48.9753 252.839
9810000 49.0252 280.729
9820000 49.0752 318.962
9830000 49.1253 272.325
9840000 49.1753 211.701
9850000 49.2253 285.405
9860000 49.2752 314.784
9870000 49.3252 298.722
9880000 49.3753 254.067
9890000 49.4253 213.163
9900000 49.4753 293.617
9910000 49.5252 240.375
9920000 49.5752 277.111
9930000 49.6253 274.734
9940000 49.6753 262.088
9950000 49.7253 223.07
9960000 49.7752 328.587
9970000 49.8252 286.111
9980000 49.8753 234.376
9990000 49.9253 281.486
10000000 49.9753 210.804
10010000 50.0252 266.265
10020000 50.0753 247.967
10030000 50.1253 329.087
10040000 50.1753 248.389
10050000 50.2253 308.47
10060000 50.2752 353.669
10070000 50.3253 330.262
10080000 50.3753 311.999
10090000 50.4253 262.751
10100000 50.4753 321.643
10110000 50.5252 359.101
10120000 50.5753 354.857
10130000 50.6253 370.158
10140000 50.6753 281.719
10150000 50.7253 274.889
10160000 50.7752 301.418
10170000 50.8253 305.997
10180000 50.8753 270.478
10190000 50.9253 206.764
10200000 50.9753 255.573
10210000 51.0252 244.428
10220000 51.0753 314.472
10230000 51.1253 337.193
10240000 51.1753 280.19
10250000 51.2252 213.164
10260000 51.2753 355.964
10270000 51.3253 226.8
10280000 51.3753 315.016
10290000 51.4252 255.303
10300000 51.4752 267.95
10310000 51.5253 295.615
10320000 51.5753 277.073
10330000 51.6253 237.481
10340000 51.6752 205.011
10350000 51.7252 351.718
10360000 51.7753 298.149
10370000 51.8253 301.585
10380000 51.8753 251.373
10390000 51.9252 207.49
10400000 51.9752 268.345
10410000 52.0253 293.86
10420000 52.0753 231.814
10430000 52.1253 260.625
10440000 52.1752 257.734
10450000 52.2252 289.707
10460000 52.2753 230.566
10470000 52.3253 239.131
10480000 52.3753 205.913
10490000 52.4252 219.558
10500000 52.4752 177.318
10510000 52.5252 228.072
10520000 52.5753 286.694
10530000 52.6253 252.147
10540000 52.6753 237.568
10550000 52.7252 205.338
10560000 52.7752 286.407
10570000 52.8253 282.839
10580000 52.8753 264.72
10590000 52.9253 262.872
10600000 52.9752 181.43
10610000 53.0252 288.523
10620000 53.0753 289.226
10630000 53.1253 244.822
10640000 53.1753 290.061
10650000 53.2252 298.914
10660000 53.2752 210.145
10670000 53.3253 220.216
10680000 53.3753 216.837
10690000 53.4253 266.474
10700000 53.4752 248.05
10710000 53.5252 267.06
10720000 53.5753 209.902
10730000 53.6253 186.357
10740000 53.6753 280.096
10750000 53.7252 314.715
10760000 53.7752 398.674
10770000 53.8253 334.291
10780000 53.8753 382.149
10790000 53.9253 340.688
10800000 53.9752 335.142
10810000 54.0252 384.673
10820000 54.0753 311.616
10830000 54.1253 309.658
10840000 54.1753 309.382
10850000 54.2252 316.68
10860000 54.2752 266.63
10870000 54.3253 274.092
10880000 54.3753 245
10890000 54.4253 263.662
10900000 54.4752 330.784
10910000 54.5252 396.697
10920000 54.5753 383.651
10930000 54.6253 394.775
10940000 54.6753 314.898
10950000 54.7252 271.361
10960000 54.7752 326.553
10970000 54.8253 326.794
10980000 54.8753 340.173
10990000 54.9253 365.145
11000000 54.9752 253.318
11010000 55.0252 255.708
11020000 55.0753 267.794
11030000 55.1253 272.78
11040000 55.1753 287.595
11050000 55.2252 267.227
11060000 55.2752 212.636
11070000 55.3253 300.084
11080000 55.3753 276.344
11090000 55.4253 235.076
11100000 55.4753 326.874
11110000 55.5252 323.311
11120000 55.5753 323.361
11130000 55.6253 289.013
11140000 55.6753 242.553
11150000 55.7253 210.593
11160000 55.7752 268.038
11170000 55.8253 285.656
11180000 55.8753 299.99
11190000 55.9253 353.267
11200000 55.9753 338.022
11210000 56.0252 241.499
11220000 56.0753 311.36
11230000 56.1253 323.878
11240000 56.1753 351.595
11250000 56.2253 290.066
11260000 56.2752 291.762
11270000 56.3253 263.476
11280000 56.3753 313.499
11290000 56.4253 236.288
11300000 56.4753 309.241
11310000 56.5252 356.885
11320000 56.5753 251.903
11330000 56.6253 282.895
11340000 56.6753 335.155
11350000 56.7253 320.428
11360000 56.7752 256.836
11370000 56.8253 339.602
11380000 56.8753 319.585
11390000 56.9253 264.933
11400000 56.9753 260.702
11410000 57.0252 260.045
11420000 57.0753 317.625
11430000 57.1253 308.249
11440000 57.1753 257.104
11450000 57.2253 344.702
11460000 57.2752 350.353
11470000 57.3253 324.27
11480000 57.3753 313.024
11490000 57.4253 257.864
11500000 57.4753 197.04
11510000 57.5252 211.679
11520000 57.5753 286.41
11530000 57.6253 237.643
11540000 57.6753 307.783
11550000 57.7253 273.559
11560000 57.7752 233.889
11570000 57.8253 289.526
11580000 57.8753 405.403
11590000 57.9252 308.159
11600000 57.9753 315.338
11610000 58.0252 318.413
11620000 58.0753 281.655
11630000 58.1253 329.662
11640000 58.1752 343.02
11650000 58.2253 312.076
11660000 58.2752 270.896
11670000 58.3253 331.31
11680000 58.3753 374.866
11690000 58.4252 295.369
11700000 58.4753 289.044
11710000 58.5252 207.56
11720000 58.5753 222.53
11730000 58.6253 162.306
11740000 58.6752 220.999
11750000 58.7252 284.249
11760000 58.7753 234.577
11770000 58.8253 270.182
11780000 58.8753 307.612
11790000 58.9252 351.154
11800000 58.9752 297.1
11810000 59.0253 370.781
11820000 59.0753 391.89
11830000 59.1253 320.855
11840000 59.1752 317.57
11850000 59.2252 209.501
11860000 59.2753 164.919
11870000 59.3253 242.198
11880000 59.3753 269.098
11890000 59.4253 248.978
11900000 59.4752 319.129
11910000 59.5252 343.32
11920000 59.5753 290.133
11930000 59.6253 344.091
11940000 59.6753 297.167
11950000 59.7252 187.56
11960000 59.7752 245.051
11970000 59.8253 191.519
11980000 59.8753 193.615
11990000 59.9253 177.815
12000000 59.9752 169.716
12010000 60.0252 254.982
12020000 60.0753 190.819
12030000 60.1253 258.474
12040000 60.1753 235.585
12050000 60.2252 214.472
12060000 60.2752 227.097
12070000 60.3253 270.725
12080000 60.3753 289.8
12090000 60.4253 276.504
12100000 60.4752 273.057
12110000 60.5252 258.954
12120000 60.5753 248.037
12130000 60.6253 213.489
12140000 60.6753 251.183
12150000 60.7252 352.928
12160000 60.7752 237.713
12170000 60.8253 225.193
12180000 60.8753 181.458
12190000 60.9253 262.184
12200000 60.9752 328.392
12210000 61.0252 369.092
12220000 61.0753 308.787
12230000 61.1253 298.903
12240000 61.1753 332.226
12250000 61.2252 262.995
12260000 61.2752 194.544
12270000 61.3253 289.733
12280000 61.3753 283.286
12290000 61.4253 221.199
12300000 61.4752 272.129
12310000 61.5252 338.898
12320000 61.5753 340.164
12330000 61.6253 377.464
12340000 61.6753 386.518
12350000 61.7252 371.151
12360000 61.7752 349.527
12370000 61.8253 309.945
12380000 61.8753 329.495
12390000 61.9253 291.005
12400000 61.9752 224.674
12410000 62.0252 224.32
12420000 62.0753 251.143
12430000 62.1253 224.896
12440000 62.1753 255.379
12450000 62.2252 184.851
12460000 62.2752 299.645
12470000 62.3253 295.382
12480000 62.3753 314.06
12490000 62.4253 302.822
12500000 62.4752 332.62
12510000 62.5252 232.212
12520000 62.5753 248.056
12530000 62.6253 152.32
12540000 62.6753 259.561
12550000 62.7252 299.148
12560000 62.7752 312.537
12570000 62.8253 347.757
12580000 62.8753 351.416
12590000 62.9253 344.537
12600000 62.9752 320.216
12610000 63.0252 301.653
12620000 63.0753 302.355
12630000 63.1253 263.061
12640000 63.1753 288.767
12650000 63.2252 341.358
12660000 63.2752 297.613
12670000 63.3253 265.137
12680000 63.3753 215.272
12690000 63.4253 261.741
12700000 63.4752 204.082
12710000 63.5252 276.841
12720000 63.5753 314.78
12730000 63.6253 267.792
12740000 63.6753 283.077
12750000 63.7252 296.544
12760000 63.7752 231.295
12770000 63.8253 274.794
12780000 63.8753 250.633
12790000 63.9253 303.815
12800000 63.9752 282.66
12810000 64.0252 251.037
12820000 64.0753 266.648
12830000 64.1253 241.327
12840000 64.1753 268.457
12850000 64.2253 282.103
12860000 64.2752 227.027
12870000 64.3253 263.974
12880000 64.3753 244.825
12890000 64.4253 239.793
12900000 64.4753 243.708
12910000 64.5252 239.442
12920000 64.5753 235.452
12930000 64.6253 322.51
12940000 64.6753 296.627
12950000 64.7253 236.608
12960000 64.7752 271.26
12970000 64.8253 253.69
12980000 64.8753 225.663
12990000 64.9253 263.923
13000000 64.9753 314.41
13010000 65.0252 223.889
13020000 65.0753 286.875
13030000 65.1253 208.596
13040000 65.1753 240.015
13050000 65.2253 264.806
13060000 65.2752 234.468
13070000 65.3253 281.478
13080000 65.3753 246.916
13090000 65.4253 271.897
13100000 65.4753 222.252
13110000 65.5252 222.104
13120000 65.5753 216.502
13130000 65.6253 254.949
13140000 65.6753 236.339
13150000 65.7253 205.521
13160000 65.7752 265.631
13170000 65.8253 292.863
13180000 65.8753 261.557
13190000 65.9253 266.189
13200000 65.9753 270.396
13210000 66.0252 336.597
13220000 66.0753 322.584
13230000 66.1253 317.747
13240000 66.1752 352.243
13250000 66.2253 293.912
13260000 66.2752 256.417
13270000 66.3253 228.587
13280000 66.3753 230.132
13290000 66.4252 312.241
13300000 66.4753 344.781
13310000 66.5252 321.843
13320000 66.5753 330.286
13330000 66.6253 254.881
13340000 66.6752 225.59
13350000 66.7253 272.563
13360000 66.7752 275.987
13370000 66.8253 307.105
13380000 66.8753 299.24
13390000 66.9252 315.736
13400000 66.9753 215.895
13410000 67.0252 235.883
13420000 67.0753 255.244
13430000 67.1253 238.855
13440000 67.1752 286.784
13450000 67.2253 282.262
13460000 67.2752 267.281
13470000 67.3253 280.094
13480000 67.3753 250.473
13490000 67.4252 263.85
13500000 67.4753 317.212
13510000 67.5252 238.444
13520000 67.5753 198.523
13530000 67.6253 212.489
13540000 67.6752 238.312
13550000 67.7253 264.339
13560000 67.7752 276.838
13570000 67.8253 286.11
13580000 67.8753 349.648
13590000 67.9252 249.258
13600000 67.9753 284.2
13610000 68.0252 272.233
13620000 68.0753 279.875
13630000 68.1253 307.175
13640000 68.1752 199.47
13650000 68.2253 191.457
13660000 68.2752 250.609
13670000 68.3253 266.364
13680000 68.3753 303.637
13690000 68.4253 264.872
13700000 68.4752 254.868
13710000 68.5252 250.962
13720000 68.5753 243.208
13730000 68.6253 279.341
13740000 68.6753 275.725
13750000 68.7252 268.728
13760000 68.7752 311.271
13770000 68.8253 356.878
13780000 68.8753 374.586
13790000 68.9253 274.964
13800000 68.9752 322.386
13810000 69.0252 287.077
13820000 69.0753 311.425
13830000 69.1253 226.848
13840000 69.1753 242.133
13850000 69.2252 283.318
13860000 69.2752 252.044
13870000 69.3253 348.908
13880000 69.3753 299.109
13890000 69.4253 263.861
13900000 69.4752 213.532
13910000 69.5252 289.185
13920000 69.5753 305.974
13930000 69.6253 286.37
13940000 69.6753 208.103
13950000 69.7252 159.15
13960000 69.7752 266.442
13970000 69.8253 282.291
13980000 69.8753 205.996
13990000 69.9253 229.932
14000000 69.9752 254.739
14010000 70.0252 292.91
14020000 70.0753 260.566
14030000 70.1253 251.669
14040000 70.1753 326.106
14050000 70.2252 250.477
14060000 70.2752 169.78
14070000 70.3253 166.21
14080000 70.3753 215.797
14090000 70.4253 293.819
14100000 70.4752 228.386
14110000 70.5252 234.264
14120000 70.5753 236.116
14130000 70.6253 203.59
14140000 70.6753 311.59
14150000 70.7253 262.29
14160000 70.7752 218.731
14170000 70.8253 299.161
14180000 70.8753 273.124
14190000 70.9253 221.389
14200000 70.9753 242.131
14210000 71.0252 290.772
14220000 71.0753 311.166
14230000 71.1253 279.948
14240000 71.1753 159.538
14250000 71.2253 263.798
14260000 71.2752 253.916
14270000 71.3253 279.59
14280000 71.3753 251.787
14290000 71.4253 257.061
14300000 71.4753 206.93
14310000 71.5252 335.711
14320000 71.5753 332.096
14330000 71.6253 323.841
14340000 71.6753 300.482
14350000 71.7253 258.344
14360000 71.7752 310.875
14370000 71.8253 277.64
14380000 71.8753 250.382
14390000 71.9253 307.216
14400000 71.9753 268.896
14410000 72.0252 336.52
14420000 72.0753 262.798
14430000 72.1253 363.083
14440000 72.1753 392.463
14450000 72.2253 325.057
14460000 72.2752 307.351
14470000 72.3253 263.027
14480000 72.3753 209.054
14490000 72.4253 254.845
14500000 72.4753 256.447
14510000 72.5252 322.704
14520000 72.5753 326.969
14530000 72.6253 302.858
14540000 72.6753 246.353
14550000 72.7253 333.325
14560000 72.7752 336.279
14570000 72.8253 347.353
14580000 72.8753 277.251
14590000 72.9253 248.096
14600000 72.9753 306.12
14610000 73.0252 277.134
14620000 73.0753 269.512
14630000 73.1253 315.457
14640000 73.1753 253.423
14650000 73.2253 278.683
14660000 73.2752 314.296
14670000 73.3253 249.18
14680000 73.3753 248.092
14690000 73.4253 254.885
14700000 73.4753 271.594
14710000 73.5252 226.149
14720000 73.5753 278.825
14730000 73.6253 309.424
14740000 73.6753 309.536
14750000 73.7253 340.932
14760000 73.7752 319.41
14770000 73.8253 244.763
14780000 73.8753 324.388
14790000 73.9253 333.94
14800000 73.9753 296.471
14810000 74.0252 285.503
14820000 74.0753 250.467
14830000 74.1253 359.371
14840000 74.1753 330.105
14850000 74.2253 259.937
14860000 74.2752 242.091
14870000 74.3253 294.215
14880000 74.3753 292.871
14890000 74.4253 274.524
14900000 74.4753 345.441
14910000 74.5252 242.459
14920000 74.5753 321.144
14930000 74.6253 308.911
14940000 74.6753 263.607
14950000 74.7253 258.495
14960000 74.7752 308.799
14970000 74.8253 281.369
14980000 74.8753 259.215
14990000 74.9253 267.5
15000000 74.9753 328.573
15010000 75.0252 211.779
15020000 75.0753 192.606
15030000 75.1253 217.578
15040000 75.1753 263.084
15050000 75.2253 225.732
15060000 75.2752 254.266
15070000 75.3253 269.907
15080000 75.3753 284.08
15090000 75.4253 271.243
15100000 75.4753 263.267
15110000 75.5252 252.138
15120000 75.5753 237.38
15130000 75.6253 229.479
15140000 75.6753 171.958
15150000 75.7253 290.216
15160000 75.7752 300.506
15170000 75.8253 257.752
15180000 75.8753 267.583
15190000 75.9253 239.826
15200000 75.9753 232.515
15210000 76.0252 289.423
15220000 76.0753 335.826
15230000 76.1253 374.471
15240000 76.1753 291.814
15250000 76.2253 171.344
15260000 76.2752 176.581
15270000 76.3253 316.675
15280000 76.3753 336.092
15290000 76.4253 321.278
15300000 76.4753 269.92
15310000 76.5252 280.829
15320000 76.5753 227.295
15330000 76.6253 253.599
15340000 76.6753 242.054
15350000 76.7253 236.552
15360000 76.7752 335.303
15370000 76.8253 265.396
15380000 76.8753 264.041
15390000 76.9253 234.578
15400000 76.9753 293.146
15410000 77.0252 242.681
15420000 77.0753 183.63
15430000 77.1253 313.148
15440000 77.1753 294.356
15450000 77.2253 246.612
15460000 77.2752 285.709
15470000 77.3253 221.745
15480000 77.3753 392.41
15490000 77.4252 325.658
15500000 77.4753 287.151
15510000 77.5252 261.493
15520000 77.5753 231.747
15530000 77.6253 211.59
15540000 77.6752 259.426
15550000 77.7253 310.867
15560000 77.7752 273.361
15570000 77.8253 228.732
15580000 77.8753 210.137
15590000 77.9252 194.419
15600000 77.9753 204.812
15610000 78.0252 228.653
15620000 78.0753 247.351
15630000 78.1253 293.124
15640000 78.1752 335.47
15650000 78.2253 284.331
15660000 78.2752 261.472
15670000 78.3253 267.573
15680000 78.3753 215.637
15690000 78.4252 243.117
15700000 78.4753 186.985
15710000 78.5252 224.059
15720000 78.5753 233.068
15730000 78.6253 278.248
15740000 78.6752 259.522
15750000 78.7253 150.171
15760000 78.7752 271.987
15770000 78.8253 296.781
15780000 78.8753 377.013
15790000 78.9252 262.735
15800000 78.9752 313.544
15810000 79.0252 259.233
15820000 79.0753 295.199
15830000 79.1253 258.795
15840000 79.1752 185.793
15850000 79.2252 254.09
15860000 79.2752 310.423
15870000 79.3253 327.746
15880000 79.3753 383.081
15890000 79.4252 317.59
15900000 79.4752 311.858
15910000 79.5252 355.641
15920000 79.5753 265.712
15930000 79.6253 277.039
15940000 79.6752 311.462
15950000 79.7252 276.721
15960000 79.7752 244.78
15970000 79.8253 337.263
15980000 79.8753 290.955
15990000 79.9252 283.129
16000000 79.9752 253.635
16010000 80.0252 333.829
16020000 80.0753 300.962
16030000 80.1253 374.106
16040000 80.1752 218.461
16050000 80.2252 213.679
16060000 80.2752 341.361
16070000 80.3253 304.971
16080000 80.3753 318.72
16090000 80.4253 343.196
16100000 80.4752 318.83
16110000 80.5252 305.53
16120000 80.5753 363.578
16130000 80.6253 292.416
16140000 80.6753 272.641
16150000 80.7252 315.282
16160000 80.7752 313.278
16170000 80.8253 296.897
16180000 80.8753 399.052
16190000 80.9253 275.326
16200000 80.9752 258.143
16210000 81.0252 286.592
16220000 81.0753 235.885
16230000 81.1253 213.19
16240000 81.1753 235.455
16250000 81.2252 229.861
16260000 81.2752 275.825
16270000 81.3253 288.379
16280000 81.3753 283.447
16290000 81.4253 283.295
16300000 81.4752 260.29
16310000 81.5252 271.418
16320000 81.5753 343.997
16330000 81.6253 311.743
16340000 81.6753 271.711
16350000 81.7252 217.544
16360000 81.7752 229.431
16370000 81.8253 288.073
16380000 81.8753 279.31
16390000 81.9253 223.81
16400000 81.9753 326.116
16410000 82.0252 264.287
16420000 82.0753 344.141
16430000 82.1253 317.674
16440000 82.1753 288.285
16450000 82.2253 273.575
16460000 82.2752 302.499
16470000 82.3253 319.895
16480000 82.3753 332.888
16490000 82.4253 333.608
16500000 82.4753 329.257
16510000 82.5252 270.192
16520000 82.5753 382.738
16530000 82.6253 286.441
16540000 82.6753 152.597
16550000 82.7253 238.372
16560000 82.7752 262.722
16570000 82.8253 335.727
16580000 82.8753 299.284
16590000 82.9253 279.773
16600000 82.9753 249.056
16610000 83.0252 175.777
16620000 83.0753 252.491
16630000 83.1253 185.697
16640000 83.1753 232.565
16650000 83.2253 260.706
16660000 83.2752 260.035
16670000 83.3253 247.382
16680000 83.3753 225.319
16690000 83.4253 228.843
16700000 83.4753 275.444
16710000 83.5252 318.656
16720000 83.5753 289.871
16730000 83.6252 280.97
16740000 83.6753 253.814
16750000 83.7253 240.494
16760000 83.7752 198.112
16770000 83.8253 231.164
16780000 83.8752 261.979
16790000 83.9253 324.828
16800000 83.9753 307.24
16810000 84.0252 301.94
16820000 84.0753 444.294
16830000 84.1252 320.237
16840000 84.1753 287.21
16850000 84.2253 232.188
16860000 84.2752 257.782
16870000 84.3253 221.302
16880000 84.3752 253.198
16890000 84.4253 316.839
16900000 84.4753 276.884
16910000 84.5252 315.556
16920000 84.5753 297.214
16930000 84.6252 239.822
16940000 84.6753 319.449
16950000 84.7253 277.384
16960000 84.7752 241.921
16970000 84.8253 234.711
16980000 84.8752 286.85
16990000 84.9253 346.983
17000000 84.9753 253.706
17010000 85.0252 292.388
17020000 85.0753 253.093
17030000 85.1252 221.898
17040000 85.1753 239.187
17050000 85.2253 319.183
17060000 85.2752 337.056
17070000 85.3253 359.582
17080000 85.3752 328.348
17090000 85.4253 299.01
17100000 85.4753 245.27
17110000 85.5253 208.082
17120000 85.5753 264.887
17130000 85.6252 231.052
17140000 85.6753 278.16
17150000 85.7253 325.18
17160000 85.7753 330.327
17170000 85.8253 324.122
17180000 85.8752 266.488
17190000 85.9253 286.246
17200000 85.9753 294.527
17210000 86.0253 202.892
17220000 86.0753 179.474
17230000 86.1252 262.488
17240000 86.1753 217.704
17250000 86.2253 207.3
17260000 86.2753 290.592
17270000 86.3253 287.254
17280000 86.3752 211.977
17290000 86.4253 276.265
17300000 86.4753 271.706
17310000 86.5253 300.638
17320000 86.5753 268.883
17330000 86.6252 223.533
17340000 86.6753 230.799
17350000 86.7253 265.99
17360000 86.7753 308.041
17370000 86.8253 354.899
17380000 86.8752 286.098
17390000 86.9253 313.653
17400000 86.9753 267.896
17410000 87.0253 215.618
17420000 87.0753 296.439
17430000 87.1252 288.676
17440000 87.1753 292.999
17450000 87.2252 313.613
17460000 87.2753 229.445
17470000 87.3253 293.922
17480000 87.3752 369.07
17490000 87.4253 308.319
17500000 87.4752 340.474
17510000 87.5253 278.723
17520000 87.5753 286.015
17530000 87.6252 325.498
17540000 87.6753 261.951
17550000 87.7252 314.639
17560000 87.7753 286.393
17570000 87.8253 289.809
17580000 87.8752 270.727
17590000 87.9253 242.777
17600000 87.9752 306.569
17610000 88.0253 319.051
17620000 88.0753 303.768
17630000 88.1252 254.211
17640000 88.1753 285.496
17650000 88.2252 266.082
17660000 88.2753 240.806
17670000 88.3253 228.386
17680000 88.3752 199.597
17690000 88.4253 198.591
17700000 88.4752 187.109
17710000 88.5253 260.871
17720000 88.5753 273.781
17730000 88.6252 276.896
17740000 88.6753 237.728
17750000 88.7252 309.737
17760000 88.7753 298.134
17770000 88.8253 300.273
17780000 88.8752 282.631
17790000 88.9253 345.702
17800000 88.9752 287.227
17810000 89.0253 301.094
17820000 89.0753 206.224
17830000 89.1252 258.964
17840000 89.1753 336.578
17850000 89.2252 310.63
17860000 89.2753 327.244
17870000 89.3253 316.679
17880000 89.3752 299.385
17890000 89.4253 293.547
17900000 89.4752 361.578
17910000 89.5253 325.891
17920000 89.5753 316.645
17930000 89.6252 318.776
17940000 89.6753 275.064
17950000 89.7252 285.756
17960000 89.7753 264.211
17970000 89.8253 314.063
17980000 89.8752 288.449
17990000 89.9253 223.965
18000000 89.9752 221.582
18010000 90.0253 263.823
18020000 90.0753 294.978
18030000 90.1252 258.22
18040000 90.1753 247.086
18050000 90.2252 274.926
18060000 90.2753 284.028
18070000 90.3253 294.947
18080000 90.3752 281.386
18090000 90.4253 256.126
18100000 90.4752 244.869
18110000 90.5253 290.442
18120000 90.5753 279.604
18130000 90.6252 252.546
18140000 90.6753 274.118
18150000 90.7252 192.868
18160000 90.7753 256.153
18170000 90.8253 242.274
18180000 90.8752 345.744
18190000 90.9253 346.78
18200000 90.9752 368.817
18210000 91.0253 293.171
18220000 91.0752 252.666
18230000 91.1252 202.475
18240000 91.1753 249.852
18250000 91.2252 201.052
18260000 91.2753 199.807
18270000 91.3252 263.022
18280000 91.3752 371.844
18290000 91.4253 298.987
18300000 91.4752 236.053
18310000 91.5253 211.725
18320000 91.5752 342.338
18330000 91.6252 211.111
18340000 91.6753 60.7629
18350000 91.7252 180.385
18360000 91.7753 271.411
18370000 91.8252 220.123
18380000 91.8752 303.796
18390000 91.9253 335.638
18400000 91.9752 179.002
18410000 92.0253 269.085
18420000 92.0752 267.988
18430000 92.1252 232.839
18440000 92.1753 214.56
18450000 92.2252 288.306
18460000 92.2753 284.608
18470000 92.3252 309.205
18480000 92.3752 236.05
18490000 92.4253 254.46
18500000 92.4752 264.349
18510000 92.5253 290.077
18520000 92.5752 225.317
18530000 92.6252 230.048
18540000 92.6753 230.859
18550000 92.7252 287.292
18560000 92.7753 276.918
18570000 92.8252 211.607
18580000 92.8752 289.805
18590000 92.9253 350.672
18600000 92.9752 368.481
18610000 93.0253 347.154
18620000 93.0752 295.73
18630000 93.1253 323.991
18640000 93.1753 275.165
18650000 93.2253 257.139
18660000 93.2753 221.843
18670000 93.3252 266.604
18680000 93.3753 276.94
18690000 93.4253 213.534
18700000 93.4753 309.431
18710000 93.5253 314.038
18720000 93.5752 202.926
18730000 93.6253 205.506
18740000 93.6753 267.054
18750000 93.7253 272.153
18760000 93.7753 266.436
18770000 93.8252 342.91
18780000 93.8753 290.385
18790000 93.9253 312.461
18800000 93.9753 322.587
18810000 94.0253 295.74
18820000 94.0752 292.265
18830000 94.1253 305.953
18840000 94.1753 337.648
18850000 94.2253 262.957
18860000 94.2753 125.495
18870000 94.3252 184.401
18880000 94.3753 231.728
18890000 94.4253 254.084
18900000 94.4753 256.072
18910000 94.5253 284.788
18920000 94.5752 258.558
18930000 94.6253 276.148
18940000 94.6753 290.363
18950000 94.7253 256.624
18960000 94.7753 252.525
18970000 94.8252 246.06
18980000 94.8753 203.104
18990000 94.9253 277.396
19000000 94.9753 274.899
19010000 95.0253 336.739
19020000 95.0752 279.56
19030000 95.1253 314.501
19040000 95.1753 339.034
19050000 95.2253 268.358
19060000 95.2753 223.972
19070000 95.3252 250.306
19080000 95.3753 243.047
19090000 95.4252 146.042
19100000 95.4752 250.917
19110000 95.5253 237.505
19120000 95.5752 280.881
19130000 95.6253 331.683
19140000 95.6752 303.724
19150000 95.7252 323.771
19160000 95.7753 216.449
19170000 95.8252 154.564
19180000 95.8753 196.474
19190000 95.9252 253.066
19200000 95.9752 200.893
19210000 96.0253 254.182
19220000 96.0752 238.112
19230000 96.1253 306.573
19240000 96.1752 228.959
19250000 96.2252 283.493
19260000 96.2753 248.326
19270000 96.3252 287.792
19280000 96.3753 235.213
19290000 96.4252 245.47
19300000 96.4752 292.098
19310000 96.5253 335.134
19320000 96.5752 343.096
19330000 96.6253 311.274
19340000 96.6752 275.287
19350000 96.7252 225.389
19360000 96.7753 199.913
19370000 96.8252 231.222
19380000 96.8753 278.021
19390000 96.9252 282.392
19400000 96.9752 247.866
19410000 97.0253 316.908
19420000 97.0752 299.899
19430000 97.1253 278.203
19440000 97.1752 199.495
19450000 97.2252 254.542
19460000 97.2753 356.123
19470000 97.3252 228.042
19480000 97.3753 240.306
19490000 97.4252 305.826
19500000 97.4752 349.462
19510000 97.5253 284.934
19520000 97.5753 245.035
19530000 97.6253 270.036
19540000 97.6752 290.915
19550000 97.7252 269.457
19560000 97.7753 238.641
19570000 97.8253 255.559
19580000 97.8753 273.658
19590000 97.9252 284.597
19600000 97.9752 222.307
19610000 98.0253 272.527
19620000 98.0753 261.663
19630000 98.1253 333.281
19640000 98.1752 405.774
19650000 98.2252 356.667
19660000 98.2753 352.292
19670000 98.3253 333.164
19680000 98.3753 289.27
19690000 98.4252 345.41
19700000 98.4752 250.147
19710000 98.5253 312.817
19720000 98.5753 294.87
19730000 98.6253 259.141
19740000 98.6752 259.644
19750000 98.7252 283.782
19760000 98.7753 237.732
19770000 98.8253 283.628
19780000 98.8753 276.513
19790000 98.9252 227.578
19800000 98.9752 308.677
19810000 99.0253 349.006
19820000 99.0753 303.896
19830000 99.1253 297.194
19840000 99.1752 300.464
19850000 99.2252 280.227
19860000 99.2753 298.372
19870000 99.3253 196.913
19880000 99.3753 334.651
19890000 99.4252 281.819
19900000 99.4752 286.926
19910000 99.5253 329.008
19920000 99.5753 269.963
19930000 99.6253 328.166
19940000 99.6752 236.292
19950000 99.7252 273.352
19960000 99.7753 259.082
19970000 99.8253 232.706
19980000 99.8753 261.658
19990000 99.9253 311.481
20000000 99.9753 224.448
20010000 100.025 245.523
20020000 100.075 185.361
20030000 100.125 256.36
20040000 100.175 320.841
20050000 100.225 263.328
20060000 100.275 269.7
20070000 100.325 281.651
20080000 100.375 324.376
20090000 100.425 268.244
20100000 100.475 290.669
20110000 100.525 282.716
20120000 100.575 224.458
20130000 100.625 269.573
20140000 100.675 376.989
20150000 100.725 366.837
20160000 100.775 393.824
20170000 100.825 381.077
20180000 100.875 340.573
20190000 100.925 363.725
20200000 100.975 312.911
20210000 101.025 328.728
20220000 101.075 248.622
20230000 101.125 281.736
20240000 101.175 224.865
20250000 101.225 212.978
20260000 101.275 253.96
20270000 101.325 247.549
20280000 101.375 201.432
20290000 101.425 236.215
20300000 101.475 293.808
20310000 101.525 275.087
20320000 101.575 297.646
20330000 101.625 261.941
20340000 101.675 290.408
20350000 101.725 293.172
20360000 101.775 256.552
20370000 101.825 333.773
20380000 101.875 292.216
20390000 101.925 281.863
20400000 101.975 295.462
20410000 102.025 216.811
20420000 102.075 226.094
20430000 102.125 219.463
20440000 102.175 257.356
20450000 102.225 181.047
20460000 102.275 236.047
20470000 102.325 349.132
20480000 102.375 300.62
20490000 102.425 308.446
20500000 102.475 239.473
20510000 102.525 310.809
20520000 102.575 326.067
20530000 102.625 372.479
20540000 102.675 302.318
20550000 102.725 341.148
20560000 102.775 283.607
20570000 102.825 249.829
20580000 102.875 200.35
20590000 102.925 236.721
20600000 102.975 213.761
20610000 103.025 301.566
20620000 103.075 270.608
20630000 103.125 279.24
20640000 103.175 209.622
20650000 103.225 187.534
20660000 103.275 140.63
20670000 103.325 237.137
20680000 103.375 293.588
20690000 103.425 257.743
20700000 103.475 329.417
20710000 103.525 235.626
20720000 103.575 176.937
20730000 103.625 217.423
20740000 103.675 242.653
20750000 103.725 235.33
20760000 103.775 230.973
20770000 103.825 313.459
20780000 103.875 347.421
20790000 103.925 327.188
20800000 103.975 247.109
20810000 104.025 256.634
20820000 104.075 182.034
20830000 104.125 337.832
20840000 104.175 302.373
20850000 104.225 273.081
20860000 104.275 154.207
20870000 104.325 245.615
20880000 104.375 258.898
20890000 104.425 295.03
20900000 104.475 299.369
20910000 104.525 299.353
20920000 104.575 254.196
20930000 104.625 304.864
20940000 104.675 324.785
20950000 104.725 323.126
20960000 104.775 344.54
20970000 104.825 290.69
20980000 104.875 331.1
20990000 104.925 258.11
21000000 104.975 219.985
21010000 105.025 189.582
21020000 105.075 249.604
21030000 105.125 246.906
21040000 105.175 235.612
21050000 105.225 280.961
21060000 105.275 280.222
21070000 105.325 276.916
21080000 105.375 273.171
21090000 105.425 236.46
21100000 105.475 190.915
21110000 105.525 251.419
21120000 105.575 181.371
21130000 105.625 240.885
21140000 105.675 252.122
21150000 105.725 254.011
21160000 105.775 307.873
21170000 105.825 308.19
21180000 105.875 307.841
21190000 105.925 333.592
21200000 105.975 217.513
21210000 106.025 208.945
21220000 106.075 312.294
21230000 106.125 260.151
21240000 106.175 186.789
21250000 106.225 175.94
21260000 106.275 237.569
21270000 106.325 213.957
21280000 106.375 216.662
21290000 106.425 232.603
21300000 106.475 254.428
21310000 106.525 263.732
21320000 106.575 318.682
21330000 106.625 232.684
21340000 106.675 206.426
21350000 106.725 259.424
21360000 106.775 258.746
21370000 106.825 254.677
21380000 106.875 293.388
21390000 106.925 285.783
21400000 106.975 266.643
21410000 107.025 198.499
21420000 107.075 189.328
21430000 107.125 218.502
21440000 107.175 259.4
21450000 107.225 302.577
21460000 107.275 313.409
21470000 107.325 266.552
21480000 107.375 218.397
21490000 107.425 255.322
21500000 107.475 281.945
21510000 107.525 212.74
21520000 107.575 303.057
21530000 107.625 259.958
21540000 107.675 231.981
21550000 107.725 265.309
21560000 107.775 308.196
21570000 107.825 342.395
21580000 107.875 265.742
21590000 107.925 245.393
21600000 107.975 296.119
21610000 108.025 236.44
21620000 108.075 194.076
21630000 108.125 186.697
21640000 108.175 210.659
21650000 108.225 241.566
21660000 108.275 288.804
21670000 108.325 226.677
21680000 108.375 249.304
21690000 108.425 251.12
21700000 108.475 357.468
21710000 108.525 247.365
21720000 108.575 244.106
21730000 108.625 242.65
21740000 108.675 275.973
21750000 108.725 309.966
21760000 108.775 221.462
21770000 108.825 271.023
21780000 108.875 310.578
21790000 108.925 273.524
21800000 108.975 230.176
21810000 109.025 271.144
21820000 109.075 265.693
21830000 109.125 200.547
21840000 109.175 321.886
21850000 109.225 293.869
21860000 109.275 262.234
21870000 109.325 129.692
21880000 109.375 254.16
21890000 109.425 264.821
21900000 109.475 236.37
21910000 109.525 252.395
21920000 109.575 272.355
21930000 109.625 235.364
21940000 109.675 289.336
21950000 109.725 295.924
21960000 109.775 289.876
21970000 109.825 295.659
21980000 109.875 241.95
21990000 109.925 261.996
22000000 109.975 200.636
22010000 110.025 200.489
22020000 110.075 171.02
22030000 110.125 286.047
22040000 110.175 261.219
22050000 110.225 352.563
22060000 110.275 326.043
22070000 110.325 316.182
22080000 110.375 282.509
22090000 110.425 204.062
22100000 110.475 302.767
22110000 110.525 337.885
22120000 110.575 271.817
22130000 110.625 242.097
22140000 110.675 282.175
22150000 110.725 217.599
22160000 110.775 234.093
22170000 110.825 276.27
22180000 110.875 265.85
22190000 110.925 231.253
22200000 110.975 241.067
22210000 111.025 287.656
22220000 111.075 309.839
22230000 111.125 309.964
22240000 111.175 292.385
22250000 111.225 331.894
22260000 111.275 277.603
22270000 111.325 340.12
22280000 111.375 262.958
22290000 111.425 229.05
22300000 111.475 223.552
22310000 111.525 237.713
22320000 111.575 314.2
22330000 111.625 215.195
22340000 111.675 280.559
22350000 111.725 301.968
22360000 111.775 242.552
22370000 111.825 216.05
22380000 111.875 279.214
22390000 111.925 252.805
22400000 111.975 299.153
22410000 112.025 221.663
22420000 112.075 249.459
22430000 112.125 244.769
22440000 112.175 220.964
22450000 112.225 249.517
22460000 112.275 316.449
22470000 112.325 295.257
22480000 112.375 246.942
22490000 112.425 270.269
22500000 112.475 265.389
22510000 112.525 270.606
22520000 112.575 281.837
22530000 112.625 223.357
22540000 112.675 274.957
22550000 112.725 227.22
22560000 112.775 295.105
22570000 112.825 299.929
22580000 112.875 243.189
22590000 112.925 320.35
22600000 112.975 247.55
22610000 113.025 180.713
22620000 113.075 234.061
22630000 113.125 122.751
22640000 113.175 291.88
22650000 113.225 291
22660000 113.275 190.177
22670000 113.325 245.607
22680000 113.375 213.668
22690000 113.425 288.65
22700000 113.475 282.228
22710000 113.525 293.223
22720000 113.575 272.127
22730000 113.625 211.862
22740000 113.675 346.615
22750000 113.725 280.117
22760000 113.775 279.153
22770000 113.825 315.805
22780000 113.875 306.194
22790000 113.925 198.409
22800000 113.975 225.143
22810000 114.025 295.261
22820000 114.075 280.384
22830000 114.125 259.798
22840000 114.175 204.477
22850000 114.225 275.827
22860000 114.275 269.92
22870000 114.325 301.461
22880000 114.375 207.413
22890000 114.425 242.186
22900000 114.475 263.953
22910000 114.525 199.646
22920000 114.575 286.849
22930000 114.625 245.372
22940000 114.675 198.407
22950000 114.725 262.156
22960000 114.775 226.114
22970000 114.825 291.675
22980000 114.875 209.068
22990000 114.925 252.052
23000000 114.975 228.426
23010000 115.025 316.909
23020000 115.075 285.001
23030000 115.125 300.622
23040000 115.175 305.962
23050000 115.225 308.62
23060000 115.275 256.14
23070000 115.325 217.545
23080000 115.375 193.939
23090000 115.425 307.432
23100000 115.475 304.255
23110000 115.525 285.265
23120000 115.575 304.817
23130000 115.625 245.298
23140000 115.675 240.563
23150000 115.725 263.653
23160000 115.775 248.012
23170000 115.825 257.139
23180000 115.875 261.977
23190000 115.925 267.301
23200000 115.975 270.278
23210000 116.025 234.707
23220000 116.075 203.224
23230000 116.125 218.095
23240000 116.175 316.552
23250000 116.225 320.063
23260000 116.275 300.427
23270000 116.325 365.554
23280000 116.375 291.692
23290000 116.425 275.497
23300000 116.475 259.425
23310000 116.525 292.779
23320000 116.575 271.132
23330000 116.625 293.42
23340000 116.675 202.307
23350000 116.725 211.647
23360000 116.775 251.322
23370000 116.825 231.716
23380000 116.875 220.379
23390000 116.925 264.392
23400000 116.975 298.454
23410000 117.025 312.666
23420000 117.075 319.82
23430000 117.125 353.009
23440000 117.175 257.87
23450000 117.225 345.471
23460000 117.275 318.079
23470000 117.325 206.345
23480000 117.375 260.684
23490000 117.425 240.423
23500000 117.475 348.572
23510000 117.525 329.054
23520000 117.575 295.258
23530000 117.625 257.412
23540000 117.675 286.131
23550000 117.725 247.705
23560000 117.775 217.642
23570000 117.825 234.129
23580000 117.875 333.094
23590000 117.925 337.465
23600000 117.975 284.41
23610000 118.025 266.66
23620000 118.075 339.626
23630000 118.125 316.542
23640000 118.175 350.949
23650000 118.225 287.369
23660000 118.275 343.425
23670000 118.325 238.216
23680000 118.375 281.617
23690000 118.425 333.353
23700000 118.475 317.422
23710000 118.525 254.642
23720000 118.575 231.855
23730000 118.625 250.723
23740000 118.675 333.952
23750000 118.725 253.92
23760000 118.775 211.195
23770000 118.825 191.218
23780000 118.875 341.57
23790000 118.925 331.461
23800000 118.975 306.784
23810000 119.025 309.609
23820000 119.075 259.972
23830000 119.125 261.764
23840000 119.175 248.067
23850000 119.225 261.003
23860000 119.275 251.768
23870000 119.325 220.355
23880000 119.375 264.239
23890000 119.425 280.376
23900000 119.475 280.169
23910000 119.525 246.704
23920000 119.575 277.656
23930000 119.625 231.581
23940000 119.675 285.467
23950000 119.725 274
23960000 119.775 237.034
23970000 119.825 207.291
23980000 119.875 306.256
23990000 119.925 363.646
24000000 119.975 283.178
24010000 120.025 218.3
24020000 120.075 227.201
24030000 120.125 229.452
24040000 120.175 172.773
24050000 120.225 239.677
24060000 120.275 280.854
24070000 120.325 341.886
24080000 120.375 241.996
24090000 120.425 306.523
24100000 120.475 302.577
24110000 120.525 280.004
24120000 120.575 283.442
24130000 120.625 326.583
24140000 120.675 291.174
24150000 120.725 282.402
24160000 120.775 316.763
24170000 120.825 287.885
24180000 120.875 233.791
24190000 120.925 232.282
24200000 120.975 201.101
24210000 121.025 331.93
24220000 121.075 356.683
24230000 121.125 346.145
24240000 121.175 352.508
24250000 121.225 339.144
24260000 121.275 310.484
24270000 121.325 241.917
24280000 121.375 301.284
24290000 121.425 308.399
24300000 121.475 280.719
24310000 121.525 280.258
24320000 121.575 291.197
24330000 121.625 256.41
24340000 121.675 220.773
24350000 121.725 263.026
24360000 121.775 192.291
24370000 121.825 321.595
24380000 121.875 304.106
24390000 121.925 253.785
24400000 121.975 272.575
24410000 122.025 253.405
24420000 122.075 294.016
24430000 122.125 273.685
24440000 122.175 248.366
24450000 122.225 279.371
24460000 122.275 208.473
24470000 122.325 148.52
24480000 122.375 192.994
24490000 122.425 202.082
24500000 122.475 272.169
24510000 122.525 271.003
24520000 122.575 289.64
24530000 122.625 349.861
24540000 122.675 291.91
24550000 122.725 316.995
24560000 122.775 303.965
24570000 122.825 281.569
24580000 122.875 344.846
24590000 122.925 276.486
24600000 122.975 314.676
24610000 123.025 299.993
24620000 123.075 258.893
24630000 123.125 204.665
24640000 123.175 313.695
24650000 123.225 255.865
24660000 123.275 270.583
24670000 123.325 258.363
24680000 123.375 271.225
24690000 123.425 195.02
24700000 123.475 290.836
24710000 123.525 276.371
24720000 123.575 170.95
24730000 123.625 202.886
24740000 123.675 204.932
24750000 123.725 215.85
24760000 123.775 242.884
24770000 123.825 233.323
24780000 123.875 265.117
24790000 123.925 267.07
24800000 123.975 228.126
24810000 124.025 222.345
24820000 124.075 190.515
24830000 124.125 182.414
24840000 124.175 222.964
24850000 124.225 253.865
24860000 124.275 190.144
24870000 124.325 232.001
24880000 124.375 250.102
24890000 124.425 182.012
24900000 124.475 220.838
24910000 124.525 182.156
24920000 124.575 177.789
24930000 124.625 347.754
24940000 124.675 326.602
24950000 124.725 370.702
24960000 124.775 337.52
24970000 124.825 266.65
24980000 124.875 231.368
24990000 124.925 250.76
25000000 124.975 317.804
25010000 125.025 284.802
25020000 125.075 194.092
25030000 125.125 250.592
25040000 125.175 207.997
25050000 125.225 273.401
25060000 125.275 268.907
25070000 125.325 267.412
25080000 125.375 253.082
25090000 125.425 249.169
25100000 125.475 281.106
25110000 125.525 284.792
25120000 125.575 313.823
25130000 125.625 171.607
25140000 125.675 241.883
25150000 125.725 273.649
25160000 125.775 240.698
25170000 125.825 306.116
25180000 125.875 305.836
25190000 125.925 373.465
25200000 125.975 297.773
25210000 126.025 250.213
25220000 126.075 273.95
25230000 126.125 178.969
25240000 126.175 299.761
25250000 126.225 341.669
25260000 126.275 212.674
25270000 126.325 217.7
25280000 126.375 235.84
25290000 126.425 294.621
25300000 126.475 304.819
25310000 126.525 264.605
25320000 126.575 212.166
25330000 126.625 297.737
25340000 126.675 226.578
25350000 126.725 270.654
25360000 126.775 228.666
25370000 126.825 288.523
25380000 126.875 318.856
25390000 126.925 307.731
25400000 126.975 209.301
25410000 127.025 325.312
25420000 127.075 238.15
25430000 127.125 300.852
25440000 127.175 197.431
25450000 127.225 238.02
25460000 127.275 295.228
25470000 127.325 276.188
25480000 127.375 163.246
25490000 127.425 207.15
25500000 127.475 187.756
25510000 127.525 241.561
25520000 127.575 242.513
25530000 127.625 253.018
25540000 127.675 293.704
25550000 127.725 269.574
25560000 127.775 203.97
25570000 127.825 256.644
25580000 127.875 259.591
25590000 127.925 249.119
25600000 127.975 264.509
25610000 128.025 231.133
25620000 128.075 288.171
25630000 128.125 207.479
25640000 128.175 226.375
25650000 128.225 155.512
25660000 128.275 240.84
25670000 128.325 338.866
25680000 128.375 312.629
25690000 128.425 262.737
25700000 128.475 303.525
25710000 128.525 247.526
25720000 128.575 255.548
25730000 128.625 244.456
25740000 128.675 192.286
25750000 128.725 242.953
25760000 128.775 343.452
25770000 128.825 265.901
25780000 128.875 205.308
25790000 128.925 282.95
25800000 128.975 297.292
25810000 129.025 259.936
25820000 129.075 219.36
25830000 129.125 297.449
25840000 129.175 202.148
25850000 129.225 164.023
25860000 129.275 206.382
25870000 129.325 222.837
25880000 129.375 179.211
25890000 129.425 203.86
25900000 129.475 204.78
25910000 129.525 249.913
25920000 129.575 236.816
25930000 129.625 336.93
25940000 129.675 279.646
25950000 129.725 316.071
25960000 129.775 320.093
25970000 129.825 251.836
25980000 129.875 270.437
25990000 129.925 200.177
26000000 129.975 278.389
26010000 130.025 237.264
26020000 130.075 282.905
26030000 130.125 252.244
26040000 130.175 214.019
26050000 130.225 203.965
26060000 130.275 220.711
26070000 130.325 280.801
26080000 130.375 248.622
26090000 130.425 273.438
26100000 130.475 271.281
26110000 130.525 250.953
26120000 130.575 262.615
26130000 130.625 277.069
26140000 130.675 338.944
26150000 130.725 245.023
26160000 130.775 331.952
26170000 130.825 312.92
26180000 130.875 303.225
26190000 130.925 285.838
26200000 130.975 260.063
26210000 131.025 238.336
26220000 131.075 347.523
26230000 131.125 279.797
26240000 131.175 231.981
26250000 131.225 288.971
26260000 131.275 260.107
26270000 131.325 311.121
26280000 131.375 249.125
26290000 131.425 288.044
26300000 131.475 293.144
26310000 131.525 270.814
26320000 131.575 257.173
26330000 131.625 283.168
26340000 131.675 228.68
26350000 131.725 181.112
26360000 131.775 291.358
26370000 131.825 246.708
26380000 131.875 211.296
26390000 131.925 235.189
26400000 131.975 245.136
26410000 132.025 346.1
26420000 132.075 295.157
26430000 132.125 269.953
26440000 132.175 254.029
26450000 132.225 286.951
26460000 132.275 232.426
26470000 132.325 290.142
26480000 132.375 254.559
26490000 132.425 261.381
26500000 132.475 201.128
26510000 132.525 230.203
26520000 132.575 216.589
26530000 132.625 247.844
26540000 132.675 277.393
26550000 132.725 233.832
26560000 132.775 317.594
26570000 132.825 341.533
26580000 132.875 244.769
26590000 132.925 247.162
26600000 132.975 248.585
26610000 133.025 190.352
26620000 133.075 186.377
26630000 133.125 194.576
26640000 133.175 329.615
26650000 133.225 275.902
26660000 133.275 231.659
26670000 133.325 290.425
26680000 133.375 224.913
26690000 133.425 271.418
26700000 133.475 323.29
26710000 133.525 271.476
26720000 133.575 336.619
26730000 133.625 291.751
26740000 133.675 326.316
26750000 133.725 329.435
26760000 133.775 292.839
26770000 133.825 313.977
26780000 133.875 339.831
26790000 133.925 330.812
26800000 133.975 256.234
26810000 134.025 199.06
26820000 134.075 221.449
26830000 134.125 270.811
26840000 134.175 205.146
26850000 134.225 341.605
26860000 134.275 285.935
26870000 134.325 291.624
26880000 134.375 274.011
26890000 134.425 275.182
26900000 134.475 390.396
26910000 134.525 274.623
26920000 134.575 314.438
26930000 134.625 288.601
26940000 134.675 274.863
26950000 134.725 175.446
26960000 134.775 216.199
26970000 134.825 219.704
26980000 134.875 242.581
26990000 134.925 236.653
27000000 134.975 270.94
27010000 135.025 278.924
27020000 135.075 278.408
27030000 135.125 324.298
27040000 135.175 351.439
27050000 135.225 351.188
27060000 135.275 279.887
27070000 135.325 243.246
27080000 135.375 290.981
27090000 135.425 316.378
27100000 135.475 313.872
27110000 135.525 297.211
27120000 135.575 238.65
27130000 135.625 281.863
27140000 135.675 331.094
27150000 135.725 276.404
27160000 135.775 276.795
27170000 135.825 295.092
27180000 135.875 262.946
27190000 135.925 252.813
27200000 135.975 278.646
27210000 136.025 218.76
27220000 136.075 221.825
27230000 136.125 195.5
27240000 136.175 305.297
27250000 136.225 300.3
27260000 136.275 263.213
27270000 136.325 255.349
27280000 136.375 248.543
27290000 136.425 241.891
27300000 136.475 259.35
27310000 136.525 209.543
27320000 136.575 292.592
27330000 136.625 295.383
27340000 136.675 309.392
27350000 136.725 327.099
27360000 136.775 333.273
27370000 136.825 331.379
27380000 136.875 311.009
27390000 136.925 278.523
27400000 136.975 330.77
27410000 137.025 299.833
27420000 137.075 259.792
27430000 137.125 177.589
27440000 137.175 219.882
27450000 137.225 274.88
27460000 137.275 228.705
27470000 137.325 261.312
27480000 137.375 255.451
27490000 137.425 235.386
27500000 137.475 292.662
27510000 137.525 283
27520000 137.575 268.946
27530000 137.625 276.515
27540000 137.675 228.138
27550000 137.725 271.742
27560000 137.775 259.173
27570000 137.825 249.444
27580000 137.875 346.106
27590000 137.925 369.58
27600000 137.975 353.698
27610000 138.025 317.834
27620000 138.075 387.327
27630000 138.125 301.777
27640000 138.175 257.671
27650000 138.225 221.125
27660000 138.275 222.701
27670000 138.325 267.58
27680000 138.375 330.371
27690000 138.425 260.558
27700000 138.475 368.271
27710000 138.525 374.124
27720000 138.575 278.514
27730000 138.625 285.295
27740000 138.675 262.414
27750000 138.725 258.219
27760000 138.775 242.159
27770000 138.825 288.173
27780000 138.875 245.297
27790000 138.925 330.783
27800000 138.975 299.85
27810000 139.025 324.111
27820000 139.075 260.221
27830000 139.125 266.879
27840000 139.175 249.628
27850000 139.225 250.44
27860000 139.275 232.884
27870000 139.325 240.757
27880000 139.375 236.029
27890000 139.425 267.088
27900000 139.475 321.401
27910000 139.525 310.875
27920000 139.575 252.161
27930000 139.625 321.587
27940000 139.675 372.166
27950000 139.725 322.936
27960000 139.775 248.287
27970000 139.825 265.1
27980000 139.875 295.592
27990000 139.925 179.563
28000000 139.975 212.759
28010000 140.025 230.778
28020000 140.075 266.546
28030000 140.125 255.955
28040000 140.175 197.269
28050000 140.225 336.735
28060000 140.275 297.816
28070000 140.325 143.508
28080000 140.375 263.211
28090000 140.425 252.388
28100000 140.475 233.666
28110000 140.525 247.201
28120000 140.575 178.746
28130000 140.625 174.727
28140000 140.675 190.108
28150000 140.725 279.596
28160000 140.775 269.524
28170000 140.825 321.659
28180000 140.875 252.066
28190000 140.925 271.355
28200000 140.975 214.079
28210000 141.025 205.659
28220000 141.075 205.787
28230000 141.125 286.65
28240000 141.175 362.191
28250000 141.225 298.357
28260000 141.275 255.095
28270000 141.325 278.699
28280000 141.375 299.698
28290000 141.425 310.266
28300000 141.475 293.023
28310000 141.525 251.326
28320000 141.575 203.121
28330000 141.625 291.584
28340000 141.675 251.302
28350000 141.725 255.347
28360000 141.775 263.617
28370000 141.825 193.582
28380000 141.875 302.233
28390000 141.925 276.694
28400000 141.975 313.838
28410000 142.025 328.385
28420000 142.075 323.189
28430000 142.125 276.623
28440000 142.175 224.195
28450000 142.225 236.337
28460000 142.275 298.644
28470000 142.325 244.959
28480000 142.375 259.789
28490000 142.425 310.684
28500000 142.475 288.746
28510000 142.525 254.816
28520000 142.575 163.56
28530000 142.625 282.053
28540000 142.675 246.918
28550000 142.725 278.9
28560000 142.775 251.217
28570000 142.825 315.991
28580000 142.875 237.32
28590000 142.925 251.168
28600000 142.975 173.678
28610000 143.025 236.472
28620000 143.075 243.638
28630000 143.125 318.397
28640000 143.175 396.769
28650000 143.225 329.69
28660000 143.275 248.111
28670000 143.325 217.258
28680000 143.375 334.329
28690000 143.425 272.512
28700000 143.475 268.591
28710000 143.525 357.031
28720000 143.575 275.457
28730000 143.625 309.895
28740000 143.675 286.038
28750000 143.725 214.792
28760000 143.775 199.936
28770000 143.825 206.976
28780000 143.875 258.26
28790000 143.925 306.92
28800000 143.975 209.049
28810000 144.025 174.966
28820000 144.075 157.815
28830000 144.125 305.293
28840000 144.175 245.291
28850000 144.225 293.063
28860000 144.275 322.725
28870000 144.325 251.747
28880000 144.375 333.317
28890000 144.425 326.543
28900000 144.475 295.268
28910000 144.525 286.133
28920000 144.575 216.143
28930000 144.625 276.122
28940000 144.675 285.324
28950000 144.725 273
28960000 144.775 313.227
28970000 144.825 273.569
28980000 144.875 330.514
28990000 144.925 277.023
29000000 144.975 259.995
29010000 145.025 233.037
29020000 145.075 272.419
29030000 145.125 242.719
29040000 145.175 300.362
29050000 145.225 270.843
29060000 145.275 269.779
29070000 145.325 289.079
29080000 145.375 296.859
29090000 145.425 293.619
29100000 145.475 354.828
29110000 145.525 341.732
29120000 145.575 318.803
29130000 145.625 352.04
29140000 145.675 320.382
29150000 145.725 294.7
29160000 145.775 310.717
29170000 145.825 292.476
29180000 145.875 270.155
29190000 145.925 262.534
29200000 145.975 249.2
29210000 146.025 231.039
29220000 146.075 252.934
29230000 146.125 259.364
29240000 146.175 213.03
29250000 146.225 236.148
29260000 146.275 165.447
29270000 146.325 208.537
29280000 146.375 254.278
29290000 146.425 236.656
29300000 146.475 290.671
29310000 146.525 289.58
29320000 146.575 298.533
29330000 146.625 354.784
29340000 146.675 320.811
29350000 146.725 311.442
29360000 146.775 302.581
29370000 146.825 291.521
29380000 146.875 254.892
29390000 146.925 269.139
29400000 146.975 335.695
29410000 147.025 290.623
29420000 147.075 280.017
29430000 147.125 229.338
29440000 147.175 225.562
29450000 147.225 348.027
29460000 147.275 290.389
29470000 147.325 301.649
29480000 147.375 321.49
29490000 147.425 253.022
29500000 147.475 216.932
29510000 147.525 227.644
29520000 147.575 242.973
29530000 147.625 230.33
29540000 147.675 315.183
29550000 147.725 380.515
29560000 147.775 284.494
29570000 147.825 352.378
29580000 147.875 293.09
29590000 147.925 255.935
29600000 147.975 282.813
29610000 148.025 362.562
29620000 148.075 384.304
29630000 148.125 284.873
29640000 148.175 324.104
29650000 148.225 206.142
29660000 148.275 293.486
29670000 148.325 314.36
29680000 148.375 304.734
29690000 148.425 285.63
29700000 148.475 303.738
29710000 148.525 230.683
29720000 148.575 274.529
29730000 148.625 240.46
29740000 148.675 194.523
29750000 148.725 252.052
29760000 148.775 263.721
29770000 148.825 219.369
29780000 148.875 289.404
29790000 148.925 278.755
29800000 148.975 270.14
29810000 149.025 277.804
29820000 149.075 261.126
29830000 149.125 254.629
29840000 149.175 225.428
29850000 149.225 317.389
29860000 149.275 308.921
29870000 149.325 251.617
29880000 149.375 279.51
29890000 149.425 244.856
29900000 149.475 293.599
29910000 149.525 318.68
29920000 149.575 241.302
29930000 149.625 262.881
29940000 149.675 293.834
29950000 149.725 284.581
29960000 149.775 308.926
29970000 149.825 327.33
29980000 149.875 257.219
29990000 149.925 288.315
30000000 149.975 278.772
30010000 150.025 154.345
30020000 150.075 228.857
30030000 150.125 320.995
30040000 150.175 347.48
30050000 150.225 338.316
30060000 150.275 266.721
30070000 150.325 279.186
30080000 150.375 249.107
30090000 150.425 388.14
30100000 150.475 324.619
30110000 150.525 239.51
30120000 150.575 264.563
30130000 150.625 255.519
30140000 150.675 206.366
30150000 150.725 207.19
30160000 150.775 242.999
30170000 150.825 268.663
30180000 150.875 316.486
30190000 150.925 310.587
30200000 150.975 322.125
30210000 151.025 289.557
30220000 151.075 220.88
30230000 151.125 319.648
30240000 151.175 314.917
30250000 151.225 323.289
30260000 151.275 316.247
30270000 151.325 239.616
30280000 151.375 283.912
30290000 151.425 276.263
30300000 151.475 276.388
30310000 151.525 250.775
30320000 151.575 291.698
30330000 151.625 227.033
30340000 151.675 199.566
30350000 151.725 178.811
30360000 151.775 227.709
30370000 151.825 263.313
30380000 151.875 255.493
30390000 151.925 286.04
30400000 151.975 328.315
30410000 152.025 281.367
30420000 152.075 246.406
30430000 152.125 273.255
30440000 152.175 234.285
30450000 152.225 269.949
30460000 152.275 193.595
30470000 152.325 208.96
30480000 152.375 280.678
30490000 152.425 339.819
30500000 152.475 406.653
30510000 152.525 315.064
30520000 152.575 283.68
30530000 152.625 323.737
30540000 152.675 264.438
30550000 152.725 295.058
30560000 152.775 350.043
30570000 152.825 230.794
30580000 152.875 200.609
30590000 152.925 258.409
30600000 152.975 201.019
30610000 153.025 255.309
30620000 153.075 253.721
30630000 153.125 189.976
30640000 153.175 297.314
30650000 153.225 252.316
30660000 153.275 205.754
30670000 153.325 217.262
30680000 153.375 284.908
30690000 153.425 254.425
30700000 153.475 212.143
30710000 153.525 269.22
30720000 153.575 207.651
30730000 153.625 299.795
30740000 153.675 289.464
30750000 153.725 298.842
30760000 153.775 255.287
30770000 153.825 313.786
30780000 153.875 246.302
30790000 153.925 288.604
30800000 153.975 224.802
30810000 154.025 220.365
30820000 154.075 196.955
30830000 154.125 198.466
30840000 154.175 235.29
30850000 154.225 226.404
30860000 154.275 317.834
30870000 154.325 294.516
30880000 154.375 230.673
30890000 154.425 222.726
30900000 154.475 168.038
30910000 154.525 160.667
30920000 154.575 256.6
30930000 154.625 288.782
30940000 154.675 258.097
30950000 154.725 227.337
30960000 154.775 229.692
30970000 154.825 208.984
30980000 154.875 233.322
30990000 154.925 262.812
31000000 154.975 296.23
31010000 155.025 250.383
31020000 155.075 337.746
31030000 155.125 250.363
31040000 155.175 274.03
31050000 155.225 330.525
31060000 155.275 241.9
31070000 155.325 259.897
31080000 155.375 304.493
31090000 155.425 292.821
31100000 155.475 199.356
31110000 155.525 262.507
31120000 155.575 200.628
31130000 155.625 324.354
31140000 155.675 323.077
31150000 155.725 334.865
31160000 155.775 379.703
31170000 155.825 327.32
31180000 155.875 268.93
31190000 155.925 223.346
31200000 155.975 289.147
31210000 156.025 321.613
31220000 156.075 237.961
31230000 156.125 281.673
31240000 156.175 267.963
31250000 156.225 269.933
31260000 156.275 281.209
31270000 156.325 243.189
31280000 156.375 343.889
31290000 156.425 279.505
31300000 156.475 263.87
31310000 156.525 269.652
31320000 156.575 299.326
31330000 156.625 235.065
31340000 156.675 265.223
31350000 156.725 206.599
31360000 156.775 248.031
31370000 156.825 227.554
31380000 156.875 239.873
31390000 156.925 268.997
31400000 156.975 294.743
31410000 157.025 275.537
31420000 157.075 297.644
31430000 157.125 269.407
31440000 157.175 279.262
31450000 157.225 269.202
31460000 157.275 329.402
31470000 157.325 224.182
31480000 157.375 297.491
31490000 157.425 272.903
31500000 157.475 176.024
31510000 157.525 233.194
31520000 157.575 302.501
31530000 157.625 306.51
31540000 157.675 178.551
31550000 157.725 256.062
31560000 157.775 332.925
31570000 157.825 266.098
31580000 157.875 243.445
31590000 157.925 285.574
31600000 157.975 282.459
31610000 158.025 277.898
31620000 158.075 345.991
31630000 158.125 326.462
31640000 158.175 267.719
31650000 158.225 303.281
31660000 158.275 263.845
31670000 158.325 203.359
31680000 158.375 284.548
31690000 158.425 238.827
31700000 158.475 260.167
31710000 158.525 250.995
31720000 158.575 316.915
31730000 158.625 306.067
31740000 158.675 278.671
31750000 158.725 262.949
31760000 158.775 227.563
31770000 158.825 257.264
31780000 158.875 273.675
31790000 158.925 206.896
31800000 158.975 297.956
31810000 159.025 270.239
31820000 159.075 227.022
31830000 159.125 280.09
31840000 159.175 287.476
31850000 159.225 203.947
31860000 159.275 235.236
31870000 159.325 293.054
31880000 159.375 325.389
31890000 159.425 219.76
31900000 159.475 318.833
31910000 159.525 315.419
31920000 159.575 305.034
31930000 159.625 252.271
31940000 159.675 328.534
31950000 159.725 258.683
31960000 159.775 304.86
31970000 159.825 270.872
31980000 159.875 202.554
31990000 159.925 306.138
32000000 159.975 262.967
32010000 160.025 331.789
32020000 160.075 288.353
32030000 160.125 248.068
32040000 160.175 281.359
32050000 160.225 286.88
32060000 160.275 318.707
32070000 160.325 277.349
32080000 160.375 288.162
32090000 160.425 318.247
32100000 160.475 349.243
32110000 160.525 246.617
32120000 160.575 261.638
32130000 160.625 184.487
32140000 160.675 308.154
32150000 160.725 267.416
32160000 160.775 288.144
32170000 160.825 261.726
32180000 160.875 288.979
32190000 160.925 283.331
32200000 160.975 280.133
32210000 161.025 246.107
32220000 161.075 278.241
32230000 161.125 306.232
32240000 161.175 272.606
32250000 161.225 174.31
32260000 161.275 242.055
32270000 161.325 182.678
32280000 161.375 278.746
32290000 161.425 215.149
32300000 161.475 298.232
32310000 161.525 291.1
32320000 161.575 287.573
32330000 161.625 289.133
32340000 161.675 256.933
32350000 161.725 269.08
32360000 161.775 231.918
32370000 161.825 293.744
32380000 161.875 332.191
32390000 161.925 355.617
32400000 161.975 283.771
32410000 162.025 295.169
32420000 162.075 328.488
32430000 162.125 321.434
32440000 162.175 266.93
32450000 162.225 254.518
32460000 162.275 323.236
32470000 162.325 328.986
32480000 162.375 339.8
32490000 162.425 315.754
32500000 162.475 292.354
32510000 162.525 301.066
32520000 162.575 271.964
32530000 162.625 228.331
32540000 162.675 146.011
32550000 162.725 182.875
32560000 162.775 224.22
32570000 162.825 185.301
32580000 162.875 200.07
32590000 162.925 302.03
32600000 162.975 183.335
32610000 163.025 224.278
32620000 163.075 341.197
32630000 163.125 313.413
32640000 163.175 224.896
32650000 163.225 287.091
32660000 163.275 305.317
32670000 163.325 363.586
32680000 163.375 340.355
32690000 163.425 355.141
32700000 163.475 288.509
32710000 163.525 303.452
32720000 163.575 322.97
32730000 163.625 376.502
32740000 163.675 399.162
32750000 163.725 349.017
32760000 163.775 322.2
32770000 163.825 288.362
32780000 163.875 350.637
32790000 163.925 358.06
32800000 163.975 309.475
32810000 164.025 292.106
32820000 164.075 207.308
32830000 164.125 261.175
32840000 164.175 224.764
32850000 164.225 304.258
32860000 164.275 243.061
32870000 164.325 268.911
32880000 164.375 230.194
32890000 164.425 225.344
32900000 164.475 262.616
32910000 164.525 296.991
32920000 164.575 245.829
32930000 164.625 244.075
32940000 164.675 323.779
32950000 164.725 309.966
32960000 164.775 390.085
32970000 164.825 448.506
32980000 164.875 306.795
32990000 164.925 267.267
33000000 164.975 240.901
33010000 165.025 232.715
33020000 165.075 224.347
33030000 165.125 260.649
33040000 165.175 230.274
33050000 165.225 239.632
33060000 165.275 215.15
33070000 165.325 258.689
33080000 165.375 240.088
33090000 165.425 264.351
33100000 165.475 322.643
33110000 165.525 331.666
33120000 165.575 310.798
33130000 165.625 368.622
33140000 165.675 290.852
33150000 165.725 289.271
33160000 165.775 261.804
33170000 165.825 235.947
33180000 165.875 266.118
33190000 165.925 299.436
33200000 165.975 319.294
33210000 166.025 225.652
33220000 166.075 227.684
33230000 166.125 312.917
33240000 166.175 378.073
33250000 166.225 348.168
33260000 166.275 240.567
33270000 166.325 264.683
33280000 166.375 212.574
33290000 166.425 140.664
33300000 166.475 207.259
33310000 166.525 243.598
33320000 166.575 244.987
33330000 166.625 239.199
33340000 166.675 339.807
33350000 166.725 347.182
33360000 166.775 313.907
33370000 166.825 190.154
33380000 166.875 200.257
33390000 166.925 263.739
33400000 166.975 367.902
33410000 167.025 268.668
33420000 167.075 291.413
33430000 167.125 193.669
33440000 167.175 250.758
33450000 167.225 222.089
33460000 167.275 250.308
33470000 167.325 176.694
33480000 167.375 256.654
33490000 167.425 207.71
33500000 167.475 266.066
33510000 167.525 226.158
33520000 167.575 235.621
33530000 167.625 308.537
33540000 167.675 329.959
33550000 167.725 377.2
33560000 167.775 324.387
33570000 167.825 224.187
33580000 167.875 335.659
33590000 167.925 298.836
33600000 167.975 333.855
33610000 168.025 268.246
33620000 168.075 292.227
33630000 168.125 235.519
33640000 168.175 305.645
33650000 168.225 335.707
33660000 168.275 361.818
33670000 168.325 281.67
33680000 168.375 248.818
33690000 168.425 268.83
33700000 168.475 285.866
33710000 168.525 309.263
33720000 168.575 393.517
33730000 168.625 293.944
33740000 168.675 286.918
33750000 168.725 314.354
33760000 168.775 338.429
33770000 168.825 271.793
33780000 168.875 277.226
33790000 168.925 297.47
33800000 168.975 321.228
33810000 169.025 280.681
33820000 169.075 214.978
33830000 169.125 214.864
33840000 169.175 265.926
33850000 169.225 305.683
33860000 169.275 258.348
33870000 169.325 276.586
33880000 169.375 276.526
33890000 169.425 234.831
33900000 169.475 224.748
33910000 169.525 235.449
33920000 169.575 287.283
33930000 169.625 277.808
33940000 169.675 337.493
33950000 169.725 229.052
33960000 169.775 282.342
33970000 169.825 336.635
33980000 169.875 235.922
33990000 169.925 219.563
34000000 169.975 246.81
34010000 170.025 235.546
34020000 170.075 293.652
34030000 170.125 342.11
34040000 170.175 301.975
34050000 170.225 243.886
34060000 170.275 306.181
34070000 170.325 276.346
34080000 170.375 217.926
34090000 170.425 202.594
34100000 170.475 162.622
34110000 170.525 207.666
34120000 170.575 259.634
34130000 170.625 208.41
34140000 170.675 227.994
34150000 170.725 223.224
34160000 170.775 241.878
34170000 170.825 242.052
34180000 170.875 275.17
34190000 170.925 296.446
34200000 170.975 250.372
34210000 171.025 312.357
34220000 171.075 261.775
34230000 171.125 281.637
34240000 171.175 234.766
34250000 171.225 228.33
34260000 171.275 221.174
34270000 171.325 291.729
34280000 171.375 304.735
34290000 171.425 307.905
34300000 171.475 190.355
34310000 171.525 272.277
34320000 171.575 237.42
34330000 171.625 272.111
34340000 171.675 351.206
34350000 171.725 283.363
34360000 171.775 234.691
34370000 171.825 241.764
34380000 171.875 315.078
34390000 171.925 285.833
34400000 171.975 383.01
34410000 172.025 294.755
34420000 172.075 305.782
34430000 172.125 300.709
34440000 172.175 337.103
34450000 172.225 387.591
34460000 172.275 342.548
34470000 172.325 335.938
34480000 172.375 326.846
34490000 172.425 209.726
34500000 172.475 276.579
34510000 172.525 240.94
34520000 172.575 198.607
34530000 172.625 262.935
34540000 172.675 279.247
34550000 172.725 236.195
34560000 172.775 220.092
34570000 172.825 219.126
34580000 172.875 237.792
34590000 172.925 191.694
34600000 172.975 193.981
34610000 173.025 174.497
34620000 173.075 220.164
34630000 173.125 255.251
34640000 173.175 240.82
34650000 173.225 270.9
34660000 173.275 338.618
34670000 173.325 316.783
34680000 173.375 223.06
34690000 173.425 266.491
34700000 173.475 241.498
34710000 173.525 291.666
34720000 173.575 284.428
34730000 173.625 291.408
34740000 173.675 380.692
34750000 173.725 372.863
34760000 173.775 334.137
34770000 173.825 168.726
34780000 173.875 226.342
34790000 173.925 267.345
34800000 173.975 348.327
34810000 174.025 286.631
34820000 174.075 252.613
34830000 174.125 217.683
34840000 174.175 222.542
34850000 174.225 180.242
34860000 174.275 307.913
34870000 174.325 265.214
34880000 174.375 267.35
34890000 174.425 289.064
34900000 174.475 303.823
34910000 174.525 338.045
34920000 174.575 325.994
34930000 174.625 311.341
34940000 174.675 234.842
34950000 174.725 258.767
34960000 174.775 227.083
34970000 174.825 353.394
34980000 174.875 284.408
34990000 174.925 213.241
35000000 174.975 229.375
35010000 175.025 227.146
35020000 175.075 280.741
35030000 175.125 225.428
35040000 175.175 318.778
35050000 175.225 270.624
35060000 175.275 280.362
35070000 175.325 235.69
35080000 175.375 216.554
35090000 175.425 263.18
35100000 175.475 255.795
35110000 175.525 255.848
35120000 175.575 223.671
35130000 175.625 169.582
35140000 175.675 182.482
35150000 175.725 244.683
35160000 175.775 295.136
35170000 175.825 323.97
35180000 175.875 279.892
35190000 175.925 285.096
35200000 175.975 236.983
35210000 176.025 308.933
35220000 176.075 324.229
35230000 176.125 397.531
35240000 176.175 242.931
35250000 176.225 284.748
35260000 176.275 315.846
35270000 176.325 284.706
35280000 176.375 262.498
35290000 176.425 285.595
35300000 176.475 299.528
35310000 176.525 283.758
35320000 176.575 276.409
35330000 176.625 228.117
35340000 176.675 179.756
35350000 176.725 217.836
35360000 176.775 239.298
35370000 176.825 213.172
35380000 176.875 249.548
35390000 176.925 344.492
35400000 176.975 255.252
35410000 177.025 302.861
35420000 177.075 271.642
35430000 177.125 274.73
35440000 177.175 342.862
35450000 177.225 301.856
35460000 177.275 286.427
35470000 177.325 273.986
35480000 177.375 304.318
35490000 177.425 251.989
35500000 177.475 265.415
35510000 177.525 256.716
35520000 177.575 206.775
35530000 177.625 162.228
35540000 177.675 181.628
35550000 177.725 276.071
35560000 177.775 323.92
35570000 177.825 231.707
35580000 177.875 243.575
35590000 177.925 306.456
35600000 177.975 124.567
35610000 178.025 220.642
35620000 178.075 197.424
35630000 178.125 230.785
35640000 178.175 258.402
35650000 178.225 220.258
35660000 178.275 231.987
35670000 178.325 258.089
35680000 178.375 236.218
35690000 178.425 212.876
35700000 178.475 208.845
35710000 178.525 178.824
35720000 178.575 240.787
35730000 178.625 323.552
35740000 178.675 293.363
35750000 178.725 320.964
35760000 178.775 208.855
35770000 178.825 256.572
35780000 178.875 331.516
35790000 178.925 299.543
35800000 178.975 292.91
35810000 179.025 246.08
35820000 179.075 327.404
35830000 179.125 344.126
35840000 179.175 363.153
35850000 179.225 269.76
35860000 179.275 254.839
35870000 179.325 233.747
35880000 179.375 310.05
35890000 179.425 324.897
35900000 179.475 248.933
35910000 179.525 300.536
35920000 179.575 331.081
35930000 179.625 248.867
35940000 179.675 261.489
35950000 179.725 315.228
35960000 179.775 287.964
35970000 179.825 266.665
35980000 179.875 234.926
35990000 179.925 226.527
36000000 179.975 221.19
36010000 180.025 263.633
36020000 180.075 329.753
36030000 180.125 305.419
36040000 180.175 263.385
36050000 180.225 294.33
36060000 180.275 291.417
36070000 180.325 295.398
36080000 180.375 303.668
36090000 180.425 275.877
36100000 180.475 334.333
36110000 180.525 272.283
36120000 180.575 258.969
36130000 180.625 278.689
36140000 180.675 337.285
36150000 180.725 231.736
36160000 180.775 256.773
36170000 180.825 318.31
36180000 180.875 254.056
36190000 180.925 237.361
36200000 180.975 223.899
36210000 181.025 196.119
36220000 181.075 241.396
36230000 181.125 260.486
36240000 181.175 244.918
36250000 181.225 271.38
36260000 181.275 238.979
36270000 181.325 219.871
36280000 181.375 127.066
36290000 181.425 205.61
36300000 181.475 314.66
36310000 181.525 271.634
36320000 181.575 266.178
36330000 181.625 264.552
36340000 181.675 278.209
36350000 181.725 198.49
36360000 181.775 189.175
36370000 181.825 209.784
36380000 181.875 209.853
36390000 181.925 272.663
36400000 181.975 242.832
36410000 182.025 233.745
36420000 182.075 227.598
36430000 182.125 318.377
36440000 182.175 384.916
36450000 182.225 208.315
36460000 182.275 348.27
36470000 182.325 349.774
36480000 182.375 261.917
36490000 182.425 323.082
36500000 182.475 247.946
36510000 182.525 187.4
36520000 182.575 208.699
36530000 182.625 292.476
36540000 182.675 332.236
36550000 182.725 313.847
36560000 182.775 332.639
36570000 182.825 291.453
36580000 182.875 202.288
36590000 182.925 284.251
36600000 182.975 275.956
36610000 183.025 244.062
36620000 183.075 268.372
36630000 183.125 293.174
36640000 183.175 239.593
36650000 183.225 110.955
36660000 183.275 251.628
36670000 183.325 342.013
36680000 183.375 270.412
36690000 183.425 209.218
36700000 183.475 318.434
36710000 183.525 352.398
36720000 183.575 289.104
36730000 183.625 281.655
36740000 183.675 306.052
36750000 183.725 265.098
36760000 183.775 244.979
36770000 183.825 182.385
36780000 183.875 287.672
36790000 183.925 435.19
36800000 183.975 457.694
36810000 184.025 259.52
36820000 184.075 247.586
36830000 184.125 297.87
36840000 184.175 292.48
36850000 184.225 270.252
36860000 184.275 281.682
36870000 184.325 256.247
36880000 184.375 261.904
36890000 184.425 228.413
36900000 184.475 227.594
36910000 184.525 290.716
36920000 184.575 245.013
36930000 184.625 298.578
36940000 184.675 222.897
36950000 184.725 246.109
36960000 184.775 247.974
36970000 184.825 273.087
36980000 184.875 308.422
36990000 184.925 304.124
37000000 184.975 285.062
37010000 185.025 240.507
37020000 185.075 289.144
37030000 185.125 250.827
37040000 185.175 281.668
37050000 185.225 227.458
37060000 185.275 301.413
37070000 185.325 184.36
37080000 185.375 241.001
37090000 185.425 336.712
37100000 185.475 250.524
37110000 185.525 279.666
37120000 185.575 299.47
37130000 185.625 201.121
37140000 185.675 236.882
37150000 185.725 286.575
37160000 185.775 295.33
37170000 185.825 304.871
37180000 185.875 218.586
37190000 185.925 244.914
37200000 185.975 308.418
37210000 186.025 273.204
37220000 186.075 222.179
37230000 186.125 285.476
37240000 186.175 216.614
37250000 186.225 248.341
37260000 186.275 240.371
37270000 186.325 292.188
37280000 186.375 264.054
37290000 186.425 229.306
37300000 186.475 274.993
37310000 186.525 330.954
37320000 186.575 286.419
37330000 186.625 338.62
37340000 186.675 186.105
37350000 186.725 203.433
37360000 186.775 150.488
37370000 186.825 166.543
37380000 186.875 253.185
37390000 186.925 244.073
37400000 186.975 312.725
37410000 187.025 314.667
37420000 187.075 362.773
37430000 187.125 348.817
37440000 187.175 366.006
37450000 187.225 299.317
37460000 187.275 291.407
37470000 187.325 340.831
37480000 187.375 430.198
37490000 187.425 210.931
37500000 187.475 209.422
37510000 187.525 255.966
37520000 187.575 167.645
37530000 187.625 261.905
37540000 187.675 277.519
37550000 187.725 202.857
37560000 187.775 215.514
37570000 187.825 280.84
37580000 187.875 220.011
37590000 187.925 219.521
37600000 187.975 233.563
37610000 188.025 238.41
37620000 188.075 242.453
37630000 188.125 216.135
37640000 188.175 251.149
37650000 188.225 197.138
37660000 188.275 253.41
37670000 188.325 243.107
37680000 188.375 229.607
37690000 188.425 206.533
37700000 188.475 291.259
37710000 188.525 179.867
37720000 188.575 274.551
37730000 188.625 316.377
37740000 188.675 248.886
37750000 188.725 288.226
37760000 188.775 289.564
37770000 188.825 282.627
37780000 188.875 268.832
37790000 188.925 287.851
37800000 188.975 249.246
37810000 189.025 203.906
37820000 189.075 219.43
37830000 189.125 193.549
37840000 189.175 197.158
37850000 189.225 266.059
37860000 189.275 297.5
37870000 189.325 231.034
37880000 189.375 261.149
37890000 189.425 338.746
37900000 189.475 243.122
37910000 189.525 227.924
37920000 189.575 355.184
37930000 189.625 263.878
37940000 189.675 282.922
37950000 189.725 314.78
37960000 189.775 335.189
37970000 189.825 410.324
37980000 189.875 384.689
37990000 189.925 360.7
38000000 189.975 315.961
38010000 190.025 252.731
38020000 190.075 382.801
38030000 190.125 413.798
38040000 190.175 272.215
38050000 190.225 263.161
38060000 190.275 300.774
38070000 190.325 320.253
38080000 190.375 319.075
38090000 190.425 321.111
38100000 190.475 268.286
38110000 190.525 347.962
38120000 190.575 303.858
38130000 190.625 322.26
38140000 190.675 331.939
38150000 190.725 276.319
38160000 190.775 256.292
38170000 190.825 319.075
38180000 190.875 255.176
38190000 190.925 305.998
38200000 190.975 340.943
38210000 191.025 294.827
38220000 191.075 292.681
38230000 191.125 265.237
38240000 191.175 293.067
38250000 191.225 308.524
38260000 191.275 326.501
38270000 191.325 265.304
38280000 191.375 239.294
38290000 191.425 224.884
38300000 191.475 220.216
38310000 191.525 270.369
38320000 191.575 248.982
38330000 191.625 296.34
38340000 191.675 267.201
38350000 191.725 260.905
38360000 191.775 132.282
38370000 191.825 186.982
38380000 191.875 312.515
38390000 191.925 190.29
38400000 191.975 220.011
38410000 192.025 185.695
38420000 192.075 237.279
38430000 192.125 267.215
38440000 192.175 301.264
38450000 192.225 322.535
38460000 192.275 318.92
38470000 192.325 245.611
38480000 192.375 358.042
38490000 192.425 309.095
38500000 192.475 328.814
38510000 192.525 301.544
38520000 192.575 300.232
38530000 192.625 227.961
38540000 192.675 202.579
38550000 192.725 225.145
38560000 192.775 269.136
38570000 192.825 212.911
38580000 192.875 195.106
38590000 192.925 326.104
38600000 192.975 302.47
38610000 193.025 286.64
38620000 193.075 280.557
38630000 193.125 221.777
38640000 193.175 310.634
38650000 193.225 360.93
38660000 193.275 323.661
38670000 193.325 270.908
38680000 193.375 346.766
38690000 193.425 354.096
38700000 193.475 288.983
38710000 193.525 270.14
38720000 193.575 244.938
38730000 193.625 246.576
38740000 193.675 273.245
38750000 193.725 306.351
38760000 193.775 287.98
38770000 193.825 281.513
38780000 193.875 268.786
38790000 193.925 250.864
38800000 193.975 200.631
38810000 194.025 221.182
38820000 194.075 264.053
38830000 194.125 320.323
38840000 194.175 330.195
38850000 194.225 301.795
38860000 194.275 389.169
38870000 194.325 271.713
38880000 194.375 317.506
38890000 194.425 385.107
38900000 194.475 302.264
38910000 194.525 347.353
38920000 194.575 301.918
38930000 194.625 305.336
38940000 194.675 180.459
38950000 194.725 217.392
38960000 194.775 327.284
38970000 194.825 371.098
38980000 194.875 253.531
38990000 194.925 237.554
39000000 194.975 300.73
39010000 195.025 274.745
39020000 195.075 292.416
39030000 195.125 355.406
39040000 195.175 223.068
39050000 195.225 273.849
39060000 195.275 326.478
39070000 195.325 303.398
39080000 195.375 266.486
39090000 195.425 245.299
39100000 195.475 176.791
39110000 195.525 273.041
39120000 195.575 354.198
39130000 195.625 272.738
39140000 195.675 157.33
39150000 195.725 205.221
39160000 195.775 253.845
39170000 195.825 243.325
39180000 195.875 248.18
39190000 195.925 320.545
39200000 195.975 268.368
39210000 196.025 278.076
39220000 196.075 362.274
39230000 196.125 289.205
39240000 196.175 329.767
39250000 196.225 437.532
39260000 196.275 317.172
39270000 196.325 213.952
39280000 196.375 336.385
39290000 196.425 310.299
39300000 196.475 327.628
39310000 196.525 332.72
39320000 196.575 261.851
39330000 196.625 254.786
39340000 196.675 235.017
39350000 196.725 231.192
39360000 196.775 180.089
39370000 196.825 202.026
39380000 196.875 205.951
39390000 196.925 194.43
39400000 196.975 309.669
39410000 197.025 319.79
39420000 197.075 237.417
39430000 197.125 278.766
39440000 197.175 353.574
39450000 197.225 242.729
39460000 197.275 276.098
39470000 197.325 289.179
39480000 197.375 237.421
39490000 197.425 274.949
39500000 197.475 224.215
39510000 197.525 195.554
39520000 197.575 289.452
39530000 197.625 267.735
39540000 197.675 283.576
39550000 197.725 272.513
39560000 197.775 276.291
39570000 197.825 278.32
39580000 197.875 323.753
39590000 197.925 274.9
39600000 197.975 270.634
39610000 198.025 318.546
39620000 198.075 361.19
39630000 198.125 310.413
39640000 198.175 230.97
39650000 198.225 231.517
39660000 198.275 266.933
39670000 198.325 155.74
39680000 198.375 222.01
39690000 198.425 235.248
39700000 198.475 314.947
39710000 198.525 292.129
39720000 198.575 310.246
39730000 198.625 251.338
39740000 198.675 249.914
39750000 198.725 343.873
39760000 198.775 337.689
39770000 198.825 254.184
39780000 198.875 264.742
39790000 198.925 257.401
39800000 198.975 358.89
39810000 199.025 266.267
39820000 199.075 317.01
39830000 199.125 291.685
39840000 199.175 323.41
39850000 199.225 253.52
39860000 199.275 305.445
39870000 199.325 236.862
39880000 199.375 245.916
39890000 199.425 264.134
39900000 199.475 293.304
39910000 199.525 319.278
39920000 199.575 357.162
39930000 199.625 317.858
39940000 199.675 179.907
39950000 199.725 332.642
39960000 199.775 319.306
39970000 199.825 333.043
39980000 199.875 334.838
39990000 199.925 300.46
40000000 199.975 324.946
40010000 200.025 339.79
40020000 200.075 289.358
40030000 200.125 215.8
40040000 200.175 242.592
40050000 200.225 270.315
40060000 200.275 322.806
40070000 200.325 278.179
40080000 200.375 273.077
40090000 200.425 225.628
40100000 200.475 247.694
40110000 200.525 261.633
40120000 200.575 229.65
40130000 200.625 359.392
40140000 200.675 328.256
40150000 200.725 312.314
40160000 200.775 304.225
40170000 200.825 319.416
40180000 200.875 304.587
40190000 200.925 245.884
40200000 200.975 301.158
40210000 201.025 229.877
40220000 201.075 308.783
40230000 201.125 307.37
40240000 201.175 304.195
40250000 201.225 352.297
40260000 201.275 292.64
40270000 201.325 288.629
40280000 201.375 306.897
40290000 201.425 328.213
40300000 201.475 250.034
40310000 201.525 257.849
40320000 201.575 219.571
40330000 201.625 248.571
40340000 201.675 259.01
40350000 201.725 230.438
40360000 201.775 309.684
40370000 201.825 259.265
40380000 201.875 267.379
40390000 201.925 276.97
40400000 201.975 246.796
40410000 202.025 194.737
40420000 202.075 201.113
40430000 202.125 283.055
40440000 202.175 250.086
40450000 202.225 258.736
40460000 202.275 294.967
40470000 202.325 321.218
40480000 202.375 263.81
40490000 202.425 334.699
40500000 202.475 329.17
40510000 202.525 346.24
40520000 202.575 278.834
40530000 202.625 347.21
40540000 202.675 354.141
40550000 202.725 319.643
40560000 202.775 342.932
40570000 202.825 301.698
40580000 202.875 279.799
40590000 202.925 251.003
40600000 202.975 290.687
