20010000 100.025 -3.55303 164.975 67.4052
20020000 100.075 62.2118 244.612 92.4754
20030000 100.125 19.3379 140.936 48.487
20040000 100.175 -67.8359 218.14 18.5573
20050000 100.225 81.8335 313.863 210.209
20060000 100.275 -2.69958 150.342 170.605
20070000 100.325 32.4533 244.975 257.333
20080000 100.375 -132.148 189.612 12.4229
20090000 100.425 -78.2796 179.272 126.282
20100000 100.475 149.767 337.326 249.885
20110000 100.525 -29.255 412.419 283.579
20120000 100.575 -206.538 141.289 -31.385
20130000 100.625 73.2034 416.692 223.134
20140000 100.675 -109.506 226.601 53.1298
20150000 100.725 34.8831 278.103 276.752
20160000 100.775 -38.9544 290.028 108.219
20170000 100.825 26.032 292.55 104.613
20180000 100.875 -72.519 355.826 244.91
20190000 100.925 -31.439 357.862 225.187
20200000 100.975 -6.04425 198.959 189.748
20210000 101.025 17.3295 272.32 266.404
20220000 101.075 -70.9519 147.945 150.604
20230000 101.125 -125.144 152.642 90.1828
20240000 101.175 -97.705 257.789 210.981
20250000 101.225 72.3803 308.198 308.595
20260000 101.275 -98.1962 95.8237 72.8826
20270000 101.325 56.7813 322.363 279.47
20280000 101.375 2.88034 354.048 221.996
20290000 101.425 -137.84 282.919 237.794
20300000 101.475 -83.3545 347.341 221.223
20310000 101.525 -201.772 141.588 85.625
20320000 101.575 -147.608 151.761 155.418
20330000 101.625 -121.306 221.212 79.6572
20340000 101.675 -177.263 286.554 9.94374
20350000 101.725 -58.3834 325.44 229.292
20360000 101.775 45.06 329.549 334.337
20370000 101.825 -45.7681 338.896 176.812
20380000 101.875 34.483 354.944 272.427
20390000 101.925 -74.5639 266.671 108.291
20400000 101.975 18.4333 271.004 173.071
20410000 102.025 -77.2802 215.742 105.994
20420000 102.075 -214.682 144.434 23.6964
20430000 102.125 127.946 384.654 419.886
20440000 102.175 -43.2505 196.836 167.994
20450000 102.225 64.7305 347.537 281.244
20460000 102.275 -63.7182 230.901 178.757
20470000 102.325 23.605 149.353 148.221
20480000 102.375 -71.4935 126.791 96.0468
20490000 102.425 -133.161 242.464 142.091
20500000 102.475 -213.577 157.668 3.56585
20510000 102.525 -118.306 405.397 83.5608
20520000 102.575 -152.092 285.56 213.14
20530000 102.625 42.4288 240.215 170.425
20540000 102.675 40.1434 350.648 197.009
20550000 102.725 8.42084 334.183 243.892
20560000 102.775 -231.03 102.3 10.3272
20570000 102.825 25.0394 256.282 76.7869
20580000 102.875 86.1758 313.29 185.99
20590000 102.925 226.766 412.823 330.536
20600000 102.975 74.1274 329.674 200.25
20610000 103.025 68.2368 320.361 257.234
20620000 103.075 78.6583 231.261 184.9
20630000 103.125 -10.3324 224.836 68.3202
20640000 103.175 -89.5931 95.5374 12.0834
20650000 103.225 -5.77997 180.41 56.3587
20660000 103.275 129.459 340.109 223.772
20670000 103.325 -30.2085 208.394 172.685
20680000 103.375 233.593 242.23 246.78
20690000 103.425 33.9565 237.531 129.74
20700000 103.475 28.1802 298.242 99.6271
20710000 103.525 -36.5742 212.555 126.373
20720000 103.575 53.1665 133.662 166.323
20730000 103.625 14.9446 209.571 209.776
20740000 103.675 -75.1183 161.208 176.907
20750000 103.725 -83.6911 198.112 91.3411
20760000 103.775 139.658 252.572 148.562
20770000 103.825 131.232 348.916 251.833
20780000 103.875 91.6499 224.061 130.817
20790000 103.925 -38.55 171.201 193.537
20800000 103.975 151.946 276.434 208.839
20810000 104.025 -48.4926 254.833 66.432
20820000 104.075 33.0146 351.243 120.042
20830000 104.125 -2.80902 294.679 107.669
20840000 104.175 -6.59764 199.911 230.709
20850000 104.225 -67.5083 330.174 219.859
20860000 104.275 100.759 211.1 91.444
20870000 104.325 -19.4446 156.813 95.8417
20880000 104.375 132.086 234.851 213.446
20890000 104.425 156.448 203.666 277.528
20900000 104.475 160.076 313.661 323.739
20910000 104.525 -36.3663 166.539 25.8421
20920000 104.575 -6.68098 220.6 205.277
20930000 104.625 -18.2108 211.997 119.008
20940000 104.675 -84.409 190.364 54.7666
20950000 104.725 -191.103 163.313 -73.3955
20960000 104.775 89.9554 329.94 244.119
20970000 104.825 -56.239 135.613 130.399
20980000 104.875 -60.1541 190.916 -15.9017
20990000 104.925 66.2887 284.64 164.057
21000000 104.975 20.5766 201.567 69.743
21010000 105.025 129.578 328.017 220.297
21020000 105.075 -116.14 100.364 54.6985
21030000 105.125 -20.5335 248.266 150.022
21040000 105.175 -70.9825 191.672 179.27
21050000 105.225 -141.087 137.117 42.5174
21060000 105.275 143.449 440.83 216.477
21070000 105.325 5.48352 313.212 189.055
21080000 105.375 -24.966 165.943 183.915
21090000 105.425 89.6762 293.979 191.68
21100000 105.475 -7.07836 205.479 215.662
21110000 105.525 -112.179 122.47 119.377
21120000 105.575 78.4673 240.833 140.776
21130000 105.625 -87.482 110.596 0.457535
21140000 105.675 77.6249 273.447 190.029
21150000 105.725 197.261 293.525 258.779
21160000 105.775 -51.5716 154.407 225.892
21170000 105.825 -182.19 141.307 104.655
21180000 105.875 -224.372 -11.4219 -33.0713
21190000 105.925 -101.308 191.838 131.399
21200000 105.975 -107.484 67.8716 218.679
21210000 106.025 -96.8965 287.261 262.703
21220000 106.075 -71.7973 195.841 254.215
21230000 106.125 -144.604 217.201 229.05
21240000 106.175 -66.5688 266.824 217.723
21250000 106.225 -124.468 224.438 131.511
21260000 106.275 -152.732 146.351 69.1792
21270000 106.325 -110.78 210.672 201.843
21280000 106.375 -126.628 56.1202 120.914
21290000 106.425 -1.63718 158.265 142.78
21300000 106.475 116.052 283.103 184.055
21310000 106.525 -170.258 85.889 42.5778
21320000 106.575 -1.04963 252.212 238.361
21330000 106.625 21.3579 205.606 23.0956
21340000 106.675 138.887 402.835 195.944
21350000 106.725 46.2746 295.204 144.531
21360000 106.775 33.9586 218.277 152.634
21370000 106.825 34.4866 378.694 244.549
21380000 106.875 -31.3186 146.215 23.1926
21390000 106.925 -125.546 209.88 114.972
21400000 106.975 -93.8377 212.352 170.517
21410000 107.025 67.7202 222.31 32.4093
21420000 107.075 167.658 258.873 27.4055
21430000 107.125 90.0101 275.458 75.101
21440000 107.175 49.3888 257.934 250.349
21450000 107.225 44.2412 261.06 242.656
21460000 107.275 82.0878 202.499 103.899
21470000 107.325 165.842 439.855 194.624
21480000 107.375 -79.2269 75.4758 1.83297
21490000 107.425 135.265 269.976 87.4389
21500000 107.475 -85.4784 157.997 -121.465
21510000 107.525 -10.5658 215.823 76.1257
21520000 107.575 28.5888 243.787 234.139
21530000 107.625 2.52101 165.531 156.297
21540000 107.675 -136.805 129.017 150.318
21550000 107.725 -136.588 322.394 182.613
21560000 107.775 -62.9577 143.554 130.64
21570000 107.825 -311.606 210.162 58.1548
21580000 107.875 -87.2559 258.918 185.761
21590000 107.925 -64.3357 129.943 31.7429
21600000 107.975 -76.2213 235.359 64.8099
21610000 108.025 122.779 388.137 239.648
21620000 108.075 82.8787 350.023 259.695
21630000 108.125 248.768 290.953 322.943
21640000 108.175 89.8786 392.33 225.694
21650000 108.225 8.65047 288.035 102.194
21660000 108.275 129.144 262.239 131.393
21670000 108.325 37.7932 278.061 179.735
21680000 108.375 -50.1318 163.914 -116.626
21690000 108.425 132.733 186.254 96.2268
21700000 108.475 -49.8934 133.484 -20.0035
21710000 108.525 249.073 394.711 299.686
21720000 108.575 60.7875 143.066 22.3284
21730000 108.625 199.228 297.851 299.722
21740000 108.675 47.8627 278.177 278.366
21750000 108.725 9.35864 113.074 108.679
21760000 108.775 86.4782 324.244 266.27
21770000 108.825 -1.64463 166.387 -3.62651
21780000 108.875 84.8115 259.6 -4.37211
21790000 108.925 114.664 290.403 78.407
21800000 108.975 66.065 275.797 121.685
21810000 109.025 -89.5243 107.566 -12.4956
21820000 109.075 -55.5265 198.287 65.1612
21830000 109.125 -82.2165 168.719 66.6042
21840000 109.175 -111.314 104.057 86.9324
21850000 109.225 -165.455 63.1881 -18.3237
21860000 109.275 13.8627 183.244 103.534
21870000 109.325 91.6458 280.999 83.4777
21880000 109.375 67.0416 172.794 115.691
21890000 109.425 16.4971 249.692 200.282
21900000 109.475 -69.9639 179.381 221.231
21910000 109.525 -42.9991 122.649 -45.7588
21920000 109.575 -50.3742 248.362 182.658
21930000 109.625 83.3664 233.059 198.31
21940000 109.675 -54.0937 129.135 53.8857
21950000 109.725 27.8396 242.41 157.824
21960000 109.775 -162.871 41.0165 120.948
21970000 109.825 34.9515 147.112 197.09
21980000 109.875 -54.619 208.426 172.494
21990000 109.925 137.627 239.726 189.418
22000000 109.975 -37.4563 191.436 135.585
22010000 110.025 -54.247 271.614 193.842
22020000 110.075 132.618 298.773 116.157
22030000 110.125 -100.282 187.931 57.9314
22040000 110.175 -95.5871 105.193 156.544
22050000 110.225 -119.779 106.746 1.2752
22060000 110.275 -102.579 137.688 93.0924
22070000 110.325 -33.9985 222.664 204.243
22080000 110.375 -39.9931 207.604 198.94
22090000 110.425 -23.1279 126.335 215.197
22100000 110.475 -26.2179 117.337 235.29
22110000 110.525 -90.2319 187.063 87.4789
22120000 110.575 -87.2645 217.435 262.938
22130000 110.625 -12.5313 170.842 142.904
22140000 110.675 -61.0515 124.966 188.426
22150000 110.725 -17.8537 249.081 183.07
22160000 110.775 -227.781 234.988 58.9073
22170000 110.825 -173.233 233.748 120.001
22180000 110.875 -177.963 207.639 168.545
22190000 110.925 -161.346 177.248 -19.526
22200000 110.975 74.0052 260.907 238.678
22210000 111.025 -94.0593 160.96 158.9
22220000 111.075 17.5865 321.45 173.16
22230000 111.125 65.618 237.313 163.932
22240000 111.175 157.731 321.464 309.024
22250000 111.225 -69.8225 185.924 144.471
22260000 111.275 -92.7192 286.151 247.479
22270000 111.325 -104.558 222.133 142.312
22280000 111.375 43.4454 262.01 164.071
22290000 111.425 -29.684 211.446 176.556
22300000 111.475 -11.463 274.901 154.569
22310000 111.525 31.9869 184.122 118.162
22320000 111.575 39.117 103.706 101.431
22330000 111.625 -89.7624 108.405 224.083
22340000 111.675 159.34 108.594 102.675
22350000 111.725 23.7055 49.016 13.8166
22360000 111.775 26.9783 -15.2386 6.74103
22370000 111.825 7.59235 152.244 176.556
22380000 111.875 -166.509 93.2368 37.1641
22390000 111.925 190.477 241.788 203.401
22400000 111.975 -187.011 77.28 88.7535
22410000 112.025 -60.5584 114.624 64.563
22420000 112.075 9.08427 96.6857 33.9442
22430000 112.125 -10.9785 215.668 154.191
22440000 112.175 10.4905 214.91 89.8532
22450000 112.225 -44.3803 100.455 111.382
22460000 112.275 -66.7882 201.131 118.325
22470000 112.325 -181.266 124.892 -11.39
22480000 112.375 -48.9388 259.616 148.673
22490000 112.425 -56.6353 261.838 33.9316
22500000 112.475 1.5623 209.757 138.642
22510000 112.525 73.0469 303.138 287.947
22520000 112.575 -131.778 164.382 180.109
22530000 112.625 -58.8526 169.39 177.65
22540000 112.675 -33.7949 195.668 271.188
22550000 112.725 -61.9964 166.407 65.6534
22560000 112.775 -30.413 249.303 239.817
22570000 112.825 -54.1972 268.445 221.051
22580000 112.875 -71.5986 116.634 118.156
22590000 112.925 -88.1529 -24.7073 103.579
22600000 112.975 22.8333 169.386 215.574
22610000 113.025 48.3575 230.377 251.377
22620000 113.075 -128.117 74.3164 79.1982
22630000 113.125 -219.261 238.516 173.164
22640000 113.175 -111.878 93.8749 85.9692
22650000 113.225 -134.95 210.399 147.81
22660000 113.275 -216.848 116.897 49.6222
22670000 113.325 -66.1224 223.171 112.574
22680000 113.375 -236.623 175.387 120.245
22690000 113.425 121.117 377.613 244.751
22700000 113.475 -70.0823 223.933 -16.9016
22710000 113.525 84.0541 223.813 253.976
22720000 113.575 102.304 262.572 300.37
22730000 113.625 217.916 222.671 281.651
22740000 113.675 -55.4811 217.595 184.2
22750000 113.725 59.9845 320.635 301.137
22760000 113.775 -63.4285 195.318 96.9565
22770000 113.825 -243.589 162.797 128.34
22780000 113.875 -232.085 149.933 49.314
22790000 113.925 -164.39 99.3798 99.5804
22800000 113.975 -19.1022 308.006 169.022
22810000 114.025 -20.0032 195.13 -11.1488
22820000 114.075 -242.415 208.519 10.5759
22830000 114.125 -135.26 316.658 62.0975
22840000 114.175 106.822 454.57 159.268
22850000 114.225 18.9555 255.181 172.394
22860000 114.275 177.703 349.202 256.332
22870000 114.325 -155.887 96.1692 28.6819
22880000 114.375 -86.9342 246.884 142.951
22890000 114.425 -18.0381 312.12 179.873
22900000 114.475 -46.8412 215.124 95.6905
22910000 114.525 42.5522 93.3407 161.454
22920000 114.575 143.652 116.102 187.092
22930000 114.625 -66.279 73.9288 131.249
22940000 114.675 -224.508 16.1153 -21.9115
22950000 114.725 -118.353 130.59 84.3418
22960000 114.775 -43.9073 143.448 171.499
22970000 114.825 66.1501 361.507 238.113
22980000 114.875 -209.486 189.104 138.344
22990000 114.925 54.4576 190.462 122.577
23000000 114.975 -162.762 80.3332 66.4821
23010000 115.025 -57.9506 202.213 83.1113
23020000 115.075 -97.922 186.57 265.218
23030000 115.125 -77.1145 166.982 181.731
23040000 115.175 25.5837 211.916 225.804
23050000 115.225 -134.808 68.466 -48.7307
23060000 115.275 -63.2451 143.462 15.0277
23070000 115.325 12.6079 149.446 50.0555
23080000 115.375 -18.0143 189.389 179.124
23090000 115.425 10.3038 284.652 247.521
23100000 115.475 -192.579 241.015 94.6834
23110000 115.525 -85.7467 246.984 240.759
23120000 115.575 -72.6448 250.113 213.107
23130000 115.625 -161.907 170.962 121.587
23140000 115.675 86.8023 350.333 258.375
23150000 115.725 1.30643 224.629 30.1864
23160000 115.775 28.8119 331.125 166.6
23170000 115.825 -167.858 115.463 2.94568
23180000 115.875 74.5858 268.374 196.014
23190000 115.925 -66.2269 200.783 6.89479
23200000 115.975 -68.9693 395.814 164.542
23210000 116.025 51.4489 292.694 249.445
23220000 116.075 -213.091 214.548 105.195
23230000 116.125 -152.543 212.671 55.2332
23240000 116.175 84.9016 333.12 195.561
23250000 116.225 -160.752 198.338 28.6782
23260000 116.275 -76.2872 202.791 16.9003
23270000 116.325 -86.2606 173.724 29.9534
23280000 116.375 -43.8432 260.715 254.88
23290000 116.425 16.1368 245.681 275.77
23300000 116.475 -106.985 93.4269 64.6508
23310000 116.525 -90.3804 302.194 153.139
23320000 116.575 39.9418 319.72 189.611
23330000 116.625 -144.554 163.995 82.9211
23340000 116.675 4.40142 237.691 146.016
23350000 116.725 -144.627 250.313 182.93
23360000 116.775 -107.71 133.729 176.444
23370000 116.825 -88.2499 231.725 165.826
23380000 116.875 -102.186 178.03 197.193
23390000 116.925 -133.076 112.59 50.7854
23400000 116.975 -81.6594 255.938 132.161
23410000 117.025 71.724 313.634 219.394
23420000 117.075 -45.6665 273.889 192.393
23430000 117.125 19.2313 327.837 222.978
23440000 117.175 -27.3542 201.447 255.75
23450000 117.225 -181.29 173.377 102.718
23460000 117.275 69.0992 341.73 235.099
23470000 117.325 -15.092 151.835 152.223
23480000 117.375 -5.93557 216.276 258.218
23490000 117.425 74.5699 333.202 170.435
23500000 117.475 -56.5126 336.566 217.177
23510000 117.525 -195.505 193.001 119.673
23520000 117.575 -11.9081 269.314 207.629
23530000 117.625 -64.2214 177.844 110.312
23540000 117.675 -54.1312 132.384 185.749
23550000 117.725 -44.1069 141.894 218.456
23560000 117.775 36.1031 208.277 246.759
23570000 117.825 56.0156 167.679 159.646
23580000 117.875 -96.6201 231.651 113.772
23590000 117.925 -55.0656 170.26 264.556
23600000 117.975 -348.67 -113.826 -109.577
23610000 118.025 -86.0414 227.043 234.274
23620000 118.075 -218.23 100.658 111.908
23630000 118.125 -130.72 181.026 124.488
23640000 118.175 177.305 415.151 259.455
23650000 118.225 12.3868 263.185 82.8311
23660000 118.275 -56.1034 430.146 138.924
23670000 118.325 -67.1627 316.64 319.338
23680000 118.375 -250.3 86.3854 101.157
23690000 118.425 62.546 235.292 344.959
23700000 118.475 -70.8724 76.5717 101.517
23710000 118.525 -117.361 177.534 107.88
23720000 118.575 -42.0077 223.615 180.825
23730000 118.625 -167.434 23.523 -12.2783
23740000 118.675 -77.4323 219.535 123.744
23750000 118.725 -198.423 253.48 75.0361
23760000 118.775 13.0311 210.699 96.4549
23770000 118.825 -98.2541 113.589 247.273
23780000 118.875 -0.214408 242.341 181.485
23790000 118.925 26.451 320.779 251.339
23800000 118.975 -166.847 170.888 112.11
23810000 119.025 -135.921 297.198 172.76
23820000 119.075 -120.298 332.386 178.532
23830000 119.125 -55.8717 331.081 193.98
23840000 119.175 -156.176 420.193 75.5634
23850000 119.225 -107.906 237.904 129.817
23860000 119.275 -108.74 243.252 109.427
23870000 119.325 28.0983 273.631 213.444
23880000 119.375 -134.769 236.107 83.9804
23890000 119.425 -205.873 198.952 191.071
23900000 119.475 40.3077 232.117 216.402
23910000 119.525 -84.8771 107.965 157.251
23920000 119.575 97.4164 335.907 203.876
23930000 119.625 5.94016 264.686 181.796
23940000 119.675 -88.5338 211.371 -52.4836
23950000 119.725 11.9385 316.494 161.009
23960000 119.775 64.7418 261.32 219.349
23970000 119.825 -134.674 234.407 42.1272
23980000 119.875 -141.755 216.925 100.106
23990000 119.925 30.7256 327.264 236.907
24000000 119.975 69.0274 290.041 239.08
24010000 120.025 178.149 138.298 340.516
24020000 120.075 172.412 145.288 261.416
24030000 120.125 45.1188 183.312 211.009
24040000 120.175 60.1123 110.18 68.8611
24050000 120.225 -109.685 110.378 13.6682
24060000 120.275 -89.6351 91.6302 48.8649
24070000 120.325 -74.0462 226.759 65.7101
24080000 120.375 41.7408 321.624 205.491
24090000 120.425 12.5878 164.509 141.919
24100000 120.475 224.702 236.025 309.441
24110000 120.525 -69.1387 154.042 190.545
24120000 120.575 -130.307 229.048 137.177
24130000 120.625 128.829 197.423 219.327
24140000 120.675 138.334 200.837 127.953
24150000 120.725 -53.5192 209.93 203.159
24160000 120.775 209.712 279.22 229.276
24170000 120.825 215.561 242.352 246.73
24180000 120.875 34.9881 191.656 260.42
24190000 120.925 197.793 339.52 223.556
24200000 120.975 220.527 257.097 179.562
24210000 121.025 160.303 337.262 192.76
24220000 121.075 -43.9366 133.291 47.6658
24230000 121.125 139.884 217.26 209.861
24240000 121.175 39.1576 226.811 176.503
24250000 121.225 8.69667 168.576 168.419
24260000 121.275 -84.1746 142.662 70.3529
24270000 121.325 54.4099 217.798 39.5854
24280000 121.375 11.862 213.566 168.229
24290000 121.425 17.3625 226.694 207.297
24300000 121.475 -53.9443 176.498 170.493
24310000 121.525 -42.2959 168.105 226.869
24320000 121.575 -2.60802 283.539 350.089
24330000 121.625 26.2815 266.665 382.893
24340000 121.675 98.2742 259.297 344.902
24350000 121.725 83.4838 272.736 341.362
24360000 121.775 28.8141 243.351 155.282
24370000 121.825 -85.1732 78.001 75.3749
24380000 121.875 55.4488 167.904 220.552
24390000 121.925 -128.266 124.469 29.3276
24400000 121.975 -210.99 99.8193 131.204
24410000 122.025 -33.038 250.389 275.948
24420000 122.075 -75.0372 243.582 111.938
24430000 122.125 42.6668 219.732 224.104
24440000 122.175 25.2064 279.784 228.115
24450000 122.225 -68.1047 89.2443 79.2084
24460000 122.275 97.271 194.503 49.6001
24470000 122.325 -1.8069 181.868 67.4818
24480000 122.375 44.0053 227.77 87.8142
24490000 122.425 117.003 226.709 212.029
24500000 122.475 131.477 369.3 214.822
24510000 122.525 33.5069 222.459 149.138
24520000 122.575 64.24 293.001 176.149
24530000 122.625 -25.5184 250.66 210.753
24540000 122.675 55.8407 246.866 280.674
24550000 122.725 -76.661 274.373 203.083
24560000 122.775 47.0722 120.688 169.219
24570000 122.825 -216.487 -70.1566 -66.4272
24580000 122.875 79.6497 206.384 173.105
24590000 122.925 23.6128 253.862 172.634
24600000 122.975 239.121 288.242 91.2497
24610000 123.025 224.132 347.342 234.186
24620000 123.075 170.729 240.876 220.238
24630000 123.125 120.616 103.801 237.655
24640000 123.175 134.264 225.741 133.943
24650000 123.225 107.255 284.564 253.285
24660000 123.275 -54.7873 88.1859 175.107
24670000 123.325 148.035 304.472 168.007
24680000 123.375 35.8404 266.821 84.7884
24690000 123.425 136.901 216.761 273.498
24700000 123.475 137.29 279.931 430.891
24710000 123.525 8.83136 268.47 282.087
24720000 123.575 -25.0355 283.538 166.954
24730000 123.625 226.734 360.993 291.71
24740000 123.675 -43.4082 181.52 133.752
24750000 123.725 -60.1538 301.367 414.772
24760000 123.775 -13.4685 258.581 339.87
24770000 123.825 -75.9126 62.9282 159.208
24780000 123.875 -147.969 -24.6289 13.6884
24790000 123.925 4.8073 210.55 237.382
24800000 123.975 -157.101 347.342 194.876
24810000 124.025 -33.4828 158.217 142.996
24820000 124.075 -35.7739 91.7667 110.557
24830000 124.125 7.81766 196.876 120.515
24840000 124.175 -49.1484 169.652 89.8205
24850000 124.225 49.0137 206.568 172.733
24860000 124.275 -77.3361 215.699 201.893
24870000 124.325 -66.2609 272.185 113.871
24880000 124.375 55.1278 267.802 284.401
24890000 124.425 -0.48027 258.562 94.2954
24900000 124.475 -154.677 153.338 127.074
24910000 124.525 -174.992 209.587 112.443
24920000 124.575 69.4818 169.343 318.635
24930000 124.625 -130.364 191.765 59.0593
24940000 124.675 -279.118 45.9563 -56.128
24950000 124.725 0.221203 238.018 85.5535
24960000 124.775 139.853 267.969 252.005
24970000 124.825 -23.9885 322.551 152.295
24980000 124.875 113.614 311.413 288.162
24990000 124.925 163.21 321.002 240.187
25000000 124.975 134.336 415.784 299.498
25010000 125.025 56.5744 314.324 294.82
25020000 125.075 161.353 376.757 284.69
25030000 125.125 60.0783 285.839 143.116
25040000 125.175 17.6991 218.486 140.833
25050000 125.225 -71.4871 1.92623 24.5656
25060000 125.275 -155.112 40.6904 60.027
25070000 125.325 19.3143 270.105 134.105
25080000 125.375 -40.8711 268.305 197.987
25090000 125.425 -200.094 118.67 27.4408
25100000 125.475 -53.0901 238.383 6.89841
25110000 125.525 -80.5421 149.736 -0.700648
25120000 125.575 84.9314 291.078 94.0062
25130000 125.625 17.0711 182.552 138.007
25140000 125.675 241.119 337.599 212.632
25150000 125.725 187.72 317.115 303.892
25160000 125.775 -38.1445 181.378 194.962
25170000 125.825 -2.1288 162.799 226.458
25180000 125.875 -278.899 69.9324 46.3663
25190000 125.925 -223.263 93.7074 143.82
25200000 125.975 -162.716 167.983 175.601
25210000 126.025 -60.6686 111.046 114.445
25220000 126.075 -80.5957 325.367 148.782
25230000 126.125 73.3615 296.883 186.956
25240000 126.175 -15.8474 390.559 121.913
25250000 126.225 -3.49079 336.474 212.865
25260000 126.275 -256.865 115.291 -53.236
25270000 126.325 -10.4101 241.233 172.308
25280000 126.375 -73.7012 171.774 188.604
25290000 126.425 -11.1227 393.811 154.406
25300000 126.475 -143.288 324.306 271.572
25310000 126.525 -64.9284 259.08 105.602
25320000 126.575 -179.934 118.841 -9.39651
25330000 126.625 31.0557 320.388 160.135
25340000 126.675 202.535 202.582 235.623
25350000 126.725 -166.492 91.8871 116.51
25360000 126.775 -25.4631 264.929 210.833
25370000 126.825 62.633 250.924 208.426
25380000 126.875 -97.2692 161.46 137.29
25390000 126.925 -95.557 154.416 46.1877
25400000 126.975 29.7195 173.478 121.609
25410000 127.025 108.65 326 273.277
25420000 127.075 -66.6877 122.507 90.1145
25430000 127.125 -113.15 230.149 117.463
25440000 127.175 46.4401 197.734 211.433
25450000 127.225 152.017 335.046 210.668
25460000 127.275 -181.587 84.0416 1.993
25470000 127.325 -76.269 279.032 230.12
25480000 127.375 -18.8806 225.452 329.382
25490000 127.425 -1.94979 270.075 318.698
25500000 127.475 -36.8045 160.88 223.801
25510000 127.525 10.918 151.806 158.384
25520000 127.575 45.0089 295.983 311.356
25530000 127.625 43.9154 313.962 175.001
25540000 127.675 -170.542 212.043 43.0131
25550000 127.725 -58.5026 304.849 159.647
25560000 127.775 -162.756 174.497 15.0998
25570000 127.825 -338.512 190.205 -34.6474
25580000 127.875 -209.009 264.262 91.8492
25590000 127.925 -8.61968 371.577 186.32
25600000 127.975 17.1493 311.934 37.3525
25610000 128.025 -44.4313 224.497 83.2863
25620000 128.075 -32.3678 215.84 111.768
25630000 128.125 49.1855 140.637 141.995
25640000 128.175 -33.4293 159.521 34.7049
25650000 128.225 206.705 280.331 298.02
25660000 128.275 -37.9665 147.681 46.3047
25670000 128.325 -20.0313 155.746 68.4656
25680000 128.375 -29.8932 140.961 113.253
25690000 128.425 -13.6971 139.678 99.4056
25700000 128.475 10.3385 292.317 203.479
25710000 128.525 38.927 169.553 130.283
25720000 128.575 -86.1938 198.555 214.267
25730000 128.625 -24.6787 247.341 303.43
25740000 128.675 44.1314 368.467 232.195
25750000 128.725 -167.742 301.032 50.6934
25760000 128.775 53.5719 284.989 177.583
25770000 128.825 -30.845 270.36 49.0183
25780000 128.875 138.512 245.696 79.8919
25790000 128.925 -101.471 106.164 -13.9148
25800000 128.975 -40.1222 179.827 31.6374
25810000 129.025 -59.6124 238.89 61.5762
25820000 129.075 -83.3372 161.077 47.7553
25830000 129.125 22.4106 290.84 168.434
25840000 129.175 79.8967 312.036 215.691
25850000 129.225 26.2063 283.195 200.15
25860000 129.275 69.7276 286.227 246.41
25870000 129.325 17.3174 113.186 169.301
25880000 129.375 95.2092 180.329 256.583
25890000 129.425 -125.026 57.5861 132.873
25900000 129.475 -34.8953 103.477 107.011
25910000 129.525 28.6253 119.432 135.494
25920000 129.575 46.8041 124.26 170.528
25930000 129.625 -42.0932 95.0185 51.2751
25940000 129.675 -104.671 207.689 131.833
25950000 129.725 -22.163 324.516 236.464
25960000 129.775 -86.5303 259.604 18.747
25970000 129.825 51.9035 256.79 118.256
25980000 129.875 43.6012 253.207 175.107
25990000 129.925 -58.4868 141.171 236.281
26000000 129.975 134.42 200.903 155.411
26010000 130.025 -10.5867 200.487 167.97
26020000 130.075 7.67218 157.465 293.096
26030000 130.125 -8.58365 302.659 185.951
26040000 130.175 98.9637 390.856 347.127
26050000 130.225 73.1525 398.977 275.098
26060000 130.275 37.6502 182.693 74.6366
26070000 130.325 -119.848 56.5295 58.5341
26080000 130.375 -3.81192 239.329 284.479
26090000 130.425 -64.8822 255.763 141.127
26100000 130.475 8.89829 181.237 140.713
26110000 130.525 -105.937 139.743 132.426
26120000 130.575 32.6044 248.503 218.874
26130000 130.625 4.26527 159.002 242.986
26140000 130.675 -156.684 191.689 171.777
26150000 130.725 29.4201 308.728 272.099
26160000 130.775 -160.172 168.204 140.963
26170000 130.825 -230.121 198.841 214.5
26180000 130.875 -334.982 206.214 124.711
26190000 130.925 -100.898 321.725 226.584
26200000 130.975 -99.1221 153.601 205.611
26210000 131.025 -114.559 59.8588 0.972251
26220000 131.075 -55.5628 301.195 268.147
26230000 131.125 159.312 319.802 305.591
26240000 131.175 137.261 279.452 139.125
26250000 131.225 232.836 388.688 417.472
26260000 131.275 34.004 137.571 313.31
26270000 131.325 -25.9934 207.925 335.226
26280000 131.375 24.6191 170.171 270.533
26290000 131.425 -68.3111 133.029 121.381
26300000 131.475 -222.239 138.832 27.8219
26310000 131.525 -50.6518 206.956 209.324
26320000 131.575 -71.2252 207.763 144.817
26330000 131.625 -251.527 205.973 181.559
26340000 131.675 -203.135 195.9 177.793
26350000 131.725 69.0934 290.755 313.909
26360000 131.775 -180.671 212.834 201.37
26370000 131.825 -135.282 283.836 169.817
26380000 131.875 -216.733 102.198 134.02
26390000 131.925 -235.204 182.539 95.2769
26400000 131.975 -226.162 130.69 -62.7372
26410000 132.025 -114.077 57.8272 55.4577
26420000 132.075 150.721 222.336 320.923
26430000 132.125 -85.9118 91.6677 65.3147
26440000 132.175 102.719 207.976 286.768
26450000 132.225 51.3108 235.297 163.938
26460000 132.275 -118.304 161.646 165.084
26470000 132.325 27.9747 169.783 194.534
26480000 132.375 98.5459 220.325 209.101
26490000 132.425 27.5855 216.846 157.797
26500000 132.475 43.7915 233.546 329.725
26510000 132.525 3.9832 160.166 162.434
26520000 132.575 42.7764 279.726 258.248
26530000 132.625 -211.768 18.2726 53.9594
26540000 132.675 -52.8701 106.978 138.825
26550000 132.725 -49.7432 157.638 116.271
26560000 132.775 29.7613 258.146 272.922
26570000 132.825 -185.01 106.118 50.3741
26580000 132.875 26.6672 240.089 129.64
26590000 132.925 -183.091 128.174 -60.0412
26600000 132.975 -125.469 248.062 155.43
26610000 133.025 27.5758 260.664 214.419
26620000 133.075 -140.292 216.194 29.4388
26630000 133.125 4.06406 151.545 113.329
26640000 133.175 -179.472 70.154 -64.698
26650000 133.225 -147.617 93.4374 -8.54745
26660000 133.275 164.261 325.628 248.442
26670000 133.325 38.5892 113.063 -51.8302
26680000 133.375 59.9719 205.691 141.584
26690000 133.425 189.25 368.919 143.87
26700000 133.475 93.453 223.378 130.133
26710000 133.525 -43.8793 241.294 108.712
26720000 133.575 -148.379 198.616 122.728
26730000 133.625 -247.241 105.576 13.8052
26740000 133.675 -80.8322 272.857 128.136
26750000 133.725 78.4762 386.341 321.065
26760000 133.775 261.846 449.807 144.695
26770000 133.825 144.304 351.635 204.138
26780000 133.875 -5.13255 397.79 183.336
26790000 133.925 15.9433 290.869 186.89
26800000 133.975 -99.4644 187.437 168.653
26810000 134.025 189.832 317.456 190.367
26820000 134.075 128.32 192.455 129.835
26830000 134.125 80.2545 98.9805 154.131
26840000 134.175 180.668 267.985 367.31
26850000 134.225 25.6713 256.926 217.641
26860000 134.275 5.07907 205.722 165.948
26870000 134.325 221.356 307.057 300.746
26880000 134.375 35.9391 200.386 264.642
26890000 134.425 -93.5824 275.427 116.835
26900000 134.475 -178.836 275.833 48.4004
26910000 134.525 104.315 307.237 321.605
26920000 134.575 -39.4381 59.5733 145.975
26930000 134.625 27.7685 107.612 230.338
26940000 134.675 70.6007 201.868 199.97
26950000 134.725 103.032 163.174 170.535
26960000 134.775 -19.473 88.5267 152.524
26970000 134.825 2.57171 165.018 158.142
26980000 134.875 143.502 258.274 297.912
26990000 134.925 202.155 412.691 192.885
27000000 134.975 69.8449 123.894 160.504
27010000 135.025 63.8792 241.207 133.583
27020000 135.075 206.654 402.839 338.247
27030000 135.125 -71.6901 159.989 191.036
27040000 135.175 -69.6257 218.032 278.22
27050000 135.225 19.6568 155.059 225.926
27060000 135.275 -121.07 199.424 121.628
27070000 135.325 -13.4234 160.309 158.864
27080000 135.375 1.62404 201.426 73.0367
27090000 135.425 -89.2286 136.861 241.914
27100000 135.475 -187.302 98.6804 23.0429
27110000 135.525 -48.9455 136.136 107.173
27120000 135.575 -75.4809 174.316 112.647
27130000 135.625 44.1949 237.281 121.867
27140000 135.675 55.7666 432.98 133.208
27150000 135.725 -16.4445 202.41 86.3747
27160000 135.775 123.595 262.7 161.1
27170000 135.825 8.07954 232.012 124.898
27180000 135.875 91.6222 335.026 151.332
27190000 135.925 -30.7942 220.655 80.7034
27200000 135.975 -14.6529 174.299 103.284
27210000 136.025 55.2574 258.22 154.661
27220000 136.075 -61.4509 226.593 58.8257
27230000 136.125 12.4449 251.875 95.8949
27240000 136.175 -91.0083 186.421 38.9708
27250000 136.225 77.6729 242.29 211.888
27260000 136.275 -33.0931 67.0435 115.529
27270000 136.325 -90.4554 -37.1066 -32.4318
27280000 136.375 -112.469 126.235 102.488
27290000 136.425 -174.276 58.8758 44.2248
27300000 136.475 -202.309 160.724 172.272
27310000 136.525 -64.7885 199.48 300.161
27320000 136.575 -20.7077 142.831 130.947
27330000 136.625 13.2152 164.422 68.3051
27340000 136.675 29.5407 252.006 107.747
27350000 136.725 18.9395 205.686 135.567
27360000 136.775 5.83598 212.32 114.99
27370000 136.825 204.642 375.543 168.889
27380000 136.875 -36.9517 50.1999 5.69438
27390000 136.925 16.7084 143.66 110.917
27400000 136.975 205.274 371.565 331.506
27410000 137.025 80.8496 283.823 105.204
27420000 137.075 95.3017 320.136 113.457
27430000 137.125 122.286 149.175 191.277
27440000 137.175 128.879 224.181 153.119
27450000 137.225 165.09 107.461 270.129
27460000 137.275 164.127 269.323 360.206
27470000 137.325 57.9796 249.967 175.932
27480000 137.375 220.795 370.709 370.753
27490000 137.425 86.8928 164.76 236.684
27500000 137.475 142.179 290.429 343.378
27510000 137.525 -75.9413 81.1802 82.8577
27520000 137.575 101.576 291.045 130.686
27530000 137.625 172.787 204.233 152.023
27540000 137.675 109.138 311.854 124.776
27550000 137.725 -236.969 134.504 7.99065
27560000 137.775 2.18655 219.446 136.349
27570000 137.825 -2.66108 268.91 32.6264
27580000 137.875 -18.9444 271.369 115.948
27590000 137.925 -79.0936 281.931 213.296
27600000 137.975 252.667 606.024 455.805
27610000 138.025 30.6181 341.899 254.133
27620000 138.075 179.237 590.925 251.644
27630000 138.125 51.2957 252.686 138.772
27640000 138.175 52.6112 222.09 200.708
27650000 138.225 45.3137 250.698 232.167
27660000 138.275 -57.5777 190.586 119.268
27670000 138.325 175.977 318.222 186.127
27680000 138.375 -15.3066 152.142 275.145
27690000 138.425 -90.6691 218.709 133.501
27700000 138.475 6.05973 333.268 184.686
27710000 138.525 -49.9084 389.417 276.988
27720000 138.575 -65.5183 288.19 128.117
27730000 138.625 -54.711 358.659 187.22
27740000 138.675 56.4094 214.199 117.506
27750000 138.725 96.0667 176.23 158.641
27760000 138.775 125.993 259.734 109.488
27770000 138.825 -104.145 77.2391 13.7701
27780000 138.875 66.7892 238.05 69.26
27790000 138.925 -75.1054 162.418 104.808
27800000 138.975 -142.85 183.571 7.80582
27810000 139.025 130.142 291.441 174.69
27820000 139.075 61.7614 239.52 172.891
27830000 139.125 18.8578 253.166 102.662
27840000 139.175 169.372 312.903 164.238
27850000 139.225 -58.6208 223.183 91.8668
27860000 139.275 -41.5049 146.27 83.4245
27870000 139.325 -165.268 147.191 100.775
27880000 139.375 -214.751 193.7 29.345
27890000 139.425 -76.913 200.187 143.584
27900000 139.475 -75.2425 151.096 147.66
27910000 139.525 -161.044 303.892 92.2929
27920000 139.575 32.0802 357.446 225.745
27930000 139.625 -170.508 197.995 62.8633
27940000 139.675 -87.3838 226.222 68.9819
27950000 139.725 21.6155 268.182 74.8706
27960000 139.775 -75.1154 262.145 106.687
27970000 139.825 74.4802 289.198 174.956
27980000 139.875 54.1167 317.6 274.741
27990000 139.925 253.335 390.043 164.824
28000000 139.975 -66.4633 301.739 15.685
28010000 140.025 -123.496 162.542 41.4165
28020000 140.075 -102.503 196.545 62.1266
28030000 140.125 -31.1431 178.238 19.3315
28040000 140.175 25.5576 219.759 103.252
28050000 140.225 -37.6429 327.835 100.087
28060000 140.275 59.6197 228.8 15.3251
28070000 140.325 29.9904 147.643 126.005
28080000 140.375 -31.9101 44.6327 -21.4815
28090000 140.425 9.44476 103.502 11.766
28100000 140.475 -62.3544 62.1438 70.5715
28110000 140.525 -185.108 117.369 55.9204
28120000 140.575 -47.8193 301.625 54.3482
28130000 140.625 -66.5216 146.523 15.8135
28140000 140.675 51.0885 231.347 242.724
28150000 140.725 -60.6003 245.579 175.104
28160000 140.775 -34.884 323.825 105.656
28170000 140.825 149.345 199.495 108.272
28180000 140.875 -11.3504 274.85 205.836
28190000 140.925 -50.1017 344.663 108.467
28200000 140.975 -30.5683 159.406 -32.0173
28210000 141.025 -126.089 192.181 6.28182
28220000 141.075 63.0535 223.46 226.667
28230000 141.125 -17.5082 130.832 52.5548
28240000 141.175 -12.2898 365.774 202.456
28250000 141.225 178.463 437.364 238.02
28260000 141.275 33.7103 201.032 25.8611
28270000 141.325 -183.201 149.725 -27.4151
28280000 141.375 4.87602 214.893 202.509
28290000 141.425 129.546 154.993 224.066
28300000 141.475 3.87213 125.396 27.434
28310000 141.525 119.667 87.1754 67.5468
28320000 141.575 136.775 214.971 142.144
28330000 141.625 305.652 274.202 335.005
28340000 141.675 -25.3613 235.271 195.404
28350000 141.725 23.5517 359.58 234.43
28360000 141.775 -19.2976 163.747 163.762
28370000 141.825 24.9504 274.746 264.773
28380000 141.875 -70.8672 219.841 103.213
28390000 141.925 -104.595 215.776 75.039
28400000 141.975 47.969 157.087 203.986
28410000 142.025 -44.7799 105.173 63.3349
28420000 142.075 -181.308 138.053 156.223
28430000 142.125 45.8303 297.949 206.387
28440000 142.175 141.425 383.87 307.047
28450000 142.225 -5.4255 246.921 243.864
28460000 142.275 116.965 178.292 134.313
28470000 142.325 80.722 146.152 222.007
28480000 142.375 -127.7 -46.6846 -89.0033
28490000 142.425 15.2853 180.56 29.4907
28500000 142.475 -71.8913 198.038 18.8721
28510000 142.525 63.4369 236.678 363.943
28520000 142.575 85.8072 224.11 277.177
28530000 142.625 12.1258 154.127 203.128
28540000 142.675 -49.5699 213.045 143.395
28550000 142.725 -39.8703 29.1057 32.2491
28560000 142.775 -30.4031 161.406 179.803
28570000 142.825 31.7937 71.1422 205.128
28580000 142.875 39.8405 255.323 302.806
28590000 142.925 105.972 246.551 311.836
28600000 142.975 -131.565 115.296 113.611
28610000 143.025 3.38245 233.807 205.506
28620000 143.075 47.8366 277.122 216.341
28630000 143.125 -20.9696 366.121 262.228
28640000 143.175 -72.2778 90.8948 88.5818
28650000 143.225 116.974 349.5 265.589
28660000 143.275 12.4937 281.646 197.221
28670000 143.325 -157.055 189.421 15.9457
28680000 143.375 -71.1001 290.067 5.32229
28690000 143.425 -174.352 255.984 135.81
28700000 143.475 47.0044 309.121 140.9
28710000 143.525 -49.5644 373.88 115.599
28720000 143.575 8.22715 415.815 274.389
28730000 143.625 -96.173 314.389 199.1
28740000 143.675 -47.9366 301.807 175.537
28750000 143.725 125.001 344.967 353.9
28760000 143.775 76.1636 339.572 318.802
28770000 143.825 -31.3827 271.242 219.365
28780000 143.875 -69.4928 338.574 224.945
28790000 143.925 -147.061 169.486 123.865
28800000 143.975 -23.1354 142.87 154.422
28810000 144.025 17.8098 221.168 218.827
28820000 144.075 51.1407 91.4229 227.771
28830000 144.125 94.1975 303.615 259.14
28840000 144.175 -214.795 215.226 107.445
28850000 144.225 -109.268 186.972 151.248
28860000 144.275 90.7497 300.716 353.277
28870000 144.325 195.888 321.286 340.243
28880000 144.375 -176.697 156.784 107.098
28890000 144.425 -44.8133 240.251 149.615
28900000 144.475 2.16876 316.674 167.523
28910000 144.525 47.6486 350.907 158.615
28920000 144.575 -119.963 153.571 -88.2119
28930000 144.625 12.3007 134.676 76.4772
28940000 144.675 13.7884 80.5029 37.3465
28950000 144.725 -85.5713 124.404 -94.0951
28960000 144.775 3.79126 171.492 108.739
28970000 144.825 72.7968 269.877 142.193
28980000 144.875 -122.415 61.6936 103.184
28990000 144.925 -159.525 189.942 157.339
29000000 144.975 -27.293 187.447 161.634
29010000 145.025 127.742 223.853 158.31
29020000 145.075 -14.5609 212.854 181.094
29030000 145.125 -163.942 10.2535 -1.53196
29040000 145.175 -119.542 194.421 -14.9327
29050000 145.225 -58.5036 163.164 157.287
29060000 145.275 36.8851 210.487 185.404
29070000 145.325 42.6145 234.335 179.696
29080000 145.375 -22.1571 254.129 199.704
29090000 145.425 46.1817 165.042 156.624
29100000 145.475 25.7531 254.964 138.061
29110000 145.525 -161.06 245.322 186.759
29120000 145.575 -235.442 157.686 -88.2863
29130000 145.625 -56.0958 351.889 317.733
29140000 145.675 -1.65872 288.08 317.428
29150000 145.725 95.1244 387.962 110.479
29160000 145.775 140.77 310.147 239.052
29170000 145.825 73.8669 225.313 263.546
29180000 145.875 35.8249 214.833 155.498
29190000 145.925 1.73349 200.131 63.9005
29200000 145.975 19.5005 154.32 193.448
29210000 146.025 124.13 252.353 156
29220000 146.075 166.689 303.429 231.431
29230000 146.125 22.5573 248.915 17.874
29240000 146.175 161.998 353.851 290.04
29250000 146.225 23.5538 319.64 215.558
29260000 146.275 -96.5141 206.466 167.029
29270000 146.325 -1.13304 261.876 118.333
29280000 146.375 180.593 345.096 363.071
29290000 146.425 51.0863 248.64 -12.9447
29300000 146.475 36.6068 233.671 93.1458
29310000 146.525 137.832 350.744 254.503
29320000 146.575 -145.899 136.803 119.922
29330000 146.625 -135.834 173.125 50.4477
29340000 146.675 86.4408 172.141 81.5666
29350000 146.725 -68.505 185.803 71.6876
29360000 146.775 -52.0299 163.598 12.3785
29370000 146.825 110.361 190.933 40.0547
29380000 146.875 96.9702 245.795 111.853
29390000 146.925 -45.638 204.983 -70.3824
29400000 146.975 104.538 285.425 162.95
29410000 147.025 83.9638 291.104 178.611
29420000 147.075 114.218 222.083 235.907
29430000 147.125 -28.2259 307.856 182.841
29440000 147.175 -84.2645 238.276 183.051
29450000 147.225 16.2289 204.52 190.205
29460000 147.275 -155.025 150.705 12.9613
29470000 147.325 -106.202 154.807 -7.47476
29480000 147.375 -24.8952 114.237 137.004
29490000 147.425 -0.740513 136.742 228.599
29500000 147.475 124.932 212.247 261.662
29510000 147.525 76.1343 277.21 153.381
29520000 147.575 44.4409 282.515 226.457
29530000 147.625 -89.7595 190.956 97.5687
29540000 147.675 -11.1591 248.941 136.696
29550000 147.725 54.7211 204.117 113.652
29560000 147.775 -156.529 37.4191 58.6337
29570000 147.825 -107.188 357.236 162.453
29580000 147.875 -80.8212 255.194 184.351
29590000 147.925 -213.942 121.079 192.268
29600000 147.975 -230.516 100.705 124.674
29610000 148.025 -112.126 168.08 183.475
29620000 148.075 -171.424 115.316 40.0429
29630000 148.125 50.0587 385.597 164.825
29640000 148.175 -183.394 269.181 66.4031
29650000 148.225 -158.781 296.791 142.896
29660000 148.275 24.055 413.206 145.321
29670000 148.325 0.980738 285.019 254.96
29680000 148.375 91.5138 338.507 342.387
29690000 148.425 32.8737 247.396 320.99
29700000 148.475 11.2134 254.014 93.8888
29710000 148.525 -33.109 237.047 272.101
29720000 148.575 -52.9188 195.139 186.139
29730000 148.625 52.2632 226.346 309.099
29740000 148.675 2.12957 175.326 159.687
29750000 148.725 -67.1759 231.675 72.2176
29760000 148.775 71.6353 369.674 210.255
29770000 148.825 -118.501 147.115 60.0082
29780000 148.875 43.9479 274.277 178.773
29790000 148.925 -144.273 329.922 194.155
29800000 148.975 -43.1744 215.913 162.026
29810000 149.025 -15.4703 306.702 180.556
29820000 149.075 -40.7233 182.776 189.995
29830000 149.125 -162.723 71.1784 140.12
29840000 149.175 -60.2743 216.846 89.844
29850000 149.225 68.173 173.359 8.55876
29860000 149.275 192.895 387.08 142.491
29870000 149.325 44.0678 310.942 66.5321
29880000 149.375 31.6771 212.963 151.078
29890000 149.425 53.6183 65.4361 58.0997
29900000 149.475 32.1957 188.748 148.009
29910000 149.525 160.81 280.915 151.05
29920000 149.575 -1.04644 240.914 123.708
29930000 149.625 -95.0058 233.955 176.24
29940000 149.675 -68.0146 218.925 179.062
29950000 149.725 123.192 293.274 259.856
29960000 149.775 -109.344 228.882 67.1706
29970000 149.825 69.111 190.563 298.227
29980000 149.875 42.0472 246.462 248.541
29990000 149.925 62.984 201.074 199.263
30000000 149.975 123.773 315.116 261.362
30010000 150.025 -19.0154 194.187 219.079
30020000 150.075 -63.693 74.7004 145.408
30030000 150.125 -211.566 112.857 109.473
30040000 150.175 24.1562 242.059 215.171
30050000 150.225 78.1105 279.67 202.117
30060000 150.275 75.5156 207.183 188.249
30070000 150.325 23.1842 213.232 168.428
30080000 150.375 1.57897 303.971 215.677
30090000 150.425 81.0682 278.014 319.156
30100000 150.475 -11.6507 297.066 205.278
30110000 150.525 120.142 323.503 276.358
30120000 150.575 162.023 224.896 228.528
30130000 150.625 114.513 201.333 80.9017
30140000 150.675 266.656 421.881 231.9
30150000 150.725 48.2757 296.693 173.344
30160000 150.775 -27.4261 252.983 128.131
30170000 150.825 -166.625 81.5241 81.7771
30180000 150.875 -83.4695 240.634 172.282
30190000 150.925 2.77692 313.027 175.746
30200000 150.975 -57.781 273.786 136.95
30210000 151.025 -52.6425 270.448 149.694
30220000 151.075 210.851 375.267 303.733
30230000 151.125 119.133 263.772 152.106
30240000 151.175 28.6764 320.485 104.038
30250000 151.225 -4.19965 326.155 105.285
30260000 151.275 20.1568 320.287 124.53
30270000 151.325 77.5508 362.321 224.426
30280000 151.375 -43.0636 292.086 227.605
30290000 151.425 122.859 363.358 305.963
30300000 151.475 -110.325 231.699 117.324
30310000 151.525 -124.009 252.898 204.484
30320000 151.575 13.8602 310.941 155.907
30330000 151.625 -18.3493 212.67 83.7026
30340000 151.675 17.8901 145.256 143.533
30350000 151.725 23.1156 157.592 274.789
30360000 151.775 28.9749 169.881 122.709
30370000 151.825 14.9372 101.225 26.1227
30380000 151.875 134.393 280.464 200.295
30390000 151.925 -25.9036 297.097 247.81
30400000 151.975 -28.7633 251.6 208.938
30410000 152.025 40.5492 213.451 200.109
30420000 152.075 -68.2103 62.7692 85.9065
30430000 152.125 -102.877 158.138 62.1705
30440000 152.175 7.64851 281.64 146.932
30450000 152.225 109.823 240.316 252.879
30460000 152.275 222.873 349.443 222.526
30470000 152.325 174.655 212.122 227.909
30480000 152.375 -55.1242 203.629 44.9995
30490000 152.425 76.4299 165.292 60.4141
30500000 152.475 192.766 301.902 45.5566
30510000 152.525 -37.0381 238.911 86.3222
30520000 152.575 158.67 281.667 227.762
30530000 152.625 294.679 417.699 285.095
30540000 152.675 138.052 238.823 226.043
30550000 152.725 -91.7643 179.013 173.123
30560000 152.775 -8.94525 155.884 145.278
30570000 152.825 227.234 220.111 257.281
30580000 152.875 140.796 237.975 214.949
30590000 152.925 -52.3421 239.188 168.234
30600000 152.975 4.9915 262.048 195.23
30610000 153.025 -65.7063 123.188 77.9201
30620000 153.075 113.082 349.314 168.758
30630000 153.125 -124.304 219.736 183.019
30640000 153.175 -15.0325 262.736 297.052
30650000 153.225 69.3147 293.245 281.186
30660000 153.275 -181.429 29.938 121.911
30670000 153.325 -54.282 185.247 219.305
30680000 153.375 31.1465 237.345 164.116
30690000 153.425 37.6681 171.839 157.183
30700000 153.475 79.5959 137.662 52.2372
30710000 153.525 -36.0945 77.5008 11.4801
30720000 153.575 57.4699 231.49 79.0677
30730000 153.625 -32.8543 95.179 130.759
30740000 153.675 -47.3747 288.575 207.257
30750000 153.725 -34.9685 395.439 104.116
30760000 153.775 55.5379 368.914 183.75
30770000 153.825 -86.0262 180.544 -9.99187
30780000 153.875 44.6215 471.137 151.65
30790000 153.925 66.8941 438.173 156.946
30800000 153.975 -228.033 380.371 46.8221
30810000 154.025 -217.836 319.832 8.98269
30820000 154.075 -144.897 247.185 160.743
30830000 154.125 -55.0287 396.26 227.759
30840000 154.175 -63.6889 291.266 125.123
30850000 154.225 -143.756 241.619 31.7247
30860000 154.275 -279.445 56.3787 -2.55246
30870000 154.325 -74.6051 179.541 202.92
30880000 154.375 -36.91 359.431 189.87
30890000 154.425 35.919 293.489 62.5232
30900000 154.475 133.566 369.912 124.25
30910000 154.525 17.2872 231.939 104.968
30920000 154.575 50.9742 133.78 128.617
30930000 154.625 87.2282 319.825 82.96
30940000 154.675 -173.053 136.538 -89.7366
30950000 154.725 17.4696 343.965 216.286
30960000 154.775 -68.0422 228.114 188.936
30970000 154.825 112.586 329.652 140.592
30980000 154.875 41.3744 249.543 149.895
30990000 154.925 -0.896585 140.367 161.49
31000000 154.975 112.459 226.526 186.877
31010000 155.025 -67.9488 59.1369 -8.0434
31020000 155.075 77.1689 279.924 109.193
31030000 155.125 -19.8751 225.491 159.072
31040000 155.175 -43.3126 218.734 21.7042
31050000 155.225 -36.4585 233.181 211.385
31060000 155.275 -99.8784 72.1288 46.1833
31070000 155.325 100.214 256.358 330.507
31080000 155.375 108.289 205.203 226.763
31090000 155.425 -258.037 13.4158 -13.164
31100000 155.475 -28.6333 300.077 195.851
31110000 155.525 -97.0319 6.41846 -85.958
31120000 155.575 43.043 303.971 103.275
31130000 155.625 -144.149 97.5667 23.7828
31140000 155.675 5.56491 188.628 67.6637
31150000 155.725 120.61 208.623 171.846
31160000 155.775 92.3316 173.53 206.769
31170000 155.825 5.1111 108.363 41.8478
31180000 155.875 112.153 318.953 349.146
31190000 155.925 49.5107 225.766 217.583
31200000 155.975 56.6383 130.039 209.34
31210000 156.025 -107.749 115.725 150.039
31220000 156.075 -0.0439844 117.012 135.479
31230000 156.125 -203.525 43.4434 26.6402
31240000 156.175 39.5991 251.583 379.236
31250000 156.225 51.7784 208.914 114.59
31260000 156.275 12.633 252.028 262.206
31270000 156.325 -28.5678 146.018 104.671
31280000 156.375 -12.1075 240.412 268.794
31290000 156.425 80.7149 282.215 284.519
31300000 156.475 13.134 174.861 184.29
31310000 156.525 212.535 384.701 344.374
31320000 156.575 159.049 202.338 264.497
31330000 156.625 136.033 287.655 431.169
31340000 156.675 182.417 384.86 408.375
31350000 156.725 -77.9397 302.348 273.339
31360000 156.775 34.6664 293.823 248.294
31370000 156.825 76.8842 308.055 456.968
31380000 156.875 -30.8879 153.029 132.866
31390000 156.925 -14.8113 159.568 131.405
31400000 156.975 31.2246 140.479 171.825
31410000 157.025 -66.6187 162.281 143.586
31420000 157.075 -64.6263 323.863 246.532
31430000 157.125 91.1061 409.09 349.959
31440000 157.175 -112.358 213.375 -11.2044
31450000 157.225 -147.206 216.661 41.0797
31460000 157.275 -135.665 234.441 179.708
31470000 157.325 8.30596 281.511 226.699
31480000 157.375 -72.6157 269.306 186.251
31490000 157.425 -135.62 106.816 106.643
31500000 157.475 119.735 323.622 247.092
31510000 157.525 85.5002 302.213 131.685
31520000 157.575 -169.025 86.082 64.1941
31530000 157.625 -112.916 318.588 206.92
31540000 157.675 -42.4169 271.481 58.5803
31550000 157.725 -60.9766 237.908 236.999
31560000 157.775 32.3198 394.811 259.7
31570000 157.825 70.1036 315.452 251.484
31580000 157.875 101.006 295.984 194.146
31590000 157.925 40.1851 293.793 193.215
31600000 157.975 54.0554 354.788 186.364
31610000 158.025 16.5233 367.278 179.072
31620000 158.075 -103.047 151.279 206.574
31630000 158.125 -96.7988 143.417 130.966
31640000 158.175 -171.42 305.116 236.917
31650000 158.225 73.2727 400.481 225.968
31660000 158.275 -35.5692 281.907 322.152
31670000 158.325 -70.6009 313.546 107.192
31680000 158.375 72.5516 373.918 318.014
31690000 158.425 94.5934 210.337 216.325
31700000 158.475 63.3997 113.366 71.3568
31710000 158.525 132.914 154.9 350.945
31720000 158.575 -155.758 148.548 -6.78729
31730000 158.625 65.8823 238.386 202.874
31740000 158.675 101.945 173.138 287.385
31750000 158.725 39.1413 290.596 199.254
31760000 158.775 32.2188 167.587 221.226
31770000 158.825 95.6056 304.01 219.821
31780000 158.875 -8.96266 305.163 287.064
31790000 158.925 -126.071 239.139 72.1056
31800000 158.975 -110.315 213.528 201.311
31810000 159.025 69.6556 378.307 212.543
31820000 159.075 139.398 271.712 273.547
31830000 159.125 -122.418 141.617 92.9673
31840000 159.175 -99.0157 148.269 -86.2711
31850000 159.225 13.0399 273.674 131.024
31860000 159.275 -61.5247 118.938 72.7879
31870000 159.325 -111.657 152.658 84.0171
31880000 159.375 -141.664 231.579 149.992
31890000 159.425 40.5296 245.534 332.435
31900000 159.475 41.0992 309.236 210.903
31910000 159.525 -73.1785 162.337 61.6983
31920000 159.575 127.268 352.746 344.324
31930000 159.625 165.021 267.351 285.941
31940000 159.675 -43.69 167.241 244.189
31950000 159.725 148.237 264.193 198.9
31960000 159.775 12.4847 122.329 149.358
31970000 159.825 22.2112 181.762 195.869
31980000 159.875 48.4872 199.892 68.7079
31990000 159.925 -196.227 132.547 12.5159
32000000 159.975 1.3443 173.307 85.3486
32010000 160.025 58.4143 323.288 117.993
32020000 160.075 191.611 312.206 204.216
32030000 160.125 -28.4284 133.055 41.1462
32040000 160.175 161.611 278.39 185.74
32050000 160.225 149.051 237.691 205.554
32060000 160.275 -30.3489 144.937 186.168
32070000 160.325 98.7182 261.418 128.528
32080000 160.375 164.006 396.741 269.05
32090000 160.425 -76.1692 143.137 21.2817
32100000 160.475 132.79 325.066 265.342
32110000 160.525 36.589 135.315 21.651
32120000 160.575 -32.4507 150.672 85.5886
32130000 160.625 -56.149 138.567 160.001
32140000 160.675 -75.8569 137.753 180.231
32150000 160.725 62.7286 206.988 219.082
32160000 160.775 -47.8263 256.902 184.374
32170000 160.825 130.962 333.441 263.343
32180000 160.875 16.2671 279.624 272.803
32190000 160.925 -213.686 182.514 52.2682
32200000 160.975 -169.98 102.628 81.052
32210000 161.025 -34.0667 371.654 218.418
32220000 161.075 1.8928 409.065 196.576
32230000 161.125 -84.0041 203.429 287.696
32240000 161.175 116.637 364.575 425.658
32250000 161.225 -59.0302 380.896 277.27
32260000 161.275 -43.3991 285.014 185.349
32270000 161.325 161.49 241.34 201.246
32280000 161.375 -66.789 240.183 215.657
32290000 161.425 56.8609 360.11 274.136
32300000 161.475 81.745 292.967 359.438
32310000 161.525 -152.486 194.008 113.048
32320000 161.575 -76.5646 170.235 22.1938
32330000 161.625 95.9897 215.45 129.997
32340000 161.675 -54.5293 72.2472 30.0737
32350000 161.725 1.82236 138.383 207.065
32360000 161.775 123.159 249.675 252.248
32370000 161.825 127.577 273.887 173.475
32380000 161.875 189.434 419.5 347.579
32390000 161.925 -109.021 115.671 189.911
32400000 161.975 -16.4618 154.618 108.177
32410000 162.025 15.6503 227.697 252.935
32420000 162.075 70.3879 247.279 174.47
32430000 162.125 45.795 332.62 191.89
32440000 162.175 -52.8458 244.451 196.316
32450000 162.225 -44.3275 295.134 163.408
32460000 162.275 25.0404 234.988 176.788
32470000 162.325 15.1824 268.19 148.404
32480000 162.375 95.86 304.876 166.755
32490000 162.425 82.9213 289.299 133.601
32500000 162.475 145.011 412.735 270.698
32510000 162.525 -43.2198 229 100.18
32520000 162.575 86.1039 351.031 203.647
32530000 162.625 110.609 316.232 204.131
32540000 162.675 188.605 410.48 174.632
32550000 162.725 164.163 339.194 220.416
32560000 162.775 113.609 317.755 326.248
32570000 162.825 9.11122 240.227 173.087
32580000 162.875 111.662 186.415 136.311
32590000 162.925 18.2567 281.205 331.939
32600000 162.975 1.96604 160.55 125.205
32610000 163.025 -101.079 184.969 137.49
32620000 163.075 -76.1622 200.308 59.2243
32630000 163.125 -88.1447 235.017 146.667
32640000 163.175 -166.279 213.589 67.6458
32650000 163.225 16.4858 270.274 217.052
32660000 163.275 -35.261 199.923 203.232
32670000 163.325 149.44 323.772 357.799
32680000 163.375 -151.222 247.222 192.442
32690000 163.425 -236.534 122.426 144.452
32700000 163.475 -28.4792 321.986 212.636
32710000 163.525 -90.3392 296.799 238.255
32720000 163.575 -11.1744 341.333 106.905
32730000 163.625 -4.6192 272.511 234.519
32740000 163.675 -0.0740023 293.96 348.564
32750000 163.725 -127.895 251.791 258.947
32760000 163.775 56.6965 257.566 253.968
32770000 163.825 -15.256 359.581 304.161
32780000 163.875 9.09216 236.743 152.061
32790000 163.925 -149.147 171.459 250.621
32800000 163.975 -90.9934 171.876 123.108
32810000 164.025 -192.712 230.652 -29.5593
32820000 164.075 -127.58 121.066 -15.4976
32830000 164.125 82.9359 159.004 166.33
32840000 164.175 41.0061 217.454 168.053
32850000 164.225 -129.755 134.294 4.21861
32860000 164.275 160.223 461.966 211.952
32870000 164.325 -74.2318 112.72 70.1334
32880000 164.375 -178.599 102.779 80.7894
32890000 164.425 -221.202 181.789 173.17
32900000 164.475 107.382 382.472 354.594
32910000 164.525 86.9674 252.503 232.688
32920000 164.575 -47.9433 142.399 63.9508
32930000 164.625 -140.339 104.243 -15.603
32940000 164.675 -131.797 154.852 70.7634
32950000 164.725 -94.4357 227.685 81.4488
32960000 164.775 60.1375 300.474 203.135
32970000 164.825 -174.16 188.408 36.8836
32980000 164.875 -61.6753 282.876 177.583
32990000 164.925 150.399 401.36 158.037
33000000 164.975 203.452 350.882 293.349
33010000 165.025 57.9833 264.884 187.798
33020000 165.075 6.523 243.858 314.496
33030000 165.125 -3.2425 350.408 238.843
33040000 165.175 -52.5783 144.285 106.82
33050000 165.225 -191.941 108.999 1.08216
33060000 165.275 -61.3316 45.7264 110.815
33070000 165.325 -62.8109 138.927 176.327
33080000 165.375 -10.2156 251.899 173.525
33090000 165.425 -52.4026 63.3646 68.4474
33100000 165.475 -156.407 261.96 24.6202
33110000 165.525 -160.803 250.828 81.1164
33120000 165.575 124.816 394.277 211.954
33130000 165.625 -69.5615 329.195 12.5047
33140000 165.675 189.998 424.692 318.49
33150000 165.725 39.7105 396.488 226.116
33160000 165.775 -69.1777 293.507 51.5877
33170000 165.825 -196.405 104.791 -67.5658
33180000 165.875 -207.833 -5.00328 16.8611
33190000 165.925 -19.3951 145.601 138.706
33200000 165.975 167.62 317.286 290.173
33210000 166.025 176.996 242.684 219.295
33220000 166.075 32.7725 169.375 72.7278
33230000 166.125 30.2119 145.73 157.482
33240000 166.175 -19.8908 197.569 111.64
33250000 166.225 -29.9897 310.14 210.759
33260000 166.275 71.6166 284.162 383.029
33270000 166.325 -46.5874 296.688 166.499
33280000 166.375 17.2575 222.558 125.493
33290000 166.425 38.8373 323.42 133.959
33300000 166.475 -66.7838 235.891 -60.1731
33310000 166.525 -252.108 68.5948 -48.894
33320000 166.575 -44.0754 301.49 130.477
33330000 166.625 118.999 368.793 231.407
33340000 166.675 -12.6114 338.666 227.131
33350000 166.725 -25.1091 158.677 10.9988
33360000 166.775 -43.6982 105.113 95.067
33370000 166.825 109.594 326.987 188.873
33380000 166.875 20.6115 262.033 268.516
33390000 166.925 -9.04011 245.578 134.124
33400000 166.975 -4.68103 159.427 38.1751
33410000 167.025 -107.631 205.468 230.291
33420000 167.075 -29.569 338.203 248.299
33430000 167.125 -101.796 396.403 172.597
33440000 167.175 -37.4793 313.202 177.35
33450000 167.225 -28.0628 295.524 233.133
33460000 167.275 82.0576 346.257 169.998
33470000 167.325 70.6076 177.075 184.799
33480000 167.375 9.22395 307.778 292.984
33490000 167.425 -74.1622 312.819 87.7769
33500000 167.475 -232.097 235.652 46.1677
33510000 167.525 154.792 425.466 290.325
33520000 167.575 59.1494 324.702 260.75
33530000 167.625 -139.937 88.9184 34.3467
33540000 167.675 207.376 300.661 282.073
33550000 167.725 -42.2279 207.056 80.6621
33560000 167.775 -20.8449 292.101 144.163
33570000 167.825 70.1367 357.929 377.727
33580000 167.875 -321.71 94.1523 41.0443
33590000 167.925 -206.627 225.473 289.127
33600000 167.975 -175.702 148.999 119.852
33610000 168.025 -241.492 210.213 274.315
33620000 168.075 -71.8349 314.917 190.712
33630000 168.125 24.8331 255.996 142.686
33640000 168.175 -3.5544 346.472 152.357
33650000 168.225 -11.0735 205.815 130.256
33660000 168.275 -125.273 349.783 133.902
33670000 168.325 -14.8704 255.922 169.037
33680000 168.375 -221.86 114.785 183.092
33690000 168.425 -33.9827 257.894 47.6987
33700000 168.475 -106.962 175.031 -50.5913
33710000 168.525 -271.038 -16.9604 -27.997
33720000 168.575 -126.742 160.508 152.162
33730000 168.625 -96.9072 97.6135 168.351
33740000 168.675 -0.502594 143.97 241.515
33750000 168.725 -47.9943 179.302 85.0966
33760000 168.775 -2.75653 241.174 160.279
33770000 168.825 138.842 354.716 202.85
33780000 168.875 -83.9873 246.939 114.354
33790000 168.925 93.253 256.744 244.965
33800000 168.975 -30.601 165.991 105.703
33810000 169.025 17.5883 156.091 213.22
33820000 169.075 -187.128 57.1626 80.6239
33830000 169.125 -27.5589 114.671 114.565
33840000 169.175 105.952 206.187 181.501
33850000 169.225 -48.8337 230.899 231.373
33860000 169.275 98.9114 278.799 238.562
33870000 169.325 158.144 290.662 216.495
33880000 169.375 -13.0405 216.432 75.4962
33890000 169.425 -34.0728 223.375 182.009
33900000 169.475 37.8698 341.664 266.663
33910000 169.525 -161.765 169.792 120.841
33920000 169.575 -116.626 140.237 62.8916
33930000 169.625 22.061 189.415 234.282
33940000 169.675 196.399 322.865 315.741
33950000 169.725 103.866 234.738 239.839
33960000 169.775 -63.2002 71.1623 47.9848
33970000 169.825 -127.172 141.033 29.5338
33980000 169.875 -1.44538 292.296 302.437
33990000 169.925 -217.661 127.762 146.331
34000000 169.975 -68.8241 278.471 224.267
34010000 170.025 53.3493 310.874 338.01
34020000 170.075 -113.66 295.329 210.911
34030000 170.125 -137.601 224.124 157.8
34040000 170.175 -16.7459 334.216 264.757
34050000 170.225 -225.548 138.436 84.8554
34060000 170.275 -47.1114 304.85 177.279
34070000 170.325 -33.5948 359.625 248.161
34080000 170.375 87.3533 328.047 214.956
34090000 170.425 142.349 270.263 257.81
34100000 170.475 -31.4881 202.472 310.363
34110000 170.525 56.7633 264.274 401.797
34120000 170.575 129.902 155.871 269.151
34130000 170.625 -136.839 138.296 105.877
34140000 170.675 -3.7591 167.983 156.952
34150000 170.725 6.97866 173.898 130.911
34160000 170.775 -107.7 205.63 212.803
34170000 170.825 -80.5758 119.144 153.839
34180000 170.875 -139.645 127.865 -27.0475
34190000 170.925 59.8641 284.273 191.253
34200000 170.975 -58.6573 83.1163 43.0679
34210000 171.025 -1.46924 185.428 95.1532
34220000 171.075 98.4981 229.326 289.693
34230000 171.125 83.482 193.408 296.536
34240000 171.175 48.2852 264.561 221.608
34250000 171.225 125.605 293.922 174.835
34260000 171.275 -47.8785 256.486 15.5748
34270000 171.325 27.6747 146.642 68.6538
34280000 171.375 185.757 203.606 198.869
34290000 171.425 89.4908 174.35 190.874
34300000 171.475 68.2392 281.766 129.658
34310000 171.525 -154.823 145.075 10.5547
34320000 171.575 -149.901 122.742 82.1193
34330000 171.625 59.4913 408.901 202.354
34340000 171.675 -6.76124 334.329 214.666
34350000 171.725 52.0223 343.707 324.657
34360000 171.775 56.5123 229.218 236.636
34370000 171.825 -139.695 34.8138 53.4083
34380000 171.875 8.89109 286.294 81.1943
34390000 171.925 -92.3955 100.873 1.44785
34400000 171.975 61.7106 287.6 158.777
34410000 172.025 23.4425 355.464 269.929
34420000 172.075 -86.3524 194.032 82.825
34430000 172.125 -30.2083 251.748 74.4457
34440000 172.175 -153.793 202.522 163.422
34450000 172.225 -218.011 221.776 134.061
34460000 172.275 -163.554 232.359 147.303
34470000 172.325 -89.1505 170.153 187.463
34480000 172.375 5.99138 285.051 286.446
34490000 172.425 2.33209 318.22 251.463
34500000 172.475 -209.162 127.177 76.7915
34510000 172.525 -184.948 173.572 22.4922
34520000 172.575 -133.8 255.255 100.899
34530000 172.625 -28.8202 300.66 190.743
34540000 172.675 -16.9819 261.202 248.603
34550000 172.725 -218.955 237.064 188.085
34560000 172.775 81.2718 362.076 375.557
34570000 172.825 -206.837 182.565 43.7205
34580000 172.875 -173.99 169.954 239.046
34590000 172.925 -137.146 182.428 207.267
34600000 172.975 -208.077 44.5679 32.3464
34610000 173.025 -3.08363 244.726 61.1271
34620000 173.075 -97.337 140.614 79.9959
34630000 173.125 51.8919 273.051 202.249
34640000 173.175 -178.216 241.105 250.409
34650000 173.225 -155.368 221.707 170.665
34660000 173.275 -196.006 253.467 116.921
34670000 173.325 -210.77 215.334 129.575
34680000 173.375 23.1879 261.221 199.321
34690000 173.425 -118.959 183.192 128.408
34700000 173.475 -172.489 103.28 -4.31359
34710000 173.525 152.129 333.048 256.358
34720000 173.575 -39.0255 196.861 193.211
34730000 173.625 10.1976 309.447 206.588
34740000 173.675 -217.489 39.3506 -12.9342
34750000 173.725 -41.8997 245.63 56.0356
34760000 173.775 42.0254 377.175 147.07
34770000 173.825 220.307 419.323 264.62
34780000 173.875 186.43 546.292 357.349
34790000 173.925 6.26618 141.404 16.9185
34800000 173.975 -57.6528 161.057 124.56
34810000 174.025 -28.1416 227.434 124.145
34820000 174.075 -92.3039 271.049 83.8243
34830000 174.125 -31.7525 235.29 131.792
34840000 174.175 -1.13793 304.51 218.251
34850000 174.225 -97.6746 269.804 167.794
34860000 174.275 -57.7711 181.151 114.044
34870000 174.325 65.0402 264.544 201.118
34880000 174.375 37.1236 168.78 144.437
34890000 174.425 245.082 371.295 238.194
34900000 174.475 79.1516 336.567 215.805
34910000 174.525 -1.40398 273.491 124.847
34920000 174.575 -121.252 242.167 35.6545
34930000 174.625 -93.389 318.724 181.362
34940000 174.675 -54.0996 203.186 129.529
34950000 174.725 -88.5121 144.642 91.2602
34960000 174.775 -151.118 43.8023 -17.9455
34970000 174.825 9.75535 447.616 183.098
34980000 174.875 -44.8712 197.131 236.145
34990000 174.925 6.18944 175.582 297.711
35000000 174.975 15.0951 216.422 210.472
35010000 175.025 88.1699 270.431 168.785
35020000 175.075 63.5312 276.216 254.449
35030000 175.125 179.558 416.724 377.615
35040000 175.175 122.679 375.187 254.894
35050000 175.225 196.64 265.539 210.417
35060000 175.275 38.7608 146.481 34.6401
35070000 175.325 180.407 390.851 394.075
35080000 175.375 40.4816 315.809 288.177
35090000 175.425 136.732 414.702 413.574
35100000 175.475 176.573 349.496 293.188
35110000 175.525 14.4321 195.403 146.418
35120000 175.575 -29.7869 207.769 154.924
35130000 175.625 -41.0901 186.82 88.9788
35140000 175.675 215.913 226.995 229.893
35150000 175.725 -56.1385 97.8051 174.849
35160000 175.775 60.8185 228.248 152.22
35170000 175.825 -184.766 115.292 97.8301
35180000 175.875 -76.9013 174.143 126.104
35190000 175.925 47.3638 209.469 170.298
35200000 175.975 91.3286 434.966 277.061
35210000 176.025 48.5672 338.878 155.234
35220000 176.075 -42.0247 244.037 -14.127
35230000 176.125 168.131 491.888 261.834
35240000 176.175 89.0405 356.53 215.251
35250000 176.225 -129.754 340.972 194.717
35260000 176.275 -148.712 194.094 151.431
35270000 176.325 -103.632 173.967 142.961
35280000 176.375 -118.512 68.4815 116.825
35290000 176.425 145.374 342.049 426.478
35300000 176.475 -97.2809 128.461 135.425
35310000 176.525 75.7487 201.241 165.36
35320000 176.575 82.1726 205.768 213.763
35330000 176.625 10.3569 90.3953 197.504
35340000 176.675 112.989 180.903 144.125
35350000 176.725 29.2044 166.086 112.265
35360000 176.775 -44.5222 42.9501 20.4231
35370000 176.825 -85.8721 207 11.1066
35380000 176.875 43.6269 298.025 223.828
35390000 176.925 -18.09 349.192 173.091
35400000 176.975 -117.325 213.792 59.7869
35410000 177.025 -24.4937 326.317 263.225
35420000 177.075 -109.15 339.147 172.871
35430000 177.125 -18.5279 161.063 231.272
35440000 177.175 -171.607 75.223 133.191
35450000 177.225 -56.442 235.006 145.052
35460000 177.275 -47.377 202.506 180.401
35470000 177.325 61.8771 208.926 247.335
35480000 177.375 123.594 252.002 242.354
35490000 177.425 34.4825 173.713 141.193
35500000 177.475 -14.1547 227.423 166.111
35510000 177.525 -4.34007 259.639 123.941
35520000 177.575 14.3867 332.287 256.684
35530000 177.625 -3.59065 265.863 279.328
35540000 177.675 -97.3123 245.185 253.125
35550000 177.725 -101.987 229.804 290.186
35560000 177.775 -92.1249 182.746 269.678
35570000 177.825 148.64 344.359 384.258
35580000 177.875 -37.0222 104.694 136.882
35590000 177.925 78.2242 166.666 216.592
35600000 177.975 331.847 450.571 378.506
35610000 178.025 131.799 133.847 183.89
35620000 178.075 111.609 289.932 185.762
35630000 178.125 -88.3118 119.755 -22.3562
35640000 178.175 1.71602 160.401 169.699
35650000 178.225 167.579 315.599 326.368
35660000 178.275 78.0027 225.049 193.339
35670000 178.325 16.0748 180.556 190.627
35680000 178.375 117.648 226.621 353.032
35690000 178.425 -69.778 60.6116 131.58
35700000 178.475 -1.69683 128.529 23.5404
35710000 178.525 -18.3853 131.041 139.856
35720000 178.575 -35.6003 24.1138 93.3075
35730000 178.625 10.4269 223.828 130.25
35740000 178.675 -128.83 67.1754 -12.0029
35750000 178.725 121.527 267.064 157.567
35760000 178.775 118.143 443.756 389.532
35770000 178.825 -57.1654 9.34397 175.941
35780000 178.875 88.0527 194.065 233.01
35790000 178.925 -53.1182 59.3772 102.514
35800000 178.975 -233.969 101.505 70.254
35810000 179.025 -227.975 65.919 -25.6723
35820000 179.075 -97.7213 278.835 129.663
35830000 179.125 -74.2196 196.517 131.355
35840000 179.175 4.85593 276.142 170.104
35850000 179.225 106.621 364.696 287.936
35860000 179.275 -122.972 82.1834 89.2028
35870000 179.325 28.8291 315.688 118.387
35880000 179.375 -40.1424 131.874 93.0211
35890000 179.425 60.0257 324.905 194.747
35900000 179.475 -35.1886 131.077 113.546
35910000 179.525 10.3966 294.139 213.183
35920000 179.575 46.0397 197.741 330.497
35930000 179.625 -26.5876 262.194 119.967
35940000 179.675 -54.7861 193.596 34.4234
35950000 179.725 44.3424 191.104 172.69
35960000 179.775 -22.6493 146.426 86.0624
35970000 179.825 -137.352 166.318 15.6834
35980000 179.875 27.4745 382.731 46.9817
35990000 179.925 104.563 398.039 198.548
36000000 179.975 17.0717 303.948 42.2979
36010000 180.025 -105.459 240.594 -8.86703
36020000 180.075 -58.2729 364.582 232.921
36030000 180.125 15.2188 194.616 239.308
36040000 180.175 -59.9399 216.293 197.056
36050000 180.225 -52.1649 252.838 196.898
36060000 180.275 -91.8246 148.44 264.784
36070000 180.325 -84.9787 255.317 225.338
36080000 180.375 -46.6716 39.2475 101.472
36090000 180.425 72.0437 103.665 126.851
36100000 180.475 155.47 186.214 144.852
36110000 180.525 -34.5167 126.568 110.898
36120000 180.575 21.7908 355.94 190.721
36130000 180.625 -65.5757 206.093 129.62
36140000 180.675 -0.863686 351.11 281.779
36150000 180.725 -29.3901 307.996 225.904
36160000 180.775 -219.371 29.5274 -0.0184002
36170000 180.825 3.58506 281.693 143.21
36180000 180.875 -160.786 184.052 246.303
36190000 180.925 -204.674 182.443 165.896
36200000 180.975 -97.6787 79.2804 180.116
36210000 181.025 -12.7796 305.664 242.54
36220000 181.075 -242.892 128.803 -100.391
36230000 181.125 -156.35 24.3902 83.357
36240000 181.175 -156.65 173.111 96.5881
36250000 181.225 81.5816 284.192 262.02
36260000 181.275 -74.4733 234.591 238.006
36270000 181.325 -188.006 218.216 102.479
36280000 181.375 -69.0295 300.837 82.4981
36290000 181.425 129.169 269.636 402.217
36300000 181.475 116.516 383.037 221.993
36310000 181.525 -163.537 145.92 164.53
36320000 181.575 -30.0401 49.2254 131.952
36330000 181.625 -143.563 162.112 231.943
36340000 181.675 -24.4445 186.862 264.554
36350000 181.725 7.87913 175.607 187.911
36360000 181.775 -123.257 115.899 150.869
36370000 181.825 -177.94 86.529 90.6371
36380000 181.875 -58.043 242.063 242.014
36390000 181.925 -20.4568 295.578 423.067
36400000 181.975 -261.497 128.489 90.4141
36410000 182.025 -103.436 284.87 308.395
36420000 182.075 -94.1324 156.244 149.025
36430000 182.125 -227.469 95.1463 -43.7701
36440000 182.175 -69.5498 258.527 149.278
36450000 182.225 -21.4003 355.202 247.521
36460000 182.275 -49.7919 230.735 262.694
36470000 182.325 -223.141 111.02 13.5407
36480000 182.375 -86.4728 104.672 66.3392
36490000 182.425 -84.2375 -55.0748 -45.9873
36500000 182.475 59.7689 83.4895 127.363
36510000 182.525 147.825 245.956 198.438
36520000 182.575 -199.47 126.017 1.85349
36530000 182.625 -43.0389 140.093 195.777
36540000 182.675 -63.0763 199.816 108.849
36550000 182.725 33.7361 276.728 139.266
36560000 182.775 -103.852 127.931 96.4439
36570000 182.825 -71.7008 207.563 201.887
36580000 182.875 81.016 406.144 125.578
36590000 182.925 136.397 156.494 46.53
36600000 182.975 110.203 212.745 32.3785
36610000 183.025 -29.6365 176.628 147.218
36620000 183.075 -45.2917 188.631 102.435
36630000 183.125 -91.4035 311.812 170.211
36640000 183.175 41.2072 337.794 348.6
36650000 183.225 35.5826 170.939 330.99
36660000 183.275 36.3973 180.939 181.861
36670000 183.325 24.6476 212.536 323.352
36680000 183.375 9.60103 231.66 202.249
36690000 183.425 -32.6123 263.235 149.158
36700000 183.475 -29.9118 125.942 179.779
36710000 183.525 54.656 314.451 269.774
36720000 183.575 92.589 365.601 425.626
36730000 183.625 89.1267 378.2 420.348
36740000 183.675 17.1955 142.421 228.792
36750000 183.725 -4.47366 155.307 258.359
36760000 183.775 116.693 246.144 332.244
36770000 183.825 -62.4404 171.611 195.789
36780000 183.875 -211.112 106.094 131.594
36790000 183.925 -90.4081 139.128 171.546
36800000 183.975 -139.62 241.169 129.304
36810000 184.025 -166.957 163.428 58.5807
36820000 184.075 -103.539 165.26 239.438
36830000 184.125 -1.86067 295.605 215.281
36840000 184.175 -83.903 249.153 40.4914
36850000 184.225 -268.022 155.934 79.9008
36860000 184.275 -132.386 151.318 72.3941
36870000 184.325 -64.8331 239.192 97.7877
36880000 184.375 -9.58191 282.027 171.041
36890000 184.425 20.7623 232.81 168.823
36900000 184.475 64.0094 264.139 298.901
36910000 184.525 -10.4214 162.79 176.37
36920000 184.575 75.6764 215.278 235.348
36930000 184.625 -56.0842 195.709 129.848
36940000 184.675 -19.0538 73.5175 281.135
36950000 184.725 -50.8233 93.1786 145.322
36960000 184.775 130.952 264.413 268.706
36970000 184.825 23.7303 274.554 256.242
36980000 184.875 -241.249 42.7367 154.158
36990000 184.925 -50.0198 227.74 71.953
37000000 184.975 49.86 265.468 321.591
37010000 185.025 98.408 285.817 170.421
37020000 185.075 11.9295 256.043 85.4246
37030000 185.125 6.51051 328.644 196.372
37040000 185.175 39.6382 176.578 238.597
37050000 185.225 -38.6403 152.618 23.385
37060000 185.275 -66.8498 199.776 133.051
37070000 185.325 -57.6437 151.685 83.5569
37080000 185.375 -204.069 120.018 73.451
37090000 185.425 -132.413 181.845 142.515
37100000 185.475 -206.137 150.22 72.0784
37110000 185.525 54.0542 305.662 310.967
37120000 185.575 -83.5149 242.311 201
37130000 185.625 -94.8112 216.346 272.256
37140000 185.675 -139.8 -23.7125 25.7065
37150000 185.725 -193.336 50.4715 -120.846
37160000 185.775 54.4743 246.297 239.303
37170000 185.825 -45.8881 274.854 169.445
37180000 185.875 -189.177 229.408 65.9721
37190000 185.925 -52.1173 372.141 169.119
37200000 185.975 -45.7793 277.162 97.7316
37210000 186.025 37.514 190.558 167.309
37220000 186.075 26.2243 174.47 42.2749
37230000 186.125 -19.5299 206.331 49.5768
37240000 186.175 -42.0419 125.363 69.8999
37250000 186.225 240.014 296.011 289.2
37260000 186.275 93.3338 297.374 271.533
37270000 186.325 106.615 132.921 71.8356
37280000 186.375 101.177 190.308 227.38
37290000 186.425 -33.3587 27.6707 112.247
37300000 186.475 97.4038 275.333 308.819
37310000 186.525 -69.7537 47.7261 96.9706
37320000 186.575 -63.8905 115.404 230.157
37330000 186.625 -91.4053 156.757 227.553
37340000 186.675 37.2309 255.08 236.971
37350000 186.725 -67.8275 217.51 157.318
37360000 186.775 65.5446 248.899 188.345
37370000 186.825 -51.6732 56.1894 23.4481
37380000 186.875 20.734 196.24 153.47
37390000 186.925 -122.76 110.124 11.6921
37400000 186.975 -74.974 83.0394 32.3205
37410000 187.025 -91.1468 62.9826 -16.4484
37420000 187.075 101.771 189.044 124.079
37430000 187.125 63.2645 179.831 134.903
37440000 187.175 120.397 357.52 164.951
37450000 187.225 33.6044 316.845 77.8444
37460000 187.275 135.221 446.234 247.061
37470000 187.325 -8.23121 200.564 125.591
37480000 187.375 -88.5163 96.1793 74.4801
37490000 187.425 -1.85527 171.076 17.3491
37500000 187.475 -14.1298 164.499 221.233
37510000 187.525 -44.8857 208.164 136.281
37520000 187.575 65.9978 331.738 216.003
37530000 187.625 -145.189 97.8063 31.5911
37540000 187.675 76.5745 303.606 123.794
37550000 187.725 173.31 319.594 207.264
37560000 187.775 175.703 185.503 226.692
37570000 187.825 94.4915 289.036 167.484
37580000 187.875 -192.609 242.144 107.151
37590000 187.925 -71.6189 140.71 129.541
37600000 187.975 26.3481 344.611 246.607
37610000 188.025 187.35 299.101 212.761
37620000 188.075 75.7405 209.885 129.591
37630000 188.125 4.31108 210.879 128.482
37640000 188.175 -54.6072 106.125 -19.4577
37650000 188.225 130.192 304.808 236.932
37660000 188.275 12.3002 256.627 133.551
37670000 188.325 76.2386 313.778 231.206
37680000 188.375 -156.768 140.368 197.947
37690000 188.425 -196.288 244.362 190.136
37700000 188.475 -120.269 289.572 95.548
37710000 188.525 -85.8952 244.823 257.831
37720000 188.575 -241.396 202.013 181.123
37730000 188.625 -156.897 306.697 167.835
37740000 188.675 -45.2557 438.738 216.497
37750000 188.725 -176.087 287.471 280.691
37760000 188.775 -27.7669 419.362 304.962
37770000 188.825 -12.3179 379.526 279.115
37780000 188.875 -117.752 315.756 157.224
37790000 188.925 -178.107 233.746 168.222
37800000 188.975 73.6761 257.532 277.135
37810000 189.025 15.2364 275.499 145.253
37820000 189.075 -26.6922 142.896 193.123
37830000 189.125 153.932 210.414 139.129
37840000 189.175 120.702 203.186 139.696
37850000 189.225 -118.25 64.0213 53.3416
37860000 189.275 -181.219 169.282 116.443
37870000 189.325 166.68 285.213 435.256
37880000 189.375 10.4756 77.8077 143.608
37890000 189.425 37.6424 95.1214 157.435
37900000 189.475 -72.6293 59.664 131.291
37910000 189.525 -78.8445 140.662 161.064
37920000 189.575 169.356 317.19 221.493
37930000 189.625 168.546 249.117 204.508
37940000 189.675 -56.0286 271.63 153.346
37950000 189.725 75.0382 340.623 146.665
37960000 189.775 63.9654 341.428 157.602
37970000 189.825 -41.8341 296.467 246.126
37980000 189.875 14.63 176.663 145.005
37990000 189.925 -85.3184 175.649 94.7803
38000000 189.975 -100.32 135.675 178.712
38010000 190.025 73.5063 291.419 323.479
38020000 190.075 9.94391 197.738 232.09
38030000 190.125 -90.155 343.665 179.078
38040000 190.175 -59.9781 326.217 345.562
38050000 190.225 -146.561 241.234 210.923
38060000 190.275 4.58069 260.17 173.468
38070000 190.325 10.0908 198.856 60.7183
38080000 190.375 118.087 216.973 79.7259
38090000 190.425 -56.248 49.4074 21.3753
38100000 190.475 5.12299 192.272 228.352
38110000 190.525 62.2595 311.805 137.287
38120000 190.575 -110.867 218.409 159.165
38130000 190.625 32.2843 174.911 236.521
38140000 190.675 51.0869 186.762 205.304
38150000 190.725 88.5742 423.723 447.584
38160000 190.775 -123.595 257.12 212.753
38170000 190.825 -150.02 282.289 128.427
38180000 190.875 -55.3472 322.404 27.8749
38190000 190.925 -29.6588 242.648 5.94056
38200000 190.975 -194.68 211.95 -55.406
38210000 191.025 21.2102 248.576 202.591
38220000 191.075 -98.6564 251.145 125.292
38230000 191.125 -103.932 196.81 150.338
38240000 191.175 132.325 345.804 298.608
38250000 191.225 39.2303 288.994 180.496
38260000 191.275 113.879 352.257 233.426
38270000 191.325 32.8738 248.213 190.082
38280000 191.375 68.3095 201.746 167.818
38290000 191.425 -86.6147 154.905 54.1351
38300000 191.475 -10.2269 222.215 107.16
38310000 191.525 -13.4967 250.432 183.462
38320000 191.575 8.46686 228.403 261.441
38330000 191.625 -315.173 31.3197 -10.5359
38340000 191.675 182.692 216.437 349.951
38350000 191.725 241.424 320.056 328.034
38360000 191.775 67.0551 209.945 123.578
38370000 191.825 88.2572 136.62 58.2887
38380000 191.875 34.9543 179.582 119.006
38390000 191.925 -19.6855 204.804 148.698
38400000 191.975 3.51481 142.972 160.6
38410000 192.025 -30.2072 136.272 152.724
38420000 192.075 -11.9876 74.2096 107.022
38430000 192.125 17.3856 206.862 124.502
38440000 192.175 -46.3648 47.2525 12.6392
38450000 192.225 -42.4257 264.757 269.12
38460000 192.275 -38.8118 193.87 264.622
38470000 192.325 8.31718 335.282 184.176
38480000 192.375 -77.7385 107.503 -42.3617
38490000 192.425 299.542 360.669 235.874
38500000 192.475 81.8772 227.454 198.049
38510000 192.525 20.892 277.58 216.681
38520000 192.575 -13.5527 264.562 129.586
38530000 192.625 -73.5018 254.634 80.1686
38540000 192.675 -177.923 161.04 34.0504
38550000 192.725 -213.942 89.0874 -50.233
38560000 192.775 -73.3798 235.883 157.234
38570000 192.825 52.681 130.144 101.356
38580000 192.875 252.42 304.871 209.228
38590000 192.925 75.0254 313.55 -27.7888
38600000 192.975 72.8052 125.655 27.5544
38610000 193.025 46.5657 183.791 181.52
38620000 193.075 43.5433 208.907 256.902
38630000 193.125 53.4319 307.602 225.905
38640000 193.175 17.5488 210.004 238.906
38650000 193.225 -34.907 179.231 161.208
38660000 193.275 101.563 111.987 261.536
38670000 193.325 -34.1223 170.878 186.655
38680000 193.375 -64.164 244.124 74.1975
38690000 193.425 -116.579 160.012 63.8314
38700000 193.475 -13.499 238.745 203.327
38710000 193.525 -92.6059 230.416 41.6634
38720000 193.575 203.888 280.877 364.658
38730000 193.625 -102.864 215.162 135.102
38740000 193.675 163.057 432.374 355.283
38750000 193.725 131.631 339.439 313.684
38760000 193.775 278.913 452.471 395.347
38770000 193.825 -4.6885 242.893 236.991
38780000 193.875 184.617 335.839 229.565
38790000 193.925 10.5145 195.476 84.0049
38800000 193.975 225.147 356.138 315.923
38810000 194.025 41.3595 281.247 291.623
38820000 194.075 16.2148 161.537 180.232
38830000 194.125 -39.4691 192.331 133.362
38840000 194.175 19.3904 185.202 99.2715
38850000 194.225 28.7669 246.443 201.863
38860000 194.275 -73.1165 240.079 113.453
38870000 194.325 200.636 335.813 227.008
38880000 194.375 204.431 401.126 209.85
38890000 194.425 123.287 379.599 92.5457
38900000 194.475 -56.4772 120.795 -53.2612
38910000 194.525 60.2805 164.308 164.565
38920000 194.575 125.096 240.113 114.686
38930000 194.625 171.101 291.162 234.512
38940000 194.675 246.114 313.103 318.459
38950000 194.725 90.5659 253.984 111.918
38960000 194.775 -13.5001 199.058 143.312
38970000 194.825 -107.903 154.953 88.1703
38980000 194.875 -170.977 172.715 94.6308
38990000 194.925 92.2385 311.735 172.884
39000000 194.975 34.7124 189.1 124.998
39010000 195.025 124.531 359.732 214.124
39020000 195.075 -81.612 204.016 15.6684
39030000 195.125 -93.7193 308.962 40.8735
39040000 195.175 101.621 356.02 320.153
39050000 195.225 -37.2451 120.731 96.0739
39060000 195.275 14.8671 264.591 124.319
39070000 195.325 -63.9488 303.342 235.57
39080000 195.375 28.6142 293.377 235.687
39090000 195.425 27.0342 314.076 367.999
39100000 195.475 -28.7549 177.12 216.21
39110000 195.525 -20.6068 215.454 160.578
39120000 195.575 -72.4057 207.767 162.483
39130000 195.625 -82.3977 172.659 150.691
39140000 195.675 99.7295 347.006 318.868
39150000 195.725 -64.1813 150.799 146.529
39160000 195.775 -29.8428 267.679 218.117
39170000 195.825 5.64612 228.057 224.118
39180000 195.875 39.7568 255.061 343.763
39190000 195.925 -103.042 126.925 313.463
39200000 195.975 -79.749 79.1222 378.266
39210000 196.025 -90.0194 217.264 298.714
39220000 196.075 23.2545 226.149 350.348
39230000 196.125 -34.5391 110.459 210.405
39240000 196.175 -103.08 49.9099 178.641
39250000 196.225 82.1837 316.633 217.282
39260000 196.275 -73.946 89.8319 143.855
39270000 196.325 225.449 377.334 343.406
39280000 196.375 -20.5334 143.682 118.196
39290000 196.425 2.36247 246.06 133.454
39300000 196.475 47.7497 294.113 118.766
39310000 196.525 129.825 360.347 287.843
39320000 196.575 19.5549 139.922 98.5184
39330000 196.625 53.5518 141.81 206.846
39340000 196.675 135.373 240.477 276.4
39350000 196.725 109.932 228.42 284.05
39360000 196.775 44.6646 185.744 277.918
39370000 196.825 -158.119 163.143 146.192
39380000 196.875 52.0855 198.5 187.08
39390000 196.925 25.5435 126.561 213.971
39400000 196.975 -275.103 3.63065 71.3855
39410000 197.025 -89.3755 175.467 196.938
39420000 197.075 55.3766 211.649 264.231
39430000 197.125 81.5777 283.515 222.631
39440000 197.175 -204.648 152.503 -90.3244
39450000 197.225 -140.525 247.327 166.24
39460000 197.275 -151.64 264.356 115.673
39470000 197.325 164.268 435.695 426.458
39480000 197.375 90.7809 486.999 263.108
39490000 197.425 -117.586 336.663 194.958
39500000 197.475 32.1443 419.796 220.187
39510000 197.525 -2.19475 438.278 196.927
39520000 197.575 24.1904 369.559 223.982
39530000 197.625 -72.4107 223.374 -16.4249
39540000 197.675 -79.3569 134.1 9.20742
39550000 197.725 -46.9601 322.441 153.653
39560000 197.775 63.771 316.648 171.842
39570000 197.825 22.3578 230.816 148.264
39580000 197.875 74.0489 207.155 9.31689
39590000 197.925 33.4779 251.708 149.88
39600000 197.975 -121.698 97.2659 176.6
39610000 198.025 -108.412 196.188 169.539
39620000 198.075 -28.4365 206.194 157.137
39630000 198.125 56.8455 249.629 141.279
39640000 198.175 37.1709 263.694 157.77
39650000 198.225 -47.917 289.062 158.619
39660000 198.275 -174.995 149.43 99.5894
39670000 198.325 -85.5256 270.411 150.499
39680000 198.375 -42.4731 145.917 91.5329
39690000 198.425 159.702 214.017 73.7711
39700000 198.475 -72.2853 46.8162 90.7304
39710000 198.525 215.074 237.821 178.855
39720000 198.575 6.36239 109.119 182.277
39730000 198.625 -11.7033 74.3387 83.3405
39740000 198.675 -108.704 197.34 108.548
39750000 198.725 -64.783 200.555 22.4216
39760000 198.775 129.957 198.792 181.908
39770000 198.825 132.962 237.658 194.745
39780000 198.875 144.102 336.082 172.19
39790000 198.925 145.623 350.177 263.202
39800000 198.975 45.7202 308.691 202.175
39810000 199.025 -78.8604 156.66 56.8727
39820000 199.075 -89.936 255.738 160.262
39830000 199.125 -6.71156 366.515 136.285
39840000 199.175 -101.34 348.061 159.08
39850000 199.225 -26.3671 244.233 108.498
39860000 199.275 -52.017 339.479 170.429
39870000 199.325 -74.2824 316.371 312.938
39880000 199.375 -22.8913 418.279 196.927
39890000 199.425 27.0258 298.129 222.133
39900000 199.475 87.4587 321.036 279.746
39910000 199.525 28.4067 439.8 303.536
39920000 199.575 -12.3289 416.08 280.898
39930000 199.625 31.3205 390.153 248.486
39940000 199.675 -57.7324 218.135 279.288
39950000 199.725 24.3817 425.509 229.222
39960000 199.775 -64.9596 248.641 107.104
39970000 199.825 -205.294 196.608 84.8844
39980000 199.875 -11.4604 319.427 322.281
39990000 199.925 18.273 254.347 321.64
40000000 199.975 -55.7234 252.423 253.081
40010000 200.025 -15.3251 406.347 279.875
40020000 200.075 -260.766 52.3186 53.3813
40030000 200.125 68.6976 402.169 336.853
40040000 200.175 -144.14 113.787 75.7231
40050000 200.225 -78.3274 172.819 52.5665
40060000 200.275 46.9198 228.151 167.33
40070000 200.325 -38.3585 256.291 173.923
40080000 200.375 93.2149 250.375 189.893
40090000 200.425 -139.514 103.693 168.771
40100000 200.475 -118.653 336.111 208.328
40110000 200.525 -180.558 294.524 95.4872
40120000 200.575 -126.989 265.393 -0.927743
40130000 200.625 -30.9467 259.282 111.838
40140000 200.675 93.893 402.598 181.549
40150000 200.725 -68.9575 287.766 23.515
40160000 200.775 -107.565 254.695 78.5671
40170000 200.825 -123.437 352.622 -23.9908
40180000 200.875 -0.133819 338.109 261.682
40190000 200.925 -37.8136 179.393 252.558
40200000 200.975 83.6651 306.806 333.033
40210000 201.025 93.2435 362.043 192.566
40220000 201.075 40.4068 277.926 199.048
40230000 201.125 154.184 342.257 174.834
40240000 201.175 -156.984 85.9383 72.6519
40250000 201.225 60.6936 217.516 88.5514
40260000 201.275 105.729 185.184 118.324
40270000 201.325 -71.9522 191.903 122.22
40280000 201.375 6.42378 258.025 62.5701
40290000 201.425 169.468 351.484 115.943
40300000 201.475 159.763 319.052 242.628
40310000 201.525 -199.383 107.595 112.774
40320000 201.575 -194.049 120.974 55.562
40330000 201.625 -17.1164 262.96 84.3914
40340000 201.675 -162.912 196.124 51.3507
40350000 201.725 65.0099 295.182 164.463
40360000 201.775 -18.1246 323.126 21.9619
40370000 201.825 -22.8803 180.251 43.7293
40380000 201.875 104.322 299.439 307.044
40390000 201.925 86.4843 386.148 191.436
40400000 201.975 -69.0591 178.553 83.9973
40410000 202.025 126.502 146.694 200.411
40420000 202.075 35.9458 235.251 157.57
40430000 202.125 70.6147 323.559 198.678
40440000 202.175 -78.0178 260.149 115.091
40450000 202.225 8.06354 220.131 167.921
40460000 202.275 -15.2718 128.664 99.3607
40470000 202.325 52.0926 193.009 159.648
40480000 202.375 94.7314 204.496 305.283
40490000 202.425 63.2146 119.929 279.418
40500000 202.475 183.686 286.408 300.095
40510000 202.525 176.625 408.422 344.023
40520000 202.575 150.733 467.883 312.974
40530000 202.625 51.3892 223.45 143.287
40540000 202.675 -13.0757 337.267 249.244
40550000 202.725 -32.6179 184.032 186.921
40560000 202.775 -64.0635 268.371 178.56
40570000 202.825 30.5095 195.301 325.43
40580000 202.875 -33.0299 299.62 233.333
40590000 202.925 -33.7314 204.192 145.847
40600000 202.975 -67.0324 296.985 102.906
