# Time-averaged data for fix dave
# TimeStep v_rho
11002000 0.792734
11003000 0.791561
11004000 0.79075
11005000 0.790094
11006000 0.789217
11007000 0.789652
11008000 0.789206
11009000 0.78879
11010000 0.788366
11011000 0.78843
11012000 0.788485
11013000 0.788607
11014000 0.788439
11015000 0.788595
11016000 0.788626
11017000 0.78904
11018000 0.788992
11019000 0.789102
11020000 0.789009
11021000 0.789058
11022000 0.789133
11023000 0.788979
11024000 0.789017
11025000 0.788878
11026000 0.788648
11027000 0.788587
11028000 0.78851
11029000 0.788411
11030000 0.78827
11031000 0.788292
11032000 0.788184
11033000 0.78815
11034000 0.788035
11035000 0.787919
11036000 0.787769
11037000 0.787686
11038000 0.787463
11039000 0.787357
11040000 0.787237
11041000 0.787054
11042000 0.786896
11043000 0.786786
11044000 0.786636
11045000 0.786464
11046000 0.786259
11047000 0.78621
11048000 0.786168
11049000 0.785981
11050000 0.785845
11051000 0.78573
11052000 0.785676
11053000 0.785709
11054000 0.785587
11055000 0.785629
11056000 0.785658
11057000 0.785639
11058000 0.785671
11059000 0.78568
11060000 0.785675
11061000 0.785552
11062000 0.785485
11063000 0.785386
11064000 0.785348
11065000 0.785279
11066000 0.785197
11067000 0.785141
11068000 0.785113
11069000 0.785011
11070000 0.785004
11071000 0.784988
11072000 0.784979
11073000 0.784953
11074000 0.784876
11075000 0.784851
11076000 0.784813
11077000 0.784767
11078000 0.784749
11079000 0.784688
11080000 0.784629
11081000 0.784632
11082000 0.784678
11083000 0.784683
11084000 0.784623
11085000 0.784618
11086000 0.784629
11087000 0.784639
11088000 0.784632
11089000 0.784636
11090000 0.784609
11091000 0.784612
11092000 0.784618
11093000 0.784585
11094000 0.784524
11095000 0.784505
11096000 0.784467
11097000 0.784454
11098000 0.784487
11099000 0.784499
11100000 0.784502
11101000 0.784454
11102000 0.784471
11103000 0.78443
11104000 0.784389
11105000 0.784403
11106000 0.784345
11107000 0.784282
11108000 0.784274
11109000 0.784238
11110000 0.784192
11111000 0.784111
11112000 0.784032
11113000 0.783934
11114000 0.783861
11115000 0.783819
11116000 0.78376
11117000 0.783715
11118000 0.78365
11119000 0.783617
11120000 0.783601
11121000 0.783555
11122000 0.78352
11123000 0.783461
11124000 0.783397
11125000 0.783411
11126000 0.783406
11127000 0.783378
11128000 0.783361
11129000 0.783298
11130000 0.78323
11131000 0.783153
11132000 0.783096
11133000 0.783019
11134000 0.782968
11135000 0.782889
11136000 0.782841
11137000 0.782787
11138000 0.782758
11139000 0.78272
11140000 0.782644
11141000 0.782653
11142000 0.782601
11143000 0.782622
11144000 0.78265
11145000 0.782611
11146000 0.782572
11147000 0.782572
11148000 0.782574
11149000 0.782565
11150000 0.782549
11151000 0.782529
11152000 0.782475
11153000 0.782415
11154000 0.782372
11155000 0.782322
11156000 0.782275
11157000 0.782242
11158000 0.782229
11159000 0.782218
11160000 0.782194
11161000 0.782216
11162000 0.782218
11163000 0.782193
11164000 0.782186
11165000 0.782167
11166000 0.782172
11167000 0.782176
11168000 0.782161
11169000 0.782134
11170000 0.782105
11171000 0.782077
11172000 0.782073
11173000 0.782068
11174000 0.782046
11175000 0.782025
11176000 0.782004
11177000 0.782022
11178000 0.782068
11179000 0.782059
11180000 0.782037
11181000 0.78202
11182000 0.781985
11183000 0.78195
11184000 0.781914
11185000 0.781897
11186000 0.781888
11187000 0.78187
11188000 0.781865
11189000 0.781818
11190000 0.781779
11191000 0.781749
11192000 0.781711
11193000 0.781661
11194000 0.781614
11195000 0.78158
11196000 0.781516
11197000 0.781451
11198000 0.781387
11199000 0.78136
11200000 0.781339
11201000 0.781319
11202000 0.781332
11203000 0.781311
11204000 0.781292
11205000 0.781285
11206000 0.781264
11207000 0.781243
11208000 0.781204
11209000 0.7812
11210000 0.781205
11211000 0.781212
11212000 0.781218
11213000 0.781204
11214000 0.781217
11215000 0.781235
11216000 0.781248
11217000 0.781255
11218000 0.781258
11219000 0.781249
11220000 0.781226
11221000 0.781237
11222000 0.781225
11223000 0.781235
11224000 0.781232
11225000 0.781234
11226000 0.781228
11227000 0.781241
11228000 0.781235
11229000 0.781223
11230000 0.781232
11231000 0.781219
11232000 0.781229
11233000 0.781219
11234000 0.781241
11235000 0.781261
11236000 0.781287
11237000 0.781288
11238000 0.781304
11239000 0.781306
11240000 0.781308
11241000 0.781314
11242000 0.781321
11243000 0.781313
11244000 0.781339
11245000 0.781331
11246000 0.781344
11247000 0.781361
11248000 0.781361
11249000 0.781367
11250000 0.781358
11251000 0.781344
11252000 0.781336
11253000 0.781332
11254000 0.781336
11255000 0.781312
11256000 0.781301
11257000 0.781298
11258000 0.781314
11259000 0.781294
11260000 0.781283
11261000 0.781288
11262000 0.781308
11263000 0.781296
11264000 0.781278
11265000 0.781242
11266000 0.781202
11267000 0.781192
11268000 0.781178
11269000 0.781161
11270000 0.781134
11271000 0.781117
11272000 0.781116
11273000 0.781104
11274000 0.781096
11275000 0.781115
11276000 0.78111
11277000 0.781119
11278000 0.781118
11279000 0.781111
11280000 0.781099
11281000 0.781107
11282000 0.781099
11283000 0.781087
11284000 0.781074
11285000 0.781056
11286000 0.781054
11287000 0.781043
11288000 0.78104
11289000 0.781042
11290000 0.781045
11291000 0.781024
11292000 0.781032
11293000 0.781032
11294000 0.781025
11295000 0.781002
11296000 0.780977
11297000 0.780943
11298000 0.780931
11299000 0.780905
11300000 0.780881
11301000 0.780858
11302000 0.780849
11303000 0.780842
11304000 0.780841
11305000 0.780852
11306000 0.780837
11307000 0.780835
11308000 0.780841
11309000 0.780842
11310000 0.780839
11311000 0.78082
11312000 0.780809
11313000 0.780803
11314000 0.780802
11315000 0.780813
11316000 0.780798
11317000 0.78079
11318000 0.780787
11319000 0.780794
11320000 0.780791
11321000 0.780797
11322000 0.780789
11323000 0.780782
11324000 0.780773
11325000 0.780787
11326000 0.780791
11327000 0.780772
11328000 0.780773
11329000 0.780769
11330000 0.78075
11331000 0.780746
11332000 0.780746
11333000 0.780751
11334000 0.780763
11335000 0.780767
11336000 0.780787
11337000 0.780794
11338000 0.780802
11339000 0.780801
11340000 0.78081
11341000 0.780812
11342000 0.780803
11343000 0.780792
11344000 0.780801
11345000 0.780794
11346000 0.780772
11347000 0.780775
11348000 0.780769
11349000 0.780749
11350000 0.78073
11351000 0.780739
11352000 0.780747
11353000 0.780748
11354000 0.78075
11355000 0.78076
11356000 0.780756
11357000 0.780767
11358000 0.780761
11359000 0.780763
11360000 0.780749
11361000 0.780748
11362000 0.780728
11363000 0.780715
11364000 0.780705
11365000 0.780692
11366000 0.780673
11367000 0.780666
11368000 0.780657
11369000 0.780639
11370000 0.780619
11371000 0.780614
11372000 0.780595
11373000 0.780573
11374000 0.78055
11375000 0.780541
11376000 0.780525
11377000 0.780526
11378000 0.780522
11379000 0.780542
11380000 0.780552
11381000 0.780562
11382000 0.780569
11383000 0.780591
11384000 0.780598
11385000 0.780595
11386000 0.780591
11387000 0.780599
11388000 0.780605
11389000 0.780608
11390000 0.780613
11391000 0.780611
11392000 0.780617
11393000 0.780611
11394000 0.780597
11395000 0.780593
11396000 0.780571
11397000 0.780559
11398000 0.780567
11399000 0.780576
11400000 0.780584
11401000 0.780581
11402000 0.780582
11403000 0.780591
11404000 0.780594
11405000 0.780593
11406000 0.780597
11407000 0.780617
11408000 0.780623
11409000 0.780637
11410000 0.780643
11411000 0.780641
11412000 0.78064
11413000 0.780653
11414000 0.780666
11415000 0.780675
11416000 0.780692
11417000 0.780696
11418000 0.780706
11419000 0.780719
11420000 0.780748
11421000 0.78076
11422000 0.780775
11423000 0.780785
11424000 0.780794
11425000 0.78079
11426000 0.780799
11427000 0.780807
11428000 0.780821
11429000 0.780829
11430000 0.780837
11431000 0.780846
11432000 0.780851
11433000 0.78086
11434000 0.780872
11435000 0.780884
11436000 0.780891
11437000 0.780897
11438000 0.780904
11439000 0.780911
11440000 0.780917
11441000 0.780927
11442000 0.780933
11443000 0.780933
11444000 0.780921
11445000 0.78092
11446000 0.78092
11447000 0.780918
11448000 0.780923
11449000 0.780927
11450000 0.780935
11451000 0.780946
11452000 0.780938
11453000 0.780945
11454000 0.780951
11455000 0.780953
11456000 0.780961
11457000 0.780973
11458000 0.780976
11459000 0.780989
11460000 0.780979
11461000 0.780973
11462000 0.780972
11463000 0.780973
11464000 0.780983
11465000 0.780996
11466000 0.781005
11467000 0.781023
11468000 0.781027
11469000 0.781033
11470000 0.781032
11471000 0.78104
11472000 0.781045
11473000 0.78105
11474000 0.781062
11475000 0.781064
11476000 0.781072
11477000 0.781078
11478000 0.781075
11479000 0.781079
11480000 0.781078
11481000 0.781082
11482000 0.781097
11483000 0.78111
11484000 0.781116
11485000 0.781119
11486000 0.781123
11487000 0.781125
11488000 0.781131
11489000 0.781132
11490000 0.78113
11491000 0.781137
11492000 0.78114
11493000 0.781141
11494000 0.781156
11495000 0.781162
11496000 0.781167
11497000 0.781171
11498000 0.781172
11499000 0.78118
11500000 0.781188
11501000 0.781189
11502000 0.781194
11503000 0.781206
11504000 0.781226
11505000 0.781237
11506000 0.781252
11507000 0.781267
11508000 0.781267
11509000 0.781263
11510000 0.78127
11511000 0.78127
11512000 0.781284
11513000 0.781285
11514000 0.781282
11515000 0.781296
11516000 0.781306
11517000 0.781314
11518000 0.781329
11519000 0.781334
11520000 0.781335
11521000 0.781341
11522000 0.78134
11523000 0.781329
11524000 0.781331
11525000 0.78134
11526000 0.781348
11527000 0.781351
11528000 0.781355
11529000 0.781358
11530000 0.78136
11531000 0.781347
11532000 0.781339
11533000 0.781335
11534000 0.781327
11535000 0.78132
11536000 0.781302
11537000 0.7813
11538000 0.781305
11539000 0.781314
11540000 0.781329
11541000 0.78134
11542000 0.781354
11543000 0.78137
11544000 0.781385
11545000 0.781401
11546000 0.781415
11547000 0.781428
11548000 0.78144
11549000 0.781438
11550000 0.781444
11551000 0.781455
11552000 0.781457
11553000 0.781458
11554000 0.781453
11555000 0.781452
11556000 0.781458
11557000 0.781463
11558000 0.781465
11559000 0.78147
11560000 0.781479
11561000 0.781475
11562000 0.781465
11563000 0.78147
11564000 0.781461
11565000 0.781461
11566000 0.781464
11567000 0.781469
11568000 0.781469
11569000 0.781465
11570000 0.781463
11571000 0.781464
11572000 0.781461
11573000 0.781457
11574000 0.781466
11575000 0.78147
11576000 0.781462
11577000 0.781464
11578000 0.781466
11579000 0.781473
11580000 0.781482
11581000 0.781487
11582000 0.781497
11583000 0.781499
11584000 0.781502
11585000 0.781495
11586000 0.781488
11587000 0.781473
11588000 0.781466
11589000 0.781453
11590000 0.781443
11591000 0.781435
11592000 0.781433
11593000 0.781438
11594000 0.781433
11595000 0.781433
11596000 0.781434
11597000 0.781436
11598000 0.781435
11599000 0.781426
11600000 0.781428
11601000 0.781432
11602000 0.781436
11603000 0.781435
11604000 0.781432
11605000 0.781428
11606000 0.781419
11607000 0.781412
11608000 0.781412
11609000 0.781418
11610000 0.781421
11611000 0.781407
11612000 0.781393
11613000 0.781382
11614000 0.781381
11615000 0.781375
11616000 0.781372
11617000 0.781375
11618000 0.781375
11619000 0.781375
11620000 0.781376
11621000 0.781376
11622000 0.781374
11623000 0.781374
11624000 0.781371
11625000 0.781366
11626000 0.78137
11627000 0.781364
11628000 0.781365
11629000 0.781369
11630000 0.781371
11631000 0.781377
11632000 0.781383
11633000 0.781376
11634000 0.781376
11635000 0.781376
11636000 0.781372
11637000 0.781371
11638000 0.781368
11639000 0.781366
11640000 0.78136
11641000 0.781364
11642000 0.781356
11643000 0.781349
11644000 0.781343
11645000 0.781339
11646000 0.781347
11647000 0.781351
11648000 0.781352
11649000 0.781356
11650000 0.781363
11651000 0.781362
11652000 0.781364
11653000 0.78136
11654000 0.781349
11655000 0.781351
11656000 0.781355
11657000 0.78135
11658000 0.781357
11659000 0.781361
11660000 0.781363
11661000 0.781365
11662000 0.781366
11663000 0.781367
11664000 0.781371
11665000 0.781374
11666000 0.781377
11667000 0.781381
11668000 0.781386
11669000 0.781381
11670000 0.781375
11671000 0.781378
11672000 0.781374
11673000 0.781365
11674000 0.781365
11675000 0.781371
11676000 0.781378
11677000 0.781383
11678000 0.781383
11679000 0.781379
11680000 0.781377
11681000 0.781382
11682000 0.781387
11683000 0.781389
11684000 0.78138
11685000 0.78137
11686000 0.781369
11687000 0.781364
11688000 0.781356
11689000 0.781345
11690000 0.781344
11691000 0.78134
11692000 0.781337
11693000 0.781335
11694000 0.781331
11695000 0.781329
11696000 0.78133
11697000 0.781327
11698000 0.78132
11699000 0.781313
11700000 0.781315
11701000 0.781315
11702000 0.78132
11703000 0.781323
11704000 0.781328
11705000 0.781332
11706000 0.78133
11707000 0.781333
11708000 0.781328
11709000 0.781323
11710000 0.781324
11711000 0.781323
11712000 0.781326
11713000 0.781326
11714000 0.781332
11715000 0.781327
11716000 0.781327
11717000 0.781327
11718000 0.78133
11719000 0.78133
11720000 0.78132
11721000 0.781316
11722000 0.781314
11723000 0.781315
11724000 0.781311
11725000 0.781309
11726000 0.781303
11727000 0.781293
11728000 0.781285
11729000 0.781277
11730000 0.781275
11731000 0.781276
11732000 0.781274
11733000 0.781264
11734000 0.781253
11735000 0.781239
11736000 0.781232
11737000 0.78123
11738000 0.781224
11739000 0.781213
11740000 0.781205
11741000 0.781201
11742000 0.781202
11743000 0.781205
11744000 0.781202
11745000 0.781194
11746000 0.781173
11747000 0.781172
11748000 0.781169
11749000 0.781163
11750000 0.781158
11751000 0.781155
11752000 0.781156
11753000 0.781158
11754000 0.781158
11755000 0.781158
11756000 0.78116
11757000 0.781164
11758000 0.781169
11759000 0.78117
11760000 0.781176
11761000 0.781182
11762000 0.781185
11763000 0.781192
11764000 0.781189
11765000 0.781183
11766000 0.781185
11767000 0.781187
11768000 0.781179
11769000 0.781175
11770000 0.781171
11771000 0.781168
11772000 0.781165
11773000 0.78117
11774000 0.781165
11775000 0.781164
11776000 0.781167
11777000 0.781164
11778000 0.781163
11779000 0.781161
11780000 0.781154
11781000 0.781153
11782000 0.781154
11783000 0.781153
11784000 0.781151
11785000 0.781155
11786000 0.78116
11787000 0.781162
11788000 0.781159
11789000 0.781152
11790000 0.781151
11791000 0.781155
11792000 0.781152
11793000 0.781152
11794000 0.78115
11795000 0.781151
11796000 0.78115
11797000 0.781152
11798000 0.781154
11799000 0.781151
11800000 0.781155
11801000 0.781155
11802000 0.781152
11803000 0.781156
11804000 0.78116
11805000 0.781161
11806000 0.781159
11807000 0.781158
11808000 0.781158
11809000 0.781152
11810000 0.781148
11811000 0.781145
11812000 0.781143
11813000 0.781138
11814000 0.78114
11815000 0.781139
11816000 0.781142
11817000 0.78115
11818000 0.781152
11819000 0.781155
11820000 0.78116
11821000 0.78116
11822000 0.781154
11823000 0.78115
11824000 0.781155
11825000 0.781153
11826000 0.781166
11827000 0.781173
11828000 0.781179
11829000 0.781188
11830000 0.781193
11831000 0.781195
11832000 0.781197
11833000 0.781195
11834000 0.781193
11835000 0.781196
11836000 0.781195
11837000 0.781194
11838000 0.781193
11839000 0.781194
11840000 0.781191
11841000 0.781184
11842000 0.781182
11843000 0.781179
11844000 0.781183
11845000 0.781189
11846000 0.781191
11847000 0.781199
11848000 0.781201
11849000 0.781201
11850000 0.781205
11851000 0.78121
11852000 0.781212
11853000 0.781215
11854000 0.781215
11855000 0.781223
11856000 0.781231
11857000 0.781235
11858000 0.781247
11859000 0.781258
11860000 0.781265
11861000 0.781274
11862000 0.781277
11863000 0.781272
11864000 0.78127
11865000 0.781273
11866000 0.781279
11867000 0.781279
11868000 0.78128
11869000 0.781287
11870000 0.781289
11871000 0.781298
11872000 0.781308
11873000 0.781319
11874000 0.781327
11875000 0.78133
11876000 0.781339
11877000 0.781349
11878000 0.781353
11879000 0.78136
11880000 0.781371
11881000 0.781371
11882000 0.781377
11883000 0.781384
11884000 0.781385
11885000 0.781389
11886000 0.781393
11887000 0.781395
11888000 0.781401
11889000 0.781406
11890000 0.781416
11891000 0.78142
11892000 0.781422
11893000 0.781429
11894000 0.781435
11895000 0.78144
11896000 0.78145
11897000 0.78146
11898000 0.781463
11899000 0.781466
11900000 0.781473
11901000 0.781481
11902000 0.781496
11903000 0.781512
11904000 0.781525
11905000 0.781537
11906000 0.781551
11907000 0.781564
11908000 0.781577
11909000 0.781588
11910000 0.781599
11911000 0.781604
11912000 0.781612
11913000 0.781617
11914000 0.78162
11915000 0.781626
11916000 0.781632
11917000 0.781643
11918000 0.78165
11919000 0.781659
11920000 0.781666
11921000 0.78167
11922000 0.781679
11923000 0.781681
11924000 0.781683
11925000 0.781685
11926000 0.781685
11927000 0.781683
11928000 0.781684
11929000 0.781685
11930000 0.781685
11931000 0.781681
11932000 0.781677
11933000 0.781674
11934000 0.781671
11935000 0.781668
11936000 0.781659
11937000 0.781656
11938000 0.781649
11939000 0.781645
11940000 0.78164
11941000 0.781634
11942000 0.781629
11943000 0.781623
11944000 0.781621
11945000 0.781618
11946000 0.78162
11947000 0.781619
11948000 0.781626
11949000 0.781624
11950000 0.781621
11951000 0.781615
11952000 0.781612
11953000 0.781603
11954000 0.781601
11955000 0.781599
11956000 0.781601
11957000 0.781598
11958000 0.781599
11959000 0.781601
11960000 0.781607
11961000 0.781609
11962000 0.781613
11963000 0.781621
11964000 0.781629
11965000 0.78163
11966000 0.781635
11967000 0.781634
11968000 0.781636
11969000 0.781636
11970000 0.781637
11971000 0.781638
11972000 0.781638
11973000 0.781647
11974000 0.781653
11975000 0.781653
11976000 0.781657
11977000 0.781656
11978000 0.781653
11979000 0.781654
11980000 0.781658
11981000 0.78166
11982000 0.781656
11983000 0.781651
11984000 0.781649
11985000 0.781647
11986000 0.781645
11987000 0.781646
11988000 0.781644
11989000 0.781642
11990000 0.781641
11991000 0.781642
11992000 0.781642
11993000 0.781645
11994000 0.78165
11995000 0.781654
11996000 0.781659
11997000 0.781659
11998000 0.781664
11999000 0.781667
12000000 0.781673
12001000 0.781675
12002000 0.781677
12003000 0.781679
12004000 0.781681
12005000 0.781683
12006000 0.781685
12007000 0.781687
12008000 0.781689
12009000 0.781691
12010000 0.781693
12011000 0.781695
12012000 0.781697
12013000 0.781699
12014000 0.781701
12015000 0.781703
12016000 0.781705
12017000 0.781707
12018000 0.781709
12019000 0.781711
12020000 0.781713
12021000 0.781714
12022000 0.781716
12023000 0.781718
12024000 0.78172
12025000 0.781722
12026000 0.781724
12027000 0.781726
12028000 0.781728
12029000 0.78173
12030000 0.781732
12031000 0.781733
12032000 0.781735
12033000 0.781737
12034000 0.781739
12035000 0.781741
12036000 0.781743
12037000 0.781745
12038000 0.781746
12039000 0.781748
12040000 0.78175
12041000 0.781752
12042000 0.781754
12043000 0.781755
12044000 0.781757
12045000 0.781759
12046000 0.781761
12047000 0.781763
12048000 0.781764
12049000 0.781766
12050000 0.781768
12051000 0.78177
12052000 0.781771
12053000 0.781773
12054000 0.781775
12055000 0.781777
12056000 0.781778
12057000 0.78178
12058000 0.781782
12059000 0.781784
12060000 0.781785
12061000 0.781787
12062000 0.781789
12063000 0.78179
12064000 0.781792
12065000 0.781794
12066000 0.781795
12067000 0.781797
12068000 0.781799
12069000 0.7818
12070000 0.781802
12071000 0.781804
12072000 0.781805
12073000 0.781807
12074000 0.781809
12075000 0.78181
12076000 0.781812
12077000 0.781814
12078000 0.781815
12079000 0.781817
12080000 0.781819
12081000 0.78182
12082000 0.781822
12083000 0.781823
12084000 0.781825
12085000 0.781827
12086000 0.781828
12087000 0.78183
12088000 0.781831
12089000 0.781833
12090000 0.781834
12091000 0.781836
12092000 0.781837
12093000 0.781839
12094000 0.781841
12095000 0.781842
12096000 0.781844
12097000 0.781845
12098000 0.781847
12099000 0.781848
12100000 0.78185
12101000 0.781851
12102000 0.781853
12103000 0.781854
12104000 0.781856
12105000 0.781857
12106000 0.781859
12107000 0.78186
12108000 0.781862
12109000 0.781863
12110000 0.781865
12111000 0.781866
12112000 0.781868
12113000 0.781869
12114000 0.781871
12115000 0.781872
12116000 0.781873
12117000 0.781875
12118000 0.781876
12119000 0.781878
12120000 0.781879
12121000 0.781881
12122000 0.781882
12123000 0.781883
12124000 0.781885
12125000 0.781886
12126000 0.781888
12127000 0.781889
12128000 0.78189
12129000 0.781892
12130000 0.781893
12131000 0.781895
12132000 0.781896
12133000 0.781897
12134000 0.781899
12135000 0.7819
12136000 0.781901
12137000 0.781903
12138000 0.781904
12139000 0.781905
12140000 0.781907
12141000 0.781908
12142000 0.781909
12143000 0.781911
12144000 0.781912
12145000 0.781913
12146000 0.781915
12147000 0.781916
12148000 0.781917
12149000 0.781919
12150000 0.78192
12151000 0.781921
12152000 0.781923
12153000 0.781924
12154000 0.781925
12155000 0.781926
12156000 0.781928
12157000 0.781929
12158000 0.78193
12159000 0.781932
12160000 0.781933
12161000 0.781934
12162000 0.781935
12163000 0.781937
12164000 0.781938
12165000 0.781939
12166000 0.78194
12167000 0.781942
12168000 0.781943
12169000 0.781944
12170000 0.781945
12171000 0.781946
12172000 0.781948
12173000 0.781949
12174000 0.78195
12175000 0.781951
12176000 0.781952
12177000 0.781954
12178000 0.781955
12179000 0.781956
12180000 0.781957
12181000 0.781958
12182000 0.78196
12183000 0.781961
12184000 0.781962
12185000 0.781963
12186000 0.781964
12187000 0.781965
12188000 0.781967
12189000 0.781968
12190000 0.781969
12191000 0.78197
12192000 0.781971
12193000 0.781972
12194000 0.781973
12195000 0.781975
12196000 0.781976
12197000 0.781977
12198000 0.781978
12199000 0.781979
12200000 0.78198
12201000 0.781981
12202000 0.781982
12203000 0.781983
12204000 0.781985
12205000 0.781986
12206000 0.781987
12207000 0.781988
12208000 0.781989
12209000 0.78199
12210000 0.781991
12211000 0.781992
12212000 0.781993
12213000 0.781994
12214000 0.781995
12215000 0.781996
12216000 0.781997
12217000 0.781998
12218000 0.782
12219000 0.782001
12220000 0.782002
12221000 0.782003
12222000 0.782004
12223000 0.782005
12224000 0.782006
12225000 0.782007
12226000 0.782008
12227000 0.782009
12228000 0.78201
12229000 0.782011
12230000 0.782012
12231000 0.782013
12232000 0.782014
12233000 0.782015
12234000 0.782016
12235000 0.782017
12236000 0.782018
12237000 0.782019
12238000 0.78202
12239000 0.782021
12240000 0.782022
12241000 0.782023
12242000 0.782024
12243000 0.782025
12244000 0.782026
12245000 0.782027
12246000 0.782028
12247000 0.782028
12248000 0.782029
12249000 0.78203
12250000 0.782031
12251000 0.782032
12252000 0.782033
12253000 0.782034
12254000 0.782035
12255000 0.782036
12256000 0.782037
12257000 0.782038
12258000 0.782039
12259000 0.78204
12260000 0.782041
12261000 0.782041
12262000 0.782042
12263000 0.782043
12264000 0.782044
12265000 0.782045
12266000 0.782046
12267000 0.782047
12268000 0.782048
12269000 0.782049
12270000 0.78205
12271000 0.78205
12272000 0.782051
12273000 0.782052
12274000 0.782053
12275000 0.782054
12276000 0.782055
12277000 0.782056
12278000 0.782056
12279000 0.782057
12280000 0.782058
12281000 0.782059
12282000 0.78206
12283000 0.782061
12284000 0.782062
12285000 0.782062
12286000 0.782063
12287000 0.782064
12288000 0.782065
12289000 0.782066
12290000 0.782067
12291000 0.782067
12292000 0.782068
12293000 0.782069
12294000 0.78207
12295000 0.782071
12296000 0.782071
12297000 0.782072
12298000 0.782073
12299000 0.782074
12300000 0.782075
12301000 0.782075
12302000 0.782076
12303000 0.782077
12304000 0.782078
12305000 0.782079
12306000 0.782079
12307000 0.78208
12308000 0.782081
12309000 0.782082
12310000 0.782082
12311000 0.782083
12312000 0.782084
12313000 0.782085
12314000 0.782085
12315000 0.782086
12316000 0.782087
12317000 0.782088
12318000 0.782088
12319000 0.782089
12320000 0.78209
12321000 0.782091
12322000 0.782091
12323000 0.782092
12324000 0.782093
12325000 0.782094
12326000 0.782094
12327000 0.782095
12328000 0.782096
12329000 0.782097
12330000 0.782097
12331000 0.782098
12332000 0.782099
12333000 0.782099
12334000 0.7821
12335000 0.782101
12336000 0.782101
12337000 0.782102
12338000 0.782103
12339000 0.782104
12340000 0.782104
12341000 0.782105
12342000 0.782106
12343000 0.782106
12344000 0.782107
12345000 0.782108
12346000 0.782108
12347000 0.782109
12348000 0.78211
12349000 0.78211
12350000 0.782111
12351000 0.782112
12352000 0.782112
12353000 0.782113
12354000 0.782114
12355000 0.782114
12356000 0.782115
12357000 0.782116
12358000 0.782116
12359000 0.782117
12360000 0.782117
12361000 0.782118
12362000 0.782119
12363000 0.782119
12364000 0.78212
12365000 0.782121
12366000 0.782121
12367000 0.782122
12368000 0.782122
12369000 0.782123
12370000 0.782124
12371000 0.782124
12372000 0.782125
12373000 0.782126
12374000 0.782126
12375000 0.782127
12376000 0.782127
12377000 0.782128
12378000 0.782129
12379000 0.782129
12380000 0.78213
12381000 0.78213
12382000 0.782131
12383000 0.782131
12384000 0.782132
12385000 0.782133
12386000 0.782133
12387000 0.782134
12388000 0.782134
12389000 0.782135
12390000 0.782135
12391000 0.782136
12392000 0.782137
12393000 0.782137
12394000 0.782138
12395000 0.782138
12396000 0.782139
12397000 0.782139
12398000 0.78214
12399000 0.78214
12400000 0.782141
12401000 0.782142
12402000 0.782142
12403000 0.782143
12404000 0.782143
12405000 0.782144
12406000 0.782144
12407000 0.782145
12408000 0.782145
12409000 0.782146
12410000 0.782146
12411000 0.782147
12412000 0.782147
12413000 0.782148
12414000 0.782148
12415000 0.782149
12416000 0.782149
12417000 0.78215
12418000 0.78215
12419000 0.782151
12420000 0.782151
12421000 0.782152
12422000 0.782152
12423000 0.782153
12424000 0.782153
12425000 0.782154
12426000 0.782154
12427000 0.782155
12428000 0.782155
12429000 0.782156
12430000 0.782156
12431000 0.782157
12432000 0.782157
12433000 0.782158
12434000 0.782158
12435000 0.782159
12436000 0.782159
12437000 0.78216
12438000 0.78216
12439000 0.782161
12440000 0.782161
12441000 0.782161
12442000 0.782162
12443000 0.782162
12444000 0.782163
12445000 0.782163
12446000 0.782164
12447000 0.782164
12448000 0.782165
12449000 0.782165
12450000 0.782165
12451000 0.782166
12452000 0.782166
12453000 0.782167
12454000 0.782167
12455000 0.782168
12456000 0.782168
12457000 0.782168
12458000 0.782169
12459000 0.782169
12460000 0.78217
12461000 0.78217
12462000 0.782171
12463000 0.782171
12464000 0.782171
12465000 0.782172
12466000 0.782172
12467000 0.782173
12468000 0.782173
12469000 0.782173
12470000 0.782174
12471000 0.782174
12472000 0.782175
12473000 0.782175
12474000 0.782175
12475000 0.782176
12476000 0.782176
12477000 0.782177
12478000 0.782177
12479000 0.782177
12480000 0.782178
12481000 0.782178
12482000 0.782178
12483000 0.782179
12484000 0.782179
12485000 0.78218
12486000 0.78218
12487000 0.78218
12488000 0.782181
12489000 0.782181
12490000 0.782181
12491000 0.782182
12492000 0.782182
12493000 0.782182
12494000 0.782183
12495000 0.782183
12496000 0.782183
12497000 0.782184
12498000 0.782184
12499000 0.782185
12500000 0.782185
12501000 0.782185
12502000 0.782186
12503000 0.782186
12504000 0.782186
12505000 0.782187
12506000 0.782187
12507000 0.782187
12508000 0.782188
12509000 0.782188
12510000 0.782188
12511000 0.782188
12512000 0.782189
12513000 0.782189
12514000 0.782189
12515000 0.78219
12516000 0.78219
12517000 0.78219
12518000 0.782191
12519000 0.782191
12520000 0.782191
12521000 0.782192
12522000 0.782192
12523000 0.782192
12524000 0.782193
12525000 0.782193
12526000 0.782193
12527000 0.782193
12528000 0.782194
12529000 0.782194
12530000 0.782194
12531000 0.782195
12532000 0.782195
12533000 0.782195
12534000 0.782195
12535000 0.782196
12536000 0.782196
12537000 0.782196
12538000 0.782197
12539000 0.782197
12540000 0.782197
12541000 0.782197
12542000 0.782198
12543000 0.782198
12544000 0.782198
12545000 0.782198
12546000 0.782199
12547000 0.782199
12548000 0.782199
12549000 0.782199
12550000 0.7822
12551000 0.7822
12552000 0.7822
12553000 0.7822
12554000 0.782201
12555000 0.782201
12556000 0.782201
12557000 0.782201
12558000 0.782202
12559000 0.782202
12560000 0.782202
12561000 0.782202
12562000 0.782203
12563000 0.782203
12564000 0.782203
12565000 0.782203
12566000 0.782204
12567000 0.782204
12568000 0.782204
12569000 0.782204
12570000 0.782204
12571000 0.782205
12572000 0.782205
12573000 0.782205
12574000 0.782205
12575000 0.782206
12576000 0.782206
12577000 0.782206
12578000 0.782206
12579000 0.782206
12580000 0.782207
12581000 0.782207
12582000 0.782207
12583000 0.782207
12584000 0.782207
12585000 0.782208
12586000 0.782208
12587000 0.782208
12588000 0.782208
12589000 0.782208
12590000 0.782209
12591000 0.782209
12592000 0.782209
12593000 0.782209
12594000 0.782209
12595000 0.78221
12596000 0.78221
12597000 0.78221
12598000 0.78221
12599000 0.78221
12600000 0.78221
12601000 0.782211
12602000 0.782211
12603000 0.782211
12604000 0.782211
12605000 0.782211
12606000 0.782211
12607000 0.782212
12608000 0.782212
12609000 0.782212
12610000 0.782212
12611000 0.782212
12612000 0.782212
12613000 0.782213
12614000 0.782213
12615000 0.782213
12616000 0.782213
12617000 0.782213
12618000 0.782213
12619000 0.782213
12620000 0.782214
12621000 0.782214
12622000 0.782214
12623000 0.782214
12624000 0.782214
12625000 0.782214
12626000 0.782214
12627000 0.782215
12628000 0.782215
12629000 0.782215
12630000 0.782215
12631000 0.782215
12632000 0.782215
12633000 0.782215
12634000 0.782216
12635000 0.782216
12636000 0.782216
12637000 0.782216
12638000 0.782216
12639000 0.782216
12640000 0.782216
12641000 0.782216
12642000 0.782217
12643000 0.782217
12644000 0.782217
12645000 0.782217
12646000 0.782217
12647000 0.782217
12648000 0.782217
12649000 0.782217
12650000 0.782217
12651000 0.782217
12652000 0.782218
12653000 0.782218
12654000 0.782218
12655000 0.782218
12656000 0.782218
12657000 0.782218
12658000 0.782218
12659000 0.782218
12660000 0.782218
12661000 0.782218
12662000 0.782219
12663000 0.782219
12664000 0.782219
12665000 0.782219
12666000 0.782219
12667000 0.782219
12668000 0.782219
12669000 0.782219
12670000 0.782219
12671000 0.782219
12672000 0.782219
12673000 0.782219
12674000 0.782219
12675000 0.78222
12676000 0.78222
12677000 0.78222
12678000 0.78222
12679000 0.78222
12680000 0.78222
12681000 0.78222
12682000 0.78222
12683000 0.78222
12684000 0.78222
12685000 0.78222
12686000 0.78222
12687000 0.78222
12688000 0.78222
12689000 0.78222
12690000 0.78222
12691000 0.782221
12692000 0.782221
12693000 0.782221
12694000 0.782221
12695000 0.782221
12696000 0.782221
12697000 0.782221
12698000 0.782221
12699000 0.782221
12700000 0.782221
12701000 0.782221
12702000 0.782221
12703000 0.782221
12704000 0.782221
12705000 0.782221
12706000 0.782221
12707000 0.782221
12708000 0.782221
12709000 0.782221
12710000 0.782221
12711000 0.782221
12712000 0.782221
12713000 0.782221
12714000 0.782221
12715000 0.782221
12716000 0.782221
12717000 0.782221
12718000 0.782221
12719000 0.782221
12720000 0.782221
12721000 0.782221
12722000 0.782221
12723000 0.782221
12724000 0.782222
12725000 0.782222
12726000 0.782222
12727000 0.782222
12728000 0.782222
12729000 0.782222
12730000 0.782222
12731000 0.782222
12732000 0.782222
12733000 0.782222
12734000 0.782222
12735000 0.782222
12736000 0.782222
12737000 0.782222
12738000 0.782222
12739000 0.782222
12740000 0.782221
12741000 0.782221
12742000 0.782221
12743000 0.782221
12744000 0.782221
12745000 0.782221
12746000 0.782221
12747000 0.782221
12748000 0.782221
12749000 0.782221
12750000 0.782221
12751000 0.782221
12752000 0.782221
12753000 0.782221
12754000 0.782221
12755000 0.782221
12756000 0.782221
12757000 0.782221
12758000 0.782221
12759000 0.782221
12760000 0.782221
12761000 0.782221
12762000 0.782221
12763000 0.782221
12764000 0.782221
12765000 0.782221
12766000 0.782221
12767000 0.782221
12768000 0.782221
12769000 0.782221
12770000 0.782221
12771000 0.782221
12772000 0.782221
12773000 0.782221
12774000 0.782221
12775000 0.78222
12776000 0.78222
12777000 0.78222
12778000 0.78222
12779000 0.78222
12780000 0.78222
12781000 0.78222
12782000 0.78222
12783000 0.78222
12784000 0.78222
12785000 0.78222
12786000 0.78222
12787000 0.78222
12788000 0.78222
12789000 0.78222
12790000 0.78222
12791000 0.78222
12792000 0.782219
12793000 0.782219
12794000 0.782219
12795000 0.782219
12796000 0.782219
12797000 0.782219
12798000 0.782219
12799000 0.782219
12800000 0.782219
12801000 0.782219
12802000 0.782219
12803000 0.782219
12804000 0.782219
12805000 0.782219
12806000 0.782218
12807000 0.782218
12808000 0.782218
12809000 0.782218
12810000 0.782218
12811000 0.782218
12812000 0.782218
12813000 0.782218
12814000 0.782218
12815000 0.782218
12816000 0.782218
12817000 0.782217
12818000 0.782217
12819000 0.782217
12820000 0.782217
12821000 0.782217
12822000 0.782217
12823000 0.782217
12824000 0.782217
12825000 0.782217
12826000 0.782217
12827000 0.782216
12828000 0.782216
12829000 0.782216
12830000 0.782216
12831000 0.782216
12832000 0.782216
12833000 0.782216
12834000 0.782216
12835000 0.782216
12836000 0.782215
12837000 0.782215
12838000 0.782215
12839000 0.782215
12840000 0.782215
12841000 0.782215
12842000 0.782215
12843000 0.782215
12844000 0.782215
12845000 0.782214
12846000 0.782214
12847000 0.782214
12848000 0.782214
12849000 0.782214
12850000 0.782214
12851000 0.782214
12852000 0.782214
12853000 0.782213
12854000 0.782213
12855000 0.782213
12856000 0.782213
12857000 0.782213
12858000 0.782213
12859000 0.782213
12860000 0.782213
12861000 0.782212
12862000 0.782212
12863000 0.782212
12864000 0.782212
12865000 0.782212
12866000 0.782212
12867000 0.782212
12868000 0.782211
12869000 0.782211
12870000 0.782211
12871000 0.782211
12872000 0.782211
12873000 0.782211
12874000 0.782211
12875000 0.78221
12876000 0.78221
12877000 0.78221
12878000 0.78221
12879000 0.78221
12880000 0.78221
12881000 0.782209
12882000 0.782209
12883000 0.782209
12884000 0.782209
12885000 0.782209
12886000 0.782209
12887000 0.782208
12888000 0.782208
12889000 0.782208
12890000 0.782208
12891000 0.782208
12892000 0.782208
12893000 0.782208
12894000 0.782207
12895000 0.782207
12896000 0.782207
12897000 0.782207
12898000 0.782207
12899000 0.782206
12900000 0.782206
12901000 0.782206
12902000 0.782206
12903000 0.782206
12904000 0.782206
12905000 0.782205
12906000 0.782205
12907000 0.782205
12908000 0.782205
12909000 0.782205
12910000 0.782205
12911000 0.782204
12912000 0.782204
12913000 0.782204
12914000 0.782204
12915000 0.782204
12916000 0.782203
12917000 0.782203
12918000 0.782203
12919000 0.782203
12920000 0.782203
12921000 0.782202
12922000 0.782202
12923000 0.782202
12924000 0.782202
12925000 0.782202
12926000 0.782202
12927000 0.782201
12928000 0.782201
12929000 0.782201
12930000 0.782201
12931000 0.782201
12932000 0.7822
12933000 0.7822
12934000 0.7822
12935000 0.7822
12936000 0.7822
12937000 0.782199
12938000 0.782199
12939000 0.782199
12940000 0.782199
12941000 0.782198
12942000 0.782198
12943000 0.782198
12944000 0.782198
12945000 0.782198
12946000 0.782197
12947000 0.782197
12948000 0.782197
12949000 0.782197
12950000 0.782197
12951000 0.782196
12952000 0.782196
12953000 0.782196
12954000 0.782196
12955000 0.782195
12956000 0.782195
12957000 0.782195
12958000 0.782195
12959000 0.782195
12960000 0.782194
12961000 0.782194
12962000 0.782194
12963000 0.782194
12964000 0.782193
12965000 0.782193
12966000 0.782193
12967000 0.782193
12968000 0.782193
12969000 0.782192
12970000 0.782192
12971000 0.782192
12972000 0.782192
12973000 0.782191
12974000 0.782191
12975000 0.782191
12976000 0.782191
12977000 0.78219
12978000 0.78219
12979000 0.78219
12980000 0.78219
12981000 0.782189
12982000 0.782189
12983000 0.782189
12984000 0.782189
12985000 0.782189
12986000 0.782188
12987000 0.782188
12988000 0.782188
12989000 0.782188
12990000 0.782187
12991000 0.782187
12992000 0.782187
12993000 0.782187
12994000 0.782186
12995000 0.782186
12996000 0.782186
12997000 0.782186
12998000 0.782185
12999000 0.782185
13000000 0.782185
