1162.6239
1153.8569
1190.7952
1144.2337
1165.9884
1152.8336
1136.4506
1113.2363
1163.212
1116.9893
1134.3307
1116.7132
1123.8071
1155.1539
1117.0311
1147.9128
1133.6292
1187.1972
1179.6786
1168.4498
1149.403
1190.4111
1120.7066
1145.3701
1135.1656
1121.4324
1146.5529
1120.1844
1147.5667
1144.2758
1119.8464
1107.3745
1121.896
1147.5524
1149.6814
1158.9723
1135.7086
1170.5919
1138.0774
1140.4919
1163.2868
1140.7827
1136.5911
1141.7251
1084.8187
1174.6286
1173.075
1096.9602
1119.6285
1110.9529
1146.2293
1135.49
1130.3053
1212.9967
1112.523
1150.8979
1121.6932
1073.6962
1157.4475
1137.2336
1154.5217
1132.3176
1171.1774
1132.2824
1176.181
1196.617
1146.3633
1133.0186
1159.0267
1138.2058
1168.9831
1112.6023
1111.1005
1164.6224
1120.0256
1157.9718
1186.3482
1150.1958
1142.4958
1157.0989
1092.7739
1186.9069
1095.8877
1111.739
1148.4432
1145.221
1113.0337
1136.9301
1144.7831
1117.3507
1130.0542
1161.4998
1190.3894
1150.8169
1156.1478
1135.4516
1114.7752
1153.4749
1161.6597
1143.8907
1125.9168
1147.955
1150.8667
1132.6844
1181.2005
1138.9058
1165.3704
1083.3175
1174.8223
1105.4681
1171.5036
1131.8802
1131.4941
1130.1173
1140.6155
1205.6414
1186.928
1140.6591
1195.1167
1116.9808
1131.0173
1132.0773
1182.5077
1126.6262
1193.7296
1131.5642
1154.0074
1152.0242
1137.6223
1154.4669
1170.3784
1159.2747
1131.6453
1155.6547
1136.3258
1137.2163
1120.0308
1098.7861
1154.8518
1201.2632
1115.4903
1160.9358
1156.6967
1220.5337
1139.1972
1126.3931
1181.2167
1182.5076
1130.978
1096.209
1126.0767
1172.2636
1162.0845
1149.4822
1137.5018
1128.6139
1120.9422
1154.3871
1128.9815
1181.3262
1147.2731
1129.3792
1184.4369
1156.4519
1138.1848
1099.8436
1167.4663
1150.9057
1166.2324
1144.717
1111.018
1178.9918
1176.9972
1153.1068
1149.4324
1147.6192
1116.0169
1109.3884
1190.8762
1161.9056
1147.7151
1138.1422
1165.3374
1180.5433
1148.3199
1185.7059
1117.0957
1146.1625
1187.0976
1096.5639
1149.0955
1139.2163
1135.5526
1114.4224
1134.9913
1156.9724
1144.0758
1142.826
1158.7311
1151.4847
1142.7388
1142.7411
1133.0642
1152.8101
1134.3536
1151.6172
1165.4522
1156.7348
1133.3607
1143.3921
1144.1236
1173.7385
1108.6553
1139.061
1120.6362
1138.4257
1162.3438
1199.2212
1154.2653
1130.7728
1116.6724
1136.4478
1083.7553
1160.1941
1131.0577
1160.5635
1148.2987
1156.4751
1131.882
1126.666
1183.5029
1176.7956
1122.8911
1127.1148
1150.213
1105.9348
1101.1655
1166.1638
1153.9103
1171.0758
1135.3801
1123.5446
1154.8586
1133.9228
1148.6113
1134.1208
1140.3569
1130.0517
1158.311
1160.6488
1177.0913
1136.007
1105.4879
1127.3549
1146.6592
1139.4166
1142.4325
1144.8438
1112.8582
1155.7861
1158.6363
1142.8278
1127.9154
1096.1298
1117.8561
1140.9718
1103.301
1168.6307
1196.59
1157.4359
1140.6458
1136.9344
1132.9334
1155.7633
1159.6162
1179.5246
1147.4774
1183.9497
1125.0871
1136.2409
1133.7252
1123.3324
1125.6639
1143.2146
1179.8732
1153.686
1099.3064
1181.459
1138.5858
1103.2845
1150.7423
1131.2583
1163.6983
1082.7566
1140.3327
1157.2756
1171.6265
1116.9857
1127.3732
1138.987
1178.3209
1122.7891
1147.1964
1149.6766
1139.8991
1161.8197
1107.0404
1135.1255
1183.2416
1137.3124
1177.7158
1156.8292
1116.1576
1153.2293
1151.0346
1151.6298
1161.9242
1151.2456
1154.7006
1160.869
1173.2081
1162.8586
1142.2309
1187.3037
1146.9426
1189.9204
1156.5972
1157.2668
1091.39
1151.8941
1158.8704
1162.7964
1134.2468
1175.9509
1126.2702
1151.8289
1196.186
1168.2145
1166.7624
1148.3184
1132.7867
1162.8544
1194.3468
1161.3581
1149.7652
1180.5426
1130.0124
1114.5604
1113.7247
1160.8623
1172.7108
1140.503
1095.0659
1124.6311
1207.7866
1182.6078
1164.9356
1130.1211
1071.3221
1209.9149
1150.0687
1150.3863
1114.5998
1148.2649
1133.2309
1151.0207
1148.6348
1174.8438
1127.2759
1163.9061
1110.0643
1163.3342
1121.916
1189.1426
1185.2892
1165.9778
1188.9467
1156.4393
1123.3628
1179.5248
1105.7081
1110.4576
1126.7875
1109.7127
1119.0949
1127.8225
1150.3558
1108.5694
1147.004
1113.0327
1190.5406
1152.6909
1180.129
1107.3895
1139.4897
1138.3348
1136.5232
1171.9038
1138.9106
1233.0413
1143.6524
1171.3594
1171.3598
1133.1441
1155.2313
1120.3928
1120.1191
1183.5414
1150.8204
1130.0555
1154.5471
1131.653
1143.8897
1175.4426
1154.4855
1157.2009
1175.7109
1120.8522
1155.3802
1085.4468
1172.7356
1155.1186
1134.7847
1153.0784
1121.7436
1138.1527
1163.8954
1151.6416
1169.1572
1164.0368
1135.533
1153.9201
1150.2325
1116.8569
1171.5951
1085.4835
1160.1958
1149.6325
1145.0371
1132.4532
1179.7551
1127.2718
1081.8915
1157.45
1150.0446
1145.4636
1187.4564
1166.3599
1160.6462
1116.9712
1144.9216
1122.188
1193.5368
1162.7652
1172.8866
1153.5596
1156.4292
1157.0412
1133.7886
1124.1692
1173.6358
1156.1252
1145.3266
1167.9647
1155.2041
1183.7272
1118.3289
1134.1046
1132.1172
1165.7179
1148.3357
1130.7707
1159.028
1101.7844
1145.7094
1162.4075
1132.4004
1136.8509
1153.2194
1159.6703
1192.2877
1149.5062
1106.7432
1170.4468
1117.4047
1167.8521
1161.5731
1155.7451
1128.8989
1155.9017
1154.6804
1137.3824
1111.6001
1170.206
1148.1899
1095.5473
1146.7153
1154.2952
1156.5537
1152.4415
1128.5507
1111.359
1156.937
1160.6798
1143.3517
1152.1315
1153.264
1115.4394
1124.4257
1171.8183
1144.7301
1139.4508
1103.3699
1140.1047
1170.2288
1165.0165
1155.8291
1088.4726
1160.306
1132.7962
1116.6353
1116.6871
1107.1677
1175.8295
1145.0633
1123.2119
1140.2309
1115.0625
1189.5705
1122.2435
1140.5596
1142.4518
1186.6307
1119.5111
1165.7778
1163.6178
1119.7934
1152.8783
1130.1497
1081.1731
1122.0643
1122.7108
1159.5965
1150.4766
1131.6516
1147.0005
1149.3483
1141.4909
1145.1814
1134.0197
1112.7086
1125.6106
1154.0008
1160.1292
1145.6748
1139.8506
1135.5015
1126.4545
1107.7349
1175.4289
1118.5049
1119.5195
1149.0488
1157.9178
1170.2512
1171.4029
1157.6368
1153.3362
1173.6415
1127.9951
1195.7732
1117.6253
1155.6068
1138.5871
1168.6176
1185.1024
1161.9074
1151.2749
1175.4279
1188.5502
1149.028
1103.947
1134.3424
1089.3649
1128.5198
1085.9683
1145.6325
1144.8828
1124.2757
1135.9484
1130.083
1159.2418
1136.6062
1143.0509
1149.1653
1088.3932
1180.7218
1182.403
1132.6179
1126.9519
1197.2992
1172.0134
1088.5581
1088.5558
1121.5794
1177.6692
1179.141
1143.7531
1129.5601
1148.5896
1137.2402
1143.0141
1199.1668
1146.0271
1139.5394
1123.8059
1155.0852
1134.1367
1154.8372
1163.5684
1159.1998
1122.6039
1139.8984
1139.7563
1157.9767
1109.3901
1133.8009
1144.3501
1168.6219
1128.6428
1147.0467
1162.4719
1169.865
1127.0187
1144.5438
1143.6818
1173.6579
1162.0324
1181.9924
1148.6911
1147.5295
1168.5517
1117.7677
1153.9643
1164.8401
1180.1425
1141.2236
1226.7217
1154.0275
1170.0998
1124.6047
1190.099
1123.3507
1136.6117
1150.8608
1139.862
1122.0468
1134.3914
1158.3748
1133.6126
1131.1926
1125.4241
1165.6955
1190.1951
1168.9227
1132.2613
1174.1395
1145.9069
1106.7702
1191.3582
1164.0089
1174.7087
1141.7145
1146.9516
1143.0099
1121.2604
1132.7135
1126.3053
1158.0114
1079.6766
1123.7874
1161.6182
1118.309
1105.7232
1147.311
1142.0221
1101.1045
1118.7741
1171.5463
1162.3457
1134.0121
1156.2913
1136.5159
1104.9118
1136.4069
1128.8762
1136.0151
1157.4289
1187.7364
1146.6361
1118.0941
1149.0704
1133.1657
1187.417
1155.7299
1118.2099
1136.3615
1130.9456
1116.231
1175.3438
1158.4955
1166.4547
1120.5627
1190.8171
1182.5545
1152.7147
1159.5987
1117.785
1165.1241
1120.9728
1172.2392
1144.5347
1110.0305
1111.7001
1159.4899
1130.1041
1167.789
1117.9205
1126.1567
1143.2115
1145.4321
1170.1018
1130.6984
1231.737
1138.4908
1167.9491
1130.0733
1151.5372
1145.9939
1125.8978
1191.1317
1191.7618
1126.5519
1138.8298
1137.9401
1108.8199
1172.688
1115.632
1125.6971
1148.4698
1129.0944
1193.052
1151.9731
1163.2471
1162.9486
1162.1353
1104.2249
1145.2166
1135.2575
1181.4641
1136.3731
1142.9164
1127.1357
1123.7897
1082.4997
1155.5402
1177.2456
1120.2502
1161.255
1091.9735
1148.6051
1163.7141
1127.7981
1145.0073
1180.9424
1185.9427
1140.3795
1170.668
1170.3478
1182.999
1188.4866
1127.8712
1166.6546
1156.3613
1126.6189
1146.7472
1123.7215
1135.3099
1177.3353
1146.4109
1145.0448
1148.6639
1176.8199
1132.6274
1141.4806
1182.8412
1150.9645
1122.1446
1160.5981
1119.466
1174.6658
1150.6826
1179.1832
1144.9839
1144.985
1143.3241
1102.8057
1164.9497
1141.4102
1148.32
1165.5571
1140.4434
1157.2994
1150.6859
1191.0576
1146.5446
1112.2131
1151.4994
1185.4995
1113.2799
1084.4509
1118.8839
1164.2377
1168.3135
1146.9711
1217.8665
1110.8833
1141.9707
1136.1821
1141.7063
1123.3403
1139.9212
1146.0696
1162.4289
1100.6316
1146.9854
1164.7878
1150.9448
1155.0297
1158.4518
1162.2166
1153.1146
1091.0915
1138.0827
1172.8732
1141.0214
1185.2309
1194.2266
1176.0996
1145.419
1139.2732
1140.5817
1136.7796
1141.0485
1155.5398
1103.4142
1127.1039
1121.0225
1149.1711
1157.7018
1169.1663
1154.5288
1171.9226
1138.5121
1174.1995
1156.0185
1156.7625
1155.1418
1186.9082
1163.0235
1148.7822
1141.4188
1160.0188
1180.839
1129.1694
1144.3488
1178.9126
1125.3272
1161.5609
1150.961
1084.4623
1188.7229
1115.2057
1163.6241
1175.7551
1168.5236
1119.3412
1103.7335
1144.103
1136.6138
1157.6256
1141.7768
1131.7998
1183.8772
1111.4465
1174.0984
1109.366
1119.0462
1122.2825
1144.9526
1156.8873
1142.1327
1129.6144
1154.064
1117.7138
1145.6592
1140.2507
1167.7849
1148.9741
1190.5499
1148.0075
1156.2758
1150.6693
1194.2358
1119.1983
1155.1942
1140.7719
1151.9969
1147.4229
1180.8726
1152.3763
1150.801
1130.9733
1139.0105
1132.2785
1138.9178
1181.9616
1135.0722
1143.7262
1177.837
1146.4453
1179.3989
1146.1065
1146.6213
1129.0955
1178.224
1125.6201
1158.9186
1147.7555
1129.1244
1165.0325
1169.0132
1127.6062
1170.669
1175.7073
1133.4444
1103.4829
1177.5821
1208.8263
1173.8423
1150.7585
1131.4803
1189.0659
1171.2785
1176.1098
1152.0552
1131.537
1125.5905
1178.3959
1141.2104
1107.8266
1155.7452
1137.2305
1105.0381
1171.8261
1149.2751
1129.1465
1109.4251
1135.7059
1167.0649
1127.9285
1149.3545
1165.1398
1174.6976
1102.556
1120.6649
1175.5207
1166.5413
1159.7215
1127.6835
1115.4094
1157.4089
1171.8126
1111.2356
1112.2992
1160.6062
1127.7816
1180.0221
1162.7461
1168.4335
1130.4223
1179.5417
1126.7305
1136.6464
1153.8357
1164.8013
1141.2851
1129.3152
1162.0226
1174.1609
1137.445
1130.3692
1124.6504
1128.2752
