1000000000 10 137.36 1.48751485520126636631
1000000000 20 132.674 1.05461634929984198295
1000000000 30 134.435 .87590953221248234978
1000000000 40 133.044 .75593278496478467302
1000000000 50 132.373 .67074263913902452415
1000000000 60 132.437 .60590890278537438831
1000000000 70 131.98 .56022505829535060658
1000000000 80 131.564 .51816544740659420908
1000000000 90 131.259 .48725035889898635479
1000000000 100 132.003 .46337671379654900487
1000000000 110 132.121 .45802408380768491789
1000000000 120 132.128 .45432083444240111880
1000000000 130 132.188 .45064823798871372210
1000000000 140 132.211 .44703616833949505705
1000000000 150 132.27 .44363382688273833984
1000000000 160 132.25 .44019455523543622397
1000000000 170 132.272 .43686719741343054361
1000000000 180 132.249 .43355568059274163216
1000000000 190 132.189 .43021427584460265997
1000000000 200 132.195 .42681736626949303361
