1056.4249
1066.8387
1090.6798
1092.4301
1062.4119
1069.7729
1073.8873
1089.7517
1049.1364
1004.432
1053.5825
1093.251
1015.7349
1084.0824
1083.2926
1114.988
1079.9872
1069.7493
1093.8267
1083.3467
1083.679
1063.9212
1079.4782
1098.9989
1073.3235
1085.159
1074.2558
1131.017
1055.5725
1084.8192
1054.3584
1106.5086
1066.7895
1060.7802
1042.7058
1076.4528
1120.5818
1097.6836
1068.5064
1070.6509
1099.8975
1084.8658
1066.1497
1023.4345
1081.255
1087.0851
1072.3017
1111.3432
1067.0896
1081.9878
1067.4342
1075.6924
1075.4752
1069.8696
1099.32
1094.9914
1173.0935
1081.2241
1025.2613
1137.5848
1059.7634
1097.2009
1055.3278
1088.8158
1099.4402
1092.8286
1118.8744
1082.7879
1070.1888
1044.7422
1051.119
1046.1296
1108.0687
1086.4949
1092.6994
1074.5802
1071.6736
1089.2219
1089.4072
1032.6358
1073.976
1068.0666
1057.6015
1123.3907
1066.2633
1066.6711
1079.5628
1087.5974
1085.3535
1103.9254
1088.2917
1095.9878
1089.3348
1071.6603
1126.21
1036.9193
1078.3142
1052.5196
1069.9674
1089.4636
1064.8885
1090.7728
1060.8006
1024.0391
1047.447
1020.1606
1068.0564
1062.7438
1094.1464
1071.8552
1038.4854
1036.7124
1030.8634
1035.6979
1066.8832
1054.2607
1044.3933
1041.0649
1066.7718
1080.3408
1125.1568
1066.2045
1083.337
1100.1548
1077.2802
1070.8942
1102.3822
1057.5364
1057.0277
1030.3736
1057.9309
1018.2822
1095.7902
1087.8302
1060.9565
1103.2153
1099.7666
1039.3988
1056.8323
1080.5087
1045.1565
1100.1776
1038.3065
1058.2914
1086.8647
1054.6852
1051.5365
1063.7727
1070.8735
1085.729
1131.1884
1110.1438
1056.1071
1032.9733
1083.1361
1051.9118
1053.2153
1108.6074
1081.7143
1094.4814
1102.6669
1054.5141
1095.6538
1132.5096
1088.2223
1108.1312
1104.733
1055.249
1076.0344
1028.3746
1082.0397
1071.0285
1118.0361
1102.0143
1130.4456
1058.0882
1057.6549
1049.6093
1033.3147
1030.7208
1022.0645
1056.872
1025.4938
1098.6359
1080.6458
1099.3624
1086.1654
1060.2015
1043.4524
1046.4645
1080.4812
1076.733
1077.6563
1073.364
1078.7322
1050.4906
1086.772
1068.0582
1127.499
1081.1539
1134.8503
1134.85
1061.1129
1126.1048
1056.4438
1090.5447
1099.4027
1112.4195
1055.6211
1100.6444
1109.7593
1069.8507
1109.5778
1121.8717
1062.2217
1125.9521
1072.8111
1067.067
1092.9305
1110.7266
1086.3047
1088.2829
1089.3928
1073.999
1048.7347
1040.2577
1062.3968
1094.6242
1066.3957
1100.3642
1060.5142
1094.3597
1123.0843
1095.5759
1050.4266
1080.6428
1074.5282
1101.7283
1110.808
1106.2215
1067.7823
1061.2559
1035.0239
1019.6326
1054.7055
1055.4994
1092.8396
1076.2644
1054.8887
1055.5235
1062.5989
1059.8633
1096.1713
1032.7624
1050.5932
1074.0873
1110.4555
1044.0727
1109.3657
1076.7652
1082.0121
1054.7675
1079.9211
1070.239
1043.5502
1078.1609
1072.3308
1047.0507
1095.7978
1079.1585
1009.8179
1098.5668
1083.4232
1036.1455
1052.3118
1066.7197
1048.1274
1037.9811
1069.0829
1089.8631
1047.4207
1041.3139
1092.4486
1095.2334
1093.2255
1087.051
1129.6712
1080.0255
1055.8124
1082.3428
1033.6313
1093.4625
1090.7255
1076.7669
1055.0846
1069.164
1090.4531
1137.1823
1063.7424
1051.5857
1050.2527
1066.5952
1048.1113
1023.6313
1059.1967
1063.6369
981.26839
1056.2192
1056.2159
1082.3899
1057.8528
1064.6449
1073.9408
1021.1225
1094.5353
1125.665
1039.7146
1095.4052
1114.8849
1092.1995
1083.2004
1092.113
1115.9042
1076.2716
1080.6372
1077.019
1076.6918
1076.4671
1054.4702
1087.4874
1059.653
1046.1578
1074.4317
1068.0942
1104.7729
1058.2305
1021.6604
1078.4647
1046.3978
1091.0483
1108.4044
1103.7366
1028.3263
1037.6197
1061.7408
1080.5972
1074.6001
1092.0741
1020.3055
1068.1787
1084.0691
1094.4163
1123.5473
1055.3604
1047.413
1057.0291
1049.0875
1053.5422
1123.067
1080.3684
1073.8131
1095.6998
1101.2653
1095.0473
1048.6986
1046.7448
1063.3534
1045.96
1110.4865
1062.1656
1133.8447
1058.7833
1039.9679
1071.5407
1042.9393
1100.8792
1088.2357
1062.6017
1024.168
1056.0314
1034.1401
1073.8589
1064.7531
1034.4453
1083.8391
1095.1038
1070.0538
1061.9691
1098.0905
1052.0039
1066.6424
1030.2114
1079.4452
1095.6251
1110.0724
1026.3205
1081.5488
1083.0622
1033.2406
1031.4806
1051.9424
1080.1872
1080.1861
1057.0606
1055.9622
1059.3233
1090.5676
1057.2578
1067.3828
1083.0839
1036.1051
1041.3528
1072.8694
1050.6782
1070.8794
1038.44
1055.3085
1071.7286
1068.0366
1113.3636
1043.1334
1156.853
1025.363
1072.973
1083.2307
1068.3066
1042.962
1070.4134
1075.5089
1080.9427
1086.8307
1099.5449
1088.9465
1075.6821
1037.9142
1057.4472
1039.1859
1055.697
1077.3004
1042.5541
1086.9623
1044.6453
1007.1121
1034.183
1048.6502
1107.6415
1058.1262
1016.86
1008.5056
1067.0947
1033.2188
1028.0728
1099.6386
1097.4485
1063.1508
1080.5212
1105.3651
1030.1681
1095.5319
1131.1263
1080.593
1061.8651
1070.6556
1110.7966
1080.007
1096.9832
1098.0905
1057.6617
1107.1518
1048.9479
1001.8372
1068.0291
1083.6915
1044.9756
1092.4834
1067.6459
1047.191
1041.3121
1118.843
1036.6131
1057.6994
1089.3193
1053.1385
1088.7634
1094.2638
1042.8852
1047.3996
1055.0207
1059.0889
1055.5271
1038.9953
1091.5275
1124.988
1091.0359
1051.8704
1121.2184
1057.8367
1096.5175
1071.1508
1062.3381
1036.3276
1084.7685
1057.9968
1060.3483
1018.9755
1092.9467
1047.7223
1023.1416
1033.5576
1128.0748
1067.0613
1083.906
1098.2293
1082.4298
1120.2364
1077.3208
1021.0305
1043.3448
1083.1791
1074.5802
1120.7009
1062.8452
1084.467
1053.4759
1095.0665
1065.4636
1083.3693
1027.8549
1115.2722
1085.5466
1057.9479
1062.8322
1018.1321
1060.027
1080.0796
1051.7345
1075.9684
1035.9407
1067.5336
1044.5599
1113.8055
1072.8254
1084.2991
1071.4703
1034.1481
1064.8921
1060.6154
1075.7457
1077.6325
1103.9482
1109.8569
1074.8493
1070.404
1094.1989
1074.6717
1073.6242
1035.1641
1101.5698
1067.6316
1085.8666
1066.7057
1086.618
1057.7006
1073.3691
1099.1918
1084.3534
1080.4431
1088.7655
1104.5391
1050.0817
1080.1858
1078.7125
1043.9863
1069.2368
1032.7418
1078.6564
1080.8012
1091.7823
1110.4188
1033.8521
1069.3457
1026.499
1121.5784
1078.704
1057.1494
1087.0935
1089.1708
1061.2892
1055.5027
1048.7021
1017.3943
1116.631
1089.7822
1058.3032
1092.6835
1059.3695
1094.9434
1078.1075
1093.8616
1027.4298
1109.709
1049.8168
1046.879
1046.8788
1013.557
1123.2913
1080.5271
1057.9962
1085.3656
1067.586
1079.7885
1089.688
1070.4726
1084.0437
1116.4439
1061.1645
1138.0989
1094.8223
1051.8509
1055.1214
1103.9966
1036.9648
1039.6358
1105.0807
1065.0082
1048.6234
1061.2577
1101.7442
1052.8571
1107.9336
1085.5439
1065.939
1051.5201
1078.8527
1058.8561
1093.4021
1080.1711
1069.3533
1126.5902
1090.8953
1023.2624
1044.9655
1036.5029
1047.6438
1055.3078
1033.5976
1005.302
1081.6777
1111.1314
1060.4669
1092.4431
1094.226
1090.002
1062.2202
1037.9602
1028.3786
1099.917
1056.3503
1104.3219
1091.06
1065.4532
1102.334
1025.7224
1038.7961
1047.7818
1057.3302
1038.676
1054.2814
1041.9855
1088.0799
1064.1906
1041.5485
1103.3847
1073.5207
1055.5537
1068.155
1062.0651
1096.1509
1104.5296
1087.4483
1074.1853
1078.1739
1029.7415
1077.178
1034.0915
1049.9694
1076.3354
1078.5906
1036.7416
1065.7445
1057.9619
1056.3738
1089.4452
1078.9466
1103.3298
1095.6797
1095.0166
1062.4774
1065.0287
1086.6232
1070.6476
1089.756
1086.0556
1088.6185
1099.7337
1058.7477
1076.5663
1107.88
1077.7542
1045.1981
1035.2123
1090.4251
1041.5576
1083.8322
1098.2696
1064.4639
1023.9229
1096.3696
1029.4279
1060.8944
1052.014
1059.4429
1089.1248
1089.12
1055.5642
1123.1325
1036.5656
1070.1877
1075.1662
1052.0898
1069.5715
1020.3031
1067.2147
1072.9959
1031.7635
1060.7666
1062.2435
1029.415
1069.5428
1018.1147
1054.5141
1077.207
1017.1719
1057.0895
999.74674
1083.6108
1079.8975
1081.0804
1059.0321
1033.903
1071.9403
1059.58
1088.1911
1048.9859
1022.7583
1099.4227
1032.1826
1097.9374
1045.1928
1073.0417
993.2293
1040.1581
1029.6224
1047.4065
1057.412
1080.7222
1049.5501
1033.415
1047.4794
1021.7158
1054.9614
1028.8481
1040.7808
1032.1886
1059.8175
1017.2251
1061.974
1089.8349
1093.5561
1089.1764
1067.9884
1078.7896
1065.7372
1063.5917
1060.1077
1059.9511
1077.1977
1064.5865
1080.7031
1070.8235
1058.7569
1069.0801
1099.4773
1099.8419
1123.8483
1095.1794
1054.774
1102.6343
1081.5273
1087.7057
1077.4928
1087.4496
1022.3217
1036.7282
1036.7284
1037.545
1080.9485
1041.5154
1063.1843
1089.3119
1081.0663
1092.2545
1082.2972
1052.3072
1056.8595
1039.3687
998.89757
984.43843
1053.6388
1053.4506
1092.281
1087.6445
1017.4232
1084.9028
1044.3875
1011.9439
1095.7641
1058.6716
1073.9027
1043.8648
1000.342
1071.7467
1045.0705
1043.5576
1011.1412
1037.6621
1039.5001
1075.9245
1099.084
1113.895
1103.7821
1064.4161
1114.2882
1075.0872
1125.5364
1027.7609
1096.692
1087.3944
1107.5444
1055.1283
1055.6701
1082.3105
1078.6096
1085.5011
1060.3873
1082.3106
1112.4014
1024.7067
1096.6277
1040.2351
1099.4536
1061.8659
1031.1047
1121.3221
1101.9781
991.95621
1066.3399
1044.6039
1064.2384
1032.9592
1049.2559
1084.6971
1083.0165
1069.0004
1103.5523
1095.4558
1109.2381
1147.507
1072.0816
1048.5056
1046.3282
1062.9679
1086.2939
1019.8526
1061.0409
1081.875
1092.0225
1071.131
1074.7099
1083.533
1009.4835
1040.7804
1057.3861
1062.5856
1020.1477
1057.2557
1063.7331
1069.0273
1097.1222
1071.7833
1088.0387
1071.8808
1142.4332
1075.4511
1070.0652
1062.3735
1062.1994
1026.4674
1058.8457
1077.4889
1096.9479
1049.2868
1087.9647
1046.9582
1080.8121
1025.5978
1053.2672
1127.6682
1063.8401
1039.8088
1064.7666
1046.9755
1073.8402
1092.4574
1053.3777
1062.4544
1074.4323
1070.1952
1062.6572
1089.2961
1037.5715
1055.8797
1066.9149
1094.1253
1005.8714
1076.8941
1057.6325
1039.9373
1048.5383
1046.7665
1026.2174
1107.9031
1070.0008
1054.5187
1102.2126
1058.5231
1076.6876
1038.1796
1064.5539
1016.7264
1033.4248
1101.3279
1047.9669
1082.9742
1110.8189
1049.4794
1139.7429
1085.1349
1089.4488
1093.5977
1070.6917
1085.3152
1077.1565
1116.1404
1048.663
1085.7955
1071.7341
1100.4275
1059.3624
1067.818
1025.5676
1046.3143
1027.167
1060.2218
1079.3193
1047.5965
1067.7164
1030.3414
1029.4595
1086.7454
1076.7253
1070.9297
1065.4238
1122.4245
1091.765
1062.5583
1085.3105
1076.3592
1017.2429
1082.0192
1069.6478
1041.2566
1070.6582
1071.4459
1111.0794
1079.918
1093.4891
1078.1974
1082.7911
1048.3062
1085.3158
1090.7353
1079.6086
1089.2192
